<?xml version="1.0" encoding="UTF-8"?>
<testsuite name="org.springframework.aop.framework.ProxyFactoryTests" tests="14" skipped="1" failures="0" errors="0" timestamp="2020-04-15T13:40:59" hostname="PandaroiddeiMac.local" time="6.02">
  <properties/>
  <testcase name="testReplaceAdvisor()" classname="org.springframework.aop.framework.ProxyFactoryTests" time="5.662"/>
  <testcase name="testProxyTargetClassWithInterfaceAsTarget()" classname="org.springframework.aop.framework.ProxyFactoryTests" time="0.019"/>
  <testcase name="testExclusionOfNonPublicInterfaces()" classname="org.springframework.aop.framework.ProxyFactoryTests" time="0.002">
    <skipped/>
  </testcase>
  <testcase name="testInterceptorInclusionMethods()" classname="org.springframework.aop.framework.ProxyFactoryTests" time="0.001"/>
  <testcase name="testCanAddAndRemoveAspectInterfacesOnSingleton()" classname="org.springframework.aop.framework.ProxyFactoryTests" time="0.019"/>
  <testcase name="testRemoveAdvisorByReference()" classname="org.springframework.aop.framework.ProxyFactoryTests" time="0.003"/>
  <testcase name="testInterceptorWithoutJoinpoint()" classname="org.springframework.aop.framework.ProxyFactoryTests" time="0.005"/>
  <testcase name="testGetsAllInterfaces()" classname="org.springframework.aop.framework.ProxyFactoryTests" time="0.014"/>
  <testcase name="testIndexOfMethods()" classname="org.springframework.aop.framework.ProxyFactoryTests" time="0.003"/>
  <testcase name="testRemoveAdvisorByIndex()" classname="org.springframework.aop.framework.ProxyFactoryTests" time="0.0"/>
  <testcase name="testProxyTargetClassWithConcreteClassAsTarget()" classname="org.springframework.aop.framework.ProxyFactoryTests" time="0.234"/>
  <testcase name="testInterfaceProxiesCanBeOrderedThroughAnnotations()" classname="org.springframework.aop.framework.ProxyFactoryTests" time="0.034"/>
  <testcase name="testTargetClassProxiesCanBeOrderedThroughAnnotations()" classname="org.springframework.aop.framework.ProxyFactoryTests" time="0.007"/>
  <testcase name="testAddRepeatedInterface()" classname="org.springframework.aop.framework.ProxyFactoryTests" time="0.003"/>
  <system-out><![CDATA[]]></system-out>
  <system-err><![CDATA[]]></system-err>
</testsuite>
