<?xml version="1.0" encoding="UTF-8"?>
<testsuite name="org.springframework.aop.aspectj.TrickyAspectJPointcutExpressionTests" tests="5" skipped="0" failures="0" errors="0" timestamp="2020-04-15T13:41:08" hostname="PandaroiddeiMac.local" time="0.045">
  <properties/>
  <testcase name="testManualProxyJavaWithDynamicPointcutAndProxyTargetClass()" classname="org.springframework.aop.aspectj.TrickyAspectJPointcutExpressionTests" time="0.012"/>
  <testcase name="testManualProxyJavaWithDynamicPointcut()" classname="org.springframework.aop.aspectj.TrickyAspectJPointcutExpressionTests" time="0.006"/>
  <testcase name="testManualProxyJavaWithStaticPointcutAndTwoClassLoaders()" classname="org.springframework.aop.aspectj.TrickyAspectJPointcutExpressionTests" time="0.021"/>
  <testcase name="testManualProxyJavaWithStaticPointcut()" classname="org.springframework.aop.aspectj.TrickyAspectJPointcutExpressionTests" time="0.003"/>
  <testcase name="testManualProxyJavaWithUnconditionalPointcut()" classname="org.springframework.aop.aspectj.TrickyAspectJPointcutExpressionTests" time="0.0"/>
  <system-out><![CDATA[]]></system-out>
  <system-err><![CDATA[]]></system-err>
</testsuite>
