<?xml version="1.0" encoding="UTF-8"?>
<testsuite name="org.springframework.aop.target.dynamic.RefreshableTargetSourceTests" tests="4" skipped="1" failures="0" errors="0" timestamp="2020-04-15T13:41:06" hostname="PandaroiddeiMac.local" time="0.114">
  <properties/>
  <testcase name="testRefreshCheckWithNonRefresh()" classname="org.springframework.aop.target.dynamic.RefreshableTargetSourceTests" time="0.005"/>
  <testcase name="testWithNoRefreshCheck()" classname="org.springframework.aop.target.dynamic.RefreshableTargetSourceTests" time="0.001"/>
  <testcase name="testRefreshOverTime()" classname="org.springframework.aop.target.dynamic.RefreshableTargetSourceTests" time="0.0">
    <skipped/>
  </testcase>
  <testcase name="testRefreshCheckWithRefresh()" classname="org.springframework.aop.target.dynamic.RefreshableTargetSourceTests" time="0.101"/>
  <system-out><![CDATA[]]></system-out>
  <system-err><![CDATA[]]></system-err>
</testsuite>
