<?xml version="1.0" encoding="UTF-8"?>
<testsuite name="org.springframework.aop.config.AopNamespaceHandlerEventTests" tests="4" skipped="0" failures="0" errors="0" timestamp="2020-04-15T13:41:06" hostname="PandaroiddeiMac.local" time="0.235">
  <properties/>
  <testcase name="testPointcutEvents()" classname="org.springframework.aop.config.AopNamespaceHandlerEventTests" time="0.123"/>
  <testcase name="testAdvisorEventsWithDirectPointcut()" classname="org.springframework.aop.config.AopNamespaceHandlerEventTests" time="0.046"/>
  <testcase name="testAspectEvent()" classname="org.springframework.aop.config.AopNamespaceHandlerEventTests" time="0.044"/>
  <testcase name="testAdvisorEventsWithPointcutRef()" classname="org.springframework.aop.config.AopNamespaceHandlerEventTests" time="0.021"/>
  <system-out><![CDATA[]]></system-out>
  <system-err><![CDATA[]]></system-err>
</testsuite>
