<?xml version="1.0" encoding="UTF-8"?>
<testsuite name="org.springframework.aop.framework.MethodInvocationTests" tests="2" skipped="0" failures="0" errors="0" timestamp="2020-04-15T13:40:58" hostname="PandaroiddeiMac.local" time="0.171">
  <properties/>
  <testcase name="testToStringDoesntHitTarget()" classname="org.springframework.aop.framework.MethodInvocationTests" time="0.047"/>
  <testcase name="testValidInvocation()" classname="org.springframework.aop.framework.MethodInvocationTests" time="0.123"/>
  <system-out><![CDATA[]]></system-out>
  <system-err><![CDATA[]]></system-err>
</testsuite>
