<?xml version="1.0" encoding="UTF-8"?>
<testsuite name="org.springframework.messaging.simp.annotation.support.PrincipalMethodArgumentResolverTests" tests="2" skipped="0" failures="0" errors="0" timestamp="2020-04-15T14:20:51" hostname="PandaroiddeiMac.local" time="0.006">
  <properties/>
  <testcase name="resolverArgument()" classname="org.springframework.messaging.simp.annotation.support.PrincipalMethodArgumentResolverTests" time="0.005"/>
  <testcase name="supportsParameter()" classname="org.springframework.messaging.simp.annotation.support.PrincipalMethodArgumentResolverTests" time="0.0"/>
  <system-out><![CDATA[]]></system-out>
  <system-err><![CDATA[]]></system-err>
</testsuite>
