<?xml version="1.0" encoding="UTF-8"?>
<testsuite name="org.springframework.messaging.rsocket.RSocketBufferLeakTests" tests="5" skipped="0" failures="0" errors="0" timestamp="2020-04-15T14:22:58" hostname="PandaroiddeiMac.local" time="0.51">
  <properties/>
  <testcase name="assemblyTimeErrorForHandleAndReply()" classname="org.springframework.messaging.rsocket.RSocketBufferLeakTests" time="0.018"/>
  <testcase name="errorSignalWithExceptionHandler()" classname="org.springframework.messaging.rsocket.RSocketBufferLeakTests" time="0.43"/>
  <testcase name="subscriptionTimeErrorForHandleAndReply()" classname="org.springframework.messaging.rsocket.RSocketBufferLeakTests" time="0.006"/>
  <testcase name="ignoreInput()" classname="org.springframework.messaging.rsocket.RSocketBufferLeakTests" time="0.048"/>
  <testcase name="noSuchRouteOnChannelInteraction()" classname="org.springframework.messaging.rsocket.RSocketBufferLeakTests" time="0.007"/>
  <system-out><![CDATA[22:22:58.456 [Test worker] ERROR i.n.u.ResourceLeakDetector - LEAK: ByteBuf.release() was not called before it's garbage-collected. See https://netty.io/wiki/reference-counted-objects.html for more information.
Recent access records: 
#1:
	io.netty.buffer.AdvancedLeakAwareByteBuf.toString(AdvancedLeakAwareByteBuf.java:742)
	io.rsocket.Payload.getMetadataUtf8(Payload.java:98)
	org.springframework.messaging.rsocket.DefaultRSocketRequesterTests.testSendMono(DefaultRSocketRequesterTests.java:98)
	org.springframework.messaging.rsocket.DefaultRSocketRequesterTests.sendMono(DefaultRSocketRequesterTests.java:82)
	sun.reflect.NativeMethodAccessorImpl.invoke0(Native Method)
	sun.reflect.NativeMethodAccessorImpl.invoke(NativeMethodAccessorImpl.java:62)
	sun.reflect.DelegatingMethodAccessorImpl.invoke(DelegatingMethodAccessorImpl.java:43)
	java.lang.reflect.Method.invoke(Method.java:498)
	org.junit.platform.commons.util.ReflectionUtils.invokeMethod(ReflectionUtils.java:686)
	org.junit.jupiter.engine.execution.MethodInvocation.proceed(MethodInvocation.java:60)
	org.junit.jupiter.engine.execution.InvocationInterceptorChain$ValidatingInvocation.proceed(InvocationInterceptorChain.java:131)
	org.junit.jupiter.engine.extension.TimeoutExtension.intercept(TimeoutExtension.java:149)
	org.junit.jupiter.engine.extension.TimeoutExtension.interceptTestableMethod(TimeoutExtension.java:140)
	org.junit.jupiter.engine.extension.TimeoutExtension.interceptTestMethod(TimeoutExtension.java:84)
	org.junit.jupiter.engine.execution.ExecutableInvoker$ReflectiveInterceptorCall.lambda$ofVoidMethod$0(ExecutableInvoker.java:115)
	org.junit.jupiter.engine.execution.ExecutableInvoker.lambda$invoke$0(ExecutableInvoker.java:105)
	org.junit.jupiter.engine.execution.InvocationInterceptorChain$InterceptedInvocation.proceed(InvocationInterceptorChain.java:106)
	org.junit.jupiter.engine.execution.InvocationInterceptorChain.proceed(InvocationInterceptorChain.java:64)
	org.junit.jupiter.engine.execution.InvocationInterceptorChain.chainAndInvoke(InvocationInterceptorChain.java:45)
	org.junit.jupiter.engine.execution.InvocationInterceptorChain.invoke(InvocationInterceptorChain.java:37)
	org.junit.jupiter.engine.execution.ExecutableInvoker.invoke(ExecutableInvoker.java:104)
	org.junit.jupiter.engine.execution.ExecutableInvoker.invoke(ExecutableInvoker.java:98)
	org.junit.jupiter.engine.descriptor.TestMethodTestDescriptor.lambda$invokeTestMethod$6(TestMethodTestDescriptor.java:212)
	org.junit.platform.engine.support.hierarchical.ThrowableCollector.execute(ThrowableCollector.java:73)
	org.junit.jupiter.engine.descriptor.TestMethodTestDescriptor.invokeTestMethod(TestMethodTestDescriptor.java:208)
	org.junit.jupiter.engine.descriptor.TestMethodTestDescriptor.execute(TestMethodTestDescriptor.java:137)
	org.junit.jupiter.engine.descriptor.TestMethodTestDescriptor.execute(TestMethodTestDescriptor.java:71)
	org.junit.platform.engine.support.hierarchical.NodeTestTask.lambda$executeRecursively$5(NodeTestTask.java:135)
	org.junit.platform.engine.support.hierarchical.ThrowableCollector.execute(ThrowableCollector.java:73)
	org.junit.platform.engine.support.hierarchical.NodeTestTask.lambda$executeRecursively$7(NodeTestTask.java:125)
	org.junit.platform.engine.support.hierarchical.Node.around(Node.java:135)
	org.junit.platform.engine.support.hierarchical.NodeTestTask.lambda$executeRecursively$8(NodeTestTask.java:123)
	org.junit.platform.engine.support.hierarchical.ThrowableCollector.execute(ThrowableCollector.java:73)
	org.junit.platform.engine.support.hierarchical.NodeTestTask.executeRecursively(NodeTestTask.java:122)
	org.junit.platform.engine.support.hierarchical.NodeTestTask.execute(NodeTestTask.java:80)
	java.util.ArrayList.forEach(ArrayList.java:1257)
	org.junit.platform.engine.support.hierarchical.SameThreadHierarchicalTestExecutorService.invokeAll(SameThreadHierarchicalTestExecutorService.java:38)
	org.junit.platform.engine.support.hierarchical.NodeTestTask.lambda$executeRecursively$5(NodeTestTask.java:139)
	org.junit.platform.engine.support.hierarchical.ThrowableCollector.execute(ThrowableCollector.java:73)
	org.junit.platform.engine.support.hierarchical.NodeTestTask.lambda$executeRecursively$7(NodeTestTask.java:125)
	org.junit.platform.engine.support.hierarchical.Node.around(Node.java:135)
	org.junit.platform.engine.support.hierarchical.NodeTestTask.lambda$executeRecursively$8(NodeTestTask.java:123)
	org.junit.platform.engine.support.hierarchical.ThrowableCollector.execute(ThrowableCollector.java:73)
	org.junit.platform.engine.support.hierarchical.NodeTestTask.executeRecursively(NodeTestTask.java:122)
	org.junit.platform.engine.support.hierarchical.NodeTestTask.execute(NodeTestTask.java:80)
	java.util.ArrayList.forEach(ArrayList.java:1257)
	org.junit.platform.engine.support.hierarchical.SameThreadHierarchicalTestExecutorService.invokeAll(SameThreadHierarchicalTestExecutorService.java:38)
	org.junit.platform.engine.support.hierarchical.NodeTestTask.lambda$executeRecursively$5(NodeTestTask.java:139)
	org.junit.platform.engine.support.hierarchical.ThrowableCollector.execute(ThrowableCollector.java:73)
	org.junit.platform.engine.support.hierarchical.NodeTestTask.lambda$executeRecursively$7(NodeTestTask.java:125)
	org.junit.platform.engine.support.hierarchical.Node.around(Node.java:135)
	org.junit.platform.engine.support.hierarchical.NodeTestTask.lambda$executeRecursively$8(NodeTestTask.java:123)
	org.junit.platform.engine.support.hierarchical.ThrowableCollector.execute(ThrowableCollector.java:73)
	org.junit.platform.engine.support.hierarchical.NodeTestTask.executeRecursively(NodeTestTask.java:122)
	org.junit.platform.engine.support.hierarchical.NodeTestTask.execute(NodeTestTask.java:80)
	org.junit.platform.engine.support.hierarchical.SameThreadHierarchicalTestExecutorService.submit(SameThreadHierarchicalTestExecutorService.java:32)
	org.junit.platform.engine.support.hierarchical.HierarchicalTestExecutor.execute(HierarchicalTestExecutor.java:57)
	org.junit.platform.engine.support.hierarchical.HierarchicalTestEngine.execute(HierarchicalTestEngine.java:51)
	org.junit.platform.launcher.core.DefaultLauncher.execute(DefaultLauncher.java:248)
	org.junit.platform.launcher.core.DefaultLauncher.lambda$execute$5(DefaultLauncher.java:211)
	org.junit.platform.launcher.core.DefaultLauncher.withInterceptedStreams(DefaultLauncher.java:226)
	org.junit.platform.launcher.core.DefaultLauncher.execute(DefaultLauncher.java:199)
	org.junit.platform.launcher.core.DefaultLauncher.execute(DefaultLauncher.java:132)
	org.gradle.api.internal.tasks.testing.junitplatform.JUnitPlatformTestClassProcessor$CollectAllTestClassesExecutor.processAllTestClasses(JUnitPlatformTestClassProcessor.java:102)
	org.gradle.api.internal.tasks.testing.junitplatform.JUnitPlatformTestClassProcessor$CollectAllTestClassesExecutor.access$000(JUnitPlatformTestClassProcessor.java:82)
	org.gradle.api.internal.tasks.testing.junitplatform.JUnitPlatformTestClassProcessor.stop(JUnitPlatformTestClassProcessor.java:78)
	org.gradle.api.internal.tasks.testing.SuiteTestClassProcessor.stop(SuiteTestClassProcessor.java:61)
	sun.reflect.NativeMethodAccessorImpl.invoke0(Native Method)
	sun.reflect.NativeMethodAccessorImpl.invoke(NativeMethodAccessorImpl.java:62)
	sun.reflect.DelegatingMethodAccessorImpl.invoke(DelegatingMethodAccessorImpl.java:43)
	java.lang.reflect.Method.invoke(Method.java:498)
	org.gradle.internal.dispatch.ReflectionDispatch.dispatch(ReflectionDispatch.java:36)
	org.gradle.internal.dispatch.ReflectionDispatch.dispatch(ReflectionDispatch.java:24)
	org.gradle.internal.dispatch.ContextClassLoaderDispatch.dispatch(ContextClassLoaderDispatch.java:33)
	org.gradle.internal.dispatch.ProxyDispatchAdapter$DispatchingInvocationHandler.invoke(ProxyDispatchAdapter.java:94)
	com.sun.proxy.$Proxy2.stop(Unknown Source)
	org.gradle.api.internal.tasks.testing.worker.TestWorker.stop(TestWorker.java:132)
	sun.reflect.NativeMethodAccessorImpl.invoke0(Native Method)
	sun.reflect.NativeMethodAccessorImpl.invoke(NativeMethodAccessorImpl.java:62)
	sun.reflect.DelegatingMethodAccessorImpl.invoke(DelegatingMethodAccessorImpl.java:43)
	java.lang.reflect.Method.invoke(Method.java:498)
	org.gradle.internal.dispatch.ReflectionDispatch.dispatch(ReflectionDispatch.java:36)
	org.gradle.internal.dispatch.ReflectionDispatch.dispatch(ReflectionDispatch.java:24)
	org.gradle.internal.remote.internal.hub.MessageHubBackedObjectConnection$DispatchWrapper.dispatch(MessageHubBackedObjectConnection.java:182)
	org.gradle.internal.remote.internal.hub.MessageHubBackedObjectConnection$DispatchWrapper.dispatch(MessageHubBackedObjectConnection.java:164)
	org.gradle.internal.remote.internal.hub.MessageHub$Handler.run(MessageHub.java:412)
	org.gradle.internal.concurrent.ExecutorPolicy$CatchAndRecordFailures.onExecute(ExecutorPolicy.java:64)
	org.gradle.internal.concurrent.ManagedExecutorImpl$1.run(ManagedExecutorImpl.java:48)
	java.util.concurrent.ThreadPoolExecutor.runWorker(ThreadPoolExecutor.java:1149)
	java.util.concurrent.ThreadPoolExecutor$Worker.run(ThreadPoolExecutor.java:624)
	org.gradle.internal.concurrent.ThreadFactoryImpl$ManagedThreadRunnable.run(ThreadFactoryImpl.java:56)
	java.lang.Thread.run(Thread.java:748)
#2:
	io.netty.buffer.AdvancedLeakAwareByteBuf.slice(AdvancedLeakAwareByteBuf.java:76)
	io.rsocket.util.ByteBufPayload.sliceMetadata(ByteBufPayload.java:134)
	io.rsocket.Payload.getMetadataUtf8(Payload.java:98)
	org.springframework.messaging.rsocket.DefaultRSocketRequesterTests.testSendMono(DefaultRSocketRequesterTests.java:98)
	org.springframework.messaging.rsocket.DefaultRSocketRequesterTests.sendMono(DefaultRSocketRequesterTests.java:82)
	sun.reflect.NativeMethodAccessorImpl.invoke0(Native Method)
	sun.reflect.NativeMethodAccessorImpl.invoke(NativeMethodAccessorImpl.java:62)
	sun.reflect.DelegatingMethodAccessorImpl.invoke(DelegatingMethodAccessorImpl.java:43)
	java.lang.reflect.Method.invoke(Method.java:498)
	org.junit.platform.commons.util.ReflectionUtils.invokeMethod(ReflectionUtils.java:686)
	org.junit.jupiter.engine.execution.MethodInvocation.proceed(MethodInvocation.java:60)
	org.junit.jupiter.engine.execution.InvocationInterceptorChain$ValidatingInvocation.proceed(InvocationInterceptorChain.java:131)
	org.junit.jupiter.engine.extension.TimeoutExtension.intercept(TimeoutExtension.java:149)
	org.junit.jupiter.engine.extension.TimeoutExtension.interceptTestableMethod(TimeoutExtension.java:140)
	org.junit.jupiter.engine.extension.TimeoutExtension.interceptTestMethod(TimeoutExtension.java:84)
	org.junit.jupiter.engine.execution.ExecutableInvoker$ReflectiveInterceptorCall.lambda$ofVoidMethod$0(ExecutableInvoker.java:115)
	org.junit.jupiter.engine.execution.ExecutableInvoker.lambda$invoke$0(ExecutableInvoker.java:105)
	org.junit.jupiter.engine.execution.InvocationInterceptorChain$InterceptedInvocation.proceed(InvocationInterceptorChain.java:106)
	org.junit.jupiter.engine.execution.InvocationInterceptorChain.proceed(InvocationInterceptorChain.java:64)
	org.junit.jupiter.engine.execution.InvocationInterceptorChain.chainAndInvoke(InvocationInterceptorChain.java:45)
	org.junit.jupiter.engine.execution.InvocationInterceptorChain.invoke(InvocationInterceptorChain.java:37)
	org.junit.jupiter.engine.execution.ExecutableInvoker.invoke(ExecutableInvoker.java:104)
	org.junit.jupiter.engine.execution.ExecutableInvoker.invoke(ExecutableInvoker.java:98)
	org.junit.jupiter.engine.descriptor.TestMethodTestDescriptor.lambda$invokeTestMethod$6(TestMethodTestDescriptor.java:212)
	org.junit.platform.engine.support.hierarchical.ThrowableCollector.execute(ThrowableCollector.java:73)
	org.junit.jupiter.engine.descriptor.TestMethodTestDescriptor.invokeTestMethod(TestMethodTestDescriptor.java:208)
	org.junit.jupiter.engine.descriptor.TestMethodTestDescriptor.execute(TestMethodTestDescriptor.java:137)
	org.junit.jupiter.engine.descriptor.TestMethodTestDescriptor.execute(TestMethodTestDescriptor.java:71)
	org.junit.platform.engine.support.hierarchical.NodeTestTask.lambda$executeRecursively$5(NodeTestTask.java:135)
	org.junit.platform.engine.support.hierarchical.ThrowableCollector.execute(ThrowableCollector.java:73)
	org.junit.platform.engine.support.hierarchical.NodeTestTask.lambda$executeRecursively$7(NodeTestTask.java:125)
	org.junit.platform.engine.support.hierarchical.Node.around(Node.java:135)
	org.junit.platform.engine.support.hierarchical.NodeTestTask.lambda$executeRecursively$8(NodeTestTask.java:123)
	org.junit.platform.engine.support.hierarchical.ThrowableCollector.execute(ThrowableCollector.java:73)
	org.junit.platform.engine.support.hierarchical.NodeTestTask.executeRecursively(NodeTestTask.java:122)
	org.junit.platform.engine.support.hierarchical.NodeTestTask.execute(NodeTestTask.java:80)
	java.util.ArrayList.forEach(ArrayList.java:1257)
	org.junit.platform.engine.support.hierarchical.SameThreadHierarchicalTestExecutorService.invokeAll(SameThreadHierarchicalTestExecutorService.java:38)
	org.junit.platform.engine.support.hierarchical.NodeTestTask.lambda$executeRecursively$5(NodeTestTask.java:139)
	org.junit.platform.engine.support.hierarchical.ThrowableCollector.execute(ThrowableCollector.java:73)
	org.junit.platform.engine.support.hierarchical.NodeTestTask.lambda$executeRecursively$7(NodeTestTask.java:125)
	org.junit.platform.engine.support.hierarchical.Node.around(Node.java:135)
	org.junit.platform.engine.support.hierarchical.NodeTestTask.lambda$executeRecursively$8(NodeTestTask.java:123)
	org.junit.platform.engine.support.hierarchical.ThrowableCollector.execute(ThrowableCollector.java:73)
	org.junit.platform.engine.support.hierarchical.NodeTestTask.executeRecursively(NodeTestTask.java:122)
	org.junit.platform.engine.support.hierarchical.NodeTestTask.execute(NodeTestTask.java:80)
	java.util.ArrayList.forEach(ArrayList.java:1257)
	org.junit.platform.engine.support.hierarchical.SameThreadHierarchicalTestExecutorService.invokeAll(SameThreadHierarchicalTestExecutorService.java:38)
	org.junit.platform.engine.support.hierarchical.NodeTestTask.lambda$executeRecursively$5(NodeTestTask.java:139)
	org.junit.platform.engine.support.hierarchical.ThrowableCollector.execute(ThrowableCollector.java:73)
	org.junit.platform.engine.support.hierarchical.NodeTestTask.lambda$executeRecursively$7(NodeTestTask.java:125)
	org.junit.platform.engine.support.hierarchical.Node.around(Node.java:135)
	org.junit.platform.engine.support.hierarchical.NodeTestTask.lambda$executeRecursively$8(NodeTestTask.java:123)
	org.junit.platform.engine.support.hierarchical.ThrowableCollector.execute(ThrowableCollector.java:73)
	org.junit.platform.engine.support.hierarchical.NodeTestTask.executeRecursively(NodeTestTask.java:122)
	org.junit.platform.engine.support.hierarchical.NodeTestTask.execute(NodeTestTask.java:80)
	org.junit.platform.engine.support.hierarchical.SameThreadHierarchicalTestExecutorService.submit(SameThreadHierarchicalTestExecutorService.java:32)
	org.junit.platform.engine.support.hierarchical.HierarchicalTestExecutor.execute(HierarchicalTestExecutor.java:57)
	org.junit.platform.engine.support.hierarchical.HierarchicalTestEngine.execute(HierarchicalTestEngine.java:51)
	org.junit.platform.launcher.core.DefaultLauncher.execute(DefaultLauncher.java:248)
	org.junit.platform.launcher.core.DefaultLauncher.lambda$execute$5(DefaultLauncher.java:211)
	org.junit.platform.launcher.core.DefaultLauncher.withInterceptedStreams(DefaultLauncher.java:226)
	org.junit.platform.launcher.core.DefaultLauncher.execute(DefaultLauncher.java:199)
	org.junit.platform.launcher.core.DefaultLauncher.execute(DefaultLauncher.java:132)
	org.gradle.api.internal.tasks.testing.junitplatform.JUnitPlatformTestClassProcessor$CollectAllTestClassesExecutor.processAllTestClasses(JUnitPlatformTestClassProcessor.java:102)
	org.gradle.api.internal.tasks.testing.junitplatform.JUnitPlatformTestClassProcessor$CollectAllTestClassesExecutor.access$000(JUnitPlatformTestClassProcessor.java:82)
	org.gradle.api.internal.tasks.testing.junitplatform.JUnitPlatformTestClassProcessor.stop(JUnitPlatformTestClassProcessor.java:78)
	org.gradle.api.internal.tasks.testing.SuiteTestClassProcessor.stop(SuiteTestClassProcessor.java:61)
	sun.reflect.NativeMethodAccessorImpl.invoke0(Native Method)
	sun.reflect.NativeMethodAccessorImpl.invoke(NativeMethodAccessorImpl.java:62)
	sun.reflect.DelegatingMethodAccessorImpl.invoke(DelegatingMethodAccessorImpl.java:43)
	java.lang.reflect.Method.invoke(Method.java:498)
	org.gradle.internal.dispatch.ReflectionDispatch.dispatch(ReflectionDispatch.java:36)
	org.gradle.internal.dispatch.ReflectionDispatch.dispatch(ReflectionDispatch.java:24)
	org.gradle.internal.dispatch.ContextClassLoaderDispatch.dispatch(ContextClassLoaderDispatch.java:33)
	org.gradle.internal.dispatch.ProxyDispatchAdapter$DispatchingInvocationHandler.invoke(ProxyDispatchAdapter.java:94)
	com.sun.proxy.$Proxy2.stop(Unknown Source)
	org.gradle.api.internal.tasks.testing.worker.TestWorker.stop(TestWorker.java:132)
	sun.reflect.NativeMethodAccessorImpl.invoke0(Native Method)
	sun.reflect.NativeMethodAccessorImpl.invoke(NativeMethodAccessorImpl.java:62)
	sun.reflect.DelegatingMethodAccessorImpl.invoke(DelegatingMethodAccessorImpl.java:43)
	java.lang.reflect.Method.invoke(Method.java:498)
	org.gradle.internal.dispatch.ReflectionDispatch.dispatch(ReflectionDispatch.java:36)
	org.gradle.internal.dispatch.ReflectionDispatch.dispatch(ReflectionDispatch.java:24)
	org.gradle.internal.remote.internal.hub.MessageHubBackedObjectConnection$DispatchWrapper.dispatch(MessageHubBackedObjectConnection.java:182)
	org.gradle.internal.remote.internal.hub.MessageHubBackedObjectConnection$DispatchWrapper.dispatch(MessageHubBackedObjectConnection.java:164)
	org.gradle.internal.remote.internal.hub.MessageHub$Handler.run(MessageHub.java:412)
	org.gradle.internal.concurrent.ExecutorPolicy$CatchAndRecordFailures.onExecute(ExecutorPolicy.java:64)
	org.gradle.internal.concurrent.ManagedExecutorImpl$1.run(ManagedExecutorImpl.java:48)
	java.util.concurrent.ThreadPoolExecutor.runWorker(ThreadPoolExecutor.java:1149)
	java.util.concurrent.ThreadPoolExecutor$Worker.run(ThreadPoolExecutor.java:624)
	org.gradle.internal.concurrent.ThreadFactoryImpl$ManagedThreadRunnable.run(ThreadFactoryImpl.java:56)
	java.lang.Thread.run(Thread.java:748)
Created at:
	io.netty.buffer.PooledByteBufAllocator.newDirectBuffer(PooledByteBufAllocator.java:363)
	io.netty.buffer.AbstractByteBufAllocator.directBuffer(AbstractByteBufAllocator.java:187)
	io.netty.buffer.AbstractByteBufAllocator.directBuffer(AbstractByteBufAllocator.java:178)
	io.netty.buffer.AbstractByteBufAllocator.buffer(AbstractByteBufAllocator.java:115)
	org.springframework.core.io.buffer.NettyDataBufferFactory.allocateBuffer(NettyDataBufferFactory.java:71)
	org.springframework.core.io.buffer.NettyDataBufferFactory.allocateBuffer(NettyDataBufferFactory.java:39)
	org.springframework.core.codec.CharSequenceEncoder.encodeValue(CharSequenceEncoder.java:91)
	org.springframework.core.codec.CharSequenceEncoder.encodeValue(CharSequenceEncoder.java:47)
	org.springframework.messaging.rsocket.MetadataEncoder.encodeEntry(MetadataEncoder.java:240)
	org.springframework.messaging.rsocket.MetadataEncoder.encodeEntries(MetadataEncoder.java:209)
	org.springframework.messaging.rsocket.MetadataEncoder.lambda$encode$1(MetadataEncoder.java:180)
	reactor.core.publisher.MonoCallable.subscribe(MonoCallable.java:56)
	reactor.core.publisher.Mono.subscribe(Mono.java:4208)
	reactor.core.publisher.MonoZip.subscribe(MonoZip.java:128)
	reactor.core.publisher.Mono.subscribe(Mono.java:4208)
	reactor.core.publisher.Mono.block(Mono.java:1699)
	org.springframework.messaging.rsocket.DefaultRSocketRequesterTests.testSendMono(DefaultRSocketRequesterTests.java:95)
	org.springframework.messaging.rsocket.DefaultRSocketRequesterTests.sendMono(DefaultRSocketRequesterTests.java:82)
	sun.reflect.NativeMethodAccessorImpl.invoke0(Native Method)
	sun.reflect.NativeMethodAccessorImpl.invoke(NativeMethodAccessorImpl.java:62)
	sun.reflect.DelegatingMethodAccessorImpl.invoke(DelegatingMethodAccessorImpl.java:43)
	java.lang.reflect.Method.invoke(Method.java:498)
	org.junit.platform.commons.util.ReflectionUtils.invokeMethod(ReflectionUtils.java:686)
	org.junit.jupiter.engine.execution.MethodInvocation.proceed(MethodInvocation.java:60)
	org.junit.jupiter.engine.execution.InvocationInterceptorChain$ValidatingInvocation.proceed(InvocationInterceptorChain.java:131)
	org.junit.jupiter.engine.extension.TimeoutExtension.intercept(TimeoutExtension.java:149)
	org.junit.jupiter.engine.extension.TimeoutExtension.interceptTestableMethod(TimeoutExtension.java:140)
	org.junit.jupiter.engine.extension.TimeoutExtension.interceptTestMethod(TimeoutExtension.java:84)
	org.junit.jupiter.engine.execution.ExecutableInvoker$ReflectiveInterceptorCall.lambda$ofVoidMethod$0(ExecutableInvoker.java:115)
	org.junit.jupiter.engine.execution.ExecutableInvoker.lambda$invoke$0(ExecutableInvoker.java:105)
	org.junit.jupiter.engine.execution.InvocationInterceptorChain$InterceptedInvocation.proceed(InvocationInterceptorChain.java:106)
	org.junit.jupiter.engine.execution.InvocationInterceptorChain.proceed(InvocationInterceptorChain.java:64)
	org.junit.jupiter.engine.execution.InvocationInterceptorChain.chainAndInvoke(InvocationInterceptorChain.java:45)
	org.junit.jupiter.engine.execution.InvocationInterceptorChain.invoke(InvocationInterceptorChain.java:37)
	org.junit.jupiter.engine.execution.ExecutableInvoker.invoke(ExecutableInvoker.java:104)
	org.junit.jupiter.engine.execution.ExecutableInvoker.invoke(ExecutableInvoker.java:98)
	org.junit.jupiter.engine.descriptor.TestMethodTestDescriptor.lambda$invokeTestMethod$6(TestMethodTestDescriptor.java:212)
	org.junit.platform.engine.support.hierarchical.ThrowableCollector.execute(ThrowableCollector.java:73)
	org.junit.jupiter.engine.descriptor.TestMethodTestDescriptor.invokeTestMethod(TestMethodTestDescriptor.java:208)
	org.junit.jupiter.engine.descriptor.TestMethodTestDescriptor.execute(TestMethodTestDescriptor.java:137)
	org.junit.jupiter.engine.descriptor.TestMethodTestDescriptor.execute(TestMethodTestDescriptor.java:71)
	org.junit.platform.engine.support.hierarchical.NodeTestTask.lambda$executeRecursively$5(NodeTestTask.java:135)
	org.junit.platform.engine.support.hierarchical.ThrowableCollector.execute(ThrowableCollector.java:73)
	org.junit.platform.engine.support.hierarchical.NodeTestTask.lambda$executeRecursively$7(NodeTestTask.java:125)
	org.junit.platform.engine.support.hierarchical.Node.around(Node.java:135)
	org.junit.platform.engine.support.hierarchical.NodeTestTask.lambda$executeRecursively$8(NodeTestTask.java:123)
	org.junit.platform.engine.support.hierarchical.ThrowableCollector.execute(ThrowableCollector.java:73)
	org.junit.platform.engine.support.hierarchical.NodeTestTask.executeRecursively(NodeTestTask.java:122)
	org.junit.platform.engine.support.hierarchical.NodeTestTask.execute(NodeTestTask.java:80)
	java.util.ArrayList.forEach(ArrayList.java:1257)
	org.junit.platform.engine.support.hierarchical.SameThreadHierarchicalTestExecutorService.invokeAll(SameThreadHierarchicalTestExecutorService.java:38)
	org.junit.platform.engine.support.hierarchical.NodeTestTask.lambda$executeRecursively$5(NodeTestTask.java:139)
	org.junit.platform.engine.support.hierarchical.ThrowableCollector.execute(ThrowableCollector.java:73)
	org.junit.platform.engine.support.hierarchical.NodeTestTask.lambda$executeRecursively$7(NodeTestTask.java:125)
	org.junit.platform.engine.support.hierarchical.Node.around(Node.java:135)
	org.junit.platform.engine.support.hierarchical.NodeTestTask.lambda$executeRecursively$8(NodeTestTask.java:123)
	org.junit.platform.engine.support.hierarchical.ThrowableCollector.execute(ThrowableCollector.java:73)
	org.junit.platform.engine.support.hierarchical.NodeTestTask.executeRecursively(NodeTestTask.java:122)
	org.junit.platform.engine.support.hierarchical.NodeTestTask.execute(NodeTestTask.java:80)
	java.util.ArrayList.forEach(ArrayList.java:1257)
	org.junit.platform.engine.support.hierarchical.SameThreadHierarchicalTestExecutorService.invokeAll(SameThreadHierarchicalTestExecutorService.java:38)
	org.junit.platform.engine.support.hierarchical.NodeTestTask.lambda$executeRecursively$5(NodeTestTask.java:139)
	org.junit.platform.engine.support.hierarchical.ThrowableCollector.execute(ThrowableCollector.java:73)
	org.junit.platform.engine.support.hierarchical.NodeTestTask.lambda$executeRecursively$7(NodeTestTask.java:125)
	org.junit.platform.engine.support.hierarchical.Node.around(Node.java:135)
	org.junit.platform.engine.support.hierarchical.NodeTestTask.lambda$executeRecursively$8(NodeTestTask.java:123)
	org.junit.platform.engine.support.hierarchical.ThrowableCollector.execute(ThrowableCollector.java:73)
	org.junit.platform.engine.support.hierarchical.NodeTestTask.executeRecursively(NodeTestTask.java:122)
	org.junit.platform.engine.support.hierarchical.NodeTestTask.execute(NodeTestTask.java:80)
	org.junit.platform.engine.support.hierarchical.SameThreadHierarchicalTestExecutorService.submit(SameThreadHierarchicalTestExecutorService.java:32)
	org.junit.platform.engine.support.hierarchical.HierarchicalTestExecutor.execute(HierarchicalTestExecutor.java:57)
	org.junit.platform.engine.support.hierarchical.HierarchicalTestEngine.execute(HierarchicalTestEngine.java:51)
	org.junit.platform.launcher.core.DefaultLauncher.execute(DefaultLauncher.java:248)
	org.junit.platform.launcher.core.DefaultLauncher.lambda$execute$5(DefaultLauncher.java:211)
	org.junit.platform.launcher.core.DefaultLauncher.withInterceptedStreams(DefaultLauncher.java:226)
	org.junit.platform.launcher.core.DefaultLauncher.execute(DefaultLauncher.java:199)
	org.junit.platform.launcher.core.DefaultLauncher.execute(DefaultLauncher.java:132)
	org.gradle.api.internal.tasks.testing.junitplatform.JUnitPlatformTestClassProcessor$CollectAllTestClassesExecutor.processAllTestClasses(JUnitPlatformTestClassProcessor.java:102)
	org.gradle.api.internal.tasks.testing.junitplatform.JUnitPlatformTestClassProcessor$CollectAllTestClassesExecutor.access$000(JUnitPlatformTestClassProcessor.java:82)
	org.gradle.api.internal.tasks.testing.junitplatform.JUnitPlatformTestClassProcessor.stop(JUnitPlatformTestClassProcessor.java:78)
	org.gradle.api.internal.tasks.testing.SuiteTestClassProcessor.stop(SuiteTestClassProcessor.java:61)
	sun.reflect.NativeMethodAccessorImpl.invoke0(Native Method)
	sun.reflect.NativeMethodAccessorImpl.invoke(NativeMethodAccessorImpl.java:62)
	sun.reflect.DelegatingMethodAccessorImpl.invoke(DelegatingMethodAccessorImpl.java:43)
	java.lang.reflect.Method.invoke(Method.java:498)
	org.gradle.internal.dispatch.ReflectionDispatch.dispatch(ReflectionDispatch.java:36)
	org.gradle.internal.dispatch.ReflectionDispatch.dispatch(ReflectionDispatch.java:24)
	org.gradle.internal.dispatch.ContextClassLoaderDispatch.dispatch(ContextClassLoaderDispatch.java:33)
	org.gradle.internal.dispatch.ProxyDispatchAdapter$DispatchingInvocationHandler.invoke(ProxyDispatchAdapter.java:94)
	com.sun.proxy.$Proxy2.stop(Unknown Source)
	org.gradle.api.internal.tasks.testing.worker.TestWorker.stop(TestWorker.java:132)
	sun.reflect.NativeMethodAccessorImpl.invoke0(Native Method)
	sun.reflect.NativeMethodAccessorImpl.invoke(NativeMethodAccessorImpl.java:62)
	sun.reflect.DelegatingMethodAccessorImpl.invoke(DelegatingMethodAccessorImpl.java:43)
	java.lang.reflect.Method.invoke(Method.java:498)
	org.gradle.internal.dispatch.ReflectionDispatch.dispatch(ReflectionDispatch.java:36)
	org.gradle.internal.dispatch.ReflectionDispatch.dispatch(ReflectionDispatch.java:24)
	org.gradle.internal.remote.internal.hub.MessageHubBackedObjectConnection$DispatchWrapper.dispatch(MessageHubBackedObjectConnection.java:182)
	org.gradle.internal.remote.internal.hub.MessageHubBackedObjectConnection$DispatchWrapper.dispatch(MessageHubBackedObjectConnection.java:164)
	org.gradle.internal.remote.internal.hub.MessageHub$Handler.run(MessageHub.java:412)
	org.gradle.internal.concurrent.ExecutorPolicy$CatchAndRecordFailures.onExecute(ExecutorPolicy.java:64)
	org.gradle.internal.concurrent.ManagedExecutorImpl$1.run(ManagedExecutorImpl.java:48)
	java.util.concurrent.ThreadPoolExecutor.runWorker(ThreadPoolExecutor.java:1149)
	java.util.concurrent.ThreadPoolExecutor$Worker.run(ThreadPoolExecutor.java:624)
	org.gradle.internal.concurrent.ThreadFactoryImpl$ManagedThreadRunnable.run(ThreadFactoryImpl.java:56)
	java.lang.Thread.run(Thread.java:748)
22:22:58.475 [Test worker] ERROR i.n.u.ResourceLeakDetector - LEAK: ByteBuf.release() was not called before it's garbage-collected. See https://netty.io/wiki/reference-counted-objects.html for more information.
Recent access records: 
#1:
	io.netty.buffer.AdvancedLeakAwareByteBuf.toString(AdvancedLeakAwareByteBuf.java:742)
	io.rsocket.Payload.getDataUtf8(Payload.java:102)
	java.util.stream.ReferencePipeline$3$1.accept(ReferencePipeline.java:193)
	java.util.ArrayList$ArrayListSpliterator.forEachRemaining(ArrayList.java:1382)
	java.util.stream.AbstractPipeline.copyInto(AbstractPipeline.java:481)
	java.util.stream.AbstractPipeline.wrapAndCopyInto(AbstractPipeline.java:471)
	java.util.stream.AbstractPipeline.evaluate(AbstractPipeline.java:545)
	java.util.stream.AbstractPipeline.evaluateToArrayNode(AbstractPipeline.java:260)
	java.util.stream.ReferencePipeline.toArray(ReferencePipeline.java:438)
	org.springframework.messaging.rsocket.DefaultRSocketRequesterTests.testSendFlux(DefaultRSocketRequesterTests.java:134)
	org.springframework.messaging.rsocket.DefaultRSocketRequesterTests.sendFlux(DefaultRSocketRequesterTests.java:110)
	sun.reflect.NativeMethodAccessorImpl.invoke0(Native Method)
	sun.reflect.NativeMethodAccessorImpl.invoke(NativeMethodAccessorImpl.java:62)
	sun.reflect.DelegatingMethodAccessorImpl.invoke(DelegatingMethodAccessorImpl.java:43)
	java.lang.reflect.Method.invoke(Method.java:498)
	org.junit.platform.commons.util.ReflectionUtils.invokeMethod(ReflectionUtils.java:686)
	org.junit.jupiter.engine.execution.MethodInvocation.proceed(MethodInvocation.java:60)
	org.junit.jupiter.engine.execution.InvocationInterceptorChain$ValidatingInvocation.proceed(InvocationInterceptorChain.java:131)
	org.junit.jupiter.engine.extension.TimeoutExtension.intercept(TimeoutExtension.java:149)
	org.junit.jupiter.engine.extension.TimeoutExtension.interceptTestableMethod(TimeoutExtension.java:140)
	org.junit.jupiter.engine.extension.TimeoutExtension.interceptTestMethod(TimeoutExtension.java:84)
	org.junit.jupiter.engine.execution.ExecutableInvoker$ReflectiveInterceptorCall.lambda$ofVoidMethod$0(ExecutableInvoker.java:115)
	org.junit.jupiter.engine.execution.ExecutableInvoker.lambda$invoke$0(ExecutableInvoker.java:105)
	org.junit.jupiter.engine.execution.InvocationInterceptorChain$InterceptedInvocation.proceed(InvocationInterceptorChain.java:106)
	org.junit.jupiter.engine.execution.InvocationInterceptorChain.proceed(InvocationInterceptorChain.java:64)
	org.junit.jupiter.engine.execution.InvocationInterceptorChain.chainAndInvoke(InvocationInterceptorChain.java:45)
	org.junit.jupiter.engine.execution.InvocationInterceptorChain.invoke(InvocationInterceptorChain.java:37)
	org.junit.jupiter.engine.execution.ExecutableInvoker.invoke(ExecutableInvoker.java:104)
	org.junit.jupiter.engine.execution.ExecutableInvoker.invoke(ExecutableInvoker.java:98)
	org.junit.jupiter.engine.descriptor.TestMethodTestDescriptor.lambda$invokeTestMethod$6(TestMethodTestDescriptor.java:212)
	org.junit.platform.engine.support.hierarchical.ThrowableCollector.execute(ThrowableCollector.java:73)
	org.junit.jupiter.engine.descriptor.TestMethodTestDescriptor.invokeTestMethod(TestMethodTestDescriptor.java:208)
	org.junit.jupiter.engine.descriptor.TestMethodTestDescriptor.execute(TestMethodTestDescriptor.java:137)
	org.junit.jupiter.engine.descriptor.TestMethodTestDescriptor.execute(TestMethodTestDescriptor.java:71)
	org.junit.platform.engine.support.hierarchical.NodeTestTask.lambda$executeRecursively$5(NodeTestTask.java:135)
	org.junit.platform.engine.support.hierarchical.ThrowableCollector.execute(ThrowableCollector.java:73)
	org.junit.platform.engine.support.hierarchical.NodeTestTask.lambda$executeRecursively$7(NodeTestTask.java:125)
	org.junit.platform.engine.support.hierarchical.Node.around(Node.java:135)
	org.junit.platform.engine.support.hierarchical.NodeTestTask.lambda$executeRecursively$8(NodeTestTask.java:123)
	org.junit.platform.engine.support.hierarchical.ThrowableCollector.execute(ThrowableCollector.java:73)
	org.junit.platform.engine.support.hierarchical.NodeTestTask.executeRecursively(NodeTestTask.java:122)
	org.junit.platform.engine.support.hierarchical.NodeTestTask.execute(NodeTestTask.java:80)
	java.util.ArrayList.forEach(ArrayList.java:1257)
	org.junit.platform.engine.support.hierarchical.SameThreadHierarchicalTestExecutorService.invokeAll(SameThreadHierarchicalTestExecutorService.java:38)
	org.junit.platform.engine.support.hierarchical.NodeTestTask.lambda$executeRecursively$5(NodeTestTask.java:139)
	org.junit.platform.engine.support.hierarchical.ThrowableCollector.execute(ThrowableCollector.java:73)
	org.junit.platform.engine.support.hierarchical.NodeTestTask.lambda$executeRecursively$7(NodeTestTask.java:125)
	org.junit.platform.engine.support.hierarchical.Node.around(Node.java:135)
	org.junit.platform.engine.support.hierarchical.NodeTestTask.lambda$executeRecursively$8(NodeTestTask.java:123)
	org.junit.platform.engine.support.hierarchical.ThrowableCollector.execute(ThrowableCollector.java:73)
	org.junit.platform.engine.support.hierarchical.NodeTestTask.executeRecursively(NodeTestTask.java:122)
	org.junit.platform.engine.support.hierarchical.NodeTestTask.execute(NodeTestTask.java:80)
	java.util.ArrayList.forEach(ArrayList.java:1257)
	org.junit.platform.engine.support.hierarchical.SameThreadHierarchicalTestExecutorService.invokeAll(SameThreadHierarchicalTestExecutorService.java:38)
	org.junit.platform.engine.support.hierarchical.NodeTestTask.lambda$executeRecursively$5(NodeTestTask.java:139)
	org.junit.platform.engine.support.hierarchical.ThrowableCollector.execute(ThrowableCollector.java:73)
	org.junit.platform.engine.support.hierarchical.NodeTestTask.lambda$executeRecursively$7(NodeTestTask.java:125)
	org.junit.platform.engine.support.hierarchical.Node.around(Node.java:135)
	org.junit.platform.engine.support.hierarchical.NodeTestTask.lambda$executeRecursively$8(NodeTestTask.java:123)
	org.junit.platform.engine.support.hierarchical.ThrowableCollector.execute(ThrowableCollector.java:73)
	org.junit.platform.engine.support.hierarchical.NodeTestTask.executeRecursively(NodeTestTask.java:122)
	org.junit.platform.engine.support.hierarchical.NodeTestTask.execute(NodeTestTask.java:80)
	org.junit.platform.engine.support.hierarchical.SameThreadHierarchicalTestExecutorService.submit(SameThreadHierarchicalTestExecutorService.java:32)
	org.junit.platform.engine.support.hierarchical.HierarchicalTestExecutor.execute(HierarchicalTestExecutor.java:57)
	org.junit.platform.engine.support.hierarchical.HierarchicalTestEngine.execute(HierarchicalTestEngine.java:51)
	org.junit.platform.launcher.core.DefaultLauncher.execute(DefaultLauncher.java:248)
	org.junit.platform.launcher.core.DefaultLauncher.lambda$execute$5(DefaultLauncher.java:211)
	org.junit.platform.launcher.core.DefaultLauncher.withInterceptedStreams(DefaultLauncher.java:226)
	org.junit.platform.launcher.core.DefaultLauncher.execute(DefaultLauncher.java:199)
	org.junit.platform.launcher.core.DefaultLauncher.execute(DefaultLauncher.java:132)
	org.gradle.api.internal.tasks.testing.junitplatform.JUnitPlatformTestClassProcessor$CollectAllTestClassesExecutor.processAllTestClasses(JUnitPlatformTestClassProcessor.java:102)
	org.gradle.api.internal.tasks.testing.junitplatform.JUnitPlatformTestClassProcessor$CollectAllTestClassesExecutor.access$000(JUnitPlatformTestClassProcessor.java:82)
	org.gradle.api.internal.tasks.testing.junitplatform.JUnitPlatformTestClassProcessor.stop(JUnitPlatformTestClassProcessor.java:78)
	org.gradle.api.internal.tasks.testing.SuiteTestClassProcessor.stop(SuiteTestClassProcessor.java:61)
	sun.reflect.NativeMethodAccessorImpl.invoke0(Native Method)
	sun.reflect.NativeMethodAccessorImpl.invoke(NativeMethodAccessorImpl.java:62)
	sun.reflect.DelegatingMethodAccessorImpl.invoke(DelegatingMethodAccessorImpl.java:43)
	java.lang.reflect.Method.invoke(Method.java:498)
	org.gradle.internal.dispatch.ReflectionDispatch.dispatch(ReflectionDispatch.java:36)
	org.gradle.internal.dispatch.ReflectionDispatch.dispatch(ReflectionDispatch.java:24)
	org.gradle.internal.dispatch.ContextClassLoaderDispatch.dispatch(ContextClassLoaderDispatch.java:33)
	org.gradle.internal.dispatch.ProxyDispatchAdapter$DispatchingInvocationHandler.invoke(ProxyDispatchAdapter.java:94)
	com.sun.proxy.$Proxy2.stop(Unknown Source)
	org.gradle.api.internal.tasks.testing.worker.TestWorker.stop(TestWorker.java:132)
	sun.reflect.NativeMethodAccessorImpl.invoke0(Native Method)
	sun.reflect.NativeMethodAccessorImpl.invoke(NativeMethodAccessorImpl.java:62)
	sun.reflect.DelegatingMethodAccessorImpl.invoke(DelegatingMethodAccessorImpl.java:43)
	java.lang.reflect.Method.invoke(Method.java:498)
	org.gradle.internal.dispatch.ReflectionDispatch.dispatch(ReflectionDispatch.java:36)
	org.gradle.internal.dispatch.ReflectionDispatch.dispatch(ReflectionDispatch.java:24)
	org.gradle.internal.remote.internal.hub.MessageHubBackedObjectConnection$DispatchWrapper.dispatch(MessageHubBackedObjectConnection.java:182)
	org.gradle.internal.remote.internal.hub.MessageHubBackedObjectConnection$DispatchWrapper.dispatch(MessageHubBackedObjectConnection.java:164)
	org.gradle.internal.remote.internal.hub.MessageHub$Handler.run(MessageHub.java:412)
	org.gradle.internal.concurrent.ExecutorPolicy$CatchAndRecordFailures.onExecute(ExecutorPolicy.java:64)
	org.gradle.internal.concurrent.ManagedExecutorImpl$1.run(ManagedExecutorImpl.java:48)
	java.util.concurrent.ThreadPoolExecutor.runWorker(ThreadPoolExecutor.java:1149)
	java.util.concurrent.ThreadPoolExecutor$Worker.run(ThreadPoolExecutor.java:624)
	org.gradle.internal.concurrent.ThreadFactoryImpl$ManagedThreadRunnable.run(ThreadFactoryImpl.java:56)
	java.lang.Thread.run(Thread.java:748)
#2:
	io.netty.buffer.AdvancedLeakAwareByteBuf.slice(AdvancedLeakAwareByteBuf.java:76)
	io.rsocket.util.ByteBufPayload.sliceData(ByteBufPayload.java:149)
	io.rsocket.Payload.getDataUtf8(Payload.java:102)
	java.util.stream.ReferencePipeline$3$1.accept(ReferencePipeline.java:193)
	java.util.ArrayList$ArrayListSpliterator.forEachRemaining(ArrayList.java:1382)
	java.util.stream.AbstractPipeline.copyInto(AbstractPipeline.java:481)
	java.util.stream.AbstractPipeline.wrapAndCopyInto(AbstractPipeline.java:471)
	java.util.stream.AbstractPipeline.evaluate(AbstractPipeline.java:545)
	java.util.stream.AbstractPipeline.evaluateToArrayNode(AbstractPipeline.java:260)
	java.util.stream.ReferencePipeline.toArray(ReferencePipeline.java:438)
	org.springframework.messaging.rsocket.DefaultRSocketRequesterTests.testSendFlux(DefaultRSocketRequesterTests.java:134)
	org.springframework.messaging.rsocket.DefaultRSocketRequesterTests.sendFlux(DefaultRSocketRequesterTests.java:110)
	sun.reflect.NativeMethodAccessorImpl.invoke0(Native Method)
	sun.reflect.NativeMethodAccessorImpl.invoke(NativeMethodAccessorImpl.java:62)
	sun.reflect.DelegatingMethodAccessorImpl.invoke(DelegatingMethodAccessorImpl.java:43)
	java.lang.reflect.Method.invoke(Method.java:498)
	org.junit.platform.commons.util.ReflectionUtils.invokeMethod(ReflectionUtils.java:686)
	org.junit.jupiter.engine.execution.MethodInvocation.proceed(MethodInvocation.java:60)
	org.junit.jupiter.engine.execution.InvocationInterceptorChain$ValidatingInvocation.proceed(InvocationInterceptorChain.java:131)
	org.junit.jupiter.engine.extension.TimeoutExtension.intercept(TimeoutExtension.java:149)
	org.junit.jupiter.engine.extension.TimeoutExtension.interceptTestableMethod(TimeoutExtension.java:140)
	org.junit.jupiter.engine.extension.TimeoutExtension.interceptTestMethod(TimeoutExtension.java:84)
	org.junit.jupiter.engine.execution.ExecutableInvoker$ReflectiveInterceptorCall.lambda$ofVoidMethod$0(ExecutableInvoker.java:115)
	org.junit.jupiter.engine.execution.ExecutableInvoker.lambda$invoke$0(ExecutableInvoker.java:105)
	org.junit.jupiter.engine.execution.InvocationInterceptorChain$InterceptedInvocation.proceed(InvocationInterceptorChain.java:106)
	org.junit.jupiter.engine.execution.InvocationInterceptorChain.proceed(InvocationInterceptorChain.java:64)
	org.junit.jupiter.engine.execution.InvocationInterceptorChain.chainAndInvoke(InvocationInterceptorChain.java:45)
	org.junit.jupiter.engine.execution.InvocationInterceptorChain.invoke(InvocationInterceptorChain.java:37)
	org.junit.jupiter.engine.execution.ExecutableInvoker.invoke(ExecutableInvoker.java:104)
	org.junit.jupiter.engine.execution.ExecutableInvoker.invoke(ExecutableInvoker.java:98)
	org.junit.jupiter.engine.descriptor.TestMethodTestDescriptor.lambda$invokeTestMethod$6(TestMethodTestDescriptor.java:212)
	org.junit.platform.engine.support.hierarchical.ThrowableCollector.execute(ThrowableCollector.java:73)
	org.junit.jupiter.engine.descriptor.TestMethodTestDescriptor.invokeTestMethod(TestMethodTestDescriptor.java:208)
	org.junit.jupiter.engine.descriptor.TestMethodTestDescriptor.execute(TestMethodTestDescriptor.java:137)
	org.junit.jupiter.engine.descriptor.TestMethodTestDescriptor.execute(TestMethodTestDescriptor.java:71)
	org.junit.platform.engine.support.hierarchical.NodeTestTask.lambda$executeRecursively$5(NodeTestTask.java:135)
	org.junit.platform.engine.support.hierarchical.ThrowableCollector.execute(ThrowableCollector.java:73)
	org.junit.platform.engine.support.hierarchical.NodeTestTask.lambda$executeRecursively$7(NodeTestTask.java:125)
	org.junit.platform.engine.support.hierarchical.Node.around(Node.java:135)
	org.junit.platform.engine.support.hierarchical.NodeTestTask.lambda$executeRecursively$8(NodeTestTask.java:123)
	org.junit.platform.engine.support.hierarchical.ThrowableCollector.execute(ThrowableCollector.java:73)
	org.junit.platform.engine.support.hierarchical.NodeTestTask.executeRecursively(NodeTestTask.java:122)
	org.junit.platform.engine.support.hierarchical.NodeTestTask.execute(NodeTestTask.java:80)
	java.util.ArrayList.forEach(ArrayList.java:1257)
	org.junit.platform.engine.support.hierarchical.SameThreadHierarchicalTestExecutorService.invokeAll(SameThreadHierarchicalTestExecutorService.java:38)
	org.junit.platform.engine.support.hierarchical.NodeTestTask.lambda$executeRecursively$5(NodeTestTask.java:139)
	org.junit.platform.engine.support.hierarchical.ThrowableCollector.execute(ThrowableCollector.java:73)
	org.junit.platform.engine.support.hierarchical.NodeTestTask.lambda$executeRecursively$7(NodeTestTask.java:125)
	org.junit.platform.engine.support.hierarchical.Node.around(Node.java:135)
	org.junit.platform.engine.support.hierarchical.NodeTestTask.lambda$executeRecursively$8(NodeTestTask.java:123)
	org.junit.platform.engine.support.hierarchical.ThrowableCollector.execute(ThrowableCollector.java:73)
	org.junit.platform.engine.support.hierarchical.NodeTestTask.executeRecursively(NodeTestTask.java:122)
	org.junit.platform.engine.support.hierarchical.NodeTestTask.execute(NodeTestTask.java:80)
	java.util.ArrayList.forEach(ArrayList.java:1257)
	org.junit.platform.engine.support.hierarchical.SameThreadHierarchicalTestExecutorService.invokeAll(SameThreadHierarchicalTestExecutorService.java:38)
	org.junit.platform.engine.support.hierarchical.NodeTestTask.lambda$executeRecursively$5(NodeTestTask.java:139)
	org.junit.platform.engine.support.hierarchical.ThrowableCollector.execute(ThrowableCollector.java:73)
	org.junit.platform.engine.support.hierarchical.NodeTestTask.lambda$executeRecursively$7(NodeTestTask.java:125)
	org.junit.platform.engine.support.hierarchical.Node.around(Node.java:135)
	org.junit.platform.engine.support.hierarchical.NodeTestTask.lambda$executeRecursively$8(NodeTestTask.java:123)
	org.junit.platform.engine.support.hierarchical.ThrowableCollector.execute(ThrowableCollector.java:73)
	org.junit.platform.engine.support.hierarchical.NodeTestTask.executeRecursively(NodeTestTask.java:122)
	org.junit.platform.engine.support.hierarchical.NodeTestTask.execute(NodeTestTask.java:80)
	org.junit.platform.engine.support.hierarchical.SameThreadHierarchicalTestExecutorService.submit(SameThreadHierarchicalTestExecutorService.java:32)
	org.junit.platform.engine.support.hierarchical.HierarchicalTestExecutor.execute(HierarchicalTestExecutor.java:57)
	org.junit.platform.engine.support.hierarchical.HierarchicalTestEngine.execute(HierarchicalTestEngine.java:51)
	org.junit.platform.launcher.core.DefaultLauncher.execute(DefaultLauncher.java:248)
	org.junit.platform.launcher.core.DefaultLauncher.lambda$execute$5(DefaultLauncher.java:211)
	org.junit.platform.launcher.core.DefaultLauncher.withInterceptedStreams(DefaultLauncher.java:226)
	org.junit.platform.launcher.core.DefaultLauncher.execute(DefaultLauncher.java:199)
	org.junit.platform.launcher.core.DefaultLauncher.execute(DefaultLauncher.java:132)
	org.gradle.api.internal.tasks.testing.junitplatform.JUnitPlatformTestClassProcessor$CollectAllTestClassesExecutor.processAllTestClasses(JUnitPlatformTestClassProcessor.java:102)
	org.gradle.api.internal.tasks.testing.junitplatform.JUnitPlatformTestClassProcessor$CollectAllTestClassesExecutor.access$000(JUnitPlatformTestClassProcessor.java:82)
	org.gradle.api.internal.tasks.testing.junitplatform.JUnitPlatformTestClassProcessor.stop(JUnitPlatformTestClassProcessor.java:78)
	org.gradle.api.internal.tasks.testing.SuiteTestClassProcessor.stop(SuiteTestClassProcessor.java:61)
	sun.reflect.NativeMethodAccessorImpl.invoke0(Native Method)
	sun.reflect.NativeMethodAccessorImpl.invoke(NativeMethodAccessorImpl.java:62)
	sun.reflect.DelegatingMethodAccessorImpl.invoke(DelegatingMethodAccessorImpl.java:43)
	java.lang.reflect.Method.invoke(Method.java:498)
	org.gradle.internal.dispatch.ReflectionDispatch.dispatch(ReflectionDispatch.java:36)
	org.gradle.internal.dispatch.ReflectionDispatch.dispatch(ReflectionDispatch.java:24)
	org.gradle.internal.dispatch.ContextClassLoaderDispatch.dispatch(ContextClassLoaderDispatch.java:33)
	org.gradle.internal.dispatch.ProxyDispatchAdapter$DispatchingInvocationHandler.invoke(ProxyDispatchAdapter.java:94)
	com.sun.proxy.$Proxy2.stop(Unknown Source)
	org.gradle.api.internal.tasks.testing.worker.TestWorker.stop(TestWorker.java:132)
	sun.reflect.NativeMethodAccessorImpl.invoke0(Native Method)
	sun.reflect.NativeMethodAccessorImpl.invoke(NativeMethodAccessorImpl.java:62)
	sun.reflect.DelegatingMethodAccessorImpl.invoke(DelegatingMethodAccessorImpl.java:43)
	java.lang.reflect.Method.invoke(Method.java:498)
	org.gradle.internal.dispatch.ReflectionDispatch.dispatch(ReflectionDispatch.java:36)
	org.gradle.internal.dispatch.ReflectionDispatch.dispatch(ReflectionDispatch.java:24)
	org.gradle.internal.remote.internal.hub.MessageHubBackedObjectConnection$DispatchWrapper.dispatch(MessageHubBackedObjectConnection.java:182)
	org.gradle.internal.remote.internal.hub.MessageHubBackedObjectConnection$DispatchWrapper.dispatch(MessageHubBackedObjectConnection.java:164)
	org.gradle.internal.remote.internal.hub.MessageHub$Handler.run(MessageHub.java:412)
	org.gradle.internal.concurrent.ExecutorPolicy$CatchAndRecordFailures.onExecute(ExecutorPolicy.java:64)
	org.gradle.internal.concurrent.ManagedExecutorImpl$1.run(ManagedExecutorImpl.java:48)
	java.util.concurrent.ThreadPoolExecutor.runWorker(ThreadPoolExecutor.java:1149)
	java.util.concurrent.ThreadPoolExecutor$Worker.run(ThreadPoolExecutor.java:624)
	org.gradle.internal.concurrent.ThreadFactoryImpl$ManagedThreadRunnable.run(ThreadFactoryImpl.java:56)
	java.lang.Thread.run(Thread.java:748)
Created at:
	io.netty.buffer.PooledByteBufAllocator.newDirectBuffer(PooledByteBufAllocator.java:363)
	io.netty.buffer.AbstractByteBufAllocator.directBuffer(AbstractByteBufAllocator.java:187)
	io.netty.buffer.AbstractByteBufAllocator.directBuffer(AbstractByteBufAllocator.java:178)
	io.netty.buffer.AbstractByteBufAllocator.buffer(AbstractByteBufAllocator.java:115)
	org.springframework.core.io.buffer.NettyDataBufferFactory.allocateBuffer(NettyDataBufferFactory.java:71)
	org.springframework.core.io.buffer.NettyDataBufferFactory.allocateBuffer(NettyDataBufferFactory.java:39)
	org.springframework.core.codec.CharSequenceEncoder.encodeValue(CharSequenceEncoder.java:91)
	org.springframework.core.codec.CharSequenceEncoder.encodeValue(CharSequenceEncoder.java:47)
	org.springframework.messaging.rsocket.DefaultRSocketRequester$DefaultRequestSpec.encodeData(DefaultRSocketRequester.java:236)
	org.springframework.messaging.rsocket.DefaultRSocketRequester$DefaultRequestSpec.lambda$createPayload$2(DefaultRSocketRequester.java:215)
	reactor.core.publisher.FluxMap$MapSubscriber.onNext(FluxMap.java:100)
	io.reactivex.internal.util.HalfSerializer.onNext(HalfSerializer.java:45)
	io.reactivex.internal.subscribers.StrictSubscriber.onNext(StrictSubscriber.java:97)
	io.reactivex.internal.operators.flowable.FlowableOnBackpressureBuffer$BackpressureBufferSubscriber.drain(FlowableOnBackpressureBuffer.java:187)
	io.reactivex.internal.operators.flowable.FlowableOnBackpressureBuffer$BackpressureBufferSubscriber.onNext(FlowableOnBackpressureBuffer.java:112)
	io.reactivex.internal.operators.flowable.FlowableFromObservable$SubscriberObserver.onNext(FlowableFromObservable.java:54)
	io.reactivex.observers.SerializedObserver.onNext(SerializedObserver.java:111)
	io.reactivex.internal.operators.observable.ObservableDelay$DelayObserver$OnNext.run(ObservableDelay.java:114)
	io.reactivex.internal.schedulers.ScheduledRunnable.run(ScheduledRunnable.java:66)
	io.reactivex.internal.schedulers.ScheduledRunnable.call(ScheduledRunnable.java:57)
	java.util.concurrent.FutureTask.run(FutureTask.java:266)
	java.util.concurrent.ScheduledThreadPoolExecutor$ScheduledFutureTask.access$201(ScheduledThreadPoolExecutor.java:180)
	java.util.concurrent.ScheduledThreadPoolExecutor$ScheduledFutureTask.run(ScheduledThreadPoolExecutor.java:293)
	java.util.concurrent.ThreadPoolExecutor.runWorker(ThreadPoolExecutor.java:1149)
	java.util.concurrent.ThreadPoolExecutor$Worker.run(ThreadPoolExecutor.java:624)
	java.lang.Thread.run(Thread.java:748)
22:22:58.481 [Test worker] ERROR i.n.u.ResourceLeakDetector - LEAK: ByteBuf.release() was not called before it's garbage-collected. See https://netty.io/wiki/reference-counted-objects.html for more information.
Recent access records: 
#1:
	io.netty.buffer.AdvancedLeakAwareByteBuf.toString(AdvancedLeakAwareByteBuf.java:742)
	io.rsocket.Payload.getMetadataUtf8(Payload.java:98)
	java.util.stream.ReferencePipeline$3$1.accept(ReferencePipeline.java:193)
	java.util.ArrayList$ArrayListSpliterator.forEachRemaining(ArrayList.java:1382)
	java.util.stream.AbstractPipeline.copyInto(AbstractPipeline.java:481)
	java.util.stream.AbstractPipeline.wrapAndCopyInto(AbstractPipeline.java:471)
	java.util.stream.AbstractPipeline.evaluate(AbstractPipeline.java:545)
	java.util.stream.AbstractPipeline.evaluateToArrayNode(AbstractPipeline.java:260)
	java.util.stream.ReferencePipeline.toArray(ReferencePipeline.java:438)
	org.springframework.messaging.rsocket.DefaultRSocketRequesterTests.testSendFlux(DefaultRSocketRequesterTests.java:132)
	org.springframework.messaging.rsocket.DefaultRSocketRequesterTests.sendFlux(DefaultRSocketRequesterTests.java:108)
	sun.reflect.NativeMethodAccessorImpl.invoke0(Native Method)
	sun.reflect.NativeMethodAccessorImpl.invoke(NativeMethodAccessorImpl.java:62)
	sun.reflect.DelegatingMethodAccessorImpl.invoke(DelegatingMethodAccessorImpl.java:43)
	java.lang.reflect.Method.invoke(Method.java:498)
	org.junit.platform.commons.util.ReflectionUtils.invokeMethod(ReflectionUtils.java:686)
	org.junit.jupiter.engine.execution.MethodInvocation.proceed(MethodInvocation.java:60)
	org.junit.jupiter.engine.execution.InvocationInterceptorChain$ValidatingInvocation.proceed(InvocationInterceptorChain.java:131)
	org.junit.jupiter.engine.extension.TimeoutExtension.intercept(TimeoutExtension.java:149)
	org.junit.jupiter.engine.extension.TimeoutExtension.interceptTestableMethod(TimeoutExtension.java:140)
	org.junit.jupiter.engine.extension.TimeoutExtension.interceptTestMethod(TimeoutExtension.java:84)
	org.junit.jupiter.engine.execution.ExecutableInvoker$ReflectiveInterceptorCall.lambda$ofVoidMethod$0(ExecutableInvoker.java:115)
	org.junit.jupiter.engine.execution.ExecutableInvoker.lambda$invoke$0(ExecutableInvoker.java:105)
	org.junit.jupiter.engine.execution.InvocationInterceptorChain$InterceptedInvocation.proceed(InvocationInterceptorChain.java:106)
	org.junit.jupiter.engine.execution.InvocationInterceptorChain.proceed(InvocationInterceptorChain.java:64)
	org.junit.jupiter.engine.execution.InvocationInterceptorChain.chainAndInvoke(InvocationInterceptorChain.java:45)
	org.junit.jupiter.engine.execution.InvocationInterceptorChain.invoke(InvocationInterceptorChain.java:37)
	org.junit.jupiter.engine.execution.ExecutableInvoker.invoke(ExecutableInvoker.java:104)
	org.junit.jupiter.engine.execution.ExecutableInvoker.invoke(ExecutableInvoker.java:98)
	org.junit.jupiter.engine.descriptor.TestMethodTestDescriptor.lambda$invokeTestMethod$6(TestMethodTestDescriptor.java:212)
	org.junit.platform.engine.support.hierarchical.ThrowableCollector.execute(ThrowableCollector.java:73)
	org.junit.jupiter.engine.descriptor.TestMethodTestDescriptor.invokeTestMethod(TestMethodTestDescriptor.java:208)
	org.junit.jupiter.engine.descriptor.TestMethodTestDescriptor.execute(TestMethodTestDescriptor.java:137)
	org.junit.jupiter.engine.descriptor.TestMethodTestDescriptor.execute(TestMethodTestDescriptor.java:71)
	org.junit.platform.engine.support.hierarchical.NodeTestTask.lambda$executeRecursively$5(NodeTestTask.java:135)
	org.junit.platform.engine.support.hierarchical.ThrowableCollector.execute(ThrowableCollector.java:73)
	org.junit.platform.engine.support.hierarchical.NodeTestTask.lambda$executeRecursively$7(NodeTestTask.java:125)
	org.junit.platform.engine.support.hierarchical.Node.around(Node.java:135)
	org.junit.platform.engine.support.hierarchical.NodeTestTask.lambda$executeRecursively$8(NodeTestTask.java:123)
	org.junit.platform.engine.support.hierarchical.ThrowableCollector.execute(ThrowableCollector.java:73)
	org.junit.platform.engine.support.hierarchical.NodeTestTask.executeRecursively(NodeTestTask.java:122)
	org.junit.platform.engine.support.hierarchical.NodeTestTask.execute(NodeTestTask.java:80)
	java.util.ArrayList.forEach(ArrayList.java:1257)
	org.junit.platform.engine.support.hierarchical.SameThreadHierarchicalTestExecutorService.invokeAll(SameThreadHierarchicalTestExecutorService.java:38)
	org.junit.platform.engine.support.hierarchical.NodeTestTask.lambda$executeRecursively$5(NodeTestTask.java:139)
	org.junit.platform.engine.support.hierarchical.ThrowableCollector.execute(ThrowableCollector.java:73)
	org.junit.platform.engine.support.hierarchical.NodeTestTask.lambda$executeRecursively$7(NodeTestTask.java:125)
	org.junit.platform.engine.support.hierarchical.Node.around(Node.java:135)
	org.junit.platform.engine.support.hierarchical.NodeTestTask.lambda$executeRecursively$8(NodeTestTask.java:123)
	org.junit.platform.engine.support.hierarchical.ThrowableCollector.execute(ThrowableCollector.java:73)
	org.junit.platform.engine.support.hierarchical.NodeTestTask.executeRecursively(NodeTestTask.java:122)
	org.junit.platform.engine.support.hierarchical.NodeTestTask.execute(NodeTestTask.java:80)
	java.util.ArrayList.forEach(ArrayList.java:1257)
	org.junit.platform.engine.support.hierarchical.SameThreadHierarchicalTestExecutorService.invokeAll(SameThreadHierarchicalTestExecutorService.java:38)
	org.junit.platform.engine.support.hierarchical.NodeTestTask.lambda$executeRecursively$5(NodeTestTask.java:139)
	org.junit.platform.engine.support.hierarchical.ThrowableCollector.execute(ThrowableCollector.java:73)
	org.junit.platform.engine.support.hierarchical.NodeTestTask.lambda$executeRecursively$7(NodeTestTask.java:125)
	org.junit.platform.engine.support.hierarchical.Node.around(Node.java:135)
	org.junit.platform.engine.support.hierarchical.NodeTestTask.lambda$executeRecursively$8(NodeTestTask.java:123)
	org.junit.platform.engine.support.hierarchical.ThrowableCollector.execute(ThrowableCollector.java:73)
	org.junit.platform.engine.support.hierarchical.NodeTestTask.executeRecursively(NodeTestTask.java:122)
	org.junit.platform.engine.support.hierarchical.NodeTestTask.execute(NodeTestTask.java:80)
	org.junit.platform.engine.support.hierarchical.SameThreadHierarchicalTestExecutorService.submit(SameThreadHierarchicalTestExecutorService.java:32)
	org.junit.platform.engine.support.hierarchical.HierarchicalTestExecutor.execute(HierarchicalTestExecutor.java:57)
	org.junit.platform.engine.support.hierarchical.HierarchicalTestEngine.execute(HierarchicalTestEngine.java:51)
	org.junit.platform.launcher.core.DefaultLauncher.execute(DefaultLauncher.java:248)
	org.junit.platform.launcher.core.DefaultLauncher.lambda$execute$5(DefaultLauncher.java:211)
	org.junit.platform.launcher.core.DefaultLauncher.withInterceptedStreams(DefaultLauncher.java:226)
	org.junit.platform.launcher.core.DefaultLauncher.execute(DefaultLauncher.java:199)
	org.junit.platform.launcher.core.DefaultLauncher.execute(DefaultLauncher.java:132)
	org.gradle.api.internal.tasks.testing.junitplatform.JUnitPlatformTestClassProcessor$CollectAllTestClassesExecutor.processAllTestClasses(JUnitPlatformTestClassProcessor.java:102)
	org.gradle.api.internal.tasks.testing.junitplatform.JUnitPlatformTestClassProcessor$CollectAllTestClassesExecutor.access$000(JUnitPlatformTestClassProcessor.java:82)
	org.gradle.api.internal.tasks.testing.junitplatform.JUnitPlatformTestClassProcessor.stop(JUnitPlatformTestClassProcessor.java:78)
	org.gradle.api.internal.tasks.testing.SuiteTestClassProcessor.stop(SuiteTestClassProcessor.java:61)
	sun.reflect.NativeMethodAccessorImpl.invoke0(Native Method)
	sun.reflect.NativeMethodAccessorImpl.invoke(NativeMethodAccessorImpl.java:62)
	sun.reflect.DelegatingMethodAccessorImpl.invoke(DelegatingMethodAccessorImpl.java:43)
	java.lang.reflect.Method.invoke(Method.java:498)
	org.gradle.internal.dispatch.ReflectionDispatch.dispatch(ReflectionDispatch.java:36)
	org.gradle.internal.dispatch.ReflectionDispatch.dispatch(ReflectionDispatch.java:24)
	org.gradle.internal.dispatch.ContextClassLoaderDispatch.dispatch(ContextClassLoaderDispatch.java:33)
	org.gradle.internal.dispatch.ProxyDispatchAdapter$DispatchingInvocationHandler.invoke(ProxyDispatchAdapter.java:94)
	com.sun.proxy.$Proxy2.stop(Unknown Source)
	org.gradle.api.internal.tasks.testing.worker.TestWorker.stop(TestWorker.java:132)
	sun.reflect.NativeMethodAccessorImpl.invoke0(Native Method)
	sun.reflect.NativeMethodAccessorImpl.invoke(NativeMethodAccessorImpl.java:62)
	sun.reflect.DelegatingMethodAccessorImpl.invoke(DelegatingMethodAccessorImpl.java:43)
	java.lang.reflect.Method.invoke(Method.java:498)
	org.gradle.internal.dispatch.ReflectionDispatch.dispatch(ReflectionDispatch.java:36)
	org.gradle.internal.dispatch.ReflectionDispatch.dispatch(ReflectionDispatch.java:24)
	org.gradle.internal.remote.internal.hub.MessageHubBackedObjectConnection$DispatchWrapper.dispatch(MessageHubBackedObjectConnection.java:182)
	org.gradle.internal.remote.internal.hub.MessageHubBackedObjectConnection$DispatchWrapper.dispatch(MessageHubBackedObjectConnection.java:164)
	org.gradle.internal.remote.internal.hub.MessageHub$Handler.run(MessageHub.java:412)
	org.gradle.internal.concurrent.ExecutorPolicy$CatchAndRecordFailures.onExecute(ExecutorPolicy.java:64)
	org.gradle.internal.concurrent.ManagedExecutorImpl$1.run(ManagedExecutorImpl.java:48)
	java.util.concurrent.ThreadPoolExecutor.runWorker(ThreadPoolExecutor.java:1149)
	java.util.concurrent.ThreadPoolExecutor$Worker.run(ThreadPoolExecutor.java:624)
	org.gradle.internal.concurrent.ThreadFactoryImpl$ManagedThreadRunnable.run(ThreadFactoryImpl.java:56)
	java.lang.Thread.run(Thread.java:748)
#2:
	io.netty.buffer.AdvancedLeakAwareByteBuf.slice(AdvancedLeakAwareByteBuf.java:76)
	io.rsocket.util.ByteBufPayload.sliceMetadata(ByteBufPayload.java:134)
	io.rsocket.Payload.getMetadataUtf8(Payload.java:98)
	java.util.stream.ReferencePipeline$3$1.accept(ReferencePipeline.java:193)
	java.util.ArrayList$ArrayListSpliterator.forEachRemaining(ArrayList.java:1382)
	java.util.stream.AbstractPipeline.copyInto(AbstractPipeline.java:481)
	java.util.stream.AbstractPipeline.wrapAndCopyInto(AbstractPipeline.java:471)
	java.util.stream.AbstractPipeline.evaluate(AbstractPipeline.java:545)
	java.util.stream.AbstractPipeline.evaluateToArrayNode(AbstractPipeline.java:260)
	java.util.stream.ReferencePipeline.toArray(ReferencePipeline.java:438)
	org.springframework.messaging.rsocket.DefaultRSocketRequesterTests.testSendFlux(DefaultRSocketRequesterTests.java:132)
	org.springframework.messaging.rsocket.DefaultRSocketRequesterTests.sendFlux(DefaultRSocketRequesterTests.java:108)
	sun.reflect.NativeMethodAccessorImpl.invoke0(Native Method)
	sun.reflect.NativeMethodAccessorImpl.invoke(NativeMethodAccessorImpl.java:62)
	sun.reflect.DelegatingMethodAccessorImpl.invoke(DelegatingMethodAccessorImpl.java:43)
	java.lang.reflect.Method.invoke(Method.java:498)
	org.junit.platform.commons.util.ReflectionUtils.invokeMethod(ReflectionUtils.java:686)
	org.junit.jupiter.engine.execution.MethodInvocation.proceed(MethodInvocation.java:60)
	org.junit.jupiter.engine.execution.InvocationInterceptorChain$ValidatingInvocation.proceed(InvocationInterceptorChain.java:131)
	org.junit.jupiter.engine.extension.TimeoutExtension.intercept(TimeoutExtension.java:149)
	org.junit.jupiter.engine.extension.TimeoutExtension.interceptTestableMethod(TimeoutExtension.java:140)
	org.junit.jupiter.engine.extension.TimeoutExtension.interceptTestMethod(TimeoutExtension.java:84)
	org.junit.jupiter.engine.execution.ExecutableInvoker$ReflectiveInterceptorCall.lambda$ofVoidMethod$0(ExecutableInvoker.java:115)
	org.junit.jupiter.engine.execution.ExecutableInvoker.lambda$invoke$0(ExecutableInvoker.java:105)
	org.junit.jupiter.engine.execution.InvocationInterceptorChain$InterceptedInvocation.proceed(InvocationInterceptorChain.java:106)
	org.junit.jupiter.engine.execution.InvocationInterceptorChain.proceed(InvocationInterceptorChain.java:64)
	org.junit.jupiter.engine.execution.InvocationInterceptorChain.chainAndInvoke(InvocationInterceptorChain.java:45)
	org.junit.jupiter.engine.execution.InvocationInterceptorChain.invoke(InvocationInterceptorChain.java:37)
	org.junit.jupiter.engine.execution.ExecutableInvoker.invoke(ExecutableInvoker.java:104)
	org.junit.jupiter.engine.execution.ExecutableInvoker.invoke(ExecutableInvoker.java:98)
	org.junit.jupiter.engine.descriptor.TestMethodTestDescriptor.lambda$invokeTestMethod$6(TestMethodTestDescriptor.java:212)
	org.junit.platform.engine.support.hierarchical.ThrowableCollector.execute(ThrowableCollector.java:73)
	org.junit.jupiter.engine.descriptor.TestMethodTestDescriptor.invokeTestMethod(TestMethodTestDescriptor.java:208)
	org.junit.jupiter.engine.descriptor.TestMethodTestDescriptor.execute(TestMethodTestDescriptor.java:137)
	org.junit.jupiter.engine.descriptor.TestMethodTestDescriptor.execute(TestMethodTestDescriptor.java:71)
	org.junit.platform.engine.support.hierarchical.NodeTestTask.lambda$executeRecursively$5(NodeTestTask.java:135)
	org.junit.platform.engine.support.hierarchical.ThrowableCollector.execute(ThrowableCollector.java:73)
	org.junit.platform.engine.support.hierarchical.NodeTestTask.lambda$executeRecursively$7(NodeTestTask.java:125)
	org.junit.platform.engine.support.hierarchical.Node.around(Node.java:135)
	org.junit.platform.engine.support.hierarchical.NodeTestTask.lambda$executeRecursively$8(NodeTestTask.java:123)
	org.junit.platform.engine.support.hierarchical.ThrowableCollector.execute(ThrowableCollector.java:73)
	org.junit.platform.engine.support.hierarchical.NodeTestTask.executeRecursively(NodeTestTask.java:122)
	org.junit.platform.engine.support.hierarchical.NodeTestTask.execute(NodeTestTask.java:80)
	java.util.ArrayList.forEach(ArrayList.java:1257)
	org.junit.platform.engine.support.hierarchical.SameThreadHierarchicalTestExecutorService.invokeAll(SameThreadHierarchicalTestExecutorService.java:38)
	org.junit.platform.engine.support.hierarchical.NodeTestTask.lambda$executeRecursively$5(NodeTestTask.java:139)
	org.junit.platform.engine.support.hierarchical.ThrowableCollector.execute(ThrowableCollector.java:73)
	org.junit.platform.engine.support.hierarchical.NodeTestTask.lambda$executeRecursively$7(NodeTestTask.java:125)
	org.junit.platform.engine.support.hierarchical.Node.around(Node.java:135)
	org.junit.platform.engine.support.hierarchical.NodeTestTask.lambda$executeRecursively$8(NodeTestTask.java:123)
	org.junit.platform.engine.support.hierarchical.ThrowableCollector.execute(ThrowableCollector.java:73)
	org.junit.platform.engine.support.hierarchical.NodeTestTask.executeRecursively(NodeTestTask.java:122)
	org.junit.platform.engine.support.hierarchical.NodeTestTask.execute(NodeTestTask.java:80)
	java.util.ArrayList.forEach(ArrayList.java:1257)
	org.junit.platform.engine.support.hierarchical.SameThreadHierarchicalTestExecutorService.invokeAll(SameThreadHierarchicalTestExecutorService.java:38)
	org.junit.platform.engine.support.hierarchical.NodeTestTask.lambda$executeRecursively$5(NodeTestTask.java:139)
	org.junit.platform.engine.support.hierarchical.ThrowableCollector.execute(ThrowableCollector.java:73)
	org.junit.platform.engine.support.hierarchical.NodeTestTask.lambda$executeRecursively$7(NodeTestTask.java:125)
	org.junit.platform.engine.support.hierarchical.Node.around(Node.java:135)
	org.junit.platform.engine.support.hierarchical.NodeTestTask.lambda$executeRecursively$8(NodeTestTask.java:123)
	org.junit.platform.engine.support.hierarchical.ThrowableCollector.execute(ThrowableCollector.java:73)
	org.junit.platform.engine.support.hierarchical.NodeTestTask.executeRecursively(NodeTestTask.java:122)
	org.junit.platform.engine.support.hierarchical.NodeTestTask.execute(NodeTestTask.java:80)
	org.junit.platform.engine.support.hierarchical.SameThreadHierarchicalTestExecutorService.submit(SameThreadHierarchicalTestExecutorService.java:32)
	org.junit.platform.engine.support.hierarchical.HierarchicalTestExecutor.execute(HierarchicalTestExecutor.java:57)
	org.junit.platform.engine.support.hierarchical.HierarchicalTestEngine.execute(HierarchicalTestEngine.java:51)
	org.junit.platform.launcher.core.DefaultLauncher.execute(DefaultLauncher.java:248)
	org.junit.platform.launcher.core.DefaultLauncher.lambda$execute$5(DefaultLauncher.java:211)
	org.junit.platform.launcher.core.DefaultLauncher.withInterceptedStreams(DefaultLauncher.java:226)
	org.junit.platform.launcher.core.DefaultLauncher.execute(DefaultLauncher.java:199)
	org.junit.platform.launcher.core.DefaultLauncher.execute(DefaultLauncher.java:132)
	org.gradle.api.internal.tasks.testing.junitplatform.JUnitPlatformTestClassProcessor$CollectAllTestClassesExecutor.processAllTestClasses(JUnitPlatformTestClassProcessor.java:102)
	org.gradle.api.internal.tasks.testing.junitplatform.JUnitPlatformTestClassProcessor$CollectAllTestClassesExecutor.access$000(JUnitPlatformTestClassProcessor.java:82)
	org.gradle.api.internal.tasks.testing.junitplatform.JUnitPlatformTestClassProcessor.stop(JUnitPlatformTestClassProcessor.java:78)
	org.gradle.api.internal.tasks.testing.SuiteTestClassProcessor.stop(SuiteTestClassProcessor.java:61)
	sun.reflect.NativeMethodAccessorImpl.invoke0(Native Method)
	sun.reflect.NativeMethodAccessorImpl.invoke(NativeMethodAccessorImpl.java:62)
	sun.reflect.DelegatingMethodAccessorImpl.invoke(DelegatingMethodAccessorImpl.java:43)
	java.lang.reflect.Method.invoke(Method.java:498)
	org.gradle.internal.dispatch.ReflectionDispatch.dispatch(ReflectionDispatch.java:36)
	org.gradle.internal.dispatch.ReflectionDispatch.dispatch(ReflectionDispatch.java:24)
	org.gradle.internal.dispatch.ContextClassLoaderDispatch.dispatch(ContextClassLoaderDispatch.java:33)
	org.gradle.internal.dispatch.ProxyDispatchAdapter$DispatchingInvocationHandler.invoke(ProxyDispatchAdapter.java:94)
	com.sun.proxy.$Proxy2.stop(Unknown Source)
	org.gradle.api.internal.tasks.testing.worker.TestWorker.stop(TestWorker.java:132)
	sun.reflect.NativeMethodAccessorImpl.invoke0(Native Method)
	sun.reflect.NativeMethodAccessorImpl.invoke(NativeMethodAccessorImpl.java:62)
	sun.reflect.DelegatingMethodAccessorImpl.invoke(DelegatingMethodAccessorImpl.java:43)
	java.lang.reflect.Method.invoke(Method.java:498)
	org.gradle.internal.dispatch.ReflectionDispatch.dispatch(ReflectionDispatch.java:36)
	org.gradle.internal.dispatch.ReflectionDispatch.dispatch(ReflectionDispatch.java:24)
	org.gradle.internal.remote.internal.hub.MessageHubBackedObjectConnection$DispatchWrapper.dispatch(MessageHubBackedObjectConnection.java:182)
	org.gradle.internal.remote.internal.hub.MessageHubBackedObjectConnection$DispatchWrapper.dispatch(MessageHubBackedObjectConnection.java:164)
	org.gradle.internal.remote.internal.hub.MessageHub$Handler.run(MessageHub.java:412)
	org.gradle.internal.concurrent.ExecutorPolicy$CatchAndRecordFailures.onExecute(ExecutorPolicy.java:64)
	org.gradle.internal.concurrent.ManagedExecutorImpl$1.run(ManagedExecutorImpl.java:48)
	java.util.concurrent.ThreadPoolExecutor.runWorker(ThreadPoolExecutor.java:1149)
	java.util.concurrent.ThreadPoolExecutor$Worker.run(ThreadPoolExecutor.java:624)
	org.gradle.internal.concurrent.ThreadFactoryImpl$ManagedThreadRunnable.run(ThreadFactoryImpl.java:56)
	java.lang.Thread.run(Thread.java:748)
Created at:
	io.netty.buffer.PooledByteBufAllocator.newDirectBuffer(PooledByteBufAllocator.java:363)
	io.netty.buffer.AbstractByteBufAllocator.directBuffer(AbstractByteBufAllocator.java:187)
	io.netty.buffer.AbstractByteBufAllocator.directBuffer(AbstractByteBufAllocator.java:178)
	io.netty.buffer.AbstractByteBufAllocator.buffer(AbstractByteBufAllocator.java:115)
	org.springframework.core.io.buffer.NettyDataBufferFactory.allocateBuffer(NettyDataBufferFactory.java:71)
	org.springframework.core.io.buffer.NettyDataBufferFactory.allocateBuffer(NettyDataBufferFactory.java:39)
	org.springframework.core.codec.CharSequenceEncoder.encodeValue(CharSequenceEncoder.java:91)
	org.springframework.core.codec.CharSequenceEncoder.encodeValue(CharSequenceEncoder.java:47)
	org.springframework.messaging.rsocket.MetadataEncoder.encodeEntry(MetadataEncoder.java:240)
	org.springframework.messaging.rsocket.MetadataEncoder.encodeEntries(MetadataEncoder.java:209)
	org.springframework.messaging.rsocket.MetadataEncoder.lambda$encode$1(MetadataEncoder.java:180)
	reactor.core.publisher.MonoCallable.subscribe(MonoCallable.java:56)
	reactor.core.publisher.Mono.subscribe(Mono.java:4208)
	reactor.core.publisher.MonoZip.subscribe(MonoZip.java:128)
	reactor.core.publisher.Mono.subscribe(Mono.java:4208)
	reactor.core.publisher.FluxConcatArray$ConcatArraySubscriber.onComplete(FluxConcatArray.java:207)
	reactor.core.publisher.FluxConcatArray.subscribe(FluxConcatArray.java:80)
	reactor.core.publisher.Flux.subscribe(Flux.java:8258)
	reactor.core.publisher.FluxSwitchOnFirst$AbstractSwitchOnFirstMain.onNext(FluxSwitchOnFirst.java:154)
	reactor.core.publisher.FluxSwitchIfEmpty$SwitchIfEmptySubscriber.onNext(FluxSwitchIfEmpty.java:67)
	reactor.core.publisher.FluxMap$MapSubscriber.onNext(FluxMap.java:114)
	reactor.core.publisher.FluxConcatMap$ConcatMapImmediate.innerNext(FluxConcatMap.java:274)
	reactor.core.publisher.FluxConcatMap$ConcatMapInner.onNext(FluxConcatMap.java:851)
	reactor.core.publisher.Operators$MonoSubscriber.complete(Operators.java:1755)
	reactor.core.publisher.MonoDelayUntil$DelayUntilCoordinator.signal(MonoDelayUntil.java:258)
	reactor.core.publisher.MonoDelayUntil$DelayUntilTrigger.onComplete(MonoDelayUntil.java:337)
	reactor.core.publisher.MonoDelay$MonoDelayRunnable.run(MonoDelay.java:118)
	reactor.core.scheduler.SchedulerTask.call(SchedulerTask.java:68)
	reactor.core.scheduler.SchedulerTask.call(SchedulerTask.java:28)
	java.util.concurrent.FutureTask.run(FutureTask.java:266)
	java.util.concurrent.ScheduledThreadPoolExecutor$ScheduledFutureTask.access$201(ScheduledThreadPoolExecutor.java:180)
	java.util.concurrent.ScheduledThreadPoolExecutor$ScheduledFutureTask.run(ScheduledThreadPoolExecutor.java:293)
	java.util.concurrent.ThreadPoolExecutor.runWorker(ThreadPoolExecutor.java:1149)
	java.util.concurrent.ThreadPoolExecutor$Worker.run(ThreadPoolExecutor.java:624)
	java.lang.Thread.run(Thread.java:748)
22:22:58.496 [Test worker] ERROR i.n.u.ResourceLeakDetector - LEAK: ByteBuf.release() was not called before it's garbage-collected. See https://netty.io/wiki/reference-counted-objects.html for more information.
Recent access records: 
#1:
	io.netty.buffer.AdvancedLeakAwareByteBuf.toString(AdvancedLeakAwareByteBuf.java:742)
	io.rsocket.Payload.getMetadataUtf8(Payload.java:98)
	org.springframework.messaging.rsocket.DefaultRSocketRequesterTests.retrieveFluxWithoutData(DefaultRSocketRequesterTests.java:235)
	sun.reflect.NativeMethodAccessorImpl.invoke0(Native Method)
	sun.reflect.NativeMethodAccessorImpl.invoke(NativeMethodAccessorImpl.java:62)
	sun.reflect.DelegatingMethodAccessorImpl.invoke(DelegatingMethodAccessorImpl.java:43)
	java.lang.reflect.Method.invoke(Method.java:498)
	org.junit.platform.commons.util.ReflectionUtils.invokeMethod(ReflectionUtils.java:686)
	org.junit.jupiter.engine.execution.MethodInvocation.proceed(MethodInvocation.java:60)
	org.junit.jupiter.engine.execution.InvocationInterceptorChain$ValidatingInvocation.proceed(InvocationInterceptorChain.java:131)
	org.junit.jupiter.engine.extension.TimeoutExtension.intercept(TimeoutExtension.java:149)
	org.junit.jupiter.engine.extension.TimeoutExtension.interceptTestableMethod(TimeoutExtension.java:140)
	org.junit.jupiter.engine.extension.TimeoutExtension.interceptTestMethod(TimeoutExtension.java:84)
	org.junit.jupiter.engine.execution.ExecutableInvoker$ReflectiveInterceptorCall.lambda$ofVoidMethod$0(ExecutableInvoker.java:115)
	org.junit.jupiter.engine.execution.ExecutableInvoker.lambda$invoke$0(ExecutableInvoker.java:105)
	org.junit.jupiter.engine.execution.InvocationInterceptorChain$InterceptedInvocation.proceed(InvocationInterceptorChain.java:106)
	org.junit.jupiter.engine.execution.InvocationInterceptorChain.proceed(InvocationInterceptorChain.java:64)
	org.junit.jupiter.engine.execution.InvocationInterceptorChain.chainAndInvoke(InvocationInterceptorChain.java:45)
	org.junit.jupiter.engine.execution.InvocationInterceptorChain.invoke(InvocationInterceptorChain.java:37)
	org.junit.jupiter.engine.execution.ExecutableInvoker.invoke(ExecutableInvoker.java:104)
	org.junit.jupiter.engine.execution.ExecutableInvoker.invoke(ExecutableInvoker.java:98)
	org.junit.jupiter.engine.descriptor.TestMethodTestDescriptor.lambda$invokeTestMethod$6(TestMethodTestDescriptor.java:212)
	org.junit.platform.engine.support.hierarchical.ThrowableCollector.execute(ThrowableCollector.java:73)
	org.junit.jupiter.engine.descriptor.TestMethodTestDescriptor.invokeTestMethod(TestMethodTestDescriptor.java:208)
	org.junit.jupiter.engine.descriptor.TestMethodTestDescriptor.execute(TestMethodTestDescriptor.java:137)
	org.junit.jupiter.engine.descriptor.TestMethodTestDescriptor.execute(TestMethodTestDescriptor.java:71)
	org.junit.platform.engine.support.hierarchical.NodeTestTask.lambda$executeRecursively$5(NodeTestTask.java:135)
	org.junit.platform.engine.support.hierarchical.ThrowableCollector.execute(ThrowableCollector.java:73)
	org.junit.platform.engine.support.hierarchical.NodeTestTask.lambda$executeRecursively$7(NodeTestTask.java:125)
	org.junit.platform.engine.support.hierarchical.Node.around(Node.java:135)
	org.junit.platform.engine.support.hierarchical.NodeTestTask.lambda$executeRecursively$8(NodeTestTask.java:123)
	org.junit.platform.engine.support.hierarchical.ThrowableCollector.execute(ThrowableCollector.java:73)
	org.junit.platform.engine.support.hierarchical.NodeTestTask.executeRecursively(NodeTestTask.java:122)
	org.junit.platform.engine.support.hierarchical.NodeTestTask.execute(NodeTestTask.java:80)
	java.util.ArrayList.forEach(ArrayList.java:1257)
	org.junit.platform.engine.support.hierarchical.SameThreadHierarchicalTestExecutorService.invokeAll(SameThreadHierarchicalTestExecutorService.java:38)
	org.junit.platform.engine.support.hierarchical.NodeTestTask.lambda$executeRecursively$5(NodeTestTask.java:139)
	org.junit.platform.engine.support.hierarchical.ThrowableCollector.execute(ThrowableCollector.java:73)
	org.junit.platform.engine.support.hierarchical.NodeTestTask.lambda$executeRecursively$7(NodeTestTask.java:125)
	org.junit.platform.engine.support.hierarchical.Node.around(Node.java:135)
	org.junit.platform.engine.support.hierarchical.NodeTestTask.lambda$executeRecursively$8(NodeTestTask.java:123)
	org.junit.platform.engine.support.hierarchical.ThrowableCollector.execute(ThrowableCollector.java:73)
	org.junit.platform.engine.support.hierarchical.NodeTestTask.executeRecursively(NodeTestTask.java:122)
	org.junit.platform.engine.support.hierarchical.NodeTestTask.execute(NodeTestTask.java:80)
	java.util.ArrayList.forEach(ArrayList.java:1257)
	org.junit.platform.engine.support.hierarchical.SameThreadHierarchicalTestExecutorService.invokeAll(SameThreadHierarchicalTestExecutorService.java:38)
	org.junit.platform.engine.support.hierarchical.NodeTestTask.lambda$executeRecursively$5(NodeTestTask.java:139)
	org.junit.platform.engine.support.hierarchical.ThrowableCollector.execute(ThrowableCollector.java:73)
	org.junit.platform.engine.support.hierarchical.NodeTestTask.lambda$executeRecursively$7(NodeTestTask.java:125)
	org.junit.platform.engine.support.hierarchical.Node.around(Node.java:135)
	org.junit.platform.engine.support.hierarchical.NodeTestTask.lambda$executeRecursively$8(NodeTestTask.java:123)
	org.junit.platform.engine.support.hierarchical.ThrowableCollector.execute(ThrowableCollector.java:73)
	org.junit.platform.engine.support.hierarchical.NodeTestTask.executeRecursively(NodeTestTask.java:122)
	org.junit.platform.engine.support.hierarchical.NodeTestTask.execute(NodeTestTask.java:80)
	org.junit.platform.engine.support.hierarchical.SameThreadHierarchicalTestExecutorService.submit(SameThreadHierarchicalTestExecutorService.java:32)
	org.junit.platform.engine.support.hierarchical.HierarchicalTestExecutor.execute(HierarchicalTestExecutor.java:57)
	org.junit.platform.engine.support.hierarchical.HierarchicalTestEngine.execute(HierarchicalTestEngine.java:51)
	org.junit.platform.launcher.core.DefaultLauncher.execute(DefaultLauncher.java:248)
	org.junit.platform.launcher.core.DefaultLauncher.lambda$execute$5(DefaultLauncher.java:211)
	org.junit.platform.launcher.core.DefaultLauncher.withInterceptedStreams(DefaultLauncher.java:226)
	org.junit.platform.launcher.core.DefaultLauncher.execute(DefaultLauncher.java:199)
	org.junit.platform.launcher.core.DefaultLauncher.execute(DefaultLauncher.java:132)
	org.gradle.api.internal.tasks.testing.junitplatform.JUnitPlatformTestClassProcessor$CollectAllTestClassesExecutor.processAllTestClasses(JUnitPlatformTestClassProcessor.java:102)
	org.gradle.api.internal.tasks.testing.junitplatform.JUnitPlatformTestClassProcessor$CollectAllTestClassesExecutor.access$000(JUnitPlatformTestClassProcessor.java:82)
	org.gradle.api.internal.tasks.testing.junitplatform.JUnitPlatformTestClassProcessor.stop(JUnitPlatformTestClassProcessor.java:78)
	org.gradle.api.internal.tasks.testing.SuiteTestClassProcessor.stop(SuiteTestClassProcessor.java:61)
	sun.reflect.NativeMethodAccessorImpl.invoke0(Native Method)
	sun.reflect.NativeMethodAccessorImpl.invoke(NativeMethodAccessorImpl.java:62)
	sun.reflect.DelegatingMethodAccessorImpl.invoke(DelegatingMethodAccessorImpl.java:43)
	java.lang.reflect.Method.invoke(Method.java:498)
	org.gradle.internal.dispatch.ReflectionDispatch.dispatch(ReflectionDispatch.java:36)
	org.gradle.internal.dispatch.ReflectionDispatch.dispatch(ReflectionDispatch.java:24)
	org.gradle.internal.dispatch.ContextClassLoaderDispatch.dispatch(ContextClassLoaderDispatch.java:33)
	org.gradle.internal.dispatch.ProxyDispatchAdapter$DispatchingInvocationHandler.invoke(ProxyDispatchAdapter.java:94)
	com.sun.proxy.$Proxy2.stop(Unknown Source)
	org.gradle.api.internal.tasks.testing.worker.TestWorker.stop(TestWorker.java:132)
	sun.reflect.NativeMethodAccessorImpl.invoke0(Native Method)
	sun.reflect.NativeMethodAccessorImpl.invoke(NativeMethodAccessorImpl.java:62)
	sun.reflect.DelegatingMethodAccessorImpl.invoke(DelegatingMethodAccessorImpl.java:43)
	java.lang.reflect.Method.invoke(Method.java:498)
	org.gradle.internal.dispatch.ReflectionDispatch.dispatch(ReflectionDispatch.java:36)
	org.gradle.internal.dispatch.ReflectionDispatch.dispatch(ReflectionDispatch.java:24)
	org.gradle.internal.remote.internal.hub.MessageHubBackedObjectConnection$DispatchWrapper.dispatch(MessageHubBackedObjectConnection.java:182)
	org.gradle.internal.remote.internal.hub.MessageHubBackedObjectConnection$DispatchWrapper.dispatch(MessageHubBackedObjectConnection.java:164)
	org.gradle.internal.remote.internal.hub.MessageHub$Handler.run(MessageHub.java:412)
	org.gradle.internal.concurrent.ExecutorPolicy$CatchAndRecordFailures.onExecute(ExecutorPolicy.java:64)
	org.gradle.internal.concurrent.ManagedExecutorImpl$1.run(ManagedExecutorImpl.java:48)
	java.util.concurrent.ThreadPoolExecutor.runWorker(ThreadPoolExecutor.java:1149)
	java.util.concurrent.ThreadPoolExecutor$Worker.run(ThreadPoolExecutor.java:624)
	org.gradle.internal.concurrent.ThreadFactoryImpl$ManagedThreadRunnable.run(ThreadFactoryImpl.java:56)
	java.lang.Thread.run(Thread.java:748)
#2:
	io.netty.buffer.AdvancedLeakAwareByteBuf.slice(AdvancedLeakAwareByteBuf.java:76)
	io.rsocket.util.ByteBufPayload.sliceMetadata(ByteBufPayload.java:134)
	io.rsocket.Payload.getMetadataUtf8(Payload.java:98)
	org.springframework.messaging.rsocket.DefaultRSocketRequesterTests.retrieveFluxWithoutData(DefaultRSocketRequesterTests.java:235)
	sun.reflect.NativeMethodAccessorImpl.invoke0(Native Method)
	sun.reflect.NativeMethodAccessorImpl.invoke(NativeMethodAccessorImpl.java:62)
	sun.reflect.DelegatingMethodAccessorImpl.invoke(DelegatingMethodAccessorImpl.java:43)
	java.lang.reflect.Method.invoke(Method.java:498)
	org.junit.platform.commons.util.ReflectionUtils.invokeMethod(ReflectionUtils.java:686)
	org.junit.jupiter.engine.execution.MethodInvocation.proceed(MethodInvocation.java:60)
	org.junit.jupiter.engine.execution.InvocationInterceptorChain$ValidatingInvocation.proceed(InvocationInterceptorChain.java:131)
	org.junit.jupiter.engine.extension.TimeoutExtension.intercept(TimeoutExtension.java:149)
	org.junit.jupiter.engine.extension.TimeoutExtension.interceptTestableMethod(TimeoutExtension.java:140)
	org.junit.jupiter.engine.extension.TimeoutExtension.interceptTestMethod(TimeoutExtension.java:84)
	org.junit.jupiter.engine.execution.ExecutableInvoker$ReflectiveInterceptorCall.lambda$ofVoidMethod$0(ExecutableInvoker.java:115)
	org.junit.jupiter.engine.execution.ExecutableInvoker.lambda$invoke$0(ExecutableInvoker.java:105)
	org.junit.jupiter.engine.execution.InvocationInterceptorChain$InterceptedInvocation.proceed(InvocationInterceptorChain.java:106)
	org.junit.jupiter.engine.execution.InvocationInterceptorChain.proceed(InvocationInterceptorChain.java:64)
	org.junit.jupiter.engine.execution.InvocationInterceptorChain.chainAndInvoke(InvocationInterceptorChain.java:45)
	org.junit.jupiter.engine.execution.InvocationInterceptorChain.invoke(InvocationInterceptorChain.java:37)
	org.junit.jupiter.engine.execution.ExecutableInvoker.invoke(ExecutableInvoker.java:104)
	org.junit.jupiter.engine.execution.ExecutableInvoker.invoke(ExecutableInvoker.java:98)
	org.junit.jupiter.engine.descriptor.TestMethodTestDescriptor.lambda$invokeTestMethod$6(TestMethodTestDescriptor.java:212)
	org.junit.platform.engine.support.hierarchical.ThrowableCollector.execute(ThrowableCollector.java:73)
	org.junit.jupiter.engine.descriptor.TestMethodTestDescriptor.invokeTestMethod(TestMethodTestDescriptor.java:208)
	org.junit.jupiter.engine.descriptor.TestMethodTestDescriptor.execute(TestMethodTestDescriptor.java:137)
	org.junit.jupiter.engine.descriptor.TestMethodTestDescriptor.execute(TestMethodTestDescriptor.java:71)
	org.junit.platform.engine.support.hierarchical.NodeTestTask.lambda$executeRecursively$5(NodeTestTask.java:135)
	org.junit.platform.engine.support.hierarchical.ThrowableCollector.execute(ThrowableCollector.java:73)
	org.junit.platform.engine.support.hierarchical.NodeTestTask.lambda$executeRecursively$7(NodeTestTask.java:125)
	org.junit.platform.engine.support.hierarchical.Node.around(Node.java:135)
	org.junit.platform.engine.support.hierarchical.NodeTestTask.lambda$executeRecursively$8(NodeTestTask.java:123)
	org.junit.platform.engine.support.hierarchical.ThrowableCollector.execute(ThrowableCollector.java:73)
	org.junit.platform.engine.support.hierarchical.NodeTestTask.executeRecursively(NodeTestTask.java:122)
	org.junit.platform.engine.support.hierarchical.NodeTestTask.execute(NodeTestTask.java:80)
	java.util.ArrayList.forEach(ArrayList.java:1257)
	org.junit.platform.engine.support.hierarchical.SameThreadHierarchicalTestExecutorService.invokeAll(SameThreadHierarchicalTestExecutorService.java:38)
	org.junit.platform.engine.support.hierarchical.NodeTestTask.lambda$executeRecursively$5(NodeTestTask.java:139)
	org.junit.platform.engine.support.hierarchical.ThrowableCollector.execute(ThrowableCollector.java:73)
	org.junit.platform.engine.support.hierarchical.NodeTestTask.lambda$executeRecursively$7(NodeTestTask.java:125)
	org.junit.platform.engine.support.hierarchical.Node.around(Node.java:135)
	org.junit.platform.engine.support.hierarchical.NodeTestTask.lambda$executeRecursively$8(NodeTestTask.java:123)
	org.junit.platform.engine.support.hierarchical.ThrowableCollector.execute(ThrowableCollector.java:73)
	org.junit.platform.engine.support.hierarchical.NodeTestTask.executeRecursively(NodeTestTask.java:122)
	org.junit.platform.engine.support.hierarchical.NodeTestTask.execute(NodeTestTask.java:80)
	java.util.ArrayList.forEach(ArrayList.java:1257)
	org.junit.platform.engine.support.hierarchical.SameThreadHierarchicalTestExecutorService.invokeAll(SameThreadHierarchicalTestExecutorService.java:38)
	org.junit.platform.engine.support.hierarchical.NodeTestTask.lambda$executeRecursively$5(NodeTestTask.java:139)
	org.junit.platform.engine.support.hierarchical.ThrowableCollector.execute(ThrowableCollector.java:73)
	org.junit.platform.engine.support.hierarchical.NodeTestTask.lambda$executeRecursively$7(NodeTestTask.java:125)
	org.junit.platform.engine.support.hierarchical.Node.around(Node.java:135)
	org.junit.platform.engine.support.hierarchical.NodeTestTask.lambda$executeRecursively$8(NodeTestTask.java:123)
	org.junit.platform.engine.support.hierarchical.ThrowableCollector.execute(ThrowableCollector.java:73)
	org.junit.platform.engine.support.hierarchical.NodeTestTask.executeRecursively(NodeTestTask.java:122)
	org.junit.platform.engine.support.hierarchical.NodeTestTask.execute(NodeTestTask.java:80)
	org.junit.platform.engine.support.hierarchical.SameThreadHierarchicalTestExecutorService.submit(SameThreadHierarchicalTestExecutorService.java:32)
	org.junit.platform.engine.support.hierarchical.HierarchicalTestExecutor.execute(HierarchicalTestExecutor.java:57)
	org.junit.platform.engine.support.hierarchical.HierarchicalTestEngine.execute(HierarchicalTestEngine.java:51)
	org.junit.platform.launcher.core.DefaultLauncher.execute(DefaultLauncher.java:248)
	org.junit.platform.launcher.core.DefaultLauncher.lambda$execute$5(DefaultLauncher.java:211)
	org.junit.platform.launcher.core.DefaultLauncher.withInterceptedStreams(DefaultLauncher.java:226)
	org.junit.platform.launcher.core.DefaultLauncher.execute(DefaultLauncher.java:199)
	org.junit.platform.launcher.core.DefaultLauncher.execute(DefaultLauncher.java:132)
	org.gradle.api.internal.tasks.testing.junitplatform.JUnitPlatformTestClassProcessor$CollectAllTestClassesExecutor.processAllTestClasses(JUnitPlatformTestClassProcessor.java:102)
	org.gradle.api.internal.tasks.testing.junitplatform.JUnitPlatformTestClassProcessor$CollectAllTestClassesExecutor.access$000(JUnitPlatformTestClassProcessor.java:82)
	org.gradle.api.internal.tasks.testing.junitplatform.JUnitPlatformTestClassProcessor.stop(JUnitPlatformTestClassProcessor.java:78)
	org.gradle.api.internal.tasks.testing.SuiteTestClassProcessor.stop(SuiteTestClassProcessor.java:61)
	sun.reflect.NativeMethodAccessorImpl.invoke0(Native Method)
	sun.reflect.NativeMethodAccessorImpl.invoke(NativeMethodAccessorImpl.java:62)
	sun.reflect.DelegatingMethodAccessorImpl.invoke(DelegatingMethodAccessorImpl.java:43)
	java.lang.reflect.Method.invoke(Method.java:498)
	org.gradle.internal.dispatch.ReflectionDispatch.dispatch(ReflectionDispatch.java:36)
	org.gradle.internal.dispatch.ReflectionDispatch.dispatch(ReflectionDispatch.java:24)
	org.gradle.internal.dispatch.ContextClassLoaderDispatch.dispatch(ContextClassLoaderDispatch.java:33)
	org.gradle.internal.dispatch.ProxyDispatchAdapter$DispatchingInvocationHandler.invoke(ProxyDispatchAdapter.java:94)
	com.sun.proxy.$Proxy2.stop(Unknown Source)
	org.gradle.api.internal.tasks.testing.worker.TestWorker.stop(TestWorker.java:132)
	sun.reflect.NativeMethodAccessorImpl.invoke0(Native Method)
	sun.reflect.NativeMethodAccessorImpl.invoke(NativeMethodAccessorImpl.java:62)
	sun.reflect.DelegatingMethodAccessorImpl.invoke(DelegatingMethodAccessorImpl.java:43)
	java.lang.reflect.Method.invoke(Method.java:498)
	org.gradle.internal.dispatch.ReflectionDispatch.dispatch(ReflectionDispatch.java:36)
	org.gradle.internal.dispatch.ReflectionDispatch.dispatch(ReflectionDispatch.java:24)
	org.gradle.internal.remote.internal.hub.MessageHubBackedObjectConnection$DispatchWrapper.dispatch(MessageHubBackedObjectConnection.java:182)
	org.gradle.internal.remote.internal.hub.MessageHubBackedObjectConnection$DispatchWrapper.dispatch(MessageHubBackedObjectConnection.java:164)
	org.gradle.internal.remote.internal.hub.MessageHub$Handler.run(MessageHub.java:412)
	org.gradle.internal.concurrent.ExecutorPolicy$CatchAndRecordFailures.onExecute(ExecutorPolicy.java:64)
	org.gradle.internal.concurrent.ManagedExecutorImpl$1.run(ManagedExecutorImpl.java:48)
	java.util.concurrent.ThreadPoolExecutor.runWorker(ThreadPoolExecutor.java:1149)
	java.util.concurrent.ThreadPoolExecutor$Worker.run(ThreadPoolExecutor.java:624)
	org.gradle.internal.concurrent.ThreadFactoryImpl$ManagedThreadRunnable.run(ThreadFactoryImpl.java:56)
	java.lang.Thread.run(Thread.java:748)
Created at:
	io.netty.buffer.PooledByteBufAllocator.newDirectBuffer(PooledByteBufAllocator.java:363)
	io.netty.buffer.AbstractByteBufAllocator.directBuffer(AbstractByteBufAllocator.java:187)
	io.netty.buffer.AbstractByteBufAllocator.directBuffer(AbstractByteBufAllocator.java:178)
	io.netty.buffer.AbstractByteBufAllocator.buffer(AbstractByteBufAllocator.java:115)
	org.springframework.core.io.buffer.NettyDataBufferFactory.allocateBuffer(NettyDataBufferFactory.java:71)
	org.springframework.core.io.buffer.NettyDataBufferFactory.allocateBuffer(NettyDataBufferFactory.java:39)
	org.springframework.core.codec.CharSequenceEncoder.encodeValue(CharSequenceEncoder.java:91)
	org.springframework.core.codec.CharSequenceEncoder.encodeValue(CharSequenceEncoder.java:47)
	org.springframework.messaging.rsocket.MetadataEncoder.encodeEntry(MetadataEncoder.java:240)
	org.springframework.messaging.rsocket.MetadataEncoder.encodeEntries(MetadataEncoder.java:209)
	org.springframework.messaging.rsocket.MetadataEncoder.lambda$encode$1(MetadataEncoder.java:180)
	reactor.core.publisher.MonoCallable.subscribe(MonoCallable.java:56)
	reactor.core.publisher.Mono.subscribe(Mono.java:4208)
	reactor.core.publisher.MonoZip.subscribe(MonoZip.java:128)
	reactor.core.publisher.Flux.subscribe(Flux.java:8258)
	reactor.core.publisher.Flux.blockLast(Flux.java:2501)
	org.springframework.messaging.rsocket.DefaultRSocketRequesterTests.retrieveFluxWithoutData(DefaultRSocketRequesterTests.java:232)
	sun.reflect.NativeMethodAccessorImpl.invoke0(Native Method)
	sun.reflect.NativeMethodAccessorImpl.invoke(NativeMethodAccessorImpl.java:62)
	sun.reflect.DelegatingMethodAccessorImpl.invoke(DelegatingMethodAccessorImpl.java:43)
	java.lang.reflect.Method.invoke(Method.java:498)
	org.junit.platform.commons.util.ReflectionUtils.invokeMethod(ReflectionUtils.java:686)
	org.junit.jupiter.engine.execution.MethodInvocation.proceed(MethodInvocation.java:60)
	org.junit.jupiter.engine.execution.InvocationInterceptorChain$ValidatingInvocation.proceed(InvocationInterceptorChain.java:131)
	org.junit.jupiter.engine.extension.TimeoutExtension.intercept(TimeoutExtension.java:149)
	org.junit.jupiter.engine.extension.TimeoutExtension.interceptTestableMethod(TimeoutExtension.java:140)
	org.junit.jupiter.engine.extension.TimeoutExtension.interceptTestMethod(TimeoutExtension.java:84)
	org.junit.jupiter.engine.execution.ExecutableInvoker$ReflectiveInterceptorCall.lambda$ofVoidMethod$0(ExecutableInvoker.java:115)
	org.junit.jupiter.engine.execution.ExecutableInvoker.lambda$invoke$0(ExecutableInvoker.java:105)
	org.junit.jupiter.engine.execution.InvocationInterceptorChain$InterceptedInvocation.proceed(InvocationInterceptorChain.java:106)
	org.junit.jupiter.engine.execution.InvocationInterceptorChain.proceed(InvocationInterceptorChain.java:64)
	org.junit.jupiter.engine.execution.InvocationInterceptorChain.chainAndInvoke(InvocationInterceptorChain.java:45)
	org.junit.jupiter.engine.execution.InvocationInterceptorChain.invoke(InvocationInterceptorChain.java:37)
	org.junit.jupiter.engine.execution.ExecutableInvoker.invoke(ExecutableInvoker.java:104)
	org.junit.jupiter.engine.execution.ExecutableInvoker.invoke(ExecutableInvoker.java:98)
	org.junit.jupiter.engine.descriptor.TestMethodTestDescriptor.lambda$invokeTestMethod$6(TestMethodTestDescriptor.java:212)
	org.junit.platform.engine.support.hierarchical.ThrowableCollector.execute(ThrowableCollector.java:73)
	org.junit.jupiter.engine.descriptor.TestMethodTestDescriptor.invokeTestMethod(TestMethodTestDescriptor.java:208)
	org.junit.jupiter.engine.descriptor.TestMethodTestDescriptor.execute(TestMethodTestDescriptor.java:137)
	org.junit.jupiter.engine.descriptor.TestMethodTestDescriptor.execute(TestMethodTestDescriptor.java:71)
	org.junit.platform.engine.support.hierarchical.NodeTestTask.lambda$executeRecursively$5(NodeTestTask.java:135)
	org.junit.platform.engine.support.hierarchical.ThrowableCollector.execute(ThrowableCollector.java:73)
	org.junit.platform.engine.support.hierarchical.NodeTestTask.lambda$executeRecursively$7(NodeTestTask.java:125)
	org.junit.platform.engine.support.hierarchical.Node.around(Node.java:135)
	org.junit.platform.engine.support.hierarchical.NodeTestTask.lambda$executeRecursively$8(NodeTestTask.java:123)
	org.junit.platform.engine.support.hierarchical.ThrowableCollector.execute(ThrowableCollector.java:73)
	org.junit.platform.engine.support.hierarchical.NodeTestTask.executeRecursively(NodeTestTask.java:122)
	org.junit.platform.engine.support.hierarchical.NodeTestTask.execute(NodeTestTask.java:80)
	java.util.ArrayList.forEach(ArrayList.java:1257)
	org.junit.platform.engine.support.hierarchical.SameThreadHierarchicalTestExecutorService.invokeAll(SameThreadHierarchicalTestExecutorService.java:38)
	org.junit.platform.engine.support.hierarchical.NodeTestTask.lambda$executeRecursively$5(NodeTestTask.java:139)
	org.junit.platform.engine.support.hierarchical.ThrowableCollector.execute(ThrowableCollector.java:73)
	org.junit.platform.engine.support.hierarchical.NodeTestTask.lambda$executeRecursively$7(NodeTestTask.java:125)
	org.junit.platform.engine.support.hierarchical.Node.around(Node.java:135)
	org.junit.platform.engine.support.hierarchical.NodeTestTask.lambda$executeRecursively$8(NodeTestTask.java:123)
	org.junit.platform.engine.support.hierarchical.ThrowableCollector.execute(ThrowableCollector.java:73)
	org.junit.platform.engine.support.hierarchical.NodeTestTask.executeRecursively(NodeTestTask.java:122)
	org.junit.platform.engine.support.hierarchical.NodeTestTask.execute(NodeTestTask.java:80)
	java.util.ArrayList.forEach(ArrayList.java:1257)
	org.junit.platform.engine.support.hierarchical.SameThreadHierarchicalTestExecutorService.invokeAll(SameThreadHierarchicalTestExecutorService.java:38)
	org.junit.platform.engine.support.hierarchical.NodeTestTask.lambda$executeRecursively$5(NodeTestTask.java:139)
	org.junit.platform.engine.support.hierarchical.ThrowableCollector.execute(ThrowableCollector.java:73)
	org.junit.platform.engine.support.hierarchical.NodeTestTask.lambda$executeRecursively$7(NodeTestTask.java:125)
	org.junit.platform.engine.support.hierarchical.Node.around(Node.java:135)
	org.junit.platform.engine.support.hierarchical.NodeTestTask.lambda$executeRecursively$8(NodeTestTask.java:123)
	org.junit.platform.engine.support.hierarchical.ThrowableCollector.execute(ThrowableCollector.java:73)
	org.junit.platform.engine.support.hierarchical.NodeTestTask.executeRecursively(NodeTestTask.java:122)
	org.junit.platform.engine.support.hierarchical.NodeTestTask.execute(NodeTestTask.java:80)
	org.junit.platform.engine.support.hierarchical.SameThreadHierarchicalTestExecutorService.submit(SameThreadHierarchicalTestExecutorService.java:32)
	org.junit.platform.engine.support.hierarchical.HierarchicalTestExecutor.execute(HierarchicalTestExecutor.java:57)
	org.junit.platform.engine.support.hierarchical.HierarchicalTestEngine.execute(HierarchicalTestEngine.java:51)
	org.junit.platform.launcher.core.DefaultLauncher.execute(DefaultLauncher.java:248)
	org.junit.platform.launcher.core.DefaultLauncher.lambda$execute$5(DefaultLauncher.java:211)
	org.junit.platform.launcher.core.DefaultLauncher.withInterceptedStreams(DefaultLauncher.java:226)
	org.junit.platform.launcher.core.DefaultLauncher.execute(DefaultLauncher.java:199)
	org.junit.platform.launcher.core.DefaultLauncher.execute(DefaultLauncher.java:132)
	org.gradle.api.internal.tasks.testing.junitplatform.JUnitPlatformTestClassProcessor$CollectAllTestClassesExecutor.processAllTestClasses(JUnitPlatformTestClassProcessor.java:102)
	org.gradle.api.internal.tasks.testing.junitplatform.JUnitPlatformTestClassProcessor$CollectAllTestClassesExecutor.access$000(JUnitPlatformTestClassProcessor.java:82)
	org.gradle.api.internal.tasks.testing.junitplatform.JUnitPlatformTestClassProcessor.stop(JUnitPlatformTestClassProcessor.java:78)
	org.gradle.api.internal.tasks.testing.SuiteTestClassProcessor.stop(SuiteTestClassProcessor.java:61)
	sun.reflect.NativeMethodAccessorImpl.invoke0(Native Method)
	sun.reflect.NativeMethodAccessorImpl.invoke(NativeMethodAccessorImpl.java:62)
	sun.reflect.DelegatingMethodAccessorImpl.invoke(DelegatingMethodAccessorImpl.java:43)
	java.lang.reflect.Method.invoke(Method.java:498)
	org.gradle.internal.dispatch.ReflectionDispatch.dispatch(ReflectionDispatch.java:36)
	org.gradle.internal.dispatch.ReflectionDispatch.dispatch(ReflectionDispatch.java:24)
	org.gradle.internal.dispatch.ContextClassLoaderDispatch.dispatch(ContextClassLoaderDispatch.java:33)
	org.gradle.internal.dispatch.ProxyDispatchAdapter$DispatchingInvocationHandler.invoke(ProxyDispatchAdapter.java:94)
	com.sun.proxy.$Proxy2.stop(Unknown Source)
	org.gradle.api.internal.tasks.testing.worker.TestWorker.stop(TestWorker.java:132)
	sun.reflect.NativeMethodAccessorImpl.invoke0(Native Method)
	sun.reflect.NativeMethodAccessorImpl.invoke(NativeMethodAccessorImpl.java:62)
	sun.reflect.DelegatingMethodAccessorImpl.invoke(DelegatingMethodAccessorImpl.java:43)
	java.lang.reflect.Method.invoke(Method.java:498)
	org.gradle.internal.dispatch.ReflectionDispatch.dispatch(ReflectionDispatch.java:36)
	org.gradle.internal.dispatch.ReflectionDispatch.dispatch(ReflectionDispatch.java:24)
	org.gradle.internal.remote.internal.hub.MessageHubBackedObjectConnection$DispatchWrapper.dispatch(MessageHubBackedObjectConnection.java:182)
	org.gradle.internal.remote.internal.hub.MessageHubBackedObjectConnection$DispatchWrapper.dispatch(MessageHubBackedObjectConnection.java:164)
	org.gradle.internal.remote.internal.hub.MessageHub$Handler.run(MessageHub.java:412)
	org.gradle.internal.concurrent.ExecutorPolicy$CatchAndRecordFailures.onExecute(ExecutorPolicy.java:64)
	org.gradle.internal.concurrent.ManagedExecutorImpl$1.run(ManagedExecutorImpl.java:48)
	java.util.concurrent.ThreadPoolExecutor.runWorker(ThreadPoolExecutor.java:1149)
	java.util.concurrent.ThreadPoolExecutor$Worker.run(ThreadPoolExecutor.java:624)
	org.gradle.internal.concurrent.ThreadFactoryImpl$ManagedThreadRunnable.run(ThreadFactoryImpl.java:56)
	java.lang.Thread.run(Thread.java:748)
22:22:58.505 [Test worker] ERROR i.n.u.ResourceLeakDetector - LEAK: ByteBuf.release() was not called before it's garbage-collected. See https://netty.io/wiki/reference-counted-objects.html for more information.
Recent access records: 
Created at:
	io.netty.buffer.PooledByteBufAllocator.newDirectBuffer(PooledByteBufAllocator.java:363)
	io.netty.buffer.AbstractByteBufAllocator.directBuffer(AbstractByteBufAllocator.java:187)
	io.netty.buffer.AbstractByteBufAllocator.directBuffer(AbstractByteBufAllocator.java:178)
	io.netty.buffer.AbstractByteBufAllocator.buffer(AbstractByteBufAllocator.java:115)
	org.springframework.core.io.buffer.NettyDataBufferFactory.allocateBuffer(NettyDataBufferFactory.java:71)
	org.springframework.core.io.buffer.NettyDataBufferFactory.allocateBuffer(NettyDataBufferFactory.java:39)
	org.springframework.core.codec.CharSequenceEncoder.encodeValue(CharSequenceEncoder.java:91)
	org.springframework.core.codec.CharSequenceEncoder.encodeValue(CharSequenceEncoder.java:47)
	org.springframework.messaging.rsocket.MetadataEncoder.encodeEntry(MetadataEncoder.java:240)
	org.springframework.messaging.rsocket.MetadataEncoder.encodeEntries(MetadataEncoder.java:209)
	org.springframework.messaging.rsocket.MetadataEncoder.lambda$encode$1(MetadataEncoder.java:180)
	reactor.core.publisher.MonoCallable.subscribe(MonoCallable.java:56)
	reactor.core.publisher.Mono.subscribe(Mono.java:4208)
	reactor.core.publisher.MonoZip.subscribe(MonoZip.java:128)
	reactor.core.publisher.Flux.subscribe(Flux.java:8258)
	reactor.test.DefaultStepVerifierBuilder$DefaultStepVerifier.toVerifierAndSubscribe(DefaultStepVerifierBuilder.java:868)
	reactor.test.DefaultStepVerifierBuilder$DefaultStepVerifier.verify(DefaultStepVerifierBuilder.java:824)
	org.springframework.messaging.rsocket.DefaultRSocketRequesterTests.retrieveFlux(DefaultRSocketRequesterTests.java:214)
	sun.reflect.NativeMethodAccessorImpl.invoke0(Native Method)
	sun.reflect.NativeMethodAccessorImpl.invoke(NativeMethodAccessorImpl.java:62)
	sun.reflect.DelegatingMethodAccessorImpl.invoke(DelegatingMethodAccessorImpl.java:43)
	java.lang.reflect.Method.invoke(Method.java:498)
	org.junit.platform.commons.util.ReflectionUtils.invokeMethod(ReflectionUtils.java:686)
	org.junit.jupiter.engine.execution.MethodInvocation.proceed(MethodInvocation.java:60)
	org.junit.jupiter.engine.execution.InvocationInterceptorChain$ValidatingInvocation.proceed(InvocationInterceptorChain.java:131)
	org.junit.jupiter.engine.extension.TimeoutExtension.intercept(TimeoutExtension.java:149)
	org.junit.jupiter.engine.extension.TimeoutExtension.interceptTestableMethod(TimeoutExtension.java:140)
	org.junit.jupiter.engine.extension.TimeoutExtension.interceptTestMethod(TimeoutExtension.java:84)
	org.junit.jupiter.engine.execution.ExecutableInvoker$ReflectiveInterceptorCall.lambda$ofVoidMethod$0(ExecutableInvoker.java:115)
	org.junit.jupiter.engine.execution.ExecutableInvoker.lambda$invoke$0(ExecutableInvoker.java:105)
	org.junit.jupiter.engine.execution.InvocationInterceptorChain$InterceptedInvocation.proceed(InvocationInterceptorChain.java:106)
	org.junit.jupiter.engine.execution.InvocationInterceptorChain.proceed(InvocationInterceptorChain.java:64)
	org.junit.jupiter.engine.execution.InvocationInterceptorChain.chainAndInvoke(InvocationInterceptorChain.java:45)
	org.junit.jupiter.engine.execution.InvocationInterceptorChain.invoke(InvocationInterceptorChain.java:37)
	org.junit.jupiter.engine.execution.ExecutableInvoker.invoke(ExecutableInvoker.java:104)
	org.junit.jupiter.engine.execution.ExecutableInvoker.invoke(ExecutableInvoker.java:98)
	org.junit.jupiter.engine.descriptor.TestMethodTestDescriptor.lambda$invokeTestMethod$6(TestMethodTestDescriptor.java:212)
	org.junit.platform.engine.support.hierarchical.ThrowableCollector.execute(ThrowableCollector.java:73)
	org.junit.jupiter.engine.descriptor.TestMethodTestDescriptor.invokeTestMethod(TestMethodTestDescriptor.java:208)
	org.junit.jupiter.engine.descriptor.TestMethodTestDescriptor.execute(TestMethodTestDescriptor.java:137)
	org.junit.jupiter.engine.descriptor.TestMethodTestDescriptor.execute(TestMethodTestDescriptor.java:71)
	org.junit.platform.engine.support.hierarchical.NodeTestTask.lambda$executeRecursively$5(NodeTestTask.java:135)
	org.junit.platform.engine.support.hierarchical.ThrowableCollector.execute(ThrowableCollector.java:73)
	org.junit.platform.engine.support.hierarchical.NodeTestTask.lambda$executeRecursively$7(NodeTestTask.java:125)
	org.junit.platform.engine.support.hierarchical.Node.around(Node.java:135)
	org.junit.platform.engine.support.hierarchical.NodeTestTask.lambda$executeRecursively$8(NodeTestTask.java:123)
	org.junit.platform.engine.support.hierarchical.ThrowableCollector.execute(ThrowableCollector.java:73)
	org.junit.platform.engine.support.hierarchical.NodeTestTask.executeRecursively(NodeTestTask.java:122)
	org.junit.platform.engine.support.hierarchical.NodeTestTask.execute(NodeTestTask.java:80)
	java.util.ArrayList.forEach(ArrayList.java:1257)
	org.junit.platform.engine.support.hierarchical.SameThreadHierarchicalTestExecutorService.invokeAll(SameThreadHierarchicalTestExecutorService.java:38)
	org.junit.platform.engine.support.hierarchical.NodeTestTask.lambda$executeRecursively$5(NodeTestTask.java:139)
	org.junit.platform.engine.support.hierarchical.ThrowableCollector.execute(ThrowableCollector.java:73)
	org.junit.platform.engine.support.hierarchical.NodeTestTask.lambda$executeRecursively$7(NodeTestTask.java:125)
	org.junit.platform.engine.support.hierarchical.Node.around(Node.java:135)
	org.junit.platform.engine.support.hierarchical.NodeTestTask.lambda$executeRecursively$8(NodeTestTask.java:123)
	org.junit.platform.engine.support.hierarchical.ThrowableCollector.execute(ThrowableCollector.java:73)
	org.junit.platform.engine.support.hierarchical.NodeTestTask.executeRecursively(NodeTestTask.java:122)
	org.junit.platform.engine.support.hierarchical.NodeTestTask.execute(NodeTestTask.java:80)
	java.util.ArrayList.forEach(ArrayList.java:1257)
	org.junit.platform.engine.support.hierarchical.SameThreadHierarchicalTestExecutorService.invokeAll(SameThreadHierarchicalTestExecutorService.java:38)
	org.junit.platform.engine.support.hierarchical.NodeTestTask.lambda$executeRecursively$5(NodeTestTask.java:139)
	org.junit.platform.engine.support.hierarchical.ThrowableCollector.execute(ThrowableCollector.java:73)
	org.junit.platform.engine.support.hierarchical.NodeTestTask.lambda$executeRecursively$7(NodeTestTask.java:125)
	org.junit.platform.engine.support.hierarchical.Node.around(Node.java:135)
	org.junit.platform.engine.support.hierarchical.NodeTestTask.lambda$executeRecursively$8(NodeTestTask.java:123)
	org.junit.platform.engine.support.hierarchical.ThrowableCollector.execute(ThrowableCollector.java:73)
	org.junit.platform.engine.support.hierarchical.NodeTestTask.executeRecursively(NodeTestTask.java:122)
	org.junit.platform.engine.support.hierarchical.NodeTestTask.execute(NodeTestTask.java:80)
	org.junit.platform.engine.support.hierarchical.SameThreadHierarchicalTestExecutorService.submit(SameThreadHierarchicalTestExecutorService.java:32)
	org.junit.platform.engine.support.hierarchical.HierarchicalTestExecutor.execute(HierarchicalTestExecutor.java:57)
	org.junit.platform.engine.support.hierarchical.HierarchicalTestEngine.execute(HierarchicalTestEngine.java:51)
	org.junit.platform.launcher.core.DefaultLauncher.execute(DefaultLauncher.java:248)
	org.junit.platform.launcher.core.DefaultLauncher.lambda$execute$5(DefaultLauncher.java:211)
	org.junit.platform.launcher.core.DefaultLauncher.withInterceptedStreams(DefaultLauncher.java:226)
	org.junit.platform.launcher.core.DefaultLauncher.execute(DefaultLauncher.java:199)
	org.junit.platform.launcher.core.DefaultLauncher.execute(DefaultLauncher.java:132)
	org.gradle.api.internal.tasks.testing.junitplatform.JUnitPlatformTestClassProcessor$CollectAllTestClassesExecutor.processAllTestClasses(JUnitPlatformTestClassProcessor.java:102)
	org.gradle.api.internal.tasks.testing.junitplatform.JUnitPlatformTestClassProcessor$CollectAllTestClassesExecutor.access$000(JUnitPlatformTestClassProcessor.java:82)
	org.gradle.api.internal.tasks.testing.junitplatform.JUnitPlatformTestClassProcessor.stop(JUnitPlatformTestClassProcessor.java:78)
	org.gradle.api.internal.tasks.testing.SuiteTestClassProcessor.stop(SuiteTestClassProcessor.java:61)
	sun.reflect.NativeMethodAccessorImpl.invoke0(Native Method)
	sun.reflect.NativeMethodAccessorImpl.invoke(NativeMethodAccessorImpl.java:62)
	sun.reflect.DelegatingMethodAccessorImpl.invoke(DelegatingMethodAccessorImpl.java:43)
	java.lang.reflect.Method.invoke(Method.java:498)
	org.gradle.internal.dispatch.ReflectionDispatch.dispatch(ReflectionDispatch.java:36)
	org.gradle.internal.dispatch.ReflectionDispatch.dispatch(ReflectionDispatch.java:24)
	org.gradle.internal.dispatch.ContextClassLoaderDispatch.dispatch(ContextClassLoaderDispatch.java:33)
	org.gradle.internal.dispatch.ProxyDispatchAdapter$DispatchingInvocationHandler.invoke(ProxyDispatchAdapter.java:94)
	com.sun.proxy.$Proxy2.stop(Unknown Source)
	org.gradle.api.internal.tasks.testing.worker.TestWorker.stop(TestWorker.java:132)
	sun.reflect.NativeMethodAccessorImpl.invoke0(Native Method)
	sun.reflect.NativeMethodAccessorImpl.invoke(NativeMethodAccessorImpl.java:62)
	sun.reflect.DelegatingMethodAccessorImpl.invoke(DelegatingMethodAccessorImpl.java:43)
	java.lang.reflect.Method.invoke(Method.java:498)
	org.gradle.internal.dispatch.ReflectionDispatch.dispatch(ReflectionDispatch.java:36)
	org.gradle.internal.dispatch.ReflectionDispatch.dispatch(ReflectionDispatch.java:24)
	org.gradle.internal.remote.internal.hub.MessageHubBackedObjectConnection$DispatchWrapper.dispatch(MessageHubBackedObjectConnection.java:182)
	org.gradle.internal.remote.internal.hub.MessageHubBackedObjectConnection$DispatchWrapper.dispatch(MessageHubBackedObjectConnection.java:164)
	org.gradle.internal.remote.internal.hub.MessageHub$Handler.run(MessageHub.java:412)
	org.gradle.internal.concurrent.ExecutorPolicy$CatchAndRecordFailures.onExecute(ExecutorPolicy.java:64)
	org.gradle.internal.concurrent.ManagedExecutorImpl$1.run(ManagedExecutorImpl.java:48)
	java.util.concurrent.ThreadPoolExecutor.runWorker(ThreadPoolExecutor.java:1149)
	java.util.concurrent.ThreadPoolExecutor$Worker.run(ThreadPoolExecutor.java:624)
	org.gradle.internal.concurrent.ThreadFactoryImpl$ManagedThreadRunnable.run(ThreadFactoryImpl.java:56)
	java.lang.Thread.run(Thread.java:748)
22:22:58.511 [Test worker] ERROR i.n.u.ResourceLeakDetector - LEAK: ByteBuf.release() was not called before it's garbage-collected. See https://netty.io/wiki/reference-counted-objects.html for more information.
Recent access records: 
#1:
	io.netty.buffer.AdvancedLeakAwareByteBuf.order(AdvancedLeakAwareByteBuf.java:70)
	io.netty.buffer.CompositeByteBuf.newComponent(CompositeByteBuf.java:335)
	io.netty.buffer.CompositeByteBuf.addComponent0(CompositeByteBuf.java:280)
	io.netty.buffer.CompositeByteBuf.addComponent(CompositeByteBuf.java:265)
	io.netty.buffer.CompositeByteBuf.addComponent(CompositeByteBuf.java:222)
	io.netty.buffer.WrappedCompositeByteBuf.addComponent(WrappedCompositeByteBuf.java:534)
	io.netty.buffer.AdvancedLeakAwareCompositeByteBuf.addComponent(AdvancedLeakAwareCompositeByteBuf.java:921)
	io.rsocket.metadata.TaggingMetadataFlyweight.createTaggingContent(TaggingMetadataFlyweight.java:72)
	io.rsocket.metadata.TaggingMetadataFlyweight.createRoutingMetadata(TaggingMetadataFlyweight.java:30)
	org.springframework.messaging.rsocket.MetadataEncoder.encodeRoute(MetadataEncoder.java:224)
	org.springframework.messaging.rsocket.MetadataEncoder.encodeEntries(MetadataEncoder.java:189)
	reactor.core.publisher.FluxMap$MapSubscriber.onNext(FluxMap.java:100)
	reactor.core.publisher.Operators$MonoSubscriber.complete(Operators.java:1755)
	reactor.core.publisher.MonoZip$ZipCoordinator.signal(MonoZip.java:247)
	reactor.core.publisher.MonoZip$ZipInner.onNext(MonoZip.java:329)
	reactor.core.publisher.FluxDefaultIfEmpty$DefaultIfEmptySubscriber.onNext(FluxDefaultIfEmpty.java:92)
	reactor.core.publisher.FluxMap$MapSubscriber.onNext(FluxMap.java:114)
	reactor.core.publisher.MonoDelay$MonoDelayRunnable.run(MonoDelay.java:117)
	reactor.core.scheduler.SchedulerTask.call(SchedulerTask.java:68)
	reactor.core.scheduler.SchedulerTask.call(SchedulerTask.java:28)
	java.util.concurrent.FutureTask.run(FutureTask.java:266)
	java.util.concurrent.ScheduledThreadPoolExecutor$ScheduledFutureTask.access$201(ScheduledThreadPoolExecutor.java:180)
	java.util.concurrent.ScheduledThreadPoolExecutor$ScheduledFutureTask.run(ScheduledThreadPoolExecutor.java:293)
	java.util.concurrent.ThreadPoolExecutor.runWorker(ThreadPoolExecutor.java:1149)
	java.util.concurrent.ThreadPoolExecutor$Worker.run(ThreadPoolExecutor.java:624)
	java.lang.Thread.run(Thread.java:748)
#2:
	io.netty.buffer.AdvancedLeakAwareByteBuf.writeCharSequence(AdvancedLeakAwareByteBuf.java:892)
	io.rsocket.metadata.TaggingMetadataFlyweight.createTaggingContent(TaggingMetadataFlyweight.java:71)
	io.rsocket.metadata.TaggingMetadataFlyweight.createRoutingMetadata(TaggingMetadataFlyweight.java:30)
	org.springframework.messaging.rsocket.MetadataEncoder.encodeRoute(MetadataEncoder.java:224)
	org.springframework.messaging.rsocket.MetadataEncoder.encodeEntries(MetadataEncoder.java:189)
	reactor.core.publisher.FluxMap$MapSubscriber.onNext(FluxMap.java:100)
	reactor.core.publisher.Operators$MonoSubscriber.complete(Operators.java:1755)
	reactor.core.publisher.MonoZip$ZipCoordinator.signal(MonoZip.java:247)
	reactor.core.publisher.MonoZip$ZipInner.onNext(MonoZip.java:329)
	reactor.core.publisher.FluxDefaultIfEmpty$DefaultIfEmptySubscriber.onNext(FluxDefaultIfEmpty.java:92)
	reactor.core.publisher.FluxMap$MapSubscriber.onNext(FluxMap.java:114)
	reactor.core.publisher.MonoDelay$MonoDelayRunnable.run(MonoDelay.java:117)
	reactor.core.scheduler.SchedulerTask.call(SchedulerTask.java:68)
	reactor.core.scheduler.SchedulerTask.call(SchedulerTask.java:28)
	java.util.concurrent.FutureTask.run(FutureTask.java:266)
	java.util.concurrent.ScheduledThreadPoolExecutor$ScheduledFutureTask.access$201(ScheduledThreadPoolExecutor.java:180)
	java.util.concurrent.ScheduledThreadPoolExecutor$ScheduledFutureTask.run(ScheduledThreadPoolExecutor.java:293)
	java.util.concurrent.ThreadPoolExecutor.runWorker(ThreadPoolExecutor.java:1149)
	java.util.concurrent.ThreadPoolExecutor$Worker.run(ThreadPoolExecutor.java:624)
	java.lang.Thread.run(Thread.java:748)
#3:
	io.netty.buffer.AdvancedLeakAwareByteBuf.writeByte(AdvancedLeakAwareByteBuf.java:544)
	io.rsocket.metadata.TaggingMetadataFlyweight.createTaggingContent(TaggingMetadataFlyweight.java:70)
	io.rsocket.metadata.TaggingMetadataFlyweight.createRoutingMetadata(TaggingMetadataFlyweight.java:30)
	org.springframework.messaging.rsocket.MetadataEncoder.encodeRoute(MetadataEncoder.java:224)
	org.springframework.messaging.rsocket.MetadataEncoder.encodeEntries(MetadataEncoder.java:189)
	reactor.core.publisher.FluxMap$MapSubscriber.onNext(FluxMap.java:100)
	reactor.core.publisher.Operators$MonoSubscriber.complete(Operators.java:1755)
	reactor.core.publisher.MonoZip$ZipCoordinator.signal(MonoZip.java:247)
	reactor.core.publisher.MonoZip$ZipInner.onNext(MonoZip.java:329)
	reactor.core.publisher.FluxDefaultIfEmpty$DefaultIfEmptySubscriber.onNext(FluxDefaultIfEmpty.java:92)
	reactor.core.publisher.FluxMap$MapSubscriber.onNext(FluxMap.java:114)
	reactor.core.publisher.MonoDelay$MonoDelayRunnable.run(MonoDelay.java:117)
	reactor.core.scheduler.SchedulerTask.call(SchedulerTask.java:68)
	reactor.core.scheduler.SchedulerTask.call(SchedulerTask.java:28)
	java.util.concurrent.FutureTask.run(FutureTask.java:266)
	java.util.concurrent.ScheduledThreadPoolExecutor$ScheduledFutureTask.access$201(ScheduledThreadPoolExecutor.java:180)
	java.util.concurrent.ScheduledThreadPoolExecutor$ScheduledFutureTask.run(ScheduledThreadPoolExecutor.java:293)
	java.util.concurrent.ThreadPoolExecutor.runWorker(ThreadPoolExecutor.java:1149)
	java.util.concurrent.ThreadPoolExecutor$Worker.run(ThreadPoolExecutor.java:624)
	java.lang.Thread.run(Thread.java:748)
Created at:
	io.netty.buffer.PooledByteBufAllocator.newDirectBuffer(PooledByteBufAllocator.java:363)
	io.netty.buffer.AbstractByteBufAllocator.directBuffer(AbstractByteBufAllocator.java:187)
	io.netty.buffer.AbstractByteBufAllocator.directBuffer(AbstractByteBufAllocator.java:173)
	io.netty.buffer.AbstractByteBufAllocator.buffer(AbstractByteBufAllocator.java:107)
	io.rsocket.metadata.TaggingMetadataFlyweight.createTaggingContent(TaggingMetadataFlyweight.java:70)
	io.rsocket.metadata.TaggingMetadataFlyweight.createRoutingMetadata(TaggingMetadataFlyweight.java:30)
	org.springframework.messaging.rsocket.MetadataEncoder.encodeRoute(MetadataEncoder.java:224)
	org.springframework.messaging.rsocket.MetadataEncoder.encodeEntries(MetadataEncoder.java:189)
	reactor.core.publisher.FluxMap$MapSubscriber.onNext(FluxMap.java:100)
	reactor.core.publisher.Operators$MonoSubscriber.complete(Operators.java:1755)
	reactor.core.publisher.MonoZip$ZipCoordinator.signal(MonoZip.java:247)
	reactor.core.publisher.MonoZip$ZipInner.onNext(MonoZip.java:329)
	reactor.core.publisher.FluxDefaultIfEmpty$DefaultIfEmptySubscriber.onNext(FluxDefaultIfEmpty.java:92)
	reactor.core.publisher.FluxMap$MapSubscriber.onNext(FluxMap.java:114)
	reactor.core.publisher.MonoDelay$MonoDelayRunnable.run(MonoDelay.java:117)
	reactor.core.scheduler.SchedulerTask.call(SchedulerTask.java:68)
	reactor.core.scheduler.SchedulerTask.call(SchedulerTask.java:28)
	java.util.concurrent.FutureTask.run(FutureTask.java:266)
	java.util.concurrent.ScheduledThreadPoolExecutor$ScheduledFutureTask.access$201(ScheduledThreadPoolExecutor.java:180)
	java.util.concurrent.ScheduledThreadPoolExecutor$ScheduledFutureTask.run(ScheduledThreadPoolExecutor.java:293)
	java.util.concurrent.ThreadPoolExecutor.runWorker(ThreadPoolExecutor.java:1149)
	java.util.concurrent.ThreadPoolExecutor$Worker.run(ThreadPoolExecutor.java:624)
	java.lang.Thread.run(Thread.java:748)
22:22:58.514 [Test worker] ERROR i.n.u.ResourceLeakDetector - LEAK: ByteBuf.release() was not called before it's garbage-collected. See https://netty.io/wiki/reference-counted-objects.html for more information.
Recent access records: 
#1:
	io.netty.buffer.AdvancedLeakAwareByteBuf.order(AdvancedLeakAwareByteBuf.java:70)
	io.netty.buffer.CompositeByteBuf.newComponent(CompositeByteBuf.java:335)
	io.netty.buffer.CompositeByteBuf.addComponents0(CompositeByteBuf.java:374)
	io.netty.buffer.CompositeByteBuf.addComponents(CompositeByteBuf.java:236)
	io.netty.buffer.WrappedCompositeByteBuf.addComponents(WrappedCompositeByteBuf.java:540)
	io.netty.buffer.AdvancedLeakAwareCompositeByteBuf.addComponents(AdvancedLeakAwareCompositeByteBuf.java:927)
	io.rsocket.metadata.CompositeMetadataFlyweight.encodeAndAddMetadata(CompositeMetadataFlyweight.java:215)
	org.springframework.messaging.rsocket.MetadataEncoder.lambda$encodeEntries$2(MetadataEncoder.java:193)
	java.util.ArrayList.forEach(ArrayList.java:1257)
	org.springframework.messaging.rsocket.MetadataEncoder.encodeEntries(MetadataEncoder.java:191)
	reactor.core.publisher.FluxMap$MapSubscriber.onNext(FluxMap.java:100)
	reactor.core.publisher.Operators$MonoSubscriber.complete(Operators.java:1755)
	reactor.core.publisher.MonoZip$ZipCoordinator.signal(MonoZip.java:247)
	reactor.core.publisher.MonoZip$ZipInner.onNext(MonoZip.java:329)
	reactor.core.publisher.FluxDefaultIfEmpty$DefaultIfEmptySubscriber.onNext(FluxDefaultIfEmpty.java:92)
	reactor.core.publisher.FluxMap$MapSubscriber.onNext(FluxMap.java:114)
	reactor.core.publisher.MonoDelay$MonoDelayRunnable.run(MonoDelay.java:117)
	reactor.core.scheduler.SchedulerTask.call(SchedulerTask.java:68)
	reactor.core.scheduler.SchedulerTask.call(SchedulerTask.java:28)
	java.util.concurrent.FutureTask.run(FutureTask.java:266)
	java.util.concurrent.ScheduledThreadPoolExecutor$ScheduledFutureTask.access$201(ScheduledThreadPoolExecutor.java:180)
	java.util.concurrent.ScheduledThreadPoolExecutor$ScheduledFutureTask.run(ScheduledThreadPoolExecutor.java:293)
	java.util.concurrent.ThreadPoolExecutor.runWorker(ThreadPoolExecutor.java:1149)
	java.util.concurrent.ThreadPoolExecutor$Worker.run(ThreadPoolExecutor.java:624)
	java.lang.Thread.run(Thread.java:748)
Created at:
	io.netty.buffer.PooledByteBufAllocator.newDirectBuffer(PooledByteBufAllocator.java:363)
	io.netty.buffer.AbstractByteBufAllocator.directBuffer(AbstractByteBufAllocator.java:187)
	io.netty.buffer.AbstractByteBufAllocator.directBuffer(AbstractByteBufAllocator.java:178)
	io.netty.buffer.AbstractByteBufAllocator.buffer(AbstractByteBufAllocator.java:115)
	org.springframework.core.io.buffer.NettyDataBufferFactory.allocateBuffer(NettyDataBufferFactory.java:71)
	org.springframework.core.io.buffer.NettyDataBufferFactory.allocateBuffer(NettyDataBufferFactory.java:39)
	org.springframework.core.codec.CharSequenceEncoder.encodeValue(CharSequenceEncoder.java:91)
	org.springframework.core.codec.CharSequenceEncoder.encodeValue(CharSequenceEncoder.java:47)
	org.springframework.messaging.rsocket.MetadataEncoder.encodeEntry(MetadataEncoder.java:240)
	org.springframework.messaging.rsocket.MetadataEncoder.encodeEntry(MetadataEncoder.java:229)
	org.springframework.messaging.rsocket.MetadataEncoder.lambda$encodeEntries$2(MetadataEncoder.java:195)
	java.util.ArrayList.forEach(ArrayList.java:1257)
	org.springframework.messaging.rsocket.MetadataEncoder.encodeEntries(MetadataEncoder.java:191)
	reactor.core.publisher.FluxMap$MapSubscriber.onNext(FluxMap.java:100)
	reactor.core.publisher.Operators$MonoSubscriber.complete(Operators.java:1755)
	reactor.core.publisher.MonoZip$ZipCoordinator.signal(MonoZip.java:247)
	reactor.core.publisher.MonoZip$ZipInner.onNext(MonoZip.java:329)
	reactor.core.publisher.FluxDefaultIfEmpty$DefaultIfEmptySubscriber.onNext(FluxDefaultIfEmpty.java:92)
	reactor.core.publisher.FluxMap$MapSubscriber.onNext(FluxMap.java:114)
	reactor.core.publisher.MonoDelay$MonoDelayRunnable.run(MonoDelay.java:117)
	reactor.core.scheduler.SchedulerTask.call(SchedulerTask.java:68)
	reactor.core.scheduler.SchedulerTask.call(SchedulerTask.java:28)
	java.util.concurrent.FutureTask.run(FutureTask.java:266)
	java.util.concurrent.ScheduledThreadPoolExecutor$ScheduledFutureTask.access$201(ScheduledThreadPoolExecutor.java:180)
	java.util.concurrent.ScheduledThreadPoolExecutor$ScheduledFutureTask.run(ScheduledThreadPoolExecutor.java:293)
	java.util.concurrent.ThreadPoolExecutor.runWorker(ThreadPoolExecutor.java:1149)
	java.util.concurrent.ThreadPoolExecutor$Worker.run(ThreadPoolExecutor.java:624)
	java.lang.Thread.run(Thread.java:748)
22:22:58.518 [Test worker] ERROR i.n.u.ResourceLeakDetector - LEAK: ByteBuf.release() was not called before it's garbage-collected. See https://netty.io/wiki/reference-counted-objects.html for more information.
Recent access records: 
#1:
	io.netty.buffer.AdvancedLeakAwareByteBuf.order(AdvancedLeakAwareByteBuf.java:70)
	io.netty.buffer.CompositeByteBuf.newComponent(CompositeByteBuf.java:335)
	io.netty.buffer.CompositeByteBuf.addComponents0(CompositeByteBuf.java:374)
	io.netty.buffer.CompositeByteBuf.addComponents(CompositeByteBuf.java:236)
	io.netty.buffer.WrappedCompositeByteBuf.addComponents(WrappedCompositeByteBuf.java:540)
	io.netty.buffer.AdvancedLeakAwareCompositeByteBuf.addComponents(AdvancedLeakAwareCompositeByteBuf.java:927)
	io.rsocket.metadata.CompositeMetadataFlyweight.encodeAndAddMetadata(CompositeMetadataFlyweight.java:215)
	org.springframework.messaging.rsocket.MetadataEncoder.lambda$encodeEntries$2(MetadataEncoder.java:193)
	java.util.ArrayList.forEach(ArrayList.java:1257)
	org.springframework.messaging.rsocket.MetadataEncoder.encodeEntries(MetadataEncoder.java:191)
	reactor.core.publisher.FluxMap$MapSubscriber.onNext(FluxMap.java:100)
	reactor.core.publisher.Operators$MonoSubscriber.complete(Operators.java:1755)
	reactor.core.publisher.MonoZip$ZipCoordinator.signal(MonoZip.java:247)
	reactor.core.publisher.MonoZip$ZipInner.onNext(MonoZip.java:329)
	reactor.core.publisher.FluxDefaultIfEmpty$DefaultIfEmptySubscriber.onNext(FluxDefaultIfEmpty.java:92)
	reactor.core.publisher.FluxMap$MapSubscriber.onNext(FluxMap.java:114)
	reactor.core.publisher.MonoDelay$MonoDelayRunnable.run(MonoDelay.java:117)
	reactor.core.scheduler.SchedulerTask.call(SchedulerTask.java:68)
	reactor.core.scheduler.SchedulerTask.call(SchedulerTask.java:28)
	java.util.concurrent.FutureTask.run(FutureTask.java:266)
	java.util.concurrent.ScheduledThreadPoolExecutor$ScheduledFutureTask.access$201(ScheduledThreadPoolExecutor.java:180)
	java.util.concurrent.ScheduledThreadPoolExecutor$ScheduledFutureTask.run(ScheduledThreadPoolExecutor.java:293)
	java.util.concurrent.ThreadPoolExecutor.runWorker(ThreadPoolExecutor.java:1149)
	java.util.concurrent.ThreadPoolExecutor$Worker.run(ThreadPoolExecutor.java:624)
	java.lang.Thread.run(Thread.java:748)
#2:
	io.netty.buffer.AdvancedLeakAwareByteBuf.writeByte(AdvancedLeakAwareByteBuf.java:544)
	io.rsocket.util.NumberUtils.encodeUnsignedMedium(NumberUtils.java:161)
	io.rsocket.metadata.CompositeMetadataFlyweight.encodeMetadataHeader(CompositeMetadataFlyweight.java:359)
	io.rsocket.metadata.CompositeMetadataFlyweight.encodeAndAddMetadata(CompositeMetadataFlyweight.java:216)
	org.springframework.messaging.rsocket.MetadataEncoder.lambda$encodeEntries$2(MetadataEncoder.java:193)
	java.util.ArrayList.forEach(ArrayList.java:1257)
	org.springframework.messaging.rsocket.MetadataEncoder.encodeEntries(MetadataEncoder.java:191)
	reactor.core.publisher.FluxMap$MapSubscriber.onNext(FluxMap.java:100)
	reactor.core.publisher.Operators$MonoSubscriber.complete(Operators.java:1755)
	reactor.core.publisher.MonoZip$ZipCoordinator.signal(MonoZip.java:247)
	reactor.core.publisher.MonoZip$ZipInner.onNext(MonoZip.java:329)
	reactor.core.publisher.FluxDefaultIfEmpty$DefaultIfEmptySubscriber.onNext(FluxDefaultIfEmpty.java:92)
	reactor.core.publisher.FluxMap$MapSubscriber.onNext(FluxMap.java:114)
	reactor.core.publisher.MonoDelay$MonoDelayRunnable.run(MonoDelay.java:117)
	reactor.core.scheduler.SchedulerTask.call(SchedulerTask.java:68)
	reactor.core.scheduler.SchedulerTask.call(SchedulerTask.java:28)
	java.util.concurrent.FutureTask.run(FutureTask.java:266)
	java.util.concurrent.ScheduledThreadPoolExecutor$ScheduledFutureTask.access$201(ScheduledThreadPoolExecutor.java:180)
	java.util.concurrent.ScheduledThreadPoolExecutor$ScheduledFutureTask.run(ScheduledThreadPoolExecutor.java:293)
	java.util.concurrent.ThreadPoolExecutor.runWorker(ThreadPoolExecutor.java:1149)
	java.util.concurrent.ThreadPoolExecutor$Worker.run(ThreadPoolExecutor.java:624)
	java.lang.Thread.run(Thread.java:748)
#3:
	io.netty.buffer.AdvancedLeakAwareByteBuf.writeByte(AdvancedLeakAwareByteBuf.java:544)
	io.rsocket.util.NumberUtils.encodeUnsignedMedium(NumberUtils.java:160)
	io.rsocket.metadata.CompositeMetadataFlyweight.encodeMetadataHeader(CompositeMetadataFlyweight.java:359)
	io.rsocket.metadata.CompositeMetadataFlyweight.encodeAndAddMetadata(CompositeMetadataFlyweight.java:216)
	org.springframework.messaging.rsocket.MetadataEncoder.lambda$encodeEntries$2(MetadataEncoder.java:193)
	java.util.ArrayList.forEach(ArrayList.java:1257)
	org.springframework.messaging.rsocket.MetadataEncoder.encodeEntries(MetadataEncoder.java:191)
	reactor.core.publisher.FluxMap$MapSubscriber.onNext(FluxMap.java:100)
	reactor.core.publisher.Operators$MonoSubscriber.complete(Operators.java:1755)
	reactor.core.publisher.MonoZip$ZipCoordinator.signal(MonoZip.java:247)
	reactor.core.publisher.MonoZip$ZipInner.onNext(MonoZip.java:329)
	reactor.core.publisher.FluxDefaultIfEmpty$DefaultIfEmptySubscriber.onNext(FluxDefaultIfEmpty.java:92)
	reactor.core.publisher.FluxMap$MapSubscriber.onNext(FluxMap.java:114)
	reactor.core.publisher.MonoDelay$MonoDelayRunnable.run(MonoDelay.java:117)
	reactor.core.scheduler.SchedulerTask.call(SchedulerTask.java:68)
	reactor.core.scheduler.SchedulerTask.call(SchedulerTask.java:28)
	java.util.concurrent.FutureTask.run(FutureTask.java:266)
	java.util.concurrent.ScheduledThreadPoolExecutor$ScheduledFutureTask.access$201(ScheduledThreadPoolExecutor.java:180)
	java.util.concurrent.ScheduledThreadPoolExecutor$ScheduledFutureTask.run(ScheduledThreadPoolExecutor.java:293)
	java.util.concurrent.ThreadPoolExecutor.runWorker(ThreadPoolExecutor.java:1149)
	java.util.concurrent.ThreadPoolExecutor$Worker.run(ThreadPoolExecutor.java:624)
	java.lang.Thread.run(Thread.java:748)
#4:
	io.netty.buffer.AdvancedLeakAwareByteBuf.writeByte(AdvancedLeakAwareByteBuf.java:544)
	io.rsocket.metadata.CompositeMetadataFlyweight.encodeMetadataHeader(CompositeMetadataFlyweight.java:355)
	io.rsocket.metadata.CompositeMetadataFlyweight.encodeAndAddMetadata(CompositeMetadataFlyweight.java:216)
	org.springframework.messaging.rsocket.MetadataEncoder.lambda$encodeEntries$2(MetadataEncoder.java:193)
	java.util.ArrayList.forEach(ArrayList.java:1257)
	org.springframework.messaging.rsocket.MetadataEncoder.encodeEntries(MetadataEncoder.java:191)
	reactor.core.publisher.FluxMap$MapSubscriber.onNext(FluxMap.java:100)
	reactor.core.publisher.Operators$MonoSubscriber.complete(Operators.java:1755)
	reactor.core.publisher.MonoZip$ZipCoordinator.signal(MonoZip.java:247)
	reactor.core.publisher.MonoZip$ZipInner.onNext(MonoZip.java:329)
	reactor.core.publisher.FluxDefaultIfEmpty$DefaultIfEmptySubscriber.onNext(FluxDefaultIfEmpty.java:92)
	reactor.core.publisher.FluxMap$MapSubscriber.onNext(FluxMap.java:114)
	reactor.core.publisher.MonoDelay$MonoDelayRunnable.run(MonoDelay.java:117)
	reactor.core.scheduler.SchedulerTask.call(SchedulerTask.java:68)
	reactor.core.scheduler.SchedulerTask.call(SchedulerTask.java:28)
	java.util.concurrent.FutureTask.run(FutureTask.java:266)
	java.util.concurrent.ScheduledThreadPoolExecutor$ScheduledFutureTask.access$201(ScheduledThreadPoolExecutor.java:180)
	java.util.concurrent.ScheduledThreadPoolExecutor$ScheduledFutureTask.run(ScheduledThreadPoolExecutor.java:293)
	java.util.concurrent.ThreadPoolExecutor.runWorker(ThreadPoolExecutor.java:1149)
	java.util.concurrent.ThreadPoolExecutor$Worker.run(ThreadPoolExecutor.java:624)
	java.lang.Thread.run(Thread.java:748)
#5:
	io.netty.buffer.AdvancedLeakAwareByteBuf.forEachByte(AdvancedLeakAwareByteBuf.java:676)
	io.netty.buffer.ByteBufUtil.isAscii(ByteBufUtil.java:1314)
	io.netty.buffer.ByteBufUtil.isText(ByteBufUtil.java:1273)
	io.rsocket.metadata.CompositeMetadataFlyweight.encodeMetadataHeader(CompositeMetadataFlyweight.java:339)
	io.rsocket.metadata.CompositeMetadataFlyweight.encodeAndAddMetadata(CompositeMetadataFlyweight.java:216)
	org.springframework.messaging.rsocket.MetadataEncoder.lambda$encodeEntries$2(MetadataEncoder.java:193)
	java.util.ArrayList.forEach(ArrayList.java:1257)
	org.springframework.messaging.rsocket.MetadataEncoder.encodeEntries(MetadataEncoder.java:191)
	reactor.core.publisher.FluxMap$MapSubscriber.onNext(FluxMap.java:100)
	reactor.core.publisher.Operators$MonoSubscriber.complete(Operators.java:1755)
	reactor.core.publisher.MonoZip$ZipCoordinator.signal(MonoZip.java:247)
	reactor.core.publisher.MonoZip$ZipInner.onNext(MonoZip.java:329)
	reactor.core.publisher.FluxDefaultIfEmpty$DefaultIfEmptySubscriber.onNext(FluxDefaultIfEmpty.java:92)
	reactor.core.publisher.FluxMap$MapSubscriber.onNext(FluxMap.java:114)
	reactor.core.publisher.MonoDelay$MonoDelayRunnable.run(MonoDelay.java:117)
	reactor.core.scheduler.SchedulerTask.call(SchedulerTask.java:68)
	reactor.core.scheduler.SchedulerTask.call(SchedulerTask.java:28)
	java.util.concurrent.FutureTask.run(FutureTask.java:266)
	java.util.concurrent.ScheduledThreadPoolExecutor$ScheduledFutureTask.access$201(ScheduledThreadPoolExecutor.java:180)
	java.util.concurrent.ScheduledThreadPoolExecutor$ScheduledFutureTask.run(ScheduledThreadPoolExecutor.java:293)
	java.util.concurrent.ThreadPoolExecutor.runWorker(ThreadPoolExecutor.java:1149)
	java.util.concurrent.ThreadPoolExecutor$Worker.run(ThreadPoolExecutor.java:624)
	java.lang.Thread.run(Thread.java:748)
Created at:
	io.netty.buffer.PooledByteBufAllocator.newDirectBuffer(PooledByteBufAllocator.java:363)
	io.netty.buffer.AbstractByteBufAllocator.directBuffer(AbstractByteBufAllocator.java:187)
	io.netty.buffer.AbstractByteBufAllocator.directBuffer(AbstractByteBufAllocator.java:178)
	io.netty.buffer.AbstractByteBufAllocator.buffer(AbstractByteBufAllocator.java:115)
	io.rsocket.metadata.CompositeMetadataFlyweight.encodeMetadataHeader(CompositeMetadataFlyweight.java:330)
	io.rsocket.metadata.CompositeMetadataFlyweight.encodeAndAddMetadata(CompositeMetadataFlyweight.java:216)
	org.springframework.messaging.rsocket.MetadataEncoder.lambda$encodeEntries$2(MetadataEncoder.java:193)
	java.util.ArrayList.forEach(ArrayList.java:1257)
	org.springframework.messaging.rsocket.MetadataEncoder.encodeEntries(MetadataEncoder.java:191)
	reactor.core.publisher.FluxMap$MapSubscriber.onNext(FluxMap.java:100)
	reactor.core.publisher.Operators$MonoSubscriber.complete(Operators.java:1755)
	reactor.core.publisher.MonoZip$ZipCoordinator.signal(MonoZip.java:247)
	reactor.core.publisher.MonoZip$ZipInner.onNext(MonoZip.java:329)
	reactor.core.publisher.FluxDefaultIfEmpty$DefaultIfEmptySubscriber.onNext(FluxDefaultIfEmpty.java:92)
	reactor.core.publisher.FluxMap$MapSubscriber.onNext(FluxMap.java:114)
	reactor.core.publisher.MonoDelay$MonoDelayRunnable.run(MonoDelay.java:117)
	reactor.core.scheduler.SchedulerTask.call(SchedulerTask.java:68)
	reactor.core.scheduler.SchedulerTask.call(SchedulerTask.java:28)
	java.util.concurrent.FutureTask.run(FutureTask.java:266)
	java.util.concurrent.ScheduledThreadPoolExecutor$ScheduledFutureTask.access$201(ScheduledThreadPoolExecutor.java:180)
	java.util.concurrent.ScheduledThreadPoolExecutor$ScheduledFutureTask.run(ScheduledThreadPoolExecutor.java:293)
	java.util.concurrent.ThreadPoolExecutor.runWorker(ThreadPoolExecutor.java:1149)
	java.util.concurrent.ThreadPoolExecutor$Worker.run(ThreadPoolExecutor.java:624)
	java.lang.Thread.run(Thread.java:748)
: 1 leak records were discarded because the leak record count is targeted to 4. Use system property io.netty.leakDetection.targetRecords to increase the limit.
22:22:58.522 [Test worker] ERROR i.n.u.ResourceLeakDetector - LEAK: ByteBuf.release() was not called before it's garbage-collected. See https://netty.io/wiki/reference-counted-objects.html for more information.
Recent access records: 
#1:
	org.springframework.core.io.buffer.NettyDataBuffer.release(NettyDataBuffer.java:320)
	org.springframework.core.io.buffer.DataBufferUtils.release(DataBufferUtils.java:497)
	org.springframework.core.codec.StringDecoder.decode(StringDecoder.java:130)
	org.springframework.core.codec.StringDecoder.decode(StringDecoder.java:62)
	org.springframework.messaging.rsocket.DefaultMetadataExtractor$EntryExtractor.extract(DefaultMetadataExtractor.java:170)
	org.springframework.messaging.rsocket.DefaultMetadataExtractor.extractEntry(DefaultMetadataExtractor.java:130)
	org.springframework.messaging.rsocket.DefaultMetadataExtractor.extract(DefaultMetadataExtractor.java:115)
	org.springframework.messaging.rsocket.DefaultRSocketRequesterTests.testSendWithAsyncMetadata(DefaultRSocketRequesterTests.java:171)
	sun.reflect.NativeMethodAccessorImpl.invoke0(Native Method)
	sun.reflect.NativeMethodAccessorImpl.invoke(NativeMethodAccessorImpl.java:62)
	sun.reflect.DelegatingMethodAccessorImpl.invoke(DelegatingMethodAccessorImpl.java:43)
	java.lang.reflect.Method.invoke(Method.java:498)
	org.junit.platform.commons.util.ReflectionUtils.invokeMethod(ReflectionUtils.java:686)
	org.junit.jupiter.engine.execution.MethodInvocation.proceed(MethodInvocation.java:60)
	org.junit.jupiter.engine.execution.InvocationInterceptorChain$ValidatingInvocation.proceed(InvocationInterceptorChain.java:131)
	org.junit.jupiter.engine.extension.TimeoutExtension.intercept(TimeoutExtension.java:149)
	org.junit.jupiter.engine.extension.TimeoutExtension.interceptTestableMethod(TimeoutExtension.java:140)
	org.junit.jupiter.engine.extension.TimeoutExtension.interceptTestMethod(TimeoutExtension.java:84)
	org.junit.jupiter.engine.execution.ExecutableInvoker$ReflectiveInterceptorCall.lambda$ofVoidMethod$0(ExecutableInvoker.java:115)
	org.junit.jupiter.engine.execution.ExecutableInvoker.lambda$invoke$0(ExecutableInvoker.java:105)
	org.junit.jupiter.engine.execution.InvocationInterceptorChain$InterceptedInvocation.proceed(InvocationInterceptorChain.java:106)
	org.junit.jupiter.engine.execution.InvocationInterceptorChain.proceed(InvocationInterceptorChain.java:64)
	org.junit.jupiter.engine.execution.InvocationInterceptorChain.chainAndInvoke(InvocationInterceptorChain.java:45)
	org.junit.jupiter.engine.execution.InvocationInterceptorChain.invoke(InvocationInterceptorChain.java:37)
	org.junit.jupiter.engine.execution.ExecutableInvoker.invoke(ExecutableInvoker.java:104)
	org.junit.jupiter.engine.execution.ExecutableInvoker.invoke(ExecutableInvoker.java:98)
	org.junit.jupiter.engine.descriptor.TestMethodTestDescriptor.lambda$invokeTestMethod$6(TestMethodTestDescriptor.java:212)
	org.junit.platform.engine.support.hierarchical.ThrowableCollector.execute(ThrowableCollector.java:73)
	org.junit.jupiter.engine.descriptor.TestMethodTestDescriptor.invokeTestMethod(TestMethodTestDescriptor.java:208)
	org.junit.jupiter.engine.descriptor.TestMethodTestDescriptor.execute(TestMethodTestDescriptor.java:137)
	org.junit.jupiter.engine.descriptor.TestMethodTestDescriptor.execute(TestMethodTestDescriptor.java:71)
	org.junit.platform.engine.support.hierarchical.NodeTestTask.lambda$executeRecursively$5(NodeTestTask.java:135)
	org.junit.platform.engine.support.hierarchical.ThrowableCollector.execute(ThrowableCollector.java:73)
	org.junit.platform.engine.support.hierarchical.NodeTestTask.lambda$executeRecursively$7(NodeTestTask.java:125)
	org.junit.platform.engine.support.hierarchical.Node.around(Node.java:135)
	org.junit.platform.engine.support.hierarchical.NodeTestTask.lambda$executeRecursively$8(NodeTestTask.java:123)
	org.junit.platform.engine.support.hierarchical.ThrowableCollector.execute(ThrowableCollector.java:73)
	org.junit.platform.engine.support.hierarchical.NodeTestTask.executeRecursively(NodeTestTask.java:122)
	org.junit.platform.engine.support.hierarchical.NodeTestTask.execute(NodeTestTask.java:80)
	java.util.ArrayList.forEach(ArrayList.java:1257)
	org.junit.platform.engine.support.hierarchical.SameThreadHierarchicalTestExecutorService.invokeAll(SameThreadHierarchicalTestExecutorService.java:38)
	org.junit.platform.engine.support.hierarchical.NodeTestTask.lambda$executeRecursively$5(NodeTestTask.java:139)
	org.junit.platform.engine.support.hierarchical.ThrowableCollector.execute(ThrowableCollector.java:73)
	org.junit.platform.engine.support.hierarchical.NodeTestTask.lambda$executeRecursively$7(NodeTestTask.java:125)
	org.junit.platform.engine.support.hierarchical.Node.around(Node.java:135)
	org.junit.platform.engine.support.hierarchical.NodeTestTask.lambda$executeRecursively$8(NodeTestTask.java:123)
	org.junit.platform.engine.support.hierarchical.ThrowableCollector.execute(ThrowableCollector.java:73)
	org.junit.platform.engine.support.hierarchical.NodeTestTask.executeRecursively(NodeTestTask.java:122)
	org.junit.platform.engine.support.hierarchical.NodeTestTask.execute(NodeTestTask.java:80)
	java.util.ArrayList.forEach(ArrayList.java:1257)
	org.junit.platform.engine.support.hierarchical.SameThreadHierarchicalTestExecutorService.invokeAll(SameThreadHierarchicalTestExecutorService.java:38)
	org.junit.platform.engine.support.hierarchical.NodeTestTask.lambda$executeRecursively$5(NodeTestTask.java:139)
	org.junit.platform.engine.support.hierarchical.ThrowableCollector.execute(ThrowableCollector.java:73)
	org.junit.platform.engine.support.hierarchical.NodeTestTask.lambda$executeRecursively$7(NodeTestTask.java:125)
	org.junit.platform.engine.support.hierarchical.Node.around(Node.java:135)
	org.junit.platform.engine.support.hierarchical.NodeTestTask.lambda$executeRecursively$8(NodeTestTask.java:123)
	org.junit.platform.engine.support.hierarchical.ThrowableCollector.execute(ThrowableCollector.java:73)
	org.junit.platform.engine.support.hierarchical.NodeTestTask.executeRecursively(NodeTestTask.java:122)
	org.junit.platform.engine.support.hierarchical.NodeTestTask.execute(NodeTestTask.java:80)
	org.junit.platform.engine.support.hierarchical.SameThreadHierarchicalTestExecutorService.submit(SameThreadHierarchicalTestExecutorService.java:32)
	org.junit.platform.engine.support.hierarchical.HierarchicalTestExecutor.execute(HierarchicalTestExecutor.java:57)
	org.junit.platform.engine.support.hierarchical.HierarchicalTestEngine.execute(HierarchicalTestEngine.java:51)
	org.junit.platform.launcher.core.DefaultLauncher.execute(DefaultLauncher.java:248)
	org.junit.platform.launcher.core.DefaultLauncher.lambda$execute$5(DefaultLauncher.java:211)
	org.junit.platform.launcher.core.DefaultLauncher.withInterceptedStreams(DefaultLauncher.java:226)
	org.junit.platform.launcher.core.DefaultLauncher.execute(DefaultLauncher.java:199)
	org.junit.platform.launcher.core.DefaultLauncher.execute(DefaultLauncher.java:132)
	org.gradle.api.internal.tasks.testing.junitplatform.JUnitPlatformTestClassProcessor$CollectAllTestClassesExecutor.processAllTestClasses(JUnitPlatformTestClassProcessor.java:102)
	org.gradle.api.internal.tasks.testing.junitplatform.JUnitPlatformTestClassProcessor$CollectAllTestClassesExecutor.access$000(JUnitPlatformTestClassProcessor.java:82)
	org.gradle.api.internal.tasks.testing.junitplatform.JUnitPlatformTestClassProcessor.stop(JUnitPlatformTestClassProcessor.java:78)
	org.gradle.api.internal.tasks.testing.SuiteTestClassProcessor.stop(SuiteTestClassProcessor.java:61)
	sun.reflect.NativeMethodAccessorImpl.invoke0(Native Method)
	sun.reflect.NativeMethodAccessorImpl.invoke(NativeMethodAccessorImpl.java:62)
	sun.reflect.DelegatingMethodAccessorImpl.invoke(DelegatingMethodAccessorImpl.java:43)
	java.lang.reflect.Method.invoke(Method.java:498)
	org.gradle.internal.dispatch.ReflectionDispatch.dispatch(ReflectionDispatch.java:36)
	org.gradle.internal.dispatch.ReflectionDispatch.dispatch(ReflectionDispatch.java:24)
	org.gradle.internal.dispatch.ContextClassLoaderDispatch.dispatch(ContextClassLoaderDispatch.java:33)
	org.gradle.internal.dispatch.ProxyDispatchAdapter$DispatchingInvocationHandler.invoke(ProxyDispatchAdapter.java:94)
	com.sun.proxy.$Proxy2.stop(Unknown Source)
	org.gradle.api.internal.tasks.testing.worker.TestWorker.stop(TestWorker.java:132)
	sun.reflect.NativeMethodAccessorImpl.invoke0(Native Method)
	sun.reflect.NativeMethodAccessorImpl.invoke(NativeMethodAccessorImpl.java:62)
	sun.reflect.DelegatingMethodAccessorImpl.invoke(DelegatingMethodAccessorImpl.java:43)
	java.lang.reflect.Method.invoke(Method.java:498)
	org.gradle.internal.dispatch.ReflectionDispatch.dispatch(ReflectionDispatch.java:36)
	org.gradle.internal.dispatch.ReflectionDispatch.dispatch(ReflectionDispatch.java:24)
	org.gradle.internal.remote.internal.hub.MessageHubBackedObjectConnection$DispatchWrapper.dispatch(MessageHubBackedObjectConnection.java:182)
	org.gradle.internal.remote.internal.hub.MessageHubBackedObjectConnection$DispatchWrapper.dispatch(MessageHubBackedObjectConnection.java:164)
	org.gradle.internal.remote.internal.hub.MessageHub$Handler.run(MessageHub.java:412)
	org.gradle.internal.concurrent.ExecutorPolicy$CatchAndRecordFailures.onExecute(ExecutorPolicy.java:64)
	org.gradle.internal.concurrent.ManagedExecutorImpl$1.run(ManagedExecutorImpl.java:48)
	java.util.concurrent.ThreadPoolExecutor.runWorker(ThreadPoolExecutor.java:1149)
	java.util.concurrent.ThreadPoolExecutor$Worker.run(ThreadPoolExecutor.java:624)
	org.gradle.internal.concurrent.ThreadFactoryImpl$ManagedThreadRunnable.run(ThreadFactoryImpl.java:56)
	java.lang.Thread.run(Thread.java:748)
#2:
	io.netty.buffer.AdvancedLeakAwareCompositeByteBuf.slice(AdvancedLeakAwareCompositeByteBuf.java:62)
	io.rsocket.metadata.CompositeMetadataFlyweight.decodeMimeAndContentBuffersSlices(CompositeMetadataFlyweight.java:109)
	io.rsocket.metadata.CompositeMetadata$1.next(CompositeMetadata.java:100)
	io.rsocket.metadata.CompositeMetadata$1.next(CompositeMetadata.java:88)
	org.springframework.messaging.rsocket.DefaultMetadataExtractor.extract(DefaultMetadataExtractor.java:114)
	org.springframework.messaging.rsocket.DefaultRSocketRequesterTests.testSendWithAsyncMetadata(DefaultRSocketRequesterTests.java:171)
	sun.reflect.NativeMethodAccessorImpl.invoke0(Native Method)
	sun.reflect.NativeMethodAccessorImpl.invoke(NativeMethodAccessorImpl.java:62)
	sun.reflect.DelegatingMethodAccessorImpl.invoke(DelegatingMethodAccessorImpl.java:43)
	java.lang.reflect.Method.invoke(Method.java:498)
	org.junit.platform.commons.util.ReflectionUtils.invokeMethod(ReflectionUtils.java:686)
	org.junit.jupiter.engine.execution.MethodInvocation.proceed(MethodInvocation.java:60)
	org.junit.jupiter.engine.execution.InvocationInterceptorChain$ValidatingInvocation.proceed(InvocationInterceptorChain.java:131)
	org.junit.jupiter.engine.extension.TimeoutExtension.intercept(TimeoutExtension.java:149)
	org.junit.jupiter.engine.extension.TimeoutExtension.interceptTestableMethod(TimeoutExtension.java:140)
	org.junit.jupiter.engine.extension.TimeoutExtension.interceptTestMethod(TimeoutExtension.java:84)
	org.junit.jupiter.engine.execution.ExecutableInvoker$ReflectiveInterceptorCall.lambda$ofVoidMethod$0(ExecutableInvoker.java:115)
	org.junit.jupiter.engine.execution.ExecutableInvoker.lambda$invoke$0(ExecutableInvoker.java:105)
	org.junit.jupiter.engine.execution.InvocationInterceptorChain$InterceptedInvocation.proceed(InvocationInterceptorChain.java:106)
	org.junit.jupiter.engine.execution.InvocationInterceptorChain.proceed(InvocationInterceptorChain.java:64)
	org.junit.jupiter.engine.execution.InvocationInterceptorChain.chainAndInvoke(InvocationInterceptorChain.java:45)
	org.junit.jupiter.engine.execution.InvocationInterceptorChain.invoke(InvocationInterceptorChain.java:37)
	org.junit.jupiter.engine.execution.ExecutableInvoker.invoke(ExecutableInvoker.java:104)
	org.junit.jupiter.engine.execution.ExecutableInvoker.invoke(ExecutableInvoker.java:98)
	org.junit.jupiter.engine.descriptor.TestMethodTestDescriptor.lambda$invokeTestMethod$6(TestMethodTestDescriptor.java:212)
	org.junit.platform.engine.support.hierarchical.ThrowableCollector.execute(ThrowableCollector.java:73)
	org.junit.jupiter.engine.descriptor.TestMethodTestDescriptor.invokeTestMethod(TestMethodTestDescriptor.java:208)
	org.junit.jupiter.engine.descriptor.TestMethodTestDescriptor.execute(TestMethodTestDescriptor.java:137)
	org.junit.jupiter.engine.descriptor.TestMethodTestDescriptor.execute(TestMethodTestDescriptor.java:71)
	org.junit.platform.engine.support.hierarchical.NodeTestTask.lambda$executeRecursively$5(NodeTestTask.java:135)
	org.junit.platform.engine.support.hierarchical.ThrowableCollector.execute(ThrowableCollector.java:73)
	org.junit.platform.engine.support.hierarchical.NodeTestTask.lambda$executeRecursively$7(NodeTestTask.java:125)
	org.junit.platform.engine.support.hierarchical.Node.around(Node.java:135)
	org.junit.platform.engine.support.hierarchical.NodeTestTask.lambda$executeRecursively$8(NodeTestTask.java:123)
	org.junit.platform.engine.support.hierarchical.ThrowableCollector.execute(ThrowableCollector.java:73)
	org.junit.platform.engine.support.hierarchical.NodeTestTask.executeRecursively(NodeTestTask.java:122)
	org.junit.platform.engine.support.hierarchical.NodeTestTask.execute(NodeTestTask.java:80)
	java.util.ArrayList.forEach(ArrayList.java:1257)
	org.junit.platform.engine.support.hierarchical.SameThreadHierarchicalTestExecutorService.invokeAll(SameThreadHierarchicalTestExecutorService.java:38)
	org.junit.platform.engine.support.hierarchical.NodeTestTask.lambda$executeRecursively$5(NodeTestTask.java:139)
	org.junit.platform.engine.support.hierarchical.ThrowableCollector.execute(ThrowableCollector.java:73)
	org.junit.platform.engine.support.hierarchical.NodeTestTask.lambda$executeRecursively$7(NodeTestTask.java:125)
	org.junit.platform.engine.support.hierarchical.Node.around(Node.java:135)
	org.junit.platform.engine.support.hierarchical.NodeTestTask.lambda$executeRecursively$8(NodeTestTask.java:123)
	org.junit.platform.engine.support.hierarchical.ThrowableCollector.execute(ThrowableCollector.java:73)
	org.junit.platform.engine.support.hierarchical.NodeTestTask.executeRecursively(NodeTestTask.java:122)
	org.junit.platform.engine.support.hierarchical.NodeTestTask.execute(NodeTestTask.java:80)
	java.util.ArrayList.forEach(ArrayList.java:1257)
	org.junit.platform.engine.support.hierarchical.SameThreadHierarchicalTestExecutorService.invokeAll(SameThreadHierarchicalTestExecutorService.java:38)
	org.junit.platform.engine.support.hierarchical.NodeTestTask.lambda$executeRecursively$5(NodeTestTask.java:139)
	org.junit.platform.engine.support.hierarchical.ThrowableCollector.execute(ThrowableCollector.java:73)
	org.junit.platform.engine.support.hierarchical.NodeTestTask.lambda$executeRecursively$7(NodeTestTask.java:125)
	org.junit.platform.engine.support.hierarchical.Node.around(Node.java:135)
	org.junit.platform.engine.support.hierarchical.NodeTestTask.lambda$executeRecursively$8(NodeTestTask.java:123)
	org.junit.platform.engine.support.hierarchical.ThrowableCollector.execute(ThrowableCollector.java:73)
	org.junit.platform.engine.support.hierarchical.NodeTestTask.executeRecursively(NodeTestTask.java:122)
	org.junit.platform.engine.support.hierarchical.NodeTestTask.execute(NodeTestTask.java:80)
	org.junit.platform.engine.support.hierarchical.SameThreadHierarchicalTestExecutorService.submit(SameThreadHierarchicalTestExecutorService.java:32)
	org.junit.platform.engine.support.hierarchical.HierarchicalTestExecutor.execute(HierarchicalTestExecutor.java:57)
	org.junit.platform.engine.support.hierarchical.HierarchicalTestEngine.execute(HierarchicalTestEngine.java:51)
	org.junit.platform.launcher.core.DefaultLauncher.execute(DefaultLauncher.java:248)
	org.junit.platform.launcher.core.DefaultLauncher.lambda$execute$5(DefaultLauncher.java:211)
	org.junit.platform.launcher.core.DefaultLauncher.withInterceptedStreams(DefaultLauncher.java:226)
	org.junit.platform.launcher.core.DefaultLauncher.execute(DefaultLauncher.java:199)
	org.junit.platform.launcher.core.DefaultLauncher.execute(DefaultLauncher.java:132)
	org.gradle.api.internal.tasks.testing.junitplatform.JUnitPlatformTestClassProcessor$CollectAllTestClassesExecutor.processAllTestClasses(JUnitPlatformTestClassProcessor.java:102)
	org.gradle.api.internal.tasks.testing.junitplatform.JUnitPlatformTestClassProcessor$CollectAllTestClassesExecutor.access$000(JUnitPlatformTestClassProcessor.java:82)
	org.gradle.api.internal.tasks.testing.junitplatform.JUnitPlatformTestClassProcessor.stop(JUnitPlatformTestClassProcessor.java:78)
	org.gradle.api.internal.tasks.testing.SuiteTestClassProcessor.stop(SuiteTestClassProcessor.java:61)
	sun.reflect.NativeMethodAccessorImpl.invoke0(Native Method)
	sun.reflect.NativeMethodAccessorImpl.invoke(NativeMethodAccessorImpl.java:62)
	sun.reflect.DelegatingMethodAccessorImpl.invoke(DelegatingMethodAccessorImpl.java:43)
	java.lang.reflect.Method.invoke(Method.java:498)
	org.gradle.internal.dispatch.ReflectionDispatch.dispatch(ReflectionDispatch.java:36)
	org.gradle.internal.dispatch.ReflectionDispatch.dispatch(ReflectionDispatch.java:24)
	org.gradle.internal.dispatch.ContextClassLoaderDispatch.dispatch(ContextClassLoaderDispatch.java:33)
	org.gradle.internal.dispatch.ProxyDispatchAdapter$DispatchingInvocationHandler.invoke(ProxyDispatchAdapter.java:94)
	com.sun.proxy.$Proxy2.stop(Unknown Source)
	org.gradle.api.internal.tasks.testing.worker.TestWorker.stop(TestWorker.java:132)
	sun.reflect.NativeMethodAccessorImpl.invoke0(Native Method)
	sun.reflect.NativeMethodAccessorImpl.invoke(NativeMethodAccessorImpl.java:62)
	sun.reflect.DelegatingMethodAccessorImpl.invoke(DelegatingMethodAccessorImpl.java:43)
	java.lang.reflect.Method.invoke(Method.java:498)
	org.gradle.internal.dispatch.ReflectionDispatch.dispatch(ReflectionDispatch.java:36)
	org.gradle.internal.dispatch.ReflectionDispatch.dispatch(ReflectionDispatch.java:24)
	org.gradle.internal.remote.internal.hub.MessageHubBackedObjectConnection$DispatchWrapper.dispatch(MessageHubBackedObjectConnection.java:182)
	org.gradle.internal.remote.internal.hub.MessageHubBackedObjectConnection$DispatchWrapper.dispatch(MessageHubBackedObjectConnection.java:164)
	org.gradle.internal.remote.internal.hub.MessageHub$Handler.run(MessageHub.java:412)
	org.gradle.internal.concurrent.ExecutorPolicy$CatchAndRecordFailures.onExecute(ExecutorPolicy.java:64)
	org.gradle.internal.concurrent.ManagedExecutorImpl$1.run(ManagedExecutorImpl.java:48)
	java.util.concurrent.ThreadPoolExecutor.runWorker(ThreadPoolExecutor.java:1149)
	java.util.concurrent.ThreadPoolExecutor$Worker.run(ThreadPoolExecutor.java:624)
	org.gradle.internal.concurrent.ThreadFactoryImpl$ManagedThreadRunnable.run(ThreadFactoryImpl.java:56)
	java.lang.Thread.run(Thread.java:748)
#3:
	io.netty.buffer.AdvancedLeakAwareByteBuf.skipBytes(AdvancedLeakAwareByteBuf.java:532)
	io.rsocket.metadata.CompositeMetadataFlyweight.decodeMimeTypeFromMimeBuffer(CompositeMetadataFlyweight.java:191)
	io.rsocket.metadata.CompositeMetadata$1.next(CompositeMetadata.java:111)
	io.rsocket.metadata.CompositeMetadata$1.next(CompositeMetadata.java:88)
	org.springframework.messaging.rsocket.DefaultMetadataExtractor.extract(DefaultMetadataExtractor.java:114)
	org.springframework.messaging.rsocket.DefaultRSocketRequesterTests.testSendWithAsyncMetadata(DefaultRSocketRequesterTests.java:171)
	sun.reflect.NativeMethodAccessorImpl.invoke0(Native Method)
	sun.reflect.NativeMethodAccessorImpl.invoke(NativeMethodAccessorImpl.java:62)
	sun.reflect.DelegatingMethodAccessorImpl.invoke(DelegatingMethodAccessorImpl.java:43)
	java.lang.reflect.Method.invoke(Method.java:498)
	org.junit.platform.commons.util.ReflectionUtils.invokeMethod(ReflectionUtils.java:686)
	org.junit.jupiter.engine.execution.MethodInvocation.proceed(MethodInvocation.java:60)
	org.junit.jupiter.engine.execution.InvocationInterceptorChain$ValidatingInvocation.proceed(InvocationInterceptorChain.java:131)
	org.junit.jupiter.engine.extension.TimeoutExtension.intercept(TimeoutExtension.java:149)
	org.junit.jupiter.engine.extension.TimeoutExtension.interceptTestableMethod(TimeoutExtension.java:140)
	org.junit.jupiter.engine.extension.TimeoutExtension.interceptTestMethod(TimeoutExtension.java:84)
	org.junit.jupiter.engine.execution.ExecutableInvoker$ReflectiveInterceptorCall.lambda$ofVoidMethod$0(ExecutableInvoker.java:115)
	org.junit.jupiter.engine.execution.ExecutableInvoker.lambda$invoke$0(ExecutableInvoker.java:105)
	org.junit.jupiter.engine.execution.InvocationInterceptorChain$InterceptedInvocation.proceed(InvocationInterceptorChain.java:106)
	org.junit.jupiter.engine.execution.InvocationInterceptorChain.proceed(InvocationInterceptorChain.java:64)
	org.junit.jupiter.engine.execution.InvocationInterceptorChain.chainAndInvoke(InvocationInterceptorChain.java:45)
	org.junit.jupiter.engine.execution.InvocationInterceptorChain.invoke(InvocationInterceptorChain.java:37)
	org.junit.jupiter.engine.execution.ExecutableInvoker.invoke(ExecutableInvoker.java:104)
	org.junit.jupiter.engine.execution.ExecutableInvoker.invoke(ExecutableInvoker.java:98)
	org.junit.jupiter.engine.descriptor.TestMethodTestDescriptor.lambda$invokeTestMethod$6(TestMethodTestDescriptor.java:212)
	org.junit.platform.engine.support.hierarchical.ThrowableCollector.execute(ThrowableCollector.java:73)
	org.junit.jupiter.engine.descriptor.TestMethodTestDescriptor.invokeTestMethod(TestMethodTestDescriptor.java:208)
	org.junit.jupiter.engine.descriptor.TestMethodTestDescriptor.execute(TestMethodTestDescriptor.java:137)
	org.junit.jupiter.engine.descriptor.TestMethodTestDescriptor.execute(TestMethodTestDescriptor.java:71)
	org.junit.platform.engine.support.hierarchical.NodeTestTask.lambda$executeRecursively$5(NodeTestTask.java:135)
	org.junit.platform.engine.support.hierarchical.ThrowableCollector.execute(ThrowableCollector.java:73)
	org.junit.platform.engine.support.hierarchical.NodeTestTask.lambda$executeRecursively$7(NodeTestTask.java:125)
	org.junit.platform.engine.support.hierarchical.Node.around(Node.java:135)
	org.junit.platform.engine.support.hierarchical.NodeTestTask.lambda$executeRecursively$8(NodeTestTask.java:123)
	org.junit.platform.engine.support.hierarchical.ThrowableCollector.execute(ThrowableCollector.java:73)
	org.junit.platform.engine.support.hierarchical.NodeTestTask.executeRecursively(NodeTestTask.java:122)
	org.junit.platform.engine.support.hierarchical.NodeTestTask.execute(NodeTestTask.java:80)
	java.util.ArrayList.forEach(ArrayList.java:1257)
	org.junit.platform.engine.support.hierarchical.SameThreadHierarchicalTestExecutorService.invokeAll(SameThreadHierarchicalTestExecutorService.java:38)
	org.junit.platform.engine.support.hierarchical.NodeTestTask.lambda$executeRecursively$5(NodeTestTask.java:139)
	org.junit.platform.engine.support.hierarchical.ThrowableCollector.execute(ThrowableCollector.java:73)
	org.junit.platform.engine.support.hierarchical.NodeTestTask.lambda$executeRecursively$7(NodeTestTask.java:125)
	org.junit.platform.engine.support.hierarchical.Node.around(Node.java:135)
	org.junit.platform.engine.support.hierarchical.NodeTestTask.lambda$executeRecursively$8(NodeTestTask.java:123)
	org.junit.platform.engine.support.hierarchical.ThrowableCollector.execute(ThrowableCollector.java:73)
	org.junit.platform.engine.support.hierarchical.NodeTestTask.executeRecursively(NodeTestTask.java:122)
	org.junit.platform.engine.support.hierarchical.NodeTestTask.execute(NodeTestTask.java:80)
	java.util.ArrayList.forEach(ArrayList.java:1257)
	org.junit.platform.engine.support.hierarchical.SameThreadHierarchicalTestExecutorService.invokeAll(SameThreadHierarchicalTestExecutorService.java:38)
	org.junit.platform.engine.support.hierarchical.NodeTestTask.lambda$executeRecursively$5(NodeTestTask.java:139)
	org.junit.platform.engine.support.hierarchical.ThrowableCollector.execute(ThrowableCollector.java:73)
	org.junit.platform.engine.support.hierarchical.NodeTestTask.lambda$executeRecursively$7(NodeTestTask.java:125)
	org.junit.platform.engine.support.hierarchical.Node.around(Node.java:135)
	org.junit.platform.engine.support.hierarchical.NodeTestTask.lambda$executeRecursively$8(NodeTestTask.java:123)
	org.junit.platform.engine.support.hierarchical.ThrowableCollector.execute(ThrowableCollector.java:73)
	org.junit.platform.engine.support.hierarchical.NodeTestTask.executeRecursively(NodeTestTask.java:122)
	org.junit.platform.engine.support.hierarchical.NodeTestTask.execute(NodeTestTask.java:80)
	org.junit.platform.engine.support.hierarchical.SameThreadHierarchicalTestExecutorService.submit(SameThreadHierarchicalTestExecutorService.java:32)
	org.junit.platform.engine.support.hierarchical.HierarchicalTestExecutor.execute(HierarchicalTestExecutor.java:57)
	org.junit.platform.engine.support.hierarchical.HierarchicalTestEngine.execute(HierarchicalTestEngine.java:51)
	org.junit.platform.launcher.core.DefaultLauncher.execute(DefaultLauncher.java:248)
	org.junit.platform.launcher.core.DefaultLauncher.lambda$execute$5(DefaultLauncher.java:211)
	org.junit.platform.launcher.core.DefaultLauncher.withInterceptedStreams(DefaultLauncher.java:226)
	org.junit.platform.launcher.core.DefaultLauncher.execute(DefaultLauncher.java:199)
	org.junit.platform.launcher.core.DefaultLauncher.execute(DefaultLauncher.java:132)
	org.gradle.api.internal.tasks.testing.junitplatform.JUnitPlatformTestClassProcessor$CollectAllTestClassesExecutor.processAllTestClasses(JUnitPlatformTestClassProcessor.java:102)
	org.gradle.api.internal.tasks.testing.junitplatform.JUnitPlatformTestClassProcessor$CollectAllTestClassesExecutor.access$000(JUnitPlatformTestClassProcessor.java:82)
	org.gradle.api.internal.tasks.testing.junitplatform.JUnitPlatformTestClassProcessor.stop(JUnitPlatformTestClassProcessor.java:78)
	org.gradle.api.internal.tasks.testing.SuiteTestClassProcessor.stop(SuiteTestClassProcessor.java:61)
	sun.reflect.NativeMethodAccessorImpl.invoke0(Native Method)
	sun.reflect.NativeMethodAccessorImpl.invoke(NativeMethodAccessorImpl.java:62)
	sun.reflect.DelegatingMethodAccessorImpl.invoke(DelegatingMethodAccessorImpl.java:43)
	java.lang.reflect.Method.invoke(Method.java:498)
	org.gradle.internal.dispatch.ReflectionDispatch.dispatch(ReflectionDispatch.java:36)
	org.gradle.internal.dispatch.ReflectionDispatch.dispatch(ReflectionDispatch.java:24)
	org.gradle.internal.dispatch.ContextClassLoaderDispatch.dispatch(ContextClassLoaderDispatch.java:33)
	org.gradle.internal.dispatch.ProxyDispatchAdapter$DispatchingInvocationHandler.invoke(ProxyDispatchAdapter.java:94)
	com.sun.proxy.$Proxy2.stop(Unknown Source)
	org.gradle.api.internal.tasks.testing.worker.TestWorker.stop(TestWorker.java:132)
	sun.reflect.NativeMethodAccessorImpl.invoke0(Native Method)
	sun.reflect.NativeMethodAccessorImpl.invoke(NativeMethodAccessorImpl.java:62)
	sun.reflect.DelegatingMethodAccessorImpl.invoke(DelegatingMethodAccessorImpl.java:43)
	java.lang.reflect.Method.invoke(Method.java:498)
	org.gradle.internal.dispatch.ReflectionDispatch.dispatch(ReflectionDispatch.java:36)
	org.gradle.internal.dispatch.ReflectionDispatch.dispatch(ReflectionDispatch.java:24)
	org.gradle.internal.remote.internal.hub.MessageHubBackedObjectConnection$DispatchWrapper.dispatch(MessageHubBackedObjectConnection.java:182)
	org.gradle.internal.remote.internal.hub.MessageHubBackedObjectConnection$DispatchWrapper.dispatch(MessageHubBackedObjectConnection.java:164)
	org.gradle.internal.remote.internal.hub.MessageHub$Handler.run(MessageHub.java:412)
	org.gradle.internal.concurrent.ExecutorPolicy$CatchAndRecordFailures.onExecute(ExecutorPolicy.java:64)
	org.gradle.internal.concurrent.ManagedExecutorImpl$1.run(ManagedExecutorImpl.java:48)
	java.util.concurrent.ThreadPoolExecutor.runWorker(ThreadPoolExecutor.java:1149)
	java.util.concurrent.ThreadPoolExecutor$Worker.run(ThreadPoolExecutor.java:624)
	org.gradle.internal.concurrent.ThreadFactoryImpl$ManagedThreadRunnable.run(ThreadFactoryImpl.java:56)
	java.lang.Thread.run(Thread.java:748)
#4:
	io.netty.buffer.AdvancedLeakAwareCompositeByteBuf.skipBytes(AdvancedLeakAwareCompositeByteBuf.java:512)
	io.netty.buffer.AdvancedLeakAwareCompositeByteBuf.skipBytes(AdvancedLeakAwareCompositeByteBuf.java:36)
	io.rsocket.metadata.CompositeMetadataFlyweight.decodeMimeAndContentBuffersSlices(CompositeMetadataFlyweight.java:112)
	io.rsocket.metadata.CompositeMetadata$1.next(CompositeMetadata.java:100)
	io.rsocket.metadata.CompositeMetadata$1.next(CompositeMetadata.java:88)
	org.springframework.messaging.rsocket.DefaultMetadataExtractor.extract(DefaultMetadataExtractor.java:114)
	org.springframework.messaging.rsocket.DefaultRSocketRequesterTests.testSendWithAsyncMetadata(DefaultRSocketRequesterTests.java:171)
	sun.reflect.NativeMethodAccessorImpl.invoke0(Native Method)
	sun.reflect.NativeMethodAccessorImpl.invoke(NativeMethodAccessorImpl.java:62)
	sun.reflect.DelegatingMethodAccessorImpl.invoke(DelegatingMethodAccessorImpl.java:43)
	java.lang.reflect.Method.invoke(Method.java:498)
	org.junit.platform.commons.util.ReflectionUtils.invokeMethod(ReflectionUtils.java:686)
	org.junit.jupiter.engine.execution.MethodInvocation.proceed(MethodInvocation.java:60)
	org.junit.jupiter.engine.execution.InvocationInterceptorChain$ValidatingInvocation.proceed(InvocationInterceptorChain.java:131)
	org.junit.jupiter.engine.extension.TimeoutExtension.intercept(TimeoutExtension.java:149)
	org.junit.jupiter.engine.extension.TimeoutExtension.interceptTestableMethod(TimeoutExtension.java:140)
	org.junit.jupiter.engine.extension.TimeoutExtension.interceptTestMethod(TimeoutExtension.java:84)
	org.junit.jupiter.engine.execution.ExecutableInvoker$ReflectiveInterceptorCall.lambda$ofVoidMethod$0(ExecutableInvoker.java:115)
	org.junit.jupiter.engine.execution.ExecutableInvoker.lambda$invoke$0(ExecutableInvoker.java:105)
	org.junit.jupiter.engine.execution.InvocationInterceptorChain$InterceptedInvocation.proceed(InvocationInterceptorChain.java:106)
	org.junit.jupiter.engine.execution.InvocationInterceptorChain.proceed(InvocationInterceptorChain.java:64)
	org.junit.jupiter.engine.execution.InvocationInterceptorChain.chainAndInvoke(InvocationInterceptorChain.java:45)
	org.junit.jupiter.engine.execution.InvocationInterceptorChain.invoke(InvocationInterceptorChain.java:37)
	org.junit.jupiter.engine.execution.ExecutableInvoker.invoke(ExecutableInvoker.java:104)
	org.junit.jupiter.engine.execution.ExecutableInvoker.invoke(ExecutableInvoker.java:98)
	org.junit.jupiter.engine.descriptor.TestMethodTestDescriptor.lambda$invokeTestMethod$6(TestMethodTestDescriptor.java:212)
	org.junit.platform.engine.support.hierarchical.ThrowableCollector.execute(ThrowableCollector.java:73)
	org.junit.jupiter.engine.descriptor.TestMethodTestDescriptor.invokeTestMethod(TestMethodTestDescriptor.java:208)
	org.junit.jupiter.engine.descriptor.TestMethodTestDescriptor.execute(TestMethodTestDescriptor.java:137)
	org.junit.jupiter.engine.descriptor.TestMethodTestDescriptor.execute(TestMethodTestDescriptor.java:71)
	org.junit.platform.engine.support.hierarchical.NodeTestTask.lambda$executeRecursively$5(NodeTestTask.java:135)
	org.junit.platform.engine.support.hierarchical.ThrowableCollector.execute(ThrowableCollector.java:73)
	org.junit.platform.engine.support.hierarchical.NodeTestTask.lambda$executeRecursively$7(NodeTestTask.java:125)
	org.junit.platform.engine.support.hierarchical.Node.around(Node.java:135)
	org.junit.platform.engine.support.hierarchical.NodeTestTask.lambda$executeRecursively$8(NodeTestTask.java:123)
	org.junit.platform.engine.support.hierarchical.ThrowableCollector.execute(ThrowableCollector.java:73)
	org.junit.platform.engine.support.hierarchical.NodeTestTask.executeRecursively(NodeTestTask.java:122)
	org.junit.platform.engine.support.hierarchical.NodeTestTask.execute(NodeTestTask.java:80)
	java.util.ArrayList.forEach(ArrayList.java:1257)
	org.junit.platform.engine.support.hierarchical.SameThreadHierarchicalTestExecutorService.invokeAll(SameThreadHierarchicalTestExecutorService.java:38)
	org.junit.platform.engine.support.hierarchical.NodeTestTask.lambda$executeRecursively$5(NodeTestTask.java:139)
	org.junit.platform.engine.support.hierarchical.ThrowableCollector.execute(ThrowableCollector.java:73)
	org.junit.platform.engine.support.hierarchical.NodeTestTask.lambda$executeRecursively$7(NodeTestTask.java:125)
	org.junit.platform.engine.support.hierarchical.Node.around(Node.java:135)
	org.junit.platform.engine.support.hierarchical.NodeTestTask.lambda$executeRecursively$8(NodeTestTask.java:123)
	org.junit.platform.engine.support.hierarchical.ThrowableCollector.execute(ThrowableCollector.java:73)
	org.junit.platform.engine.support.hierarchical.NodeTestTask.executeRecursively(NodeTestTask.java:122)
	org.junit.platform.engine.support.hierarchical.NodeTestTask.execute(NodeTestTask.java:80)
	java.util.ArrayList.forEach(ArrayList.java:1257)
	org.junit.platform.engine.support.hierarchical.SameThreadHierarchicalTestExecutorService.invokeAll(SameThreadHierarchicalTestExecutorService.java:38)
	org.junit.platform.engine.support.hierarchical.NodeTestTask.lambda$executeRecursively$5(NodeTestTask.java:139)
	org.junit.platform.engine.support.hierarchical.ThrowableCollector.execute(ThrowableCollector.java:73)
	org.junit.platform.engine.support.hierarchical.NodeTestTask.lambda$executeRecursively$7(NodeTestTask.java:125)
	org.junit.platform.engine.support.hierarchical.Node.around(Node.java:135)
	org.junit.platform.engine.support.hierarchical.NodeTestTask.lambda$executeRecursively$8(NodeTestTask.java:123)
	org.junit.platform.engine.support.hierarchical.ThrowableCollector.execute(ThrowableCollector.java:73)
	org.junit.platform.engine.support.hierarchical.NodeTestTask.executeRecursively(NodeTestTask.java:122)
	org.junit.platform.engine.support.hierarchical.NodeTestTask.execute(NodeTestTask.java:80)
	org.junit.platform.engine.support.hierarchical.SameThreadHierarchicalTestExecutorService.submit(SameThreadHierarchicalTestExecutorService.java:32)
	org.junit.platform.engine.support.hierarchical.HierarchicalTestExecutor.execute(HierarchicalTestExecutor.java:57)
	org.junit.platform.engine.support.hierarchical.HierarchicalTestEngine.execute(HierarchicalTestEngine.java:51)
	org.junit.platform.launcher.core.DefaultLauncher.execute(DefaultLauncher.java:248)
	org.junit.platform.launcher.core.DefaultLauncher.lambda$execute$5(DefaultLauncher.java:211)
	org.junit.platform.launcher.core.DefaultLauncher.withInterceptedStreams(DefaultLauncher.java:226)
	org.junit.platform.launcher.core.DefaultLauncher.execute(DefaultLauncher.java:199)
	org.junit.platform.launcher.core.DefaultLauncher.execute(DefaultLauncher.java:132)
	org.gradle.api.internal.tasks.testing.junitplatform.JUnitPlatformTestClassProcessor$CollectAllTestClassesExecutor.processAllTestClasses(JUnitPlatformTestClassProcessor.java:102)
	org.gradle.api.internal.tasks.testing.junitplatform.JUnitPlatformTestClassProcessor$CollectAllTestClassesExecutor.access$000(JUnitPlatformTestClassProcessor.java:82)
	org.gradle.api.internal.tasks.testing.junitplatform.JUnitPlatformTestClassProcessor.stop(JUnitPlatformTestClassProcessor.java:78)
	org.gradle.api.internal.tasks.testing.SuiteTestClassProcessor.stop(SuiteTestClassProcessor.java:61)
	sun.reflect.NativeMethodAccessorImpl.invoke0(Native Method)
	sun.reflect.NativeMethodAccessorImpl.invoke(NativeMethodAccessorImpl.java:62)
	sun.reflect.DelegatingMethodAccessorImpl.invoke(DelegatingMethodAccessorImpl.java:43)
	java.lang.reflect.Method.invoke(Method.java:498)
	org.gradle.internal.dispatch.ReflectionDispatch.dispatch(ReflectionDispatch.java:36)
	org.gradle.internal.dispatch.ReflectionDispatch.dispatch(ReflectionDispatch.java:24)
	org.gradle.internal.dispatch.ContextClassLoaderDispatch.dispatch(ContextClassLoaderDispatch.java:33)
	org.gradle.internal.dispatch.ProxyDispatchAdapter$DispatchingInvocationHandler.invoke(ProxyDispatchAdapter.java:94)
	com.sun.proxy.$Proxy2.stop(Unknown Source)
	org.gradle.api.internal.tasks.testing.worker.TestWorker.stop(TestWorker.java:132)
	sun.reflect.NativeMethodAccessorImpl.invoke0(Native Method)
	sun.reflect.NativeMethodAccessorImpl.invoke(NativeMethodAccessorImpl.java:62)
	sun.reflect.DelegatingMethodAccessorImpl.invoke(DelegatingMethodAccessorImpl.java:43)
	java.lang.reflect.Method.invoke(Method.java:498)
	org.gradle.internal.dispatch.ReflectionDispatch.dispatch(ReflectionDispatch.java:36)
	org.gradle.internal.dispatch.ReflectionDispatch.dispatch(ReflectionDispatch.java:24)
	org.gradle.internal.remote.internal.hub.MessageHubBackedObjectConnection$DispatchWrapper.dispatch(MessageHubBackedObjectConnection.java:182)
	org.gradle.internal.remote.internal.hub.MessageHubBackedObjectConnection$DispatchWrapper.dispatch(MessageHubBackedObjectConnection.java:164)
	org.gradle.internal.remote.internal.hub.MessageHub$Handler.run(MessageHub.java:412)
	org.gradle.internal.concurrent.ExecutorPolicy$CatchAndRecordFailures.onExecute(ExecutorPolicy.java:64)
	org.gradle.internal.concurrent.ManagedExecutorImpl$1.run(ManagedExecutorImpl.java:48)
	java.util.concurrent.ThreadPoolExecutor.runWorker(ThreadPoolExecutor.java:1149)
	java.util.concurrent.ThreadPoolExecutor$Worker.run(ThreadPoolExecutor.java:624)
	org.gradle.internal.concurrent.ThreadFactoryImpl$ManagedThreadRunnable.run(ThreadFactoryImpl.java:56)
	java.lang.Thread.run(Thread.java:748)
#5:
	io.netty.buffer.AdvancedLeakAwareCompositeByteBuf.touch(AdvancedLeakAwareCompositeByteBuf.java:36)
	org.springframework.core.io.buffer.NettyDataBufferFactory.wrap(NettyDataBufferFactory.java:93)
	org.springframework.messaging.rsocket.MetadataEncoder.asDataBuffer(MetadataEncoder.java:245)
	org.springframework.messaging.rsocket.MetadataEncoder.encodeEntries(MetadataEncoder.java:197)
	reactor.core.publisher.FluxMap$MapSubscriber.onNext(FluxMap.java:100)
	reactor.core.publisher.Operators$MonoSubscriber.complete(Operators.java:1755)
	reactor.core.publisher.MonoZip$ZipCoordinator.signal(MonoZip.java:247)
	reactor.core.publisher.MonoZip$ZipInner.onNext(MonoZip.java:329)
	reactor.core.publisher.FluxDefaultIfEmpty$DefaultIfEmptySubscriber.onNext(FluxDefaultIfEmpty.java:92)
	reactor.core.publisher.FluxMap$MapSubscriber.onNext(FluxMap.java:114)
	reactor.core.publisher.MonoDelay$MonoDelayRunnable.run(MonoDelay.java:117)
	reactor.core.scheduler.SchedulerTask.call(SchedulerTask.java:68)
	reactor.core.scheduler.SchedulerTask.call(SchedulerTask.java:28)
	java.util.concurrent.FutureTask.run(FutureTask.java:266)
	java.util.concurrent.ScheduledThreadPoolExecutor$ScheduledFutureTask.access$201(ScheduledThreadPoolExecutor.java:180)
	java.util.concurrent.ScheduledThreadPoolExecutor$ScheduledFutureTask.run(ScheduledThreadPoolExecutor.java:293)
	java.util.concurrent.ThreadPoolExecutor.runWorker(ThreadPoolExecutor.java:1149)
	java.util.concurrent.ThreadPoolExecutor$Worker.run(ThreadPoolExecutor.java:624)
	java.lang.Thread.run(Thread.java:748)
#6:
	io.netty.buffer.AdvancedLeakAwareCompositeByteBuf.addComponents(AdvancedLeakAwareCompositeByteBuf.java:926)
	io.rsocket.metadata.CompositeMetadataFlyweight.encodeAndAddMetadata(CompositeMetadataFlyweight.java:215)
	org.springframework.messaging.rsocket.MetadataEncoder.lambda$encodeEntries$2(MetadataEncoder.java:193)
	java.util.ArrayList.forEach(ArrayList.java:1257)
	org.springframework.messaging.rsocket.MetadataEncoder.encodeEntries(MetadataEncoder.java:191)
	reactor.core.publisher.FluxMap$MapSubscriber.onNext(FluxMap.java:100)
	reactor.core.publisher.Operators$MonoSubscriber.complete(Operators.java:1755)
	reactor.core.publisher.MonoZip$ZipCoordinator.signal(MonoZip.java:247)
	reactor.core.publisher.MonoZip$ZipInner.onNext(MonoZip.java:329)
	reactor.core.publisher.FluxDefaultIfEmpty$DefaultIfEmptySubscriber.onNext(FluxDefaultIfEmpty.java:92)
	reactor.core.publisher.FluxMap$MapSubscriber.onNext(FluxMap.java:114)
	reactor.core.publisher.MonoDelay$MonoDelayRunnable.run(MonoDelay.java:117)
	reactor.core.scheduler.SchedulerTask.call(SchedulerTask.java:68)
	reactor.core.scheduler.SchedulerTask.call(SchedulerTask.java:28)
	java.util.concurrent.FutureTask.run(FutureTask.java:266)
	java.util.concurrent.ScheduledThreadPoolExecutor$ScheduledFutureTask.access$201(ScheduledThreadPoolExecutor.java:180)
	java.util.concurrent.ScheduledThreadPoolExecutor$ScheduledFutureTask.run(ScheduledThreadPoolExecutor.java:293)
	java.util.concurrent.ThreadPoolExecutor.runWorker(ThreadPoolExecutor.java:1149)
	java.util.concurrent.ThreadPoolExecutor$Worker.run(ThreadPoolExecutor.java:624)
	java.lang.Thread.run(Thread.java:748)
#7:
	io.netty.buffer.AdvancedLeakAwareCompositeByteBuf.addComponents(AdvancedLeakAwareCompositeByteBuf.java:926)
	io.rsocket.metadata.CompositeMetadataFlyweight.encodeAndAddMetadata(CompositeMetadataFlyweight.java:234)
	org.springframework.messaging.rsocket.MetadataEncoder.encodeEntries(MetadataEncoder.java:188)
	reactor.core.publisher.FluxMap$MapSubscriber.onNext(FluxMap.java:100)
	reactor.core.publisher.Operators$MonoSubscriber.complete(Operators.java:1755)
	reactor.core.publisher.MonoZip$ZipCoordinator.signal(MonoZip.java:247)
	reactor.core.publisher.MonoZip$ZipInner.onNext(MonoZip.java:329)
	reactor.core.publisher.FluxDefaultIfEmpty$DefaultIfEmptySubscriber.onNext(FluxDefaultIfEmpty.java:92)
	reactor.core.publisher.FluxMap$MapSubscriber.onNext(FluxMap.java:114)
	reactor.core.publisher.MonoDelay$MonoDelayRunnable.run(MonoDelay.java:117)
	reactor.core.scheduler.SchedulerTask.call(SchedulerTask.java:68)
	reactor.core.scheduler.SchedulerTask.call(SchedulerTask.java:28)
	java.util.concurrent.FutureTask.run(FutureTask.java:266)
	java.util.concurrent.ScheduledThreadPoolExecutor$ScheduledFutureTask.access$201(ScheduledThreadPoolExecutor.java:180)
	java.util.concurrent.ScheduledThreadPoolExecutor$ScheduledFutureTask.run(ScheduledThreadPoolExecutor.java:293)
	java.util.concurrent.ThreadPoolExecutor.runWorker(ThreadPoolExecutor.java:1149)
	java.util.concurrent.ThreadPoolExecutor$Worker.run(ThreadPoolExecutor.java:624)
	java.lang.Thread.run(Thread.java:748)
Created at:
	io.netty.buffer.AbstractByteBufAllocator.compositeDirectBuffer(AbstractByteBufAllocator.java:223)
	io.netty.buffer.AbstractByteBufAllocator.compositeDirectBuffer(AbstractByteBufAllocator.java:218)
	io.netty.buffer.AbstractByteBufAllocator.compositeBuffer(AbstractByteBufAllocator.java:193)
	org.springframework.messaging.rsocket.MetadataEncoder.encodeEntries(MetadataEncoder.java:185)
	reactor.core.publisher.FluxMap$MapSubscriber.onNext(FluxMap.java:100)
	reactor.core.publisher.Operators$MonoSubscriber.complete(Operators.java:1755)
	reactor.core.publisher.MonoZip$ZipCoordinator.signal(MonoZip.java:247)
	reactor.core.publisher.MonoZip$ZipInner.onNext(MonoZip.java:329)
	reactor.core.publisher.FluxDefaultIfEmpty$DefaultIfEmptySubscriber.onNext(FluxDefaultIfEmpty.java:92)
	reactor.core.publisher.FluxMap$MapSubscriber.onNext(FluxMap.java:114)
	reactor.core.publisher.MonoDelay$MonoDelayRunnable.run(MonoDelay.java:117)
	reactor.core.scheduler.SchedulerTask.call(SchedulerTask.java:68)
	reactor.core.scheduler.SchedulerTask.call(SchedulerTask.java:28)
	java.util.concurrent.FutureTask.run(FutureTask.java:266)
	java.util.concurrent.ScheduledThreadPoolExecutor$ScheduledFutureTask.access$201(ScheduledThreadPoolExecutor.java:180)
	java.util.concurrent.ScheduledThreadPoolExecutor$ScheduledFutureTask.run(ScheduledThreadPoolExecutor.java:293)
	java.util.concurrent.ThreadPoolExecutor.runWorker(ThreadPoolExecutor.java:1149)
	java.util.concurrent.ThreadPoolExecutor$Worker.run(ThreadPoolExecutor.java:624)
	java.lang.Thread.run(Thread.java:748)
: 1 leak records were discarded because they were duplicates
: 26 leak records were discarded because the leak record count is targeted to 4. Use system property io.netty.leakDetection.targetRecords to increase the limit.
22:22:58.594 [Test worker] ERROR i.n.u.ResourceLeakDetector - LEAK: ByteBuf.release() was not called before it's garbage-collected. See https://netty.io/wiki/reference-counted-objects.html for more information.
Recent access records: 
#1:
	io.netty.buffer.AdvancedLeakAwareByteBuf.toString(AdvancedLeakAwareByteBuf.java:742)
	io.rsocket.Payload.getMetadataUtf8(Payload.java:98)
	org.springframework.messaging.rsocket.DefaultRSocketRequesterTests.testSendMono(DefaultRSocketRequesterTests.java:98)
	org.springframework.messaging.rsocket.DefaultRSocketRequesterTests.sendMono(DefaultRSocketRequesterTests.java:84)
	sun.reflect.NativeMethodAccessorImpl.invoke0(Native Method)
	sun.reflect.NativeMethodAccessorImpl.invoke(NativeMethodAccessorImpl.java:62)
	sun.reflect.DelegatingMethodAccessorImpl.invoke(DelegatingMethodAccessorImpl.java:43)
	java.lang.reflect.Method.invoke(Method.java:498)
	org.junit.platform.commons.util.ReflectionUtils.invokeMethod(ReflectionUtils.java:686)
	org.junit.jupiter.engine.execution.MethodInvocation.proceed(MethodInvocation.java:60)
	org.junit.jupiter.engine.execution.InvocationInterceptorChain$ValidatingInvocation.proceed(InvocationInterceptorChain.java:131)
	org.junit.jupiter.engine.extension.TimeoutExtension.intercept(TimeoutExtension.java:149)
	org.junit.jupiter.engine.extension.TimeoutExtension.interceptTestableMethod(TimeoutExtension.java:140)
	org.junit.jupiter.engine.extension.TimeoutExtension.interceptTestMethod(TimeoutExtension.java:84)
	org.junit.jupiter.engine.execution.ExecutableInvoker$ReflectiveInterceptorCall.lambda$ofVoidMethod$0(ExecutableInvoker.java:115)
	org.junit.jupiter.engine.execution.ExecutableInvoker.lambda$invoke$0(ExecutableInvoker.java:105)
	org.junit.jupiter.engine.execution.InvocationInterceptorChain$InterceptedInvocation.proceed(InvocationInterceptorChain.java:106)
	org.junit.jupiter.engine.execution.InvocationInterceptorChain.proceed(InvocationInterceptorChain.java:64)
	org.junit.jupiter.engine.execution.InvocationInterceptorChain.chainAndInvoke(InvocationInterceptorChain.java:45)
	org.junit.jupiter.engine.execution.InvocationInterceptorChain.invoke(InvocationInterceptorChain.java:37)
	org.junit.jupiter.engine.execution.ExecutableInvoker.invoke(ExecutableInvoker.java:104)
	org.junit.jupiter.engine.execution.ExecutableInvoker.invoke(ExecutableInvoker.java:98)
	org.junit.jupiter.engine.descriptor.TestMethodTestDescriptor.lambda$invokeTestMethod$6(TestMethodTestDescriptor.java:212)
	org.junit.platform.engine.support.hierarchical.ThrowableCollector.execute(ThrowableCollector.java:73)
	org.junit.jupiter.engine.descriptor.TestMethodTestDescriptor.invokeTestMethod(TestMethodTestDescriptor.java:208)
	org.junit.jupiter.engine.descriptor.TestMethodTestDescriptor.execute(TestMethodTestDescriptor.java:137)
	org.junit.jupiter.engine.descriptor.TestMethodTestDescriptor.execute(TestMethodTestDescriptor.java:71)
	org.junit.platform.engine.support.hierarchical.NodeTestTask.lambda$executeRecursively$5(NodeTestTask.java:135)
	org.junit.platform.engine.support.hierarchical.ThrowableCollector.execute(ThrowableCollector.java:73)
	org.junit.platform.engine.support.hierarchical.NodeTestTask.lambda$executeRecursively$7(NodeTestTask.java:125)
	org.junit.platform.engine.support.hierarchical.Node.around(Node.java:135)
	org.junit.platform.engine.support.hierarchical.NodeTestTask.lambda$executeRecursively$8(NodeTestTask.java:123)
	org.junit.platform.engine.support.hierarchical.ThrowableCollector.execute(ThrowableCollector.java:73)
	org.junit.platform.engine.support.hierarchical.NodeTestTask.executeRecursively(NodeTestTask.java:122)
	org.junit.platform.engine.support.hierarchical.NodeTestTask.execute(NodeTestTask.java:80)
	java.util.ArrayList.forEach(ArrayList.java:1257)
	org.junit.platform.engine.support.hierarchical.SameThreadHierarchicalTestExecutorService.invokeAll(SameThreadHierarchicalTestExecutorService.java:38)
	org.junit.platform.engine.support.hierarchical.NodeTestTask.lambda$executeRecursively$5(NodeTestTask.java:139)
	org.junit.platform.engine.support.hierarchical.ThrowableCollector.execute(ThrowableCollector.java:73)
	org.junit.platform.engine.support.hierarchical.NodeTestTask.lambda$executeRecursively$7(NodeTestTask.java:125)
	org.junit.platform.engine.support.hierarchical.Node.around(Node.java:135)
	org.junit.platform.engine.support.hierarchical.NodeTestTask.lambda$executeRecursively$8(NodeTestTask.java:123)
	org.junit.platform.engine.support.hierarchical.ThrowableCollector.execute(ThrowableCollector.java:73)
	org.junit.platform.engine.support.hierarchical.NodeTestTask.executeRecursively(NodeTestTask.java:122)
	org.junit.platform.engine.support.hierarchical.NodeTestTask.execute(NodeTestTask.java:80)
	java.util.ArrayList.forEach(ArrayList.java:1257)
	org.junit.platform.engine.support.hierarchical.SameThreadHierarchicalTestExecutorService.invokeAll(SameThreadHierarchicalTestExecutorService.java:38)
	org.junit.platform.engine.support.hierarchical.NodeTestTask.lambda$executeRecursively$5(NodeTestTask.java:139)
	org.junit.platform.engine.support.hierarchical.ThrowableCollector.execute(ThrowableCollector.java:73)
	org.junit.platform.engine.support.hierarchical.NodeTestTask.lambda$executeRecursively$7(NodeTestTask.java:125)
	org.junit.platform.engine.support.hierarchical.Node.around(Node.java:135)
	org.junit.platform.engine.support.hierarchical.NodeTestTask.lambda$executeRecursively$8(NodeTestTask.java:123)
	org.junit.platform.engine.support.hierarchical.ThrowableCollector.execute(ThrowableCollector.java:73)
	org.junit.platform.engine.support.hierarchical.NodeTestTask.executeRecursively(NodeTestTask.java:122)
	org.junit.platform.engine.support.hierarchical.NodeTestTask.execute(NodeTestTask.java:80)
	org.junit.platform.engine.support.hierarchical.SameThreadHierarchicalTestExecutorService.submit(SameThreadHierarchicalTestExecutorService.java:32)
	org.junit.platform.engine.support.hierarchical.HierarchicalTestExecutor.execute(HierarchicalTestExecutor.java:57)
	org.junit.platform.engine.support.hierarchical.HierarchicalTestEngine.execute(HierarchicalTestEngine.java:51)
	org.junit.platform.launcher.core.DefaultLauncher.execute(DefaultLauncher.java:248)
	org.junit.platform.launcher.core.DefaultLauncher.lambda$execute$5(DefaultLauncher.java:211)
	org.junit.platform.launcher.core.DefaultLauncher.withInterceptedStreams(DefaultLauncher.java:226)
	org.junit.platform.launcher.core.DefaultLauncher.execute(DefaultLauncher.java:199)
	org.junit.platform.launcher.core.DefaultLauncher.execute(DefaultLauncher.java:132)
	org.gradle.api.internal.tasks.testing.junitplatform.JUnitPlatformTestClassProcessor$CollectAllTestClassesExecutor.processAllTestClasses(JUnitPlatformTestClassProcessor.java:102)
	org.gradle.api.internal.tasks.testing.junitplatform.JUnitPlatformTestClassProcessor$CollectAllTestClassesExecutor.access$000(JUnitPlatformTestClassProcessor.java:82)
	org.gradle.api.internal.tasks.testing.junitplatform.JUnitPlatformTestClassProcessor.stop(JUnitPlatformTestClassProcessor.java:78)
	org.gradle.api.internal.tasks.testing.SuiteTestClassProcessor.stop(SuiteTestClassProcessor.java:61)
	sun.reflect.NativeMethodAccessorImpl.invoke0(Native Method)
	sun.reflect.NativeMethodAccessorImpl.invoke(NativeMethodAccessorImpl.java:62)
	sun.reflect.DelegatingMethodAccessorImpl.invoke(DelegatingMethodAccessorImpl.java:43)
	java.lang.reflect.Method.invoke(Method.java:498)
	org.gradle.internal.dispatch.ReflectionDispatch.dispatch(ReflectionDispatch.java:36)
	org.gradle.internal.dispatch.ReflectionDispatch.dispatch(ReflectionDispatch.java:24)
	org.gradle.internal.dispatch.ContextClassLoaderDispatch.dispatch(ContextClassLoaderDispatch.java:33)
	org.gradle.internal.dispatch.ProxyDispatchAdapter$DispatchingInvocationHandler.invoke(ProxyDispatchAdapter.java:94)
	com.sun.proxy.$Proxy2.stop(Unknown Source)
	org.gradle.api.internal.tasks.testing.worker.TestWorker.stop(TestWorker.java:132)
	sun.reflect.NativeMethodAccessorImpl.invoke0(Native Method)
	sun.reflect.NativeMethodAccessorImpl.invoke(NativeMethodAccessorImpl.java:62)
	sun.reflect.DelegatingMethodAccessorImpl.invoke(DelegatingMethodAccessorImpl.java:43)
	java.lang.reflect.Method.invoke(Method.java:498)
	org.gradle.internal.dispatch.ReflectionDispatch.dispatch(ReflectionDispatch.java:36)
	org.gradle.internal.dispatch.ReflectionDispatch.dispatch(ReflectionDispatch.java:24)
	org.gradle.internal.remote.internal.hub.MessageHubBackedObjectConnection$DispatchWrapper.dispatch(MessageHubBackedObjectConnection.java:182)
	org.gradle.internal.remote.internal.hub.MessageHubBackedObjectConnection$DispatchWrapper.dispatch(MessageHubBackedObjectConnection.java:164)
	org.gradle.internal.remote.internal.hub.MessageHub$Handler.run(MessageHub.java:412)
	org.gradle.internal.concurrent.ExecutorPolicy$CatchAndRecordFailures.onExecute(ExecutorPolicy.java:64)
	org.gradle.internal.concurrent.ManagedExecutorImpl$1.run(ManagedExecutorImpl.java:48)
	java.util.concurrent.ThreadPoolExecutor.runWorker(ThreadPoolExecutor.java:1149)
	java.util.concurrent.ThreadPoolExecutor$Worker.run(ThreadPoolExecutor.java:624)
	org.gradle.internal.concurrent.ThreadFactoryImpl$ManagedThreadRunnable.run(ThreadFactoryImpl.java:56)
	java.lang.Thread.run(Thread.java:748)
#2:
	io.netty.buffer.AdvancedLeakAwareByteBuf.slice(AdvancedLeakAwareByteBuf.java:76)
	io.rsocket.util.ByteBufPayload.sliceMetadata(ByteBufPayload.java:134)
	io.rsocket.Payload.getMetadataUtf8(Payload.java:98)
	org.springframework.messaging.rsocket.DefaultRSocketRequesterTests.testSendMono(DefaultRSocketRequesterTests.java:98)
	org.springframework.messaging.rsocket.DefaultRSocketRequesterTests.sendMono(DefaultRSocketRequesterTests.java:84)
	sun.reflect.NativeMethodAccessorImpl.invoke0(Native Method)
	sun.reflect.NativeMethodAccessorImpl.invoke(NativeMethodAccessorImpl.java:62)
	sun.reflect.DelegatingMethodAccessorImpl.invoke(DelegatingMethodAccessorImpl.java:43)
	java.lang.reflect.Method.invoke(Method.java:498)
	org.junit.platform.commons.util.ReflectionUtils.invokeMethod(ReflectionUtils.java:686)
	org.junit.jupiter.engine.execution.MethodInvocation.proceed(MethodInvocation.java:60)
	org.junit.jupiter.engine.execution.InvocationInterceptorChain$ValidatingInvocation.proceed(InvocationInterceptorChain.java:131)
	org.junit.jupiter.engine.extension.TimeoutExtension.intercept(TimeoutExtension.java:149)
	org.junit.jupiter.engine.extension.TimeoutExtension.interceptTestableMethod(TimeoutExtension.java:140)
	org.junit.jupiter.engine.extension.TimeoutExtension.interceptTestMethod(TimeoutExtension.java:84)
	org.junit.jupiter.engine.execution.ExecutableInvoker$ReflectiveInterceptorCall.lambda$ofVoidMethod$0(ExecutableInvoker.java:115)
	org.junit.jupiter.engine.execution.ExecutableInvoker.lambda$invoke$0(ExecutableInvoker.java:105)
	org.junit.jupiter.engine.execution.InvocationInterceptorChain$InterceptedInvocation.proceed(InvocationInterceptorChain.java:106)
	org.junit.jupiter.engine.execution.InvocationInterceptorChain.proceed(InvocationInterceptorChain.java:64)
	org.junit.jupiter.engine.execution.InvocationInterceptorChain.chainAndInvoke(InvocationInterceptorChain.java:45)
	org.junit.jupiter.engine.execution.InvocationInterceptorChain.invoke(InvocationInterceptorChain.java:37)
	org.junit.jupiter.engine.execution.ExecutableInvoker.invoke(ExecutableInvoker.java:104)
	org.junit.jupiter.engine.execution.ExecutableInvoker.invoke(ExecutableInvoker.java:98)
	org.junit.jupiter.engine.descriptor.TestMethodTestDescriptor.lambda$invokeTestMethod$6(TestMethodTestDescriptor.java:212)
	org.junit.platform.engine.support.hierarchical.ThrowableCollector.execute(ThrowableCollector.java:73)
	org.junit.jupiter.engine.descriptor.TestMethodTestDescriptor.invokeTestMethod(TestMethodTestDescriptor.java:208)
	org.junit.jupiter.engine.descriptor.TestMethodTestDescriptor.execute(TestMethodTestDescriptor.java:137)
	org.junit.jupiter.engine.descriptor.TestMethodTestDescriptor.execute(TestMethodTestDescriptor.java:71)
	org.junit.platform.engine.support.hierarchical.NodeTestTask.lambda$executeRecursively$5(NodeTestTask.java:135)
	org.junit.platform.engine.support.hierarchical.ThrowableCollector.execute(ThrowableCollector.java:73)
	org.junit.platform.engine.support.hierarchical.NodeTestTask.lambda$executeRecursively$7(NodeTestTask.java:125)
	org.junit.platform.engine.support.hierarchical.Node.around(Node.java:135)
	org.junit.platform.engine.support.hierarchical.NodeTestTask.lambda$executeRecursively$8(NodeTestTask.java:123)
	org.junit.platform.engine.support.hierarchical.ThrowableCollector.execute(ThrowableCollector.java:73)
	org.junit.platform.engine.support.hierarchical.NodeTestTask.executeRecursively(NodeTestTask.java:122)
	org.junit.platform.engine.support.hierarchical.NodeTestTask.execute(NodeTestTask.java:80)
	java.util.ArrayList.forEach(ArrayList.java:1257)
	org.junit.platform.engine.support.hierarchical.SameThreadHierarchicalTestExecutorService.invokeAll(SameThreadHierarchicalTestExecutorService.java:38)
	org.junit.platform.engine.support.hierarchical.NodeTestTask.lambda$executeRecursively$5(NodeTestTask.java:139)
	org.junit.platform.engine.support.hierarchical.ThrowableCollector.execute(ThrowableCollector.java:73)
	org.junit.platform.engine.support.hierarchical.NodeTestTask.lambda$executeRecursively$7(NodeTestTask.java:125)
	org.junit.platform.engine.support.hierarchical.Node.around(Node.java:135)
	org.junit.platform.engine.support.hierarchical.NodeTestTask.lambda$executeRecursively$8(NodeTestTask.java:123)
	org.junit.platform.engine.support.hierarchical.ThrowableCollector.execute(ThrowableCollector.java:73)
	org.junit.platform.engine.support.hierarchical.NodeTestTask.executeRecursively(NodeTestTask.java:122)
	org.junit.platform.engine.support.hierarchical.NodeTestTask.execute(NodeTestTask.java:80)
	java.util.ArrayList.forEach(ArrayList.java:1257)
	org.junit.platform.engine.support.hierarchical.SameThreadHierarchicalTestExecutorService.invokeAll(SameThreadHierarchicalTestExecutorService.java:38)
	org.junit.platform.engine.support.hierarchical.NodeTestTask.lambda$executeRecursively$5(NodeTestTask.java:139)
	org.junit.platform.engine.support.hierarchical.ThrowableCollector.execute(ThrowableCollector.java:73)
	org.junit.platform.engine.support.hierarchical.NodeTestTask.lambda$executeRecursively$7(NodeTestTask.java:125)
	org.junit.platform.engine.support.hierarchical.Node.around(Node.java:135)
	org.junit.platform.engine.support.hierarchical.NodeTestTask.lambda$executeRecursively$8(NodeTestTask.java:123)
	org.junit.platform.engine.support.hierarchical.ThrowableCollector.execute(ThrowableCollector.java:73)
	org.junit.platform.engine.support.hierarchical.NodeTestTask.executeRecursively(NodeTestTask.java:122)
	org.junit.platform.engine.support.hierarchical.NodeTestTask.execute(NodeTestTask.java:80)
	org.junit.platform.engine.support.hierarchical.SameThreadHierarchicalTestExecutorService.submit(SameThreadHierarchicalTestExecutorService.java:32)
	org.junit.platform.engine.support.hierarchical.HierarchicalTestExecutor.execute(HierarchicalTestExecutor.java:57)
	org.junit.platform.engine.support.hierarchical.HierarchicalTestEngine.execute(HierarchicalTestEngine.java:51)
	org.junit.platform.launcher.core.DefaultLauncher.execute(DefaultLauncher.java:248)
	org.junit.platform.launcher.core.DefaultLauncher.lambda$execute$5(DefaultLauncher.java:211)
	org.junit.platform.launcher.core.DefaultLauncher.withInterceptedStreams(DefaultLauncher.java:226)
	org.junit.platform.launcher.core.DefaultLauncher.execute(DefaultLauncher.java:199)
	org.junit.platform.launcher.core.DefaultLauncher.execute(DefaultLauncher.java:132)
	org.gradle.api.internal.tasks.testing.junitplatform.JUnitPlatformTestClassProcessor$CollectAllTestClassesExecutor.processAllTestClasses(JUnitPlatformTestClassProcessor.java:102)
	org.gradle.api.internal.tasks.testing.junitplatform.JUnitPlatformTestClassProcessor$CollectAllTestClassesExecutor.access$000(JUnitPlatformTestClassProcessor.java:82)
	org.gradle.api.internal.tasks.testing.junitplatform.JUnitPlatformTestClassProcessor.stop(JUnitPlatformTestClassProcessor.java:78)
	org.gradle.api.internal.tasks.testing.SuiteTestClassProcessor.stop(SuiteTestClassProcessor.java:61)
	sun.reflect.NativeMethodAccessorImpl.invoke0(Native Method)
	sun.reflect.NativeMethodAccessorImpl.invoke(NativeMethodAccessorImpl.java:62)
	sun.reflect.DelegatingMethodAccessorImpl.invoke(DelegatingMethodAccessorImpl.java:43)
	java.lang.reflect.Method.invoke(Method.java:498)
	org.gradle.internal.dispatch.ReflectionDispatch.dispatch(ReflectionDispatch.java:36)
	org.gradle.internal.dispatch.ReflectionDispatch.dispatch(ReflectionDispatch.java:24)
	org.gradle.internal.dispatch.ContextClassLoaderDispatch.dispatch(ContextClassLoaderDispatch.java:33)
	org.gradle.internal.dispatch.ProxyDispatchAdapter$DispatchingInvocationHandler.invoke(ProxyDispatchAdapter.java:94)
	com.sun.proxy.$Proxy2.stop(Unknown Source)
	org.gradle.api.internal.tasks.testing.worker.TestWorker.stop(TestWorker.java:132)
	sun.reflect.NativeMethodAccessorImpl.invoke0(Native Method)
	sun.reflect.NativeMethodAccessorImpl.invoke(NativeMethodAccessorImpl.java:62)
	sun.reflect.DelegatingMethodAccessorImpl.invoke(DelegatingMethodAccessorImpl.java:43)
	java.lang.reflect.Method.invoke(Method.java:498)
	org.gradle.internal.dispatch.ReflectionDispatch.dispatch(ReflectionDispatch.java:36)
	org.gradle.internal.dispatch.ReflectionDispatch.dispatch(ReflectionDispatch.java:24)
	org.gradle.internal.remote.internal.hub.MessageHubBackedObjectConnection$DispatchWrapper.dispatch(MessageHubBackedObjectConnection.java:182)
	org.gradle.internal.remote.internal.hub.MessageHubBackedObjectConnection$DispatchWrapper.dispatch(MessageHubBackedObjectConnection.java:164)
	org.gradle.internal.remote.internal.hub.MessageHub$Handler.run(MessageHub.java:412)
	org.gradle.internal.concurrent.ExecutorPolicy$CatchAndRecordFailures.onExecute(ExecutorPolicy.java:64)
	org.gradle.internal.concurrent.ManagedExecutorImpl$1.run(ManagedExecutorImpl.java:48)
	java.util.concurrent.ThreadPoolExecutor.runWorker(ThreadPoolExecutor.java:1149)
	java.util.concurrent.ThreadPoolExecutor$Worker.run(ThreadPoolExecutor.java:624)
	org.gradle.internal.concurrent.ThreadFactoryImpl$ManagedThreadRunnable.run(ThreadFactoryImpl.java:56)
	java.lang.Thread.run(Thread.java:748)
Created at:
	io.netty.buffer.PooledByteBufAllocator.newDirectBuffer(PooledByteBufAllocator.java:363)
	io.netty.buffer.AbstractByteBufAllocator.directBuffer(AbstractByteBufAllocator.java:187)
	io.netty.buffer.AbstractByteBufAllocator.directBuffer(AbstractByteBufAllocator.java:178)
	io.netty.buffer.AbstractByteBufAllocator.buffer(AbstractByteBufAllocator.java:115)
	org.springframework.core.io.buffer.NettyDataBufferFactory.allocateBuffer(NettyDataBufferFactory.java:71)
	org.springframework.core.io.buffer.NettyDataBufferFactory.allocateBuffer(NettyDataBufferFactory.java:39)
	org.springframework.core.codec.CharSequenceEncoder.encodeValue(CharSequenceEncoder.java:91)
	org.springframework.core.codec.CharSequenceEncoder.encodeValue(CharSequenceEncoder.java:47)
	org.springframework.messaging.rsocket.MetadataEncoder.encodeEntry(MetadataEncoder.java:240)
	org.springframework.messaging.rsocket.MetadataEncoder.encodeEntries(MetadataEncoder.java:209)
	org.springframework.messaging.rsocket.MetadataEncoder.lambda$encode$1(MetadataEncoder.java:180)
	reactor.core.publisher.MonoCallable.subscribe(MonoCallable.java:56)
	reactor.core.publisher.Mono.subscribe(Mono.java:4208)
	reactor.core.publisher.MonoZip.subscribe(MonoZip.java:128)
	reactor.core.publisher.Mono.subscribe(Mono.java:4208)
	reactor.core.publisher.Mono.block(Mono.java:1699)
	org.springframework.messaging.rsocket.DefaultRSocketRequesterTests.testSendMono(DefaultRSocketRequesterTests.java:95)
	org.springframework.messaging.rsocket.DefaultRSocketRequesterTests.sendMono(DefaultRSocketRequesterTests.java:84)
	sun.reflect.NativeMethodAccessorImpl.invoke0(Native Method)
	sun.reflect.NativeMethodAccessorImpl.invoke(NativeMethodAccessorImpl.java:62)
	sun.reflect.DelegatingMethodAccessorImpl.invoke(DelegatingMethodAccessorImpl.java:43)
	java.lang.reflect.Method.invoke(Method.java:498)
	org.junit.platform.commons.util.ReflectionUtils.invokeMethod(ReflectionUtils.java:686)
	org.junit.jupiter.engine.execution.MethodInvocation.proceed(MethodInvocation.java:60)
	org.junit.jupiter.engine.execution.InvocationInterceptorChain$ValidatingInvocation.proceed(InvocationInterceptorChain.java:131)
	org.junit.jupiter.engine.extension.TimeoutExtension.intercept(TimeoutExtension.java:149)
	org.junit.jupiter.engine.extension.TimeoutExtension.interceptTestableMethod(TimeoutExtension.java:140)
	org.junit.jupiter.engine.extension.TimeoutExtension.interceptTestMethod(TimeoutExtension.java:84)
	org.junit.jupiter.engine.execution.ExecutableInvoker$ReflectiveInterceptorCall.lambda$ofVoidMethod$0(ExecutableInvoker.java:115)
	org.junit.jupiter.engine.execution.ExecutableInvoker.lambda$invoke$0(ExecutableInvoker.java:105)
	org.junit.jupiter.engine.execution.InvocationInterceptorChain$InterceptedInvocation.proceed(InvocationInterceptorChain.java:106)
	org.junit.jupiter.engine.execution.InvocationInterceptorChain.proceed(InvocationInterceptorChain.java:64)
	org.junit.jupiter.engine.execution.InvocationInterceptorChain.chainAndInvoke(InvocationInterceptorChain.java:45)
	org.junit.jupiter.engine.execution.InvocationInterceptorChain.invoke(InvocationInterceptorChain.java:37)
	org.junit.jupiter.engine.execution.ExecutableInvoker.invoke(ExecutableInvoker.java:104)
	org.junit.jupiter.engine.execution.ExecutableInvoker.invoke(ExecutableInvoker.java:98)
	org.junit.jupiter.engine.descriptor.TestMethodTestDescriptor.lambda$invokeTestMethod$6(TestMethodTestDescriptor.java:212)
	org.junit.platform.engine.support.hierarchical.ThrowableCollector.execute(ThrowableCollector.java:73)
	org.junit.jupiter.engine.descriptor.TestMethodTestDescriptor.invokeTestMethod(TestMethodTestDescriptor.java:208)
	org.junit.jupiter.engine.descriptor.TestMethodTestDescriptor.execute(TestMethodTestDescriptor.java:137)
	org.junit.jupiter.engine.descriptor.TestMethodTestDescriptor.execute(TestMethodTestDescriptor.java:71)
	org.junit.platform.engine.support.hierarchical.NodeTestTask.lambda$executeRecursively$5(NodeTestTask.java:135)
	org.junit.platform.engine.support.hierarchical.ThrowableCollector.execute(ThrowableCollector.java:73)
	org.junit.platform.engine.support.hierarchical.NodeTestTask.lambda$executeRecursively$7(NodeTestTask.java:125)
	org.junit.platform.engine.support.hierarchical.Node.around(Node.java:135)
	org.junit.platform.engine.support.hierarchical.NodeTestTask.lambda$executeRecursively$8(NodeTestTask.java:123)
	org.junit.platform.engine.support.hierarchical.ThrowableCollector.execute(ThrowableCollector.java:73)
	org.junit.platform.engine.support.hierarchical.NodeTestTask.executeRecursively(NodeTestTask.java:122)
	org.junit.platform.engine.support.hierarchical.NodeTestTask.execute(NodeTestTask.java:80)
	java.util.ArrayList.forEach(ArrayList.java:1257)
	org.junit.platform.engine.support.hierarchical.SameThreadHierarchicalTestExecutorService.invokeAll(SameThreadHierarchicalTestExecutorService.java:38)
	org.junit.platform.engine.support.hierarchical.NodeTestTask.lambda$executeRecursively$5(NodeTestTask.java:139)
	org.junit.platform.engine.support.hierarchical.ThrowableCollector.execute(ThrowableCollector.java:73)
	org.junit.platform.engine.support.hierarchical.NodeTestTask.lambda$executeRecursively$7(NodeTestTask.java:125)
	org.junit.platform.engine.support.hierarchical.Node.around(Node.java:135)
	org.junit.platform.engine.support.hierarchical.NodeTestTask.lambda$executeRecursively$8(NodeTestTask.java:123)
	org.junit.platform.engine.support.hierarchical.ThrowableCollector.execute(ThrowableCollector.java:73)
	org.junit.platform.engine.support.hierarchical.NodeTestTask.executeRecursively(NodeTestTask.java:122)
	org.junit.platform.engine.support.hierarchical.NodeTestTask.execute(NodeTestTask.java:80)
	java.util.ArrayList.forEach(ArrayList.java:1257)
	org.junit.platform.engine.support.hierarchical.SameThreadHierarchicalTestExecutorService.invokeAll(SameThreadHierarchicalTestExecutorService.java:38)
	org.junit.platform.engine.support.hierarchical.NodeTestTask.lambda$executeRecursively$5(NodeTestTask.java:139)
	org.junit.platform.engine.support.hierarchical.ThrowableCollector.execute(ThrowableCollector.java:73)
	org.junit.platform.engine.support.hierarchical.NodeTestTask.lambda$executeRecursively$7(NodeTestTask.java:125)
	org.junit.platform.engine.support.hierarchical.Node.around(Node.java:135)
	org.junit.platform.engine.support.hierarchical.NodeTestTask.lambda$executeRecursively$8(NodeTestTask.java:123)
	org.junit.platform.engine.support.hierarchical.ThrowableCollector.execute(ThrowableCollector.java:73)
	org.junit.platform.engine.support.hierarchical.NodeTestTask.executeRecursively(NodeTestTask.java:122)
	org.junit.platform.engine.support.hierarchical.NodeTestTask.execute(NodeTestTask.java:80)
	org.junit.platform.engine.support.hierarchical.SameThreadHierarchicalTestExecutorService.submit(SameThreadHierarchicalTestExecutorService.java:32)
	org.junit.platform.engine.support.hierarchical.HierarchicalTestExecutor.execute(HierarchicalTestExecutor.java:57)
	org.junit.platform.engine.support.hierarchical.HierarchicalTestEngine.execute(HierarchicalTestEngine.java:51)
	org.junit.platform.launcher.core.DefaultLauncher.execute(DefaultLauncher.java:248)
	org.junit.platform.launcher.core.DefaultLauncher.lambda$execute$5(DefaultLauncher.java:211)
	org.junit.platform.launcher.core.DefaultLauncher.withInterceptedStreams(DefaultLauncher.java:226)
	org.junit.platform.launcher.core.DefaultLauncher.execute(DefaultLauncher.java:199)
	org.junit.platform.launcher.core.DefaultLauncher.execute(DefaultLauncher.java:132)
	org.gradle.api.internal.tasks.testing.junitplatform.JUnitPlatformTestClassProcessor$CollectAllTestClassesExecutor.processAllTestClasses(JUnitPlatformTestClassProcessor.java:102)
	org.gradle.api.internal.tasks.testing.junitplatform.JUnitPlatformTestClassProcessor$CollectAllTestClassesExecutor.access$000(JUnitPlatformTestClassProcessor.java:82)
	org.gradle.api.internal.tasks.testing.junitplatform.JUnitPlatformTestClassProcessor.stop(JUnitPlatformTestClassProcessor.java:78)
	org.gradle.api.internal.tasks.testing.SuiteTestClassProcessor.stop(SuiteTestClassProcessor.java:61)
	sun.reflect.NativeMethodAccessorImpl.invoke0(Native Method)
	sun.reflect.NativeMethodAccessorImpl.invoke(NativeMethodAccessorImpl.java:62)
	sun.reflect.DelegatingMethodAccessorImpl.invoke(DelegatingMethodAccessorImpl.java:43)
	java.lang.reflect.Method.invoke(Method.java:498)
	org.gradle.internal.dispatch.ReflectionDispatch.dispatch(ReflectionDispatch.java:36)
	org.gradle.internal.dispatch.ReflectionDispatch.dispatch(ReflectionDispatch.java:24)
	org.gradle.internal.dispatch.ContextClassLoaderDispatch.dispatch(ContextClassLoaderDispatch.java:33)
	org.gradle.internal.dispatch.ProxyDispatchAdapter$DispatchingInvocationHandler.invoke(ProxyDispatchAdapter.java:94)
	com.sun.proxy.$Proxy2.stop(Unknown Source)
	org.gradle.api.internal.tasks.testing.worker.TestWorker.stop(TestWorker.java:132)
	sun.reflect.NativeMethodAccessorImpl.invoke0(Native Method)
	sun.reflect.NativeMethodAccessorImpl.invoke(NativeMethodAccessorImpl.java:62)
	sun.reflect.DelegatingMethodAccessorImpl.invoke(DelegatingMethodAccessorImpl.java:43)
	java.lang.reflect.Method.invoke(Method.java:498)
	org.gradle.internal.dispatch.ReflectionDispatch.dispatch(ReflectionDispatch.java:36)
	org.gradle.internal.dispatch.ReflectionDispatch.dispatch(ReflectionDispatch.java:24)
	org.gradle.internal.remote.internal.hub.MessageHubBackedObjectConnection$DispatchWrapper.dispatch(MessageHubBackedObjectConnection.java:182)
	org.gradle.internal.remote.internal.hub.MessageHubBackedObjectConnection$DispatchWrapper.dispatch(MessageHubBackedObjectConnection.java:164)
	org.gradle.internal.remote.internal.hub.MessageHub$Handler.run(MessageHub.java:412)
	org.gradle.internal.concurrent.ExecutorPolicy$CatchAndRecordFailures.onExecute(ExecutorPolicy.java:64)
	org.gradle.internal.concurrent.ManagedExecutorImpl$1.run(ManagedExecutorImpl.java:48)
	java.util.concurrent.ThreadPoolExecutor.runWorker(ThreadPoolExecutor.java:1149)
	java.util.concurrent.ThreadPoolExecutor$Worker.run(ThreadPoolExecutor.java:624)
	org.gradle.internal.concurrent.ThreadFactoryImpl$ManagedThreadRunnable.run(ThreadFactoryImpl.java:56)
	java.lang.Thread.run(Thread.java:748)
22:22:58.600 [Test worker] ERROR i.n.u.ResourceLeakDetector - LEAK: ByteBuf.release() was not called before it's garbage-collected. See https://netty.io/wiki/reference-counted-objects.html for more information.
Recent access records: 
#1:
	io.netty.buffer.AdvancedLeakAwareByteBuf.toString(AdvancedLeakAwareByteBuf.java:742)
	io.rsocket.Payload.getDataUtf8(Payload.java:102)
	java.util.stream.ReferencePipeline$3$1.accept(ReferencePipeline.java:193)
	java.util.ArrayList$ArrayListSpliterator.forEachRemaining(ArrayList.java:1382)
	java.util.stream.AbstractPipeline.copyInto(AbstractPipeline.java:481)
	java.util.stream.AbstractPipeline.wrapAndCopyInto(AbstractPipeline.java:471)
	java.util.stream.AbstractPipeline.evaluate(AbstractPipeline.java:545)
	java.util.stream.AbstractPipeline.evaluateToArrayNode(AbstractPipeline.java:260)
	java.util.stream.ReferencePipeline.toArray(ReferencePipeline.java:438)
	org.springframework.messaging.rsocket.DefaultRSocketRequesterTests.testSendFlux(DefaultRSocketRequesterTests.java:134)
	org.springframework.messaging.rsocket.DefaultRSocketRequesterTests.sendFlux(DefaultRSocketRequesterTests.java:108)
	sun.reflect.NativeMethodAccessorImpl.invoke0(Native Method)
	sun.reflect.NativeMethodAccessorImpl.invoke(NativeMethodAccessorImpl.java:62)
	sun.reflect.DelegatingMethodAccessorImpl.invoke(DelegatingMethodAccessorImpl.java:43)
	java.lang.reflect.Method.invoke(Method.java:498)
	org.junit.platform.commons.util.ReflectionUtils.invokeMethod(ReflectionUtils.java:686)
	org.junit.jupiter.engine.execution.MethodInvocation.proceed(MethodInvocation.java:60)
	org.junit.jupiter.engine.execution.InvocationInterceptorChain$ValidatingInvocation.proceed(InvocationInterceptorChain.java:131)
	org.junit.jupiter.engine.extension.TimeoutExtension.intercept(TimeoutExtension.java:149)
	org.junit.jupiter.engine.extension.TimeoutExtension.interceptTestableMethod(TimeoutExtension.java:140)
	org.junit.jupiter.engine.extension.TimeoutExtension.interceptTestMethod(TimeoutExtension.java:84)
	org.junit.jupiter.engine.execution.ExecutableInvoker$ReflectiveInterceptorCall.lambda$ofVoidMethod$0(ExecutableInvoker.java:115)
	org.junit.jupiter.engine.execution.ExecutableInvoker.lambda$invoke$0(ExecutableInvoker.java:105)
	org.junit.jupiter.engine.execution.InvocationInterceptorChain$InterceptedInvocation.proceed(InvocationInterceptorChain.java:106)
	org.junit.jupiter.engine.execution.InvocationInterceptorChain.proceed(InvocationInterceptorChain.java:64)
	org.junit.jupiter.engine.execution.InvocationInterceptorChain.chainAndInvoke(InvocationInterceptorChain.java:45)
	org.junit.jupiter.engine.execution.InvocationInterceptorChain.invoke(InvocationInterceptorChain.java:37)
	org.junit.jupiter.engine.execution.ExecutableInvoker.invoke(ExecutableInvoker.java:104)
	org.junit.jupiter.engine.execution.ExecutableInvoker.invoke(ExecutableInvoker.java:98)
	org.junit.jupiter.engine.descriptor.TestMethodTestDescriptor.lambda$invokeTestMethod$6(TestMethodTestDescriptor.java:212)
	org.junit.platform.engine.support.hierarchical.ThrowableCollector.execute(ThrowableCollector.java:73)
	org.junit.jupiter.engine.descriptor.TestMethodTestDescriptor.invokeTestMethod(TestMethodTestDescriptor.java:208)
	org.junit.jupiter.engine.descriptor.TestMethodTestDescriptor.execute(TestMethodTestDescriptor.java:137)
	org.junit.jupiter.engine.descriptor.TestMethodTestDescriptor.execute(TestMethodTestDescriptor.java:71)
	org.junit.platform.engine.support.hierarchical.NodeTestTask.lambda$executeRecursively$5(NodeTestTask.java:135)
	org.junit.platform.engine.support.hierarchical.ThrowableCollector.execute(ThrowableCollector.java:73)
	org.junit.platform.engine.support.hierarchical.NodeTestTask.lambda$executeRecursively$7(NodeTestTask.java:125)
	org.junit.platform.engine.support.hierarchical.Node.around(Node.java:135)
	org.junit.platform.engine.support.hierarchical.NodeTestTask.lambda$executeRecursively$8(NodeTestTask.java:123)
	org.junit.platform.engine.support.hierarchical.ThrowableCollector.execute(ThrowableCollector.java:73)
	org.junit.platform.engine.support.hierarchical.NodeTestTask.executeRecursively(NodeTestTask.java:122)
	org.junit.platform.engine.support.hierarchical.NodeTestTask.execute(NodeTestTask.java:80)
	java.util.ArrayList.forEach(ArrayList.java:1257)
	org.junit.platform.engine.support.hierarchical.SameThreadHierarchicalTestExecutorService.invokeAll(SameThreadHierarchicalTestExecutorService.java:38)
	org.junit.platform.engine.support.hierarchical.NodeTestTask.lambda$executeRecursively$5(NodeTestTask.java:139)
	org.junit.platform.engine.support.hierarchical.ThrowableCollector.execute(ThrowableCollector.java:73)
	org.junit.platform.engine.support.hierarchical.NodeTestTask.lambda$executeRecursively$7(NodeTestTask.java:125)
	org.junit.platform.engine.support.hierarchical.Node.around(Node.java:135)
	org.junit.platform.engine.support.hierarchical.NodeTestTask.lambda$executeRecursively$8(NodeTestTask.java:123)
	org.junit.platform.engine.support.hierarchical.ThrowableCollector.execute(ThrowableCollector.java:73)
	org.junit.platform.engine.support.hierarchical.NodeTestTask.executeRecursively(NodeTestTask.java:122)
	org.junit.platform.engine.support.hierarchical.NodeTestTask.execute(NodeTestTask.java:80)
	java.util.ArrayList.forEach(ArrayList.java:1257)
	org.junit.platform.engine.support.hierarchical.SameThreadHierarchicalTestExecutorService.invokeAll(SameThreadHierarchicalTestExecutorService.java:38)
	org.junit.platform.engine.support.hierarchical.NodeTestTask.lambda$executeRecursively$5(NodeTestTask.java:139)
	org.junit.platform.engine.support.hierarchical.ThrowableCollector.execute(ThrowableCollector.java:73)
	org.junit.platform.engine.support.hierarchical.NodeTestTask.lambda$executeRecursively$7(NodeTestTask.java:125)
	org.junit.platform.engine.support.hierarchical.Node.around(Node.java:135)
	org.junit.platform.engine.support.hierarchical.NodeTestTask.lambda$executeRecursively$8(NodeTestTask.java:123)
	org.junit.platform.engine.support.hierarchical.ThrowableCollector.execute(ThrowableCollector.java:73)
	org.junit.platform.engine.support.hierarchical.NodeTestTask.executeRecursively(NodeTestTask.java:122)
	org.junit.platform.engine.support.hierarchical.NodeTestTask.execute(NodeTestTask.java:80)
	org.junit.platform.engine.support.hierarchical.SameThreadHierarchicalTestExecutorService.submit(SameThreadHierarchicalTestExecutorService.java:32)
	org.junit.platform.engine.support.hierarchical.HierarchicalTestExecutor.execute(HierarchicalTestExecutor.java:57)
	org.junit.platform.engine.support.hierarchical.HierarchicalTestEngine.execute(HierarchicalTestEngine.java:51)
	org.junit.platform.launcher.core.DefaultLauncher.execute(DefaultLauncher.java:248)
	org.junit.platform.launcher.core.DefaultLauncher.lambda$execute$5(DefaultLauncher.java:211)
	org.junit.platform.launcher.core.DefaultLauncher.withInterceptedStreams(DefaultLauncher.java:226)
	org.junit.platform.launcher.core.DefaultLauncher.execute(DefaultLauncher.java:199)
	org.junit.platform.launcher.core.DefaultLauncher.execute(DefaultLauncher.java:132)
	org.gradle.api.internal.tasks.testing.junitplatform.JUnitPlatformTestClassProcessor$CollectAllTestClassesExecutor.processAllTestClasses(JUnitPlatformTestClassProcessor.java:102)
	org.gradle.api.internal.tasks.testing.junitplatform.JUnitPlatformTestClassProcessor$CollectAllTestClassesExecutor.access$000(JUnitPlatformTestClassProcessor.java:82)
	org.gradle.api.internal.tasks.testing.junitplatform.JUnitPlatformTestClassProcessor.stop(JUnitPlatformTestClassProcessor.java:78)
	org.gradle.api.internal.tasks.testing.SuiteTestClassProcessor.stop(SuiteTestClassProcessor.java:61)
	sun.reflect.NativeMethodAccessorImpl.invoke0(Native Method)
	sun.reflect.NativeMethodAccessorImpl.invoke(NativeMethodAccessorImpl.java:62)
	sun.reflect.DelegatingMethodAccessorImpl.invoke(DelegatingMethodAccessorImpl.java:43)
	java.lang.reflect.Method.invoke(Method.java:498)
	org.gradle.internal.dispatch.ReflectionDispatch.dispatch(ReflectionDispatch.java:36)
	org.gradle.internal.dispatch.ReflectionDispatch.dispatch(ReflectionDispatch.java:24)
	org.gradle.internal.dispatch.ContextClassLoaderDispatch.dispatch(ContextClassLoaderDispatch.java:33)
	org.gradle.internal.dispatch.ProxyDispatchAdapter$DispatchingInvocationHandler.invoke(ProxyDispatchAdapter.java:94)
	com.sun.proxy.$Proxy2.stop(Unknown Source)
	org.gradle.api.internal.tasks.testing.worker.TestWorker.stop(TestWorker.java:132)
	sun.reflect.NativeMethodAccessorImpl.invoke0(Native Method)
	sun.reflect.NativeMethodAccessorImpl.invoke(NativeMethodAccessorImpl.java:62)
	sun.reflect.DelegatingMethodAccessorImpl.invoke(DelegatingMethodAccessorImpl.java:43)
	java.lang.reflect.Method.invoke(Method.java:498)
	org.gradle.internal.dispatch.ReflectionDispatch.dispatch(ReflectionDispatch.java:36)
	org.gradle.internal.dispatch.ReflectionDispatch.dispatch(ReflectionDispatch.java:24)
	org.gradle.internal.remote.internal.hub.MessageHubBackedObjectConnection$DispatchWrapper.dispatch(MessageHubBackedObjectConnection.java:182)
	org.gradle.internal.remote.internal.hub.MessageHubBackedObjectConnection$DispatchWrapper.dispatch(MessageHubBackedObjectConnection.java:164)
	org.gradle.internal.remote.internal.hub.MessageHub$Handler.run(MessageHub.java:412)
	org.gradle.internal.concurrent.ExecutorPolicy$CatchAndRecordFailures.onExecute(ExecutorPolicy.java:64)
	org.gradle.internal.concurrent.ManagedExecutorImpl$1.run(ManagedExecutorImpl.java:48)
	java.util.concurrent.ThreadPoolExecutor.runWorker(ThreadPoolExecutor.java:1149)
	java.util.concurrent.ThreadPoolExecutor$Worker.run(ThreadPoolExecutor.java:624)
	org.gradle.internal.concurrent.ThreadFactoryImpl$ManagedThreadRunnable.run(ThreadFactoryImpl.java:56)
	java.lang.Thread.run(Thread.java:748)
#2:
	io.netty.buffer.AdvancedLeakAwareByteBuf.slice(AdvancedLeakAwareByteBuf.java:76)
	io.rsocket.util.ByteBufPayload.sliceData(ByteBufPayload.java:149)
	io.rsocket.Payload.getDataUtf8(Payload.java:102)
	java.util.stream.ReferencePipeline$3$1.accept(ReferencePipeline.java:193)
	java.util.ArrayList$ArrayListSpliterator.forEachRemaining(ArrayList.java:1382)
	java.util.stream.AbstractPipeline.copyInto(AbstractPipeline.java:481)
	java.util.stream.AbstractPipeline.wrapAndCopyInto(AbstractPipeline.java:471)
	java.util.stream.AbstractPipeline.evaluate(AbstractPipeline.java:545)
	java.util.stream.AbstractPipeline.evaluateToArrayNode(AbstractPipeline.java:260)
	java.util.stream.ReferencePipeline.toArray(ReferencePipeline.java:438)
	org.springframework.messaging.rsocket.DefaultRSocketRequesterTests.testSendFlux(DefaultRSocketRequesterTests.java:134)
	org.springframework.messaging.rsocket.DefaultRSocketRequesterTests.sendFlux(DefaultRSocketRequesterTests.java:108)
	sun.reflect.NativeMethodAccessorImpl.invoke0(Native Method)
	sun.reflect.NativeMethodAccessorImpl.invoke(NativeMethodAccessorImpl.java:62)
	sun.reflect.DelegatingMethodAccessorImpl.invoke(DelegatingMethodAccessorImpl.java:43)
	java.lang.reflect.Method.invoke(Method.java:498)
	org.junit.platform.commons.util.ReflectionUtils.invokeMethod(ReflectionUtils.java:686)
	org.junit.jupiter.engine.execution.MethodInvocation.proceed(MethodInvocation.java:60)
	org.junit.jupiter.engine.execution.InvocationInterceptorChain$ValidatingInvocation.proceed(InvocationInterceptorChain.java:131)
	org.junit.jupiter.engine.extension.TimeoutExtension.intercept(TimeoutExtension.java:149)
	org.junit.jupiter.engine.extension.TimeoutExtension.interceptTestableMethod(TimeoutExtension.java:140)
	org.junit.jupiter.engine.extension.TimeoutExtension.interceptTestMethod(TimeoutExtension.java:84)
	org.junit.jupiter.engine.execution.ExecutableInvoker$ReflectiveInterceptorCall.lambda$ofVoidMethod$0(ExecutableInvoker.java:115)
	org.junit.jupiter.engine.execution.ExecutableInvoker.lambda$invoke$0(ExecutableInvoker.java:105)
	org.junit.jupiter.engine.execution.InvocationInterceptorChain$InterceptedInvocation.proceed(InvocationInterceptorChain.java:106)
	org.junit.jupiter.engine.execution.InvocationInterceptorChain.proceed(InvocationInterceptorChain.java:64)
	org.junit.jupiter.engine.execution.InvocationInterceptorChain.chainAndInvoke(InvocationInterceptorChain.java:45)
	org.junit.jupiter.engine.execution.InvocationInterceptorChain.invoke(InvocationInterceptorChain.java:37)
	org.junit.jupiter.engine.execution.ExecutableInvoker.invoke(ExecutableInvoker.java:104)
	org.junit.jupiter.engine.execution.ExecutableInvoker.invoke(ExecutableInvoker.java:98)
	org.junit.jupiter.engine.descriptor.TestMethodTestDescriptor.lambda$invokeTestMethod$6(TestMethodTestDescriptor.java:212)
	org.junit.platform.engine.support.hierarchical.ThrowableCollector.execute(ThrowableCollector.java:73)
	org.junit.jupiter.engine.descriptor.TestMethodTestDescriptor.invokeTestMethod(TestMethodTestDescriptor.java:208)
	org.junit.jupiter.engine.descriptor.TestMethodTestDescriptor.execute(TestMethodTestDescriptor.java:137)
	org.junit.jupiter.engine.descriptor.TestMethodTestDescriptor.execute(TestMethodTestDescriptor.java:71)
	org.junit.platform.engine.support.hierarchical.NodeTestTask.lambda$executeRecursively$5(NodeTestTask.java:135)
	org.junit.platform.engine.support.hierarchical.ThrowableCollector.execute(ThrowableCollector.java:73)
	org.junit.platform.engine.support.hierarchical.NodeTestTask.lambda$executeRecursively$7(NodeTestTask.java:125)
	org.junit.platform.engine.support.hierarchical.Node.around(Node.java:135)
	org.junit.platform.engine.support.hierarchical.NodeTestTask.lambda$executeRecursively$8(NodeTestTask.java:123)
	org.junit.platform.engine.support.hierarchical.ThrowableCollector.execute(ThrowableCollector.java:73)
	org.junit.platform.engine.support.hierarchical.NodeTestTask.executeRecursively(NodeTestTask.java:122)
	org.junit.platform.engine.support.hierarchical.NodeTestTask.execute(NodeTestTask.java:80)
	java.util.ArrayList.forEach(ArrayList.java:1257)
	org.junit.platform.engine.support.hierarchical.SameThreadHierarchicalTestExecutorService.invokeAll(SameThreadHierarchicalTestExecutorService.java:38)
	org.junit.platform.engine.support.hierarchical.NodeTestTask.lambda$executeRecursively$5(NodeTestTask.java:139)
	org.junit.platform.engine.support.hierarchical.ThrowableCollector.execute(ThrowableCollector.java:73)
	org.junit.platform.engine.support.hierarchical.NodeTestTask.lambda$executeRecursively$7(NodeTestTask.java:125)
	org.junit.platform.engine.support.hierarchical.Node.around(Node.java:135)
	org.junit.platform.engine.support.hierarchical.NodeTestTask.lambda$executeRecursively$8(NodeTestTask.java:123)
	org.junit.platform.engine.support.hierarchical.ThrowableCollector.execute(ThrowableCollector.java:73)
	org.junit.platform.engine.support.hierarchical.NodeTestTask.executeRecursively(NodeTestTask.java:122)
	org.junit.platform.engine.support.hierarchical.NodeTestTask.execute(NodeTestTask.java:80)
	java.util.ArrayList.forEach(ArrayList.java:1257)
	org.junit.platform.engine.support.hierarchical.SameThreadHierarchicalTestExecutorService.invokeAll(SameThreadHierarchicalTestExecutorService.java:38)
	org.junit.platform.engine.support.hierarchical.NodeTestTask.lambda$executeRecursively$5(NodeTestTask.java:139)
	org.junit.platform.engine.support.hierarchical.ThrowableCollector.execute(ThrowableCollector.java:73)
	org.junit.platform.engine.support.hierarchical.NodeTestTask.lambda$executeRecursively$7(NodeTestTask.java:125)
	org.junit.platform.engine.support.hierarchical.Node.around(Node.java:135)
	org.junit.platform.engine.support.hierarchical.NodeTestTask.lambda$executeRecursively$8(NodeTestTask.java:123)
	org.junit.platform.engine.support.hierarchical.ThrowableCollector.execute(ThrowableCollector.java:73)
	org.junit.platform.engine.support.hierarchical.NodeTestTask.executeRecursively(NodeTestTask.java:122)
	org.junit.platform.engine.support.hierarchical.NodeTestTask.execute(NodeTestTask.java:80)
	org.junit.platform.engine.support.hierarchical.SameThreadHierarchicalTestExecutorService.submit(SameThreadHierarchicalTestExecutorService.java:32)
	org.junit.platform.engine.support.hierarchical.HierarchicalTestExecutor.execute(HierarchicalTestExecutor.java:57)
	org.junit.platform.engine.support.hierarchical.HierarchicalTestEngine.execute(HierarchicalTestEngine.java:51)
	org.junit.platform.launcher.core.DefaultLauncher.execute(DefaultLauncher.java:248)
	org.junit.platform.launcher.core.DefaultLauncher.lambda$execute$5(DefaultLauncher.java:211)
	org.junit.platform.launcher.core.DefaultLauncher.withInterceptedStreams(DefaultLauncher.java:226)
	org.junit.platform.launcher.core.DefaultLauncher.execute(DefaultLauncher.java:199)
	org.junit.platform.launcher.core.DefaultLauncher.execute(DefaultLauncher.java:132)
	org.gradle.api.internal.tasks.testing.junitplatform.JUnitPlatformTestClassProcessor$CollectAllTestClassesExecutor.processAllTestClasses(JUnitPlatformTestClassProcessor.java:102)
	org.gradle.api.internal.tasks.testing.junitplatform.JUnitPlatformTestClassProcessor$CollectAllTestClassesExecutor.access$000(JUnitPlatformTestClassProcessor.java:82)
	org.gradle.api.internal.tasks.testing.junitplatform.JUnitPlatformTestClassProcessor.stop(JUnitPlatformTestClassProcessor.java:78)
	org.gradle.api.internal.tasks.testing.SuiteTestClassProcessor.stop(SuiteTestClassProcessor.java:61)
	sun.reflect.NativeMethodAccessorImpl.invoke0(Native Method)
	sun.reflect.NativeMethodAccessorImpl.invoke(NativeMethodAccessorImpl.java:62)
	sun.reflect.DelegatingMethodAccessorImpl.invoke(DelegatingMethodAccessorImpl.java:43)
	java.lang.reflect.Method.invoke(Method.java:498)
	org.gradle.internal.dispatch.ReflectionDispatch.dispatch(ReflectionDispatch.java:36)
	org.gradle.internal.dispatch.ReflectionDispatch.dispatch(ReflectionDispatch.java:24)
	org.gradle.internal.dispatch.ContextClassLoaderDispatch.dispatch(ContextClassLoaderDispatch.java:33)
	org.gradle.internal.dispatch.ProxyDispatchAdapter$DispatchingInvocationHandler.invoke(ProxyDispatchAdapter.java:94)
	com.sun.proxy.$Proxy2.stop(Unknown Source)
	org.gradle.api.internal.tasks.testing.worker.TestWorker.stop(TestWorker.java:132)
	sun.reflect.NativeMethodAccessorImpl.invoke0(Native Method)
	sun.reflect.NativeMethodAccessorImpl.invoke(NativeMethodAccessorImpl.java:62)
	sun.reflect.DelegatingMethodAccessorImpl.invoke(DelegatingMethodAccessorImpl.java:43)
	java.lang.reflect.Method.invoke(Method.java:498)
	org.gradle.internal.dispatch.ReflectionDispatch.dispatch(ReflectionDispatch.java:36)
	org.gradle.internal.dispatch.ReflectionDispatch.dispatch(ReflectionDispatch.java:24)
	org.gradle.internal.remote.internal.hub.MessageHubBackedObjectConnection$DispatchWrapper.dispatch(MessageHubBackedObjectConnection.java:182)
	org.gradle.internal.remote.internal.hub.MessageHubBackedObjectConnection$DispatchWrapper.dispatch(MessageHubBackedObjectConnection.java:164)
	org.gradle.internal.remote.internal.hub.MessageHub$Handler.run(MessageHub.java:412)
	org.gradle.internal.concurrent.ExecutorPolicy$CatchAndRecordFailures.onExecute(ExecutorPolicy.java:64)
	org.gradle.internal.concurrent.ManagedExecutorImpl$1.run(ManagedExecutorImpl.java:48)
	java.util.concurrent.ThreadPoolExecutor.runWorker(ThreadPoolExecutor.java:1149)
	java.util.concurrent.ThreadPoolExecutor$Worker.run(ThreadPoolExecutor.java:624)
	org.gradle.internal.concurrent.ThreadFactoryImpl$ManagedThreadRunnable.run(ThreadFactoryImpl.java:56)
	java.lang.Thread.run(Thread.java:748)
Created at:
	io.netty.buffer.PooledByteBufAllocator.newDirectBuffer(PooledByteBufAllocator.java:363)
	io.netty.buffer.AbstractByteBufAllocator.directBuffer(AbstractByteBufAllocator.java:187)
	io.netty.buffer.AbstractByteBufAllocator.directBuffer(AbstractByteBufAllocator.java:178)
	io.netty.buffer.AbstractByteBufAllocator.buffer(AbstractByteBufAllocator.java:115)
	org.springframework.core.io.buffer.NettyDataBufferFactory.allocateBuffer(NettyDataBufferFactory.java:71)
	org.springframework.core.io.buffer.NettyDataBufferFactory.allocateBuffer(NettyDataBufferFactory.java:39)
	org.springframework.core.codec.CharSequenceEncoder.encodeValue(CharSequenceEncoder.java:91)
	org.springframework.core.codec.CharSequenceEncoder.encodeValue(CharSequenceEncoder.java:47)
	org.springframework.messaging.rsocket.DefaultRSocketRequester$DefaultRequestSpec.encodeData(DefaultRSocketRequester.java:236)
	org.springframework.messaging.rsocket.DefaultRSocketRequester$DefaultRequestSpec.lambda$createPayload$2(DefaultRSocketRequester.java:215)
	reactor.core.publisher.FluxMap$MapSubscriber.onNext(FluxMap.java:100)
	reactor.core.publisher.FluxConcatMap$ConcatMapImmediate.innerNext(FluxConcatMap.java:274)
	reactor.core.publisher.FluxConcatMap$ConcatMapInner.onNext(FluxConcatMap.java:851)
	reactor.core.publisher.Operators$MonoSubscriber.complete(Operators.java:1755)
	reactor.core.publisher.MonoDelayUntil$DelayUntilCoordinator.signal(MonoDelayUntil.java:258)
	reactor.core.publisher.MonoDelayUntil$DelayUntilTrigger.onComplete(MonoDelayUntil.java:337)
	reactor.core.publisher.MonoDelay$MonoDelayRunnable.run(MonoDelay.java:118)
	reactor.core.scheduler.SchedulerTask.call(SchedulerTask.java:68)
	reactor.core.scheduler.SchedulerTask.call(SchedulerTask.java:28)
	java.util.concurrent.FutureTask.run(FutureTask.java:266)
	java.util.concurrent.ScheduledThreadPoolExecutor$ScheduledFutureTask.access$201(ScheduledThreadPoolExecutor.java:180)
	java.util.concurrent.ScheduledThreadPoolExecutor$ScheduledFutureTask.run(ScheduledThreadPoolExecutor.java:293)
	java.util.concurrent.ThreadPoolExecutor.runWorker(ThreadPoolExecutor.java:1149)
	java.util.concurrent.ThreadPoolExecutor$Worker.run(ThreadPoolExecutor.java:624)
	java.lang.Thread.run(Thread.java:748)
22:22:58.604 [Test worker] ERROR i.n.u.ResourceLeakDetector - LEAK: ByteBuf.release() was not called before it's garbage-collected. See https://netty.io/wiki/reference-counted-objects.html for more information.
Recent access records: 
#1:
	io.netty.buffer.AdvancedLeakAwareByteBuf.toString(AdvancedLeakAwareByteBuf.java:742)
	io.rsocket.Payload.getDataUtf8(Payload.java:102)
	java.util.stream.ReferencePipeline$3$1.accept(ReferencePipeline.java:193)
	java.util.ArrayList$ArrayListSpliterator.forEachRemaining(ArrayList.java:1382)
	java.util.stream.AbstractPipeline.copyInto(AbstractPipeline.java:481)
	java.util.stream.AbstractPipeline.wrapAndCopyInto(AbstractPipeline.java:471)
	java.util.stream.AbstractPipeline.evaluate(AbstractPipeline.java:545)
	java.util.stream.AbstractPipeline.evaluateToArrayNode(AbstractPipeline.java:260)
	java.util.stream.ReferencePipeline.toArray(ReferencePipeline.java:438)
	org.springframework.messaging.rsocket.DefaultRSocketRequesterTests.testSendFlux(DefaultRSocketRequesterTests.java:134)
	org.springframework.messaging.rsocket.DefaultRSocketRequesterTests.sendFlux(DefaultRSocketRequesterTests.java:115)
	sun.reflect.NativeMethodAccessorImpl.invoke0(Native Method)
	sun.reflect.NativeMethodAccessorImpl.invoke(NativeMethodAccessorImpl.java:62)
	sun.reflect.DelegatingMethodAccessorImpl.invoke(DelegatingMethodAccessorImpl.java:43)
	java.lang.reflect.Method.invoke(Method.java:498)
	org.junit.platform.commons.util.ReflectionUtils.invokeMethod(ReflectionUtils.java:686)
	org.junit.jupiter.engine.execution.MethodInvocation.proceed(MethodInvocation.java:60)
	org.junit.jupiter.engine.execution.InvocationInterceptorChain$ValidatingInvocation.proceed(InvocationInterceptorChain.java:131)
	org.junit.jupiter.engine.extension.TimeoutExtension.intercept(TimeoutExtension.java:149)
	org.junit.jupiter.engine.extension.TimeoutExtension.interceptTestableMethod(TimeoutExtension.java:140)
	org.junit.jupiter.engine.extension.TimeoutExtension.interceptTestMethod(TimeoutExtension.java:84)
	org.junit.jupiter.engine.execution.ExecutableInvoker$ReflectiveInterceptorCall.lambda$ofVoidMethod$0(ExecutableInvoker.java:115)
	org.junit.jupiter.engine.execution.ExecutableInvoker.lambda$invoke$0(ExecutableInvoker.java:105)
	org.junit.jupiter.engine.execution.InvocationInterceptorChain$InterceptedInvocation.proceed(InvocationInterceptorChain.java:106)
	org.junit.jupiter.engine.execution.InvocationInterceptorChain.proceed(InvocationInterceptorChain.java:64)
	org.junit.jupiter.engine.execution.InvocationInterceptorChain.chainAndInvoke(InvocationInterceptorChain.java:45)
	org.junit.jupiter.engine.execution.InvocationInterceptorChain.invoke(InvocationInterceptorChain.java:37)
	org.junit.jupiter.engine.execution.ExecutableInvoker.invoke(ExecutableInvoker.java:104)
	org.junit.jupiter.engine.execution.ExecutableInvoker.invoke(ExecutableInvoker.java:98)
	org.junit.jupiter.engine.descriptor.TestMethodTestDescriptor.lambda$invokeTestMethod$6(TestMethodTestDescriptor.java:212)
	org.junit.platform.engine.support.hierarchical.ThrowableCollector.execute(ThrowableCollector.java:73)
	org.junit.jupiter.engine.descriptor.TestMethodTestDescriptor.invokeTestMethod(TestMethodTestDescriptor.java:208)
	org.junit.jupiter.engine.descriptor.TestMethodTestDescriptor.execute(TestMethodTestDescriptor.java:137)
	org.junit.jupiter.engine.descriptor.TestMethodTestDescriptor.execute(TestMethodTestDescriptor.java:71)
	org.junit.platform.engine.support.hierarchical.NodeTestTask.lambda$executeRecursively$5(NodeTestTask.java:135)
	org.junit.platform.engine.support.hierarchical.ThrowableCollector.execute(ThrowableCollector.java:73)
	org.junit.platform.engine.support.hierarchical.NodeTestTask.lambda$executeRecursively$7(NodeTestTask.java:125)
	org.junit.platform.engine.support.hierarchical.Node.around(Node.java:135)
	org.junit.platform.engine.support.hierarchical.NodeTestTask.lambda$executeRecursively$8(NodeTestTask.java:123)
	org.junit.platform.engine.support.hierarchical.ThrowableCollector.execute(ThrowableCollector.java:73)
	org.junit.platform.engine.support.hierarchical.NodeTestTask.executeRecursively(NodeTestTask.java:122)
	org.junit.platform.engine.support.hierarchical.NodeTestTask.execute(NodeTestTask.java:80)
	java.util.ArrayList.forEach(ArrayList.java:1257)
	org.junit.platform.engine.support.hierarchical.SameThreadHierarchicalTestExecutorService.invokeAll(SameThreadHierarchicalTestExecutorService.java:38)
	org.junit.platform.engine.support.hierarchical.NodeTestTask.lambda$executeRecursively$5(NodeTestTask.java:139)
	org.junit.platform.engine.support.hierarchical.ThrowableCollector.execute(ThrowableCollector.java:73)
	org.junit.platform.engine.support.hierarchical.NodeTestTask.lambda$executeRecursively$7(NodeTestTask.java:125)
	org.junit.platform.engine.support.hierarchical.Node.around(Node.java:135)
	org.junit.platform.engine.support.hierarchical.NodeTestTask.lambda$executeRecursively$8(NodeTestTask.java:123)
	org.junit.platform.engine.support.hierarchical.ThrowableCollector.execute(ThrowableCollector.java:73)
	org.junit.platform.engine.support.hierarchical.NodeTestTask.executeRecursively(NodeTestTask.java:122)
	org.junit.platform.engine.support.hierarchical.NodeTestTask.execute(NodeTestTask.java:80)
	java.util.ArrayList.forEach(ArrayList.java:1257)
	org.junit.platform.engine.support.hierarchical.SameThreadHierarchicalTestExecutorService.invokeAll(SameThreadHierarchicalTestExecutorService.java:38)
	org.junit.platform.engine.support.hierarchical.NodeTestTask.lambda$executeRecursively$5(NodeTestTask.java:139)
	org.junit.platform.engine.support.hierarchical.ThrowableCollector.execute(ThrowableCollector.java:73)
	org.junit.platform.engine.support.hierarchical.NodeTestTask.lambda$executeRecursively$7(NodeTestTask.java:125)
	org.junit.platform.engine.support.hierarchical.Node.around(Node.java:135)
	org.junit.platform.engine.support.hierarchical.NodeTestTask.lambda$executeRecursively$8(NodeTestTask.java:123)
	org.junit.platform.engine.support.hierarchical.ThrowableCollector.execute(ThrowableCollector.java:73)
	org.junit.platform.engine.support.hierarchical.NodeTestTask.executeRecursively(NodeTestTask.java:122)
	org.junit.platform.engine.support.hierarchical.NodeTestTask.execute(NodeTestTask.java:80)
	org.junit.platform.engine.support.hierarchical.SameThreadHierarchicalTestExecutorService.submit(SameThreadHierarchicalTestExecutorService.java:32)
	org.junit.platform.engine.support.hierarchical.HierarchicalTestExecutor.execute(HierarchicalTestExecutor.java:57)
	org.junit.platform.engine.support.hierarchical.HierarchicalTestEngine.execute(HierarchicalTestEngine.java:51)
	org.junit.platform.launcher.core.DefaultLauncher.execute(DefaultLauncher.java:248)
	org.junit.platform.launcher.core.DefaultLauncher.lambda$execute$5(DefaultLauncher.java:211)
	org.junit.platform.launcher.core.DefaultLauncher.withInterceptedStreams(DefaultLauncher.java:226)
	org.junit.platform.launcher.core.DefaultLauncher.execute(DefaultLauncher.java:199)
	org.junit.platform.launcher.core.DefaultLauncher.execute(DefaultLauncher.java:132)
	org.gradle.api.internal.tasks.testing.junitplatform.JUnitPlatformTestClassProcessor$CollectAllTestClassesExecutor.processAllTestClasses(JUnitPlatformTestClassProcessor.java:102)
	org.gradle.api.internal.tasks.testing.junitplatform.JUnitPlatformTestClassProcessor$CollectAllTestClassesExecutor.access$000(JUnitPlatformTestClassProcessor.java:82)
	org.gradle.api.internal.tasks.testing.junitplatform.JUnitPlatformTestClassProcessor.stop(JUnitPlatformTestClassProcessor.java:78)
	org.gradle.api.internal.tasks.testing.SuiteTestClassProcessor.stop(SuiteTestClassProcessor.java:61)
	sun.reflect.NativeMethodAccessorImpl.invoke0(Native Method)
	sun.reflect.NativeMethodAccessorImpl.invoke(NativeMethodAccessorImpl.java:62)
	sun.reflect.DelegatingMethodAccessorImpl.invoke(DelegatingMethodAccessorImpl.java:43)
	java.lang.reflect.Method.invoke(Method.java:498)
	org.gradle.internal.dispatch.ReflectionDispatch.dispatch(ReflectionDispatch.java:36)
	org.gradle.internal.dispatch.ReflectionDispatch.dispatch(ReflectionDispatch.java:24)
	org.gradle.internal.dispatch.ContextClassLoaderDispatch.dispatch(ContextClassLoaderDispatch.java:33)
	org.gradle.internal.dispatch.ProxyDispatchAdapter$DispatchingInvocationHandler.invoke(ProxyDispatchAdapter.java:94)
	com.sun.proxy.$Proxy2.stop(Unknown Source)
	org.gradle.api.internal.tasks.testing.worker.TestWorker.stop(TestWorker.java:132)
	sun.reflect.NativeMethodAccessorImpl.invoke0(Native Method)
	sun.reflect.NativeMethodAccessorImpl.invoke(NativeMethodAccessorImpl.java:62)
	sun.reflect.DelegatingMethodAccessorImpl.invoke(DelegatingMethodAccessorImpl.java:43)
	java.lang.reflect.Method.invoke(Method.java:498)
	org.gradle.internal.dispatch.ReflectionDispatch.dispatch(ReflectionDispatch.java:36)
	org.gradle.internal.dispatch.ReflectionDispatch.dispatch(ReflectionDispatch.java:24)
	org.gradle.internal.remote.internal.hub.MessageHubBackedObjectConnection$DispatchWrapper.dispatch(MessageHubBackedObjectConnection.java:182)
	org.gradle.internal.remote.internal.hub.MessageHubBackedObjectConnection$DispatchWrapper.dispatch(MessageHubBackedObjectConnection.java:164)
	org.gradle.internal.remote.internal.hub.MessageHub$Handler.run(MessageHub.java:412)
	org.gradle.internal.concurrent.ExecutorPolicy$CatchAndRecordFailures.onExecute(ExecutorPolicy.java:64)
	org.gradle.internal.concurrent.ManagedExecutorImpl$1.run(ManagedExecutorImpl.java:48)
	java.util.concurrent.ThreadPoolExecutor.runWorker(ThreadPoolExecutor.java:1149)
	java.util.concurrent.ThreadPoolExecutor$Worker.run(ThreadPoolExecutor.java:624)
	org.gradle.internal.concurrent.ThreadFactoryImpl$ManagedThreadRunnable.run(ThreadFactoryImpl.java:56)
	java.lang.Thread.run(Thread.java:748)
#2:
	io.netty.buffer.AdvancedLeakAwareByteBuf.slice(AdvancedLeakAwareByteBuf.java:76)
	io.rsocket.util.ByteBufPayload.sliceData(ByteBufPayload.java:149)
	io.rsocket.Payload.getDataUtf8(Payload.java:102)
	java.util.stream.ReferencePipeline$3$1.accept(ReferencePipeline.java:193)
	java.util.ArrayList$ArrayListSpliterator.forEachRemaining(ArrayList.java:1382)
	java.util.stream.AbstractPipeline.copyInto(AbstractPipeline.java:481)
	java.util.stream.AbstractPipeline.wrapAndCopyInto(AbstractPipeline.java:471)
	java.util.stream.AbstractPipeline.evaluate(AbstractPipeline.java:545)
	java.util.stream.AbstractPipeline.evaluateToArrayNode(AbstractPipeline.java:260)
	java.util.stream.ReferencePipeline.toArray(ReferencePipeline.java:438)
	org.springframework.messaging.rsocket.DefaultRSocketRequesterTests.testSendFlux(DefaultRSocketRequesterTests.java:134)
	org.springframework.messaging.rsocket.DefaultRSocketRequesterTests.sendFlux(DefaultRSocketRequesterTests.java:115)
	sun.reflect.NativeMethodAccessorImpl.invoke0(Native Method)
	sun.reflect.NativeMethodAccessorImpl.invoke(NativeMethodAccessorImpl.java:62)
	sun.reflect.DelegatingMethodAccessorImpl.invoke(DelegatingMethodAccessorImpl.java:43)
	java.lang.reflect.Method.invoke(Method.java:498)
	org.junit.platform.commons.util.ReflectionUtils.invokeMethod(ReflectionUtils.java:686)
	org.junit.jupiter.engine.execution.MethodInvocation.proceed(MethodInvocation.java:60)
	org.junit.jupiter.engine.execution.InvocationInterceptorChain$ValidatingInvocation.proceed(InvocationInterceptorChain.java:131)
	org.junit.jupiter.engine.extension.TimeoutExtension.intercept(TimeoutExtension.java:149)
	org.junit.jupiter.engine.extension.TimeoutExtension.interceptTestableMethod(TimeoutExtension.java:140)
	org.junit.jupiter.engine.extension.TimeoutExtension.interceptTestMethod(TimeoutExtension.java:84)
	org.junit.jupiter.engine.execution.ExecutableInvoker$ReflectiveInterceptorCall.lambda$ofVoidMethod$0(ExecutableInvoker.java:115)
	org.junit.jupiter.engine.execution.ExecutableInvoker.lambda$invoke$0(ExecutableInvoker.java:105)
	org.junit.jupiter.engine.execution.InvocationInterceptorChain$InterceptedInvocation.proceed(InvocationInterceptorChain.java:106)
	org.junit.jupiter.engine.execution.InvocationInterceptorChain.proceed(InvocationInterceptorChain.java:64)
	org.junit.jupiter.engine.execution.InvocationInterceptorChain.chainAndInvoke(InvocationInterceptorChain.java:45)
	org.junit.jupiter.engine.execution.InvocationInterceptorChain.invoke(InvocationInterceptorChain.java:37)
	org.junit.jupiter.engine.execution.ExecutableInvoker.invoke(ExecutableInvoker.java:104)
	org.junit.jupiter.engine.execution.ExecutableInvoker.invoke(ExecutableInvoker.java:98)
	org.junit.jupiter.engine.descriptor.TestMethodTestDescriptor.lambda$invokeTestMethod$6(TestMethodTestDescriptor.java:212)
	org.junit.platform.engine.support.hierarchical.ThrowableCollector.execute(ThrowableCollector.java:73)
	org.junit.jupiter.engine.descriptor.TestMethodTestDescriptor.invokeTestMethod(TestMethodTestDescriptor.java:208)
	org.junit.jupiter.engine.descriptor.TestMethodTestDescriptor.execute(TestMethodTestDescriptor.java:137)
	org.junit.jupiter.engine.descriptor.TestMethodTestDescriptor.execute(TestMethodTestDescriptor.java:71)
	org.junit.platform.engine.support.hierarchical.NodeTestTask.lambda$executeRecursively$5(NodeTestTask.java:135)
	org.junit.platform.engine.support.hierarchical.ThrowableCollector.execute(ThrowableCollector.java:73)
	org.junit.platform.engine.support.hierarchical.NodeTestTask.lambda$executeRecursively$7(NodeTestTask.java:125)
	org.junit.platform.engine.support.hierarchical.Node.around(Node.java:135)
	org.junit.platform.engine.support.hierarchical.NodeTestTask.lambda$executeRecursively$8(NodeTestTask.java:123)
	org.junit.platform.engine.support.hierarchical.ThrowableCollector.execute(ThrowableCollector.java:73)
	org.junit.platform.engine.support.hierarchical.NodeTestTask.executeRecursively(NodeTestTask.java:122)
	org.junit.platform.engine.support.hierarchical.NodeTestTask.execute(NodeTestTask.java:80)
	java.util.ArrayList.forEach(ArrayList.java:1257)
	org.junit.platform.engine.support.hierarchical.SameThreadHierarchicalTestExecutorService.invokeAll(SameThreadHierarchicalTestExecutorService.java:38)
	org.junit.platform.engine.support.hierarchical.NodeTestTask.lambda$executeRecursively$5(NodeTestTask.java:139)
	org.junit.platform.engine.support.hierarchical.ThrowableCollector.execute(ThrowableCollector.java:73)
	org.junit.platform.engine.support.hierarchical.NodeTestTask.lambda$executeRecursively$7(NodeTestTask.java:125)
	org.junit.platform.engine.support.hierarchical.Node.around(Node.java:135)
	org.junit.platform.engine.support.hierarchical.NodeTestTask.lambda$executeRecursively$8(NodeTestTask.java:123)
	org.junit.platform.engine.support.hierarchical.ThrowableCollector.execute(ThrowableCollector.java:73)
	org.junit.platform.engine.support.hierarchical.NodeTestTask.executeRecursively(NodeTestTask.java:122)
	org.junit.platform.engine.support.hierarchical.NodeTestTask.execute(NodeTestTask.java:80)
	java.util.ArrayList.forEach(ArrayList.java:1257)
	org.junit.platform.engine.support.hierarchical.SameThreadHierarchicalTestExecutorService.invokeAll(SameThreadHierarchicalTestExecutorService.java:38)
	org.junit.platform.engine.support.hierarchical.NodeTestTask.lambda$executeRecursively$5(NodeTestTask.java:139)
	org.junit.platform.engine.support.hierarchical.ThrowableCollector.execute(ThrowableCollector.java:73)
	org.junit.platform.engine.support.hierarchical.NodeTestTask.lambda$executeRecursively$7(NodeTestTask.java:125)
	org.junit.platform.engine.support.hierarchical.Node.around(Node.java:135)
	org.junit.platform.engine.support.hierarchical.NodeTestTask.lambda$executeRecursively$8(NodeTestTask.java:123)
	org.junit.platform.engine.support.hierarchical.ThrowableCollector.execute(ThrowableCollector.java:73)
	org.junit.platform.engine.support.hierarchical.NodeTestTask.executeRecursively(NodeTestTask.java:122)
	org.junit.platform.engine.support.hierarchical.NodeTestTask.execute(NodeTestTask.java:80)
	org.junit.platform.engine.support.hierarchical.SameThreadHierarchicalTestExecutorService.submit(SameThreadHierarchicalTestExecutorService.java:32)
	org.junit.platform.engine.support.hierarchical.HierarchicalTestExecutor.execute(HierarchicalTestExecutor.java:57)
	org.junit.platform.engine.support.hierarchical.HierarchicalTestEngine.execute(HierarchicalTestEngine.java:51)
	org.junit.platform.launcher.core.DefaultLauncher.execute(DefaultLauncher.java:248)
	org.junit.platform.launcher.core.DefaultLauncher.lambda$execute$5(DefaultLauncher.java:211)
	org.junit.platform.launcher.core.DefaultLauncher.withInterceptedStreams(DefaultLauncher.java:226)
	org.junit.platform.launcher.core.DefaultLauncher.execute(DefaultLauncher.java:199)
	org.junit.platform.launcher.core.DefaultLauncher.execute(DefaultLauncher.java:132)
	org.gradle.api.internal.tasks.testing.junitplatform.JUnitPlatformTestClassProcessor$CollectAllTestClassesExecutor.processAllTestClasses(JUnitPlatformTestClassProcessor.java:102)
	org.gradle.api.internal.tasks.testing.junitplatform.JUnitPlatformTestClassProcessor$CollectAllTestClassesExecutor.access$000(JUnitPlatformTestClassProcessor.java:82)
	org.gradle.api.internal.tasks.testing.junitplatform.JUnitPlatformTestClassProcessor.stop(JUnitPlatformTestClassProcessor.java:78)
	org.gradle.api.internal.tasks.testing.SuiteTestClassProcessor.stop(SuiteTestClassProcessor.java:61)
	sun.reflect.NativeMethodAccessorImpl.invoke0(Native Method)
	sun.reflect.NativeMethodAccessorImpl.invoke(NativeMethodAccessorImpl.java:62)
	sun.reflect.DelegatingMethodAccessorImpl.invoke(DelegatingMethodAccessorImpl.java:43)
	java.lang.reflect.Method.invoke(Method.java:498)
	org.gradle.internal.dispatch.ReflectionDispatch.dispatch(ReflectionDispatch.java:36)
	org.gradle.internal.dispatch.ReflectionDispatch.dispatch(ReflectionDispatch.java:24)
	org.gradle.internal.dispatch.ContextClassLoaderDispatch.dispatch(ContextClassLoaderDispatch.java:33)
	org.gradle.internal.dispatch.ProxyDispatchAdapter$DispatchingInvocationHandler.invoke(ProxyDispatchAdapter.java:94)
	com.sun.proxy.$Proxy2.stop(Unknown Source)
	org.gradle.api.internal.tasks.testing.worker.TestWorker.stop(TestWorker.java:132)
	sun.reflect.NativeMethodAccessorImpl.invoke0(Native Method)
	sun.reflect.NativeMethodAccessorImpl.invoke(NativeMethodAccessorImpl.java:62)
	sun.reflect.DelegatingMethodAccessorImpl.invoke(DelegatingMethodAccessorImpl.java:43)
	java.lang.reflect.Method.invoke(Method.java:498)
	org.gradle.internal.dispatch.ReflectionDispatch.dispatch(ReflectionDispatch.java:36)
	org.gradle.internal.dispatch.ReflectionDispatch.dispatch(ReflectionDispatch.java:24)
	org.gradle.internal.remote.internal.hub.MessageHubBackedObjectConnection$DispatchWrapper.dispatch(MessageHubBackedObjectConnection.java:182)
	org.gradle.internal.remote.internal.hub.MessageHubBackedObjectConnection$DispatchWrapper.dispatch(MessageHubBackedObjectConnection.java:164)
	org.gradle.internal.remote.internal.hub.MessageHub$Handler.run(MessageHub.java:412)
	org.gradle.internal.concurrent.ExecutorPolicy$CatchAndRecordFailures.onExecute(ExecutorPolicy.java:64)
	org.gradle.internal.concurrent.ManagedExecutorImpl$1.run(ManagedExecutorImpl.java:48)
	java.util.concurrent.ThreadPoolExecutor.runWorker(ThreadPoolExecutor.java:1149)
	java.util.concurrent.ThreadPoolExecutor$Worker.run(ThreadPoolExecutor.java:624)
	org.gradle.internal.concurrent.ThreadFactoryImpl$ManagedThreadRunnable.run(ThreadFactoryImpl.java:56)
	java.lang.Thread.run(Thread.java:748)
Created at:
	io.netty.buffer.PooledByteBufAllocator.newDirectBuffer(PooledByteBufAllocator.java:363)
	io.netty.buffer.AbstractByteBufAllocator.directBuffer(AbstractByteBufAllocator.java:187)
	io.netty.buffer.AbstractByteBufAllocator.directBuffer(AbstractByteBufAllocator.java:178)
	io.netty.buffer.AbstractByteBufAllocator.buffer(AbstractByteBufAllocator.java:115)
	org.springframework.core.io.buffer.NettyDataBufferFactory.allocateBuffer(NettyDataBufferFactory.java:71)
	org.springframework.core.io.buffer.NettyDataBufferFactory.allocateBuffer(NettyDataBufferFactory.java:39)
	org.springframework.core.codec.CharSequenceEncoder.encodeValue(CharSequenceEncoder.java:91)
	org.springframework.core.codec.CharSequenceEncoder.encodeValue(CharSequenceEncoder.java:47)
	org.springframework.messaging.rsocket.DefaultRSocketRequester$DefaultRequestSpec.encodeData(DefaultRSocketRequester.java:236)
	org.springframework.messaging.rsocket.DefaultRSocketRequester$DefaultRequestSpec.lambda$createPayload$2(DefaultRSocketRequester.java:215)
	reactor.core.publisher.FluxMap$MapSubscriber.onNext(FluxMap.java:100)
	reactor.core.publisher.FluxMap$MapSubscriber.onNext(FluxMap.java:114)
	reactor.core.publisher.FluxConcatMap$ConcatMapImmediate.innerNext(FluxConcatMap.java:274)
	reactor.core.publisher.FluxConcatMap$ConcatMapInner.onNext(FluxConcatMap.java:851)
	reactor.core.publisher.Operators$MonoSubscriber.complete(Operators.java:1755)
	reactor.core.publisher.MonoDelayUntil$DelayUntilCoordinator.signal(MonoDelayUntil.java:258)
	reactor.core.publisher.MonoDelayUntil$DelayUntilTrigger.onComplete(MonoDelayUntil.java:337)
	reactor.core.publisher.MonoDelay$MonoDelayRunnable.run(MonoDelay.java:118)
	reactor.core.scheduler.SchedulerTask.call(SchedulerTask.java:68)
	reactor.core.scheduler.SchedulerTask.call(SchedulerTask.java:28)
	java.util.concurrent.FutureTask.run(FutureTask.java:266)
	java.util.concurrent.ScheduledThreadPoolExecutor$ScheduledFutureTask.access$201(ScheduledThreadPoolExecutor.java:180)
	java.util.concurrent.ScheduledThreadPoolExecutor$ScheduledFutureTask.run(ScheduledThreadPoolExecutor.java:293)
	java.util.concurrent.ThreadPoolExecutor.runWorker(ThreadPoolExecutor.java:1149)
	java.util.concurrent.ThreadPoolExecutor$Worker.run(ThreadPoolExecutor.java:624)
	java.lang.Thread.run(Thread.java:748)
22:22:58.610 [Test worker] ERROR i.n.u.ResourceLeakDetector - LEAK: ByteBuf.release() was not called before it's garbage-collected. See https://netty.io/wiki/reference-counted-objects.html for more information.
Recent access records: 
#1:
	io.netty.buffer.AdvancedLeakAwareByteBuf.toString(AdvancedLeakAwareByteBuf.java:742)
	io.rsocket.Payload.getDataUtf8(Payload.java:102)
	org.springframework.messaging.rsocket.DefaultRSocketRequesterTests.testSendMono(DefaultRSocketRequesterTests.java:99)
	org.springframework.messaging.rsocket.DefaultRSocketRequesterTests.sendMono(DefaultRSocketRequesterTests.java:85)
	sun.reflect.NativeMethodAccessorImpl.invoke0(Native Method)
	sun.reflect.NativeMethodAccessorImpl.invoke(NativeMethodAccessorImpl.java:62)
	sun.reflect.DelegatingMethodAccessorImpl.invoke(DelegatingMethodAccessorImpl.java:43)
	java.lang.reflect.Method.invoke(Method.java:498)
	org.junit.platform.commons.util.ReflectionUtils.invokeMethod(ReflectionUtils.java:686)
	org.junit.jupiter.engine.execution.MethodInvocation.proceed(MethodInvocation.java:60)
	org.junit.jupiter.engine.execution.InvocationInterceptorChain$ValidatingInvocation.proceed(InvocationInterceptorChain.java:131)
	org.junit.jupiter.engine.extension.TimeoutExtension.intercept(TimeoutExtension.java:149)
	org.junit.jupiter.engine.extension.TimeoutExtension.interceptTestableMethod(TimeoutExtension.java:140)
	org.junit.jupiter.engine.extension.TimeoutExtension.interceptTestMethod(TimeoutExtension.java:84)
	org.junit.jupiter.engine.execution.ExecutableInvoker$ReflectiveInterceptorCall.lambda$ofVoidMethod$0(ExecutableInvoker.java:115)
	org.junit.jupiter.engine.execution.ExecutableInvoker.lambda$invoke$0(ExecutableInvoker.java:105)
	org.junit.jupiter.engine.execution.InvocationInterceptorChain$InterceptedInvocation.proceed(InvocationInterceptorChain.java:106)
	org.junit.jupiter.engine.execution.InvocationInterceptorChain.proceed(InvocationInterceptorChain.java:64)
	org.junit.jupiter.engine.execution.InvocationInterceptorChain.chainAndInvoke(InvocationInterceptorChain.java:45)
	org.junit.jupiter.engine.execution.InvocationInterceptorChain.invoke(InvocationInterceptorChain.java:37)
	org.junit.jupiter.engine.execution.ExecutableInvoker.invoke(ExecutableInvoker.java:104)
	org.junit.jupiter.engine.execution.ExecutableInvoker.invoke(ExecutableInvoker.java:98)
	org.junit.jupiter.engine.descriptor.TestMethodTestDescriptor.lambda$invokeTestMethod$6(TestMethodTestDescriptor.java:212)
	org.junit.platform.engine.support.hierarchical.ThrowableCollector.execute(ThrowableCollector.java:73)
	org.junit.jupiter.engine.descriptor.TestMethodTestDescriptor.invokeTestMethod(TestMethodTestDescriptor.java:208)
	org.junit.jupiter.engine.descriptor.TestMethodTestDescriptor.execute(TestMethodTestDescriptor.java:137)
	org.junit.jupiter.engine.descriptor.TestMethodTestDescriptor.execute(TestMethodTestDescriptor.java:71)
	org.junit.platform.engine.support.hierarchical.NodeTestTask.lambda$executeRecursively$5(NodeTestTask.java:135)
	org.junit.platform.engine.support.hierarchical.ThrowableCollector.execute(ThrowableCollector.java:73)
	org.junit.platform.engine.support.hierarchical.NodeTestTask.lambda$executeRecursively$7(NodeTestTask.java:125)
	org.junit.platform.engine.support.hierarchical.Node.around(Node.java:135)
	org.junit.platform.engine.support.hierarchical.NodeTestTask.lambda$executeRecursively$8(NodeTestTask.java:123)
	org.junit.platform.engine.support.hierarchical.ThrowableCollector.execute(ThrowableCollector.java:73)
	org.junit.platform.engine.support.hierarchical.NodeTestTask.executeRecursively(NodeTestTask.java:122)
	org.junit.platform.engine.support.hierarchical.NodeTestTask.execute(NodeTestTask.java:80)
	java.util.ArrayList.forEach(ArrayList.java:1257)
	org.junit.platform.engine.support.hierarchical.SameThreadHierarchicalTestExecutorService.invokeAll(SameThreadHierarchicalTestExecutorService.java:38)
	org.junit.platform.engine.support.hierarchical.NodeTestTask.lambda$executeRecursively$5(NodeTestTask.java:139)
	org.junit.platform.engine.support.hierarchical.ThrowableCollector.execute(ThrowableCollector.java:73)
	org.junit.platform.engine.support.hierarchical.NodeTestTask.lambda$executeRecursively$7(NodeTestTask.java:125)
	org.junit.platform.engine.support.hierarchical.Node.around(Node.java:135)
	org.junit.platform.engine.support.hierarchical.NodeTestTask.lambda$executeRecursively$8(NodeTestTask.java:123)
	org.junit.platform.engine.support.hierarchical.ThrowableCollector.execute(ThrowableCollector.java:73)
	org.junit.platform.engine.support.hierarchical.NodeTestTask.executeRecursively(NodeTestTask.java:122)
	org.junit.platform.engine.support.hierarchical.NodeTestTask.execute(NodeTestTask.java:80)
	java.util.ArrayList.forEach(ArrayList.java:1257)
	org.junit.platform.engine.support.hierarchical.SameThreadHierarchicalTestExecutorService.invokeAll(SameThreadHierarchicalTestExecutorService.java:38)
	org.junit.platform.engine.support.hierarchical.NodeTestTask.lambda$executeRecursively$5(NodeTestTask.java:139)
	org.junit.platform.engine.support.hierarchical.ThrowableCollector.execute(ThrowableCollector.java:73)
	org.junit.platform.engine.support.hierarchical.NodeTestTask.lambda$executeRecursively$7(NodeTestTask.java:125)
	org.junit.platform.engine.support.hierarchical.Node.around(Node.java:135)
	org.junit.platform.engine.support.hierarchical.NodeTestTask.lambda$executeRecursively$8(NodeTestTask.java:123)
	org.junit.platform.engine.support.hierarchical.ThrowableCollector.execute(ThrowableCollector.java:73)
	org.junit.platform.engine.support.hierarchical.NodeTestTask.executeRecursively(NodeTestTask.java:122)
	org.junit.platform.engine.support.hierarchical.NodeTestTask.execute(NodeTestTask.java:80)
	org.junit.platform.engine.support.hierarchical.SameThreadHierarchicalTestExecutorService.submit(SameThreadHierarchicalTestExecutorService.java:32)
	org.junit.platform.engine.support.hierarchical.HierarchicalTestExecutor.execute(HierarchicalTestExecutor.java:57)
	org.junit.platform.engine.support.hierarchical.HierarchicalTestEngine.execute(HierarchicalTestEngine.java:51)
	org.junit.platform.launcher.core.DefaultLauncher.execute(DefaultLauncher.java:248)
	org.junit.platform.launcher.core.DefaultLauncher.lambda$execute$5(DefaultLauncher.java:211)
	org.junit.platform.launcher.core.DefaultLauncher.withInterceptedStreams(DefaultLauncher.java:226)
	org.junit.platform.launcher.core.DefaultLauncher.execute(DefaultLauncher.java:199)
	org.junit.platform.launcher.core.DefaultLauncher.execute(DefaultLauncher.java:132)
	org.gradle.api.internal.tasks.testing.junitplatform.JUnitPlatformTestClassProcessor$CollectAllTestClassesExecutor.processAllTestClasses(JUnitPlatformTestClassProcessor.java:102)
	org.gradle.api.internal.tasks.testing.junitplatform.JUnitPlatformTestClassProcessor$CollectAllTestClassesExecutor.access$000(JUnitPlatformTestClassProcessor.java:82)
	org.gradle.api.internal.tasks.testing.junitplatform.JUnitPlatformTestClassProcessor.stop(JUnitPlatformTestClassProcessor.java:78)
	org.gradle.api.internal.tasks.testing.SuiteTestClassProcessor.stop(SuiteTestClassProcessor.java:61)
	sun.reflect.NativeMethodAccessorImpl.invoke0(Native Method)
	sun.reflect.NativeMethodAccessorImpl.invoke(NativeMethodAccessorImpl.java:62)
	sun.reflect.DelegatingMethodAccessorImpl.invoke(DelegatingMethodAccessorImpl.java:43)
	java.lang.reflect.Method.invoke(Method.java:498)
	org.gradle.internal.dispatch.ReflectionDispatch.dispatch(ReflectionDispatch.java:36)
	org.gradle.internal.dispatch.ReflectionDispatch.dispatch(ReflectionDispatch.java:24)
	org.gradle.internal.dispatch.ContextClassLoaderDispatch.dispatch(ContextClassLoaderDispatch.java:33)
	org.gradle.internal.dispatch.ProxyDispatchAdapter$DispatchingInvocationHandler.invoke(ProxyDispatchAdapter.java:94)
	com.sun.proxy.$Proxy2.stop(Unknown Source)
	org.gradle.api.internal.tasks.testing.worker.TestWorker.stop(TestWorker.java:132)
	sun.reflect.NativeMethodAccessorImpl.invoke0(Native Method)
	sun.reflect.NativeMethodAccessorImpl.invoke(NativeMethodAccessorImpl.java:62)
	sun.reflect.DelegatingMethodAccessorImpl.invoke(DelegatingMethodAccessorImpl.java:43)
	java.lang.reflect.Method.invoke(Method.java:498)
	org.gradle.internal.dispatch.ReflectionDispatch.dispatch(ReflectionDispatch.java:36)
	org.gradle.internal.dispatch.ReflectionDispatch.dispatch(ReflectionDispatch.java:24)
	org.gradle.internal.remote.internal.hub.MessageHubBackedObjectConnection$DispatchWrapper.dispatch(MessageHubBackedObjectConnection.java:182)
	org.gradle.internal.remote.internal.hub.MessageHubBackedObjectConnection$DispatchWrapper.dispatch(MessageHubBackedObjectConnection.java:164)
	org.gradle.internal.remote.internal.hub.MessageHub$Handler.run(MessageHub.java:412)
	org.gradle.internal.concurrent.ExecutorPolicy$CatchAndRecordFailures.onExecute(ExecutorPolicy.java:64)
	org.gradle.internal.concurrent.ManagedExecutorImpl$1.run(ManagedExecutorImpl.java:48)
	java.util.concurrent.ThreadPoolExecutor.runWorker(ThreadPoolExecutor.java:1149)
	java.util.concurrent.ThreadPoolExecutor$Worker.run(ThreadPoolExecutor.java:624)
	org.gradle.internal.concurrent.ThreadFactoryImpl$ManagedThreadRunnable.run(ThreadFactoryImpl.java:56)
	java.lang.Thread.run(Thread.java:748)
#2:
	io.netty.buffer.AdvancedLeakAwareByteBuf.slice(AdvancedLeakAwareByteBuf.java:76)
	io.rsocket.util.ByteBufPayload.sliceData(ByteBufPayload.java:149)
	io.rsocket.Payload.getDataUtf8(Payload.java:102)
	org.springframework.messaging.rsocket.DefaultRSocketRequesterTests.testSendMono(DefaultRSocketRequesterTests.java:99)
	org.springframework.messaging.rsocket.DefaultRSocketRequesterTests.sendMono(DefaultRSocketRequesterTests.java:85)
	sun.reflect.NativeMethodAccessorImpl.invoke0(Native Method)
	sun.reflect.NativeMethodAccessorImpl.invoke(NativeMethodAccessorImpl.java:62)
	sun.reflect.DelegatingMethodAccessorImpl.invoke(DelegatingMethodAccessorImpl.java:43)
	java.lang.reflect.Method.invoke(Method.java:498)
	org.junit.platform.commons.util.ReflectionUtils.invokeMethod(ReflectionUtils.java:686)
	org.junit.jupiter.engine.execution.MethodInvocation.proceed(MethodInvocation.java:60)
	org.junit.jupiter.engine.execution.InvocationInterceptorChain$ValidatingInvocation.proceed(InvocationInterceptorChain.java:131)
	org.junit.jupiter.engine.extension.TimeoutExtension.intercept(TimeoutExtension.java:149)
	org.junit.jupiter.engine.extension.TimeoutExtension.interceptTestableMethod(TimeoutExtension.java:140)
	org.junit.jupiter.engine.extension.TimeoutExtension.interceptTestMethod(TimeoutExtension.java:84)
	org.junit.jupiter.engine.execution.ExecutableInvoker$ReflectiveInterceptorCall.lambda$ofVoidMethod$0(ExecutableInvoker.java:115)
	org.junit.jupiter.engine.execution.ExecutableInvoker.lambda$invoke$0(ExecutableInvoker.java:105)
	org.junit.jupiter.engine.execution.InvocationInterceptorChain$InterceptedInvocation.proceed(InvocationInterceptorChain.java:106)
	org.junit.jupiter.engine.execution.InvocationInterceptorChain.proceed(InvocationInterceptorChain.java:64)
	org.junit.jupiter.engine.execution.InvocationInterceptorChain.chainAndInvoke(InvocationInterceptorChain.java:45)
	org.junit.jupiter.engine.execution.InvocationInterceptorChain.invoke(InvocationInterceptorChain.java:37)
	org.junit.jupiter.engine.execution.ExecutableInvoker.invoke(ExecutableInvoker.java:104)
	org.junit.jupiter.engine.execution.ExecutableInvoker.invoke(ExecutableInvoker.java:98)
	org.junit.jupiter.engine.descriptor.TestMethodTestDescriptor.lambda$invokeTestMethod$6(TestMethodTestDescriptor.java:212)
	org.junit.platform.engine.support.hierarchical.ThrowableCollector.execute(ThrowableCollector.java:73)
	org.junit.jupiter.engine.descriptor.TestMethodTestDescriptor.invokeTestMethod(TestMethodTestDescriptor.java:208)
	org.junit.jupiter.engine.descriptor.TestMethodTestDescriptor.execute(TestMethodTestDescriptor.java:137)
	org.junit.jupiter.engine.descriptor.TestMethodTestDescriptor.execute(TestMethodTestDescriptor.java:71)
	org.junit.platform.engine.support.hierarchical.NodeTestTask.lambda$executeRecursively$5(NodeTestTask.java:135)
	org.junit.platform.engine.support.hierarchical.ThrowableCollector.execute(ThrowableCollector.java:73)
	org.junit.platform.engine.support.hierarchical.NodeTestTask.lambda$executeRecursively$7(NodeTestTask.java:125)
	org.junit.platform.engine.support.hierarchical.Node.around(Node.java:135)
	org.junit.platform.engine.support.hierarchical.NodeTestTask.lambda$executeRecursively$8(NodeTestTask.java:123)
	org.junit.platform.engine.support.hierarchical.ThrowableCollector.execute(ThrowableCollector.java:73)
	org.junit.platform.engine.support.hierarchical.NodeTestTask.executeRecursively(NodeTestTask.java:122)
	org.junit.platform.engine.support.hierarchical.NodeTestTask.execute(NodeTestTask.java:80)
	java.util.ArrayList.forEach(ArrayList.java:1257)
	org.junit.platform.engine.support.hierarchical.SameThreadHierarchicalTestExecutorService.invokeAll(SameThreadHierarchicalTestExecutorService.java:38)
	org.junit.platform.engine.support.hierarchical.NodeTestTask.lambda$executeRecursively$5(NodeTestTask.java:139)
	org.junit.platform.engine.support.hierarchical.ThrowableCollector.execute(ThrowableCollector.java:73)
	org.junit.platform.engine.support.hierarchical.NodeTestTask.lambda$executeRecursively$7(NodeTestTask.java:125)
	org.junit.platform.engine.support.hierarchical.Node.around(Node.java:135)
	org.junit.platform.engine.support.hierarchical.NodeTestTask.lambda$executeRecursively$8(NodeTestTask.java:123)
	org.junit.platform.engine.support.hierarchical.ThrowableCollector.execute(ThrowableCollector.java:73)
	org.junit.platform.engine.support.hierarchical.NodeTestTask.executeRecursively(NodeTestTask.java:122)
	org.junit.platform.engine.support.hierarchical.NodeTestTask.execute(NodeTestTask.java:80)
	java.util.ArrayList.forEach(ArrayList.java:1257)
	org.junit.platform.engine.support.hierarchical.SameThreadHierarchicalTestExecutorService.invokeAll(SameThreadHierarchicalTestExecutorService.java:38)
	org.junit.platform.engine.support.hierarchical.NodeTestTask.lambda$executeRecursively$5(NodeTestTask.java:139)
	org.junit.platform.engine.support.hierarchical.ThrowableCollector.execute(ThrowableCollector.java:73)
	org.junit.platform.engine.support.hierarchical.NodeTestTask.lambda$executeRecursively$7(NodeTestTask.java:125)
	org.junit.platform.engine.support.hierarchical.Node.around(Node.java:135)
	org.junit.platform.engine.support.hierarchical.NodeTestTask.lambda$executeRecursively$8(NodeTestTask.java:123)
	org.junit.platform.engine.support.hierarchical.ThrowableCollector.execute(ThrowableCollector.java:73)
	org.junit.platform.engine.support.hierarchical.NodeTestTask.executeRecursively(NodeTestTask.java:122)
	org.junit.platform.engine.support.hierarchical.NodeTestTask.execute(NodeTestTask.java:80)
	org.junit.platform.engine.support.hierarchical.SameThreadHierarchicalTestExecutorService.submit(SameThreadHierarchicalTestExecutorService.java:32)
	org.junit.platform.engine.support.hierarchical.HierarchicalTestExecutor.execute(HierarchicalTestExecutor.java:57)
	org.junit.platform.engine.support.hierarchical.HierarchicalTestEngine.execute(HierarchicalTestEngine.java:51)
	org.junit.platform.launcher.core.DefaultLauncher.execute(DefaultLauncher.java:248)
	org.junit.platform.launcher.core.DefaultLauncher.lambda$execute$5(DefaultLauncher.java:211)
	org.junit.platform.launcher.core.DefaultLauncher.withInterceptedStreams(DefaultLauncher.java:226)
	org.junit.platform.launcher.core.DefaultLauncher.execute(DefaultLauncher.java:199)
	org.junit.platform.launcher.core.DefaultLauncher.execute(DefaultLauncher.java:132)
	org.gradle.api.internal.tasks.testing.junitplatform.JUnitPlatformTestClassProcessor$CollectAllTestClassesExecutor.processAllTestClasses(JUnitPlatformTestClassProcessor.java:102)
	org.gradle.api.internal.tasks.testing.junitplatform.JUnitPlatformTestClassProcessor$CollectAllTestClassesExecutor.access$000(JUnitPlatformTestClassProcessor.java:82)
	org.gradle.api.internal.tasks.testing.junitplatform.JUnitPlatformTestClassProcessor.stop(JUnitPlatformTestClassProcessor.java:78)
	org.gradle.api.internal.tasks.testing.SuiteTestClassProcessor.stop(SuiteTestClassProcessor.java:61)
	sun.reflect.NativeMethodAccessorImpl.invoke0(Native Method)
	sun.reflect.NativeMethodAccessorImpl.invoke(NativeMethodAccessorImpl.java:62)
	sun.reflect.DelegatingMethodAccessorImpl.invoke(DelegatingMethodAccessorImpl.java:43)
	java.lang.reflect.Method.invoke(Method.java:498)
	org.gradle.internal.dispatch.ReflectionDispatch.dispatch(ReflectionDispatch.java:36)
	org.gradle.internal.dispatch.ReflectionDispatch.dispatch(ReflectionDispatch.java:24)
	org.gradle.internal.dispatch.ContextClassLoaderDispatch.dispatch(ContextClassLoaderDispatch.java:33)
	org.gradle.internal.dispatch.ProxyDispatchAdapter$DispatchingInvocationHandler.invoke(ProxyDispatchAdapter.java:94)
	com.sun.proxy.$Proxy2.stop(Unknown Source)
	org.gradle.api.internal.tasks.testing.worker.TestWorker.stop(TestWorker.java:132)
	sun.reflect.NativeMethodAccessorImpl.invoke0(Native Method)
	sun.reflect.NativeMethodAccessorImpl.invoke(NativeMethodAccessorImpl.java:62)
	sun.reflect.DelegatingMethodAccessorImpl.invoke(DelegatingMethodAccessorImpl.java:43)
	java.lang.reflect.Method.invoke(Method.java:498)
	org.gradle.internal.dispatch.ReflectionDispatch.dispatch(ReflectionDispatch.java:36)
	org.gradle.internal.dispatch.ReflectionDispatch.dispatch(ReflectionDispatch.java:24)
	org.gradle.internal.remote.internal.hub.MessageHubBackedObjectConnection$DispatchWrapper.dispatch(MessageHubBackedObjectConnection.java:182)
	org.gradle.internal.remote.internal.hub.MessageHubBackedObjectConnection$DispatchWrapper.dispatch(MessageHubBackedObjectConnection.java:164)
	org.gradle.internal.remote.internal.hub.MessageHub$Handler.run(MessageHub.java:412)
	org.gradle.internal.concurrent.ExecutorPolicy$CatchAndRecordFailures.onExecute(ExecutorPolicy.java:64)
	org.gradle.internal.concurrent.ManagedExecutorImpl$1.run(ManagedExecutorImpl.java:48)
	java.util.concurrent.ThreadPoolExecutor.runWorker(ThreadPoolExecutor.java:1149)
	java.util.concurrent.ThreadPoolExecutor$Worker.run(ThreadPoolExecutor.java:624)
	org.gradle.internal.concurrent.ThreadFactoryImpl$ManagedThreadRunnable.run(ThreadFactoryImpl.java:56)
	java.lang.Thread.run(Thread.java:748)
Created at:
	io.netty.buffer.PooledByteBufAllocator.newDirectBuffer(PooledByteBufAllocator.java:363)
	io.netty.buffer.AbstractByteBufAllocator.directBuffer(AbstractByteBufAllocator.java:187)
	io.netty.buffer.AbstractByteBufAllocator.directBuffer(AbstractByteBufAllocator.java:178)
	io.netty.buffer.AbstractByteBufAllocator.buffer(AbstractByteBufAllocator.java:115)
	org.springframework.core.io.buffer.NettyDataBufferFactory.allocateBuffer(NettyDataBufferFactory.java:71)
	org.springframework.core.io.buffer.NettyDataBufferFactory.allocateBuffer(NettyDataBufferFactory.java:39)
	org.springframework.core.codec.CharSequenceEncoder.encodeValue(CharSequenceEncoder.java:91)
	org.springframework.core.codec.CharSequenceEncoder.encodeValue(CharSequenceEncoder.java:47)
	org.springframework.messaging.rsocket.DefaultRSocketRequester$DefaultRequestSpec.encodeData(DefaultRSocketRequester.java:236)
	org.springframework.messaging.rsocket.DefaultRSocketRequester$DefaultRequestSpec.lambda$createPayload$1(DefaultRSocketRequester.java:206)
	reactor.core.publisher.FluxMap$MapSubscriber.onNext(FluxMap.java:100)
	reactor.core.publisher.MonoNext$NextSubscriber.onNext(MonoNext.java:76)
	reactor.core.publisher.MonoNext$NextSubscriber.onNext(MonoNext.java:76)
	io.reactivex.internal.util.HalfSerializer.onNext(HalfSerializer.java:45)
	io.reactivex.internal.subscribers.StrictSubscriber.onNext(StrictSubscriber.java:97)
	io.reactivex.internal.subscriptions.DeferredScalarSubscription.complete(DeferredScalarSubscription.java:132)
	io.reactivex.internal.operators.single.SingleToFlowable$SingleToFlowableObserver.onSuccess(SingleToFlowable.java:62)
	io.reactivex.internal.operators.single.SingleMap$MapSingleObserver.onSuccess(SingleMap.java:64)
	io.reactivex.internal.operators.single.SingleTimer$TimerDisposable.run(SingleTimer.java:56)
	io.reactivex.internal.schedulers.ScheduledDirectTask.call(ScheduledDirectTask.java:38)
	io.reactivex.internal.schedulers.ScheduledDirectTask.call(ScheduledDirectTask.java:26)
	java.util.concurrent.FutureTask.run(FutureTask.java:266)
	java.util.concurrent.ScheduledThreadPoolExecutor$ScheduledFutureTask.access$201(ScheduledThreadPoolExecutor.java:180)
	java.util.concurrent.ScheduledThreadPoolExecutor$ScheduledFutureTask.run(ScheduledThreadPoolExecutor.java:293)
	java.util.concurrent.ThreadPoolExecutor.runWorker(ThreadPoolExecutor.java:1149)
	java.util.concurrent.ThreadPoolExecutor$Worker.run(ThreadPoolExecutor.java:624)
	java.lang.Thread.run(Thread.java:748)
22:22:58.614 [Test worker] ERROR i.n.u.ResourceLeakDetector - LEAK: ByteBuf.release() was not called before it's garbage-collected. See https://netty.io/wiki/reference-counted-objects.html for more information.
Recent access records: 
#1:
	io.netty.buffer.AdvancedLeakAwareByteBuf.order(AdvancedLeakAwareByteBuf.java:70)
	io.netty.buffer.CompositeByteBuf.newComponent(CompositeByteBuf.java:335)
	io.netty.buffer.CompositeByteBuf.addComponent0(CompositeByteBuf.java:280)
	io.netty.buffer.CompositeByteBuf.addComponent(CompositeByteBuf.java:265)
	io.netty.buffer.CompositeByteBuf.addComponent(CompositeByteBuf.java:222)
	io.netty.buffer.WrappedCompositeByteBuf.addComponent(WrappedCompositeByteBuf.java:534)
	io.netty.buffer.AdvancedLeakAwareCompositeByteBuf.addComponent(AdvancedLeakAwareCompositeByteBuf.java:921)
	io.rsocket.metadata.TaggingMetadataFlyweight.createTaggingContent(TaggingMetadataFlyweight.java:72)
	io.rsocket.metadata.TaggingMetadataFlyweight.createRoutingMetadata(TaggingMetadataFlyweight.java:30)
	org.springframework.messaging.rsocket.MetadataEncoder.encodeRoute(MetadataEncoder.java:224)
	org.springframework.messaging.rsocket.MetadataEncoder.encodeEntries(MetadataEncoder.java:208)
	org.springframework.messaging.rsocket.MetadataEncoder.lambda$encode$1(MetadataEncoder.java:180)
	reactor.core.publisher.MonoCallable.block(MonoCallable.java:81)
	reactor.core.publisher.MonoCallable.block(MonoCallable.java:74)
	org.springframework.messaging.rsocket.MetadataEncoderTests.routeWithRoutingMimeType(MetadataEncoderTests.java:113)
	sun.reflect.NativeMethodAccessorImpl.invoke0(Native Method)
	sun.reflect.NativeMethodAccessorImpl.invoke(NativeMethodAccessorImpl.java:62)
	sun.reflect.DelegatingMethodAccessorImpl.invoke(DelegatingMethodAccessorImpl.java:43)
	java.lang.reflect.Method.invoke(Method.java:498)
	org.junit.platform.commons.util.ReflectionUtils.invokeMethod(ReflectionUtils.java:686)
	org.junit.jupiter.engine.execution.MethodInvocation.proceed(MethodInvocation.java:60)
	org.junit.jupiter.engine.execution.InvocationInterceptorChain$ValidatingInvocation.proceed(InvocationInterceptorChain.java:131)
	org.junit.jupiter.engine.extension.TimeoutExtension.intercept(TimeoutExtension.java:149)
	org.junit.jupiter.engine.extension.TimeoutExtension.interceptTestableMethod(TimeoutExtension.java:140)
	org.junit.jupiter.engine.extension.TimeoutExtension.interceptTestMethod(TimeoutExtension.java:84)
	org.junit.jupiter.engine.execution.ExecutableInvoker$ReflectiveInterceptorCall.lambda$ofVoidMethod$0(ExecutableInvoker.java:115)
	org.junit.jupiter.engine.execution.ExecutableInvoker.lambda$invoke$0(ExecutableInvoker.java:105)
	org.junit.jupiter.engine.execution.InvocationInterceptorChain$InterceptedInvocation.proceed(InvocationInterceptorChain.java:106)
	org.junit.jupiter.engine.execution.InvocationInterceptorChain.proceed(InvocationInterceptorChain.java:64)
	org.junit.jupiter.engine.execution.InvocationInterceptorChain.chainAndInvoke(InvocationInterceptorChain.java:45)
	org.junit.jupiter.engine.execution.InvocationInterceptorChain.invoke(InvocationInterceptorChain.java:37)
	org.junit.jupiter.engine.execution.ExecutableInvoker.invoke(ExecutableInvoker.java:104)
	org.junit.jupiter.engine.execution.ExecutableInvoker.invoke(ExecutableInvoker.java:98)
	org.junit.jupiter.engine.descriptor.TestMethodTestDescriptor.lambda$invokeTestMethod$6(TestMethodTestDescriptor.java:212)
	org.junit.platform.engine.support.hierarchical.ThrowableCollector.execute(ThrowableCollector.java:73)
	org.junit.jupiter.engine.descriptor.TestMethodTestDescriptor.invokeTestMethod(TestMethodTestDescriptor.java:208)
	org.junit.jupiter.engine.descriptor.TestMethodTestDescriptor.execute(TestMethodTestDescriptor.java:137)
	org.junit.jupiter.engine.descriptor.TestMethodTestDescriptor.execute(TestMethodTestDescriptor.java:71)
	org.junit.platform.engine.support.hierarchical.NodeTestTask.lambda$executeRecursively$5(NodeTestTask.java:135)
	org.junit.platform.engine.support.hierarchical.ThrowableCollector.execute(ThrowableCollector.java:73)
	org.junit.platform.engine.support.hierarchical.NodeTestTask.lambda$executeRecursively$7(NodeTestTask.java:125)
	org.junit.platform.engine.support.hierarchical.Node.around(Node.java:135)
	org.junit.platform.engine.support.hierarchical.NodeTestTask.lambda$executeRecursively$8(NodeTestTask.java:123)
	org.junit.platform.engine.support.hierarchical.ThrowableCollector.execute(ThrowableCollector.java:73)
	org.junit.platform.engine.support.hierarchical.NodeTestTask.executeRecursively(NodeTestTask.java:122)
	org.junit.platform.engine.support.hierarchical.NodeTestTask.execute(NodeTestTask.java:80)
	java.util.ArrayList.forEach(ArrayList.java:1257)
	org.junit.platform.engine.support.hierarchical.SameThreadHierarchicalTestExecutorService.invokeAll(SameThreadHierarchicalTestExecutorService.java:38)
	org.junit.platform.engine.support.hierarchical.NodeTestTask.lambda$executeRecursively$5(NodeTestTask.java:139)
	org.junit.platform.engine.support.hierarchical.ThrowableCollector.execute(ThrowableCollector.java:73)
	org.junit.platform.engine.support.hierarchical.NodeTestTask.lambda$executeRecursively$7(NodeTestTask.java:125)
	org.junit.platform.engine.support.hierarchical.Node.around(Node.java:135)
	org.junit.platform.engine.support.hierarchical.NodeTestTask.lambda$executeRecursively$8(NodeTestTask.java:123)
	org.junit.platform.engine.support.hierarchical.ThrowableCollector.execute(ThrowableCollector.java:73)
	org.junit.platform.engine.support.hierarchical.NodeTestTask.executeRecursively(NodeTestTask.java:122)
	org.junit.platform.engine.support.hierarchical.NodeTestTask.execute(NodeTestTask.java:80)
	java.util.ArrayList.forEach(ArrayList.java:1257)
	org.junit.platform.engine.support.hierarchical.SameThreadHierarchicalTestExecutorService.invokeAll(SameThreadHierarchicalTestExecutorService.java:38)
	org.junit.platform.engine.support.hierarchical.NodeTestTask.lambda$executeRecursively$5(NodeTestTask.java:139)
	org.junit.platform.engine.support.hierarchical.ThrowableCollector.execute(ThrowableCollector.java:73)
	org.junit.platform.engine.support.hierarchical.NodeTestTask.lambda$executeRecursively$7(NodeTestTask.java:125)
	org.junit.platform.engine.support.hierarchical.Node.around(Node.java:135)
	org.junit.platform.engine.support.hierarchical.NodeTestTask.lambda$executeRecursively$8(NodeTestTask.java:123)
	org.junit.platform.engine.support.hierarchical.ThrowableCollector.execute(ThrowableCollector.java:73)
	org.junit.platform.engine.support.hierarchical.NodeTestTask.executeRecursively(NodeTestTask.java:122)
	org.junit.platform.engine.support.hierarchical.NodeTestTask.execute(NodeTestTask.java:80)
	org.junit.platform.engine.support.hierarchical.SameThreadHierarchicalTestExecutorService.submit(SameThreadHierarchicalTestExecutorService.java:32)
	org.junit.platform.engine.support.hierarchical.HierarchicalTestExecutor.execute(HierarchicalTestExecutor.java:57)
	org.junit.platform.engine.support.hierarchical.HierarchicalTestEngine.execute(HierarchicalTestEngine.java:51)
	org.junit.platform.launcher.core.DefaultLauncher.execute(DefaultLauncher.java:248)
	org.junit.platform.launcher.core.DefaultLauncher.lambda$execute$5(DefaultLauncher.java:211)
	org.junit.platform.launcher.core.DefaultLauncher.withInterceptedStreams(DefaultLauncher.java:226)
	org.junit.platform.launcher.core.DefaultLauncher.execute(DefaultLauncher.java:199)
	org.junit.platform.launcher.core.DefaultLauncher.execute(DefaultLauncher.java:132)
	org.gradle.api.internal.tasks.testing.junitplatform.JUnitPlatformTestClassProcessor$CollectAllTestClassesExecutor.processAllTestClasses(JUnitPlatformTestClassProcessor.java:102)
	org.gradle.api.internal.tasks.testing.junitplatform.JUnitPlatformTestClassProcessor$CollectAllTestClassesExecutor.access$000(JUnitPlatformTestClassProcessor.java:82)
	org.gradle.api.internal.tasks.testing.junitplatform.JUnitPlatformTestClassProcessor.stop(JUnitPlatformTestClassProcessor.java:78)
	org.gradle.api.internal.tasks.testing.SuiteTestClassProcessor.stop(SuiteTestClassProcessor.java:61)
	sun.reflect.NativeMethodAccessorImpl.invoke0(Native Method)
	sun.reflect.NativeMethodAccessorImpl.invoke(NativeMethodAccessorImpl.java:62)
	sun.reflect.DelegatingMethodAccessorImpl.invoke(DelegatingMethodAccessorImpl.java:43)
	java.lang.reflect.Method.invoke(Method.java:498)
	org.gradle.internal.dispatch.ReflectionDispatch.dispatch(ReflectionDispatch.java:36)
	org.gradle.internal.dispatch.ReflectionDispatch.dispatch(ReflectionDispatch.java:24)
	org.gradle.internal.dispatch.ContextClassLoaderDispatch.dispatch(ContextClassLoaderDispatch.java:33)
	org.gradle.internal.dispatch.ProxyDispatchAdapter$DispatchingInvocationHandler.invoke(ProxyDispatchAdapter.java:94)
	com.sun.proxy.$Proxy2.stop(Unknown Source)
	org.gradle.api.internal.tasks.testing.worker.TestWorker.stop(TestWorker.java:132)
	sun.reflect.NativeMethodAccessorImpl.invoke0(Native Method)
	sun.reflect.NativeMethodAccessorImpl.invoke(NativeMethodAccessorImpl.java:62)
	sun.reflect.DelegatingMethodAccessorImpl.invoke(DelegatingMethodAccessorImpl.java:43)
	java.lang.reflect.Method.invoke(Method.java:498)
	org.gradle.internal.dispatch.ReflectionDispatch.dispatch(ReflectionDispatch.java:36)
	org.gradle.internal.dispatch.ReflectionDispatch.dispatch(ReflectionDispatch.java:24)
	org.gradle.internal.remote.internal.hub.MessageHubBackedObjectConnection$DispatchWrapper.dispatch(MessageHubBackedObjectConnection.java:182)
	org.gradle.internal.remote.internal.hub.MessageHubBackedObjectConnection$DispatchWrapper.dispatch(MessageHubBackedObjectConnection.java:164)
	org.gradle.internal.remote.internal.hub.MessageHub$Handler.run(MessageHub.java:412)
	org.gradle.internal.concurrent.ExecutorPolicy$CatchAndRecordFailures.onExecute(ExecutorPolicy.java:64)
	org.gradle.internal.concurrent.ManagedExecutorImpl$1.run(ManagedExecutorImpl.java:48)
	java.util.concurrent.ThreadPoolExecutor.runWorker(ThreadPoolExecutor.java:1149)
	java.util.concurrent.ThreadPoolExecutor$Worker.run(ThreadPoolExecutor.java:624)
	org.gradle.internal.concurrent.ThreadFactoryImpl$ManagedThreadRunnable.run(ThreadFactoryImpl.java:56)
	java.lang.Thread.run(Thread.java:748)
#2:
	io.netty.buffer.AdvancedLeakAwareByteBuf.writeCharSequence(AdvancedLeakAwareByteBuf.java:892)
	io.rsocket.metadata.TaggingMetadataFlyweight.createTaggingContent(TaggingMetadataFlyweight.java:71)
	io.rsocket.metadata.TaggingMetadataFlyweight.createRoutingMetadata(TaggingMetadataFlyweight.java:30)
	org.springframework.messaging.rsocket.MetadataEncoder.encodeRoute(MetadataEncoder.java:224)
	org.springframework.messaging.rsocket.MetadataEncoder.encodeEntries(MetadataEncoder.java:208)
	org.springframework.messaging.rsocket.MetadataEncoder.lambda$encode$1(MetadataEncoder.java:180)
	reactor.core.publisher.MonoCallable.block(MonoCallable.java:81)
	reactor.core.publisher.MonoCallable.block(MonoCallable.java:74)
	org.springframework.messaging.rsocket.MetadataEncoderTests.routeWithRoutingMimeType(MetadataEncoderTests.java:113)
	sun.reflect.NativeMethodAccessorImpl.invoke0(Native Method)
	sun.reflect.NativeMethodAccessorImpl.invoke(NativeMethodAccessorImpl.java:62)
	sun.reflect.DelegatingMethodAccessorImpl.invoke(DelegatingMethodAccessorImpl.java:43)
	java.lang.reflect.Method.invoke(Method.java:498)
	org.junit.platform.commons.util.ReflectionUtils.invokeMethod(ReflectionUtils.java:686)
	org.junit.jupiter.engine.execution.MethodInvocation.proceed(MethodInvocation.java:60)
	org.junit.jupiter.engine.execution.InvocationInterceptorChain$ValidatingInvocation.proceed(InvocationInterceptorChain.java:131)
	org.junit.jupiter.engine.extension.TimeoutExtension.intercept(TimeoutExtension.java:149)
	org.junit.jupiter.engine.extension.TimeoutExtension.interceptTestableMethod(TimeoutExtension.java:140)
	org.junit.jupiter.engine.extension.TimeoutExtension.interceptTestMethod(TimeoutExtension.java:84)
	org.junit.jupiter.engine.execution.ExecutableInvoker$ReflectiveInterceptorCall.lambda$ofVoidMethod$0(ExecutableInvoker.java:115)
	org.junit.jupiter.engine.execution.ExecutableInvoker.lambda$invoke$0(ExecutableInvoker.java:105)
	org.junit.jupiter.engine.execution.InvocationInterceptorChain$InterceptedInvocation.proceed(InvocationInterceptorChain.java:106)
	org.junit.jupiter.engine.execution.InvocationInterceptorChain.proceed(InvocationInterceptorChain.java:64)
	org.junit.jupiter.engine.execution.InvocationInterceptorChain.chainAndInvoke(InvocationInterceptorChain.java:45)
	org.junit.jupiter.engine.execution.InvocationInterceptorChain.invoke(InvocationInterceptorChain.java:37)
	org.junit.jupiter.engine.execution.ExecutableInvoker.invoke(ExecutableInvoker.java:104)
	org.junit.jupiter.engine.execution.ExecutableInvoker.invoke(ExecutableInvoker.java:98)
	org.junit.jupiter.engine.descriptor.TestMethodTestDescriptor.lambda$invokeTestMethod$6(TestMethodTestDescriptor.java:212)
	org.junit.platform.engine.support.hierarchical.ThrowableCollector.execute(ThrowableCollector.java:73)
	org.junit.jupiter.engine.descriptor.TestMethodTestDescriptor.invokeTestMethod(TestMethodTestDescriptor.java:208)
	org.junit.jupiter.engine.descriptor.TestMethodTestDescriptor.execute(TestMethodTestDescriptor.java:137)
	org.junit.jupiter.engine.descriptor.TestMethodTestDescriptor.execute(TestMethodTestDescriptor.java:71)
	org.junit.platform.engine.support.hierarchical.NodeTestTask.lambda$executeRecursively$5(NodeTestTask.java:135)
	org.junit.platform.engine.support.hierarchical.ThrowableCollector.execute(ThrowableCollector.java:73)
	org.junit.platform.engine.support.hierarchical.NodeTestTask.lambda$executeRecursively$7(NodeTestTask.java:125)
	org.junit.platform.engine.support.hierarchical.Node.around(Node.java:135)
	org.junit.platform.engine.support.hierarchical.NodeTestTask.lambda$executeRecursively$8(NodeTestTask.java:123)
	org.junit.platform.engine.support.hierarchical.ThrowableCollector.execute(ThrowableCollector.java:73)
	org.junit.platform.engine.support.hierarchical.NodeTestTask.executeRecursively(NodeTestTask.java:122)
	org.junit.platform.engine.support.hierarchical.NodeTestTask.execute(NodeTestTask.java:80)
	java.util.ArrayList.forEach(ArrayList.java:1257)
	org.junit.platform.engine.support.hierarchical.SameThreadHierarchicalTestExecutorService.invokeAll(SameThreadHierarchicalTestExecutorService.java:38)
	org.junit.platform.engine.support.hierarchical.NodeTestTask.lambda$executeRecursively$5(NodeTestTask.java:139)
	org.junit.platform.engine.support.hierarchical.ThrowableCollector.execute(ThrowableCollector.java:73)
	org.junit.platform.engine.support.hierarchical.NodeTestTask.lambda$executeRecursively$7(NodeTestTask.java:125)
	org.junit.platform.engine.support.hierarchical.Node.around(Node.java:135)
	org.junit.platform.engine.support.hierarchical.NodeTestTask.lambda$executeRecursively$8(NodeTestTask.java:123)
	org.junit.platform.engine.support.hierarchical.ThrowableCollector.execute(ThrowableCollector.java:73)
	org.junit.platform.engine.support.hierarchical.NodeTestTask.executeRecursively(NodeTestTask.java:122)
	org.junit.platform.engine.support.hierarchical.NodeTestTask.execute(NodeTestTask.java:80)
	java.util.ArrayList.forEach(ArrayList.java:1257)
	org.junit.platform.engine.support.hierarchical.SameThreadHierarchicalTestExecutorService.invokeAll(SameThreadHierarchicalTestExecutorService.java:38)
	org.junit.platform.engine.support.hierarchical.NodeTestTask.lambda$executeRecursively$5(NodeTestTask.java:139)
	org.junit.platform.engine.support.hierarchical.ThrowableCollector.execute(ThrowableCollector.java:73)
	org.junit.platform.engine.support.hierarchical.NodeTestTask.lambda$executeRecursively$7(NodeTestTask.java:125)
	org.junit.platform.engine.support.hierarchical.Node.around(Node.java:135)
	org.junit.platform.engine.support.hierarchical.NodeTestTask.lambda$executeRecursively$8(NodeTestTask.java:123)
	org.junit.platform.engine.support.hierarchical.ThrowableCollector.execute(ThrowableCollector.java:73)
	org.junit.platform.engine.support.hierarchical.NodeTestTask.executeRecursively(NodeTestTask.java:122)
	org.junit.platform.engine.support.hierarchical.NodeTestTask.execute(NodeTestTask.java:80)
	org.junit.platform.engine.support.hierarchical.SameThreadHierarchicalTestExecutorService.submit(SameThreadHierarchicalTestExecutorService.java:32)
	org.junit.platform.engine.support.hierarchical.HierarchicalTestExecutor.execute(HierarchicalTestExecutor.java:57)
	org.junit.platform.engine.support.hierarchical.HierarchicalTestEngine.execute(HierarchicalTestEngine.java:51)
	org.junit.platform.launcher.core.DefaultLauncher.execute(DefaultLauncher.java:248)
	org.junit.platform.launcher.core.DefaultLauncher.lambda$execute$5(DefaultLauncher.java:211)
	org.junit.platform.launcher.core.DefaultLauncher.withInterceptedStreams(DefaultLauncher.java:226)
	org.junit.platform.launcher.core.DefaultLauncher.execute(DefaultLauncher.java:199)
	org.junit.platform.launcher.core.DefaultLauncher.execute(DefaultLauncher.java:132)
	org.gradle.api.internal.tasks.testing.junitplatform.JUnitPlatformTestClassProcessor$CollectAllTestClassesExecutor.processAllTestClasses(JUnitPlatformTestClassProcessor.java:102)
	org.gradle.api.internal.tasks.testing.junitplatform.JUnitPlatformTestClassProcessor$CollectAllTestClassesExecutor.access$000(JUnitPlatformTestClassProcessor.java:82)
	org.gradle.api.internal.tasks.testing.junitplatform.JUnitPlatformTestClassProcessor.stop(JUnitPlatformTestClassProcessor.java:78)
	org.gradle.api.internal.tasks.testing.SuiteTestClassProcessor.stop(SuiteTestClassProcessor.java:61)
	sun.reflect.NativeMethodAccessorImpl.invoke0(Native Method)
	sun.reflect.NativeMethodAccessorImpl.invoke(NativeMethodAccessorImpl.java:62)
	sun.reflect.DelegatingMethodAccessorImpl.invoke(DelegatingMethodAccessorImpl.java:43)
	java.lang.reflect.Method.invoke(Method.java:498)
	org.gradle.internal.dispatch.ReflectionDispatch.dispatch(ReflectionDispatch.java:36)
	org.gradle.internal.dispatch.ReflectionDispatch.dispatch(ReflectionDispatch.java:24)
	org.gradle.internal.dispatch.ContextClassLoaderDispatch.dispatch(ContextClassLoaderDispatch.java:33)
	org.gradle.internal.dispatch.ProxyDispatchAdapter$DispatchingInvocationHandler.invoke(ProxyDispatchAdapter.java:94)
	com.sun.proxy.$Proxy2.stop(Unknown Source)
	org.gradle.api.internal.tasks.testing.worker.TestWorker.stop(TestWorker.java:132)
	sun.reflect.NativeMethodAccessorImpl.invoke0(Native Method)
	sun.reflect.NativeMethodAccessorImpl.invoke(NativeMethodAccessorImpl.java:62)
	sun.reflect.DelegatingMethodAccessorImpl.invoke(DelegatingMethodAccessorImpl.java:43)
	java.lang.reflect.Method.invoke(Method.java:498)
	org.gradle.internal.dispatch.ReflectionDispatch.dispatch(ReflectionDispatch.java:36)
	org.gradle.internal.dispatch.ReflectionDispatch.dispatch(ReflectionDispatch.java:24)
	org.gradle.internal.remote.internal.hub.MessageHubBackedObjectConnection$DispatchWrapper.dispatch(MessageHubBackedObjectConnection.java:182)
	org.gradle.internal.remote.internal.hub.MessageHubBackedObjectConnection$DispatchWrapper.dispatch(MessageHubBackedObjectConnection.java:164)
	org.gradle.internal.remote.internal.hub.MessageHub$Handler.run(MessageHub.java:412)
	org.gradle.internal.concurrent.ExecutorPolicy$CatchAndRecordFailures.onExecute(ExecutorPolicy.java:64)
	org.gradle.internal.concurrent.ManagedExecutorImpl$1.run(ManagedExecutorImpl.java:48)
	java.util.concurrent.ThreadPoolExecutor.runWorker(ThreadPoolExecutor.java:1149)
	java.util.concurrent.ThreadPoolExecutor$Worker.run(ThreadPoolExecutor.java:624)
	org.gradle.internal.concurrent.ThreadFactoryImpl$ManagedThreadRunnable.run(ThreadFactoryImpl.java:56)
	java.lang.Thread.run(Thread.java:748)
#3:
	io.netty.buffer.AdvancedLeakAwareByteBuf.writeByte(AdvancedLeakAwareByteBuf.java:544)
	io.rsocket.metadata.TaggingMetadataFlyweight.createTaggingContent(TaggingMetadataFlyweight.java:70)
	io.rsocket.metadata.TaggingMetadataFlyweight.createRoutingMetadata(TaggingMetadataFlyweight.java:30)
	org.springframework.messaging.rsocket.MetadataEncoder.encodeRoute(MetadataEncoder.java:224)
	org.springframework.messaging.rsocket.MetadataEncoder.encodeEntries(MetadataEncoder.java:208)
	org.springframework.messaging.rsocket.MetadataEncoder.lambda$encode$1(MetadataEncoder.java:180)
	reactor.core.publisher.MonoCallable.block(MonoCallable.java:81)
	reactor.core.publisher.MonoCallable.block(MonoCallable.java:74)
	org.springframework.messaging.rsocket.MetadataEncoderTests.routeWithRoutingMimeType(MetadataEncoderTests.java:113)
	sun.reflect.NativeMethodAccessorImpl.invoke0(Native Method)
	sun.reflect.NativeMethodAccessorImpl.invoke(NativeMethodAccessorImpl.java:62)
	sun.reflect.DelegatingMethodAccessorImpl.invoke(DelegatingMethodAccessorImpl.java:43)
	java.lang.reflect.Method.invoke(Method.java:498)
	org.junit.platform.commons.util.ReflectionUtils.invokeMethod(ReflectionUtils.java:686)
	org.junit.jupiter.engine.execution.MethodInvocation.proceed(MethodInvocation.java:60)
	org.junit.jupiter.engine.execution.InvocationInterceptorChain$ValidatingInvocation.proceed(InvocationInterceptorChain.java:131)
	org.junit.jupiter.engine.extension.TimeoutExtension.intercept(TimeoutExtension.java:149)
	org.junit.jupiter.engine.extension.TimeoutExtension.interceptTestableMethod(TimeoutExtension.java:140)
	org.junit.jupiter.engine.extension.TimeoutExtension.interceptTestMethod(TimeoutExtension.java:84)
	org.junit.jupiter.engine.execution.ExecutableInvoker$ReflectiveInterceptorCall.lambda$ofVoidMethod$0(ExecutableInvoker.java:115)
	org.junit.jupiter.engine.execution.ExecutableInvoker.lambda$invoke$0(ExecutableInvoker.java:105)
	org.junit.jupiter.engine.execution.InvocationInterceptorChain$InterceptedInvocation.proceed(InvocationInterceptorChain.java:106)
	org.junit.jupiter.engine.execution.InvocationInterceptorChain.proceed(InvocationInterceptorChain.java:64)
	org.junit.jupiter.engine.execution.InvocationInterceptorChain.chainAndInvoke(InvocationInterceptorChain.java:45)
	org.junit.jupiter.engine.execution.InvocationInterceptorChain.invoke(InvocationInterceptorChain.java:37)
	org.junit.jupiter.engine.execution.ExecutableInvoker.invoke(ExecutableInvoker.java:104)
	org.junit.jupiter.engine.execution.ExecutableInvoker.invoke(ExecutableInvoker.java:98)
	org.junit.jupiter.engine.descriptor.TestMethodTestDescriptor.lambda$invokeTestMethod$6(TestMethodTestDescriptor.java:212)
	org.junit.platform.engine.support.hierarchical.ThrowableCollector.execute(ThrowableCollector.java:73)
	org.junit.jupiter.engine.descriptor.TestMethodTestDescriptor.invokeTestMethod(TestMethodTestDescriptor.java:208)
	org.junit.jupiter.engine.descriptor.TestMethodTestDescriptor.execute(TestMethodTestDescriptor.java:137)
	org.junit.jupiter.engine.descriptor.TestMethodTestDescriptor.execute(TestMethodTestDescriptor.java:71)
	org.junit.platform.engine.support.hierarchical.NodeTestTask.lambda$executeRecursively$5(NodeTestTask.java:135)
	org.junit.platform.engine.support.hierarchical.ThrowableCollector.execute(ThrowableCollector.java:73)
	org.junit.platform.engine.support.hierarchical.NodeTestTask.lambda$executeRecursively$7(NodeTestTask.java:125)
	org.junit.platform.engine.support.hierarchical.Node.around(Node.java:135)
	org.junit.platform.engine.support.hierarchical.NodeTestTask.lambda$executeRecursively$8(NodeTestTask.java:123)
	org.junit.platform.engine.support.hierarchical.ThrowableCollector.execute(ThrowableCollector.java:73)
	org.junit.platform.engine.support.hierarchical.NodeTestTask.executeRecursively(NodeTestTask.java:122)
	org.junit.platform.engine.support.hierarchical.NodeTestTask.execute(NodeTestTask.java:80)
	java.util.ArrayList.forEach(ArrayList.java:1257)
	org.junit.platform.engine.support.hierarchical.SameThreadHierarchicalTestExecutorService.invokeAll(SameThreadHierarchicalTestExecutorService.java:38)
	org.junit.platform.engine.support.hierarchical.NodeTestTask.lambda$executeRecursively$5(NodeTestTask.java:139)
	org.junit.platform.engine.support.hierarchical.ThrowableCollector.execute(ThrowableCollector.java:73)
	org.junit.platform.engine.support.hierarchical.NodeTestTask.lambda$executeRecursively$7(NodeTestTask.java:125)
	org.junit.platform.engine.support.hierarchical.Node.around(Node.java:135)
	org.junit.platform.engine.support.hierarchical.NodeTestTask.lambda$executeRecursively$8(NodeTestTask.java:123)
	org.junit.platform.engine.support.hierarchical.ThrowableCollector.execute(ThrowableCollector.java:73)
	org.junit.platform.engine.support.hierarchical.NodeTestTask.executeRecursively(NodeTestTask.java:122)
	org.junit.platform.engine.support.hierarchical.NodeTestTask.execute(NodeTestTask.java:80)
	java.util.ArrayList.forEach(ArrayList.java:1257)
	org.junit.platform.engine.support.hierarchical.SameThreadHierarchicalTestExecutorService.invokeAll(SameThreadHierarchicalTestExecutorService.java:38)
	org.junit.platform.engine.support.hierarchical.NodeTestTask.lambda$executeRecursively$5(NodeTestTask.java:139)
	org.junit.platform.engine.support.hierarchical.ThrowableCollector.execute(ThrowableCollector.java:73)
	org.junit.platform.engine.support.hierarchical.NodeTestTask.lambda$executeRecursively$7(NodeTestTask.java:125)
	org.junit.platform.engine.support.hierarchical.Node.around(Node.java:135)
	org.junit.platform.engine.support.hierarchical.NodeTestTask.lambda$executeRecursively$8(NodeTestTask.java:123)
	org.junit.platform.engine.support.hierarchical.ThrowableCollector.execute(ThrowableCollector.java:73)
	org.junit.platform.engine.support.hierarchical.NodeTestTask.executeRecursively(NodeTestTask.java:122)
	org.junit.platform.engine.support.hierarchical.NodeTestTask.execute(NodeTestTask.java:80)
	org.junit.platform.engine.support.hierarchical.SameThreadHierarchicalTestExecutorService.submit(SameThreadHierarchicalTestExecutorService.java:32)
	org.junit.platform.engine.support.hierarchical.HierarchicalTestExecutor.execute(HierarchicalTestExecutor.java:57)
	org.junit.platform.engine.support.hierarchical.HierarchicalTestEngine.execute(HierarchicalTestEngine.java:51)
	org.junit.platform.launcher.core.DefaultLauncher.execute(DefaultLauncher.java:248)
	org.junit.platform.launcher.core.DefaultLauncher.lambda$execute$5(DefaultLauncher.java:211)
	org.junit.platform.launcher.core.DefaultLauncher.withInterceptedStreams(DefaultLauncher.java:226)
	org.junit.platform.launcher.core.DefaultLauncher.execute(DefaultLauncher.java:199)
	org.junit.platform.launcher.core.DefaultLauncher.execute(DefaultLauncher.java:132)
	org.gradle.api.internal.tasks.testing.junitplatform.JUnitPlatformTestClassProcessor$CollectAllTestClassesExecutor.processAllTestClasses(JUnitPlatformTestClassProcessor.java:102)
	org.gradle.api.internal.tasks.testing.junitplatform.JUnitPlatformTestClassProcessor$CollectAllTestClassesExecutor.access$000(JUnitPlatformTestClassProcessor.java:82)
	org.gradle.api.internal.tasks.testing.junitplatform.JUnitPlatformTestClassProcessor.stop(JUnitPlatformTestClassProcessor.java:78)
	org.gradle.api.internal.tasks.testing.SuiteTestClassProcessor.stop(SuiteTestClassProcessor.java:61)
	sun.reflect.NativeMethodAccessorImpl.invoke0(Native Method)
	sun.reflect.NativeMethodAccessorImpl.invoke(NativeMethodAccessorImpl.java:62)
	sun.reflect.DelegatingMethodAccessorImpl.invoke(DelegatingMethodAccessorImpl.java:43)
	java.lang.reflect.Method.invoke(Method.java:498)
	org.gradle.internal.dispatch.ReflectionDispatch.dispatch(ReflectionDispatch.java:36)
	org.gradle.internal.dispatch.ReflectionDispatch.dispatch(ReflectionDispatch.java:24)
	org.gradle.internal.dispatch.ContextClassLoaderDispatch.dispatch(ContextClassLoaderDispatch.java:33)
	org.gradle.internal.dispatch.ProxyDispatchAdapter$DispatchingInvocationHandler.invoke(ProxyDispatchAdapter.java:94)
	com.sun.proxy.$Proxy2.stop(Unknown Source)
	org.gradle.api.internal.tasks.testing.worker.TestWorker.stop(TestWorker.java:132)
	sun.reflect.NativeMethodAccessorImpl.invoke0(Native Method)
	sun.reflect.NativeMethodAccessorImpl.invoke(NativeMethodAccessorImpl.java:62)
	sun.reflect.DelegatingMethodAccessorImpl.invoke(DelegatingMethodAccessorImpl.java:43)
	java.lang.reflect.Method.invoke(Method.java:498)
	org.gradle.internal.dispatch.ReflectionDispatch.dispatch(ReflectionDispatch.java:36)
	org.gradle.internal.dispatch.ReflectionDispatch.dispatch(ReflectionDispatch.java:24)
	org.gradle.internal.remote.internal.hub.MessageHubBackedObjectConnection$DispatchWrapper.dispatch(MessageHubBackedObjectConnection.java:182)
	org.gradle.internal.remote.internal.hub.MessageHubBackedObjectConnection$DispatchWrapper.dispatch(MessageHubBackedObjectConnection.java:164)
	org.gradle.internal.remote.internal.hub.MessageHub$Handler.run(MessageHub.java:412)
	org.gradle.internal.concurrent.ExecutorPolicy$CatchAndRecordFailures.onExecute(ExecutorPolicy.java:64)
	org.gradle.internal.concurrent.ManagedExecutorImpl$1.run(ManagedExecutorImpl.java:48)
	java.util.concurrent.ThreadPoolExecutor.runWorker(ThreadPoolExecutor.java:1149)
	java.util.concurrent.ThreadPoolExecutor$Worker.run(ThreadPoolExecutor.java:624)
	org.gradle.internal.concurrent.ThreadFactoryImpl$ManagedThreadRunnable.run(ThreadFactoryImpl.java:56)
	java.lang.Thread.run(Thread.java:748)
Created at:
	io.netty.buffer.PooledByteBufAllocator.newDirectBuffer(PooledByteBufAllocator.java:363)
	io.netty.buffer.AbstractByteBufAllocator.directBuffer(AbstractByteBufAllocator.java:187)
	io.netty.buffer.AbstractByteBufAllocator.directBuffer(AbstractByteBufAllocator.java:173)
	io.netty.buffer.AbstractByteBufAllocator.buffer(AbstractByteBufAllocator.java:107)
	io.rsocket.metadata.TaggingMetadataFlyweight.createTaggingContent(TaggingMetadataFlyweight.java:70)
	io.rsocket.metadata.TaggingMetadataFlyweight.createRoutingMetadata(TaggingMetadataFlyweight.java:30)
	org.springframework.messaging.rsocket.MetadataEncoder.encodeRoute(MetadataEncoder.java:224)
	org.springframework.messaging.rsocket.MetadataEncoder.encodeEntries(MetadataEncoder.java:208)
	org.springframework.messaging.rsocket.MetadataEncoder.lambda$encode$1(MetadataEncoder.java:180)
	reactor.core.publisher.MonoCallable.block(MonoCallable.java:81)
	reactor.core.publisher.MonoCallable.block(MonoCallable.java:74)
	org.springframework.messaging.rsocket.MetadataEncoderTests.routeWithRoutingMimeType(MetadataEncoderTests.java:113)
	sun.reflect.NativeMethodAccessorImpl.invoke0(Native Method)
	sun.reflect.NativeMethodAccessorImpl.invoke(NativeMethodAccessorImpl.java:62)
	sun.reflect.DelegatingMethodAccessorImpl.invoke(DelegatingMethodAccessorImpl.java:43)
	java.lang.reflect.Method.invoke(Method.java:498)
	org.junit.platform.commons.util.ReflectionUtils.invokeMethod(ReflectionUtils.java:686)
	org.junit.jupiter.engine.execution.MethodInvocation.proceed(MethodInvocation.java:60)
	org.junit.jupiter.engine.execution.InvocationInterceptorChain$ValidatingInvocation.proceed(InvocationInterceptorChain.java:131)
	org.junit.jupiter.engine.extension.TimeoutExtension.intercept(TimeoutExtension.java:149)
	org.junit.jupiter.engine.extension.TimeoutExtension.interceptTestableMethod(TimeoutExtension.java:140)
	org.junit.jupiter.engine.extension.TimeoutExtension.interceptTestMethod(TimeoutExtension.java:84)
	org.junit.jupiter.engine.execution.ExecutableInvoker$ReflectiveInterceptorCall.lambda$ofVoidMethod$0(ExecutableInvoker.java:115)
	org.junit.jupiter.engine.execution.ExecutableInvoker.lambda$invoke$0(ExecutableInvoker.java:105)
	org.junit.jupiter.engine.execution.InvocationInterceptorChain$InterceptedInvocation.proceed(InvocationInterceptorChain.java:106)
	org.junit.jupiter.engine.execution.InvocationInterceptorChain.proceed(InvocationInterceptorChain.java:64)
	org.junit.jupiter.engine.execution.InvocationInterceptorChain.chainAndInvoke(InvocationInterceptorChain.java:45)
	org.junit.jupiter.engine.execution.InvocationInterceptorChain.invoke(InvocationInterceptorChain.java:37)
	org.junit.jupiter.engine.execution.ExecutableInvoker.invoke(ExecutableInvoker.java:104)
	org.junit.jupiter.engine.execution.ExecutableInvoker.invoke(ExecutableInvoker.java:98)
	org.junit.jupiter.engine.descriptor.TestMethodTestDescriptor.lambda$invokeTestMethod$6(TestMethodTestDescriptor.java:212)
	org.junit.platform.engine.support.hierarchical.ThrowableCollector.execute(ThrowableCollector.java:73)
	org.junit.jupiter.engine.descriptor.TestMethodTestDescriptor.invokeTestMethod(TestMethodTestDescriptor.java:208)
	org.junit.jupiter.engine.descriptor.TestMethodTestDescriptor.execute(TestMethodTestDescriptor.java:137)
	org.junit.jupiter.engine.descriptor.TestMethodTestDescriptor.execute(TestMethodTestDescriptor.java:71)
	org.junit.platform.engine.support.hierarchical.NodeTestTask.lambda$executeRecursively$5(NodeTestTask.java:135)
	org.junit.platform.engine.support.hierarchical.ThrowableCollector.execute(ThrowableCollector.java:73)
	org.junit.platform.engine.support.hierarchical.NodeTestTask.lambda$executeRecursively$7(NodeTestTask.java:125)
	org.junit.platform.engine.support.hierarchical.Node.around(Node.java:135)
	org.junit.platform.engine.support.hierarchical.NodeTestTask.lambda$executeRecursively$8(NodeTestTask.java:123)
	org.junit.platform.engine.support.hierarchical.ThrowableCollector.execute(ThrowableCollector.java:73)
	org.junit.platform.engine.support.hierarchical.NodeTestTask.executeRecursively(NodeTestTask.java:122)
	org.junit.platform.engine.support.hierarchical.NodeTestTask.execute(NodeTestTask.java:80)
	java.util.ArrayList.forEach(ArrayList.java:1257)
	org.junit.platform.engine.support.hierarchical.SameThreadHierarchicalTestExecutorService.invokeAll(SameThreadHierarchicalTestExecutorService.java:38)
	org.junit.platform.engine.support.hierarchical.NodeTestTask.lambda$executeRecursively$5(NodeTestTask.java:139)
	org.junit.platform.engine.support.hierarchical.ThrowableCollector.execute(ThrowableCollector.java:73)
	org.junit.platform.engine.support.hierarchical.NodeTestTask.lambda$executeRecursively$7(NodeTestTask.java:125)
	org.junit.platform.engine.support.hierarchical.Node.around(Node.java:135)
	org.junit.platform.engine.support.hierarchical.NodeTestTask.lambda$executeRecursively$8(NodeTestTask.java:123)
	org.junit.platform.engine.support.hierarchical.ThrowableCollector.execute(ThrowableCollector.java:73)
	org.junit.platform.engine.support.hierarchical.NodeTestTask.executeRecursively(NodeTestTask.java:122)
	org.junit.platform.engine.support.hierarchical.NodeTestTask.execute(NodeTestTask.java:80)
	java.util.ArrayList.forEach(ArrayList.java:1257)
	org.junit.platform.engine.support.hierarchical.SameThreadHierarchicalTestExecutorService.invokeAll(SameThreadHierarchicalTestExecutorService.java:38)
	org.junit.platform.engine.support.hierarchical.NodeTestTask.lambda$executeRecursively$5(NodeTestTask.java:139)
	org.junit.platform.engine.support.hierarchical.ThrowableCollector.execute(ThrowableCollector.java:73)
	org.junit.platform.engine.support.hierarchical.NodeTestTask.lambda$executeRecursively$7(NodeTestTask.java:125)
	org.junit.platform.engine.support.hierarchical.Node.around(Node.java:135)
	org.junit.platform.engine.support.hierarchical.NodeTestTask.lambda$executeRecursively$8(NodeTestTask.java:123)
	org.junit.platform.engine.support.hierarchical.ThrowableCollector.execute(ThrowableCollector.java:73)
	org.junit.platform.engine.support.hierarchical.NodeTestTask.executeRecursively(NodeTestTask.java:122)
	org.junit.platform.engine.support.hierarchical.NodeTestTask.execute(NodeTestTask.java:80)
	org.junit.platform.engine.support.hierarchical.SameThreadHierarchicalTestExecutorService.submit(SameThreadHierarchicalTestExecutorService.java:32)
	org.junit.platform.engine.support.hierarchical.HierarchicalTestExecutor.execute(HierarchicalTestExecutor.java:57)
	org.junit.platform.engine.support.hierarchical.HierarchicalTestEngine.execute(HierarchicalTestEngine.java:51)
	org.junit.platform.launcher.core.DefaultLauncher.execute(DefaultLauncher.java:248)
	org.junit.platform.launcher.core.DefaultLauncher.lambda$execute$5(DefaultLauncher.java:211)
	org.junit.platform.launcher.core.DefaultLauncher.withInterceptedStreams(DefaultLauncher.java:226)
	org.junit.platform.launcher.core.DefaultLauncher.execute(DefaultLauncher.java:199)
	org.junit.platform.launcher.core.DefaultLauncher.execute(DefaultLauncher.java:132)
	org.gradle.api.internal.tasks.testing.junitplatform.JUnitPlatformTestClassProcessor$CollectAllTestClassesExecutor.processAllTestClasses(JUnitPlatformTestClassProcessor.java:102)
	org.gradle.api.internal.tasks.testing.junitplatform.JUnitPlatformTestClassProcessor$CollectAllTestClassesExecutor.access$000(JUnitPlatformTestClassProcessor.java:82)
	org.gradle.api.internal.tasks.testing.junitplatform.JUnitPlatformTestClassProcessor.stop(JUnitPlatformTestClassProcessor.java:78)
	org.gradle.api.internal.tasks.testing.SuiteTestClassProcessor.stop(SuiteTestClassProcessor.java:61)
	sun.reflect.NativeMethodAccessorImpl.invoke0(Native Method)
	sun.reflect.NativeMethodAccessorImpl.invoke(NativeMethodAccessorImpl.java:62)
	sun.reflect.DelegatingMethodAccessorImpl.invoke(DelegatingMethodAccessorImpl.java:43)
	java.lang.reflect.Method.invoke(Method.java:498)
	org.gradle.internal.dispatch.ReflectionDispatch.dispatch(ReflectionDispatch.java:36)
	org.gradle.internal.dispatch.ReflectionDispatch.dispatch(ReflectionDispatch.java:24)
	org.gradle.internal.dispatch.ContextClassLoaderDispatch.dispatch(ContextClassLoaderDispatch.java:33)
	org.gradle.internal.dispatch.ProxyDispatchAdapter$DispatchingInvocationHandler.invoke(ProxyDispatchAdapter.java:94)
	com.sun.proxy.$Proxy2.stop(Unknown Source)
	org.gradle.api.internal.tasks.testing.worker.TestWorker.stop(TestWorker.java:132)
	sun.reflect.NativeMethodAccessorImpl.invoke0(Native Method)
	sun.reflect.NativeMethodAccessorImpl.invoke(NativeMethodAccessorImpl.java:62)
	sun.reflect.DelegatingMethodAccessorImpl.invoke(DelegatingMethodAccessorImpl.java:43)
	java.lang.reflect.Method.invoke(Method.java:498)
	org.gradle.internal.dispatch.ReflectionDispatch.dispatch(ReflectionDispatch.java:36)
	org.gradle.internal.dispatch.ReflectionDispatch.dispatch(ReflectionDispatch.java:24)
	org.gradle.internal.remote.internal.hub.MessageHubBackedObjectConnection$DispatchWrapper.dispatch(MessageHubBackedObjectConnection.java:182)
	org.gradle.internal.remote.internal.hub.MessageHubBackedObjectConnection$DispatchWrapper.dispatch(MessageHubBackedObjectConnection.java:164)
	org.gradle.internal.remote.internal.hub.MessageHub$Handler.run(MessageHub.java:412)
	org.gradle.internal.concurrent.ExecutorPolicy$CatchAndRecordFailures.onExecute(ExecutorPolicy.java:64)
	org.gradle.internal.concurrent.ManagedExecutorImpl$1.run(ManagedExecutorImpl.java:48)
	java.util.concurrent.ThreadPoolExecutor.runWorker(ThreadPoolExecutor.java:1149)
	java.util.concurrent.ThreadPoolExecutor$Worker.run(ThreadPoolExecutor.java:624)
	org.gradle.internal.concurrent.ThreadFactoryImpl$ManagedThreadRunnable.run(ThreadFactoryImpl.java:56)
	java.lang.Thread.run(Thread.java:748)
22:22:58.618 [Test worker] ERROR i.n.u.ResourceLeakDetector - LEAK: ByteBuf.release() was not called before it's garbage-collected. See https://netty.io/wiki/reference-counted-objects.html for more information.
Recent access records: 
#1:
	io.netty.buffer.AdvancedLeakAwareByteBuf.toString(AdvancedLeakAwareByteBuf.java:742)
	io.rsocket.Payload.getDataUtf8(Payload.java:102)
	java.util.stream.ReferencePipeline$3$1.accept(ReferencePipeline.java:193)
	java.util.ArrayList$ArrayListSpliterator.forEachRemaining(ArrayList.java:1382)
	java.util.stream.AbstractPipeline.copyInto(AbstractPipeline.java:481)
	java.util.stream.AbstractPipeline.wrapAndCopyInto(AbstractPipeline.java:471)
	java.util.stream.AbstractPipeline.evaluate(AbstractPipeline.java:545)
	java.util.stream.AbstractPipeline.evaluateToArrayNode(AbstractPipeline.java:260)
	java.util.stream.ReferencePipeline.toArray(ReferencePipeline.java:438)
	org.springframework.messaging.rsocket.DefaultRSocketRequesterTests.testSendFlux(DefaultRSocketRequesterTests.java:134)
	org.springframework.messaging.rsocket.DefaultRSocketRequesterTests.sendFlux(DefaultRSocketRequesterTests.java:114)
	sun.reflect.NativeMethodAccessorImpl.invoke0(Native Method)
	sun.reflect.NativeMethodAccessorImpl.invoke(NativeMethodAccessorImpl.java:62)
	sun.reflect.DelegatingMethodAccessorImpl.invoke(DelegatingMethodAccessorImpl.java:43)
	java.lang.reflect.Method.invoke(Method.java:498)
	org.junit.platform.commons.util.ReflectionUtils.invokeMethod(ReflectionUtils.java:686)
	org.junit.jupiter.engine.execution.MethodInvocation.proceed(MethodInvocation.java:60)
	org.junit.jupiter.engine.execution.InvocationInterceptorChain$ValidatingInvocation.proceed(InvocationInterceptorChain.java:131)
	org.junit.jupiter.engine.extension.TimeoutExtension.intercept(TimeoutExtension.java:149)
	org.junit.jupiter.engine.extension.TimeoutExtension.interceptTestableMethod(TimeoutExtension.java:140)
	org.junit.jupiter.engine.extension.TimeoutExtension.interceptTestMethod(TimeoutExtension.java:84)
	org.junit.jupiter.engine.execution.ExecutableInvoker$ReflectiveInterceptorCall.lambda$ofVoidMethod$0(ExecutableInvoker.java:115)
	org.junit.jupiter.engine.execution.ExecutableInvoker.lambda$invoke$0(ExecutableInvoker.java:105)
	org.junit.jupiter.engine.execution.InvocationInterceptorChain$InterceptedInvocation.proceed(InvocationInterceptorChain.java:106)
	org.junit.jupiter.engine.execution.InvocationInterceptorChain.proceed(InvocationInterceptorChain.java:64)
	org.junit.jupiter.engine.execution.InvocationInterceptorChain.chainAndInvoke(InvocationInterceptorChain.java:45)
	org.junit.jupiter.engine.execution.InvocationInterceptorChain.invoke(InvocationInterceptorChain.java:37)
	org.junit.jupiter.engine.execution.ExecutableInvoker.invoke(ExecutableInvoker.java:104)
	org.junit.jupiter.engine.execution.ExecutableInvoker.invoke(ExecutableInvoker.java:98)
	org.junit.jupiter.engine.descriptor.TestMethodTestDescriptor.lambda$invokeTestMethod$6(TestMethodTestDescriptor.java:212)
	org.junit.platform.engine.support.hierarchical.ThrowableCollector.execute(ThrowableCollector.java:73)
	org.junit.jupiter.engine.descriptor.TestMethodTestDescriptor.invokeTestMethod(TestMethodTestDescriptor.java:208)
	org.junit.jupiter.engine.descriptor.TestMethodTestDescriptor.execute(TestMethodTestDescriptor.java:137)
	org.junit.jupiter.engine.descriptor.TestMethodTestDescriptor.execute(TestMethodTestDescriptor.java:71)
	org.junit.platform.engine.support.hierarchical.NodeTestTask.lambda$executeRecursively$5(NodeTestTask.java:135)
	org.junit.platform.engine.support.hierarchical.ThrowableCollector.execute(ThrowableCollector.java:73)
	org.junit.platform.engine.support.hierarchical.NodeTestTask.lambda$executeRecursively$7(NodeTestTask.java:125)
	org.junit.platform.engine.support.hierarchical.Node.around(Node.java:135)
	org.junit.platform.engine.support.hierarchical.NodeTestTask.lambda$executeRecursively$8(NodeTestTask.java:123)
	org.junit.platform.engine.support.hierarchical.ThrowableCollector.execute(ThrowableCollector.java:73)
	org.junit.platform.engine.support.hierarchical.NodeTestTask.executeRecursively(NodeTestTask.java:122)
	org.junit.platform.engine.support.hierarchical.NodeTestTask.execute(NodeTestTask.java:80)
	java.util.ArrayList.forEach(ArrayList.java:1257)
	org.junit.platform.engine.support.hierarchical.SameThreadHierarchicalTestExecutorService.invokeAll(SameThreadHierarchicalTestExecutorService.java:38)
	org.junit.platform.engine.support.hierarchical.NodeTestTask.lambda$executeRecursively$5(NodeTestTask.java:139)
	org.junit.platform.engine.support.hierarchical.ThrowableCollector.execute(ThrowableCollector.java:73)
	org.junit.platform.engine.support.hierarchical.NodeTestTask.lambda$executeRecursively$7(NodeTestTask.java:125)
	org.junit.platform.engine.support.hierarchical.Node.around(Node.java:135)
	org.junit.platform.engine.support.hierarchical.NodeTestTask.lambda$executeRecursively$8(NodeTestTask.java:123)
	org.junit.platform.engine.support.hierarchical.ThrowableCollector.execute(ThrowableCollector.java:73)
	org.junit.platform.engine.support.hierarchical.NodeTestTask.executeRecursively(NodeTestTask.java:122)
	org.junit.platform.engine.support.hierarchical.NodeTestTask.execute(NodeTestTask.java:80)
	java.util.ArrayList.forEach(ArrayList.java:1257)
	org.junit.platform.engine.support.hierarchical.SameThreadHierarchicalTestExecutorService.invokeAll(SameThreadHierarchicalTestExecutorService.java:38)
	org.junit.platform.engine.support.hierarchical.NodeTestTask.lambda$executeRecursively$5(NodeTestTask.java:139)
	org.junit.platform.engine.support.hierarchical.ThrowableCollector.execute(ThrowableCollector.java:73)
	org.junit.platform.engine.support.hierarchical.NodeTestTask.lambda$executeRecursively$7(NodeTestTask.java:125)
	org.junit.platform.engine.support.hierarchical.Node.around(Node.java:135)
	org.junit.platform.engine.support.hierarchical.NodeTestTask.lambda$executeRecursively$8(NodeTestTask.java:123)
	org.junit.platform.engine.support.hierarchical.ThrowableCollector.execute(ThrowableCollector.java:73)
	org.junit.platform.engine.support.hierarchical.NodeTestTask.executeRecursively(NodeTestTask.java:122)
	org.junit.platform.engine.support.hierarchical.NodeTestTask.execute(NodeTestTask.java:80)
	org.junit.platform.engine.support.hierarchical.SameThreadHierarchicalTestExecutorService.submit(SameThreadHierarchicalTestExecutorService.java:32)
	org.junit.platform.engine.support.hierarchical.HierarchicalTestExecutor.execute(HierarchicalTestExecutor.java:57)
	org.junit.platform.engine.support.hierarchical.HierarchicalTestEngine.execute(HierarchicalTestEngine.java:51)
	org.junit.platform.launcher.core.DefaultLauncher.execute(DefaultLauncher.java:248)
	org.junit.platform.launcher.core.DefaultLauncher.lambda$execute$5(DefaultLauncher.java:211)
	org.junit.platform.launcher.core.DefaultLauncher.withInterceptedStreams(DefaultLauncher.java:226)
	org.junit.platform.launcher.core.DefaultLauncher.execute(DefaultLauncher.java:199)
	org.junit.platform.launcher.core.DefaultLauncher.execute(DefaultLauncher.java:132)
	org.gradle.api.internal.tasks.testing.junitplatform.JUnitPlatformTestClassProcessor$CollectAllTestClassesExecutor.processAllTestClasses(JUnitPlatformTestClassProcessor.java:102)
	org.gradle.api.internal.tasks.testing.junitplatform.JUnitPlatformTestClassProcessor$CollectAllTestClassesExecutor.access$000(JUnitPlatformTestClassProcessor.java:82)
	org.gradle.api.internal.tasks.testing.junitplatform.JUnitPlatformTestClassProcessor.stop(JUnitPlatformTestClassProcessor.java:78)
	org.gradle.api.internal.tasks.testing.SuiteTestClassProcessor.stop(SuiteTestClassProcessor.java:61)
	sun.reflect.NativeMethodAccessorImpl.invoke0(Native Method)
	sun.reflect.NativeMethodAccessorImpl.invoke(NativeMethodAccessorImpl.java:62)
	sun.reflect.DelegatingMethodAccessorImpl.invoke(DelegatingMethodAccessorImpl.java:43)
	java.lang.reflect.Method.invoke(Method.java:498)
	org.gradle.internal.dispatch.ReflectionDispatch.dispatch(ReflectionDispatch.java:36)
	org.gradle.internal.dispatch.ReflectionDispatch.dispatch(ReflectionDispatch.java:24)
	org.gradle.internal.dispatch.ContextClassLoaderDispatch.dispatch(ContextClassLoaderDispatch.java:33)
	org.gradle.internal.dispatch.ProxyDispatchAdapter$DispatchingInvocationHandler.invoke(ProxyDispatchAdapter.java:94)
	com.sun.proxy.$Proxy2.stop(Unknown Source)
	org.gradle.api.internal.tasks.testing.worker.TestWorker.stop(TestWorker.java:132)
	sun.reflect.NativeMethodAccessorImpl.invoke0(Native Method)
	sun.reflect.NativeMethodAccessorImpl.invoke(NativeMethodAccessorImpl.java:62)
	sun.reflect.DelegatingMethodAccessorImpl.invoke(DelegatingMethodAccessorImpl.java:43)
	java.lang.reflect.Method.invoke(Method.java:498)
	org.gradle.internal.dispatch.ReflectionDispatch.dispatch(ReflectionDispatch.java:36)
	org.gradle.internal.dispatch.ReflectionDispatch.dispatch(ReflectionDispatch.java:24)
	org.gradle.internal.remote.internal.hub.MessageHubBackedObjectConnection$DispatchWrapper.dispatch(MessageHubBackedObjectConnection.java:182)
	org.gradle.internal.remote.internal.hub.MessageHubBackedObjectConnection$DispatchWrapper.dispatch(MessageHubBackedObjectConnection.java:164)
	org.gradle.internal.remote.internal.hub.MessageHub$Handler.run(MessageHub.java:412)
	org.gradle.internal.concurrent.ExecutorPolicy$CatchAndRecordFailures.onExecute(ExecutorPolicy.java:64)
	org.gradle.internal.concurrent.ManagedExecutorImpl$1.run(ManagedExecutorImpl.java:48)
	java.util.concurrent.ThreadPoolExecutor.runWorker(ThreadPoolExecutor.java:1149)
	java.util.concurrent.ThreadPoolExecutor$Worker.run(ThreadPoolExecutor.java:624)
	org.gradle.internal.concurrent.ThreadFactoryImpl$ManagedThreadRunnable.run(ThreadFactoryImpl.java:56)
	java.lang.Thread.run(Thread.java:748)
#2:
	io.netty.buffer.AdvancedLeakAwareByteBuf.slice(AdvancedLeakAwareByteBuf.java:76)
	io.rsocket.util.ByteBufPayload.sliceData(ByteBufPayload.java:149)
	io.rsocket.Payload.getDataUtf8(Payload.java:102)
	java.util.stream.ReferencePipeline$3$1.accept(ReferencePipeline.java:193)
	java.util.ArrayList$ArrayListSpliterator.forEachRemaining(ArrayList.java:1382)
	java.util.stream.AbstractPipeline.copyInto(AbstractPipeline.java:481)
	java.util.stream.AbstractPipeline.wrapAndCopyInto(AbstractPipeline.java:471)
	java.util.stream.AbstractPipeline.evaluate(AbstractPipeline.java:545)
	java.util.stream.AbstractPipeline.evaluateToArrayNode(AbstractPipeline.java:260)
	java.util.stream.ReferencePipeline.toArray(ReferencePipeline.java:438)
	org.springframework.messaging.rsocket.DefaultRSocketRequesterTests.testSendFlux(DefaultRSocketRequesterTests.java:134)
	org.springframework.messaging.rsocket.DefaultRSocketRequesterTests.sendFlux(DefaultRSocketRequesterTests.java:114)
	sun.reflect.NativeMethodAccessorImpl.invoke0(Native Method)
	sun.reflect.NativeMethodAccessorImpl.invoke(NativeMethodAccessorImpl.java:62)
	sun.reflect.DelegatingMethodAccessorImpl.invoke(DelegatingMethodAccessorImpl.java:43)
	java.lang.reflect.Method.invoke(Method.java:498)
	org.junit.platform.commons.util.ReflectionUtils.invokeMethod(ReflectionUtils.java:686)
	org.junit.jupiter.engine.execution.MethodInvocation.proceed(MethodInvocation.java:60)
	org.junit.jupiter.engine.execution.InvocationInterceptorChain$ValidatingInvocation.proceed(InvocationInterceptorChain.java:131)
	org.junit.jupiter.engine.extension.TimeoutExtension.intercept(TimeoutExtension.java:149)
	org.junit.jupiter.engine.extension.TimeoutExtension.interceptTestableMethod(TimeoutExtension.java:140)
	org.junit.jupiter.engine.extension.TimeoutExtension.interceptTestMethod(TimeoutExtension.java:84)
	org.junit.jupiter.engine.execution.ExecutableInvoker$ReflectiveInterceptorCall.lambda$ofVoidMethod$0(ExecutableInvoker.java:115)
	org.junit.jupiter.engine.execution.ExecutableInvoker.lambda$invoke$0(ExecutableInvoker.java:105)
	org.junit.jupiter.engine.execution.InvocationInterceptorChain$InterceptedInvocation.proceed(InvocationInterceptorChain.java:106)
	org.junit.jupiter.engine.execution.InvocationInterceptorChain.proceed(InvocationInterceptorChain.java:64)
	org.junit.jupiter.engine.execution.InvocationInterceptorChain.chainAndInvoke(InvocationInterceptorChain.java:45)
	org.junit.jupiter.engine.execution.InvocationInterceptorChain.invoke(InvocationInterceptorChain.java:37)
	org.junit.jupiter.engine.execution.ExecutableInvoker.invoke(ExecutableInvoker.java:104)
	org.junit.jupiter.engine.execution.ExecutableInvoker.invoke(ExecutableInvoker.java:98)
	org.junit.jupiter.engine.descriptor.TestMethodTestDescriptor.lambda$invokeTestMethod$6(TestMethodTestDescriptor.java:212)
	org.junit.platform.engine.support.hierarchical.ThrowableCollector.execute(ThrowableCollector.java:73)
	org.junit.jupiter.engine.descriptor.TestMethodTestDescriptor.invokeTestMethod(TestMethodTestDescriptor.java:208)
	org.junit.jupiter.engine.descriptor.TestMethodTestDescriptor.execute(TestMethodTestDescriptor.java:137)
	org.junit.jupiter.engine.descriptor.TestMethodTestDescriptor.execute(TestMethodTestDescriptor.java:71)
	org.junit.platform.engine.support.hierarchical.NodeTestTask.lambda$executeRecursively$5(NodeTestTask.java:135)
	org.junit.platform.engine.support.hierarchical.ThrowableCollector.execute(ThrowableCollector.java:73)
	org.junit.platform.engine.support.hierarchical.NodeTestTask.lambda$executeRecursively$7(NodeTestTask.java:125)
	org.junit.platform.engine.support.hierarchical.Node.around(Node.java:135)
	org.junit.platform.engine.support.hierarchical.NodeTestTask.lambda$executeRecursively$8(NodeTestTask.java:123)
	org.junit.platform.engine.support.hierarchical.ThrowableCollector.execute(ThrowableCollector.java:73)
	org.junit.platform.engine.support.hierarchical.NodeTestTask.executeRecursively(NodeTestTask.java:122)
	org.junit.platform.engine.support.hierarchical.NodeTestTask.execute(NodeTestTask.java:80)
	java.util.ArrayList.forEach(ArrayList.java:1257)
	org.junit.platform.engine.support.hierarchical.SameThreadHierarchicalTestExecutorService.invokeAll(SameThreadHierarchicalTestExecutorService.java:38)
	org.junit.platform.engine.support.hierarchical.NodeTestTask.lambda$executeRecursively$5(NodeTestTask.java:139)
	org.junit.platform.engine.support.hierarchical.ThrowableCollector.execute(ThrowableCollector.java:73)
	org.junit.platform.engine.support.hierarchical.NodeTestTask.lambda$executeRecursively$7(NodeTestTask.java:125)
	org.junit.platform.engine.support.hierarchical.Node.around(Node.java:135)
	org.junit.platform.engine.support.hierarchical.NodeTestTask.lambda$executeRecursively$8(NodeTestTask.java:123)
	org.junit.platform.engine.support.hierarchical.ThrowableCollector.execute(ThrowableCollector.java:73)
	org.junit.platform.engine.support.hierarchical.NodeTestTask.executeRecursively(NodeTestTask.java:122)
	org.junit.platform.engine.support.hierarchical.NodeTestTask.execute(NodeTestTask.java:80)
	java.util.ArrayList.forEach(ArrayList.java:1257)
	org.junit.platform.engine.support.hierarchical.SameThreadHierarchicalTestExecutorService.invokeAll(SameThreadHierarchicalTestExecutorService.java:38)
	org.junit.platform.engine.support.hierarchical.NodeTestTask.lambda$executeRecursively$5(NodeTestTask.java:139)
	org.junit.platform.engine.support.hierarchical.ThrowableCollector.execute(ThrowableCollector.java:73)
	org.junit.platform.engine.support.hierarchical.NodeTestTask.lambda$executeRecursively$7(NodeTestTask.java:125)
	org.junit.platform.engine.support.hierarchical.Node.around(Node.java:135)
	org.junit.platform.engine.support.hierarchical.NodeTestTask.lambda$executeRecursively$8(NodeTestTask.java:123)
	org.junit.platform.engine.support.hierarchical.ThrowableCollector.execute(ThrowableCollector.java:73)
	org.junit.platform.engine.support.hierarchical.NodeTestTask.executeRecursively(NodeTestTask.java:122)
	org.junit.platform.engine.support.hierarchical.NodeTestTask.execute(NodeTestTask.java:80)
	org.junit.platform.engine.support.hierarchical.SameThreadHierarchicalTestExecutorService.submit(SameThreadHierarchicalTestExecutorService.java:32)
	org.junit.platform.engine.support.hierarchical.HierarchicalTestExecutor.execute(HierarchicalTestExecutor.java:57)
	org.junit.platform.engine.support.hierarchical.HierarchicalTestEngine.execute(HierarchicalTestEngine.java:51)
	org.junit.platform.launcher.core.DefaultLauncher.execute(DefaultLauncher.java:248)
	org.junit.platform.launcher.core.DefaultLauncher.lambda$execute$5(DefaultLauncher.java:211)
	org.junit.platform.launcher.core.DefaultLauncher.withInterceptedStreams(DefaultLauncher.java:226)
	org.junit.platform.launcher.core.DefaultLauncher.execute(DefaultLauncher.java:199)
	org.junit.platform.launcher.core.DefaultLauncher.execute(DefaultLauncher.java:132)
	org.gradle.api.internal.tasks.testing.junitplatform.JUnitPlatformTestClassProcessor$CollectAllTestClassesExecutor.processAllTestClasses(JUnitPlatformTestClassProcessor.java:102)
	org.gradle.api.internal.tasks.testing.junitplatform.JUnitPlatformTestClassProcessor$CollectAllTestClassesExecutor.access$000(JUnitPlatformTestClassProcessor.java:82)
	org.gradle.api.internal.tasks.testing.junitplatform.JUnitPlatformTestClassProcessor.stop(JUnitPlatformTestClassProcessor.java:78)
	org.gradle.api.internal.tasks.testing.SuiteTestClassProcessor.stop(SuiteTestClassProcessor.java:61)
	sun.reflect.NativeMethodAccessorImpl.invoke0(Native Method)
	sun.reflect.NativeMethodAccessorImpl.invoke(NativeMethodAccessorImpl.java:62)
	sun.reflect.DelegatingMethodAccessorImpl.invoke(DelegatingMethodAccessorImpl.java:43)
	java.lang.reflect.Method.invoke(Method.java:498)
	org.gradle.internal.dispatch.ReflectionDispatch.dispatch(ReflectionDispatch.java:36)
	org.gradle.internal.dispatch.ReflectionDispatch.dispatch(ReflectionDispatch.java:24)
	org.gradle.internal.dispatch.ContextClassLoaderDispatch.dispatch(ContextClassLoaderDispatch.java:33)
	org.gradle.internal.dispatch.ProxyDispatchAdapter$DispatchingInvocationHandler.invoke(ProxyDispatchAdapter.java:94)
	com.sun.proxy.$Proxy2.stop(Unknown Source)
	org.gradle.api.internal.tasks.testing.worker.TestWorker.stop(TestWorker.java:132)
	sun.reflect.NativeMethodAccessorImpl.invoke0(Native Method)
	sun.reflect.NativeMethodAccessorImpl.invoke(NativeMethodAccessorImpl.java:62)
	sun.reflect.DelegatingMethodAccessorImpl.invoke(DelegatingMethodAccessorImpl.java:43)
	java.lang.reflect.Method.invoke(Method.java:498)
	org.gradle.internal.dispatch.ReflectionDispatch.dispatch(ReflectionDispatch.java:36)
	org.gradle.internal.dispatch.ReflectionDispatch.dispatch(ReflectionDispatch.java:24)
	org.gradle.internal.remote.internal.hub.MessageHubBackedObjectConnection$DispatchWrapper.dispatch(MessageHubBackedObjectConnection.java:182)
	org.gradle.internal.remote.internal.hub.MessageHubBackedObjectConnection$DispatchWrapper.dispatch(MessageHubBackedObjectConnection.java:164)
	org.gradle.internal.remote.internal.hub.MessageHub$Handler.run(MessageHub.java:412)
	org.gradle.internal.concurrent.ExecutorPolicy$CatchAndRecordFailures.onExecute(ExecutorPolicy.java:64)
	org.gradle.internal.concurrent.ManagedExecutorImpl$1.run(ManagedExecutorImpl.java:48)
	java.util.concurrent.ThreadPoolExecutor.runWorker(ThreadPoolExecutor.java:1149)
	java.util.concurrent.ThreadPoolExecutor$Worker.run(ThreadPoolExecutor.java:624)
	org.gradle.internal.concurrent.ThreadFactoryImpl$ManagedThreadRunnable.run(ThreadFactoryImpl.java:56)
	java.lang.Thread.run(Thread.java:748)
Created at:
	io.netty.buffer.PooledByteBufAllocator.newDirectBuffer(PooledByteBufAllocator.java:363)
	io.netty.buffer.AbstractByteBufAllocator.directBuffer(AbstractByteBufAllocator.java:187)
	io.netty.buffer.AbstractByteBufAllocator.directBuffer(AbstractByteBufAllocator.java:178)
	io.netty.buffer.AbstractByteBufAllocator.buffer(AbstractByteBufAllocator.java:115)
	org.springframework.core.io.buffer.NettyDataBufferFactory.allocateBuffer(NettyDataBufferFactory.java:71)
	org.springframework.core.io.buffer.NettyDataBufferFactory.allocateBuffer(NettyDataBufferFactory.java:39)
	org.springframework.core.codec.CharSequenceEncoder.encodeValue(CharSequenceEncoder.java:91)
	org.springframework.core.codec.CharSequenceEncoder.encodeValue(CharSequenceEncoder.java:47)
	org.springframework.messaging.rsocket.DefaultRSocketRequester$DefaultRequestSpec.encodeData(DefaultRSocketRequester.java:236)
	org.springframework.messaging.rsocket.DefaultRSocketRequester$DefaultRequestSpec.lambda$createPayload$2(DefaultRSocketRequester.java:215)
	reactor.core.publisher.FluxMap$MapSubscriber.onNext(FluxMap.java:100)
	reactor.core.publisher.FluxConcatMap$ConcatMapImmediate.innerNext(FluxConcatMap.java:274)
	reactor.core.publisher.FluxConcatMap$ConcatMapInner.onNext(FluxConcatMap.java:851)
	reactor.core.publisher.Operators$MonoSubscriber.complete(Operators.java:1755)
	reactor.core.publisher.MonoDelayUntil$DelayUntilCoordinator.signal(MonoDelayUntil.java:258)
	reactor.core.publisher.MonoDelayUntil$DelayUntilTrigger.onComplete(MonoDelayUntil.java:337)
	reactor.core.publisher.MonoDelay$MonoDelayRunnable.run(MonoDelay.java:118)
	reactor.core.scheduler.SchedulerTask.call(SchedulerTask.java:68)
	reactor.core.scheduler.SchedulerTask.call(SchedulerTask.java:28)
	java.util.concurrent.FutureTask.run(FutureTask.java:266)
	java.util.concurrent.ScheduledThreadPoolExecutor$ScheduledFutureTask.access$201(ScheduledThreadPoolExecutor.java:180)
	java.util.concurrent.ScheduledThreadPoolExecutor$ScheduledFutureTask.run(ScheduledThreadPoolExecutor.java:293)
	java.util.concurrent.ThreadPoolExecutor.runWorker(ThreadPoolExecutor.java:1149)
	java.util.concurrent.ThreadPoolExecutor$Worker.run(ThreadPoolExecutor.java:624)
	java.lang.Thread.run(Thread.java:748)
22:22:58.624 [Test worker] ERROR i.n.u.ResourceLeakDetector - LEAK: ByteBuf.release() was not called before it's garbage-collected. See https://netty.io/wiki/reference-counted-objects.html for more information.
Recent access records: 
#1:
	io.netty.buffer.AdvancedLeakAwareByteBuf.toString(AdvancedLeakAwareByteBuf.java:742)
	io.rsocket.Payload.getMetadataUtf8(Payload.java:98)
	org.springframework.messaging.rsocket.DefaultRSocketRequesterTests.sendWithoutData(DefaultRSocketRequesterTests.java:144)
	sun.reflect.NativeMethodAccessorImpl.invoke0(Native Method)
	sun.reflect.NativeMethodAccessorImpl.invoke(NativeMethodAccessorImpl.java:62)
	sun.reflect.DelegatingMethodAccessorImpl.invoke(DelegatingMethodAccessorImpl.java:43)
	java.lang.reflect.Method.invoke(Method.java:498)
	org.junit.platform.commons.util.ReflectionUtils.invokeMethod(ReflectionUtils.java:686)
	org.junit.jupiter.engine.execution.MethodInvocation.proceed(MethodInvocation.java:60)
	org.junit.jupiter.engine.execution.InvocationInterceptorChain$ValidatingInvocation.proceed(InvocationInterceptorChain.java:131)
	org.junit.jupiter.engine.extension.TimeoutExtension.intercept(TimeoutExtension.java:149)
	org.junit.jupiter.engine.extension.TimeoutExtension.interceptTestableMethod(TimeoutExtension.java:140)
	org.junit.jupiter.engine.extension.TimeoutExtension.interceptTestMethod(TimeoutExtension.java:84)
	org.junit.jupiter.engine.execution.ExecutableInvoker$ReflectiveInterceptorCall.lambda$ofVoidMethod$0(ExecutableInvoker.java:115)
	org.junit.jupiter.engine.execution.ExecutableInvoker.lambda$invoke$0(ExecutableInvoker.java:105)
	org.junit.jupiter.engine.execution.InvocationInterceptorChain$InterceptedInvocation.proceed(InvocationInterceptorChain.java:106)
	org.junit.jupiter.engine.execution.InvocationInterceptorChain.proceed(InvocationInterceptorChain.java:64)
	org.junit.jupiter.engine.execution.InvocationInterceptorChain.chainAndInvoke(InvocationInterceptorChain.java:45)
	org.junit.jupiter.engine.execution.InvocationInterceptorChain.invoke(InvocationInterceptorChain.java:37)
	org.junit.jupiter.engine.execution.ExecutableInvoker.invoke(ExecutableInvoker.java:104)
	org.junit.jupiter.engine.execution.ExecutableInvoker.invoke(ExecutableInvoker.java:98)
	org.junit.jupiter.engine.descriptor.TestMethodTestDescriptor.lambda$invokeTestMethod$6(TestMethodTestDescriptor.java:212)
	org.junit.platform.engine.support.hierarchical.ThrowableCollector.execute(ThrowableCollector.java:73)
	org.junit.jupiter.engine.descriptor.TestMethodTestDescriptor.invokeTestMethod(TestMethodTestDescriptor.java:208)
	org.junit.jupiter.engine.descriptor.TestMethodTestDescriptor.execute(TestMethodTestDescriptor.java:137)
	org.junit.jupiter.engine.descriptor.TestMethodTestDescriptor.execute(TestMethodTestDescriptor.java:71)
	org.junit.platform.engine.support.hierarchical.NodeTestTask.lambda$executeRecursively$5(NodeTestTask.java:135)
	org.junit.platform.engine.support.hierarchical.ThrowableCollector.execute(ThrowableCollector.java:73)
	org.junit.platform.engine.support.hierarchical.NodeTestTask.lambda$executeRecursively$7(NodeTestTask.java:125)
	org.junit.platform.engine.support.hierarchical.Node.around(Node.java:135)
	org.junit.platform.engine.support.hierarchical.NodeTestTask.lambda$executeRecursively$8(NodeTestTask.java:123)
	org.junit.platform.engine.support.hierarchical.ThrowableCollector.execute(ThrowableCollector.java:73)
	org.junit.platform.engine.support.hierarchical.NodeTestTask.executeRecursively(NodeTestTask.java:122)
	org.junit.platform.engine.support.hierarchical.NodeTestTask.execute(NodeTestTask.java:80)
	java.util.ArrayList.forEach(ArrayList.java:1257)
	org.junit.platform.engine.support.hierarchical.SameThreadHierarchicalTestExecutorService.invokeAll(SameThreadHierarchicalTestExecutorService.java:38)
	org.junit.platform.engine.support.hierarchical.NodeTestTask.lambda$executeRecursively$5(NodeTestTask.java:139)
	org.junit.platform.engine.support.hierarchical.ThrowableCollector.execute(ThrowableCollector.java:73)
	org.junit.platform.engine.support.hierarchical.NodeTestTask.lambda$executeRecursively$7(NodeTestTask.java:125)
	org.junit.platform.engine.support.hierarchical.Node.around(Node.java:135)
	org.junit.platform.engine.support.hierarchical.NodeTestTask.lambda$executeRecursively$8(NodeTestTask.java:123)
	org.junit.platform.engine.support.hierarchical.ThrowableCollector.execute(ThrowableCollector.java:73)
	org.junit.platform.engine.support.hierarchical.NodeTestTask.executeRecursively(NodeTestTask.java:122)
	org.junit.platform.engine.support.hierarchical.NodeTestTask.execute(NodeTestTask.java:80)
	java.util.ArrayList.forEach(ArrayList.java:1257)
	org.junit.platform.engine.support.hierarchical.SameThreadHierarchicalTestExecutorService.invokeAll(SameThreadHierarchicalTestExecutorService.java:38)
	org.junit.platform.engine.support.hierarchical.NodeTestTask.lambda$executeRecursively$5(NodeTestTask.java:139)
	org.junit.platform.engine.support.hierarchical.ThrowableCollector.execute(ThrowableCollector.java:73)
	org.junit.platform.engine.support.hierarchical.NodeTestTask.lambda$executeRecursively$7(NodeTestTask.java:125)
	org.junit.platform.engine.support.hierarchical.Node.around(Node.java:135)
	org.junit.platform.engine.support.hierarchical.NodeTestTask.lambda$executeRecursively$8(NodeTestTask.java:123)
	org.junit.platform.engine.support.hierarchical.ThrowableCollector.execute(ThrowableCollector.java:73)
	org.junit.platform.engine.support.hierarchical.NodeTestTask.executeRecursively(NodeTestTask.java:122)
	org.junit.platform.engine.support.hierarchical.NodeTestTask.execute(NodeTestTask.java:80)
	org.junit.platform.engine.support.hierarchical.SameThreadHierarchicalTestExecutorService.submit(SameThreadHierarchicalTestExecutorService.java:32)
	org.junit.platform.engine.support.hierarchical.HierarchicalTestExecutor.execute(HierarchicalTestExecutor.java:57)
	org.junit.platform.engine.support.hierarchical.HierarchicalTestEngine.execute(HierarchicalTestEngine.java:51)
	org.junit.platform.launcher.core.DefaultLauncher.execute(DefaultLauncher.java:248)
	org.junit.platform.launcher.core.DefaultLauncher.lambda$execute$5(DefaultLauncher.java:211)
	org.junit.platform.launcher.core.DefaultLauncher.withInterceptedStreams(DefaultLauncher.java:226)
	org.junit.platform.launcher.core.DefaultLauncher.execute(DefaultLauncher.java:199)
	org.junit.platform.launcher.core.DefaultLauncher.execute(DefaultLauncher.java:132)
	org.gradle.api.internal.tasks.testing.junitplatform.JUnitPlatformTestClassProcessor$CollectAllTestClassesExecutor.processAllTestClasses(JUnitPlatformTestClassProcessor.java:102)
	org.gradle.api.internal.tasks.testing.junitplatform.JUnitPlatformTestClassProcessor$CollectAllTestClassesExecutor.access$000(JUnitPlatformTestClassProcessor.java:82)
	org.gradle.api.internal.tasks.testing.junitplatform.JUnitPlatformTestClassProcessor.stop(JUnitPlatformTestClassProcessor.java:78)
	org.gradle.api.internal.tasks.testing.SuiteTestClassProcessor.stop(SuiteTestClassProcessor.java:61)
	sun.reflect.NativeMethodAccessorImpl.invoke0(Native Method)
	sun.reflect.NativeMethodAccessorImpl.invoke(NativeMethodAccessorImpl.java:62)
	sun.reflect.DelegatingMethodAccessorImpl.invoke(DelegatingMethodAccessorImpl.java:43)
	java.lang.reflect.Method.invoke(Method.java:498)
	org.gradle.internal.dispatch.ReflectionDispatch.dispatch(ReflectionDispatch.java:36)
	org.gradle.internal.dispatch.ReflectionDispatch.dispatch(ReflectionDispatch.java:24)
	org.gradle.internal.dispatch.ContextClassLoaderDispatch.dispatch(ContextClassLoaderDispatch.java:33)
	org.gradle.internal.dispatch.ProxyDispatchAdapter$DispatchingInvocationHandler.invoke(ProxyDispatchAdapter.java:94)
	com.sun.proxy.$Proxy2.stop(Unknown Source)
	org.gradle.api.internal.tasks.testing.worker.TestWorker.stop(TestWorker.java:132)
	sun.reflect.NativeMethodAccessorImpl.invoke0(Native Method)
	sun.reflect.NativeMethodAccessorImpl.invoke(NativeMethodAccessorImpl.java:62)
	sun.reflect.DelegatingMethodAccessorImpl.invoke(DelegatingMethodAccessorImpl.java:43)
	java.lang.reflect.Method.invoke(Method.java:498)
	org.gradle.internal.dispatch.ReflectionDispatch.dispatch(ReflectionDispatch.java:36)
	org.gradle.internal.dispatch.ReflectionDispatch.dispatch(ReflectionDispatch.java:24)
	org.gradle.internal.remote.internal.hub.MessageHubBackedObjectConnection$DispatchWrapper.dispatch(MessageHubBackedObjectConnection.java:182)
	org.gradle.internal.remote.internal.hub.MessageHubBackedObjectConnection$DispatchWrapper.dispatch(MessageHubBackedObjectConnection.java:164)
	org.gradle.internal.remote.internal.hub.MessageHub$Handler.run(MessageHub.java:412)
	org.gradle.internal.concurrent.ExecutorPolicy$CatchAndRecordFailures.onExecute(ExecutorPolicy.java:64)
	org.gradle.internal.concurrent.ManagedExecutorImpl$1.run(ManagedExecutorImpl.java:48)
	java.util.concurrent.ThreadPoolExecutor.runWorker(ThreadPoolExecutor.java:1149)
	java.util.concurrent.ThreadPoolExecutor$Worker.run(ThreadPoolExecutor.java:624)
	org.gradle.internal.concurrent.ThreadFactoryImpl$ManagedThreadRunnable.run(ThreadFactoryImpl.java:56)
	java.lang.Thread.run(Thread.java:748)
#2:
	io.netty.buffer.AdvancedLeakAwareByteBuf.slice(AdvancedLeakAwareByteBuf.java:76)
	io.rsocket.util.ByteBufPayload.sliceMetadata(ByteBufPayload.java:134)
	io.rsocket.Payload.getMetadataUtf8(Payload.java:98)
	org.springframework.messaging.rsocket.DefaultRSocketRequesterTests.sendWithoutData(DefaultRSocketRequesterTests.java:144)
	sun.reflect.NativeMethodAccessorImpl.invoke0(Native Method)
	sun.reflect.NativeMethodAccessorImpl.invoke(NativeMethodAccessorImpl.java:62)
	sun.reflect.DelegatingMethodAccessorImpl.invoke(DelegatingMethodAccessorImpl.java:43)
	java.lang.reflect.Method.invoke(Method.java:498)
	org.junit.platform.commons.util.ReflectionUtils.invokeMethod(ReflectionUtils.java:686)
	org.junit.jupiter.engine.execution.MethodInvocation.proceed(MethodInvocation.java:60)
	org.junit.jupiter.engine.execution.InvocationInterceptorChain$ValidatingInvocation.proceed(InvocationInterceptorChain.java:131)
	org.junit.jupiter.engine.extension.TimeoutExtension.intercept(TimeoutExtension.java:149)
	org.junit.jupiter.engine.extension.TimeoutExtension.interceptTestableMethod(TimeoutExtension.java:140)
	org.junit.jupiter.engine.extension.TimeoutExtension.interceptTestMethod(TimeoutExtension.java:84)
	org.junit.jupiter.engine.execution.ExecutableInvoker$ReflectiveInterceptorCall.lambda$ofVoidMethod$0(ExecutableInvoker.java:115)
	org.junit.jupiter.engine.execution.ExecutableInvoker.lambda$invoke$0(ExecutableInvoker.java:105)
	org.junit.jupiter.engine.execution.InvocationInterceptorChain$InterceptedInvocation.proceed(InvocationInterceptorChain.java:106)
	org.junit.jupiter.engine.execution.InvocationInterceptorChain.proceed(InvocationInterceptorChain.java:64)
	org.junit.jupiter.engine.execution.InvocationInterceptorChain.chainAndInvoke(InvocationInterceptorChain.java:45)
	org.junit.jupiter.engine.execution.InvocationInterceptorChain.invoke(InvocationInterceptorChain.java:37)
	org.junit.jupiter.engine.execution.ExecutableInvoker.invoke(ExecutableInvoker.java:104)
	org.junit.jupiter.engine.execution.ExecutableInvoker.invoke(ExecutableInvoker.java:98)
	org.junit.jupiter.engine.descriptor.TestMethodTestDescriptor.lambda$invokeTestMethod$6(TestMethodTestDescriptor.java:212)
	org.junit.platform.engine.support.hierarchical.ThrowableCollector.execute(ThrowableCollector.java:73)
	org.junit.jupiter.engine.descriptor.TestMethodTestDescriptor.invokeTestMethod(TestMethodTestDescriptor.java:208)
	org.junit.jupiter.engine.descriptor.TestMethodTestDescriptor.execute(TestMethodTestDescriptor.java:137)
	org.junit.jupiter.engine.descriptor.TestMethodTestDescriptor.execute(TestMethodTestDescriptor.java:71)
	org.junit.platform.engine.support.hierarchical.NodeTestTask.lambda$executeRecursively$5(NodeTestTask.java:135)
	org.junit.platform.engine.support.hierarchical.ThrowableCollector.execute(ThrowableCollector.java:73)
	org.junit.platform.engine.support.hierarchical.NodeTestTask.lambda$executeRecursively$7(NodeTestTask.java:125)
	org.junit.platform.engine.support.hierarchical.Node.around(Node.java:135)
	org.junit.platform.engine.support.hierarchical.NodeTestTask.lambda$executeRecursively$8(NodeTestTask.java:123)
	org.junit.platform.engine.support.hierarchical.ThrowableCollector.execute(ThrowableCollector.java:73)
	org.junit.platform.engine.support.hierarchical.NodeTestTask.executeRecursively(NodeTestTask.java:122)
	org.junit.platform.engine.support.hierarchical.NodeTestTask.execute(NodeTestTask.java:80)
	java.util.ArrayList.forEach(ArrayList.java:1257)
	org.junit.platform.engine.support.hierarchical.SameThreadHierarchicalTestExecutorService.invokeAll(SameThreadHierarchicalTestExecutorService.java:38)
	org.junit.platform.engine.support.hierarchical.NodeTestTask.lambda$executeRecursively$5(NodeTestTask.java:139)
	org.junit.platform.engine.support.hierarchical.ThrowableCollector.execute(ThrowableCollector.java:73)
	org.junit.platform.engine.support.hierarchical.NodeTestTask.lambda$executeRecursively$7(NodeTestTask.java:125)
	org.junit.platform.engine.support.hierarchical.Node.around(Node.java:135)
	org.junit.platform.engine.support.hierarchical.NodeTestTask.lambda$executeRecursively$8(NodeTestTask.java:123)
	org.junit.platform.engine.support.hierarchical.ThrowableCollector.execute(ThrowableCollector.java:73)
	org.junit.platform.engine.support.hierarchical.NodeTestTask.executeRecursively(NodeTestTask.java:122)
	org.junit.platform.engine.support.hierarchical.NodeTestTask.execute(NodeTestTask.java:80)
	java.util.ArrayList.forEach(ArrayList.java:1257)
	org.junit.platform.engine.support.hierarchical.SameThreadHierarchicalTestExecutorService.invokeAll(SameThreadHierarchicalTestExecutorService.java:38)
	org.junit.platform.engine.support.hierarchical.NodeTestTask.lambda$executeRecursively$5(NodeTestTask.java:139)
	org.junit.platform.engine.support.hierarchical.ThrowableCollector.execute(ThrowableCollector.java:73)
	org.junit.platform.engine.support.hierarchical.NodeTestTask.lambda$executeRecursively$7(NodeTestTask.java:125)
	org.junit.platform.engine.support.hierarchical.Node.around(Node.java:135)
	org.junit.platform.engine.support.hierarchical.NodeTestTask.lambda$executeRecursively$8(NodeTestTask.java:123)
	org.junit.platform.engine.support.hierarchical.ThrowableCollector.execute(ThrowableCollector.java:73)
	org.junit.platform.engine.support.hierarchical.NodeTestTask.executeRecursively(NodeTestTask.java:122)
	org.junit.platform.engine.support.hierarchical.NodeTestTask.execute(NodeTestTask.java:80)
	org.junit.platform.engine.support.hierarchical.SameThreadHierarchicalTestExecutorService.submit(SameThreadHierarchicalTestExecutorService.java:32)
	org.junit.platform.engine.support.hierarchical.HierarchicalTestExecutor.execute(HierarchicalTestExecutor.java:57)
	org.junit.platform.engine.support.hierarchical.HierarchicalTestEngine.execute(HierarchicalTestEngine.java:51)
	org.junit.platform.launcher.core.DefaultLauncher.execute(DefaultLauncher.java:248)
	org.junit.platform.launcher.core.DefaultLauncher.lambda$execute$5(DefaultLauncher.java:211)
	org.junit.platform.launcher.core.DefaultLauncher.withInterceptedStreams(DefaultLauncher.java:226)
	org.junit.platform.launcher.core.DefaultLauncher.execute(DefaultLauncher.java:199)
	org.junit.platform.launcher.core.DefaultLauncher.execute(DefaultLauncher.java:132)
	org.gradle.api.internal.tasks.testing.junitplatform.JUnitPlatformTestClassProcessor$CollectAllTestClassesExecutor.processAllTestClasses(JUnitPlatformTestClassProcessor.java:102)
	org.gradle.api.internal.tasks.testing.junitplatform.JUnitPlatformTestClassProcessor$CollectAllTestClassesExecutor.access$000(JUnitPlatformTestClassProcessor.java:82)
	org.gradle.api.internal.tasks.testing.junitplatform.JUnitPlatformTestClassProcessor.stop(JUnitPlatformTestClassProcessor.java:78)
	org.gradle.api.internal.tasks.testing.SuiteTestClassProcessor.stop(SuiteTestClassProcessor.java:61)
	sun.reflect.NativeMethodAccessorImpl.invoke0(Native Method)
	sun.reflect.NativeMethodAccessorImpl.invoke(NativeMethodAccessorImpl.java:62)
	sun.reflect.DelegatingMethodAccessorImpl.invoke(DelegatingMethodAccessorImpl.java:43)
	java.lang.reflect.Method.invoke(Method.java:498)
	org.gradle.internal.dispatch.ReflectionDispatch.dispatch(ReflectionDispatch.java:36)
	org.gradle.internal.dispatch.ReflectionDispatch.dispatch(ReflectionDispatch.java:24)
	org.gradle.internal.dispatch.ContextClassLoaderDispatch.dispatch(ContextClassLoaderDispatch.java:33)
	org.gradle.internal.dispatch.ProxyDispatchAdapter$DispatchingInvocationHandler.invoke(ProxyDispatchAdapter.java:94)
	com.sun.proxy.$Proxy2.stop(Unknown Source)
	org.gradle.api.internal.tasks.testing.worker.TestWorker.stop(TestWorker.java:132)
	sun.reflect.NativeMethodAccessorImpl.invoke0(Native Method)
	sun.reflect.NativeMethodAccessorImpl.invoke(NativeMethodAccessorImpl.java:62)
	sun.reflect.DelegatingMethodAccessorImpl.invoke(DelegatingMethodAccessorImpl.java:43)
	java.lang.reflect.Method.invoke(Method.java:498)
	org.gradle.internal.dispatch.ReflectionDispatch.dispatch(ReflectionDispatch.java:36)
	org.gradle.internal.dispatch.ReflectionDispatch.dispatch(ReflectionDispatch.java:24)
	org.gradle.internal.remote.internal.hub.MessageHubBackedObjectConnection$DispatchWrapper.dispatch(MessageHubBackedObjectConnection.java:182)
	org.gradle.internal.remote.internal.hub.MessageHubBackedObjectConnection$DispatchWrapper.dispatch(MessageHubBackedObjectConnection.java:164)
	org.gradle.internal.remote.internal.hub.MessageHub$Handler.run(MessageHub.java:412)
	org.gradle.internal.concurrent.ExecutorPolicy$CatchAndRecordFailures.onExecute(ExecutorPolicy.java:64)
	org.gradle.internal.concurrent.ManagedExecutorImpl$1.run(ManagedExecutorImpl.java:48)
	java.util.concurrent.ThreadPoolExecutor.runWorker(ThreadPoolExecutor.java:1149)
	java.util.concurrent.ThreadPoolExecutor$Worker.run(ThreadPoolExecutor.java:624)
	org.gradle.internal.concurrent.ThreadFactoryImpl$ManagedThreadRunnable.run(ThreadFactoryImpl.java:56)
	java.lang.Thread.run(Thread.java:748)
Created at:
	io.netty.buffer.PooledByteBufAllocator.newDirectBuffer(PooledByteBufAllocator.java:363)
	io.netty.buffer.AbstractByteBufAllocator.directBuffer(AbstractByteBufAllocator.java:187)
	io.netty.buffer.AbstractByteBufAllocator.directBuffer(AbstractByteBufAllocator.java:178)
	io.netty.buffer.AbstractByteBufAllocator.buffer(AbstractByteBufAllocator.java:115)
	org.springframework.core.io.buffer.NettyDataBufferFactory.allocateBuffer(NettyDataBufferFactory.java:71)
	org.springframework.core.io.buffer.NettyDataBufferFactory.allocateBuffer(NettyDataBufferFactory.java:39)
	org.springframework.core.codec.CharSequenceEncoder.encodeValue(CharSequenceEncoder.java:91)
	org.springframework.core.codec.CharSequenceEncoder.encodeValue(CharSequenceEncoder.java:47)
	org.springframework.messaging.rsocket.MetadataEncoder.encodeEntry(MetadataEncoder.java:240)
	org.springframework.messaging.rsocket.MetadataEncoder.encodeEntries(MetadataEncoder.java:209)
	org.springframework.messaging.rsocket.MetadataEncoder.lambda$encode$1(MetadataEncoder.java:180)
	reactor.core.publisher.MonoCallable.subscribe(MonoCallable.java:56)
	reactor.core.publisher.Mono.subscribe(Mono.java:4208)
	reactor.core.publisher.MonoZip.subscribe(MonoZip.java:128)
	reactor.core.publisher.Mono.subscribe(Mono.java:4208)
	reactor.core.publisher.Mono.block(Mono.java:1699)
	org.springframework.messaging.rsocket.DefaultRSocketRequesterTests.sendWithoutData(DefaultRSocketRequesterTests.java:141)
	sun.reflect.NativeMethodAccessorImpl.invoke0(Native Method)
	sun.reflect.NativeMethodAccessorImpl.invoke(NativeMethodAccessorImpl.java:62)
	sun.reflect.DelegatingMethodAccessorImpl.invoke(DelegatingMethodAccessorImpl.java:43)
	java.lang.reflect.Method.invoke(Method.java:498)
	org.junit.platform.commons.util.ReflectionUtils.invokeMethod(ReflectionUtils.java:686)
	org.junit.jupiter.engine.execution.MethodInvocation.proceed(MethodInvocation.java:60)
	org.junit.jupiter.engine.execution.InvocationInterceptorChain$ValidatingInvocation.proceed(InvocationInterceptorChain.java:131)
	org.junit.jupiter.engine.extension.TimeoutExtension.intercept(TimeoutExtension.java:149)
	org.junit.jupiter.engine.extension.TimeoutExtension.interceptTestableMethod(TimeoutExtension.java:140)
	org.junit.jupiter.engine.extension.TimeoutExtension.interceptTestMethod(TimeoutExtension.java:84)
	org.junit.jupiter.engine.execution.ExecutableInvoker$ReflectiveInterceptorCall.lambda$ofVoidMethod$0(ExecutableInvoker.java:115)
	org.junit.jupiter.engine.execution.ExecutableInvoker.lambda$invoke$0(ExecutableInvoker.java:105)
	org.junit.jupiter.engine.execution.InvocationInterceptorChain$InterceptedInvocation.proceed(InvocationInterceptorChain.java:106)
	org.junit.jupiter.engine.execution.InvocationInterceptorChain.proceed(InvocationInterceptorChain.java:64)
	org.junit.jupiter.engine.execution.InvocationInterceptorChain.chainAndInvoke(InvocationInterceptorChain.java:45)
	org.junit.jupiter.engine.execution.InvocationInterceptorChain.invoke(InvocationInterceptorChain.java:37)
	org.junit.jupiter.engine.execution.ExecutableInvoker.invoke(ExecutableInvoker.java:104)
	org.junit.jupiter.engine.execution.ExecutableInvoker.invoke(ExecutableInvoker.java:98)
	org.junit.jupiter.engine.descriptor.TestMethodTestDescriptor.lambda$invokeTestMethod$6(TestMethodTestDescriptor.java:212)
	org.junit.platform.engine.support.hierarchical.ThrowableCollector.execute(ThrowableCollector.java:73)
	org.junit.jupiter.engine.descriptor.TestMethodTestDescriptor.invokeTestMethod(TestMethodTestDescriptor.java:208)
	org.junit.jupiter.engine.descriptor.TestMethodTestDescriptor.execute(TestMethodTestDescriptor.java:137)
	org.junit.jupiter.engine.descriptor.TestMethodTestDescriptor.execute(TestMethodTestDescriptor.java:71)
	org.junit.platform.engine.support.hierarchical.NodeTestTask.lambda$executeRecursively$5(NodeTestTask.java:135)
	org.junit.platform.engine.support.hierarchical.ThrowableCollector.execute(ThrowableCollector.java:73)
	org.junit.platform.engine.support.hierarchical.NodeTestTask.lambda$executeRecursively$7(NodeTestTask.java:125)
	org.junit.platform.engine.support.hierarchical.Node.around(Node.java:135)
	org.junit.platform.engine.support.hierarchical.NodeTestTask.lambda$executeRecursively$8(NodeTestTask.java:123)
	org.junit.platform.engine.support.hierarchical.ThrowableCollector.execute(ThrowableCollector.java:73)
	org.junit.platform.engine.support.hierarchical.NodeTestTask.executeRecursively(NodeTestTask.java:122)
	org.junit.platform.engine.support.hierarchical.NodeTestTask.execute(NodeTestTask.java:80)
	java.util.ArrayList.forEach(ArrayList.java:1257)
	org.junit.platform.engine.support.hierarchical.SameThreadHierarchicalTestExecutorService.invokeAll(SameThreadHierarchicalTestExecutorService.java:38)
	org.junit.platform.engine.support.hierarchical.NodeTestTask.lambda$executeRecursively$5(NodeTestTask.java:139)
	org.junit.platform.engine.support.hierarchical.ThrowableCollector.execute(ThrowableCollector.java:73)
	org.junit.platform.engine.support.hierarchical.NodeTestTask.lambda$executeRecursively$7(NodeTestTask.java:125)
	org.junit.platform.engine.support.hierarchical.Node.around(Node.java:135)
	org.junit.platform.engine.support.hierarchical.NodeTestTask.lambda$executeRecursively$8(NodeTestTask.java:123)
	org.junit.platform.engine.support.hierarchical.ThrowableCollector.execute(ThrowableCollector.java:73)
	org.junit.platform.engine.support.hierarchical.NodeTestTask.executeRecursively(NodeTestTask.java:122)
	org.junit.platform.engine.support.hierarchical.NodeTestTask.execute(NodeTestTask.java:80)
	java.util.ArrayList.forEach(ArrayList.java:1257)
	org.junit.platform.engine.support.hierarchical.SameThreadHierarchicalTestExecutorService.invokeAll(SameThreadHierarchicalTestExecutorService.java:38)
	org.junit.platform.engine.support.hierarchical.NodeTestTask.lambda$executeRecursively$5(NodeTestTask.java:139)
	org.junit.platform.engine.support.hierarchical.ThrowableCollector.execute(ThrowableCollector.java:73)
	org.junit.platform.engine.support.hierarchical.NodeTestTask.lambda$executeRecursively$7(NodeTestTask.java:125)
	org.junit.platform.engine.support.hierarchical.Node.around(Node.java:135)
	org.junit.platform.engine.support.hierarchical.NodeTestTask.lambda$executeRecursively$8(NodeTestTask.java:123)
	org.junit.platform.engine.support.hierarchical.ThrowableCollector.execute(ThrowableCollector.java:73)
	org.junit.platform.engine.support.hierarchical.NodeTestTask.executeRecursively(NodeTestTask.java:122)
	org.junit.platform.engine.support.hierarchical.NodeTestTask.execute(NodeTestTask.java:80)
	org.junit.platform.engine.support.hierarchical.SameThreadHierarchicalTestExecutorService.submit(SameThreadHierarchicalTestExecutorService.java:32)
	org.junit.platform.engine.support.hierarchical.HierarchicalTestExecutor.execute(HierarchicalTestExecutor.java:57)
	org.junit.platform.engine.support.hierarchical.HierarchicalTestEngine.execute(HierarchicalTestEngine.java:51)
	org.junit.platform.launcher.core.DefaultLauncher.execute(DefaultLauncher.java:248)
	org.junit.platform.launcher.core.DefaultLauncher.lambda$execute$5(DefaultLauncher.java:211)
	org.junit.platform.launcher.core.DefaultLauncher.withInterceptedStreams(DefaultLauncher.java:226)
	org.junit.platform.launcher.core.DefaultLauncher.execute(DefaultLauncher.java:199)
	org.junit.platform.launcher.core.DefaultLauncher.execute(DefaultLauncher.java:132)
	org.gradle.api.internal.tasks.testing.junitplatform.JUnitPlatformTestClassProcessor$CollectAllTestClassesExecutor.processAllTestClasses(JUnitPlatformTestClassProcessor.java:102)
	org.gradle.api.internal.tasks.testing.junitplatform.JUnitPlatformTestClassProcessor$CollectAllTestClassesExecutor.access$000(JUnitPlatformTestClassProcessor.java:82)
	org.gradle.api.internal.tasks.testing.junitplatform.JUnitPlatformTestClassProcessor.stop(JUnitPlatformTestClassProcessor.java:78)
	org.gradle.api.internal.tasks.testing.SuiteTestClassProcessor.stop(SuiteTestClassProcessor.java:61)
	sun.reflect.NativeMethodAccessorImpl.invoke0(Native Method)
	sun.reflect.NativeMethodAccessorImpl.invoke(NativeMethodAccessorImpl.java:62)
	sun.reflect.DelegatingMethodAccessorImpl.invoke(DelegatingMethodAccessorImpl.java:43)
	java.lang.reflect.Method.invoke(Method.java:498)
	org.gradle.internal.dispatch.ReflectionDispatch.dispatch(ReflectionDispatch.java:36)
	org.gradle.internal.dispatch.ReflectionDispatch.dispatch(ReflectionDispatch.java:24)
	org.gradle.internal.dispatch.ContextClassLoaderDispatch.dispatch(ContextClassLoaderDispatch.java:33)
	org.gradle.internal.dispatch.ProxyDispatchAdapter$DispatchingInvocationHandler.invoke(ProxyDispatchAdapter.java:94)
	com.sun.proxy.$Proxy2.stop(Unknown Source)
	org.gradle.api.internal.tasks.testing.worker.TestWorker.stop(TestWorker.java:132)
	sun.reflect.NativeMethodAccessorImpl.invoke0(Native Method)
	sun.reflect.NativeMethodAccessorImpl.invoke(NativeMethodAccessorImpl.java:62)
	sun.reflect.DelegatingMethodAccessorImpl.invoke(DelegatingMethodAccessorImpl.java:43)
	java.lang.reflect.Method.invoke(Method.java:498)
	org.gradle.internal.dispatch.ReflectionDispatch.dispatch(ReflectionDispatch.java:36)
	org.gradle.internal.dispatch.ReflectionDispatch.dispatch(ReflectionDispatch.java:24)
	org.gradle.internal.remote.internal.hub.MessageHubBackedObjectConnection$DispatchWrapper.dispatch(MessageHubBackedObjectConnection.java:182)
	org.gradle.internal.remote.internal.hub.MessageHubBackedObjectConnection$DispatchWrapper.dispatch(MessageHubBackedObjectConnection.java:164)
	org.gradle.internal.remote.internal.hub.MessageHub$Handler.run(MessageHub.java:412)
	org.gradle.internal.concurrent.ExecutorPolicy$CatchAndRecordFailures.onExecute(ExecutorPolicy.java:64)
	org.gradle.internal.concurrent.ManagedExecutorImpl$1.run(ManagedExecutorImpl.java:48)
	java.util.concurrent.ThreadPoolExecutor.runWorker(ThreadPoolExecutor.java:1149)
	java.util.concurrent.ThreadPoolExecutor$Worker.run(ThreadPoolExecutor.java:624)
	org.gradle.internal.concurrent.ThreadFactoryImpl$ManagedThreadRunnable.run(ThreadFactoryImpl.java:56)
	java.lang.Thread.run(Thread.java:748)
22:22:58.627 [Test worker] ERROR i.n.u.ResourceLeakDetector - LEAK: ByteBuf.release() was not called before it's garbage-collected. See https://netty.io/wiki/reference-counted-objects.html for more information.
Recent access records: 
#1:
	io.netty.buffer.AdvancedLeakAwareByteBuf.order(AdvancedLeakAwareByteBuf.java:70)
	io.netty.buffer.CompositeByteBuf.newComponent(CompositeByteBuf.java:335)
	io.netty.buffer.CompositeByteBuf.addComponents0(CompositeByteBuf.java:374)
	io.netty.buffer.CompositeByteBuf.addComponents(CompositeByteBuf.java:236)
	io.netty.buffer.WrappedCompositeByteBuf.addComponents(WrappedCompositeByteBuf.java:540)
	io.netty.buffer.AdvancedLeakAwareCompositeByteBuf.addComponents(AdvancedLeakAwareCompositeByteBuf.java:927)
	io.rsocket.metadata.CompositeMetadataFlyweight.encodeAndAddMetadata(CompositeMetadataFlyweight.java:234)
	org.springframework.messaging.rsocket.MetadataEncoder.encodeEntries(MetadataEncoder.java:188)
	reactor.core.publisher.FluxMap$MapSubscriber.onNext(FluxMap.java:100)
	reactor.core.publisher.Operators$MonoSubscriber.complete(Operators.java:1755)
	reactor.core.publisher.MonoZip$ZipCoordinator.signal(MonoZip.java:247)
	reactor.core.publisher.MonoZip$ZipInner.onNext(MonoZip.java:329)
	reactor.core.publisher.FluxDefaultIfEmpty$DefaultIfEmptySubscriber.onNext(FluxDefaultIfEmpty.java:92)
	reactor.core.publisher.FluxMap$MapSubscriber.onNext(FluxMap.java:114)
	reactor.core.publisher.MonoDelay$MonoDelayRunnable.run(MonoDelay.java:117)
	reactor.core.scheduler.SchedulerTask.call(SchedulerTask.java:68)
	reactor.core.scheduler.SchedulerTask.call(SchedulerTask.java:28)
	java.util.concurrent.FutureTask.run(FutureTask.java:266)
	java.util.concurrent.ScheduledThreadPoolExecutor$ScheduledFutureTask.access$201(ScheduledThreadPoolExecutor.java:180)
	java.util.concurrent.ScheduledThreadPoolExecutor$ScheduledFutureTask.run(ScheduledThreadPoolExecutor.java:293)
	java.util.concurrent.ThreadPoolExecutor.runWorker(ThreadPoolExecutor.java:1149)
	java.util.concurrent.ThreadPoolExecutor$Worker.run(ThreadPoolExecutor.java:624)
	java.lang.Thread.run(Thread.java:748)
#2:
	io.netty.buffer.AdvancedLeakAwareByteBuf.writeByte(AdvancedLeakAwareByteBuf.java:544)
	io.rsocket.util.NumberUtils.encodeUnsignedMedium(NumberUtils.java:162)
	io.rsocket.metadata.CompositeMetadataFlyweight.encodeMetadataHeader(CompositeMetadataFlyweight.java:381)
	io.rsocket.metadata.CompositeMetadataFlyweight.encodeAndAddMetadata(CompositeMetadataFlyweight.java:236)
	org.springframework.messaging.rsocket.MetadataEncoder.encodeEntries(MetadataEncoder.java:188)
	reactor.core.publisher.FluxMap$MapSubscriber.onNext(FluxMap.java:100)
	reactor.core.publisher.Operators$MonoSubscriber.complete(Operators.java:1755)
	reactor.core.publisher.MonoZip$ZipCoordinator.signal(MonoZip.java:247)
	reactor.core.publisher.MonoZip$ZipInner.onNext(MonoZip.java:329)
	reactor.core.publisher.FluxDefaultIfEmpty$DefaultIfEmptySubscriber.onNext(FluxDefaultIfEmpty.java:92)
	reactor.core.publisher.FluxMap$MapSubscriber.onNext(FluxMap.java:114)
	reactor.core.publisher.MonoDelay$MonoDelayRunnable.run(MonoDelay.java:117)
	reactor.core.scheduler.SchedulerTask.call(SchedulerTask.java:68)
	reactor.core.scheduler.SchedulerTask.call(SchedulerTask.java:28)
	java.util.concurrent.FutureTask.run(FutureTask.java:266)
	java.util.concurrent.ScheduledThreadPoolExecutor$ScheduledFutureTask.access$201(ScheduledThreadPoolExecutor.java:180)
	java.util.concurrent.ScheduledThreadPoolExecutor$ScheduledFutureTask.run(ScheduledThreadPoolExecutor.java:293)
	java.util.concurrent.ThreadPoolExecutor.runWorker(ThreadPoolExecutor.java:1149)
	java.util.concurrent.ThreadPoolExecutor$Worker.run(ThreadPoolExecutor.java:624)
	java.lang.Thread.run(Thread.java:748)
#3:
	io.netty.buffer.AdvancedLeakAwareByteBuf.writeByte(AdvancedLeakAwareByteBuf.java:544)
	io.rsocket.util.NumberUtils.encodeUnsignedMedium(NumberUtils.java:161)
	io.rsocket.metadata.CompositeMetadataFlyweight.encodeMetadataHeader(CompositeMetadataFlyweight.java:381)
	io.rsocket.metadata.CompositeMetadataFlyweight.encodeAndAddMetadata(CompositeMetadataFlyweight.java:236)
	org.springframework.messaging.rsocket.MetadataEncoder.encodeEntries(MetadataEncoder.java:188)
	reactor.core.publisher.FluxMap$MapSubscriber.onNext(FluxMap.java:100)
	reactor.core.publisher.Operators$MonoSubscriber.complete(Operators.java:1755)
	reactor.core.publisher.MonoZip$ZipCoordinator.signal(MonoZip.java:247)
	reactor.core.publisher.MonoZip$ZipInner.onNext(MonoZip.java:329)
	reactor.core.publisher.FluxDefaultIfEmpty$DefaultIfEmptySubscriber.onNext(FluxDefaultIfEmpty.java:92)
	reactor.core.publisher.FluxMap$MapSubscriber.onNext(FluxMap.java:114)
	reactor.core.publisher.MonoDelay$MonoDelayRunnable.run(MonoDelay.java:117)
	reactor.core.scheduler.SchedulerTask.call(SchedulerTask.java:68)
	reactor.core.scheduler.SchedulerTask.call(SchedulerTask.java:28)
	java.util.concurrent.FutureTask.run(FutureTask.java:266)
	java.util.concurrent.ScheduledThreadPoolExecutor$ScheduledFutureTask.access$201(ScheduledThreadPoolExecutor.java:180)
	java.util.concurrent.ScheduledThreadPoolExecutor$ScheduledFutureTask.run(ScheduledThreadPoolExecutor.java:293)
	java.util.concurrent.ThreadPoolExecutor.runWorker(ThreadPoolExecutor.java:1149)
	java.util.concurrent.ThreadPoolExecutor$Worker.run(ThreadPoolExecutor.java:624)
	java.lang.Thread.run(Thread.java:748)
#4:
	io.netty.buffer.AdvancedLeakAwareByteBuf.writeByte(AdvancedLeakAwareByteBuf.java:544)
	io.rsocket.util.NumberUtils.encodeUnsignedMedium(NumberUtils.java:160)
	io.rsocket.metadata.CompositeMetadataFlyweight.encodeMetadataHeader(CompositeMetadataFlyweight.java:381)
	io.rsocket.metadata.CompositeMetadataFlyweight.encodeAndAddMetadata(CompositeMetadataFlyweight.java:236)
	org.springframework.messaging.rsocket.MetadataEncoder.encodeEntries(MetadataEncoder.java:188)
	reactor.core.publisher.FluxMap$MapSubscriber.onNext(FluxMap.java:100)
	reactor.core.publisher.Operators$MonoSubscriber.complete(Operators.java:1755)
	reactor.core.publisher.MonoZip$ZipCoordinator.signal(MonoZip.java:247)
	reactor.core.publisher.MonoZip$ZipInner.onNext(MonoZip.java:329)
	reactor.core.publisher.FluxDefaultIfEmpty$DefaultIfEmptySubscriber.onNext(FluxDefaultIfEmpty.java:92)
	reactor.core.publisher.FluxMap$MapSubscriber.onNext(FluxMap.java:114)
	reactor.core.publisher.MonoDelay$MonoDelayRunnable.run(MonoDelay.java:117)
	reactor.core.scheduler.SchedulerTask.call(SchedulerTask.java:68)
	reactor.core.scheduler.SchedulerTask.call(SchedulerTask.java:28)
	java.util.concurrent.FutureTask.run(FutureTask.java:266)
	java.util.concurrent.ScheduledThreadPoolExecutor$ScheduledFutureTask.access$201(ScheduledThreadPoolExecutor.java:180)
	java.util.concurrent.ScheduledThreadPoolExecutor$ScheduledFutureTask.run(ScheduledThreadPoolExecutor.java:293)
	java.util.concurrent.ThreadPoolExecutor.runWorker(ThreadPoolExecutor.java:1149)
	java.util.concurrent.ThreadPoolExecutor$Worker.run(ThreadPoolExecutor.java:624)
	java.lang.Thread.run(Thread.java:748)
#5:
	io.netty.buffer.AdvancedLeakAwareByteBuf.writeByte(AdvancedLeakAwareByteBuf.java:544)
	io.rsocket.metadata.CompositeMetadataFlyweight.encodeMetadataHeader(CompositeMetadataFlyweight.java:379)
	io.rsocket.metadata.CompositeMetadataFlyweight.encodeAndAddMetadata(CompositeMetadataFlyweight.java:236)
	org.springframework.messaging.rsocket.MetadataEncoder.encodeEntries(MetadataEncoder.java:188)
	reactor.core.publisher.FluxMap$MapSubscriber.onNext(FluxMap.java:100)
	reactor.core.publisher.Operators$MonoSubscriber.complete(Operators.java:1755)
	reactor.core.publisher.MonoZip$ZipCoordinator.signal(MonoZip.java:247)
	reactor.core.publisher.MonoZip$ZipInner.onNext(MonoZip.java:329)
	reactor.core.publisher.FluxDefaultIfEmpty$DefaultIfEmptySubscriber.onNext(FluxDefaultIfEmpty.java:92)
	reactor.core.publisher.FluxMap$MapSubscriber.onNext(FluxMap.java:114)
	reactor.core.publisher.MonoDelay$MonoDelayRunnable.run(MonoDelay.java:117)
	reactor.core.scheduler.SchedulerTask.call(SchedulerTask.java:68)
	reactor.core.scheduler.SchedulerTask.call(SchedulerTask.java:28)
	java.util.concurrent.FutureTask.run(FutureTask.java:266)
	java.util.concurrent.ScheduledThreadPoolExecutor$ScheduledFutureTask.access$201(ScheduledThreadPoolExecutor.java:180)
	java.util.concurrent.ScheduledThreadPoolExecutor$ScheduledFutureTask.run(ScheduledThreadPoolExecutor.java:293)
	java.util.concurrent.ThreadPoolExecutor.runWorker(ThreadPoolExecutor.java:1149)
	java.util.concurrent.ThreadPoolExecutor$Worker.run(ThreadPoolExecutor.java:624)
	java.lang.Thread.run(Thread.java:748)
Created at:
	io.netty.buffer.PooledByteBufAllocator.newDirectBuffer(PooledByteBufAllocator.java:363)
	io.netty.buffer.AbstractByteBufAllocator.directBuffer(AbstractByteBufAllocator.java:187)
	io.netty.buffer.AbstractByteBufAllocator.buffer(AbstractByteBufAllocator.java:123)
	io.rsocket.metadata.CompositeMetadataFlyweight.encodeMetadataHeader(CompositeMetadataFlyweight.java:379)
	io.rsocket.metadata.CompositeMetadataFlyweight.encodeAndAddMetadata(CompositeMetadataFlyweight.java:236)
	org.springframework.messaging.rsocket.MetadataEncoder.encodeEntries(MetadataEncoder.java:188)
	reactor.core.publisher.FluxMap$MapSubscriber.onNext(FluxMap.java:100)
	reactor.core.publisher.Operators$MonoSubscriber.complete(Operators.java:1755)
	reactor.core.publisher.MonoZip$ZipCoordinator.signal(MonoZip.java:247)
	reactor.core.publisher.MonoZip$ZipInner.onNext(MonoZip.java:329)
	reactor.core.publisher.FluxDefaultIfEmpty$DefaultIfEmptySubscriber.onNext(FluxDefaultIfEmpty.java:92)
	reactor.core.publisher.FluxMap$MapSubscriber.onNext(FluxMap.java:114)
	reactor.core.publisher.MonoDelay$MonoDelayRunnable.run(MonoDelay.java:117)
	reactor.core.scheduler.SchedulerTask.call(SchedulerTask.java:68)
	reactor.core.scheduler.SchedulerTask.call(SchedulerTask.java:28)
	java.util.concurrent.FutureTask.run(FutureTask.java:266)
	java.util.concurrent.ScheduledThreadPoolExecutor$ScheduledFutureTask.access$201(ScheduledThreadPoolExecutor.java:180)
	java.util.concurrent.ScheduledThreadPoolExecutor$ScheduledFutureTask.run(ScheduledThreadPoolExecutor.java:293)
	java.util.concurrent.ThreadPoolExecutor.runWorker(ThreadPoolExecutor.java:1149)
	java.util.concurrent.ThreadPoolExecutor$Worker.run(ThreadPoolExecutor.java:624)
	java.lang.Thread.run(Thread.java:748)
22:22:58.628 [Test worker] ERROR i.n.u.ResourceLeakDetector - LEAK: ByteBuf.release() was not called before it's garbage-collected. See https://netty.io/wiki/reference-counted-objects.html for more information.
Recent access records: 
#1:
	io.netty.buffer.AdvancedLeakAwareByteBuf.toString(AdvancedLeakAwareByteBuf.java:742)
	io.rsocket.Payload.getDataUtf8(Payload.java:102)
	org.springframework.messaging.rsocket.DefaultRSocketRequesterTests.testSendMono(DefaultRSocketRequesterTests.java:99)
	org.springframework.messaging.rsocket.DefaultRSocketRequesterTests.sendMono(DefaultRSocketRequesterTests.java:89)
	sun.reflect.NativeMethodAccessorImpl.invoke0(Native Method)
	sun.reflect.NativeMethodAccessorImpl.invoke(NativeMethodAccessorImpl.java:62)
	sun.reflect.DelegatingMethodAccessorImpl.invoke(DelegatingMethodAccessorImpl.java:43)
	java.lang.reflect.Method.invoke(Method.java:498)
	org.junit.platform.commons.util.ReflectionUtils.invokeMethod(ReflectionUtils.java:686)
	org.junit.jupiter.engine.execution.MethodInvocation.proceed(MethodInvocation.java:60)
	org.junit.jupiter.engine.execution.InvocationInterceptorChain$ValidatingInvocation.proceed(InvocationInterceptorChain.java:131)
	org.junit.jupiter.engine.extension.TimeoutExtension.intercept(TimeoutExtension.java:149)
	org.junit.jupiter.engine.extension.TimeoutExtension.interceptTestableMethod(TimeoutExtension.java:140)
	org.junit.jupiter.engine.extension.TimeoutExtension.interceptTestMethod(TimeoutExtension.java:84)
	org.junit.jupiter.engine.execution.ExecutableInvoker$ReflectiveInterceptorCall.lambda$ofVoidMethod$0(ExecutableInvoker.java:115)
	org.junit.jupiter.engine.execution.ExecutableInvoker.lambda$invoke$0(ExecutableInvoker.java:105)
	org.junit.jupiter.engine.execution.InvocationInterceptorChain$InterceptedInvocation.proceed(InvocationInterceptorChain.java:106)
	org.junit.jupiter.engine.execution.InvocationInterceptorChain.proceed(InvocationInterceptorChain.java:64)
	org.junit.jupiter.engine.execution.InvocationInterceptorChain.chainAndInvoke(InvocationInterceptorChain.java:45)
	org.junit.jupiter.engine.execution.InvocationInterceptorChain.invoke(InvocationInterceptorChain.java:37)
	org.junit.jupiter.engine.execution.ExecutableInvoker.invoke(ExecutableInvoker.java:104)
	org.junit.jupiter.engine.execution.ExecutableInvoker.invoke(ExecutableInvoker.java:98)
	org.junit.jupiter.engine.descriptor.TestMethodTestDescriptor.lambda$invokeTestMethod$6(TestMethodTestDescriptor.java:212)
	org.junit.platform.engine.support.hierarchical.ThrowableCollector.execute(ThrowableCollector.java:73)
	org.junit.jupiter.engine.descriptor.TestMethodTestDescriptor.invokeTestMethod(TestMethodTestDescriptor.java:208)
	org.junit.jupiter.engine.descriptor.TestMethodTestDescriptor.execute(TestMethodTestDescriptor.java:137)
	org.junit.jupiter.engine.descriptor.TestMethodTestDescriptor.execute(TestMethodTestDescriptor.java:71)
	org.junit.platform.engine.support.hierarchical.NodeTestTask.lambda$executeRecursively$5(NodeTestTask.java:135)
	org.junit.platform.engine.support.hierarchical.ThrowableCollector.execute(ThrowableCollector.java:73)
	org.junit.platform.engine.support.hierarchical.NodeTestTask.lambda$executeRecursively$7(NodeTestTask.java:125)
	org.junit.platform.engine.support.hierarchical.Node.around(Node.java:135)
	org.junit.platform.engine.support.hierarchical.NodeTestTask.lambda$executeRecursively$8(NodeTestTask.java:123)
	org.junit.platform.engine.support.hierarchical.ThrowableCollector.execute(ThrowableCollector.java:73)
	org.junit.platform.engine.support.hierarchical.NodeTestTask.executeRecursively(NodeTestTask.java:122)
	org.junit.platform.engine.support.hierarchical.NodeTestTask.execute(NodeTestTask.java:80)
	java.util.ArrayList.forEach(ArrayList.java:1257)
	org.junit.platform.engine.support.hierarchical.SameThreadHierarchicalTestExecutorService.invokeAll(SameThreadHierarchicalTestExecutorService.java:38)
	org.junit.platform.engine.support.hierarchical.NodeTestTask.lambda$executeRecursively$5(NodeTestTask.java:139)
	org.junit.platform.engine.support.hierarchical.ThrowableCollector.execute(ThrowableCollector.java:73)
	org.junit.platform.engine.support.hierarchical.NodeTestTask.lambda$executeRecursively$7(NodeTestTask.java:125)
	org.junit.platform.engine.support.hierarchical.Node.around(Node.java:135)
	org.junit.platform.engine.support.hierarchical.NodeTestTask.lambda$executeRecursively$8(NodeTestTask.java:123)
	org.junit.platform.engine.support.hierarchical.ThrowableCollector.execute(ThrowableCollector.java:73)
	org.junit.platform.engine.support.hierarchical.NodeTestTask.executeRecursively(NodeTestTask.java:122)
	org.junit.platform.engine.support.hierarchical.NodeTestTask.execute(NodeTestTask.java:80)
	java.util.ArrayList.forEach(ArrayList.java:1257)
	org.junit.platform.engine.support.hierarchical.SameThreadHierarchicalTestExecutorService.invokeAll(SameThreadHierarchicalTestExecutorService.java:38)
	org.junit.platform.engine.support.hierarchical.NodeTestTask.lambda$executeRecursively$5(NodeTestTask.java:139)
	org.junit.platform.engine.support.hierarchical.ThrowableCollector.execute(ThrowableCollector.java:73)
	org.junit.platform.engine.support.hierarchical.NodeTestTask.lambda$executeRecursively$7(NodeTestTask.java:125)
	org.junit.platform.engine.support.hierarchical.Node.around(Node.java:135)
	org.junit.platform.engine.support.hierarchical.NodeTestTask.lambda$executeRecursively$8(NodeTestTask.java:123)
	org.junit.platform.engine.support.hierarchical.ThrowableCollector.execute(ThrowableCollector.java:73)
	org.junit.platform.engine.support.hierarchical.NodeTestTask.executeRecursively(NodeTestTask.java:122)
	org.junit.platform.engine.support.hierarchical.NodeTestTask.execute(NodeTestTask.java:80)
	org.junit.platform.engine.support.hierarchical.SameThreadHierarchicalTestExecutorService.submit(SameThreadHierarchicalTestExecutorService.java:32)
	org.junit.platform.engine.support.hierarchical.HierarchicalTestExecutor.execute(HierarchicalTestExecutor.java:57)
	org.junit.platform.engine.support.hierarchical.HierarchicalTestEngine.execute(HierarchicalTestEngine.java:51)
	org.junit.platform.launcher.core.DefaultLauncher.execute(DefaultLauncher.java:248)
	org.junit.platform.launcher.core.DefaultLauncher.lambda$execute$5(DefaultLauncher.java:211)
	org.junit.platform.launcher.core.DefaultLauncher.withInterceptedStreams(DefaultLauncher.java:226)
	org.junit.platform.launcher.core.DefaultLauncher.execute(DefaultLauncher.java:199)
	org.junit.platform.launcher.core.DefaultLauncher.execute(DefaultLauncher.java:132)
	org.gradle.api.internal.tasks.testing.junitplatform.JUnitPlatformTestClassProcessor$CollectAllTestClassesExecutor.processAllTestClasses(JUnitPlatformTestClassProcessor.java:102)
	org.gradle.api.internal.tasks.testing.junitplatform.JUnitPlatformTestClassProcessor$CollectAllTestClassesExecutor.access$000(JUnitPlatformTestClassProcessor.java:82)
	org.gradle.api.internal.tasks.testing.junitplatform.JUnitPlatformTestClassProcessor.stop(JUnitPlatformTestClassProcessor.java:78)
	org.gradle.api.internal.tasks.testing.SuiteTestClassProcessor.stop(SuiteTestClassProcessor.java:61)
	sun.reflect.NativeMethodAccessorImpl.invoke0(Native Method)
	sun.reflect.NativeMethodAccessorImpl.invoke(NativeMethodAccessorImpl.java:62)
	sun.reflect.DelegatingMethodAccessorImpl.invoke(DelegatingMethodAccessorImpl.java:43)
	java.lang.reflect.Method.invoke(Method.java:498)
	org.gradle.internal.dispatch.ReflectionDispatch.dispatch(ReflectionDispatch.java:36)
	org.gradle.internal.dispatch.ReflectionDispatch.dispatch(ReflectionDispatch.java:24)
	org.gradle.internal.dispatch.ContextClassLoaderDispatch.dispatch(ContextClassLoaderDispatch.java:33)
	org.gradle.internal.dispatch.ProxyDispatchAdapter$DispatchingInvocationHandler.invoke(ProxyDispatchAdapter.java:94)
	com.sun.proxy.$Proxy2.stop(Unknown Source)
	org.gradle.api.internal.tasks.testing.worker.TestWorker.stop(TestWorker.java:132)
	sun.reflect.NativeMethodAccessorImpl.invoke0(Native Method)
	sun.reflect.NativeMethodAccessorImpl.invoke(NativeMethodAccessorImpl.java:62)
	sun.reflect.DelegatingMethodAccessorImpl.invoke(DelegatingMethodAccessorImpl.java:43)
	java.lang.reflect.Method.invoke(Method.java:498)
	org.gradle.internal.dispatch.ReflectionDispatch.dispatch(ReflectionDispatch.java:36)
	org.gradle.internal.dispatch.ReflectionDispatch.dispatch(ReflectionDispatch.java:24)
	org.gradle.internal.remote.internal.hub.MessageHubBackedObjectConnection$DispatchWrapper.dispatch(MessageHubBackedObjectConnection.java:182)
	org.gradle.internal.remote.internal.hub.MessageHubBackedObjectConnection$DispatchWrapper.dispatch(MessageHubBackedObjectConnection.java:164)
	org.gradle.internal.remote.internal.hub.MessageHub$Handler.run(MessageHub.java:412)
	org.gradle.internal.concurrent.ExecutorPolicy$CatchAndRecordFailures.onExecute(ExecutorPolicy.java:64)
	org.gradle.internal.concurrent.ManagedExecutorImpl$1.run(ManagedExecutorImpl.java:48)
	java.util.concurrent.ThreadPoolExecutor.runWorker(ThreadPoolExecutor.java:1149)
	java.util.concurrent.ThreadPoolExecutor$Worker.run(ThreadPoolExecutor.java:624)
	org.gradle.internal.concurrent.ThreadFactoryImpl$ManagedThreadRunnable.run(ThreadFactoryImpl.java:56)
	java.lang.Thread.run(Thread.java:748)
#2:
	io.netty.buffer.AdvancedLeakAwareByteBuf.slice(AdvancedLeakAwareByteBuf.java:76)
	io.rsocket.util.ByteBufPayload.sliceData(ByteBufPayload.java:149)
	io.rsocket.Payload.getDataUtf8(Payload.java:102)
	org.springframework.messaging.rsocket.DefaultRSocketRequesterTests.testSendMono(DefaultRSocketRequesterTests.java:99)
	org.springframework.messaging.rsocket.DefaultRSocketRequesterTests.sendMono(DefaultRSocketRequesterTests.java:89)
	sun.reflect.NativeMethodAccessorImpl.invoke0(Native Method)
	sun.reflect.NativeMethodAccessorImpl.invoke(NativeMethodAccessorImpl.java:62)
	sun.reflect.DelegatingMethodAccessorImpl.invoke(DelegatingMethodAccessorImpl.java:43)
	java.lang.reflect.Method.invoke(Method.java:498)
	org.junit.platform.commons.util.ReflectionUtils.invokeMethod(ReflectionUtils.java:686)
	org.junit.jupiter.engine.execution.MethodInvocation.proceed(MethodInvocation.java:60)
	org.junit.jupiter.engine.execution.InvocationInterceptorChain$ValidatingInvocation.proceed(InvocationInterceptorChain.java:131)
	org.junit.jupiter.engine.extension.TimeoutExtension.intercept(TimeoutExtension.java:149)
	org.junit.jupiter.engine.extension.TimeoutExtension.interceptTestableMethod(TimeoutExtension.java:140)
	org.junit.jupiter.engine.extension.TimeoutExtension.interceptTestMethod(TimeoutExtension.java:84)
	org.junit.jupiter.engine.execution.ExecutableInvoker$ReflectiveInterceptorCall.lambda$ofVoidMethod$0(ExecutableInvoker.java:115)
	org.junit.jupiter.engine.execution.ExecutableInvoker.lambda$invoke$0(ExecutableInvoker.java:105)
	org.junit.jupiter.engine.execution.InvocationInterceptorChain$InterceptedInvocation.proceed(InvocationInterceptorChain.java:106)
	org.junit.jupiter.engine.execution.InvocationInterceptorChain.proceed(InvocationInterceptorChain.java:64)
	org.junit.jupiter.engine.execution.InvocationInterceptorChain.chainAndInvoke(InvocationInterceptorChain.java:45)
	org.junit.jupiter.engine.execution.InvocationInterceptorChain.invoke(InvocationInterceptorChain.java:37)
	org.junit.jupiter.engine.execution.ExecutableInvoker.invoke(ExecutableInvoker.java:104)
	org.junit.jupiter.engine.execution.ExecutableInvoker.invoke(ExecutableInvoker.java:98)
	org.junit.jupiter.engine.descriptor.TestMethodTestDescriptor.lambda$invokeTestMethod$6(TestMethodTestDescriptor.java:212)
	org.junit.platform.engine.support.hierarchical.ThrowableCollector.execute(ThrowableCollector.java:73)
	org.junit.jupiter.engine.descriptor.TestMethodTestDescriptor.invokeTestMethod(TestMethodTestDescriptor.java:208)
	org.junit.jupiter.engine.descriptor.TestMethodTestDescriptor.execute(TestMethodTestDescriptor.java:137)
	org.junit.jupiter.engine.descriptor.TestMethodTestDescriptor.execute(TestMethodTestDescriptor.java:71)
	org.junit.platform.engine.support.hierarchical.NodeTestTask.lambda$executeRecursively$5(NodeTestTask.java:135)
	org.junit.platform.engine.support.hierarchical.ThrowableCollector.execute(ThrowableCollector.java:73)
	org.junit.platform.engine.support.hierarchical.NodeTestTask.lambda$executeRecursively$7(NodeTestTask.java:125)
	org.junit.platform.engine.support.hierarchical.Node.around(Node.java:135)
	org.junit.platform.engine.support.hierarchical.NodeTestTask.lambda$executeRecursively$8(NodeTestTask.java:123)
	org.junit.platform.engine.support.hierarchical.ThrowableCollector.execute(ThrowableCollector.java:73)
	org.junit.platform.engine.support.hierarchical.NodeTestTask.executeRecursively(NodeTestTask.java:122)
	org.junit.platform.engine.support.hierarchical.NodeTestTask.execute(NodeTestTask.java:80)
	java.util.ArrayList.forEach(ArrayList.java:1257)
	org.junit.platform.engine.support.hierarchical.SameThreadHierarchicalTestExecutorService.invokeAll(SameThreadHierarchicalTestExecutorService.java:38)
	org.junit.platform.engine.support.hierarchical.NodeTestTask.lambda$executeRecursively$5(NodeTestTask.java:139)
	org.junit.platform.engine.support.hierarchical.ThrowableCollector.execute(ThrowableCollector.java:73)
	org.junit.platform.engine.support.hierarchical.NodeTestTask.lambda$executeRecursively$7(NodeTestTask.java:125)
	org.junit.platform.engine.support.hierarchical.Node.around(Node.java:135)
	org.junit.platform.engine.support.hierarchical.NodeTestTask.lambda$executeRecursively$8(NodeTestTask.java:123)
	org.junit.platform.engine.support.hierarchical.ThrowableCollector.execute(ThrowableCollector.java:73)
	org.junit.platform.engine.support.hierarchical.NodeTestTask.executeRecursively(NodeTestTask.java:122)
	org.junit.platform.engine.support.hierarchical.NodeTestTask.execute(NodeTestTask.java:80)
	java.util.ArrayList.forEach(ArrayList.java:1257)
	org.junit.platform.engine.support.hierarchical.SameThreadHierarchicalTestExecutorService.invokeAll(SameThreadHierarchicalTestExecutorService.java:38)
	org.junit.platform.engine.support.hierarchical.NodeTestTask.lambda$executeRecursively$5(NodeTestTask.java:139)
	org.junit.platform.engine.support.hierarchical.ThrowableCollector.execute(ThrowableCollector.java:73)
	org.junit.platform.engine.support.hierarchical.NodeTestTask.lambda$executeRecursively$7(NodeTestTask.java:125)
	org.junit.platform.engine.support.hierarchical.Node.around(Node.java:135)
	org.junit.platform.engine.support.hierarchical.NodeTestTask.lambda$executeRecursively$8(NodeTestTask.java:123)
	org.junit.platform.engine.support.hierarchical.ThrowableCollector.execute(ThrowableCollector.java:73)
	org.junit.platform.engine.support.hierarchical.NodeTestTask.executeRecursively(NodeTestTask.java:122)
	org.junit.platform.engine.support.hierarchical.NodeTestTask.execute(NodeTestTask.java:80)
	org.junit.platform.engine.support.hierarchical.SameThreadHierarchicalTestExecutorService.submit(SameThreadHierarchicalTestExecutorService.java:32)
	org.junit.platform.engine.support.hierarchical.HierarchicalTestExecutor.execute(HierarchicalTestExecutor.java:57)
	org.junit.platform.engine.support.hierarchical.HierarchicalTestEngine.execute(HierarchicalTestEngine.java:51)
	org.junit.platform.launcher.core.DefaultLauncher.execute(DefaultLauncher.java:248)
	org.junit.platform.launcher.core.DefaultLauncher.lambda$execute$5(DefaultLauncher.java:211)
	org.junit.platform.launcher.core.DefaultLauncher.withInterceptedStreams(DefaultLauncher.java:226)
	org.junit.platform.launcher.core.DefaultLauncher.execute(DefaultLauncher.java:199)
	org.junit.platform.launcher.core.DefaultLauncher.execute(DefaultLauncher.java:132)
	org.gradle.api.internal.tasks.testing.junitplatform.JUnitPlatformTestClassProcessor$CollectAllTestClassesExecutor.processAllTestClasses(JUnitPlatformTestClassProcessor.java:102)
	org.gradle.api.internal.tasks.testing.junitplatform.JUnitPlatformTestClassProcessor$CollectAllTestClassesExecutor.access$000(JUnitPlatformTestClassProcessor.java:82)
	org.gradle.api.internal.tasks.testing.junitplatform.JUnitPlatformTestClassProcessor.stop(JUnitPlatformTestClassProcessor.java:78)
	org.gradle.api.internal.tasks.testing.SuiteTestClassProcessor.stop(SuiteTestClassProcessor.java:61)
	sun.reflect.NativeMethodAccessorImpl.invoke0(Native Method)
	sun.reflect.NativeMethodAccessorImpl.invoke(NativeMethodAccessorImpl.java:62)
	sun.reflect.DelegatingMethodAccessorImpl.invoke(DelegatingMethodAccessorImpl.java:43)
	java.lang.reflect.Method.invoke(Method.java:498)
	org.gradle.internal.dispatch.ReflectionDispatch.dispatch(ReflectionDispatch.java:36)
	org.gradle.internal.dispatch.ReflectionDispatch.dispatch(ReflectionDispatch.java:24)
	org.gradle.internal.dispatch.ContextClassLoaderDispatch.dispatch(ContextClassLoaderDispatch.java:33)
	org.gradle.internal.dispatch.ProxyDispatchAdapter$DispatchingInvocationHandler.invoke(ProxyDispatchAdapter.java:94)
	com.sun.proxy.$Proxy2.stop(Unknown Source)
	org.gradle.api.internal.tasks.testing.worker.TestWorker.stop(TestWorker.java:132)
	sun.reflect.NativeMethodAccessorImpl.invoke0(Native Method)
	sun.reflect.NativeMethodAccessorImpl.invoke(NativeMethodAccessorImpl.java:62)
	sun.reflect.DelegatingMethodAccessorImpl.invoke(DelegatingMethodAccessorImpl.java:43)
	java.lang.reflect.Method.invoke(Method.java:498)
	org.gradle.internal.dispatch.ReflectionDispatch.dispatch(ReflectionDispatch.java:36)
	org.gradle.internal.dispatch.ReflectionDispatch.dispatch(ReflectionDispatch.java:24)
	org.gradle.internal.remote.internal.hub.MessageHubBackedObjectConnection$DispatchWrapper.dispatch(MessageHubBackedObjectConnection.java:182)
	org.gradle.internal.remote.internal.hub.MessageHubBackedObjectConnection$DispatchWrapper.dispatch(MessageHubBackedObjectConnection.java:164)
	org.gradle.internal.remote.internal.hub.MessageHub$Handler.run(MessageHub.java:412)
	org.gradle.internal.concurrent.ExecutorPolicy$CatchAndRecordFailures.onExecute(ExecutorPolicy.java:64)
	org.gradle.internal.concurrent.ManagedExecutorImpl$1.run(ManagedExecutorImpl.java:48)
	java.util.concurrent.ThreadPoolExecutor.runWorker(ThreadPoolExecutor.java:1149)
	java.util.concurrent.ThreadPoolExecutor$Worker.run(ThreadPoolExecutor.java:624)
	org.gradle.internal.concurrent.ThreadFactoryImpl$ManagedThreadRunnable.run(ThreadFactoryImpl.java:56)
	java.lang.Thread.run(Thread.java:748)
Created at:
	io.netty.buffer.PooledByteBufAllocator.newDirectBuffer(PooledByteBufAllocator.java:363)
	io.netty.buffer.AbstractByteBufAllocator.directBuffer(AbstractByteBufAllocator.java:187)
	io.netty.buffer.AbstractByteBufAllocator.directBuffer(AbstractByteBufAllocator.java:178)
	io.netty.buffer.AbstractByteBufAllocator.buffer(AbstractByteBufAllocator.java:115)
	org.springframework.core.io.buffer.NettyDataBufferFactory.allocateBuffer(NettyDataBufferFactory.java:71)
	org.springframework.core.io.buffer.NettyDataBufferFactory.allocateBuffer(NettyDataBufferFactory.java:39)
	org.springframework.core.codec.CharSequenceEncoder.encodeValue(CharSequenceEncoder.java:91)
	org.springframework.core.codec.CharSequenceEncoder.encodeValue(CharSequenceEncoder.java:47)
	org.springframework.messaging.rsocket.DefaultRSocketRequester$DefaultRequestSpec.encodeData(DefaultRSocketRequester.java:236)
	org.springframework.messaging.rsocket.DefaultRSocketRequester$DefaultRequestSpec.lambda$createPayload$1(DefaultRSocketRequester.java:206)
	reactor.core.publisher.FluxMap$MapSubscriber.onNext(FluxMap.java:100)
	reactor.core.publisher.FluxMap$MapSubscriber.onNext(FluxMap.java:114)
	reactor.core.publisher.MonoDelay$MonoDelayRunnable.run(MonoDelay.java:117)
	reactor.core.scheduler.SchedulerTask.call(SchedulerTask.java:68)
	reactor.core.scheduler.SchedulerTask.call(SchedulerTask.java:28)
	java.util.concurrent.FutureTask.run(FutureTask.java:266)
	java.util.concurrent.ScheduledThreadPoolExecutor$ScheduledFutureTask.access$201(ScheduledThreadPoolExecutor.java:180)
	java.util.concurrent.ScheduledThreadPoolExecutor$ScheduledFutureTask.run(ScheduledThreadPoolExecutor.java:293)
	java.util.concurrent.ThreadPoolExecutor.runWorker(ThreadPoolExecutor.java:1149)
	java.util.concurrent.ThreadPoolExecutor$Worker.run(ThreadPoolExecutor.java:624)
	java.lang.Thread.run(Thread.java:748)
22:22:58.631 [Test worker] ERROR i.n.u.ResourceLeakDetector - LEAK: ByteBuf.release() was not called before it's garbage-collected. See https://netty.io/wiki/reference-counted-objects.html for more information.
Recent access records: 
#1:
	io.netty.buffer.AdvancedLeakAwareByteBuf.order(AdvancedLeakAwareByteBuf.java:70)
	io.netty.buffer.CompositeByteBuf.newComponent(CompositeByteBuf.java:335)
	io.netty.buffer.CompositeByteBuf.addComponents0(CompositeByteBuf.java:374)
	io.netty.buffer.CompositeByteBuf.addComponents(CompositeByteBuf.java:236)
	io.netty.buffer.WrappedCompositeByteBuf.addComponents(WrappedCompositeByteBuf.java:540)
	io.netty.buffer.AdvancedLeakAwareCompositeByteBuf.addComponents(AdvancedLeakAwareCompositeByteBuf.java:927)
	io.rsocket.metadata.CompositeMetadataFlyweight.encodeAndAddMetadata(CompositeMetadataFlyweight.java:234)
	org.springframework.messaging.rsocket.MetadataEncoder.encodeEntries(MetadataEncoder.java:188)
	reactor.core.publisher.FluxMap$MapSubscriber.onNext(FluxMap.java:100)
	reactor.core.publisher.Operators$MonoSubscriber.complete(Operators.java:1755)
	reactor.core.publisher.MonoZip$ZipCoordinator.signal(MonoZip.java:247)
	reactor.core.publisher.MonoZip$ZipInner.onNext(MonoZip.java:329)
	reactor.core.publisher.FluxDefaultIfEmpty$DefaultIfEmptySubscriber.onNext(FluxDefaultIfEmpty.java:92)
	reactor.core.publisher.FluxMap$MapSubscriber.onNext(FluxMap.java:114)
	reactor.core.publisher.MonoDelay$MonoDelayRunnable.run(MonoDelay.java:117)
	reactor.core.scheduler.SchedulerTask.call(SchedulerTask.java:68)
	reactor.core.scheduler.SchedulerTask.call(SchedulerTask.java:28)
	java.util.concurrent.FutureTask.run(FutureTask.java:266)
	java.util.concurrent.ScheduledThreadPoolExecutor$ScheduledFutureTask.access$201(ScheduledThreadPoolExecutor.java:180)
	java.util.concurrent.ScheduledThreadPoolExecutor$ScheduledFutureTask.run(ScheduledThreadPoolExecutor.java:293)
	java.util.concurrent.ThreadPoolExecutor.runWorker(ThreadPoolExecutor.java:1149)
	java.util.concurrent.ThreadPoolExecutor$Worker.run(ThreadPoolExecutor.java:624)
	java.lang.Thread.run(Thread.java:748)
#2:
	io.netty.buffer.AdvancedLeakAwareByteBuf.writeByte(AdvancedLeakAwareByteBuf.java:544)
	io.rsocket.util.NumberUtils.encodeUnsignedMedium(NumberUtils.java:161)
	io.rsocket.metadata.CompositeMetadataFlyweight.encodeMetadataHeader(CompositeMetadataFlyweight.java:381)
	io.rsocket.metadata.CompositeMetadataFlyweight.encodeAndAddMetadata(CompositeMetadataFlyweight.java:236)
	org.springframework.messaging.rsocket.MetadataEncoder.encodeEntries(MetadataEncoder.java:188)
	reactor.core.publisher.FluxMap$MapSubscriber.onNext(FluxMap.java:100)
	reactor.core.publisher.Operators$MonoSubscriber.complete(Operators.java:1755)
	reactor.core.publisher.MonoZip$ZipCoordinator.signal(MonoZip.java:247)
	reactor.core.publisher.MonoZip$ZipInner.onNext(MonoZip.java:329)
	reactor.core.publisher.FluxDefaultIfEmpty$DefaultIfEmptySubscriber.onNext(FluxDefaultIfEmpty.java:92)
	reactor.core.publisher.FluxMap$MapSubscriber.onNext(FluxMap.java:114)
	reactor.core.publisher.MonoDelay$MonoDelayRunnable.run(MonoDelay.java:117)
	reactor.core.scheduler.SchedulerTask.call(SchedulerTask.java:68)
	reactor.core.scheduler.SchedulerTask.call(SchedulerTask.java:28)
	java.util.concurrent.FutureTask.run(FutureTask.java:266)
	java.util.concurrent.ScheduledThreadPoolExecutor$ScheduledFutureTask.access$201(ScheduledThreadPoolExecutor.java:180)
	java.util.concurrent.ScheduledThreadPoolExecutor$ScheduledFutureTask.run(ScheduledThreadPoolExecutor.java:293)
	java.util.concurrent.ThreadPoolExecutor.runWorker(ThreadPoolExecutor.java:1149)
	java.util.concurrent.ThreadPoolExecutor$Worker.run(ThreadPoolExecutor.java:624)
	java.lang.Thread.run(Thread.java:748)
#3:
	io.netty.buffer.AdvancedLeakAwareByteBuf.writeByte(AdvancedLeakAwareByteBuf.java:544)
	io.rsocket.util.NumberUtils.encodeUnsignedMedium(NumberUtils.java:160)
	io.rsocket.metadata.CompositeMetadataFlyweight.encodeMetadataHeader(CompositeMetadataFlyweight.java:381)
	io.rsocket.metadata.CompositeMetadataFlyweight.encodeAndAddMetadata(CompositeMetadataFlyweight.java:236)
	org.springframework.messaging.rsocket.MetadataEncoder.encodeEntries(MetadataEncoder.java:188)
	reactor.core.publisher.FluxMap$MapSubscriber.onNext(FluxMap.java:100)
	reactor.core.publisher.Operators$MonoSubscriber.complete(Operators.java:1755)
	reactor.core.publisher.MonoZip$ZipCoordinator.signal(MonoZip.java:247)
	reactor.core.publisher.MonoZip$ZipInner.onNext(MonoZip.java:329)
	reactor.core.publisher.FluxDefaultIfEmpty$DefaultIfEmptySubscriber.onNext(FluxDefaultIfEmpty.java:92)
	reactor.core.publisher.FluxMap$MapSubscriber.onNext(FluxMap.java:114)
	reactor.core.publisher.MonoDelay$MonoDelayRunnable.run(MonoDelay.java:117)
	reactor.core.scheduler.SchedulerTask.call(SchedulerTask.java:68)
	reactor.core.scheduler.SchedulerTask.call(SchedulerTask.java:28)
	java.util.concurrent.FutureTask.run(FutureTask.java:266)
	java.util.concurrent.ScheduledThreadPoolExecutor$ScheduledFutureTask.access$201(ScheduledThreadPoolExecutor.java:180)
	java.util.concurrent.ScheduledThreadPoolExecutor$ScheduledFutureTask.run(ScheduledThreadPoolExecutor.java:293)
	java.util.concurrent.ThreadPoolExecutor.runWorker(ThreadPoolExecutor.java:1149)
	java.util.concurrent.ThreadPoolExecutor$Worker.run(ThreadPoolExecutor.java:624)
	java.lang.Thread.run(Thread.java:748)
#4:
	io.netty.buffer.AdvancedLeakAwareByteBuf.writeByte(AdvancedLeakAwareByteBuf.java:544)
	io.rsocket.metadata.CompositeMetadataFlyweight.encodeMetadataHeader(CompositeMetadataFlyweight.java:379)
	io.rsocket.metadata.CompositeMetadataFlyweight.encodeAndAddMetadata(CompositeMetadataFlyweight.java:236)
	org.springframework.messaging.rsocket.MetadataEncoder.encodeEntries(MetadataEncoder.java:188)
	reactor.core.publisher.FluxMap$MapSubscriber.onNext(FluxMap.java:100)
	reactor.core.publisher.Operators$MonoSubscriber.complete(Operators.java:1755)
	reactor.core.publisher.MonoZip$ZipCoordinator.signal(MonoZip.java:247)
	reactor.core.publisher.MonoZip$ZipInner.onNext(MonoZip.java:329)
	reactor.core.publisher.FluxDefaultIfEmpty$DefaultIfEmptySubscriber.onNext(FluxDefaultIfEmpty.java:92)
	reactor.core.publisher.FluxMap$MapSubscriber.onNext(FluxMap.java:114)
	reactor.core.publisher.MonoDelay$MonoDelayRunnable.run(MonoDelay.java:117)
	reactor.core.scheduler.SchedulerTask.call(SchedulerTask.java:68)
	reactor.core.scheduler.SchedulerTask.call(SchedulerTask.java:28)
	java.util.concurrent.FutureTask.run(FutureTask.java:266)
	java.util.concurrent.ScheduledThreadPoolExecutor$ScheduledFutureTask.access$201(ScheduledThreadPoolExecutor.java:180)
	java.util.concurrent.ScheduledThreadPoolExecutor$ScheduledFutureTask.run(ScheduledThreadPoolExecutor.java:293)
	java.util.concurrent.ThreadPoolExecutor.runWorker(ThreadPoolExecutor.java:1149)
	java.util.concurrent.ThreadPoolExecutor$Worker.run(ThreadPoolExecutor.java:624)
	java.lang.Thread.run(Thread.java:748)
Created at:
	io.netty.buffer.PooledByteBufAllocator.newDirectBuffer(PooledByteBufAllocator.java:363)
	io.netty.buffer.AbstractByteBufAllocator.directBuffer(AbstractByteBufAllocator.java:187)
	io.netty.buffer.AbstractByteBufAllocator.buffer(AbstractByteBufAllocator.java:123)
	io.rsocket.metadata.CompositeMetadataFlyweight.encodeMetadataHeader(CompositeMetadataFlyweight.java:379)
	io.rsocket.metadata.CompositeMetadataFlyweight.encodeAndAddMetadata(CompositeMetadataFlyweight.java:236)
	org.springframework.messaging.rsocket.MetadataEncoder.encodeEntries(MetadataEncoder.java:188)
	reactor.core.publisher.FluxMap$MapSubscriber.onNext(FluxMap.java:100)
	reactor.core.publisher.Operators$MonoSubscriber.complete(Operators.java:1755)
	reactor.core.publisher.MonoZip$ZipCoordinator.signal(MonoZip.java:247)
	reactor.core.publisher.MonoZip$ZipInner.onNext(MonoZip.java:329)
	reactor.core.publisher.FluxDefaultIfEmpty$DefaultIfEmptySubscriber.onNext(FluxDefaultIfEmpty.java:92)
	reactor.core.publisher.FluxMap$MapSubscriber.onNext(FluxMap.java:114)
	reactor.core.publisher.MonoDelay$MonoDelayRunnable.run(MonoDelay.java:117)
	reactor.core.scheduler.SchedulerTask.call(SchedulerTask.java:68)
	reactor.core.scheduler.SchedulerTask.call(SchedulerTask.java:28)
	java.util.concurrent.FutureTask.run(FutureTask.java:266)
	java.util.concurrent.ScheduledThreadPoolExecutor$ScheduledFutureTask.access$201(ScheduledThreadPoolExecutor.java:180)
	java.util.concurrent.ScheduledThreadPoolExecutor$ScheduledFutureTask.run(ScheduledThreadPoolExecutor.java:293)
	java.util.concurrent.ThreadPoolExecutor.runWorker(ThreadPoolExecutor.java:1149)
	java.util.concurrent.ThreadPoolExecutor$Worker.run(ThreadPoolExecutor.java:624)
	java.lang.Thread.run(Thread.java:748)
: 1 leak records were discarded because the leak record count is targeted to 4. Use system property io.netty.leakDetection.targetRecords to increase the limit.
22:22:58.635 [Test worker] ERROR i.n.u.ResourceLeakDetector - LEAK: ByteBuf.release() was not called before it's garbage-collected. See https://netty.io/wiki/reference-counted-objects.html for more information.
Recent access records: 
#1:
	io.netty.buffer.AdvancedLeakAwareByteBuf.toString(AdvancedLeakAwareByteBuf.java:742)
	org.springframework.messaging.rsocket.MetadataEncoderTests.compositeMetadata(MetadataEncoderTests.java:98)
	sun.reflect.NativeMethodAccessorImpl.invoke0(Native Method)
	sun.reflect.NativeMethodAccessorImpl.invoke(NativeMethodAccessorImpl.java:62)
	sun.reflect.DelegatingMethodAccessorImpl.invoke(DelegatingMethodAccessorImpl.java:43)
	java.lang.reflect.Method.invoke(Method.java:498)
	org.junit.platform.commons.util.ReflectionUtils.invokeMethod(ReflectionUtils.java:686)
	org.junit.jupiter.engine.execution.MethodInvocation.proceed(MethodInvocation.java:60)
	org.junit.jupiter.engine.execution.InvocationInterceptorChain$ValidatingInvocation.proceed(InvocationInterceptorChain.java:131)
	org.junit.jupiter.engine.extension.TimeoutExtension.intercept(TimeoutExtension.java:149)
	org.junit.jupiter.engine.extension.TimeoutExtension.interceptTestableMethod(TimeoutExtension.java:140)
	org.junit.jupiter.engine.extension.TimeoutExtension.interceptTestMethod(TimeoutExtension.java:84)
	org.junit.jupiter.engine.execution.ExecutableInvoker$ReflectiveInterceptorCall.lambda$ofVoidMethod$0(ExecutableInvoker.java:115)
	org.junit.jupiter.engine.execution.ExecutableInvoker.lambda$invoke$0(ExecutableInvoker.java:105)
	org.junit.jupiter.engine.execution.InvocationInterceptorChain$InterceptedInvocation.proceed(InvocationInterceptorChain.java:106)
	org.junit.jupiter.engine.execution.InvocationInterceptorChain.proceed(InvocationInterceptorChain.java:64)
	org.junit.jupiter.engine.execution.InvocationInterceptorChain.chainAndInvoke(InvocationInterceptorChain.java:45)
	org.junit.jupiter.engine.execution.InvocationInterceptorChain.invoke(InvocationInterceptorChain.java:37)
	org.junit.jupiter.engine.execution.ExecutableInvoker.invoke(ExecutableInvoker.java:104)
	org.junit.jupiter.engine.execution.ExecutableInvoker.invoke(ExecutableInvoker.java:98)
	org.junit.jupiter.engine.descriptor.TestMethodTestDescriptor.lambda$invokeTestMethod$6(TestMethodTestDescriptor.java:212)
	org.junit.platform.engine.support.hierarchical.ThrowableCollector.execute(ThrowableCollector.java:73)
	org.junit.jupiter.engine.descriptor.TestMethodTestDescriptor.invokeTestMethod(TestMethodTestDescriptor.java:208)
	org.junit.jupiter.engine.descriptor.TestMethodTestDescriptor.execute(TestMethodTestDescriptor.java:137)
	org.junit.jupiter.engine.descriptor.TestMethodTestDescriptor.execute(TestMethodTestDescriptor.java:71)
	org.junit.platform.engine.support.hierarchical.NodeTestTask.lambda$executeRecursively$5(NodeTestTask.java:135)
	org.junit.platform.engine.support.hierarchical.ThrowableCollector.execute(ThrowableCollector.java:73)
	org.junit.platform.engine.support.hierarchical.NodeTestTask.lambda$executeRecursively$7(NodeTestTask.java:125)
	org.junit.platform.engine.support.hierarchical.Node.around(Node.java:135)
	org.junit.platform.engine.support.hierarchical.NodeTestTask.lambda$executeRecursively$8(NodeTestTask.java:123)
	org.junit.platform.engine.support.hierarchical.ThrowableCollector.execute(ThrowableCollector.java:73)
	org.junit.platform.engine.support.hierarchical.NodeTestTask.executeRecursively(NodeTestTask.java:122)
	org.junit.platform.engine.support.hierarchical.NodeTestTask.execute(NodeTestTask.java:80)
	java.util.ArrayList.forEach(ArrayList.java:1257)
	org.junit.platform.engine.support.hierarchical.SameThreadHierarchicalTestExecutorService.invokeAll(SameThreadHierarchicalTestExecutorService.java:38)
	org.junit.platform.engine.support.hierarchical.NodeTestTask.lambda$executeRecursively$5(NodeTestTask.java:139)
	org.junit.platform.engine.support.hierarchical.ThrowableCollector.execute(ThrowableCollector.java:73)
	org.junit.platform.engine.support.hierarchical.NodeTestTask.lambda$executeRecursively$7(NodeTestTask.java:125)
	org.junit.platform.engine.support.hierarchical.Node.around(Node.java:135)
	org.junit.platform.engine.support.hierarchical.NodeTestTask.lambda$executeRecursively$8(NodeTestTask.java:123)
	org.junit.platform.engine.support.hierarchical.ThrowableCollector.execute(ThrowableCollector.java:73)
	org.junit.platform.engine.support.hierarchical.NodeTestTask.executeRecursively(NodeTestTask.java:122)
	org.junit.platform.engine.support.hierarchical.NodeTestTask.execute(NodeTestTask.java:80)
	java.util.ArrayList.forEach(ArrayList.java:1257)
	org.junit.platform.engine.support.hierarchical.SameThreadHierarchicalTestExecutorService.invokeAll(SameThreadHierarchicalTestExecutorService.java:38)
	org.junit.platform.engine.support.hierarchical.NodeTestTask.lambda$executeRecursively$5(NodeTestTask.java:139)
	org.junit.platform.engine.support.hierarchical.ThrowableCollector.execute(ThrowableCollector.java:73)
	org.junit.platform.engine.support.hierarchical.NodeTestTask.lambda$executeRecursively$7(NodeTestTask.java:125)
	org.junit.platform.engine.support.hierarchical.Node.around(Node.java:135)
	org.junit.platform.engine.support.hierarchical.NodeTestTask.lambda$executeRecursively$8(NodeTestTask.java:123)
	org.junit.platform.engine.support.hierarchical.ThrowableCollector.execute(ThrowableCollector.java:73)
	org.junit.platform.engine.support.hierarchical.NodeTestTask.executeRecursively(NodeTestTask.java:122)
	org.junit.platform.engine.support.hierarchical.NodeTestTask.execute(NodeTestTask.java:80)
	org.junit.platform.engine.support.hierarchical.SameThreadHierarchicalTestExecutorService.submit(SameThreadHierarchicalTestExecutorService.java:32)
	org.junit.platform.engine.support.hierarchical.HierarchicalTestExecutor.execute(HierarchicalTestExecutor.java:57)
	org.junit.platform.engine.support.hierarchical.HierarchicalTestEngine.execute(HierarchicalTestEngine.java:51)
	org.junit.platform.launcher.core.DefaultLauncher.execute(DefaultLauncher.java:248)
	org.junit.platform.launcher.core.DefaultLauncher.lambda$execute$5(DefaultLauncher.java:211)
	org.junit.platform.launcher.core.DefaultLauncher.withInterceptedStreams(DefaultLauncher.java:226)
	org.junit.platform.launcher.core.DefaultLauncher.execute(DefaultLauncher.java:199)
	org.junit.platform.launcher.core.DefaultLauncher.execute(DefaultLauncher.java:132)
	org.gradle.api.internal.tasks.testing.junitplatform.JUnitPlatformTestClassProcessor$CollectAllTestClassesExecutor.processAllTestClasses(JUnitPlatformTestClassProcessor.java:102)
	org.gradle.api.internal.tasks.testing.junitplatform.JUnitPlatformTestClassProcessor$CollectAllTestClassesExecutor.access$000(JUnitPlatformTestClassProcessor.java:82)
	org.gradle.api.internal.tasks.testing.junitplatform.JUnitPlatformTestClassProcessor.stop(JUnitPlatformTestClassProcessor.java:78)
	org.gradle.api.internal.tasks.testing.SuiteTestClassProcessor.stop(SuiteTestClassProcessor.java:61)
	sun.reflect.NativeMethodAccessorImpl.invoke0(Native Method)
	sun.reflect.NativeMethodAccessorImpl.invoke(NativeMethodAccessorImpl.java:62)
	sun.reflect.DelegatingMethodAccessorImpl.invoke(DelegatingMethodAccessorImpl.java:43)
	java.lang.reflect.Method.invoke(Method.java:498)
	org.gradle.internal.dispatch.ReflectionDispatch.dispatch(ReflectionDispatch.java:36)
	org.gradle.internal.dispatch.ReflectionDispatch.dispatch(ReflectionDispatch.java:24)
	org.gradle.internal.dispatch.ContextClassLoaderDispatch.dispatch(ContextClassLoaderDispatch.java:33)
	org.gradle.internal.dispatch.ProxyDispatchAdapter$DispatchingInvocationHandler.invoke(ProxyDispatchAdapter.java:94)
	com.sun.proxy.$Proxy2.stop(Unknown Source)
	org.gradle.api.internal.tasks.testing.worker.TestWorker.stop(TestWorker.java:132)
	sun.reflect.NativeMethodAccessorImpl.invoke0(Native Method)
	sun.reflect.NativeMethodAccessorImpl.invoke(NativeMethodAccessorImpl.java:62)
	sun.reflect.DelegatingMethodAccessorImpl.invoke(DelegatingMethodAccessorImpl.java:43)
	java.lang.reflect.Method.invoke(Method.java:498)
	org.gradle.internal.dispatch.ReflectionDispatch.dispatch(ReflectionDispatch.java:36)
	org.gradle.internal.dispatch.ReflectionDispatch.dispatch(ReflectionDispatch.java:24)
	org.gradle.internal.remote.internal.hub.MessageHubBackedObjectConnection$DispatchWrapper.dispatch(MessageHubBackedObjectConnection.java:182)
	org.gradle.internal.remote.internal.hub.MessageHubBackedObjectConnection$DispatchWrapper.dispatch(MessageHubBackedObjectConnection.java:164)
	org.gradle.internal.remote.internal.hub.MessageHub$Handler.run(MessageHub.java:412)
	org.gradle.internal.concurrent.ExecutorPolicy$CatchAndRecordFailures.onExecute(ExecutorPolicy.java:64)
	org.gradle.internal.concurrent.ManagedExecutorImpl$1.run(ManagedExecutorImpl.java:48)
	java.util.concurrent.ThreadPoolExecutor.runWorker(ThreadPoolExecutor.java:1149)
	java.util.concurrent.ThreadPoolExecutor$Worker.run(ThreadPoolExecutor.java:624)
	org.gradle.internal.concurrent.ThreadFactoryImpl$ManagedThreadRunnable.run(ThreadFactoryImpl.java:56)
	java.lang.Thread.run(Thread.java:748)
#2:
	io.netty.buffer.AdvancedLeakAwareCompositeByteBuf.skipBytes(AdvancedLeakAwareCompositeByteBuf.java:512)
	io.netty.buffer.AdvancedLeakAwareCompositeByteBuf.skipBytes(AdvancedLeakAwareCompositeByteBuf.java:36)
	io.rsocket.metadata.CompositeMetadataFlyweight.decodeMimeAndContentBuffersSlices(CompositeMetadataFlyweight.java:112)
	io.rsocket.metadata.CompositeMetadata$1.next(CompositeMetadata.java:100)
	io.rsocket.metadata.CompositeMetadata$1.next(CompositeMetadata.java:88)
	org.springframework.messaging.rsocket.MetadataEncoderTests.compositeMetadata(MetadataEncoderTests.java:96)
	sun.reflect.NativeMethodAccessorImpl.invoke0(Native Method)
	sun.reflect.NativeMethodAccessorImpl.invoke(NativeMethodAccessorImpl.java:62)
	sun.reflect.DelegatingMethodAccessorImpl.invoke(DelegatingMethodAccessorImpl.java:43)
	java.lang.reflect.Method.invoke(Method.java:498)
	org.junit.platform.commons.util.ReflectionUtils.invokeMethod(ReflectionUtils.java:686)
	org.junit.jupiter.engine.execution.MethodInvocation.proceed(MethodInvocation.java:60)
	org.junit.jupiter.engine.execution.InvocationInterceptorChain$ValidatingInvocation.proceed(InvocationInterceptorChain.java:131)
	org.junit.jupiter.engine.extension.TimeoutExtension.intercept(TimeoutExtension.java:149)
	org.junit.jupiter.engine.extension.TimeoutExtension.interceptTestableMethod(TimeoutExtension.java:140)
	org.junit.jupiter.engine.extension.TimeoutExtension.interceptTestMethod(TimeoutExtension.java:84)
	org.junit.jupiter.engine.execution.ExecutableInvoker$ReflectiveInterceptorCall.lambda$ofVoidMethod$0(ExecutableInvoker.java:115)
	org.junit.jupiter.engine.execution.ExecutableInvoker.lambda$invoke$0(ExecutableInvoker.java:105)
	org.junit.jupiter.engine.execution.InvocationInterceptorChain$InterceptedInvocation.proceed(InvocationInterceptorChain.java:106)
	org.junit.jupiter.engine.execution.InvocationInterceptorChain.proceed(InvocationInterceptorChain.java:64)
	org.junit.jupiter.engine.execution.InvocationInterceptorChain.chainAndInvoke(InvocationInterceptorChain.java:45)
	org.junit.jupiter.engine.execution.InvocationInterceptorChain.invoke(InvocationInterceptorChain.java:37)
	org.junit.jupiter.engine.execution.ExecutableInvoker.invoke(ExecutableInvoker.java:104)
	org.junit.jupiter.engine.execution.ExecutableInvoker.invoke(ExecutableInvoker.java:98)
	org.junit.jupiter.engine.descriptor.TestMethodTestDescriptor.lambda$invokeTestMethod$6(TestMethodTestDescriptor.java:212)
	org.junit.platform.engine.support.hierarchical.ThrowableCollector.execute(ThrowableCollector.java:73)
	org.junit.jupiter.engine.descriptor.TestMethodTestDescriptor.invokeTestMethod(TestMethodTestDescriptor.java:208)
	org.junit.jupiter.engine.descriptor.TestMethodTestDescriptor.execute(TestMethodTestDescriptor.java:137)
	org.junit.jupiter.engine.descriptor.TestMethodTestDescriptor.execute(TestMethodTestDescriptor.java:71)
	org.junit.platform.engine.support.hierarchical.NodeTestTask.lambda$executeRecursively$5(NodeTestTask.java:135)
	org.junit.platform.engine.support.hierarchical.ThrowableCollector.execute(ThrowableCollector.java:73)
	org.junit.platform.engine.support.hierarchical.NodeTestTask.lambda$executeRecursively$7(NodeTestTask.java:125)
	org.junit.platform.engine.support.hierarchical.Node.around(Node.java:135)
	org.junit.platform.engine.support.hierarchical.NodeTestTask.lambda$executeRecursively$8(NodeTestTask.java:123)
	org.junit.platform.engine.support.hierarchical.ThrowableCollector.execute(ThrowableCollector.java:73)
	org.junit.platform.engine.support.hierarchical.NodeTestTask.executeRecursively(NodeTestTask.java:122)
	org.junit.platform.engine.support.hierarchical.NodeTestTask.execute(NodeTestTask.java:80)
	java.util.ArrayList.forEach(ArrayList.java:1257)
	org.junit.platform.engine.support.hierarchical.SameThreadHierarchicalTestExecutorService.invokeAll(SameThreadHierarchicalTestExecutorService.java:38)
	org.junit.platform.engine.support.hierarchical.NodeTestTask.lambda$executeRecursively$5(NodeTestTask.java:139)
	org.junit.platform.engine.support.hierarchical.ThrowableCollector.execute(ThrowableCollector.java:73)
	org.junit.platform.engine.support.hierarchical.NodeTestTask.lambda$executeRecursively$7(NodeTestTask.java:125)
	org.junit.platform.engine.support.hierarchical.Node.around(Node.java:135)
	org.junit.platform.engine.support.hierarchical.NodeTestTask.lambda$executeRecursively$8(NodeTestTask.java:123)
	org.junit.platform.engine.support.hierarchical.ThrowableCollector.execute(ThrowableCollector.java:73)
	org.junit.platform.engine.support.hierarchical.NodeTestTask.executeRecursively(NodeTestTask.java:122)
	org.junit.platform.engine.support.hierarchical.NodeTestTask.execute(NodeTestTask.java:80)
	java.util.ArrayList.forEach(ArrayList.java:1257)
	org.junit.platform.engine.support.hierarchical.SameThreadHierarchicalTestExecutorService.invokeAll(SameThreadHierarchicalTestExecutorService.java:38)
	org.junit.platform.engine.support.hierarchical.NodeTestTask.lambda$executeRecursively$5(NodeTestTask.java:139)
	org.junit.platform.engine.support.hierarchical.ThrowableCollector.execute(ThrowableCollector.java:73)
	org.junit.platform.engine.support.hierarchical.NodeTestTask.lambda$executeRecursively$7(NodeTestTask.java:125)
	org.junit.platform.engine.support.hierarchical.Node.around(Node.java:135)
	org.junit.platform.engine.support.hierarchical.NodeTestTask.lambda$executeRecursively$8(NodeTestTask.java:123)
	org.junit.platform.engine.support.hierarchical.ThrowableCollector.execute(ThrowableCollector.java:73)
	org.junit.platform.engine.support.hierarchical.NodeTestTask.executeRecursively(NodeTestTask.java:122)
	org.junit.platform.engine.support.hierarchical.NodeTestTask.execute(NodeTestTask.java:80)
	org.junit.platform.engine.support.hierarchical.SameThreadHierarchicalTestExecutorService.submit(SameThreadHierarchicalTestExecutorService.java:32)
	org.junit.platform.engine.support.hierarchical.HierarchicalTestExecutor.execute(HierarchicalTestExecutor.java:57)
	org.junit.platform.engine.support.hierarchical.HierarchicalTestEngine.execute(HierarchicalTestEngine.java:51)
	org.junit.platform.launcher.core.DefaultLauncher.execute(DefaultLauncher.java:248)
	org.junit.platform.launcher.core.DefaultLauncher.lambda$execute$5(DefaultLauncher.java:211)
	org.junit.platform.launcher.core.DefaultLauncher.withInterceptedStreams(DefaultLauncher.java:226)
	org.junit.platform.launcher.core.DefaultLauncher.execute(DefaultLauncher.java:199)
	org.junit.platform.launcher.core.DefaultLauncher.execute(DefaultLauncher.java:132)
	org.gradle.api.internal.tasks.testing.junitplatform.JUnitPlatformTestClassProcessor$CollectAllTestClassesExecutor.processAllTestClasses(JUnitPlatformTestClassProcessor.java:102)
	org.gradle.api.internal.tasks.testing.junitplatform.JUnitPlatformTestClassProcessor$CollectAllTestClassesExecutor.access$000(JUnitPlatformTestClassProcessor.java:82)
	org.gradle.api.internal.tasks.testing.junitplatform.JUnitPlatformTestClassProcessor.stop(JUnitPlatformTestClassProcessor.java:78)
	org.gradle.api.internal.tasks.testing.SuiteTestClassProcessor.stop(SuiteTestClassProcessor.java:61)
	sun.reflect.NativeMethodAccessorImpl.invoke0(Native Method)
	sun.reflect.NativeMethodAccessorImpl.invoke(NativeMethodAccessorImpl.java:62)
	sun.reflect.DelegatingMethodAccessorImpl.invoke(DelegatingMethodAccessorImpl.java:43)
	java.lang.reflect.Method.invoke(Method.java:498)
	org.gradle.internal.dispatch.ReflectionDispatch.dispatch(ReflectionDispatch.java:36)
	org.gradle.internal.dispatch.ReflectionDispatch.dispatch(ReflectionDispatch.java:24)
	org.gradle.internal.dispatch.ContextClassLoaderDispatch.dispatch(ContextClassLoaderDispatch.java:33)
	org.gradle.internal.dispatch.ProxyDispatchAdapter$DispatchingInvocationHandler.invoke(ProxyDispatchAdapter.java:94)
	com.sun.proxy.$Proxy2.stop(Unknown Source)
	org.gradle.api.internal.tasks.testing.worker.TestWorker.stop(TestWorker.java:132)
	sun.reflect.NativeMethodAccessorImpl.invoke0(Native Method)
	sun.reflect.NativeMethodAccessorImpl.invoke(NativeMethodAccessorImpl.java:62)
	sun.reflect.DelegatingMethodAccessorImpl.invoke(DelegatingMethodAccessorImpl.java:43)
	java.lang.reflect.Method.invoke(Method.java:498)
	org.gradle.internal.dispatch.ReflectionDispatch.dispatch(ReflectionDispatch.java:36)
	org.gradle.internal.dispatch.ReflectionDispatch.dispatch(ReflectionDispatch.java:24)
	org.gradle.internal.remote.internal.hub.MessageHubBackedObjectConnection$DispatchWrapper.dispatch(MessageHubBackedObjectConnection.java:182)
	org.gradle.internal.remote.internal.hub.MessageHubBackedObjectConnection$DispatchWrapper.dispatch(MessageHubBackedObjectConnection.java:164)
	org.gradle.internal.remote.internal.hub.MessageHub$Handler.run(MessageHub.java:412)
	org.gradle.internal.concurrent.ExecutorPolicy$CatchAndRecordFailures.onExecute(ExecutorPolicy.java:64)
	org.gradle.internal.concurrent.ManagedExecutorImpl$1.run(ManagedExecutorImpl.java:48)
	java.util.concurrent.ThreadPoolExecutor.runWorker(ThreadPoolExecutor.java:1149)
	java.util.concurrent.ThreadPoolExecutor$Worker.run(ThreadPoolExecutor.java:624)
	org.gradle.internal.concurrent.ThreadFactoryImpl$ManagedThreadRunnable.run(ThreadFactoryImpl.java:56)
	java.lang.Thread.run(Thread.java:748)
#3:
	io.netty.buffer.AdvancedLeakAwareCompositeByteBuf.slice(AdvancedLeakAwareCompositeByteBuf.java:62)
	io.rsocket.metadata.CompositeMetadataFlyweight.decodeMimeAndContentBuffersSlices(CompositeMetadataFlyweight.java:109)
	io.rsocket.metadata.CompositeMetadata$1.next(CompositeMetadata.java:100)
	io.rsocket.metadata.CompositeMetadata$1.next(CompositeMetadata.java:88)
	org.springframework.messaging.rsocket.MetadataEncoderTests.compositeMetadata(MetadataEncoderTests.java:86)
	sun.reflect.NativeMethodAccessorImpl.invoke0(Native Method)
	sun.reflect.NativeMethodAccessorImpl.invoke(NativeMethodAccessorImpl.java:62)
	sun.reflect.DelegatingMethodAccessorImpl.invoke(DelegatingMethodAccessorImpl.java:43)
	java.lang.reflect.Method.invoke(Method.java:498)
	org.junit.platform.commons.util.ReflectionUtils.invokeMethod(ReflectionUtils.java:686)
	org.junit.jupiter.engine.execution.MethodInvocation.proceed(MethodInvocation.java:60)
	org.junit.jupiter.engine.execution.InvocationInterceptorChain$ValidatingInvocation.proceed(InvocationInterceptorChain.java:131)
	org.junit.jupiter.engine.extension.TimeoutExtension.intercept(TimeoutExtension.java:149)
	org.junit.jupiter.engine.extension.TimeoutExtension.interceptTestableMethod(TimeoutExtension.java:140)
	org.junit.jupiter.engine.extension.TimeoutExtension.interceptTestMethod(TimeoutExtension.java:84)
	org.junit.jupiter.engine.execution.ExecutableInvoker$ReflectiveInterceptorCall.lambda$ofVoidMethod$0(ExecutableInvoker.java:115)
	org.junit.jupiter.engine.execution.ExecutableInvoker.lambda$invoke$0(ExecutableInvoker.java:105)
	org.junit.jupiter.engine.execution.InvocationInterceptorChain$InterceptedInvocation.proceed(InvocationInterceptorChain.java:106)
	org.junit.jupiter.engine.execution.InvocationInterceptorChain.proceed(InvocationInterceptorChain.java:64)
	org.junit.jupiter.engine.execution.InvocationInterceptorChain.chainAndInvoke(InvocationInterceptorChain.java:45)
	org.junit.jupiter.engine.execution.InvocationInterceptorChain.invoke(InvocationInterceptorChain.java:37)
	org.junit.jupiter.engine.execution.ExecutableInvoker.invoke(ExecutableInvoker.java:104)
	org.junit.jupiter.engine.execution.ExecutableInvoker.invoke(ExecutableInvoker.java:98)
	org.junit.jupiter.engine.descriptor.TestMethodTestDescriptor.lambda$invokeTestMethod$6(TestMethodTestDescriptor.java:212)
	org.junit.platform.engine.support.hierarchical.ThrowableCollector.execute(ThrowableCollector.java:73)
	org.junit.jupiter.engine.descriptor.TestMethodTestDescriptor.invokeTestMethod(TestMethodTestDescriptor.java:208)
	org.junit.jupiter.engine.descriptor.TestMethodTestDescriptor.execute(TestMethodTestDescriptor.java:137)
	org.junit.jupiter.engine.descriptor.TestMethodTestDescriptor.execute(TestMethodTestDescriptor.java:71)
	org.junit.platform.engine.support.hierarchical.NodeTestTask.lambda$executeRecursively$5(NodeTestTask.java:135)
	org.junit.platform.engine.support.hierarchical.ThrowableCollector.execute(ThrowableCollector.java:73)
	org.junit.platform.engine.support.hierarchical.NodeTestTask.lambda$executeRecursively$7(NodeTestTask.java:125)
	org.junit.platform.engine.support.hierarchical.Node.around(Node.java:135)
	org.junit.platform.engine.support.hierarchical.NodeTestTask.lambda$executeRecursively$8(NodeTestTask.java:123)
	org.junit.platform.engine.support.hierarchical.ThrowableCollector.execute(ThrowableCollector.java:73)
	org.junit.platform.engine.support.hierarchical.NodeTestTask.executeRecursively(NodeTestTask.java:122)
	org.junit.platform.engine.support.hierarchical.NodeTestTask.execute(NodeTestTask.java:80)
	java.util.ArrayList.forEach(ArrayList.java:1257)
	org.junit.platform.engine.support.hierarchical.SameThreadHierarchicalTestExecutorService.invokeAll(SameThreadHierarchicalTestExecutorService.java:38)
	org.junit.platform.engine.support.hierarchical.NodeTestTask.lambda$executeRecursively$5(NodeTestTask.java:139)
	org.junit.platform.engine.support.hierarchical.ThrowableCollector.execute(ThrowableCollector.java:73)
	org.junit.platform.engine.support.hierarchical.NodeTestTask.lambda$executeRecursively$7(NodeTestTask.java:125)
	org.junit.platform.engine.support.hierarchical.Node.around(Node.java:135)
	org.junit.platform.engine.support.hierarchical.NodeTestTask.lambda$executeRecursively$8(NodeTestTask.java:123)
	org.junit.platform.engine.support.hierarchical.ThrowableCollector.execute(ThrowableCollector.java:73)
	org.junit.platform.engine.support.hierarchical.NodeTestTask.executeRecursively(NodeTestTask.java:122)
	org.junit.platform.engine.support.hierarchical.NodeTestTask.execute(NodeTestTask.java:80)
	java.util.ArrayList.forEach(ArrayList.java:1257)
	org.junit.platform.engine.support.hierarchical.SameThreadHierarchicalTestExecutorService.invokeAll(SameThreadHierarchicalTestExecutorService.java:38)
	org.junit.platform.engine.support.hierarchical.NodeTestTask.lambda$executeRecursively$5(NodeTestTask.java:139)
	org.junit.platform.engine.support.hierarchical.ThrowableCollector.execute(ThrowableCollector.java:73)
	org.junit.platform.engine.support.hierarchical.NodeTestTask.lambda$executeRecursively$7(NodeTestTask.java:125)
	org.junit.platform.engine.support.hierarchical.Node.around(Node.java:135)
	org.junit.platform.engine.support.hierarchical.NodeTestTask.lambda$executeRecursively$8(NodeTestTask.java:123)
	org.junit.platform.engine.support.hierarchical.ThrowableCollector.execute(ThrowableCollector.java:73)
	org.junit.platform.engine.support.hierarchical.NodeTestTask.executeRecursively(NodeTestTask.java:122)
	org.junit.platform.engine.support.hierarchical.NodeTestTask.execute(NodeTestTask.java:80)
	org.junit.platform.engine.support.hierarchical.SameThreadHierarchicalTestExecutorService.submit(SameThreadHierarchicalTestExecutorService.java:32)
	org.junit.platform.engine.support.hierarchical.HierarchicalTestExecutor.execute(HierarchicalTestExecutor.java:57)
	org.junit.platform.engine.support.hierarchical.HierarchicalTestEngine.execute(HierarchicalTestEngine.java:51)
	org.junit.platform.launcher.core.DefaultLauncher.execute(DefaultLauncher.java:248)
	org.junit.platform.launcher.core.DefaultLauncher.lambda$execute$5(DefaultLauncher.java:211)
	org.junit.platform.launcher.core.DefaultLauncher.withInterceptedStreams(DefaultLauncher.java:226)
	org.junit.platform.launcher.core.DefaultLauncher.execute(DefaultLauncher.java:199)
	org.junit.platform.launcher.core.DefaultLauncher.execute(DefaultLauncher.java:132)
	org.gradle.api.internal.tasks.testing.junitplatform.JUnitPlatformTestClassProcessor$CollectAllTestClassesExecutor.processAllTestClasses(JUnitPlatformTestClassProcessor.java:102)
	org.gradle.api.internal.tasks.testing.junitplatform.JUnitPlatformTestClassProcessor$CollectAllTestClassesExecutor.access$000(JUnitPlatformTestClassProcessor.java:82)
	org.gradle.api.internal.tasks.testing.junitplatform.JUnitPlatformTestClassProcessor.stop(JUnitPlatformTestClassProcessor.java:78)
	org.gradle.api.internal.tasks.testing.SuiteTestClassProcessor.stop(SuiteTestClassProcessor.java:61)
	sun.reflect.NativeMethodAccessorImpl.invoke0(Native Method)
	sun.reflect.NativeMethodAccessorImpl.invoke(NativeMethodAccessorImpl.java:62)
	sun.reflect.DelegatingMethodAccessorImpl.invoke(DelegatingMethodAccessorImpl.java:43)
	java.lang.reflect.Method.invoke(Method.java:498)
	org.gradle.internal.dispatch.ReflectionDispatch.dispatch(ReflectionDispatch.java:36)
	org.gradle.internal.dispatch.ReflectionDispatch.dispatch(ReflectionDispatch.java:24)
	org.gradle.internal.dispatch.ContextClassLoaderDispatch.dispatch(ContextClassLoaderDispatch.java:33)
	org.gradle.internal.dispatch.ProxyDispatchAdapter$DispatchingInvocationHandler.invoke(ProxyDispatchAdapter.java:94)
	com.sun.proxy.$Proxy2.stop(Unknown Source)
	org.gradle.api.internal.tasks.testing.worker.TestWorker.stop(TestWorker.java:132)
	sun.reflect.NativeMethodAccessorImpl.invoke0(Native Method)
	sun.reflect.NativeMethodAccessorImpl.invoke(NativeMethodAccessorImpl.java:62)
	sun.reflect.DelegatingMethodAccessorImpl.invoke(DelegatingMethodAccessorImpl.java:43)
	java.lang.reflect.Method.invoke(Method.java:498)
	org.gradle.internal.dispatch.ReflectionDispatch.dispatch(ReflectionDispatch.java:36)
	org.gradle.internal.dispatch.ReflectionDispatch.dispatch(ReflectionDispatch.java:24)
	org.gradle.internal.remote.internal.hub.MessageHubBackedObjectConnection$DispatchWrapper.dispatch(MessageHubBackedObjectConnection.java:182)
	org.gradle.internal.remote.internal.hub.MessageHubBackedObjectConnection$DispatchWrapper.dispatch(MessageHubBackedObjectConnection.java:164)
	org.gradle.internal.remote.internal.hub.MessageHub$Handler.run(MessageHub.java:412)
	org.gradle.internal.concurrent.ExecutorPolicy$CatchAndRecordFailures.onExecute(ExecutorPolicy.java:64)
	org.gradle.internal.concurrent.ManagedExecutorImpl$1.run(ManagedExecutorImpl.java:48)
	java.util.concurrent.ThreadPoolExecutor.runWorker(ThreadPoolExecutor.java:1149)
	java.util.concurrent.ThreadPoolExecutor$Worker.run(ThreadPoolExecutor.java:624)
	org.gradle.internal.concurrent.ThreadFactoryImpl$ManagedThreadRunnable.run(ThreadFactoryImpl.java:56)
	java.lang.Thread.run(Thread.java:748)
#4:
	io.netty.buffer.AdvancedLeakAwareCompositeByteBuf.skipBytes(AdvancedLeakAwareCompositeByteBuf.java:512)
	io.netty.buffer.AdvancedLeakAwareCompositeByteBuf.skipBytes(AdvancedLeakAwareCompositeByteBuf.java:36)
	io.rsocket.metadata.CompositeMetadataFlyweight.decodeMimeAndContentBuffersSlices(CompositeMetadataFlyweight.java:112)
	io.rsocket.metadata.CompositeMetadata$1.next(CompositeMetadata.java:100)
	io.rsocket.metadata.CompositeMetadata$1.next(CompositeMetadata.java:88)
	org.springframework.messaging.rsocket.MetadataEncoderTests.compositeMetadata(MetadataEncoderTests.java:81)
	sun.reflect.NativeMethodAccessorImpl.invoke0(Native Method)
	sun.reflect.NativeMethodAccessorImpl.invoke(NativeMethodAccessorImpl.java:62)
	sun.reflect.DelegatingMethodAccessorImpl.invoke(DelegatingMethodAccessorImpl.java:43)
	java.lang.reflect.Method.invoke(Method.java:498)
	org.junit.platform.commons.util.ReflectionUtils.invokeMethod(ReflectionUtils.java:686)
	org.junit.jupiter.engine.execution.MethodInvocation.proceed(MethodInvocation.java:60)
	org.junit.jupiter.engine.execution.InvocationInterceptorChain$ValidatingInvocation.proceed(InvocationInterceptorChain.java:131)
	org.junit.jupiter.engine.extension.TimeoutExtension.intercept(TimeoutExtension.java:149)
	org.junit.jupiter.engine.extension.TimeoutExtension.interceptTestableMethod(TimeoutExtension.java:140)
	org.junit.jupiter.engine.extension.TimeoutExtension.interceptTestMethod(TimeoutExtension.java:84)
	org.junit.jupiter.engine.execution.ExecutableInvoker$ReflectiveInterceptorCall.lambda$ofVoidMethod$0(ExecutableInvoker.java:115)
	org.junit.jupiter.engine.execution.ExecutableInvoker.lambda$invoke$0(ExecutableInvoker.java:105)
	org.junit.jupiter.engine.execution.InvocationInterceptorChain$InterceptedInvocation.proceed(InvocationInterceptorChain.java:106)
	org.junit.jupiter.engine.execution.InvocationInterceptorChain.proceed(InvocationInterceptorChain.java:64)
	org.junit.jupiter.engine.execution.InvocationInterceptorChain.chainAndInvoke(InvocationInterceptorChain.java:45)
	org.junit.jupiter.engine.execution.InvocationInterceptorChain.invoke(InvocationInterceptorChain.java:37)
	org.junit.jupiter.engine.execution.ExecutableInvoker.invoke(ExecutableInvoker.java:104)
	org.junit.jupiter.engine.execution.ExecutableInvoker.invoke(ExecutableInvoker.java:98)
	org.junit.jupiter.engine.descriptor.TestMethodTestDescriptor.lambda$invokeTestMethod$6(TestMethodTestDescriptor.java:212)
	org.junit.platform.engine.support.hierarchical.ThrowableCollector.execute(ThrowableCollector.java:73)
	org.junit.jupiter.engine.descriptor.TestMethodTestDescriptor.invokeTestMethod(TestMethodTestDescriptor.java:208)
	org.junit.jupiter.engine.descriptor.TestMethodTestDescriptor.execute(TestMethodTestDescriptor.java:137)
	org.junit.jupiter.engine.descriptor.TestMethodTestDescriptor.execute(TestMethodTestDescriptor.java:71)
	org.junit.platform.engine.support.hierarchical.NodeTestTask.lambda$executeRecursively$5(NodeTestTask.java:135)
	org.junit.platform.engine.support.hierarchical.ThrowableCollector.execute(ThrowableCollector.java:73)
	org.junit.platform.engine.support.hierarchical.NodeTestTask.lambda$executeRecursively$7(NodeTestTask.java:125)
	org.junit.platform.engine.support.hierarchical.Node.around(Node.java:135)
	org.junit.platform.engine.support.hierarchical.NodeTestTask.lambda$executeRecursively$8(NodeTestTask.java:123)
	org.junit.platform.engine.support.hierarchical.ThrowableCollector.execute(ThrowableCollector.java:73)
	org.junit.platform.engine.support.hierarchical.NodeTestTask.executeRecursively(NodeTestTask.java:122)
	org.junit.platform.engine.support.hierarchical.NodeTestTask.execute(NodeTestTask.java:80)
	java.util.ArrayList.forEach(ArrayList.java:1257)
	org.junit.platform.engine.support.hierarchical.SameThreadHierarchicalTestExecutorService.invokeAll(SameThreadHierarchicalTestExecutorService.java:38)
	org.junit.platform.engine.support.hierarchical.NodeTestTask.lambda$executeRecursively$5(NodeTestTask.java:139)
	org.junit.platform.engine.support.hierarchical.ThrowableCollector.execute(ThrowableCollector.java:73)
	org.junit.platform.engine.support.hierarchical.NodeTestTask.lambda$executeRecursively$7(NodeTestTask.java:125)
	org.junit.platform.engine.support.hierarchical.Node.around(Node.java:135)
	org.junit.platform.engine.support.hierarchical.NodeTestTask.lambda$executeRecursively$8(NodeTestTask.java:123)
	org.junit.platform.engine.support.hierarchical.ThrowableCollector.execute(ThrowableCollector.java:73)
	org.junit.platform.engine.support.hierarchical.NodeTestTask.executeRecursively(NodeTestTask.java:122)
	org.junit.platform.engine.support.hierarchical.NodeTestTask.execute(NodeTestTask.java:80)
	java.util.ArrayList.forEach(ArrayList.java:1257)
	org.junit.platform.engine.support.hierarchical.SameThreadHierarchicalTestExecutorService.invokeAll(SameThreadHierarchicalTestExecutorService.java:38)
	org.junit.platform.engine.support.hierarchical.NodeTestTask.lambda$executeRecursively$5(NodeTestTask.java:139)
	org.junit.platform.engine.support.hierarchical.ThrowableCollector.execute(ThrowableCollector.java:73)
	org.junit.platform.engine.support.hierarchical.NodeTestTask.lambda$executeRecursively$7(NodeTestTask.java:125)
	org.junit.platform.engine.support.hierarchical.Node.around(Node.java:135)
	org.junit.platform.engine.support.hierarchical.NodeTestTask.lambda$executeRecursively$8(NodeTestTask.java:123)
	org.junit.platform.engine.support.hierarchical.ThrowableCollector.execute(ThrowableCollector.java:73)
	org.junit.platform.engine.support.hierarchical.NodeTestTask.executeRecursively(NodeTestTask.java:122)
	org.junit.platform.engine.support.hierarchical.NodeTestTask.execute(NodeTestTask.java:80)
	org.junit.platform.engine.support.hierarchical.SameThreadHierarchicalTestExecutorService.submit(SameThreadHierarchicalTestExecutorService.java:32)
	org.junit.platform.engine.support.hierarchical.HierarchicalTestExecutor.execute(HierarchicalTestExecutor.java:57)
	org.junit.platform.engine.support.hierarchical.HierarchicalTestEngine.execute(HierarchicalTestEngine.java:51)
	org.junit.platform.launcher.core.DefaultLauncher.execute(DefaultLauncher.java:248)
	org.junit.platform.launcher.core.DefaultLauncher.lambda$execute$5(DefaultLauncher.java:211)
	org.junit.platform.launcher.core.DefaultLauncher.withInterceptedStreams(DefaultLauncher.java:226)
	org.junit.platform.launcher.core.DefaultLauncher.execute(DefaultLauncher.java:199)
	org.junit.platform.launcher.core.DefaultLauncher.execute(DefaultLauncher.java:132)
	org.gradle.api.internal.tasks.testing.junitplatform.JUnitPlatformTestClassProcessor$CollectAllTestClassesExecutor.processAllTestClasses(JUnitPlatformTestClassProcessor.java:102)
	org.gradle.api.internal.tasks.testing.junitplatform.JUnitPlatformTestClassProcessor$CollectAllTestClassesExecutor.access$000(JUnitPlatformTestClassProcessor.java:82)
	org.gradle.api.internal.tasks.testing.junitplatform.JUnitPlatformTestClassProcessor.stop(JUnitPlatformTestClassProcessor.java:78)
	org.gradle.api.internal.tasks.testing.SuiteTestClassProcessor.stop(SuiteTestClassProcessor.java:61)
	sun.reflect.NativeMethodAccessorImpl.invoke0(Native Method)
	sun.reflect.NativeMethodAccessorImpl.invoke(NativeMethodAccessorImpl.java:62)
	sun.reflect.DelegatingMethodAccessorImpl.invoke(DelegatingMethodAccessorImpl.java:43)
	java.lang.reflect.Method.invoke(Method.java:498)
	org.gradle.internal.dispatch.ReflectionDispatch.dispatch(ReflectionDispatch.java:36)
	org.gradle.internal.dispatch.ReflectionDispatch.dispatch(ReflectionDispatch.java:24)
	org.gradle.internal.dispatch.ContextClassLoaderDispatch.dispatch(ContextClassLoaderDispatch.java:33)
	org.gradle.internal.dispatch.ProxyDispatchAdapter$DispatchingInvocationHandler.invoke(ProxyDispatchAdapter.java:94)
	com.sun.proxy.$Proxy2.stop(Unknown Source)
	org.gradle.api.internal.tasks.testing.worker.TestWorker.stop(TestWorker.java:132)
	sun.reflect.NativeMethodAccessorImpl.invoke0(Native Method)
	sun.reflect.NativeMethodAccessorImpl.invoke(NativeMethodAccessorImpl.java:62)
	sun.reflect.DelegatingMethodAccessorImpl.invoke(DelegatingMethodAccessorImpl.java:43)
	java.lang.reflect.Method.invoke(Method.java:498)
	org.gradle.internal.dispatch.ReflectionDispatch.dispatch(ReflectionDispatch.java:36)
	org.gradle.internal.dispatch.ReflectionDispatch.dispatch(ReflectionDispatch.java:24)
	org.gradle.internal.remote.internal.hub.MessageHubBackedObjectConnection$DispatchWrapper.dispatch(MessageHubBackedObjectConnection.java:182)
	org.gradle.internal.remote.internal.hub.MessageHubBackedObjectConnection$DispatchWrapper.dispatch(MessageHubBackedObjectConnection.java:164)
	org.gradle.internal.remote.internal.hub.MessageHub$Handler.run(MessageHub.java:412)
	org.gradle.internal.concurrent.ExecutorPolicy$CatchAndRecordFailures.onExecute(ExecutorPolicy.java:64)
	org.gradle.internal.concurrent.ManagedExecutorImpl$1.run(ManagedExecutorImpl.java:48)
	java.util.concurrent.ThreadPoolExecutor.runWorker(ThreadPoolExecutor.java:1149)
	java.util.concurrent.ThreadPoolExecutor$Worker.run(ThreadPoolExecutor.java:624)
	org.gradle.internal.concurrent.ThreadFactoryImpl$ManagedThreadRunnable.run(ThreadFactoryImpl.java:56)
	java.lang.Thread.run(Thread.java:748)
#5:
	io.netty.buffer.AdvancedLeakAwareCompositeByteBuf.touch(AdvancedLeakAwareCompositeByteBuf.java:36)
	org.springframework.core.io.buffer.NettyDataBufferFactory.wrap(NettyDataBufferFactory.java:93)
	org.springframework.messaging.rsocket.MetadataEncoder.asDataBuffer(MetadataEncoder.java:245)
	org.springframework.messaging.rsocket.MetadataEncoder.encodeEntries(MetadataEncoder.java:197)
	reactor.core.publisher.FluxMap$MapSubscriber.onNext(FluxMap.java:100)
	reactor.core.publisher.Operators$MonoSubscriber.complete(Operators.java:1755)
	reactor.core.publisher.MonoZip$ZipCoordinator.signal(MonoZip.java:247)
	reactor.core.publisher.MonoZip$ZipInner.onNext(MonoZip.java:329)
	reactor.core.publisher.FluxDefaultIfEmpty$DefaultIfEmptySubscriber.onNext(FluxDefaultIfEmpty.java:92)
	reactor.core.publisher.FluxMap$MapSubscriber.onNext(FluxMap.java:114)
	reactor.core.publisher.MonoDelay$MonoDelayRunnable.run(MonoDelay.java:117)
	reactor.core.scheduler.SchedulerTask.call(SchedulerTask.java:68)
	reactor.core.scheduler.SchedulerTask.call(SchedulerTask.java:28)
	java.util.concurrent.FutureTask.run(FutureTask.java:266)
	java.util.concurrent.ScheduledThreadPoolExecutor$ScheduledFutureTask.access$201(ScheduledThreadPoolExecutor.java:180)
	java.util.concurrent.ScheduledThreadPoolExecutor$ScheduledFutureTask.run(ScheduledThreadPoolExecutor.java:293)
	java.util.concurrent.ThreadPoolExecutor.runWorker(ThreadPoolExecutor.java:1149)
	java.util.concurrent.ThreadPoolExecutor$Worker.run(ThreadPoolExecutor.java:624)
	java.lang.Thread.run(Thread.java:748)
#6:
	io.netty.buffer.AdvancedLeakAwareCompositeByteBuf.addComponents(AdvancedLeakAwareCompositeByteBuf.java:926)
	io.rsocket.metadata.CompositeMetadataFlyweight.encodeAndAddMetadata(CompositeMetadataFlyweight.java:215)
	org.springframework.messaging.rsocket.MetadataEncoder.lambda$encodeEntries$2(MetadataEncoder.java:193)
	java.util.ArrayList.forEach(ArrayList.java:1257)
	org.springframework.messaging.rsocket.MetadataEncoder.encodeEntries(MetadataEncoder.java:191)
	reactor.core.publisher.FluxMap$MapSubscriber.onNext(FluxMap.java:100)
	reactor.core.publisher.Operators$MonoSubscriber.complete(Operators.java:1755)
	reactor.core.publisher.MonoZip$ZipCoordinator.signal(MonoZip.java:247)
	reactor.core.publisher.MonoZip$ZipInner.onNext(MonoZip.java:329)
	reactor.core.publisher.FluxDefaultIfEmpty$DefaultIfEmptySubscriber.onNext(FluxDefaultIfEmpty.java:92)
	reactor.core.publisher.FluxMap$MapSubscriber.onNext(FluxMap.java:114)
	reactor.core.publisher.MonoDelay$MonoDelayRunnable.run(MonoDelay.java:117)
	reactor.core.scheduler.SchedulerTask.call(SchedulerTask.java:68)
	reactor.core.scheduler.SchedulerTask.call(SchedulerTask.java:28)
	java.util.concurrent.FutureTask.run(FutureTask.java:266)
	java.util.concurrent.ScheduledThreadPoolExecutor$ScheduledFutureTask.access$201(ScheduledThreadPoolExecutor.java:180)
	java.util.concurrent.ScheduledThreadPoolExecutor$ScheduledFutureTask.run(ScheduledThreadPoolExecutor.java:293)
	java.util.concurrent.ThreadPoolExecutor.runWorker(ThreadPoolExecutor.java:1149)
	java.util.concurrent.ThreadPoolExecutor$Worker.run(ThreadPoolExecutor.java:624)
	java.lang.Thread.run(Thread.java:748)
#7:
	io.netty.buffer.AdvancedLeakAwareCompositeByteBuf.addComponents(AdvancedLeakAwareCompositeByteBuf.java:926)
	io.rsocket.metadata.CompositeMetadataFlyweight.encodeAndAddMetadata(CompositeMetadataFlyweight.java:234)
	org.springframework.messaging.rsocket.MetadataEncoder.encodeEntries(MetadataEncoder.java:188)
	reactor.core.publisher.FluxMap$MapSubscriber.onNext(FluxMap.java:100)
	reactor.core.publisher.Operators$MonoSubscriber.complete(Operators.java:1755)
	reactor.core.publisher.MonoZip$ZipCoordinator.signal(MonoZip.java:247)
	reactor.core.publisher.MonoZip$ZipInner.onNext(MonoZip.java:329)
	reactor.core.publisher.FluxDefaultIfEmpty$DefaultIfEmptySubscriber.onNext(FluxDefaultIfEmpty.java:92)
	reactor.core.publisher.FluxMap$MapSubscriber.onNext(FluxMap.java:114)
	reactor.core.publisher.MonoDelay$MonoDelayRunnable.run(MonoDelay.java:117)
	reactor.core.scheduler.SchedulerTask.call(SchedulerTask.java:68)
	reactor.core.scheduler.SchedulerTask.call(SchedulerTask.java:28)
	java.util.concurrent.FutureTask.run(FutureTask.java:266)
	java.util.concurrent.ScheduledThreadPoolExecutor$ScheduledFutureTask.access$201(ScheduledThreadPoolExecutor.java:180)
	java.util.concurrent.ScheduledThreadPoolExecutor$ScheduledFutureTask.run(ScheduledThreadPoolExecutor.java:293)
	java.util.concurrent.ThreadPoolExecutor.runWorker(ThreadPoolExecutor.java:1149)
	java.util.concurrent.ThreadPoolExecutor$Worker.run(ThreadPoolExecutor.java:624)
	java.lang.Thread.run(Thread.java:748)
Created at:
	io.netty.buffer.AbstractByteBufAllocator.compositeDirectBuffer(AbstractByteBufAllocator.java:223)
	io.netty.buffer.AbstractByteBufAllocator.compositeDirectBuffer(AbstractByteBufAllocator.java:218)
	io.netty.buffer.AbstractByteBufAllocator.compositeBuffer(AbstractByteBufAllocator.java:193)
	org.springframework.messaging.rsocket.MetadataEncoder.encodeEntries(MetadataEncoder.java:185)
	reactor.core.publisher.FluxMap$MapSubscriber.onNext(FluxMap.java:100)
	reactor.core.publisher.Operators$MonoSubscriber.complete(Operators.java:1755)
	reactor.core.publisher.MonoZip$ZipCoordinator.signal(MonoZip.java:247)
	reactor.core.publisher.MonoZip$ZipInner.onNext(MonoZip.java:329)
	reactor.core.publisher.FluxDefaultIfEmpty$DefaultIfEmptySubscriber.onNext(FluxDefaultIfEmpty.java:92)
	reactor.core.publisher.FluxMap$MapSubscriber.onNext(FluxMap.java:114)
	reactor.core.publisher.MonoDelay$MonoDelayRunnable.run(MonoDelay.java:117)
	reactor.core.scheduler.SchedulerTask.call(SchedulerTask.java:68)
	reactor.core.scheduler.SchedulerTask.call(SchedulerTask.java:28)
	java.util.concurrent.FutureTask.run(FutureTask.java:266)
	java.util.concurrent.ScheduledThreadPoolExecutor$ScheduledFutureTask.access$201(ScheduledThreadPoolExecutor.java:180)
	java.util.concurrent.ScheduledThreadPoolExecutor$ScheduledFutureTask.run(ScheduledThreadPoolExecutor.java:293)
	java.util.concurrent.ThreadPoolExecutor.runWorker(ThreadPoolExecutor.java:1149)
	java.util.concurrent.ThreadPoolExecutor$Worker.run(ThreadPoolExecutor.java:624)
	java.lang.Thread.run(Thread.java:748)
: 2 leak records were discarded because they were duplicates
: 37 leak records were discarded because the leak record count is targeted to 4. Use system property io.netty.leakDetection.targetRecords to increase the limit.
22:22:58.639 [Test worker] ERROR i.n.u.ResourceLeakDetector - LEAK: ByteBuf.release() was not called before it's garbage-collected. See https://netty.io/wiki/reference-counted-objects.html for more information.
Recent access records: 
#1:
	io.netty.buffer.AdvancedLeakAwareCompositeByteBuf.getBytes(AdvancedLeakAwareCompositeByteBuf.java:236)
	io.netty.buffer.AdvancedLeakAwareCompositeByteBuf.getBytes(AdvancedLeakAwareCompositeByteBuf.java:36)
	io.netty.buffer.CompositeByteBuf.getBytes(CompositeByteBuf.java:1034)
	io.netty.buffer.CompositeByteBuf.getBytes(CompositeByteBuf.java:49)
	io.netty.buffer.AbstractUnpooledSlicedByteBuf.getBytes(AbstractUnpooledSlicedByteBuf.java:243)
	io.netty.buffer.ByteBufUtil.decodeString(ByteBufUtil.java:834)
	io.netty.buffer.AbstractByteBuf.toString(AbstractByteBuf.java:1247)
	io.netty.buffer.AbstractByteBuf.toString(AbstractByteBuf.java:1242)
	io.netty.buffer.WrappedByteBuf.toString(WrappedByteBuf.java:967)
	io.netty.buffer.AdvancedLeakAwareByteBuf.toString(AdvancedLeakAwareByteBuf.java:743)
	io.rsocket.metadata.TaggingMetadata$1.next(TaggingMetadata.java:47)
	io.rsocket.metadata.TaggingMetadata$1.next(TaggingMetadata.java:37)
	org.springframework.messaging.rsocket.DefaultMetadataExtractor.extractEntry(DefaultMetadataExtractor.java:136)
	org.springframework.messaging.rsocket.DefaultMetadataExtractor.extract(DefaultMetadataExtractor.java:115)
	org.springframework.messaging.rsocket.DefaultRSocketRequesterTests.testSendWithAsyncMetadata(DefaultRSocketRequesterTests.java:171)
	sun.reflect.NativeMethodAccessorImpl.invoke0(Native Method)
	sun.reflect.NativeMethodAccessorImpl.invoke(NativeMethodAccessorImpl.java:62)
	sun.reflect.DelegatingMethodAccessorImpl.invoke(DelegatingMethodAccessorImpl.java:43)
	java.lang.reflect.Method.invoke(Method.java:498)
	org.junit.platform.commons.util.ReflectionUtils.invokeMethod(ReflectionUtils.java:686)
	org.junit.jupiter.engine.execution.MethodInvocation.proceed(MethodInvocation.java:60)
	org.junit.jupiter.engine.execution.InvocationInterceptorChain$ValidatingInvocation.proceed(InvocationInterceptorChain.java:131)
	org.junit.jupiter.engine.extension.TimeoutExtension.intercept(TimeoutExtension.java:149)
	org.junit.jupiter.engine.extension.TimeoutExtension.interceptTestableMethod(TimeoutExtension.java:140)
	org.junit.jupiter.engine.extension.TimeoutExtension.interceptTestMethod(TimeoutExtension.java:84)
	org.junit.jupiter.engine.execution.ExecutableInvoker$ReflectiveInterceptorCall.lambda$ofVoidMethod$0(ExecutableInvoker.java:115)
	org.junit.jupiter.engine.execution.ExecutableInvoker.lambda$invoke$0(ExecutableInvoker.java:105)
	org.junit.jupiter.engine.execution.InvocationInterceptorChain$InterceptedInvocation.proceed(InvocationInterceptorChain.java:106)
	org.junit.jupiter.engine.execution.InvocationInterceptorChain.proceed(InvocationInterceptorChain.java:64)
	org.junit.jupiter.engine.execution.InvocationInterceptorChain.chainAndInvoke(InvocationInterceptorChain.java:45)
	org.junit.jupiter.engine.execution.InvocationInterceptorChain.invoke(InvocationInterceptorChain.java:37)
	org.junit.jupiter.engine.execution.ExecutableInvoker.invoke(ExecutableInvoker.java:104)
	org.junit.jupiter.engine.execution.ExecutableInvoker.invoke(ExecutableInvoker.java:98)
	org.junit.jupiter.engine.descriptor.TestMethodTestDescriptor.lambda$invokeTestMethod$6(TestMethodTestDescriptor.java:212)
	org.junit.platform.engine.support.hierarchical.ThrowableCollector.execute(ThrowableCollector.java:73)
	org.junit.jupiter.engine.descriptor.TestMethodTestDescriptor.invokeTestMethod(TestMethodTestDescriptor.java:208)
	org.junit.jupiter.engine.descriptor.TestMethodTestDescriptor.execute(TestMethodTestDescriptor.java:137)
	org.junit.jupiter.engine.descriptor.TestMethodTestDescriptor.execute(TestMethodTestDescriptor.java:71)
	org.junit.platform.engine.support.hierarchical.NodeTestTask.lambda$executeRecursively$5(NodeTestTask.java:135)
	org.junit.platform.engine.support.hierarchical.ThrowableCollector.execute(ThrowableCollector.java:73)
	org.junit.platform.engine.support.hierarchical.NodeTestTask.lambda$executeRecursively$7(NodeTestTask.java:125)
	org.junit.platform.engine.support.hierarchical.Node.around(Node.java:135)
	org.junit.platform.engine.support.hierarchical.NodeTestTask.lambda$executeRecursively$8(NodeTestTask.java:123)
	org.junit.platform.engine.support.hierarchical.ThrowableCollector.execute(ThrowableCollector.java:73)
	org.junit.platform.engine.support.hierarchical.NodeTestTask.executeRecursively(NodeTestTask.java:122)
	org.junit.platform.engine.support.hierarchical.NodeTestTask.execute(NodeTestTask.java:80)
	java.util.ArrayList.forEach(ArrayList.java:1257)
	org.junit.platform.engine.support.hierarchical.SameThreadHierarchicalTestExecutorService.invokeAll(SameThreadHierarchicalTestExecutorService.java:38)
	org.junit.platform.engine.support.hierarchical.NodeTestTask.lambda$executeRecursively$5(NodeTestTask.java:139)
	org.junit.platform.engine.support.hierarchical.ThrowableCollector.execute(ThrowableCollector.java:73)
	org.junit.platform.engine.support.hierarchical.NodeTestTask.lambda$executeRecursively$7(NodeTestTask.java:125)
	org.junit.platform.engine.support.hierarchical.Node.around(Node.java:135)
	org.junit.platform.engine.support.hierarchical.NodeTestTask.lambda$executeRecursively$8(NodeTestTask.java:123)
	org.junit.platform.engine.support.hierarchical.ThrowableCollector.execute(ThrowableCollector.java:73)
	org.junit.platform.engine.support.hierarchical.NodeTestTask.executeRecursively(NodeTestTask.java:122)
	org.junit.platform.engine.support.hierarchical.NodeTestTask.execute(NodeTestTask.java:80)
	java.util.ArrayList.forEach(ArrayList.java:1257)
	org.junit.platform.engine.support.hierarchical.SameThreadHierarchicalTestExecutorService.invokeAll(SameThreadHierarchicalTestExecutorService.java:38)
	org.junit.platform.engine.support.hierarchical.NodeTestTask.lambda$executeRecursively$5(NodeTestTask.java:139)
	org.junit.platform.engine.support.hierarchical.ThrowableCollector.execute(ThrowableCollector.java:73)
	org.junit.platform.engine.support.hierarchical.NodeTestTask.lambda$executeRecursively$7(NodeTestTask.java:125)
	org.junit.platform.engine.support.hierarchical.Node.around(Node.java:135)
	org.junit.platform.engine.support.hierarchical.NodeTestTask.lambda$executeRecursively$8(NodeTestTask.java:123)
	org.junit.platform.engine.support.hierarchical.ThrowableCollector.execute(ThrowableCollector.java:73)
	org.junit.platform.engine.support.hierarchical.NodeTestTask.executeRecursively(NodeTestTask.java:122)
	org.junit.platform.engine.support.hierarchical.NodeTestTask.execute(NodeTestTask.java:80)
	org.junit.platform.engine.support.hierarchical.SameThreadHierarchicalTestExecutorService.submit(SameThreadHierarchicalTestExecutorService.java:32)
	org.junit.platform.engine.support.hierarchical.HierarchicalTestExecutor.execute(HierarchicalTestExecutor.java:57)
	org.junit.platform.engine.support.hierarchical.HierarchicalTestEngine.execute(HierarchicalTestEngine.java:51)
	org.junit.platform.launcher.core.DefaultLauncher.execute(DefaultLauncher.java:248)
	org.junit.platform.launcher.core.DefaultLauncher.lambda$execute$5(DefaultLauncher.java:211)
	org.junit.platform.launcher.core.DefaultLauncher.withInterceptedStreams(DefaultLauncher.java:226)
	org.junit.platform.launcher.core.DefaultLauncher.execute(DefaultLauncher.java:199)
	org.junit.platform.launcher.core.DefaultLauncher.execute(DefaultLauncher.java:132)
	org.gradle.api.internal.tasks.testing.junitplatform.JUnitPlatformTestClassProcessor$CollectAllTestClassesExecutor.processAllTestClasses(JUnitPlatformTestClassProcessor.java:102)
	org.gradle.api.internal.tasks.testing.junitplatform.JUnitPlatformTestClassProcessor$CollectAllTestClassesExecutor.access$000(JUnitPlatformTestClassProcessor.java:82)
	org.gradle.api.internal.tasks.testing.junitplatform.JUnitPlatformTestClassProcessor.stop(JUnitPlatformTestClassProcessor.java:78)
	org.gradle.api.internal.tasks.testing.SuiteTestClassProcessor.stop(SuiteTestClassProcessor.java:61)
	sun.reflect.NativeMethodAccessorImpl.invoke0(Native Method)
	sun.reflect.NativeMethodAccessorImpl.invoke(NativeMethodAccessorImpl.java:62)
	sun.reflect.DelegatingMethodAccessorImpl.invoke(DelegatingMethodAccessorImpl.java:43)
	java.lang.reflect.Method.invoke(Method.java:498)
	org.gradle.internal.dispatch.ReflectionDispatch.dispatch(ReflectionDispatch.java:36)
	org.gradle.internal.dispatch.ReflectionDispatch.dispatch(ReflectionDispatch.java:24)
	org.gradle.internal.dispatch.ContextClassLoaderDispatch.dispatch(ContextClassLoaderDispatch.java:33)
	org.gradle.internal.dispatch.ProxyDispatchAdapter$DispatchingInvocationHandler.invoke(ProxyDispatchAdapter.java:94)
	com.sun.proxy.$Proxy2.stop(Unknown Source)
	org.gradle.api.internal.tasks.testing.worker.TestWorker.stop(TestWorker.java:132)
	sun.reflect.NativeMethodAccessorImpl.invoke0(Native Method)
	sun.reflect.NativeMethodAccessorImpl.invoke(NativeMethodAccessorImpl.java:62)
	sun.reflect.DelegatingMethodAccessorImpl.invoke(DelegatingMethodAccessorImpl.java:43)
	java.lang.reflect.Method.invoke(Method.java:498)
	org.gradle.internal.dispatch.ReflectionDispatch.dispatch(ReflectionDispatch.java:36)
	org.gradle.internal.dispatch.ReflectionDispatch.dispatch(ReflectionDispatch.java:24)
	org.gradle.internal.remote.internal.hub.MessageHubBackedObjectConnection$DispatchWrapper.dispatch(MessageHubBackedObjectConnection.java:182)
	org.gradle.internal.remote.internal.hub.MessageHubBackedObjectConnection$DispatchWrapper.dispatch(MessageHubBackedObjectConnection.java:164)
	org.gradle.internal.remote.internal.hub.MessageHub$Handler.run(MessageHub.java:412)
	org.gradle.internal.concurrent.ExecutorPolicy$CatchAndRecordFailures.onExecute(ExecutorPolicy.java:64)
	org.gradle.internal.concurrent.ManagedExecutorImpl$1.run(ManagedExecutorImpl.java:48)
	java.util.concurrent.ThreadPoolExecutor.runWorker(ThreadPoolExecutor.java:1149)
	java.util.concurrent.ThreadPoolExecutor$Worker.run(ThreadPoolExecutor.java:624)
	org.gradle.internal.concurrent.ThreadFactoryImpl$ManagedThreadRunnable.run(ThreadFactoryImpl.java:56)
	java.lang.Thread.run(Thread.java:748)
#2:
	io.netty.buffer.AdvancedLeakAwareCompositeByteBuf.order(AdvancedLeakAwareCompositeByteBuf.java:44)
	io.netty.buffer.CompositeByteBuf.newComponent(CompositeByteBuf.java:336)
	io.netty.buffer.CompositeByteBuf.addComponents0(CompositeByteBuf.java:374)
	io.netty.buffer.CompositeByteBuf.addComponents(CompositeByteBuf.java:236)
	io.netty.buffer.WrappedCompositeByteBuf.addComponents(WrappedCompositeByteBuf.java:540)
	io.netty.buffer.AdvancedLeakAwareCompositeByteBuf.addComponents(AdvancedLeakAwareCompositeByteBuf.java:927)
	io.rsocket.metadata.CompositeMetadataFlyweight.encodeAndAddMetadata(CompositeMetadataFlyweight.java:234)
	org.springframework.messaging.rsocket.MetadataEncoder.encodeEntries(MetadataEncoder.java:188)
	reactor.core.publisher.FluxMap$MapSubscriber.onNext(FluxMap.java:100)
	reactor.core.publisher.Operators$MonoSubscriber.complete(Operators.java:1755)
	reactor.core.publisher.MonoZip$ZipCoordinator.signal(MonoZip.java:247)
	reactor.core.publisher.MonoZip$ZipInner.onNext(MonoZip.java:329)
	reactor.core.publisher.FluxDefaultIfEmpty$DefaultIfEmptySubscriber.onNext(FluxDefaultIfEmpty.java:92)
	reactor.core.publisher.FluxMap$MapSubscriber.onNext(FluxMap.java:114)
	reactor.core.publisher.MonoDelay$MonoDelayRunnable.run(MonoDelay.java:117)
	reactor.core.scheduler.SchedulerTask.call(SchedulerTask.java:68)
	reactor.core.scheduler.SchedulerTask.call(SchedulerTask.java:28)
	java.util.concurrent.FutureTask.run(FutureTask.java:266)
	java.util.concurrent.ScheduledThreadPoolExecutor$ScheduledFutureTask.access$201(ScheduledThreadPoolExecutor.java:180)
	java.util.concurrent.ScheduledThreadPoolExecutor$ScheduledFutureTask.run(ScheduledThreadPoolExecutor.java:293)
	java.util.concurrent.ThreadPoolExecutor.runWorker(ThreadPoolExecutor.java:1149)
	java.util.concurrent.ThreadPoolExecutor$Worker.run(ThreadPoolExecutor.java:624)
	java.lang.Thread.run(Thread.java:748)
#3:
	io.netty.buffer.AdvancedLeakAwareCompositeByteBuf.order(AdvancedLeakAwareCompositeByteBuf.java:44)
	io.netty.buffer.CompositeByteBuf.newComponent(CompositeByteBuf.java:335)
	io.netty.buffer.CompositeByteBuf.addComponents0(CompositeByteBuf.java:374)
	io.netty.buffer.CompositeByteBuf.addComponents(CompositeByteBuf.java:236)
	io.netty.buffer.WrappedCompositeByteBuf.addComponents(WrappedCompositeByteBuf.java:540)
	io.netty.buffer.AdvancedLeakAwareCompositeByteBuf.addComponents(AdvancedLeakAwareCompositeByteBuf.java:927)
	io.rsocket.metadata.CompositeMetadataFlyweight.encodeAndAddMetadata(CompositeMetadataFlyweight.java:234)
	org.springframework.messaging.rsocket.MetadataEncoder.encodeEntries(MetadataEncoder.java:188)
	reactor.core.publisher.FluxMap$MapSubscriber.onNext(FluxMap.java:100)
	reactor.core.publisher.Operators$MonoSubscriber.complete(Operators.java:1755)
	reactor.core.publisher.MonoZip$ZipCoordinator.signal(MonoZip.java:247)
	reactor.core.publisher.MonoZip$ZipInner.onNext(MonoZip.java:329)
	reactor.core.publisher.FluxDefaultIfEmpty$DefaultIfEmptySubscriber.onNext(FluxDefaultIfEmpty.java:92)
	reactor.core.publisher.FluxMap$MapSubscriber.onNext(FluxMap.java:114)
	reactor.core.publisher.MonoDelay$MonoDelayRunnable.run(MonoDelay.java:117)
	reactor.core.scheduler.SchedulerTask.call(SchedulerTask.java:68)
	reactor.core.scheduler.SchedulerTask.call(SchedulerTask.java:28)
	java.util.concurrent.FutureTask.run(FutureTask.java:266)
	java.util.concurrent.ScheduledThreadPoolExecutor$ScheduledFutureTask.access$201(ScheduledThreadPoolExecutor.java:180)
	java.util.concurrent.ScheduledThreadPoolExecutor$ScheduledFutureTask.run(ScheduledThreadPoolExecutor.java:293)
	java.util.concurrent.ThreadPoolExecutor.runWorker(ThreadPoolExecutor.java:1149)
	java.util.concurrent.ThreadPoolExecutor$Worker.run(ThreadPoolExecutor.java:624)
	java.lang.Thread.run(Thread.java:748)
#4:
	io.netty.buffer.AdvancedLeakAwareCompositeByteBuf.addComponent(AdvancedLeakAwareCompositeByteBuf.java:920)
	io.rsocket.metadata.TaggingMetadataFlyweight.createTaggingContent(TaggingMetadataFlyweight.java:72)
	io.rsocket.metadata.TaggingMetadataFlyweight.createRoutingMetadata(TaggingMetadataFlyweight.java:30)
	org.springframework.messaging.rsocket.MetadataEncoder.encodeRoute(MetadataEncoder.java:224)
	org.springframework.messaging.rsocket.MetadataEncoder.encodeEntries(MetadataEncoder.java:189)
	reactor.core.publisher.FluxMap$MapSubscriber.onNext(FluxMap.java:100)
	reactor.core.publisher.Operators$MonoSubscriber.complete(Operators.java:1755)
	reactor.core.publisher.MonoZip$ZipCoordinator.signal(MonoZip.java:247)
	reactor.core.publisher.MonoZip$ZipInner.onNext(MonoZip.java:329)
	reactor.core.publisher.FluxDefaultIfEmpty$DefaultIfEmptySubscriber.onNext(FluxDefaultIfEmpty.java:92)
	reactor.core.publisher.FluxMap$MapSubscriber.onNext(FluxMap.java:114)
	reactor.core.publisher.MonoDelay$MonoDelayRunnable.run(MonoDelay.java:117)
	reactor.core.scheduler.SchedulerTask.call(SchedulerTask.java:68)
	reactor.core.scheduler.SchedulerTask.call(SchedulerTask.java:28)
	java.util.concurrent.FutureTask.run(FutureTask.java:266)
	java.util.concurrent.ScheduledThreadPoolExecutor$ScheduledFutureTask.access$201(ScheduledThreadPoolExecutor.java:180)
	java.util.concurrent.ScheduledThreadPoolExecutor$ScheduledFutureTask.run(ScheduledThreadPoolExecutor.java:293)
	java.util.concurrent.ThreadPoolExecutor.runWorker(ThreadPoolExecutor.java:1149)
	java.util.concurrent.ThreadPoolExecutor$Worker.run(ThreadPoolExecutor.java:624)
	java.lang.Thread.run(Thread.java:748)
Created at:
	io.netty.buffer.AbstractByteBufAllocator.compositeDirectBuffer(AbstractByteBufAllocator.java:223)
	io.netty.buffer.AbstractByteBufAllocator.compositeDirectBuffer(AbstractByteBufAllocator.java:218)
	io.netty.buffer.AbstractByteBufAllocator.compositeBuffer(AbstractByteBufAllocator.java:193)
	io.rsocket.metadata.TaggingMetadataFlyweight.createTaggingContent(TaggingMetadataFlyweight.java:64)
	io.rsocket.metadata.TaggingMetadataFlyweight.createRoutingMetadata(TaggingMetadataFlyweight.java:30)
	org.springframework.messaging.rsocket.MetadataEncoder.encodeRoute(MetadataEncoder.java:224)
	org.springframework.messaging.rsocket.MetadataEncoder.encodeEntries(MetadataEncoder.java:189)
	reactor.core.publisher.FluxMap$MapSubscriber.onNext(FluxMap.java:100)
	reactor.core.publisher.Operators$MonoSubscriber.complete(Operators.java:1755)
	reactor.core.publisher.MonoZip$ZipCoordinator.signal(MonoZip.java:247)
	reactor.core.publisher.MonoZip$ZipInner.onNext(MonoZip.java:329)
	reactor.core.publisher.FluxDefaultIfEmpty$DefaultIfEmptySubscriber.onNext(FluxDefaultIfEmpty.java:92)
	reactor.core.publisher.FluxMap$MapSubscriber.onNext(FluxMap.java:114)
	reactor.core.publisher.MonoDelay$MonoDelayRunnable.run(MonoDelay.java:117)
	reactor.core.scheduler.SchedulerTask.call(SchedulerTask.java:68)
	reactor.core.scheduler.SchedulerTask.call(SchedulerTask.java:28)
	java.util.concurrent.FutureTask.run(FutureTask.java:266)
	java.util.concurrent.ScheduledThreadPoolExecutor$ScheduledFutureTask.access$201(ScheduledThreadPoolExecutor.java:180)
	java.util.concurrent.ScheduledThreadPoolExecutor$ScheduledFutureTask.run(ScheduledThreadPoolExecutor.java:293)
	java.util.concurrent.ThreadPoolExecutor.runWorker(ThreadPoolExecutor.java:1149)
	java.util.concurrent.ThreadPoolExecutor$Worker.run(ThreadPoolExecutor.java:624)
	java.lang.Thread.run(Thread.java:748)
: 1 leak records were discarded because the leak record count is targeted to 4. Use system property io.netty.leakDetection.targetRecords to increase the limit.
22:22:58.643 [Test worker] ERROR i.n.u.ResourceLeakDetector - LEAK: ByteBuf.release() was not called before it's garbage-collected. See https://netty.io/wiki/reference-counted-objects.html for more information.
Recent access records: 
#1:
	io.netty.buffer.AdvancedLeakAwareByteBuf.toString(AdvancedLeakAwareByteBuf.java:742)
	io.rsocket.Payload.getDataUtf8(Payload.java:102)
	org.springframework.messaging.rsocket.DefaultRSocketRequesterTests.testSendMono(DefaultRSocketRequesterTests.java:99)
	org.springframework.messaging.rsocket.DefaultRSocketRequesterTests.sendMono(DefaultRSocketRequesterTests.java:83)
	sun.reflect.NativeMethodAccessorImpl.invoke0(Native Method)
	sun.reflect.NativeMethodAccessorImpl.invoke(NativeMethodAccessorImpl.java:62)
	sun.reflect.DelegatingMethodAccessorImpl.invoke(DelegatingMethodAccessorImpl.java:43)
	java.lang.reflect.Method.invoke(Method.java:498)
	org.junit.platform.commons.util.ReflectionUtils.invokeMethod(ReflectionUtils.java:686)
	org.junit.jupiter.engine.execution.MethodInvocation.proceed(MethodInvocation.java:60)
	org.junit.jupiter.engine.execution.InvocationInterceptorChain$ValidatingInvocation.proceed(InvocationInterceptorChain.java:131)
	org.junit.jupiter.engine.extension.TimeoutExtension.intercept(TimeoutExtension.java:149)
	org.junit.jupiter.engine.extension.TimeoutExtension.interceptTestableMethod(TimeoutExtension.java:140)
	org.junit.jupiter.engine.extension.TimeoutExtension.interceptTestMethod(TimeoutExtension.java:84)
	org.junit.jupiter.engine.execution.ExecutableInvoker$ReflectiveInterceptorCall.lambda$ofVoidMethod$0(ExecutableInvoker.java:115)
	org.junit.jupiter.engine.execution.ExecutableInvoker.lambda$invoke$0(ExecutableInvoker.java:105)
	org.junit.jupiter.engine.execution.InvocationInterceptorChain$InterceptedInvocation.proceed(InvocationInterceptorChain.java:106)
	org.junit.jupiter.engine.execution.InvocationInterceptorChain.proceed(InvocationInterceptorChain.java:64)
	org.junit.jupiter.engine.execution.InvocationInterceptorChain.chainAndInvoke(InvocationInterceptorChain.java:45)
	org.junit.jupiter.engine.execution.InvocationInterceptorChain.invoke(InvocationInterceptorChain.java:37)
	org.junit.jupiter.engine.execution.ExecutableInvoker.invoke(ExecutableInvoker.java:104)
	org.junit.jupiter.engine.execution.ExecutableInvoker.invoke(ExecutableInvoker.java:98)
	org.junit.jupiter.engine.descriptor.TestMethodTestDescriptor.lambda$invokeTestMethod$6(TestMethodTestDescriptor.java:212)
	org.junit.platform.engine.support.hierarchical.ThrowableCollector.execute(ThrowableCollector.java:73)
	org.junit.jupiter.engine.descriptor.TestMethodTestDescriptor.invokeTestMethod(TestMethodTestDescriptor.java:208)
	org.junit.jupiter.engine.descriptor.TestMethodTestDescriptor.execute(TestMethodTestDescriptor.java:137)
	org.junit.jupiter.engine.descriptor.TestMethodTestDescriptor.execute(TestMethodTestDescriptor.java:71)
	org.junit.platform.engine.support.hierarchical.NodeTestTask.lambda$executeRecursively$5(NodeTestTask.java:135)
	org.junit.platform.engine.support.hierarchical.ThrowableCollector.execute(ThrowableCollector.java:73)
	org.junit.platform.engine.support.hierarchical.NodeTestTask.lambda$executeRecursively$7(NodeTestTask.java:125)
	org.junit.platform.engine.support.hierarchical.Node.around(Node.java:135)
	org.junit.platform.engine.support.hierarchical.NodeTestTask.lambda$executeRecursively$8(NodeTestTask.java:123)
	org.junit.platform.engine.support.hierarchical.ThrowableCollector.execute(ThrowableCollector.java:73)
	org.junit.platform.engine.support.hierarchical.NodeTestTask.executeRecursively(NodeTestTask.java:122)
	org.junit.platform.engine.support.hierarchical.NodeTestTask.execute(NodeTestTask.java:80)
	java.util.ArrayList.forEach(ArrayList.java:1257)
	org.junit.platform.engine.support.hierarchical.SameThreadHierarchicalTestExecutorService.invokeAll(SameThreadHierarchicalTestExecutorService.java:38)
	org.junit.platform.engine.support.hierarchical.NodeTestTask.lambda$executeRecursively$5(NodeTestTask.java:139)
	org.junit.platform.engine.support.hierarchical.ThrowableCollector.execute(ThrowableCollector.java:73)
	org.junit.platform.engine.support.hierarchical.NodeTestTask.lambda$executeRecursively$7(NodeTestTask.java:125)
	org.junit.platform.engine.support.hierarchical.Node.around(Node.java:135)
	org.junit.platform.engine.support.hierarchical.NodeTestTask.lambda$executeRecursively$8(NodeTestTask.java:123)
	org.junit.platform.engine.support.hierarchical.ThrowableCollector.execute(ThrowableCollector.java:73)
	org.junit.platform.engine.support.hierarchical.NodeTestTask.executeRecursively(NodeTestTask.java:122)
	org.junit.platform.engine.support.hierarchical.NodeTestTask.execute(NodeTestTask.java:80)
	java.util.ArrayList.forEach(ArrayList.java:1257)
	org.junit.platform.engine.support.hierarchical.SameThreadHierarchicalTestExecutorService.invokeAll(SameThreadHierarchicalTestExecutorService.java:38)
	org.junit.platform.engine.support.hierarchical.NodeTestTask.lambda$executeRecursively$5(NodeTestTask.java:139)
	org.junit.platform.engine.support.hierarchical.ThrowableCollector.execute(ThrowableCollector.java:73)
	org.junit.platform.engine.support.hierarchical.NodeTestTask.lambda$executeRecursively$7(NodeTestTask.java:125)
	org.junit.platform.engine.support.hierarchical.Node.around(Node.java:135)
	org.junit.platform.engine.support.hierarchical.NodeTestTask.lambda$executeRecursively$8(NodeTestTask.java:123)
	org.junit.platform.engine.support.hierarchical.ThrowableCollector.execute(ThrowableCollector.java:73)
	org.junit.platform.engine.support.hierarchical.NodeTestTask.executeRecursively(NodeTestTask.java:122)
	org.junit.platform.engine.support.hierarchical.NodeTestTask.execute(NodeTestTask.java:80)
	org.junit.platform.engine.support.hierarchical.SameThreadHierarchicalTestExecutorService.submit(SameThreadHierarchicalTestExecutorService.java:32)
	org.junit.platform.engine.support.hierarchical.HierarchicalTestExecutor.execute(HierarchicalTestExecutor.java:57)
	org.junit.platform.engine.support.hierarchical.HierarchicalTestEngine.execute(HierarchicalTestEngine.java:51)
	org.junit.platform.launcher.core.DefaultLauncher.execute(DefaultLauncher.java:248)
	org.junit.platform.launcher.core.DefaultLauncher.lambda$execute$5(DefaultLauncher.java:211)
	org.junit.platform.launcher.core.DefaultLauncher.withInterceptedStreams(DefaultLauncher.java:226)
	org.junit.platform.launcher.core.DefaultLauncher.execute(DefaultLauncher.java:199)
	org.junit.platform.launcher.core.DefaultLauncher.execute(DefaultLauncher.java:132)
	org.gradle.api.internal.tasks.testing.junitplatform.JUnitPlatformTestClassProcessor$CollectAllTestClassesExecutor.processAllTestClasses(JUnitPlatformTestClassProcessor.java:102)
	org.gradle.api.internal.tasks.testing.junitplatform.JUnitPlatformTestClassProcessor$CollectAllTestClassesExecutor.access$000(JUnitPlatformTestClassProcessor.java:82)
	org.gradle.api.internal.tasks.testing.junitplatform.JUnitPlatformTestClassProcessor.stop(JUnitPlatformTestClassProcessor.java:78)
	org.gradle.api.internal.tasks.testing.SuiteTestClassProcessor.stop(SuiteTestClassProcessor.java:61)
	sun.reflect.NativeMethodAccessorImpl.invoke0(Native Method)
	sun.reflect.NativeMethodAccessorImpl.invoke(NativeMethodAccessorImpl.java:62)
	sun.reflect.DelegatingMethodAccessorImpl.invoke(DelegatingMethodAccessorImpl.java:43)
	java.lang.reflect.Method.invoke(Method.java:498)
	org.gradle.internal.dispatch.ReflectionDispatch.dispatch(ReflectionDispatch.java:36)
	org.gradle.internal.dispatch.ReflectionDispatch.dispatch(ReflectionDispatch.java:24)
	org.gradle.internal.dispatch.ContextClassLoaderDispatch.dispatch(ContextClassLoaderDispatch.java:33)
	org.gradle.internal.dispatch.ProxyDispatchAdapter$DispatchingInvocationHandler.invoke(ProxyDispatchAdapter.java:94)
	com.sun.proxy.$Proxy2.stop(Unknown Source)
	org.gradle.api.internal.tasks.testing.worker.TestWorker.stop(TestWorker.java:132)
	sun.reflect.NativeMethodAccessorImpl.invoke0(Native Method)
	sun.reflect.NativeMethodAccessorImpl.invoke(NativeMethodAccessorImpl.java:62)
	sun.reflect.DelegatingMethodAccessorImpl.invoke(DelegatingMethodAccessorImpl.java:43)
	java.lang.reflect.Method.invoke(Method.java:498)
	org.gradle.internal.dispatch.ReflectionDispatch.dispatch(ReflectionDispatch.java:36)
	org.gradle.internal.dispatch.ReflectionDispatch.dispatch(ReflectionDispatch.java:24)
	org.gradle.internal.remote.internal.hub.MessageHubBackedObjectConnection$DispatchWrapper.dispatch(MessageHubBackedObjectConnection.java:182)
	org.gradle.internal.remote.internal.hub.MessageHubBackedObjectConnection$DispatchWrapper.dispatch(MessageHubBackedObjectConnection.java:164)
	org.gradle.internal.remote.internal.hub.MessageHub$Handler.run(MessageHub.java:412)
	org.gradle.internal.concurrent.ExecutorPolicy$CatchAndRecordFailures.onExecute(ExecutorPolicy.java:64)
	org.gradle.internal.concurrent.ManagedExecutorImpl$1.run(ManagedExecutorImpl.java:48)
	java.util.concurrent.ThreadPoolExecutor.runWorker(ThreadPoolExecutor.java:1149)
	java.util.concurrent.ThreadPoolExecutor$Worker.run(ThreadPoolExecutor.java:624)
	org.gradle.internal.concurrent.ThreadFactoryImpl$ManagedThreadRunnable.run(ThreadFactoryImpl.java:56)
	java.lang.Thread.run(Thread.java:748)
#2:
	io.netty.buffer.AdvancedLeakAwareByteBuf.slice(AdvancedLeakAwareByteBuf.java:76)
	io.rsocket.util.ByteBufPayload.sliceData(ByteBufPayload.java:149)
	io.rsocket.Payload.getDataUtf8(Payload.java:102)
	org.springframework.messaging.rsocket.DefaultRSocketRequesterTests.testSendMono(DefaultRSocketRequesterTests.java:99)
	org.springframework.messaging.rsocket.DefaultRSocketRequesterTests.sendMono(DefaultRSocketRequesterTests.java:83)
	sun.reflect.NativeMethodAccessorImpl.invoke0(Native Method)
	sun.reflect.NativeMethodAccessorImpl.invoke(NativeMethodAccessorImpl.java:62)
	sun.reflect.DelegatingMethodAccessorImpl.invoke(DelegatingMethodAccessorImpl.java:43)
	java.lang.reflect.Method.invoke(Method.java:498)
	org.junit.platform.commons.util.ReflectionUtils.invokeMethod(ReflectionUtils.java:686)
	org.junit.jupiter.engine.execution.MethodInvocation.proceed(MethodInvocation.java:60)
	org.junit.jupiter.engine.execution.InvocationInterceptorChain$ValidatingInvocation.proceed(InvocationInterceptorChain.java:131)
	org.junit.jupiter.engine.extension.TimeoutExtension.intercept(TimeoutExtension.java:149)
	org.junit.jupiter.engine.extension.TimeoutExtension.interceptTestableMethod(TimeoutExtension.java:140)
	org.junit.jupiter.engine.extension.TimeoutExtension.interceptTestMethod(TimeoutExtension.java:84)
	org.junit.jupiter.engine.execution.ExecutableInvoker$ReflectiveInterceptorCall.lambda$ofVoidMethod$0(ExecutableInvoker.java:115)
	org.junit.jupiter.engine.execution.ExecutableInvoker.lambda$invoke$0(ExecutableInvoker.java:105)
	org.junit.jupiter.engine.execution.InvocationInterceptorChain$InterceptedInvocation.proceed(InvocationInterceptorChain.java:106)
	org.junit.jupiter.engine.execution.InvocationInterceptorChain.proceed(InvocationInterceptorChain.java:64)
	org.junit.jupiter.engine.execution.InvocationInterceptorChain.chainAndInvoke(InvocationInterceptorChain.java:45)
	org.junit.jupiter.engine.execution.InvocationInterceptorChain.invoke(InvocationInterceptorChain.java:37)
	org.junit.jupiter.engine.execution.ExecutableInvoker.invoke(ExecutableInvoker.java:104)
	org.junit.jupiter.engine.execution.ExecutableInvoker.invoke(ExecutableInvoker.java:98)
	org.junit.jupiter.engine.descriptor.TestMethodTestDescriptor.lambda$invokeTestMethod$6(TestMethodTestDescriptor.java:212)
	org.junit.platform.engine.support.hierarchical.ThrowableCollector.execute(ThrowableCollector.java:73)
	org.junit.jupiter.engine.descriptor.TestMethodTestDescriptor.invokeTestMethod(TestMethodTestDescriptor.java:208)
	org.junit.jupiter.engine.descriptor.TestMethodTestDescriptor.execute(TestMethodTestDescriptor.java:137)
	org.junit.jupiter.engine.descriptor.TestMethodTestDescriptor.execute(TestMethodTestDescriptor.java:71)
	org.junit.platform.engine.support.hierarchical.NodeTestTask.lambda$executeRecursively$5(NodeTestTask.java:135)
	org.junit.platform.engine.support.hierarchical.ThrowableCollector.execute(ThrowableCollector.java:73)
	org.junit.platform.engine.support.hierarchical.NodeTestTask.lambda$executeRecursively$7(NodeTestTask.java:125)
	org.junit.platform.engine.support.hierarchical.Node.around(Node.java:135)
	org.junit.platform.engine.support.hierarchical.NodeTestTask.lambda$executeRecursively$8(NodeTestTask.java:123)
	org.junit.platform.engine.support.hierarchical.ThrowableCollector.execute(ThrowableCollector.java:73)
	org.junit.platform.engine.support.hierarchical.NodeTestTask.executeRecursively(NodeTestTask.java:122)
	org.junit.platform.engine.support.hierarchical.NodeTestTask.execute(NodeTestTask.java:80)
	java.util.ArrayList.forEach(ArrayList.java:1257)
	org.junit.platform.engine.support.hierarchical.SameThreadHierarchicalTestExecutorService.invokeAll(SameThreadHierarchicalTestExecutorService.java:38)
	org.junit.platform.engine.support.hierarchical.NodeTestTask.lambda$executeRecursively$5(NodeTestTask.java:139)
	org.junit.platform.engine.support.hierarchical.ThrowableCollector.execute(ThrowableCollector.java:73)
	org.junit.platform.engine.support.hierarchical.NodeTestTask.lambda$executeRecursively$7(NodeTestTask.java:125)
	org.junit.platform.engine.support.hierarchical.Node.around(Node.java:135)
	org.junit.platform.engine.support.hierarchical.NodeTestTask.lambda$executeRecursively$8(NodeTestTask.java:123)
	org.junit.platform.engine.support.hierarchical.ThrowableCollector.execute(ThrowableCollector.java:73)
	org.junit.platform.engine.support.hierarchical.NodeTestTask.executeRecursively(NodeTestTask.java:122)
	org.junit.platform.engine.support.hierarchical.NodeTestTask.execute(NodeTestTask.java:80)
	java.util.ArrayList.forEach(ArrayList.java:1257)
	org.junit.platform.engine.support.hierarchical.SameThreadHierarchicalTestExecutorService.invokeAll(SameThreadHierarchicalTestExecutorService.java:38)
	org.junit.platform.engine.support.hierarchical.NodeTestTask.lambda$executeRecursively$5(NodeTestTask.java:139)
	org.junit.platform.engine.support.hierarchical.ThrowableCollector.execute(ThrowableCollector.java:73)
	org.junit.platform.engine.support.hierarchical.NodeTestTask.lambda$executeRecursively$7(NodeTestTask.java:125)
	org.junit.platform.engine.support.hierarchical.Node.around(Node.java:135)
	org.junit.platform.engine.support.hierarchical.NodeTestTask.lambda$executeRecursively$8(NodeTestTask.java:123)
	org.junit.platform.engine.support.hierarchical.ThrowableCollector.execute(ThrowableCollector.java:73)
	org.junit.platform.engine.support.hierarchical.NodeTestTask.executeRecursively(NodeTestTask.java:122)
	org.junit.platform.engine.support.hierarchical.NodeTestTask.execute(NodeTestTask.java:80)
	org.junit.platform.engine.support.hierarchical.SameThreadHierarchicalTestExecutorService.submit(SameThreadHierarchicalTestExecutorService.java:32)
	org.junit.platform.engine.support.hierarchical.HierarchicalTestExecutor.execute(HierarchicalTestExecutor.java:57)
	org.junit.platform.engine.support.hierarchical.HierarchicalTestEngine.execute(HierarchicalTestEngine.java:51)
	org.junit.platform.launcher.core.DefaultLauncher.execute(DefaultLauncher.java:248)
	org.junit.platform.launcher.core.DefaultLauncher.lambda$execute$5(DefaultLauncher.java:211)
	org.junit.platform.launcher.core.DefaultLauncher.withInterceptedStreams(DefaultLauncher.java:226)
	org.junit.platform.launcher.core.DefaultLauncher.execute(DefaultLauncher.java:199)
	org.junit.platform.launcher.core.DefaultLauncher.execute(DefaultLauncher.java:132)
	org.gradle.api.internal.tasks.testing.junitplatform.JUnitPlatformTestClassProcessor$CollectAllTestClassesExecutor.processAllTestClasses(JUnitPlatformTestClassProcessor.java:102)
	org.gradle.api.internal.tasks.testing.junitplatform.JUnitPlatformTestClassProcessor$CollectAllTestClassesExecutor.access$000(JUnitPlatformTestClassProcessor.java:82)
	org.gradle.api.internal.tasks.testing.junitplatform.JUnitPlatformTestClassProcessor.stop(JUnitPlatformTestClassProcessor.java:78)
	org.gradle.api.internal.tasks.testing.SuiteTestClassProcessor.stop(SuiteTestClassProcessor.java:61)
	sun.reflect.NativeMethodAccessorImpl.invoke0(Native Method)
	sun.reflect.NativeMethodAccessorImpl.invoke(NativeMethodAccessorImpl.java:62)
	sun.reflect.DelegatingMethodAccessorImpl.invoke(DelegatingMethodAccessorImpl.java:43)
	java.lang.reflect.Method.invoke(Method.java:498)
	org.gradle.internal.dispatch.ReflectionDispatch.dispatch(ReflectionDispatch.java:36)
	org.gradle.internal.dispatch.ReflectionDispatch.dispatch(ReflectionDispatch.java:24)
	org.gradle.internal.dispatch.ContextClassLoaderDispatch.dispatch(ContextClassLoaderDispatch.java:33)
	org.gradle.internal.dispatch.ProxyDispatchAdapter$DispatchingInvocationHandler.invoke(ProxyDispatchAdapter.java:94)
	com.sun.proxy.$Proxy2.stop(Unknown Source)
	org.gradle.api.internal.tasks.testing.worker.TestWorker.stop(TestWorker.java:132)
	sun.reflect.NativeMethodAccessorImpl.invoke0(Native Method)
	sun.reflect.NativeMethodAccessorImpl.invoke(NativeMethodAccessorImpl.java:62)
	sun.reflect.DelegatingMethodAccessorImpl.invoke(DelegatingMethodAccessorImpl.java:43)
	java.lang.reflect.Method.invoke(Method.java:498)
	org.gradle.internal.dispatch.ReflectionDispatch.dispatch(ReflectionDispatch.java:36)
	org.gradle.internal.dispatch.ReflectionDispatch.dispatch(ReflectionDispatch.java:24)
	org.gradle.internal.remote.internal.hub.MessageHubBackedObjectConnection$DispatchWrapper.dispatch(MessageHubBackedObjectConnection.java:182)
	org.gradle.internal.remote.internal.hub.MessageHubBackedObjectConnection$DispatchWrapper.dispatch(MessageHubBackedObjectConnection.java:164)
	org.gradle.internal.remote.internal.hub.MessageHub$Handler.run(MessageHub.java:412)
	org.gradle.internal.concurrent.ExecutorPolicy$CatchAndRecordFailures.onExecute(ExecutorPolicy.java:64)
	org.gradle.internal.concurrent.ManagedExecutorImpl$1.run(ManagedExecutorImpl.java:48)
	java.util.concurrent.ThreadPoolExecutor.runWorker(ThreadPoolExecutor.java:1149)
	java.util.concurrent.ThreadPoolExecutor$Worker.run(ThreadPoolExecutor.java:624)
	org.gradle.internal.concurrent.ThreadFactoryImpl$ManagedThreadRunnable.run(ThreadFactoryImpl.java:56)
	java.lang.Thread.run(Thread.java:748)
Created at:
	io.netty.buffer.PooledByteBufAllocator.newDirectBuffer(PooledByteBufAllocator.java:363)
	io.netty.buffer.AbstractByteBufAllocator.directBuffer(AbstractByteBufAllocator.java:187)
	io.netty.buffer.AbstractByteBufAllocator.directBuffer(AbstractByteBufAllocator.java:178)
	io.netty.buffer.AbstractByteBufAllocator.buffer(AbstractByteBufAllocator.java:115)
	org.springframework.core.io.buffer.NettyDataBufferFactory.allocateBuffer(NettyDataBufferFactory.java:71)
	org.springframework.core.io.buffer.NettyDataBufferFactory.allocateBuffer(NettyDataBufferFactory.java:39)
	org.springframework.core.codec.CharSequenceEncoder.encodeValue(CharSequenceEncoder.java:91)
	org.springframework.core.codec.CharSequenceEncoder.encodeValue(CharSequenceEncoder.java:47)
	org.springframework.messaging.rsocket.DefaultRSocketRequester$DefaultRequestSpec.encodeData(DefaultRSocketRequester.java:236)
	org.springframework.messaging.rsocket.DefaultRSocketRequester$DefaultRequestSpec.lambda$createPayload$1(DefaultRSocketRequester.java:206)
	reactor.core.publisher.FluxMap$MapSubscriber.onNext(FluxMap.java:100)
	reactor.core.publisher.FluxMap$MapSubscriber.onNext(FluxMap.java:114)
	reactor.core.publisher.MonoDelay$MonoDelayRunnable.run(MonoDelay.java:117)
	reactor.core.scheduler.SchedulerTask.call(SchedulerTask.java:68)
	reactor.core.scheduler.SchedulerTask.call(SchedulerTask.java:28)
	java.util.concurrent.FutureTask.run(FutureTask.java:266)
	java.util.concurrent.ScheduledThreadPoolExecutor$ScheduledFutureTask.access$201(ScheduledThreadPoolExecutor.java:180)
	java.util.concurrent.ScheduledThreadPoolExecutor$ScheduledFutureTask.run(ScheduledThreadPoolExecutor.java:293)
	java.util.concurrent.ThreadPoolExecutor.runWorker(ThreadPoolExecutor.java:1149)
	java.util.concurrent.ThreadPoolExecutor$Worker.run(ThreadPoolExecutor.java:624)
	java.lang.Thread.run(Thread.java:748)
22:22:58.645 [Test worker] ERROR i.n.u.ResourceLeakDetector - LEAK: ByteBuf.release() was not called before it's garbage-collected. See https://netty.io/wiki/reference-counted-objects.html for more information.
Recent access records: 
#1:
	io.netty.buffer.AdvancedLeakAwareByteBuf.toString(AdvancedLeakAwareByteBuf.java:742)
	io.rsocket.Payload.getMetadataUtf8(Payload.java:98)
	org.springframework.messaging.rsocket.DefaultRSocketRequesterTests.testSendMono(DefaultRSocketRequesterTests.java:98)
	org.springframework.messaging.rsocket.DefaultRSocketRequesterTests.sendMono(DefaultRSocketRequesterTests.java:91)
	sun.reflect.NativeMethodAccessorImpl.invoke0(Native Method)
	sun.reflect.NativeMethodAccessorImpl.invoke(NativeMethodAccessorImpl.java:62)
	sun.reflect.DelegatingMethodAccessorImpl.invoke(DelegatingMethodAccessorImpl.java:43)
	java.lang.reflect.Method.invoke(Method.java:498)
	org.junit.platform.commons.util.ReflectionUtils.invokeMethod(ReflectionUtils.java:686)
	org.junit.jupiter.engine.execution.MethodInvocation.proceed(MethodInvocation.java:60)
	org.junit.jupiter.engine.execution.InvocationInterceptorChain$ValidatingInvocation.proceed(InvocationInterceptorChain.java:131)
	org.junit.jupiter.engine.extension.TimeoutExtension.intercept(TimeoutExtension.java:149)
	org.junit.jupiter.engine.extension.TimeoutExtension.interceptTestableMethod(TimeoutExtension.java:140)
	org.junit.jupiter.engine.extension.TimeoutExtension.interceptTestMethod(TimeoutExtension.java:84)
	org.junit.jupiter.engine.execution.ExecutableInvoker$ReflectiveInterceptorCall.lambda$ofVoidMethod$0(ExecutableInvoker.java:115)
	org.junit.jupiter.engine.execution.ExecutableInvoker.lambda$invoke$0(ExecutableInvoker.java:105)
	org.junit.jupiter.engine.execution.InvocationInterceptorChain$InterceptedInvocation.proceed(InvocationInterceptorChain.java:106)
	org.junit.jupiter.engine.execution.InvocationInterceptorChain.proceed(InvocationInterceptorChain.java:64)
	org.junit.jupiter.engine.execution.InvocationInterceptorChain.chainAndInvoke(InvocationInterceptorChain.java:45)
	org.junit.jupiter.engine.execution.InvocationInterceptorChain.invoke(InvocationInterceptorChain.java:37)
	org.junit.jupiter.engine.execution.ExecutableInvoker.invoke(ExecutableInvoker.java:104)
	org.junit.jupiter.engine.execution.ExecutableInvoker.invoke(ExecutableInvoker.java:98)
	org.junit.jupiter.engine.descriptor.TestMethodTestDescriptor.lambda$invokeTestMethod$6(TestMethodTestDescriptor.java:212)
	org.junit.platform.engine.support.hierarchical.ThrowableCollector.execute(ThrowableCollector.java:73)
	org.junit.jupiter.engine.descriptor.TestMethodTestDescriptor.invokeTestMethod(TestMethodTestDescriptor.java:208)
	org.junit.jupiter.engine.descriptor.TestMethodTestDescriptor.execute(TestMethodTestDescriptor.java:137)
	org.junit.jupiter.engine.descriptor.TestMethodTestDescriptor.execute(TestMethodTestDescriptor.java:71)
	org.junit.platform.engine.support.hierarchical.NodeTestTask.lambda$executeRecursively$5(NodeTestTask.java:135)
	org.junit.platform.engine.support.hierarchical.ThrowableCollector.execute(ThrowableCollector.java:73)
	org.junit.platform.engine.support.hierarchical.NodeTestTask.lambda$executeRecursively$7(NodeTestTask.java:125)
	org.junit.platform.engine.support.hierarchical.Node.around(Node.java:135)
	org.junit.platform.engine.support.hierarchical.NodeTestTask.lambda$executeRecursively$8(NodeTestTask.java:123)
	org.junit.platform.engine.support.hierarchical.ThrowableCollector.execute(ThrowableCollector.java:73)
	org.junit.platform.engine.support.hierarchical.NodeTestTask.executeRecursively(NodeTestTask.java:122)
	org.junit.platform.engine.support.hierarchical.NodeTestTask.execute(NodeTestTask.java:80)
	java.util.ArrayList.forEach(ArrayList.java:1257)
	org.junit.platform.engine.support.hierarchical.SameThreadHierarchicalTestExecutorService.invokeAll(SameThreadHierarchicalTestExecutorService.java:38)
	org.junit.platform.engine.support.hierarchical.NodeTestTask.lambda$executeRecursively$5(NodeTestTask.java:139)
	org.junit.platform.engine.support.hierarchical.ThrowableCollector.execute(ThrowableCollector.java:73)
	org.junit.platform.engine.support.hierarchical.NodeTestTask.lambda$executeRecursively$7(NodeTestTask.java:125)
	org.junit.platform.engine.support.hierarchical.Node.around(Node.java:135)
	org.junit.platform.engine.support.hierarchical.NodeTestTask.lambda$executeRecursively$8(NodeTestTask.java:123)
	org.junit.platform.engine.support.hierarchical.ThrowableCollector.execute(ThrowableCollector.java:73)
	org.junit.platform.engine.support.hierarchical.NodeTestTask.executeRecursively(NodeTestTask.java:122)
	org.junit.platform.engine.support.hierarchical.NodeTestTask.execute(NodeTestTask.java:80)
	java.util.ArrayList.forEach(ArrayList.java:1257)
	org.junit.platform.engine.support.hierarchical.SameThreadHierarchicalTestExecutorService.invokeAll(SameThreadHierarchicalTestExecutorService.java:38)
	org.junit.platform.engine.support.hierarchical.NodeTestTask.lambda$executeRecursively$5(NodeTestTask.java:139)
	org.junit.platform.engine.support.hierarchical.ThrowableCollector.execute(ThrowableCollector.java:73)
	org.junit.platform.engine.support.hierarchical.NodeTestTask.lambda$executeRecursively$7(NodeTestTask.java:125)
	org.junit.platform.engine.support.hierarchical.Node.around(Node.java:135)
	org.junit.platform.engine.support.hierarchical.NodeTestTask.lambda$executeRecursively$8(NodeTestTask.java:123)
	org.junit.platform.engine.support.hierarchical.ThrowableCollector.execute(ThrowableCollector.java:73)
	org.junit.platform.engine.support.hierarchical.NodeTestTask.executeRecursively(NodeTestTask.java:122)
	org.junit.platform.engine.support.hierarchical.NodeTestTask.execute(NodeTestTask.java:80)
	org.junit.platform.engine.support.hierarchical.SameThreadHierarchicalTestExecutorService.submit(SameThreadHierarchicalTestExecutorService.java:32)
	org.junit.platform.engine.support.hierarchical.HierarchicalTestExecutor.execute(HierarchicalTestExecutor.java:57)
	org.junit.platform.engine.support.hierarchical.HierarchicalTestEngine.execute(HierarchicalTestEngine.java:51)
	org.junit.platform.launcher.core.DefaultLauncher.execute(DefaultLauncher.java:248)
	org.junit.platform.launcher.core.DefaultLauncher.lambda$execute$5(DefaultLauncher.java:211)
	org.junit.platform.launcher.core.DefaultLauncher.withInterceptedStreams(DefaultLauncher.java:226)
	org.junit.platform.launcher.core.DefaultLauncher.execute(DefaultLauncher.java:199)
	org.junit.platform.launcher.core.DefaultLauncher.execute(DefaultLauncher.java:132)
	org.gradle.api.internal.tasks.testing.junitplatform.JUnitPlatformTestClassProcessor$CollectAllTestClassesExecutor.processAllTestClasses(JUnitPlatformTestClassProcessor.java:102)
	org.gradle.api.internal.tasks.testing.junitplatform.JUnitPlatformTestClassProcessor$CollectAllTestClassesExecutor.access$000(JUnitPlatformTestClassProcessor.java:82)
	org.gradle.api.internal.tasks.testing.junitplatform.JUnitPlatformTestClassProcessor.stop(JUnitPlatformTestClassProcessor.java:78)
	org.gradle.api.internal.tasks.testing.SuiteTestClassProcessor.stop(SuiteTestClassProcessor.java:61)
	sun.reflect.NativeMethodAccessorImpl.invoke0(Native Method)
	sun.reflect.NativeMethodAccessorImpl.invoke(NativeMethodAccessorImpl.java:62)
	sun.reflect.DelegatingMethodAccessorImpl.invoke(DelegatingMethodAccessorImpl.java:43)
	java.lang.reflect.Method.invoke(Method.java:498)
	org.gradle.internal.dispatch.ReflectionDispatch.dispatch(ReflectionDispatch.java:36)
	org.gradle.internal.dispatch.ReflectionDispatch.dispatch(ReflectionDispatch.java:24)
	org.gradle.internal.dispatch.ContextClassLoaderDispatch.dispatch(ContextClassLoaderDispatch.java:33)
	org.gradle.internal.dispatch.ProxyDispatchAdapter$DispatchingInvocationHandler.invoke(ProxyDispatchAdapter.java:94)
	com.sun.proxy.$Proxy2.stop(Unknown Source)
	org.gradle.api.internal.tasks.testing.worker.TestWorker.stop(TestWorker.java:132)
	sun.reflect.NativeMethodAccessorImpl.invoke0(Native Method)
	sun.reflect.NativeMethodAccessorImpl.invoke(NativeMethodAccessorImpl.java:62)
	sun.reflect.DelegatingMethodAccessorImpl.invoke(DelegatingMethodAccessorImpl.java:43)
	java.lang.reflect.Method.invoke(Method.java:498)
	org.gradle.internal.dispatch.ReflectionDispatch.dispatch(ReflectionDispatch.java:36)
	org.gradle.internal.dispatch.ReflectionDispatch.dispatch(ReflectionDispatch.java:24)
	org.gradle.internal.remote.internal.hub.MessageHubBackedObjectConnection$DispatchWrapper.dispatch(MessageHubBackedObjectConnection.java:182)
	org.gradle.internal.remote.internal.hub.MessageHubBackedObjectConnection$DispatchWrapper.dispatch(MessageHubBackedObjectConnection.java:164)
	org.gradle.internal.remote.internal.hub.MessageHub$Handler.run(MessageHub.java:412)
	org.gradle.internal.concurrent.ExecutorPolicy$CatchAndRecordFailures.onExecute(ExecutorPolicy.java:64)
	org.gradle.internal.concurrent.ManagedExecutorImpl$1.run(ManagedExecutorImpl.java:48)
	java.util.concurrent.ThreadPoolExecutor.runWorker(ThreadPoolExecutor.java:1149)
	java.util.concurrent.ThreadPoolExecutor$Worker.run(ThreadPoolExecutor.java:624)
	org.gradle.internal.concurrent.ThreadFactoryImpl$ManagedThreadRunnable.run(ThreadFactoryImpl.java:56)
	java.lang.Thread.run(Thread.java:748)
#2:
	io.netty.buffer.AdvancedLeakAwareByteBuf.slice(AdvancedLeakAwareByteBuf.java:76)
	io.rsocket.util.ByteBufPayload.sliceMetadata(ByteBufPayload.java:134)
	io.rsocket.Payload.getMetadataUtf8(Payload.java:98)
	org.springframework.messaging.rsocket.DefaultRSocketRequesterTests.testSendMono(DefaultRSocketRequesterTests.java:98)
	org.springframework.messaging.rsocket.DefaultRSocketRequesterTests.sendMono(DefaultRSocketRequesterTests.java:91)
	sun.reflect.NativeMethodAccessorImpl.invoke0(Native Method)
	sun.reflect.NativeMethodAccessorImpl.invoke(NativeMethodAccessorImpl.java:62)
	sun.reflect.DelegatingMethodAccessorImpl.invoke(DelegatingMethodAccessorImpl.java:43)
	java.lang.reflect.Method.invoke(Method.java:498)
	org.junit.platform.commons.util.ReflectionUtils.invokeMethod(ReflectionUtils.java:686)
	org.junit.jupiter.engine.execution.MethodInvocation.proceed(MethodInvocation.java:60)
	org.junit.jupiter.engine.execution.InvocationInterceptorChain$ValidatingInvocation.proceed(InvocationInterceptorChain.java:131)
	org.junit.jupiter.engine.extension.TimeoutExtension.intercept(TimeoutExtension.java:149)
	org.junit.jupiter.engine.extension.TimeoutExtension.interceptTestableMethod(TimeoutExtension.java:140)
	org.junit.jupiter.engine.extension.TimeoutExtension.interceptTestMethod(TimeoutExtension.java:84)
	org.junit.jupiter.engine.execution.ExecutableInvoker$ReflectiveInterceptorCall.lambda$ofVoidMethod$0(ExecutableInvoker.java:115)
	org.junit.jupiter.engine.execution.ExecutableInvoker.lambda$invoke$0(ExecutableInvoker.java:105)
	org.junit.jupiter.engine.execution.InvocationInterceptorChain$InterceptedInvocation.proceed(InvocationInterceptorChain.java:106)
	org.junit.jupiter.engine.execution.InvocationInterceptorChain.proceed(InvocationInterceptorChain.java:64)
	org.junit.jupiter.engine.execution.InvocationInterceptorChain.chainAndInvoke(InvocationInterceptorChain.java:45)
	org.junit.jupiter.engine.execution.InvocationInterceptorChain.invoke(InvocationInterceptorChain.java:37)
	org.junit.jupiter.engine.execution.ExecutableInvoker.invoke(ExecutableInvoker.java:104)
	org.junit.jupiter.engine.execution.ExecutableInvoker.invoke(ExecutableInvoker.java:98)
	org.junit.jupiter.engine.descriptor.TestMethodTestDescriptor.lambda$invokeTestMethod$6(TestMethodTestDescriptor.java:212)
	org.junit.platform.engine.support.hierarchical.ThrowableCollector.execute(ThrowableCollector.java:73)
	org.junit.jupiter.engine.descriptor.TestMethodTestDescriptor.invokeTestMethod(TestMethodTestDescriptor.java:208)
	org.junit.jupiter.engine.descriptor.TestMethodTestDescriptor.execute(TestMethodTestDescriptor.java:137)
	org.junit.jupiter.engine.descriptor.TestMethodTestDescriptor.execute(TestMethodTestDescriptor.java:71)
	org.junit.platform.engine.support.hierarchical.NodeTestTask.lambda$executeRecursively$5(NodeTestTask.java:135)
	org.junit.platform.engine.support.hierarchical.ThrowableCollector.execute(ThrowableCollector.java:73)
	org.junit.platform.engine.support.hierarchical.NodeTestTask.lambda$executeRecursively$7(NodeTestTask.java:125)
	org.junit.platform.engine.support.hierarchical.Node.around(Node.java:135)
	org.junit.platform.engine.support.hierarchical.NodeTestTask.lambda$executeRecursively$8(NodeTestTask.java:123)
	org.junit.platform.engine.support.hierarchical.ThrowableCollector.execute(ThrowableCollector.java:73)
	org.junit.platform.engine.support.hierarchical.NodeTestTask.executeRecursively(NodeTestTask.java:122)
	org.junit.platform.engine.support.hierarchical.NodeTestTask.execute(NodeTestTask.java:80)
	java.util.ArrayList.forEach(ArrayList.java:1257)
	org.junit.platform.engine.support.hierarchical.SameThreadHierarchicalTestExecutorService.invokeAll(SameThreadHierarchicalTestExecutorService.java:38)
	org.junit.platform.engine.support.hierarchical.NodeTestTask.lambda$executeRecursively$5(NodeTestTask.java:139)
	org.junit.platform.engine.support.hierarchical.ThrowableCollector.execute(ThrowableCollector.java:73)
	org.junit.platform.engine.support.hierarchical.NodeTestTask.lambda$executeRecursively$7(NodeTestTask.java:125)
	org.junit.platform.engine.support.hierarchical.Node.around(Node.java:135)
	org.junit.platform.engine.support.hierarchical.NodeTestTask.lambda$executeRecursively$8(NodeTestTask.java:123)
	org.junit.platform.engine.support.hierarchical.ThrowableCollector.execute(ThrowableCollector.java:73)
	org.junit.platform.engine.support.hierarchical.NodeTestTask.executeRecursively(NodeTestTask.java:122)
	org.junit.platform.engine.support.hierarchical.NodeTestTask.execute(NodeTestTask.java:80)
	java.util.ArrayList.forEach(ArrayList.java:1257)
	org.junit.platform.engine.support.hierarchical.SameThreadHierarchicalTestExecutorService.invokeAll(SameThreadHierarchicalTestExecutorService.java:38)
	org.junit.platform.engine.support.hierarchical.NodeTestTask.lambda$executeRecursively$5(NodeTestTask.java:139)
	org.junit.platform.engine.support.hierarchical.ThrowableCollector.execute(ThrowableCollector.java:73)
	org.junit.platform.engine.support.hierarchical.NodeTestTask.lambda$executeRecursively$7(NodeTestTask.java:125)
	org.junit.platform.engine.support.hierarchical.Node.around(Node.java:135)
	org.junit.platform.engine.support.hierarchical.NodeTestTask.lambda$executeRecursively$8(NodeTestTask.java:123)
	org.junit.platform.engine.support.hierarchical.ThrowableCollector.execute(ThrowableCollector.java:73)
	org.junit.platform.engine.support.hierarchical.NodeTestTask.executeRecursively(NodeTestTask.java:122)
	org.junit.platform.engine.support.hierarchical.NodeTestTask.execute(NodeTestTask.java:80)
	org.junit.platform.engine.support.hierarchical.SameThreadHierarchicalTestExecutorService.submit(SameThreadHierarchicalTestExecutorService.java:32)
	org.junit.platform.engine.support.hierarchical.HierarchicalTestExecutor.execute(HierarchicalTestExecutor.java:57)
	org.junit.platform.engine.support.hierarchical.HierarchicalTestEngine.execute(HierarchicalTestEngine.java:51)
	org.junit.platform.launcher.core.DefaultLauncher.execute(DefaultLauncher.java:248)
	org.junit.platform.launcher.core.DefaultLauncher.lambda$execute$5(DefaultLauncher.java:211)
	org.junit.platform.launcher.core.DefaultLauncher.withInterceptedStreams(DefaultLauncher.java:226)
	org.junit.platform.launcher.core.DefaultLauncher.execute(DefaultLauncher.java:199)
	org.junit.platform.launcher.core.DefaultLauncher.execute(DefaultLauncher.java:132)
	org.gradle.api.internal.tasks.testing.junitplatform.JUnitPlatformTestClassProcessor$CollectAllTestClassesExecutor.processAllTestClasses(JUnitPlatformTestClassProcessor.java:102)
	org.gradle.api.internal.tasks.testing.junitplatform.JUnitPlatformTestClassProcessor$CollectAllTestClassesExecutor.access$000(JUnitPlatformTestClassProcessor.java:82)
	org.gradle.api.internal.tasks.testing.junitplatform.JUnitPlatformTestClassProcessor.stop(JUnitPlatformTestClassProcessor.java:78)
	org.gradle.api.internal.tasks.testing.SuiteTestClassProcessor.stop(SuiteTestClassProcessor.java:61)
	sun.reflect.NativeMethodAccessorImpl.invoke0(Native Method)
	sun.reflect.NativeMethodAccessorImpl.invoke(NativeMethodAccessorImpl.java:62)
	sun.reflect.DelegatingMethodAccessorImpl.invoke(DelegatingMethodAccessorImpl.java:43)
	java.lang.reflect.Method.invoke(Method.java:498)
	org.gradle.internal.dispatch.ReflectionDispatch.dispatch(ReflectionDispatch.java:36)
	org.gradle.internal.dispatch.ReflectionDispatch.dispatch(ReflectionDispatch.java:24)
	org.gradle.internal.dispatch.ContextClassLoaderDispatch.dispatch(ContextClassLoaderDispatch.java:33)
	org.gradle.internal.dispatch.ProxyDispatchAdapter$DispatchingInvocationHandler.invoke(ProxyDispatchAdapter.java:94)
	com.sun.proxy.$Proxy2.stop(Unknown Source)
	org.gradle.api.internal.tasks.testing.worker.TestWorker.stop(TestWorker.java:132)
	sun.reflect.NativeMethodAccessorImpl.invoke0(Native Method)
	sun.reflect.NativeMethodAccessorImpl.invoke(NativeMethodAccessorImpl.java:62)
	sun.reflect.DelegatingMethodAccessorImpl.invoke(DelegatingMethodAccessorImpl.java:43)
	java.lang.reflect.Method.invoke(Method.java:498)
	org.gradle.internal.dispatch.ReflectionDispatch.dispatch(ReflectionDispatch.java:36)
	org.gradle.internal.dispatch.ReflectionDispatch.dispatch(ReflectionDispatch.java:24)
	org.gradle.internal.remote.internal.hub.MessageHubBackedObjectConnection$DispatchWrapper.dispatch(MessageHubBackedObjectConnection.java:182)
	org.gradle.internal.remote.internal.hub.MessageHubBackedObjectConnection$DispatchWrapper.dispatch(MessageHubBackedObjectConnection.java:164)
	org.gradle.internal.remote.internal.hub.MessageHub$Handler.run(MessageHub.java:412)
	org.gradle.internal.concurrent.ExecutorPolicy$CatchAndRecordFailures.onExecute(ExecutorPolicy.java:64)
	org.gradle.internal.concurrent.ManagedExecutorImpl$1.run(ManagedExecutorImpl.java:48)
	java.util.concurrent.ThreadPoolExecutor.runWorker(ThreadPoolExecutor.java:1149)
	java.util.concurrent.ThreadPoolExecutor$Worker.run(ThreadPoolExecutor.java:624)
	org.gradle.internal.concurrent.ThreadFactoryImpl$ManagedThreadRunnable.run(ThreadFactoryImpl.java:56)
	java.lang.Thread.run(Thread.java:748)
Created at:
	io.netty.buffer.PooledByteBufAllocator.newDirectBuffer(PooledByteBufAllocator.java:363)
	io.netty.buffer.AbstractByteBufAllocator.directBuffer(AbstractByteBufAllocator.java:187)
	io.netty.buffer.AbstractByteBufAllocator.directBuffer(AbstractByteBufAllocator.java:178)
	io.netty.buffer.AbstractByteBufAllocator.buffer(AbstractByteBufAllocator.java:115)
	org.springframework.core.io.buffer.NettyDataBufferFactory.allocateBuffer(NettyDataBufferFactory.java:71)
	org.springframework.core.io.buffer.NettyDataBufferFactory.allocateBuffer(NettyDataBufferFactory.java:39)
	org.springframework.core.codec.CharSequenceEncoder.encodeValue(CharSequenceEncoder.java:91)
	org.springframework.core.codec.CharSequenceEncoder.encodeValue(CharSequenceEncoder.java:47)
	org.springframework.messaging.rsocket.MetadataEncoder.encodeEntry(MetadataEncoder.java:240)
	org.springframework.messaging.rsocket.MetadataEncoder.encodeEntries(MetadataEncoder.java:209)
	org.springframework.messaging.rsocket.MetadataEncoder.lambda$encode$1(MetadataEncoder.java:180)
	reactor.core.publisher.MonoCallable.subscribe(MonoCallable.java:56)
	reactor.core.publisher.Mono.subscribe(Mono.java:4208)
	reactor.core.publisher.MonoZip.subscribe(MonoZip.java:128)
	reactor.core.publisher.InternalMonoOperator.subscribe(InternalMonoOperator.java:64)
	reactor.core.publisher.MonoIgnoreThen$ThenIgnoreMain.drain(MonoIgnoreThen.java:153)
	reactor.core.publisher.MonoIgnoreThen$ThenIgnoreMain.ignoreDone(MonoIgnoreThen.java:190)
	reactor.core.publisher.MonoIgnoreThen$ThenIgnoreInner.onComplete(MonoIgnoreThen.java:240)
	reactor.core.publisher.MonoIgnoreElements$IgnoreElementsSubscriber.onComplete(MonoIgnoreElements.java:81)
	reactor.core.publisher.MonoIgnoreElements$IgnoreElementsSubscriber.onComplete(MonoIgnoreElements.java:81)
	reactor.core.publisher.MonoIgnoreElements$IgnoreElementsSubscriber.onComplete(MonoIgnoreElements.java:81)
	reactor.core.publisher.MonoDelay$MonoDelayRunnable.run(MonoDelay.java:118)
	reactor.core.scheduler.SchedulerTask.call(SchedulerTask.java:68)
	reactor.core.scheduler.SchedulerTask.call(SchedulerTask.java:28)
	java.util.concurrent.FutureTask.run(FutureTask.java:266)
	java.util.concurrent.ScheduledThreadPoolExecutor$ScheduledFutureTask.access$201(ScheduledThreadPoolExecutor.java:180)
	java.util.concurrent.ScheduledThreadPoolExecutor$ScheduledFutureTask.run(ScheduledThreadPoolExecutor.java:293)
	java.util.concurrent.ThreadPoolExecutor.runWorker(ThreadPoolExecutor.java:1149)
	java.util.concurrent.ThreadPoolExecutor$Worker.run(ThreadPoolExecutor.java:624)
	java.lang.Thread.run(Thread.java:748)
22:22:58.648 [Test worker] ERROR i.n.u.ResourceLeakDetector - LEAK: ByteBuf.release() was not called before it's garbage-collected. See https://netty.io/wiki/reference-counted-objects.html for more information.
Recent access records: 
#1:
	io.netty.buffer.AdvancedLeakAwareByteBuf.toString(AdvancedLeakAwareByteBuf.java:742)
	io.rsocket.Payload.getMetadataUtf8(Payload.java:98)
	java.util.stream.ReferencePipeline$3$1.accept(ReferencePipeline.java:193)
	java.util.ArrayList$ArrayListSpliterator.forEachRemaining(ArrayList.java:1382)
	java.util.stream.AbstractPipeline.copyInto(AbstractPipeline.java:481)
	java.util.stream.AbstractPipeline.wrapAndCopyInto(AbstractPipeline.java:471)
	java.util.stream.AbstractPipeline.evaluate(AbstractPipeline.java:545)
	java.util.stream.AbstractPipeline.evaluateToArrayNode(AbstractPipeline.java:260)
	java.util.stream.ReferencePipeline.toArray(ReferencePipeline.java:438)
	org.springframework.messaging.rsocket.DefaultRSocketRequesterTests.testSendFlux(DefaultRSocketRequesterTests.java:132)
	org.springframework.messaging.rsocket.DefaultRSocketRequesterTests.sendFlux(DefaultRSocketRequesterTests.java:114)
	sun.reflect.NativeMethodAccessorImpl.invoke0(Native Method)
	sun.reflect.NativeMethodAccessorImpl.invoke(NativeMethodAccessorImpl.java:62)
	sun.reflect.DelegatingMethodAccessorImpl.invoke(DelegatingMethodAccessorImpl.java:43)
	java.lang.reflect.Method.invoke(Method.java:498)
	org.junit.platform.commons.util.ReflectionUtils.invokeMethod(ReflectionUtils.java:686)
	org.junit.jupiter.engine.execution.MethodInvocation.proceed(MethodInvocation.java:60)
	org.junit.jupiter.engine.execution.InvocationInterceptorChain$ValidatingInvocation.proceed(InvocationInterceptorChain.java:131)
	org.junit.jupiter.engine.extension.TimeoutExtension.intercept(TimeoutExtension.java:149)
	org.junit.jupiter.engine.extension.TimeoutExtension.interceptTestableMethod(TimeoutExtension.java:140)
	org.junit.jupiter.engine.extension.TimeoutExtension.interceptTestMethod(TimeoutExtension.java:84)
	org.junit.jupiter.engine.execution.ExecutableInvoker$ReflectiveInterceptorCall.lambda$ofVoidMethod$0(ExecutableInvoker.java:115)
	org.junit.jupiter.engine.execution.ExecutableInvoker.lambda$invoke$0(ExecutableInvoker.java:105)
	org.junit.jupiter.engine.execution.InvocationInterceptorChain$InterceptedInvocation.proceed(InvocationInterceptorChain.java:106)
	org.junit.jupiter.engine.execution.InvocationInterceptorChain.proceed(InvocationInterceptorChain.java:64)
	org.junit.jupiter.engine.execution.InvocationInterceptorChain.chainAndInvoke(InvocationInterceptorChain.java:45)
	org.junit.jupiter.engine.execution.InvocationInterceptorChain.invoke(InvocationInterceptorChain.java:37)
	org.junit.jupiter.engine.execution.ExecutableInvoker.invoke(ExecutableInvoker.java:104)
	org.junit.jupiter.engine.execution.ExecutableInvoker.invoke(ExecutableInvoker.java:98)
	org.junit.jupiter.engine.descriptor.TestMethodTestDescriptor.lambda$invokeTestMethod$6(TestMethodTestDescriptor.java:212)
	org.junit.platform.engine.support.hierarchical.ThrowableCollector.execute(ThrowableCollector.java:73)
	org.junit.jupiter.engine.descriptor.TestMethodTestDescriptor.invokeTestMethod(TestMethodTestDescriptor.java:208)
	org.junit.jupiter.engine.descriptor.TestMethodTestDescriptor.execute(TestMethodTestDescriptor.java:137)
	org.junit.jupiter.engine.descriptor.TestMethodTestDescriptor.execute(TestMethodTestDescriptor.java:71)
	org.junit.platform.engine.support.hierarchical.NodeTestTask.lambda$executeRecursively$5(NodeTestTask.java:135)
	org.junit.platform.engine.support.hierarchical.ThrowableCollector.execute(ThrowableCollector.java:73)
	org.junit.platform.engine.support.hierarchical.NodeTestTask.lambda$executeRecursively$7(NodeTestTask.java:125)
	org.junit.platform.engine.support.hierarchical.Node.around(Node.java:135)
	org.junit.platform.engine.support.hierarchical.NodeTestTask.lambda$executeRecursively$8(NodeTestTask.java:123)
	org.junit.platform.engine.support.hierarchical.ThrowableCollector.execute(ThrowableCollector.java:73)
	org.junit.platform.engine.support.hierarchical.NodeTestTask.executeRecursively(NodeTestTask.java:122)
	org.junit.platform.engine.support.hierarchical.NodeTestTask.execute(NodeTestTask.java:80)
	java.util.ArrayList.forEach(ArrayList.java:1257)
	org.junit.platform.engine.support.hierarchical.SameThreadHierarchicalTestExecutorService.invokeAll(SameThreadHierarchicalTestExecutorService.java:38)
	org.junit.platform.engine.support.hierarchical.NodeTestTask.lambda$executeRecursively$5(NodeTestTask.java:139)
	org.junit.platform.engine.support.hierarchical.ThrowableCollector.execute(ThrowableCollector.java:73)
	org.junit.platform.engine.support.hierarchical.NodeTestTask.lambda$executeRecursively$7(NodeTestTask.java:125)
	org.junit.platform.engine.support.hierarchical.Node.around(Node.java:135)
	org.junit.platform.engine.support.hierarchical.NodeTestTask.lambda$executeRecursively$8(NodeTestTask.java:123)
	org.junit.platform.engine.support.hierarchical.ThrowableCollector.execute(ThrowableCollector.java:73)
	org.junit.platform.engine.support.hierarchical.NodeTestTask.executeRecursively(NodeTestTask.java:122)
	org.junit.platform.engine.support.hierarchical.NodeTestTask.execute(NodeTestTask.java:80)
	java.util.ArrayList.forEach(ArrayList.java:1257)
	org.junit.platform.engine.support.hierarchical.SameThreadHierarchicalTestExecutorService.invokeAll(SameThreadHierarchicalTestExecutorService.java:38)
	org.junit.platform.engine.support.hierarchical.NodeTestTask.lambda$executeRecursively$5(NodeTestTask.java:139)
	org.junit.platform.engine.support.hierarchical.ThrowableCollector.execute(ThrowableCollector.java:73)
	org.junit.platform.engine.support.hierarchical.NodeTestTask.lambda$executeRecursively$7(NodeTestTask.java:125)
	org.junit.platform.engine.support.hierarchical.Node.around(Node.java:135)
	org.junit.platform.engine.support.hierarchical.NodeTestTask.lambda$executeRecursively$8(NodeTestTask.java:123)
	org.junit.platform.engine.support.hierarchical.ThrowableCollector.execute(ThrowableCollector.java:73)
	org.junit.platform.engine.support.hierarchical.NodeTestTask.executeRecursively(NodeTestTask.java:122)
	org.junit.platform.engine.support.hierarchical.NodeTestTask.execute(NodeTestTask.java:80)
	org.junit.platform.engine.support.hierarchical.SameThreadHierarchicalTestExecutorService.submit(SameThreadHierarchicalTestExecutorService.java:32)
	org.junit.platform.engine.support.hierarchical.HierarchicalTestExecutor.execute(HierarchicalTestExecutor.java:57)
	org.junit.platform.engine.support.hierarchical.HierarchicalTestEngine.execute(HierarchicalTestEngine.java:51)
	org.junit.platform.launcher.core.DefaultLauncher.execute(DefaultLauncher.java:248)
	org.junit.platform.launcher.core.DefaultLauncher.lambda$execute$5(DefaultLauncher.java:211)
	org.junit.platform.launcher.core.DefaultLauncher.withInterceptedStreams(DefaultLauncher.java:226)
	org.junit.platform.launcher.core.DefaultLauncher.execute(DefaultLauncher.java:199)
	org.junit.platform.launcher.core.DefaultLauncher.execute(DefaultLauncher.java:132)
	org.gradle.api.internal.tasks.testing.junitplatform.JUnitPlatformTestClassProcessor$CollectAllTestClassesExecutor.processAllTestClasses(JUnitPlatformTestClassProcessor.java:102)
	org.gradle.api.internal.tasks.testing.junitplatform.JUnitPlatformTestClassProcessor$CollectAllTestClassesExecutor.access$000(JUnitPlatformTestClassProcessor.java:82)
	org.gradle.api.internal.tasks.testing.junitplatform.JUnitPlatformTestClassProcessor.stop(JUnitPlatformTestClassProcessor.java:78)
	org.gradle.api.internal.tasks.testing.SuiteTestClassProcessor.stop(SuiteTestClassProcessor.java:61)
	sun.reflect.NativeMethodAccessorImpl.invoke0(Native Method)
	sun.reflect.NativeMethodAccessorImpl.invoke(NativeMethodAccessorImpl.java:62)
	sun.reflect.DelegatingMethodAccessorImpl.invoke(DelegatingMethodAccessorImpl.java:43)
	java.lang.reflect.Method.invoke(Method.java:498)
	org.gradle.internal.dispatch.ReflectionDispatch.dispatch(ReflectionDispatch.java:36)
	org.gradle.internal.dispatch.ReflectionDispatch.dispatch(ReflectionDispatch.java:24)
	org.gradle.internal.dispatch.ContextClassLoaderDispatch.dispatch(ContextClassLoaderDispatch.java:33)
	org.gradle.internal.dispatch.ProxyDispatchAdapter$DispatchingInvocationHandler.invoke(ProxyDispatchAdapter.java:94)
	com.sun.proxy.$Proxy2.stop(Unknown Source)
	org.gradle.api.internal.tasks.testing.worker.TestWorker.stop(TestWorker.java:132)
	sun.reflect.NativeMethodAccessorImpl.invoke0(Native Method)
	sun.reflect.NativeMethodAccessorImpl.invoke(NativeMethodAccessorImpl.java:62)
	sun.reflect.DelegatingMethodAccessorImpl.invoke(DelegatingMethodAccessorImpl.java:43)
	java.lang.reflect.Method.invoke(Method.java:498)
	org.gradle.internal.dispatch.ReflectionDispatch.dispatch(ReflectionDispatch.java:36)
	org.gradle.internal.dispatch.ReflectionDispatch.dispatch(ReflectionDispatch.java:24)
	org.gradle.internal.remote.internal.hub.MessageHubBackedObjectConnection$DispatchWrapper.dispatch(MessageHubBackedObjectConnection.java:182)
	org.gradle.internal.remote.internal.hub.MessageHubBackedObjectConnection$DispatchWrapper.dispatch(MessageHubBackedObjectConnection.java:164)
	org.gradle.internal.remote.internal.hub.MessageHub$Handler.run(MessageHub.java:412)
	org.gradle.internal.concurrent.ExecutorPolicy$CatchAndRecordFailures.onExecute(ExecutorPolicy.java:64)
	org.gradle.internal.concurrent.ManagedExecutorImpl$1.run(ManagedExecutorImpl.java:48)
	java.util.concurrent.ThreadPoolExecutor.runWorker(ThreadPoolExecutor.java:1149)
	java.util.concurrent.ThreadPoolExecutor$Worker.run(ThreadPoolExecutor.java:624)
	org.gradle.internal.concurrent.ThreadFactoryImpl$ManagedThreadRunnable.run(ThreadFactoryImpl.java:56)
	java.lang.Thread.run(Thread.java:748)
#2:
	io.netty.buffer.AdvancedLeakAwareByteBuf.slice(AdvancedLeakAwareByteBuf.java:76)
	io.rsocket.util.ByteBufPayload.sliceMetadata(ByteBufPayload.java:134)
	io.rsocket.Payload.getMetadataUtf8(Payload.java:98)
	java.util.stream.ReferencePipeline$3$1.accept(ReferencePipeline.java:193)
	java.util.ArrayList$ArrayListSpliterator.forEachRemaining(ArrayList.java:1382)
	java.util.stream.AbstractPipeline.copyInto(AbstractPipeline.java:481)
	java.util.stream.AbstractPipeline.wrapAndCopyInto(AbstractPipeline.java:471)
	java.util.stream.AbstractPipeline.evaluate(AbstractPipeline.java:545)
	java.util.stream.AbstractPipeline.evaluateToArrayNode(AbstractPipeline.java:260)
	java.util.stream.ReferencePipeline.toArray(ReferencePipeline.java:438)
	org.springframework.messaging.rsocket.DefaultRSocketRequesterTests.testSendFlux(DefaultRSocketRequesterTests.java:132)
	org.springframework.messaging.rsocket.DefaultRSocketRequesterTests.sendFlux(DefaultRSocketRequesterTests.java:114)
	sun.reflect.NativeMethodAccessorImpl.invoke0(Native Method)
	sun.reflect.NativeMethodAccessorImpl.invoke(NativeMethodAccessorImpl.java:62)
	sun.reflect.DelegatingMethodAccessorImpl.invoke(DelegatingMethodAccessorImpl.java:43)
	java.lang.reflect.Method.invoke(Method.java:498)
	org.junit.platform.commons.util.ReflectionUtils.invokeMethod(ReflectionUtils.java:686)
	org.junit.jupiter.engine.execution.MethodInvocation.proceed(MethodInvocation.java:60)
	org.junit.jupiter.engine.execution.InvocationInterceptorChain$ValidatingInvocation.proceed(InvocationInterceptorChain.java:131)
	org.junit.jupiter.engine.extension.TimeoutExtension.intercept(TimeoutExtension.java:149)
	org.junit.jupiter.engine.extension.TimeoutExtension.interceptTestableMethod(TimeoutExtension.java:140)
	org.junit.jupiter.engine.extension.TimeoutExtension.interceptTestMethod(TimeoutExtension.java:84)
	org.junit.jupiter.engine.execution.ExecutableInvoker$ReflectiveInterceptorCall.lambda$ofVoidMethod$0(ExecutableInvoker.java:115)
	org.junit.jupiter.engine.execution.ExecutableInvoker.lambda$invoke$0(ExecutableInvoker.java:105)
	org.junit.jupiter.engine.execution.InvocationInterceptorChain$InterceptedInvocation.proceed(InvocationInterceptorChain.java:106)
	org.junit.jupiter.engine.execution.InvocationInterceptorChain.proceed(InvocationInterceptorChain.java:64)
	org.junit.jupiter.engine.execution.InvocationInterceptorChain.chainAndInvoke(InvocationInterceptorChain.java:45)
	org.junit.jupiter.engine.execution.InvocationInterceptorChain.invoke(InvocationInterceptorChain.java:37)
	org.junit.jupiter.engine.execution.ExecutableInvoker.invoke(ExecutableInvoker.java:104)
	org.junit.jupiter.engine.execution.ExecutableInvoker.invoke(ExecutableInvoker.java:98)
	org.junit.jupiter.engine.descriptor.TestMethodTestDescriptor.lambda$invokeTestMethod$6(TestMethodTestDescriptor.java:212)
	org.junit.platform.engine.support.hierarchical.ThrowableCollector.execute(ThrowableCollector.java:73)
	org.junit.jupiter.engine.descriptor.TestMethodTestDescriptor.invokeTestMethod(TestMethodTestDescriptor.java:208)
	org.junit.jupiter.engine.descriptor.TestMethodTestDescriptor.execute(TestMethodTestDescriptor.java:137)
	org.junit.jupiter.engine.descriptor.TestMethodTestDescriptor.execute(TestMethodTestDescriptor.java:71)
	org.junit.platform.engine.support.hierarchical.NodeTestTask.lambda$executeRecursively$5(NodeTestTask.java:135)
	org.junit.platform.engine.support.hierarchical.ThrowableCollector.execute(ThrowableCollector.java:73)
	org.junit.platform.engine.support.hierarchical.NodeTestTask.lambda$executeRecursively$7(NodeTestTask.java:125)
	org.junit.platform.engine.support.hierarchical.Node.around(Node.java:135)
	org.junit.platform.engine.support.hierarchical.NodeTestTask.lambda$executeRecursively$8(NodeTestTask.java:123)
	org.junit.platform.engine.support.hierarchical.ThrowableCollector.execute(ThrowableCollector.java:73)
	org.junit.platform.engine.support.hierarchical.NodeTestTask.executeRecursively(NodeTestTask.java:122)
	org.junit.platform.engine.support.hierarchical.NodeTestTask.execute(NodeTestTask.java:80)
	java.util.ArrayList.forEach(ArrayList.java:1257)
	org.junit.platform.engine.support.hierarchical.SameThreadHierarchicalTestExecutorService.invokeAll(SameThreadHierarchicalTestExecutorService.java:38)
	org.junit.platform.engine.support.hierarchical.NodeTestTask.lambda$executeRecursively$5(NodeTestTask.java:139)
	org.junit.platform.engine.support.hierarchical.ThrowableCollector.execute(ThrowableCollector.java:73)
	org.junit.platform.engine.support.hierarchical.NodeTestTask.lambda$executeRecursively$7(NodeTestTask.java:125)
	org.junit.platform.engine.support.hierarchical.Node.around(Node.java:135)
	org.junit.platform.engine.support.hierarchical.NodeTestTask.lambda$executeRecursively$8(NodeTestTask.java:123)
	org.junit.platform.engine.support.hierarchical.ThrowableCollector.execute(ThrowableCollector.java:73)
	org.junit.platform.engine.support.hierarchical.NodeTestTask.executeRecursively(NodeTestTask.java:122)
	org.junit.platform.engine.support.hierarchical.NodeTestTask.execute(NodeTestTask.java:80)
	java.util.ArrayList.forEach(ArrayList.java:1257)
	org.junit.platform.engine.support.hierarchical.SameThreadHierarchicalTestExecutorService.invokeAll(SameThreadHierarchicalTestExecutorService.java:38)
	org.junit.platform.engine.support.hierarchical.NodeTestTask.lambda$executeRecursively$5(NodeTestTask.java:139)
	org.junit.platform.engine.support.hierarchical.ThrowableCollector.execute(ThrowableCollector.java:73)
	org.junit.platform.engine.support.hierarchical.NodeTestTask.lambda$executeRecursively$7(NodeTestTask.java:125)
	org.junit.platform.engine.support.hierarchical.Node.around(Node.java:135)
	org.junit.platform.engine.support.hierarchical.NodeTestTask.lambda$executeRecursively$8(NodeTestTask.java:123)
	org.junit.platform.engine.support.hierarchical.ThrowableCollector.execute(ThrowableCollector.java:73)
	org.junit.platform.engine.support.hierarchical.NodeTestTask.executeRecursively(NodeTestTask.java:122)
	org.junit.platform.engine.support.hierarchical.NodeTestTask.execute(NodeTestTask.java:80)
	org.junit.platform.engine.support.hierarchical.SameThreadHierarchicalTestExecutorService.submit(SameThreadHierarchicalTestExecutorService.java:32)
	org.junit.platform.engine.support.hierarchical.HierarchicalTestExecutor.execute(HierarchicalTestExecutor.java:57)
	org.junit.platform.engine.support.hierarchical.HierarchicalTestEngine.execute(HierarchicalTestEngine.java:51)
	org.junit.platform.launcher.core.DefaultLauncher.execute(DefaultLauncher.java:248)
	org.junit.platform.launcher.core.DefaultLauncher.lambda$execute$5(DefaultLauncher.java:211)
	org.junit.platform.launcher.core.DefaultLauncher.withInterceptedStreams(DefaultLauncher.java:226)
	org.junit.platform.launcher.core.DefaultLauncher.execute(DefaultLauncher.java:199)
	org.junit.platform.launcher.core.DefaultLauncher.execute(DefaultLauncher.java:132)
	org.gradle.api.internal.tasks.testing.junitplatform.JUnitPlatformTestClassProcessor$CollectAllTestClassesExecutor.processAllTestClasses(JUnitPlatformTestClassProcessor.java:102)
	org.gradle.api.internal.tasks.testing.junitplatform.JUnitPlatformTestClassProcessor$CollectAllTestClassesExecutor.access$000(JUnitPlatformTestClassProcessor.java:82)
	org.gradle.api.internal.tasks.testing.junitplatform.JUnitPlatformTestClassProcessor.stop(JUnitPlatformTestClassProcessor.java:78)
	org.gradle.api.internal.tasks.testing.SuiteTestClassProcessor.stop(SuiteTestClassProcessor.java:61)
	sun.reflect.NativeMethodAccessorImpl.invoke0(Native Method)
	sun.reflect.NativeMethodAccessorImpl.invoke(NativeMethodAccessorImpl.java:62)
	sun.reflect.DelegatingMethodAccessorImpl.invoke(DelegatingMethodAccessorImpl.java:43)
	java.lang.reflect.Method.invoke(Method.java:498)
	org.gradle.internal.dispatch.ReflectionDispatch.dispatch(ReflectionDispatch.java:36)
	org.gradle.internal.dispatch.ReflectionDispatch.dispatch(ReflectionDispatch.java:24)
	org.gradle.internal.dispatch.ContextClassLoaderDispatch.dispatch(ContextClassLoaderDispatch.java:33)
	org.gradle.internal.dispatch.ProxyDispatchAdapter$DispatchingInvocationHandler.invoke(ProxyDispatchAdapter.java:94)
	com.sun.proxy.$Proxy2.stop(Unknown Source)
	org.gradle.api.internal.tasks.testing.worker.TestWorker.stop(TestWorker.java:132)
	sun.reflect.NativeMethodAccessorImpl.invoke0(Native Method)
	sun.reflect.NativeMethodAccessorImpl.invoke(NativeMethodAccessorImpl.java:62)
	sun.reflect.DelegatingMethodAccessorImpl.invoke(DelegatingMethodAccessorImpl.java:43)
	java.lang.reflect.Method.invoke(Method.java:498)
	org.gradle.internal.dispatch.ReflectionDispatch.dispatch(ReflectionDispatch.java:36)
	org.gradle.internal.dispatch.ReflectionDispatch.dispatch(ReflectionDispatch.java:24)
	org.gradle.internal.remote.internal.hub.MessageHubBackedObjectConnection$DispatchWrapper.dispatch(MessageHubBackedObjectConnection.java:182)
	org.gradle.internal.remote.internal.hub.MessageHubBackedObjectConnection$DispatchWrapper.dispatch(MessageHubBackedObjectConnection.java:164)
	org.gradle.internal.remote.internal.hub.MessageHub$Handler.run(MessageHub.java:412)
	org.gradle.internal.concurrent.ExecutorPolicy$CatchAndRecordFailures.onExecute(ExecutorPolicy.java:64)
	org.gradle.internal.concurrent.ManagedExecutorImpl$1.run(ManagedExecutorImpl.java:48)
	java.util.concurrent.ThreadPoolExecutor.runWorker(ThreadPoolExecutor.java:1149)
	java.util.concurrent.ThreadPoolExecutor$Worker.run(ThreadPoolExecutor.java:624)
	org.gradle.internal.concurrent.ThreadFactoryImpl$ManagedThreadRunnable.run(ThreadFactoryImpl.java:56)
	java.lang.Thread.run(Thread.java:748)
Created at:
	io.netty.buffer.PooledByteBufAllocator.newDirectBuffer(PooledByteBufAllocator.java:363)
	io.netty.buffer.AbstractByteBufAllocator.directBuffer(AbstractByteBufAllocator.java:187)
	io.netty.buffer.AbstractByteBufAllocator.directBuffer(AbstractByteBufAllocator.java:178)
	io.netty.buffer.AbstractByteBufAllocator.buffer(AbstractByteBufAllocator.java:115)
	org.springframework.core.io.buffer.NettyDataBufferFactory.allocateBuffer(NettyDataBufferFactory.java:71)
	org.springframework.core.io.buffer.NettyDataBufferFactory.allocateBuffer(NettyDataBufferFactory.java:39)
	org.springframework.core.codec.CharSequenceEncoder.encodeValue(CharSequenceEncoder.java:91)
	org.springframework.core.codec.CharSequenceEncoder.encodeValue(CharSequenceEncoder.java:47)
	org.springframework.messaging.rsocket.MetadataEncoder.encodeEntry(MetadataEncoder.java:240)
	org.springframework.messaging.rsocket.MetadataEncoder.encodeEntries(MetadataEncoder.java:209)
	org.springframework.messaging.rsocket.MetadataEncoder.lambda$encode$1(MetadataEncoder.java:180)
	reactor.core.publisher.MonoCallable.subscribe(MonoCallable.java:56)
	reactor.core.publisher.Mono.subscribe(Mono.java:4208)
	reactor.core.publisher.MonoZip.subscribe(MonoZip.java:128)
	reactor.core.publisher.Mono.subscribe(Mono.java:4208)
	reactor.core.publisher.FluxConcatArray$ConcatArraySubscriber.onComplete(FluxConcatArray.java:207)
	reactor.core.publisher.FluxConcatArray.subscribe(FluxConcatArray.java:80)
	reactor.core.publisher.Flux.subscribe(Flux.java:8258)
	reactor.core.publisher.FluxSwitchOnFirst$AbstractSwitchOnFirstMain.onNext(FluxSwitchOnFirst.java:154)
	reactor.core.publisher.FluxSwitchIfEmpty$SwitchIfEmptySubscriber.onNext(FluxSwitchIfEmpty.java:67)
	reactor.core.publisher.FluxMap$MapSubscriber.onNext(FluxMap.java:114)
	reactor.core.publisher.FluxConcatMap$ConcatMapImmediate.innerNext(FluxConcatMap.java:274)
	reactor.core.publisher.FluxConcatMap$ConcatMapInner.onNext(FluxConcatMap.java:851)
	reactor.core.publisher.Operators$MonoSubscriber.complete(Operators.java:1755)
	reactor.core.publisher.MonoDelayUntil$DelayUntilCoordinator.signal(MonoDelayUntil.java:258)
	reactor.core.publisher.MonoDelayUntil$DelayUntilTrigger.onComplete(MonoDelayUntil.java:337)
	reactor.core.publisher.MonoDelay$MonoDelayRunnable.run(MonoDelay.java:118)
	reactor.core.scheduler.SchedulerTask.call(SchedulerTask.java:68)
	reactor.core.scheduler.SchedulerTask.call(SchedulerTask.java:28)
	java.util.concurrent.FutureTask.run(FutureTask.java:266)
	java.util.concurrent.ScheduledThreadPoolExecutor$ScheduledFutureTask.access$201(ScheduledThreadPoolExecutor.java:180)
	java.util.concurrent.ScheduledThreadPoolExecutor$ScheduledFutureTask.run(ScheduledThreadPoolExecutor.java:293)
	java.util.concurrent.ThreadPoolExecutor.runWorker(ThreadPoolExecutor.java:1149)
	java.util.concurrent.ThreadPoolExecutor$Worker.run(ThreadPoolExecutor.java:624)
	java.lang.Thread.run(Thread.java:748)
22:22:58.668 [Test worker] ERROR i.n.u.ResourceLeakDetector - LEAK: ByteBuf.release() was not called before it's garbage-collected. See https://netty.io/wiki/reference-counted-objects.html for more information.
Recent access records: 
#1:
	io.netty.buffer.AdvancedLeakAwareByteBuf.toString(AdvancedLeakAwareByteBuf.java:742)
	io.rsocket.Payload.getDataUtf8(Payload.java:102)
	org.springframework.messaging.rsocket.DefaultRSocketRequesterTests.testSendMono(DefaultRSocketRequesterTests.java:99)
	org.springframework.messaging.rsocket.DefaultRSocketRequesterTests.sendMono(DefaultRSocketRequesterTests.java:82)
	sun.reflect.NativeMethodAccessorImpl.invoke0(Native Method)
	sun.reflect.NativeMethodAccessorImpl.invoke(NativeMethodAccessorImpl.java:62)
	sun.reflect.DelegatingMethodAccessorImpl.invoke(DelegatingMethodAccessorImpl.java:43)
	java.lang.reflect.Method.invoke(Method.java:498)
	org.junit.platform.commons.util.ReflectionUtils.invokeMethod(ReflectionUtils.java:686)
	org.junit.jupiter.engine.execution.MethodInvocation.proceed(MethodInvocation.java:60)
	org.junit.jupiter.engine.execution.InvocationInterceptorChain$ValidatingInvocation.proceed(InvocationInterceptorChain.java:131)
	org.junit.jupiter.engine.extension.TimeoutExtension.intercept(TimeoutExtension.java:149)
	org.junit.jupiter.engine.extension.TimeoutExtension.interceptTestableMethod(TimeoutExtension.java:140)
	org.junit.jupiter.engine.extension.TimeoutExtension.interceptTestMethod(TimeoutExtension.java:84)
	org.junit.jupiter.engine.execution.ExecutableInvoker$ReflectiveInterceptorCall.lambda$ofVoidMethod$0(ExecutableInvoker.java:115)
	org.junit.jupiter.engine.execution.ExecutableInvoker.lambda$invoke$0(ExecutableInvoker.java:105)
	org.junit.jupiter.engine.execution.InvocationInterceptorChain$InterceptedInvocation.proceed(InvocationInterceptorChain.java:106)
	org.junit.jupiter.engine.execution.InvocationInterceptorChain.proceed(InvocationInterceptorChain.java:64)
	org.junit.jupiter.engine.execution.InvocationInterceptorChain.chainAndInvoke(InvocationInterceptorChain.java:45)
	org.junit.jupiter.engine.execution.InvocationInterceptorChain.invoke(InvocationInterceptorChain.java:37)
	org.junit.jupiter.engine.execution.ExecutableInvoker.invoke(ExecutableInvoker.java:104)
	org.junit.jupiter.engine.execution.ExecutableInvoker.invoke(ExecutableInvoker.java:98)
	org.junit.jupiter.engine.descriptor.TestMethodTestDescriptor.lambda$invokeTestMethod$6(TestMethodTestDescriptor.java:212)
	org.junit.platform.engine.support.hierarchical.ThrowableCollector.execute(ThrowableCollector.java:73)
	org.junit.jupiter.engine.descriptor.TestMethodTestDescriptor.invokeTestMethod(TestMethodTestDescriptor.java:208)
	org.junit.jupiter.engine.descriptor.TestMethodTestDescriptor.execute(TestMethodTestDescriptor.java:137)
	org.junit.jupiter.engine.descriptor.TestMethodTestDescriptor.execute(TestMethodTestDescriptor.java:71)
	org.junit.platform.engine.support.hierarchical.NodeTestTask.lambda$executeRecursively$5(NodeTestTask.java:135)
	org.junit.platform.engine.support.hierarchical.ThrowableCollector.execute(ThrowableCollector.java:73)
	org.junit.platform.engine.support.hierarchical.NodeTestTask.lambda$executeRecursively$7(NodeTestTask.java:125)
	org.junit.platform.engine.support.hierarchical.Node.around(Node.java:135)
	org.junit.platform.engine.support.hierarchical.NodeTestTask.lambda$executeRecursively$8(NodeTestTask.java:123)
	org.junit.platform.engine.support.hierarchical.ThrowableCollector.execute(ThrowableCollector.java:73)
	org.junit.platform.engine.support.hierarchical.NodeTestTask.executeRecursively(NodeTestTask.java:122)
	org.junit.platform.engine.support.hierarchical.NodeTestTask.execute(NodeTestTask.java:80)
	java.util.ArrayList.forEach(ArrayList.java:1257)
	org.junit.platform.engine.support.hierarchical.SameThreadHierarchicalTestExecutorService.invokeAll(SameThreadHierarchicalTestExecutorService.java:38)
	org.junit.platform.engine.support.hierarchical.NodeTestTask.lambda$executeRecursively$5(NodeTestTask.java:139)
	org.junit.platform.engine.support.hierarchical.ThrowableCollector.execute(ThrowableCollector.java:73)
	org.junit.platform.engine.support.hierarchical.NodeTestTask.lambda$executeRecursively$7(NodeTestTask.java:125)
	org.junit.platform.engine.support.hierarchical.Node.around(Node.java:135)
	org.junit.platform.engine.support.hierarchical.NodeTestTask.lambda$executeRecursively$8(NodeTestTask.java:123)
	org.junit.platform.engine.support.hierarchical.ThrowableCollector.execute(ThrowableCollector.java:73)
	org.junit.platform.engine.support.hierarchical.NodeTestTask.executeRecursively(NodeTestTask.java:122)
	org.junit.platform.engine.support.hierarchical.NodeTestTask.execute(NodeTestTask.java:80)
	java.util.ArrayList.forEach(ArrayList.java:1257)
	org.junit.platform.engine.support.hierarchical.SameThreadHierarchicalTestExecutorService.invokeAll(SameThreadHierarchicalTestExecutorService.java:38)
	org.junit.platform.engine.support.hierarchical.NodeTestTask.lambda$executeRecursively$5(NodeTestTask.java:139)
	org.junit.platform.engine.support.hierarchical.ThrowableCollector.execute(ThrowableCollector.java:73)
	org.junit.platform.engine.support.hierarchical.NodeTestTask.lambda$executeRecursively$7(NodeTestTask.java:125)
	org.junit.platform.engine.support.hierarchical.Node.around(Node.java:135)
	org.junit.platform.engine.support.hierarchical.NodeTestTask.lambda$executeRecursively$8(NodeTestTask.java:123)
	org.junit.platform.engine.support.hierarchical.ThrowableCollector.execute(ThrowableCollector.java:73)
	org.junit.platform.engine.support.hierarchical.NodeTestTask.executeRecursively(NodeTestTask.java:122)
	org.junit.platform.engine.support.hierarchical.NodeTestTask.execute(NodeTestTask.java:80)
	org.junit.platform.engine.support.hierarchical.SameThreadHierarchicalTestExecutorService.submit(SameThreadHierarchicalTestExecutorService.java:32)
	org.junit.platform.engine.support.hierarchical.HierarchicalTestExecutor.execute(HierarchicalTestExecutor.java:57)
	org.junit.platform.engine.support.hierarchical.HierarchicalTestEngine.execute(HierarchicalTestEngine.java:51)
	org.junit.platform.launcher.core.DefaultLauncher.execute(DefaultLauncher.java:248)
	org.junit.platform.launcher.core.DefaultLauncher.lambda$execute$5(DefaultLauncher.java:211)
	org.junit.platform.launcher.core.DefaultLauncher.withInterceptedStreams(DefaultLauncher.java:226)
	org.junit.platform.launcher.core.DefaultLauncher.execute(DefaultLauncher.java:199)
	org.junit.platform.launcher.core.DefaultLauncher.execute(DefaultLauncher.java:132)
	org.gradle.api.internal.tasks.testing.junitplatform.JUnitPlatformTestClassProcessor$CollectAllTestClassesExecutor.processAllTestClasses(JUnitPlatformTestClassProcessor.java:102)
	org.gradle.api.internal.tasks.testing.junitplatform.JUnitPlatformTestClassProcessor$CollectAllTestClassesExecutor.access$000(JUnitPlatformTestClassProcessor.java:82)
	org.gradle.api.internal.tasks.testing.junitplatform.JUnitPlatformTestClassProcessor.stop(JUnitPlatformTestClassProcessor.java:78)
	org.gradle.api.internal.tasks.testing.SuiteTestClassProcessor.stop(SuiteTestClassProcessor.java:61)
	sun.reflect.NativeMethodAccessorImpl.invoke0(Native Method)
	sun.reflect.NativeMethodAccessorImpl.invoke(NativeMethodAccessorImpl.java:62)
	sun.reflect.DelegatingMethodAccessorImpl.invoke(DelegatingMethodAccessorImpl.java:43)
	java.lang.reflect.Method.invoke(Method.java:498)
	org.gradle.internal.dispatch.ReflectionDispatch.dispatch(ReflectionDispatch.java:36)
	org.gradle.internal.dispatch.ReflectionDispatch.dispatch(ReflectionDispatch.java:24)
	org.gradle.internal.dispatch.ContextClassLoaderDispatch.dispatch(ContextClassLoaderDispatch.java:33)
	org.gradle.internal.dispatch.ProxyDispatchAdapter$DispatchingInvocationHandler.invoke(ProxyDispatchAdapter.java:94)
	com.sun.proxy.$Proxy2.stop(Unknown Source)
	org.gradle.api.internal.tasks.testing.worker.TestWorker.stop(TestWorker.java:132)
	sun.reflect.NativeMethodAccessorImpl.invoke0(Native Method)
	sun.reflect.NativeMethodAccessorImpl.invoke(NativeMethodAccessorImpl.java:62)
	sun.reflect.DelegatingMethodAccessorImpl.invoke(DelegatingMethodAccessorImpl.java:43)
	java.lang.reflect.Method.invoke(Method.java:498)
	org.gradle.internal.dispatch.ReflectionDispatch.dispatch(ReflectionDispatch.java:36)
	org.gradle.internal.dispatch.ReflectionDispatch.dispatch(ReflectionDispatch.java:24)
	org.gradle.internal.remote.internal.hub.MessageHubBackedObjectConnection$DispatchWrapper.dispatch(MessageHubBackedObjectConnection.java:182)
	org.gradle.internal.remote.internal.hub.MessageHubBackedObjectConnection$DispatchWrapper.dispatch(MessageHubBackedObjectConnection.java:164)
	org.gradle.internal.remote.internal.hub.MessageHub$Handler.run(MessageHub.java:412)
	org.gradle.internal.concurrent.ExecutorPolicy$CatchAndRecordFailures.onExecute(ExecutorPolicy.java:64)
	org.gradle.internal.concurrent.ManagedExecutorImpl$1.run(ManagedExecutorImpl.java:48)
	java.util.concurrent.ThreadPoolExecutor.runWorker(ThreadPoolExecutor.java:1149)
	java.util.concurrent.ThreadPoolExecutor$Worker.run(ThreadPoolExecutor.java:624)
	org.gradle.internal.concurrent.ThreadFactoryImpl$ManagedThreadRunnable.run(ThreadFactoryImpl.java:56)
	java.lang.Thread.run(Thread.java:748)
#2:
	io.netty.buffer.AdvancedLeakAwareByteBuf.slice(AdvancedLeakAwareByteBuf.java:76)
	io.rsocket.util.ByteBufPayload.sliceData(ByteBufPayload.java:149)
	io.rsocket.Payload.getDataUtf8(Payload.java:102)
	org.springframework.messaging.rsocket.DefaultRSocketRequesterTests.testSendMono(DefaultRSocketRequesterTests.java:99)
	org.springframework.messaging.rsocket.DefaultRSocketRequesterTests.sendMono(DefaultRSocketRequesterTests.java:82)
	sun.reflect.NativeMethodAccessorImpl.invoke0(Native Method)
	sun.reflect.NativeMethodAccessorImpl.invoke(NativeMethodAccessorImpl.java:62)
	sun.reflect.DelegatingMethodAccessorImpl.invoke(DelegatingMethodAccessorImpl.java:43)
	java.lang.reflect.Method.invoke(Method.java:498)
	org.junit.platform.commons.util.ReflectionUtils.invokeMethod(ReflectionUtils.java:686)
	org.junit.jupiter.engine.execution.MethodInvocation.proceed(MethodInvocation.java:60)
	org.junit.jupiter.engine.execution.InvocationInterceptorChain$ValidatingInvocation.proceed(InvocationInterceptorChain.java:131)
	org.junit.jupiter.engine.extension.TimeoutExtension.intercept(TimeoutExtension.java:149)
	org.junit.jupiter.engine.extension.TimeoutExtension.interceptTestableMethod(TimeoutExtension.java:140)
	org.junit.jupiter.engine.extension.TimeoutExtension.interceptTestMethod(TimeoutExtension.java:84)
	org.junit.jupiter.engine.execution.ExecutableInvoker$ReflectiveInterceptorCall.lambda$ofVoidMethod$0(ExecutableInvoker.java:115)
	org.junit.jupiter.engine.execution.ExecutableInvoker.lambda$invoke$0(ExecutableInvoker.java:105)
	org.junit.jupiter.engine.execution.InvocationInterceptorChain$InterceptedInvocation.proceed(InvocationInterceptorChain.java:106)
	org.junit.jupiter.engine.execution.InvocationInterceptorChain.proceed(InvocationInterceptorChain.java:64)
	org.junit.jupiter.engine.execution.InvocationInterceptorChain.chainAndInvoke(InvocationInterceptorChain.java:45)
	org.junit.jupiter.engine.execution.InvocationInterceptorChain.invoke(InvocationInterceptorChain.java:37)
	org.junit.jupiter.engine.execution.ExecutableInvoker.invoke(ExecutableInvoker.java:104)
	org.junit.jupiter.engine.execution.ExecutableInvoker.invoke(ExecutableInvoker.java:98)
	org.junit.jupiter.engine.descriptor.TestMethodTestDescriptor.lambda$invokeTestMethod$6(TestMethodTestDescriptor.java:212)
	org.junit.platform.engine.support.hierarchical.ThrowableCollector.execute(ThrowableCollector.java:73)
	org.junit.jupiter.engine.descriptor.TestMethodTestDescriptor.invokeTestMethod(TestMethodTestDescriptor.java:208)
	org.junit.jupiter.engine.descriptor.TestMethodTestDescriptor.execute(TestMethodTestDescriptor.java:137)
	org.junit.jupiter.engine.descriptor.TestMethodTestDescriptor.execute(TestMethodTestDescriptor.java:71)
	org.junit.platform.engine.support.hierarchical.NodeTestTask.lambda$executeRecursively$5(NodeTestTask.java:135)
	org.junit.platform.engine.support.hierarchical.ThrowableCollector.execute(ThrowableCollector.java:73)
	org.junit.platform.engine.support.hierarchical.NodeTestTask.lambda$executeRecursively$7(NodeTestTask.java:125)
	org.junit.platform.engine.support.hierarchical.Node.around(Node.java:135)
	org.junit.platform.engine.support.hierarchical.NodeTestTask.lambda$executeRecursively$8(NodeTestTask.java:123)
	org.junit.platform.engine.support.hierarchical.ThrowableCollector.execute(ThrowableCollector.java:73)
	org.junit.platform.engine.support.hierarchical.NodeTestTask.executeRecursively(NodeTestTask.java:122)
	org.junit.platform.engine.support.hierarchical.NodeTestTask.execute(NodeTestTask.java:80)
	java.util.ArrayList.forEach(ArrayList.java:1257)
	org.junit.platform.engine.support.hierarchical.SameThreadHierarchicalTestExecutorService.invokeAll(SameThreadHierarchicalTestExecutorService.java:38)
	org.junit.platform.engine.support.hierarchical.NodeTestTask.lambda$executeRecursively$5(NodeTestTask.java:139)
	org.junit.platform.engine.support.hierarchical.ThrowableCollector.execute(ThrowableCollector.java:73)
	org.junit.platform.engine.support.hierarchical.NodeTestTask.lambda$executeRecursively$7(NodeTestTask.java:125)
	org.junit.platform.engine.support.hierarchical.Node.around(Node.java:135)
	org.junit.platform.engine.support.hierarchical.NodeTestTask.lambda$executeRecursively$8(NodeTestTask.java:123)
	org.junit.platform.engine.support.hierarchical.ThrowableCollector.execute(ThrowableCollector.java:73)
	org.junit.platform.engine.support.hierarchical.NodeTestTask.executeRecursively(NodeTestTask.java:122)
	org.junit.platform.engine.support.hierarchical.NodeTestTask.execute(NodeTestTask.java:80)
	java.util.ArrayList.forEach(ArrayList.java:1257)
	org.junit.platform.engine.support.hierarchical.SameThreadHierarchicalTestExecutorService.invokeAll(SameThreadHierarchicalTestExecutorService.java:38)
	org.junit.platform.engine.support.hierarchical.NodeTestTask.lambda$executeRecursively$5(NodeTestTask.java:139)
	org.junit.platform.engine.support.hierarchical.ThrowableCollector.execute(ThrowableCollector.java:73)
	org.junit.platform.engine.support.hierarchical.NodeTestTask.lambda$executeRecursively$7(NodeTestTask.java:125)
	org.junit.platform.engine.support.hierarchical.Node.around(Node.java:135)
	org.junit.platform.engine.support.hierarchical.NodeTestTask.lambda$executeRecursively$8(NodeTestTask.java:123)
	org.junit.platform.engine.support.hierarchical.ThrowableCollector.execute(ThrowableCollector.java:73)
	org.junit.platform.engine.support.hierarchical.NodeTestTask.executeRecursively(NodeTestTask.java:122)
	org.junit.platform.engine.support.hierarchical.NodeTestTask.execute(NodeTestTask.java:80)
	org.junit.platform.engine.support.hierarchical.SameThreadHierarchicalTestExecutorService.submit(SameThreadHierarchicalTestExecutorService.java:32)
	org.junit.platform.engine.support.hierarchical.HierarchicalTestExecutor.execute(HierarchicalTestExecutor.java:57)
	org.junit.platform.engine.support.hierarchical.HierarchicalTestEngine.execute(HierarchicalTestEngine.java:51)
	org.junit.platform.launcher.core.DefaultLauncher.execute(DefaultLauncher.java:248)
	org.junit.platform.launcher.core.DefaultLauncher.lambda$execute$5(DefaultLauncher.java:211)
	org.junit.platform.launcher.core.DefaultLauncher.withInterceptedStreams(DefaultLauncher.java:226)
	org.junit.platform.launcher.core.DefaultLauncher.execute(DefaultLauncher.java:199)
	org.junit.platform.launcher.core.DefaultLauncher.execute(DefaultLauncher.java:132)
	org.gradle.api.internal.tasks.testing.junitplatform.JUnitPlatformTestClassProcessor$CollectAllTestClassesExecutor.processAllTestClasses(JUnitPlatformTestClassProcessor.java:102)
	org.gradle.api.internal.tasks.testing.junitplatform.JUnitPlatformTestClassProcessor$CollectAllTestClassesExecutor.access$000(JUnitPlatformTestClassProcessor.java:82)
	org.gradle.api.internal.tasks.testing.junitplatform.JUnitPlatformTestClassProcessor.stop(JUnitPlatformTestClassProcessor.java:78)
	org.gradle.api.internal.tasks.testing.SuiteTestClassProcessor.stop(SuiteTestClassProcessor.java:61)
	sun.reflect.NativeMethodAccessorImpl.invoke0(Native Method)
	sun.reflect.NativeMethodAccessorImpl.invoke(NativeMethodAccessorImpl.java:62)
	sun.reflect.DelegatingMethodAccessorImpl.invoke(DelegatingMethodAccessorImpl.java:43)
	java.lang.reflect.Method.invoke(Method.java:498)
	org.gradle.internal.dispatch.ReflectionDispatch.dispatch(ReflectionDispatch.java:36)
	org.gradle.internal.dispatch.ReflectionDispatch.dispatch(ReflectionDispatch.java:24)
	org.gradle.internal.dispatch.ContextClassLoaderDispatch.dispatch(ContextClassLoaderDispatch.java:33)
	org.gradle.internal.dispatch.ProxyDispatchAdapter$DispatchingInvocationHandler.invoke(ProxyDispatchAdapter.java:94)
	com.sun.proxy.$Proxy2.stop(Unknown Source)
	org.gradle.api.internal.tasks.testing.worker.TestWorker.stop(TestWorker.java:132)
	sun.reflect.NativeMethodAccessorImpl.invoke0(Native Method)
	sun.reflect.NativeMethodAccessorImpl.invoke(NativeMethodAccessorImpl.java:62)
	sun.reflect.DelegatingMethodAccessorImpl.invoke(DelegatingMethodAccessorImpl.java:43)
	java.lang.reflect.Method.invoke(Method.java:498)
	org.gradle.internal.dispatch.ReflectionDispatch.dispatch(ReflectionDispatch.java:36)
	org.gradle.internal.dispatch.ReflectionDispatch.dispatch(ReflectionDispatch.java:24)
	org.gradle.internal.remote.internal.hub.MessageHubBackedObjectConnection$DispatchWrapper.dispatch(MessageHubBackedObjectConnection.java:182)
	org.gradle.internal.remote.internal.hub.MessageHubBackedObjectConnection$DispatchWrapper.dispatch(MessageHubBackedObjectConnection.java:164)
	org.gradle.internal.remote.internal.hub.MessageHub$Handler.run(MessageHub.java:412)
	org.gradle.internal.concurrent.ExecutorPolicy$CatchAndRecordFailures.onExecute(ExecutorPolicy.java:64)
	org.gradle.internal.concurrent.ManagedExecutorImpl$1.run(ManagedExecutorImpl.java:48)
	java.util.concurrent.ThreadPoolExecutor.runWorker(ThreadPoolExecutor.java:1149)
	java.util.concurrent.ThreadPoolExecutor$Worker.run(ThreadPoolExecutor.java:624)
	org.gradle.internal.concurrent.ThreadFactoryImpl$ManagedThreadRunnable.run(ThreadFactoryImpl.java:56)
	java.lang.Thread.run(Thread.java:748)
Created at:
	io.netty.buffer.PooledByteBufAllocator.newDirectBuffer(PooledByteBufAllocator.java:363)
	io.netty.buffer.AbstractByteBufAllocator.directBuffer(AbstractByteBufAllocator.java:187)
	io.netty.buffer.AbstractByteBufAllocator.directBuffer(AbstractByteBufAllocator.java:178)
	io.netty.buffer.AbstractByteBufAllocator.buffer(AbstractByteBufAllocator.java:115)
	org.springframework.core.io.buffer.NettyDataBufferFactory.allocateBuffer(NettyDataBufferFactory.java:71)
	org.springframework.core.io.buffer.NettyDataBufferFactory.allocateBuffer(NettyDataBufferFactory.java:39)
	org.springframework.core.codec.CharSequenceEncoder.encodeValue(CharSequenceEncoder.java:91)
	org.springframework.core.codec.CharSequenceEncoder.encodeValue(CharSequenceEncoder.java:47)
	org.springframework.messaging.rsocket.DefaultRSocketRequester$DefaultRequestSpec.encodeData(DefaultRSocketRequester.java:236)
	org.springframework.messaging.rsocket.DefaultRSocketRequester$DefaultRequestSpec.lambda$createPayload$0(DefaultRSocketRequester.java:190)
	reactor.core.publisher.MonoCallable.subscribe(MonoCallable.java:56)
	reactor.core.publisher.Mono.subscribe(Mono.java:4208)
	reactor.core.publisher.MonoZip.subscribe(MonoZip.java:128)
	reactor.core.publisher.Mono.subscribe(Mono.java:4208)
	reactor.core.publisher.Mono.block(Mono.java:1699)
	org.springframework.messaging.rsocket.DefaultRSocketRequesterTests.testSendMono(DefaultRSocketRequesterTests.java:95)
	org.springframework.messaging.rsocket.DefaultRSocketRequesterTests.sendMono(DefaultRSocketRequesterTests.java:82)
	sun.reflect.NativeMethodAccessorImpl.invoke0(Native Method)
	sun.reflect.NativeMethodAccessorImpl.invoke(NativeMethodAccessorImpl.java:62)
	sun.reflect.DelegatingMethodAccessorImpl.invoke(DelegatingMethodAccessorImpl.java:43)
	java.lang.reflect.Method.invoke(Method.java:498)
	org.junit.platform.commons.util.ReflectionUtils.invokeMethod(ReflectionUtils.java:686)
	org.junit.jupiter.engine.execution.MethodInvocation.proceed(MethodInvocation.java:60)
	org.junit.jupiter.engine.execution.InvocationInterceptorChain$ValidatingInvocation.proceed(InvocationInterceptorChain.java:131)
	org.junit.jupiter.engine.extension.TimeoutExtension.intercept(TimeoutExtension.java:149)
	org.junit.jupiter.engine.extension.TimeoutExtension.interceptTestableMethod(TimeoutExtension.java:140)
	org.junit.jupiter.engine.extension.TimeoutExtension.interceptTestMethod(TimeoutExtension.java:84)
	org.junit.jupiter.engine.execution.ExecutableInvoker$ReflectiveInterceptorCall.lambda$ofVoidMethod$0(ExecutableInvoker.java:115)
	org.junit.jupiter.engine.execution.ExecutableInvoker.lambda$invoke$0(ExecutableInvoker.java:105)
	org.junit.jupiter.engine.execution.InvocationInterceptorChain$InterceptedInvocation.proceed(InvocationInterceptorChain.java:106)
	org.junit.jupiter.engine.execution.InvocationInterceptorChain.proceed(InvocationInterceptorChain.java:64)
	org.junit.jupiter.engine.execution.InvocationInterceptorChain.chainAndInvoke(InvocationInterceptorChain.java:45)
	org.junit.jupiter.engine.execution.InvocationInterceptorChain.invoke(InvocationInterceptorChain.java:37)
	org.junit.jupiter.engine.execution.ExecutableInvoker.invoke(ExecutableInvoker.java:104)
	org.junit.jupiter.engine.execution.ExecutableInvoker.invoke(ExecutableInvoker.java:98)
	org.junit.jupiter.engine.descriptor.TestMethodTestDescriptor.lambda$invokeTestMethod$6(TestMethodTestDescriptor.java:212)
	org.junit.platform.engine.support.hierarchical.ThrowableCollector.execute(ThrowableCollector.java:73)
	org.junit.jupiter.engine.descriptor.TestMethodTestDescriptor.invokeTestMethod(TestMethodTestDescriptor.java:208)
	org.junit.jupiter.engine.descriptor.TestMethodTestDescriptor.execute(TestMethodTestDescriptor.java:137)
	org.junit.jupiter.engine.descriptor.TestMethodTestDescriptor.execute(TestMethodTestDescriptor.java:71)
	org.junit.platform.engine.support.hierarchical.NodeTestTask.lambda$executeRecursively$5(NodeTestTask.java:135)
	org.junit.platform.engine.support.hierarchical.ThrowableCollector.execute(ThrowableCollector.java:73)
	org.junit.platform.engine.support.hierarchical.NodeTestTask.lambda$executeRecursively$7(NodeTestTask.java:125)
	org.junit.platform.engine.support.hierarchical.Node.around(Node.java:135)
	org.junit.platform.engine.support.hierarchical.NodeTestTask.lambda$executeRecursively$8(NodeTestTask.java:123)
	org.junit.platform.engine.support.hierarchical.ThrowableCollector.execute(ThrowableCollector.java:73)
	org.junit.platform.engine.support.hierarchical.NodeTestTask.executeRecursively(NodeTestTask.java:122)
	org.junit.platform.engine.support.hierarchical.NodeTestTask.execute(NodeTestTask.java:80)
	java.util.ArrayList.forEach(ArrayList.java:1257)
	org.junit.platform.engine.support.hierarchical.SameThreadHierarchicalTestExecutorService.invokeAll(SameThreadHierarchicalTestExecutorService.java:38)
	org.junit.platform.engine.support.hierarchical.NodeTestTask.lambda$executeRecursively$5(NodeTestTask.java:139)
	org.junit.platform.engine.support.hierarchical.ThrowableCollector.execute(ThrowableCollector.java:73)
	org.junit.platform.engine.support.hierarchical.NodeTestTask.lambda$executeRecursively$7(NodeTestTask.java:125)
	org.junit.platform.engine.support.hierarchical.Node.around(Node.java:135)
	org.junit.platform.engine.support.hierarchical.NodeTestTask.lambda$executeRecursively$8(NodeTestTask.java:123)
	org.junit.platform.engine.support.hierarchical.ThrowableCollector.execute(ThrowableCollector.java:73)
	org.junit.platform.engine.support.hierarchical.NodeTestTask.executeRecursively(NodeTestTask.java:122)
	org.junit.platform.engine.support.hierarchical.NodeTestTask.execute(NodeTestTask.java:80)
	java.util.ArrayList.forEach(ArrayList.java:1257)
	org.junit.platform.engine.support.hierarchical.SameThreadHierarchicalTestExecutorService.invokeAll(SameThreadHierarchicalTestExecutorService.java:38)
	org.junit.platform.engine.support.hierarchical.NodeTestTask.lambda$executeRecursively$5(NodeTestTask.java:139)
	org.junit.platform.engine.support.hierarchical.ThrowableCollector.execute(ThrowableCollector.java:73)
	org.junit.platform.engine.support.hierarchical.NodeTestTask.lambda$executeRecursively$7(NodeTestTask.java:125)
	org.junit.platform.engine.support.hierarchical.Node.around(Node.java:135)
	org.junit.platform.engine.support.hierarchical.NodeTestTask.lambda$executeRecursively$8(NodeTestTask.java:123)
	org.junit.platform.engine.support.hierarchical.ThrowableCollector.execute(ThrowableCollector.java:73)
	org.junit.platform.engine.support.hierarchical.NodeTestTask.executeRecursively(NodeTestTask.java:122)
	org.junit.platform.engine.support.hierarchical.NodeTestTask.execute(NodeTestTask.java:80)
	org.junit.platform.engine.support.hierarchical.SameThreadHierarchicalTestExecutorService.submit(SameThreadHierarchicalTestExecutorService.java:32)
	org.junit.platform.engine.support.hierarchical.HierarchicalTestExecutor.execute(HierarchicalTestExecutor.java:57)
	org.junit.platform.engine.support.hierarchical.HierarchicalTestEngine.execute(HierarchicalTestEngine.java:51)
	org.junit.platform.launcher.core.DefaultLauncher.execute(DefaultLauncher.java:248)
	org.junit.platform.launcher.core.DefaultLauncher.lambda$execute$5(DefaultLauncher.java:211)
	org.junit.platform.launcher.core.DefaultLauncher.withInterceptedStreams(DefaultLauncher.java:226)
	org.junit.platform.launcher.core.DefaultLauncher.execute(DefaultLauncher.java:199)
	org.junit.platform.launcher.core.DefaultLauncher.execute(DefaultLauncher.java:132)
	org.gradle.api.internal.tasks.testing.junitplatform.JUnitPlatformTestClassProcessor$CollectAllTestClassesExecutor.processAllTestClasses(JUnitPlatformTestClassProcessor.java:102)
	org.gradle.api.internal.tasks.testing.junitplatform.JUnitPlatformTestClassProcessor$CollectAllTestClassesExecutor.access$000(JUnitPlatformTestClassProcessor.java:82)
	org.gradle.api.internal.tasks.testing.junitplatform.JUnitPlatformTestClassProcessor.stop(JUnitPlatformTestClassProcessor.java:78)
	org.gradle.api.internal.tasks.testing.SuiteTestClassProcessor.stop(SuiteTestClassProcessor.java:61)
	sun.reflect.NativeMethodAccessorImpl.invoke0(Native Method)
	sun.reflect.NativeMethodAccessorImpl.invoke(NativeMethodAccessorImpl.java:62)
	sun.reflect.DelegatingMethodAccessorImpl.invoke(DelegatingMethodAccessorImpl.java:43)
	java.lang.reflect.Method.invoke(Method.java:498)
	org.gradle.internal.dispatch.ReflectionDispatch.dispatch(ReflectionDispatch.java:36)
	org.gradle.internal.dispatch.ReflectionDispatch.dispatch(ReflectionDispatch.java:24)
	org.gradle.internal.dispatch.ContextClassLoaderDispatch.dispatch(ContextClassLoaderDispatch.java:33)
	org.gradle.internal.dispatch.ProxyDispatchAdapter$DispatchingInvocationHandler.invoke(ProxyDispatchAdapter.java:94)
	com.sun.proxy.$Proxy2.stop(Unknown Source)
	org.gradle.api.internal.tasks.testing.worker.TestWorker.stop(TestWorker.java:132)
	sun.reflect.NativeMethodAccessorImpl.invoke0(Native Method)
	sun.reflect.NativeMethodAccessorImpl.invoke(NativeMethodAccessorImpl.java:62)
	sun.reflect.DelegatingMethodAccessorImpl.invoke(DelegatingMethodAccessorImpl.java:43)
	java.lang.reflect.Method.invoke(Method.java:498)
	org.gradle.internal.dispatch.ReflectionDispatch.dispatch(ReflectionDispatch.java:36)
	org.gradle.internal.dispatch.ReflectionDispatch.dispatch(ReflectionDispatch.java:24)
	org.gradle.internal.remote.internal.hub.MessageHubBackedObjectConnection$DispatchWrapper.dispatch(MessageHubBackedObjectConnection.java:182)
	org.gradle.internal.remote.internal.hub.MessageHubBackedObjectConnection$DispatchWrapper.dispatch(MessageHubBackedObjectConnection.java:164)
	org.gradle.internal.remote.internal.hub.MessageHub$Handler.run(MessageHub.java:412)
	org.gradle.internal.concurrent.ExecutorPolicy$CatchAndRecordFailures.onExecute(ExecutorPolicy.java:64)
	org.gradle.internal.concurrent.ManagedExecutorImpl$1.run(ManagedExecutorImpl.java:48)
	java.util.concurrent.ThreadPoolExecutor.runWorker(ThreadPoolExecutor.java:1149)
	java.util.concurrent.ThreadPoolExecutor$Worker.run(ThreadPoolExecutor.java:624)
	org.gradle.internal.concurrent.ThreadFactoryImpl$ManagedThreadRunnable.run(ThreadFactoryImpl.java:56)
	java.lang.Thread.run(Thread.java:748)
22:22:58.675 [Test worker] ERROR i.n.u.ResourceLeakDetector - LEAK: ByteBuf.release() was not called before it's garbage-collected. See https://netty.io/wiki/reference-counted-objects.html for more information.
Recent access records: 
#1:
	io.netty.buffer.AdvancedLeakAwareCompositeByteBuf.getBytes(AdvancedLeakAwareCompositeByteBuf.java:236)
	io.netty.buffer.AdvancedLeakAwareCompositeByteBuf.getBytes(AdvancedLeakAwareCompositeByteBuf.java:36)
	io.netty.buffer.CompositeByteBuf.getBytes(CompositeByteBuf.java:1034)
	io.netty.buffer.CompositeByteBuf.getBytes(CompositeByteBuf.java:49)
	io.netty.buffer.AbstractUnpooledSlicedByteBuf.getBytes(AbstractUnpooledSlicedByteBuf.java:243)
	io.netty.buffer.ByteBufUtil.decodeString(ByteBufUtil.java:834)
	io.netty.buffer.AbstractByteBuf.toString(AbstractByteBuf.java:1247)
	io.netty.buffer.AbstractByteBuf.toString(AbstractByteBuf.java:1242)
	io.netty.buffer.WrappedByteBuf.toString(WrappedByteBuf.java:967)
	io.netty.buffer.AdvancedLeakAwareByteBuf.toString(AdvancedLeakAwareByteBuf.java:743)
	io.rsocket.metadata.TaggingMetadata$1.next(TaggingMetadata.java:47)
	io.rsocket.metadata.TaggingMetadata$1.next(TaggingMetadata.java:37)
	org.springframework.messaging.rsocket.MetadataEncoderTests.assertRoute(MetadataEncoderTests.java:233)
	org.springframework.messaging.rsocket.MetadataEncoderTests.compositeMetadata(MetadataEncoderTests.java:78)
	sun.reflect.NativeMethodAccessorImpl.invoke0(Native Method)
	sun.reflect.NativeMethodAccessorImpl.invoke(NativeMethodAccessorImpl.java:62)
	sun.reflect.DelegatingMethodAccessorImpl.invoke(DelegatingMethodAccessorImpl.java:43)
	java.lang.reflect.Method.invoke(Method.java:498)
	org.junit.platform.commons.util.ReflectionUtils.invokeMethod(ReflectionUtils.java:686)
	org.junit.jupiter.engine.execution.MethodInvocation.proceed(MethodInvocation.java:60)
	org.junit.jupiter.engine.execution.InvocationInterceptorChain$ValidatingInvocation.proceed(InvocationInterceptorChain.java:131)
	org.junit.jupiter.engine.extension.TimeoutExtension.intercept(TimeoutExtension.java:149)
	org.junit.jupiter.engine.extension.TimeoutExtension.interceptTestableMethod(TimeoutExtension.java:140)
	org.junit.jupiter.engine.extension.TimeoutExtension.interceptTestMethod(TimeoutExtension.java:84)
	org.junit.jupiter.engine.execution.ExecutableInvoker$ReflectiveInterceptorCall.lambda$ofVoidMethod$0(ExecutableInvoker.java:115)
	org.junit.jupiter.engine.execution.ExecutableInvoker.lambda$invoke$0(ExecutableInvoker.java:105)
	org.junit.jupiter.engine.execution.InvocationInterceptorChain$InterceptedInvocation.proceed(InvocationInterceptorChain.java:106)
	org.junit.jupiter.engine.execution.InvocationInterceptorChain.proceed(InvocationInterceptorChain.java:64)
	org.junit.jupiter.engine.execution.InvocationInterceptorChain.chainAndInvoke(InvocationInterceptorChain.java:45)
	org.junit.jupiter.engine.execution.InvocationInterceptorChain.invoke(InvocationInterceptorChain.java:37)
	org.junit.jupiter.engine.execution.ExecutableInvoker.invoke(ExecutableInvoker.java:104)
	org.junit.jupiter.engine.execution.ExecutableInvoker.invoke(ExecutableInvoker.java:98)
	org.junit.jupiter.engine.descriptor.TestMethodTestDescriptor.lambda$invokeTestMethod$6(TestMethodTestDescriptor.java:212)
	org.junit.platform.engine.support.hierarchical.ThrowableCollector.execute(ThrowableCollector.java:73)
	org.junit.jupiter.engine.descriptor.TestMethodTestDescriptor.invokeTestMethod(TestMethodTestDescriptor.java:208)
	org.junit.jupiter.engine.descriptor.TestMethodTestDescriptor.execute(TestMethodTestDescriptor.java:137)
	org.junit.jupiter.engine.descriptor.TestMethodTestDescriptor.execute(TestMethodTestDescriptor.java:71)
	org.junit.platform.engine.support.hierarchical.NodeTestTask.lambda$executeRecursively$5(NodeTestTask.java:135)
	org.junit.platform.engine.support.hierarchical.ThrowableCollector.execute(ThrowableCollector.java:73)
	org.junit.platform.engine.support.hierarchical.NodeTestTask.lambda$executeRecursively$7(NodeTestTask.java:125)
	org.junit.platform.engine.support.hierarchical.Node.around(Node.java:135)
	org.junit.platform.engine.support.hierarchical.NodeTestTask.lambda$executeRecursively$8(NodeTestTask.java:123)
	org.junit.platform.engine.support.hierarchical.ThrowableCollector.execute(ThrowableCollector.java:73)
	org.junit.platform.engine.support.hierarchical.NodeTestTask.executeRecursively(NodeTestTask.java:122)
	org.junit.platform.engine.support.hierarchical.NodeTestTask.execute(NodeTestTask.java:80)
	java.util.ArrayList.forEach(ArrayList.java:1257)
	org.junit.platform.engine.support.hierarchical.SameThreadHierarchicalTestExecutorService.invokeAll(SameThreadHierarchicalTestExecutorService.java:38)
	org.junit.platform.engine.support.hierarchical.NodeTestTask.lambda$executeRecursively$5(NodeTestTask.java:139)
	org.junit.platform.engine.support.hierarchical.ThrowableCollector.execute(ThrowableCollector.java:73)
	org.junit.platform.engine.support.hierarchical.NodeTestTask.lambda$executeRecursively$7(NodeTestTask.java:125)
	org.junit.platform.engine.support.hierarchical.Node.around(Node.java:135)
	org.junit.platform.engine.support.hierarchical.NodeTestTask.lambda$executeRecursively$8(NodeTestTask.java:123)
	org.junit.platform.engine.support.hierarchical.ThrowableCollector.execute(ThrowableCollector.java:73)
	org.junit.platform.engine.support.hierarchical.NodeTestTask.executeRecursively(NodeTestTask.java:122)
	org.junit.platform.engine.support.hierarchical.NodeTestTask.execute(NodeTestTask.java:80)
	java.util.ArrayList.forEach(ArrayList.java:1257)
	org.junit.platform.engine.support.hierarchical.SameThreadHierarchicalTestExecutorService.invokeAll(SameThreadHierarchicalTestExecutorService.java:38)
	org.junit.platform.engine.support.hierarchical.NodeTestTask.lambda$executeRecursively$5(NodeTestTask.java:139)
	org.junit.platform.engine.support.hierarchical.ThrowableCollector.execute(ThrowableCollector.java:73)
	org.junit.platform.engine.support.hierarchical.NodeTestTask.lambda$executeRecursively$7(NodeTestTask.java:125)
	org.junit.platform.engine.support.hierarchical.Node.around(Node.java:135)
	org.junit.platform.engine.support.hierarchical.NodeTestTask.lambda$executeRecursively$8(NodeTestTask.java:123)
	org.junit.platform.engine.support.hierarchical.ThrowableCollector.execute(ThrowableCollector.java:73)
	org.junit.platform.engine.support.hierarchical.NodeTestTask.executeRecursively(NodeTestTask.java:122)
	org.junit.platform.engine.support.hierarchical.NodeTestTask.execute(NodeTestTask.java:80)
	org.junit.platform.engine.support.hierarchical.SameThreadHierarchicalTestExecutorService.submit(SameThreadHierarchicalTestExecutorService.java:32)
	org.junit.platform.engine.support.hierarchical.HierarchicalTestExecutor.execute(HierarchicalTestExecutor.java:57)
	org.junit.platform.engine.support.hierarchical.HierarchicalTestEngine.execute(HierarchicalTestEngine.java:51)
	org.junit.platform.launcher.core.DefaultLauncher.execute(DefaultLauncher.java:248)
	org.junit.platform.launcher.core.DefaultLauncher.lambda$execute$5(DefaultLauncher.java:211)
	org.junit.platform.launcher.core.DefaultLauncher.withInterceptedStreams(DefaultLauncher.java:226)
	org.junit.platform.launcher.core.DefaultLauncher.execute(DefaultLauncher.java:199)
	org.junit.platform.launcher.core.DefaultLauncher.execute(DefaultLauncher.java:132)
	org.gradle.api.internal.tasks.testing.junitplatform.JUnitPlatformTestClassProcessor$CollectAllTestClassesExecutor.processAllTestClasses(JUnitPlatformTestClassProcessor.java:102)
	org.gradle.api.internal.tasks.testing.junitplatform.JUnitPlatformTestClassProcessor$CollectAllTestClassesExecutor.access$000(JUnitPlatformTestClassProcessor.java:82)
	org.gradle.api.internal.tasks.testing.junitplatform.JUnitPlatformTestClassProcessor.stop(JUnitPlatformTestClassProcessor.java:78)
	org.gradle.api.internal.tasks.testing.SuiteTestClassProcessor.stop(SuiteTestClassProcessor.java:61)
	sun.reflect.NativeMethodAccessorImpl.invoke0(Native Method)
	sun.reflect.NativeMethodAccessorImpl.invoke(NativeMethodAccessorImpl.java:62)
	sun.reflect.DelegatingMethodAccessorImpl.invoke(DelegatingMethodAccessorImpl.java:43)
	java.lang.reflect.Method.invoke(Method.java:498)
	org.gradle.internal.dispatch.ReflectionDispatch.dispatch(ReflectionDispatch.java:36)
	org.gradle.internal.dispatch.ReflectionDispatch.dispatch(ReflectionDispatch.java:24)
	org.gradle.internal.dispatch.ContextClassLoaderDispatch.dispatch(ContextClassLoaderDispatch.java:33)
	org.gradle.internal.dispatch.ProxyDispatchAdapter$DispatchingInvocationHandler.invoke(ProxyDispatchAdapter.java:94)
	com.sun.proxy.$Proxy2.stop(Unknown Source)
	org.gradle.api.internal.tasks.testing.worker.TestWorker.stop(TestWorker.java:132)
	sun.reflect.NativeMethodAccessorImpl.invoke0(Native Method)
	sun.reflect.NativeMethodAccessorImpl.invoke(NativeMethodAccessorImpl.java:62)
	sun.reflect.DelegatingMethodAccessorImpl.invoke(DelegatingMethodAccessorImpl.java:43)
	java.lang.reflect.Method.invoke(Method.java:498)
	org.gradle.internal.dispatch.ReflectionDispatch.dispatch(ReflectionDispatch.java:36)
	org.gradle.internal.dispatch.ReflectionDispatch.dispatch(ReflectionDispatch.java:24)
	org.gradle.internal.remote.internal.hub.MessageHubBackedObjectConnection$DispatchWrapper.dispatch(MessageHubBackedObjectConnection.java:182)
	org.gradle.internal.remote.internal.hub.MessageHubBackedObjectConnection$DispatchWrapper.dispatch(MessageHubBackedObjectConnection.java:164)
	org.gradle.internal.remote.internal.hub.MessageHub$Handler.run(MessageHub.java:412)
	org.gradle.internal.concurrent.ExecutorPolicy$CatchAndRecordFailures.onExecute(ExecutorPolicy.java:64)
	org.gradle.internal.concurrent.ManagedExecutorImpl$1.run(ManagedExecutorImpl.java:48)
	java.util.concurrent.ThreadPoolExecutor.runWorker(ThreadPoolExecutor.java:1149)
	java.util.concurrent.ThreadPoolExecutor$Worker.run(ThreadPoolExecutor.java:624)
	org.gradle.internal.concurrent.ThreadFactoryImpl$ManagedThreadRunnable.run(ThreadFactoryImpl.java:56)
	java.lang.Thread.run(Thread.java:748)
#2:
	io.netty.buffer.AdvancedLeakAwareCompositeByteBuf.getByte(AdvancedLeakAwareCompositeByteBuf.java:140)
	io.netty.buffer.CompositeByteBuf._getByte(CompositeByteBuf.java:924)
	io.netty.buffer.UnpooledSlicedByteBuf._getByte(UnpooledSlicedByteBuf.java:39)
	io.netty.buffer.AbstractByteBuf.readByte(AbstractByteBuf.java:733)
	io.netty.buffer.WrappedByteBuf.readByte(WrappedByteBuf.java:529)
	io.netty.buffer.AdvancedLeakAwareByteBuf.readByte(AdvancedLeakAwareByteBuf.java:401)
	io.rsocket.metadata.TaggingMetadata$1.next(TaggingMetadata.java:45)
	io.rsocket.metadata.TaggingMetadata$1.next(TaggingMetadata.java:37)
	org.springframework.messaging.rsocket.MetadataEncoderTests.assertRoute(MetadataEncoderTests.java:233)
	org.springframework.messaging.rsocket.MetadataEncoderTests.compositeMetadata(MetadataEncoderTests.java:78)
	sun.reflect.NativeMethodAccessorImpl.invoke0(Native Method)
	sun.reflect.NativeMethodAccessorImpl.invoke(NativeMethodAccessorImpl.java:62)
	sun.reflect.DelegatingMethodAccessorImpl.invoke(DelegatingMethodAccessorImpl.java:43)
	java.lang.reflect.Method.invoke(Method.java:498)
	org.junit.platform.commons.util.ReflectionUtils.invokeMethod(ReflectionUtils.java:686)
	org.junit.jupiter.engine.execution.MethodInvocation.proceed(MethodInvocation.java:60)
	org.junit.jupiter.engine.execution.InvocationInterceptorChain$ValidatingInvocation.proceed(InvocationInterceptorChain.java:131)
	org.junit.jupiter.engine.extension.TimeoutExtension.intercept(TimeoutExtension.java:149)
	org.junit.jupiter.engine.extension.TimeoutExtension.interceptTestableMethod(TimeoutExtension.java:140)
	org.junit.jupiter.engine.extension.TimeoutExtension.interceptTestMethod(TimeoutExtension.java:84)
	org.junit.jupiter.engine.execution.ExecutableInvoker$ReflectiveInterceptorCall.lambda$ofVoidMethod$0(ExecutableInvoker.java:115)
	org.junit.jupiter.engine.execution.ExecutableInvoker.lambda$invoke$0(ExecutableInvoker.java:105)
	org.junit.jupiter.engine.execution.InvocationInterceptorChain$InterceptedInvocation.proceed(InvocationInterceptorChain.java:106)
	org.junit.jupiter.engine.execution.InvocationInterceptorChain.proceed(InvocationInterceptorChain.java:64)
	org.junit.jupiter.engine.execution.InvocationInterceptorChain.chainAndInvoke(InvocationInterceptorChain.java:45)
	org.junit.jupiter.engine.execution.InvocationInterceptorChain.invoke(InvocationInterceptorChain.java:37)
	org.junit.jupiter.engine.execution.ExecutableInvoker.invoke(ExecutableInvoker.java:104)
	org.junit.jupiter.engine.execution.ExecutableInvoker.invoke(ExecutableInvoker.java:98)
	org.junit.jupiter.engine.descriptor.TestMethodTestDescriptor.lambda$invokeTestMethod$6(TestMethodTestDescriptor.java:212)
	org.junit.platform.engine.support.hierarchical.ThrowableCollector.execute(ThrowableCollector.java:73)
	org.junit.jupiter.engine.descriptor.TestMethodTestDescriptor.invokeTestMethod(TestMethodTestDescriptor.java:208)
	org.junit.jupiter.engine.descriptor.TestMethodTestDescriptor.execute(TestMethodTestDescriptor.java:137)
	org.junit.jupiter.engine.descriptor.TestMethodTestDescriptor.execute(TestMethodTestDescriptor.java:71)
	org.junit.platform.engine.support.hierarchical.NodeTestTask.lambda$executeRecursively$5(NodeTestTask.java:135)
	org.junit.platform.engine.support.hierarchical.ThrowableCollector.execute(ThrowableCollector.java:73)
	org.junit.platform.engine.support.hierarchical.NodeTestTask.lambda$executeRecursively$7(NodeTestTask.java:125)
	org.junit.platform.engine.support.hierarchical.Node.around(Node.java:135)
	org.junit.platform.engine.support.hierarchical.NodeTestTask.lambda$executeRecursively$8(NodeTestTask.java:123)
	org.junit.platform.engine.support.hierarchical.ThrowableCollector.execute(ThrowableCollector.java:73)
	org.junit.platform.engine.support.hierarchical.NodeTestTask.executeRecursively(NodeTestTask.java:122)
	org.junit.platform.engine.support.hierarchical.NodeTestTask.execute(NodeTestTask.java:80)
	java.util.ArrayList.forEach(ArrayList.java:1257)
	org.junit.platform.engine.support.hierarchical.SameThreadHierarchicalTestExecutorService.invokeAll(SameThreadHierarchicalTestExecutorService.java:38)
	org.junit.platform.engine.support.hierarchical.NodeTestTask.lambda$executeRecursively$5(NodeTestTask.java:139)
	org.junit.platform.engine.support.hierarchical.ThrowableCollector.execute(ThrowableCollector.java:73)
	org.junit.platform.engine.support.hierarchical.NodeTestTask.lambda$executeRecursively$7(NodeTestTask.java:125)
	org.junit.platform.engine.support.hierarchical.Node.around(Node.java:135)
	org.junit.platform.engine.support.hierarchical.NodeTestTask.lambda$executeRecursively$8(NodeTestTask.java:123)
	org.junit.platform.engine.support.hierarchical.ThrowableCollector.execute(ThrowableCollector.java:73)
	org.junit.platform.engine.support.hierarchical.NodeTestTask.executeRecursively(NodeTestTask.java:122)
	org.junit.platform.engine.support.hierarchical.NodeTestTask.execute(NodeTestTask.java:80)
	java.util.ArrayList.forEach(ArrayList.java:1257)
	org.junit.platform.engine.support.hierarchical.SameThreadHierarchicalTestExecutorService.invokeAll(SameThreadHierarchicalTestExecutorService.java:38)
	org.junit.platform.engine.support.hierarchical.NodeTestTask.lambda$executeRecursively$5(NodeTestTask.java:139)
	org.junit.platform.engine.support.hierarchical.ThrowableCollector.execute(ThrowableCollector.java:73)
	org.junit.platform.engine.support.hierarchical.NodeTestTask.lambda$executeRecursively$7(NodeTestTask.java:125)
	org.junit.platform.engine.support.hierarchical.Node.around(Node.java:135)
	org.junit.platform.engine.support.hierarchical.NodeTestTask.lambda$executeRecursively$8(NodeTestTask.java:123)
	org.junit.platform.engine.support.hierarchical.ThrowableCollector.execute(ThrowableCollector.java:73)
	org.junit.platform.engine.support.hierarchical.NodeTestTask.executeRecursively(NodeTestTask.java:122)
	org.junit.platform.engine.support.hierarchical.NodeTestTask.execute(NodeTestTask.java:80)
	org.junit.platform.engine.support.hierarchical.SameThreadHierarchicalTestExecutorService.submit(SameThreadHierarchicalTestExecutorService.java:32)
	org.junit.platform.engine.support.hierarchical.HierarchicalTestExecutor.execute(HierarchicalTestExecutor.java:57)
	org.junit.platform.engine.support.hierarchical.HierarchicalTestEngine.execute(HierarchicalTestEngine.java:51)
	org.junit.platform.launcher.core.DefaultLauncher.execute(DefaultLauncher.java:248)
	org.junit.platform.launcher.core.DefaultLauncher.lambda$execute$5(DefaultLauncher.java:211)
	org.junit.platform.launcher.core.DefaultLauncher.withInterceptedStreams(DefaultLauncher.java:226)
	org.junit.platform.launcher.core.DefaultLauncher.execute(DefaultLauncher.java:199)
	org.junit.platform.launcher.core.DefaultLauncher.execute(DefaultLauncher.java:132)
	org.gradle.api.internal.tasks.testing.junitplatform.JUnitPlatformTestClassProcessor$CollectAllTestClassesExecutor.processAllTestClasses(JUnitPlatformTestClassProcessor.java:102)
	org.gradle.api.internal.tasks.testing.junitplatform.JUnitPlatformTestClassProcessor$CollectAllTestClassesExecutor.access$000(JUnitPlatformTestClassProcessor.java:82)
	org.gradle.api.internal.tasks.testing.junitplatform.JUnitPlatformTestClassProcessor.stop(JUnitPlatformTestClassProcessor.java:78)
	org.gradle.api.internal.tasks.testing.SuiteTestClassProcessor.stop(SuiteTestClassProcessor.java:61)
	sun.reflect.NativeMethodAccessorImpl.invoke0(Native Method)
	sun.reflect.NativeMethodAccessorImpl.invoke(NativeMethodAccessorImpl.java:62)
	sun.reflect.DelegatingMethodAccessorImpl.invoke(DelegatingMethodAccessorImpl.java:43)
	java.lang.reflect.Method.invoke(Method.java:498)
	org.gradle.internal.dispatch.ReflectionDispatch.dispatch(ReflectionDispatch.java:36)
	org.gradle.internal.dispatch.ReflectionDispatch.dispatch(ReflectionDispatch.java:24)
	org.gradle.internal.dispatch.ContextClassLoaderDispatch.dispatch(ContextClassLoaderDispatch.java:33)
	org.gradle.internal.dispatch.ProxyDispatchAdapter$DispatchingInvocationHandler.invoke(ProxyDispatchAdapter.java:94)
	com.sun.proxy.$Proxy2.stop(Unknown Source)
	org.gradle.api.internal.tasks.testing.worker.TestWorker.stop(TestWorker.java:132)
	sun.reflect.NativeMethodAccessorImpl.invoke0(Native Method)
	sun.reflect.NativeMethodAccessorImpl.invoke(NativeMethodAccessorImpl.java:62)
	sun.reflect.DelegatingMethodAccessorImpl.invoke(DelegatingMethodAccessorImpl.java:43)
	java.lang.reflect.Method.invoke(Method.java:498)
	org.gradle.internal.dispatch.ReflectionDispatch.dispatch(ReflectionDispatch.java:36)
	org.gradle.internal.dispatch.ReflectionDispatch.dispatch(ReflectionDispatch.java:24)
	org.gradle.internal.remote.internal.hub.MessageHubBackedObjectConnection$DispatchWrapper.dispatch(MessageHubBackedObjectConnection.java:182)
	org.gradle.internal.remote.internal.hub.MessageHubBackedObjectConnection$DispatchWrapper.dispatch(MessageHubBackedObjectConnection.java:164)
	org.gradle.internal.remote.internal.hub.MessageHub$Handler.run(MessageHub.java:412)
	org.gradle.internal.concurrent.ExecutorPolicy$CatchAndRecordFailures.onExecute(ExecutorPolicy.java:64)
	org.gradle.internal.concurrent.ManagedExecutorImpl$1.run(ManagedExecutorImpl.java:48)
	java.util.concurrent.ThreadPoolExecutor.runWorker(ThreadPoolExecutor.java:1149)
	java.util.concurrent.ThreadPoolExecutor$Worker.run(ThreadPoolExecutor.java:624)
	org.gradle.internal.concurrent.ThreadFactoryImpl$ManagedThreadRunnable.run(ThreadFactoryImpl.java:56)
	java.lang.Thread.run(Thread.java:748)
#3:
	io.netty.buffer.AdvancedLeakAwareCompositeByteBuf.order(AdvancedLeakAwareCompositeByteBuf.java:44)
	io.netty.buffer.CompositeByteBuf.newComponent(CompositeByteBuf.java:336)
	io.netty.buffer.CompositeByteBuf.addComponents0(CompositeByteBuf.java:374)
	io.netty.buffer.CompositeByteBuf.addComponents(CompositeByteBuf.java:236)
	io.netty.buffer.WrappedCompositeByteBuf.addComponents(WrappedCompositeByteBuf.java:540)
	io.netty.buffer.AdvancedLeakAwareCompositeByteBuf.addComponents(AdvancedLeakAwareCompositeByteBuf.java:927)
	io.rsocket.metadata.CompositeMetadataFlyweight.encodeAndAddMetadata(CompositeMetadataFlyweight.java:234)
	org.springframework.messaging.rsocket.MetadataEncoder.encodeEntries(MetadataEncoder.java:188)
	reactor.core.publisher.FluxMap$MapSubscriber.onNext(FluxMap.java:100)
	reactor.core.publisher.Operators$MonoSubscriber.complete(Operators.java:1755)
	reactor.core.publisher.MonoZip$ZipCoordinator.signal(MonoZip.java:247)
	reactor.core.publisher.MonoZip$ZipInner.onNext(MonoZip.java:329)
	reactor.core.publisher.FluxDefaultIfEmpty$DefaultIfEmptySubscriber.onNext(FluxDefaultIfEmpty.java:92)
	reactor.core.publisher.FluxMap$MapSubscriber.onNext(FluxMap.java:114)
	reactor.core.publisher.MonoDelay$MonoDelayRunnable.run(MonoDelay.java:117)
	reactor.core.scheduler.SchedulerTask.call(SchedulerTask.java:68)
	reactor.core.scheduler.SchedulerTask.call(SchedulerTask.java:28)
	java.util.concurrent.FutureTask.run(FutureTask.java:266)
	java.util.concurrent.ScheduledThreadPoolExecutor$ScheduledFutureTask.access$201(ScheduledThreadPoolExecutor.java:180)
	java.util.concurrent.ScheduledThreadPoolExecutor$ScheduledFutureTask.run(ScheduledThreadPoolExecutor.java:293)
	java.util.concurrent.ThreadPoolExecutor.runWorker(ThreadPoolExecutor.java:1149)
	java.util.concurrent.ThreadPoolExecutor$Worker.run(ThreadPoolExecutor.java:624)
	java.lang.Thread.run(Thread.java:748)
#4:
	io.netty.buffer.AdvancedLeakAwareCompositeByteBuf.order(AdvancedLeakAwareCompositeByteBuf.java:44)
	io.netty.buffer.CompositeByteBuf.newComponent(CompositeByteBuf.java:335)
	io.netty.buffer.CompositeByteBuf.addComponents0(CompositeByteBuf.java:374)
	io.netty.buffer.CompositeByteBuf.addComponents(CompositeByteBuf.java:236)
	io.netty.buffer.WrappedCompositeByteBuf.addComponents(WrappedCompositeByteBuf.java:540)
	io.netty.buffer.AdvancedLeakAwareCompositeByteBuf.addComponents(AdvancedLeakAwareCompositeByteBuf.java:927)
	io.rsocket.metadata.CompositeMetadataFlyweight.encodeAndAddMetadata(CompositeMetadataFlyweight.java:234)
	org.springframework.messaging.rsocket.MetadataEncoder.encodeEntries(MetadataEncoder.java:188)
	reactor.core.publisher.FluxMap$MapSubscriber.onNext(FluxMap.java:100)
	reactor.core.publisher.Operators$MonoSubscriber.complete(Operators.java:1755)
	reactor.core.publisher.MonoZip$ZipCoordinator.signal(MonoZip.java:247)
	reactor.core.publisher.MonoZip$ZipInner.onNext(MonoZip.java:329)
	reactor.core.publisher.FluxDefaultIfEmpty$DefaultIfEmptySubscriber.onNext(FluxDefaultIfEmpty.java:92)
	reactor.core.publisher.FluxMap$MapSubscriber.onNext(FluxMap.java:114)
	reactor.core.publisher.MonoDelay$MonoDelayRunnable.run(MonoDelay.java:117)
	reactor.core.scheduler.SchedulerTask.call(SchedulerTask.java:68)
	reactor.core.scheduler.SchedulerTask.call(SchedulerTask.java:28)
	java.util.concurrent.FutureTask.run(FutureTask.java:266)
	java.util.concurrent.ScheduledThreadPoolExecutor$ScheduledFutureTask.access$201(ScheduledThreadPoolExecutor.java:180)
	java.util.concurrent.ScheduledThreadPoolExecutor$ScheduledFutureTask.run(ScheduledThreadPoolExecutor.java:293)
	java.util.concurrent.ThreadPoolExecutor.runWorker(ThreadPoolExecutor.java:1149)
	java.util.concurrent.ThreadPoolExecutor$Worker.run(ThreadPoolExecutor.java:624)
	java.lang.Thread.run(Thread.java:748)
#5:
	io.netty.buffer.AdvancedLeakAwareCompositeByteBuf.addComponent(AdvancedLeakAwareCompositeByteBuf.java:920)
	io.rsocket.metadata.TaggingMetadataFlyweight.createTaggingContent(TaggingMetadataFlyweight.java:72)
	io.rsocket.metadata.TaggingMetadataFlyweight.createRoutingMetadata(TaggingMetadataFlyweight.java:30)
	org.springframework.messaging.rsocket.MetadataEncoder.encodeRoute(MetadataEncoder.java:224)
	org.springframework.messaging.rsocket.MetadataEncoder.encodeEntries(MetadataEncoder.java:189)
	reactor.core.publisher.FluxMap$MapSubscriber.onNext(FluxMap.java:100)
	reactor.core.publisher.Operators$MonoSubscriber.complete(Operators.java:1755)
	reactor.core.publisher.MonoZip$ZipCoordinator.signal(MonoZip.java:247)
	reactor.core.publisher.MonoZip$ZipInner.onNext(MonoZip.java:329)
	reactor.core.publisher.FluxDefaultIfEmpty$DefaultIfEmptySubscriber.onNext(FluxDefaultIfEmpty.java:92)
	reactor.core.publisher.FluxMap$MapSubscriber.onNext(FluxMap.java:114)
	reactor.core.publisher.MonoDelay$MonoDelayRunnable.run(MonoDelay.java:117)
	reactor.core.scheduler.SchedulerTask.call(SchedulerTask.java:68)
	reactor.core.scheduler.SchedulerTask.call(SchedulerTask.java:28)
	java.util.concurrent.FutureTask.run(FutureTask.java:266)
	java.util.concurrent.ScheduledThreadPoolExecutor$ScheduledFutureTask.access$201(ScheduledThreadPoolExecutor.java:180)
	java.util.concurrent.ScheduledThreadPoolExecutor$ScheduledFutureTask.run(ScheduledThreadPoolExecutor.java:293)
	java.util.concurrent.ThreadPoolExecutor.runWorker(ThreadPoolExecutor.java:1149)
	java.util.concurrent.ThreadPoolExecutor$Worker.run(ThreadPoolExecutor.java:624)
	java.lang.Thread.run(Thread.java:748)
Created at:
	io.netty.buffer.AbstractByteBufAllocator.compositeDirectBuffer(AbstractByteBufAllocator.java:223)
	io.netty.buffer.AbstractByteBufAllocator.compositeDirectBuffer(AbstractByteBufAllocator.java:218)
	io.netty.buffer.AbstractByteBufAllocator.compositeBuffer(AbstractByteBufAllocator.java:193)
	io.rsocket.metadata.TaggingMetadataFlyweight.createTaggingContent(TaggingMetadataFlyweight.java:64)
	io.rsocket.metadata.TaggingMetadataFlyweight.createRoutingMetadata(TaggingMetadataFlyweight.java:30)
	org.springframework.messaging.rsocket.MetadataEncoder.encodeRoute(MetadataEncoder.java:224)
	org.springframework.messaging.rsocket.MetadataEncoder.encodeEntries(MetadataEncoder.java:189)
	reactor.core.publisher.FluxMap$MapSubscriber.onNext(FluxMap.java:100)
	reactor.core.publisher.Operators$MonoSubscriber.complete(Operators.java:1755)
	reactor.core.publisher.MonoZip$ZipCoordinator.signal(MonoZip.java:247)
	reactor.core.publisher.MonoZip$ZipInner.onNext(MonoZip.java:329)
	reactor.core.publisher.FluxDefaultIfEmpty$DefaultIfEmptySubscriber.onNext(FluxDefaultIfEmpty.java:92)
	reactor.core.publisher.FluxMap$MapSubscriber.onNext(FluxMap.java:114)
	reactor.core.publisher.MonoDelay$MonoDelayRunnable.run(MonoDelay.java:117)
	reactor.core.scheduler.SchedulerTask.call(SchedulerTask.java:68)
	reactor.core.scheduler.SchedulerTask.call(SchedulerTask.java:28)
	java.util.concurrent.FutureTask.run(FutureTask.java:266)
	java.util.concurrent.ScheduledThreadPoolExecutor$ScheduledFutureTask.access$201(ScheduledThreadPoolExecutor.java:180)
	java.util.concurrent.ScheduledThreadPoolExecutor$ScheduledFutureTask.run(ScheduledThreadPoolExecutor.java:293)
	java.util.concurrent.ThreadPoolExecutor.runWorker(ThreadPoolExecutor.java:1149)
	java.util.concurrent.ThreadPoolExecutor$Worker.run(ThreadPoolExecutor.java:624)
	java.lang.Thread.run(Thread.java:748)
22:22:58.684 [Test worker] ERROR i.n.u.ResourceLeakDetector - LEAK: ByteBuf.release() was not called before it's garbage-collected. See https://netty.io/wiki/reference-counted-objects.html for more information.
Recent access records: 
#1:
	io.netty.buffer.AdvancedLeakAwareByteBuf.order(AdvancedLeakAwareByteBuf.java:70)
	io.netty.buffer.CompositeByteBuf.newComponent(CompositeByteBuf.java:335)
	io.netty.buffer.CompositeByteBuf.addComponents0(CompositeByteBuf.java:374)
	io.netty.buffer.CompositeByteBuf.addComponents(CompositeByteBuf.java:236)
	io.netty.buffer.WrappedCompositeByteBuf.addComponents(WrappedCompositeByteBuf.java:540)
	io.netty.buffer.AdvancedLeakAwareCompositeByteBuf.addComponents(AdvancedLeakAwareCompositeByteBuf.java:927)
	io.rsocket.metadata.CompositeMetadataFlyweight.encodeAndAddMetadata(CompositeMetadataFlyweight.java:215)
	org.springframework.messaging.rsocket.MetadataEncoder.lambda$encodeEntries$2(MetadataEncoder.java:193)
	java.util.ArrayList.forEach(ArrayList.java:1257)
	org.springframework.messaging.rsocket.MetadataEncoder.encodeEntries(MetadataEncoder.java:191)
	reactor.core.publisher.FluxMap$MapSubscriber.onNext(FluxMap.java:100)
	reactor.core.publisher.Operators$MonoSubscriber.complete(Operators.java:1755)
	reactor.core.publisher.MonoZip$ZipCoordinator.signal(MonoZip.java:247)
	reactor.core.publisher.MonoZip$ZipInner.onNext(MonoZip.java:329)
	reactor.core.publisher.FluxDefaultIfEmpty$DefaultIfEmptySubscriber.onNext(FluxDefaultIfEmpty.java:92)
	reactor.core.publisher.FluxMap$MapSubscriber.onNext(FluxMap.java:114)
	reactor.core.publisher.MonoDelay$MonoDelayRunnable.run(MonoDelay.java:117)
	reactor.core.scheduler.SchedulerTask.call(SchedulerTask.java:68)
	reactor.core.scheduler.SchedulerTask.call(SchedulerTask.java:28)
	java.util.concurrent.FutureTask.run(FutureTask.java:266)
	java.util.concurrent.ScheduledThreadPoolExecutor$ScheduledFutureTask.access$201(ScheduledThreadPoolExecutor.java:180)
	java.util.concurrent.ScheduledThreadPoolExecutor$ScheduledFutureTask.run(ScheduledThreadPoolExecutor.java:293)
	java.util.concurrent.ThreadPoolExecutor.runWorker(ThreadPoolExecutor.java:1149)
	java.util.concurrent.ThreadPoolExecutor$Worker.run(ThreadPoolExecutor.java:624)
	java.lang.Thread.run(Thread.java:748)
#2:
	io.netty.buffer.AdvancedLeakAwareByteBuf.writeByte(AdvancedLeakAwareByteBuf.java:544)
	io.rsocket.util.NumberUtils.encodeUnsignedMedium(NumberUtils.java:160)
	io.rsocket.metadata.CompositeMetadataFlyweight.encodeMetadataHeader(CompositeMetadataFlyweight.java:359)
	io.rsocket.metadata.CompositeMetadataFlyweight.encodeAndAddMetadata(CompositeMetadataFlyweight.java:216)
	org.springframework.messaging.rsocket.MetadataEncoder.lambda$encodeEntries$2(MetadataEncoder.java:193)
	java.util.ArrayList.forEach(ArrayList.java:1257)
	org.springframework.messaging.rsocket.MetadataEncoder.encodeEntries(MetadataEncoder.java:191)
	reactor.core.publisher.FluxMap$MapSubscriber.onNext(FluxMap.java:100)
	reactor.core.publisher.Operators$MonoSubscriber.complete(Operators.java:1755)
	reactor.core.publisher.MonoZip$ZipCoordinator.signal(MonoZip.java:247)
	reactor.core.publisher.MonoZip$ZipInner.onNext(MonoZip.java:329)
	reactor.core.publisher.FluxDefaultIfEmpty$DefaultIfEmptySubscriber.onNext(FluxDefaultIfEmpty.java:92)
	reactor.core.publisher.FluxMap$MapSubscriber.onNext(FluxMap.java:114)
	reactor.core.publisher.MonoDelay$MonoDelayRunnable.run(MonoDelay.java:117)
	reactor.core.scheduler.SchedulerTask.call(SchedulerTask.java:68)
	reactor.core.scheduler.SchedulerTask.call(SchedulerTask.java:28)
	java.util.concurrent.FutureTask.run(FutureTask.java:266)
	java.util.concurrent.ScheduledThreadPoolExecutor$ScheduledFutureTask.access$201(ScheduledThreadPoolExecutor.java:180)
	java.util.concurrent.ScheduledThreadPoolExecutor$ScheduledFutureTask.run(ScheduledThreadPoolExecutor.java:293)
	java.util.concurrent.ThreadPoolExecutor.runWorker(ThreadPoolExecutor.java:1149)
	java.util.concurrent.ThreadPoolExecutor$Worker.run(ThreadPoolExecutor.java:624)
	java.lang.Thread.run(Thread.java:748)
#3:
	io.netty.buffer.AdvancedLeakAwareByteBuf.writeByte(AdvancedLeakAwareByteBuf.java:544)
	io.rsocket.metadata.CompositeMetadataFlyweight.encodeMetadataHeader(CompositeMetadataFlyweight.java:355)
	io.rsocket.metadata.CompositeMetadataFlyweight.encodeAndAddMetadata(CompositeMetadataFlyweight.java:216)
	org.springframework.messaging.rsocket.MetadataEncoder.lambda$encodeEntries$2(MetadataEncoder.java:193)
	java.util.ArrayList.forEach(ArrayList.java:1257)
	org.springframework.messaging.rsocket.MetadataEncoder.encodeEntries(MetadataEncoder.java:191)
	reactor.core.publisher.FluxMap$MapSubscriber.onNext(FluxMap.java:100)
	reactor.core.publisher.Operators$MonoSubscriber.complete(Operators.java:1755)
	reactor.core.publisher.MonoZip$ZipCoordinator.signal(MonoZip.java:247)
	reactor.core.publisher.MonoZip$ZipInner.onNext(MonoZip.java:329)
	reactor.core.publisher.FluxDefaultIfEmpty$DefaultIfEmptySubscriber.onNext(FluxDefaultIfEmpty.java:92)
	reactor.core.publisher.FluxMap$MapSubscriber.onNext(FluxMap.java:114)
	reactor.core.publisher.MonoDelay$MonoDelayRunnable.run(MonoDelay.java:117)
	reactor.core.scheduler.SchedulerTask.call(SchedulerTask.java:68)
	reactor.core.scheduler.SchedulerTask.call(SchedulerTask.java:28)
	java.util.concurrent.FutureTask.run(FutureTask.java:266)
	java.util.concurrent.ScheduledThreadPoolExecutor$ScheduledFutureTask.access$201(ScheduledThreadPoolExecutor.java:180)
	java.util.concurrent.ScheduledThreadPoolExecutor$ScheduledFutureTask.run(ScheduledThreadPoolExecutor.java:293)
	java.util.concurrent.ThreadPoolExecutor.runWorker(ThreadPoolExecutor.java:1149)
	java.util.concurrent.ThreadPoolExecutor$Worker.run(ThreadPoolExecutor.java:624)
	java.lang.Thread.run(Thread.java:748)
#4:
	io.netty.buffer.AdvancedLeakAwareByteBuf.forEachByte(AdvancedLeakAwareByteBuf.java:676)
	io.netty.buffer.ByteBufUtil.isAscii(ByteBufUtil.java:1314)
	io.netty.buffer.ByteBufUtil.isText(ByteBufUtil.java:1273)
	io.rsocket.metadata.CompositeMetadataFlyweight.encodeMetadataHeader(CompositeMetadataFlyweight.java:339)
	io.rsocket.metadata.CompositeMetadataFlyweight.encodeAndAddMetadata(CompositeMetadataFlyweight.java:216)
	org.springframework.messaging.rsocket.MetadataEncoder.lambda$encodeEntries$2(MetadataEncoder.java:193)
	java.util.ArrayList.forEach(ArrayList.java:1257)
	org.springframework.messaging.rsocket.MetadataEncoder.encodeEntries(MetadataEncoder.java:191)
	reactor.core.publisher.FluxMap$MapSubscriber.onNext(FluxMap.java:100)
	reactor.core.publisher.Operators$MonoSubscriber.complete(Operators.java:1755)
	reactor.core.publisher.MonoZip$ZipCoordinator.signal(MonoZip.java:247)
	reactor.core.publisher.MonoZip$ZipInner.onNext(MonoZip.java:329)
	reactor.core.publisher.FluxDefaultIfEmpty$DefaultIfEmptySubscriber.onNext(FluxDefaultIfEmpty.java:92)
	reactor.core.publisher.FluxMap$MapSubscriber.onNext(FluxMap.java:114)
	reactor.core.publisher.MonoDelay$MonoDelayRunnable.run(MonoDelay.java:117)
	reactor.core.scheduler.SchedulerTask.call(SchedulerTask.java:68)
	reactor.core.scheduler.SchedulerTask.call(SchedulerTask.java:28)
	java.util.concurrent.FutureTask.run(FutureTask.java:266)
	java.util.concurrent.ScheduledThreadPoolExecutor$ScheduledFutureTask.access$201(ScheduledThreadPoolExecutor.java:180)
	java.util.concurrent.ScheduledThreadPoolExecutor$ScheduledFutureTask.run(ScheduledThreadPoolExecutor.java:293)
	java.util.concurrent.ThreadPoolExecutor.runWorker(ThreadPoolExecutor.java:1149)
	java.util.concurrent.ThreadPoolExecutor$Worker.run(ThreadPoolExecutor.java:624)
	java.lang.Thread.run(Thread.java:748)
Created at:
	io.netty.buffer.PooledByteBufAllocator.newDirectBuffer(PooledByteBufAllocator.java:363)
	io.netty.buffer.AbstractByteBufAllocator.directBuffer(AbstractByteBufAllocator.java:187)
	io.netty.buffer.AbstractByteBufAllocator.directBuffer(AbstractByteBufAllocator.java:178)
	io.netty.buffer.AbstractByteBufAllocator.buffer(AbstractByteBufAllocator.java:115)
	io.rsocket.metadata.CompositeMetadataFlyweight.encodeMetadataHeader(CompositeMetadataFlyweight.java:330)
	io.rsocket.metadata.CompositeMetadataFlyweight.encodeAndAddMetadata(CompositeMetadataFlyweight.java:216)
	org.springframework.messaging.rsocket.MetadataEncoder.lambda$encodeEntries$2(MetadataEncoder.java:193)
	java.util.ArrayList.forEach(ArrayList.java:1257)
	org.springframework.messaging.rsocket.MetadataEncoder.encodeEntries(MetadataEncoder.java:191)
	reactor.core.publisher.FluxMap$MapSubscriber.onNext(FluxMap.java:100)
	reactor.core.publisher.Operators$MonoSubscriber.complete(Operators.java:1755)
	reactor.core.publisher.MonoZip$ZipCoordinator.signal(MonoZip.java:247)
	reactor.core.publisher.MonoZip$ZipInner.onNext(MonoZip.java:329)
	reactor.core.publisher.FluxDefaultIfEmpty$DefaultIfEmptySubscriber.onNext(FluxDefaultIfEmpty.java:92)
	reactor.core.publisher.FluxMap$MapSubscriber.onNext(FluxMap.java:114)
	reactor.core.publisher.MonoDelay$MonoDelayRunnable.run(MonoDelay.java:117)
	reactor.core.scheduler.SchedulerTask.call(SchedulerTask.java:68)
	reactor.core.scheduler.SchedulerTask.call(SchedulerTask.java:28)
	java.util.concurrent.FutureTask.run(FutureTask.java:266)
	java.util.concurrent.ScheduledThreadPoolExecutor$ScheduledFutureTask.access$201(ScheduledThreadPoolExecutor.java:180)
	java.util.concurrent.ScheduledThreadPoolExecutor$ScheduledFutureTask.run(ScheduledThreadPoolExecutor.java:293)
	java.util.concurrent.ThreadPoolExecutor.runWorker(ThreadPoolExecutor.java:1149)
	java.util.concurrent.ThreadPoolExecutor$Worker.run(ThreadPoolExecutor.java:624)
	java.lang.Thread.run(Thread.java:748)
: 2 leak records were discarded because the leak record count is targeted to 4. Use system property io.netty.leakDetection.targetRecords to increase the limit.
22:22:58.686 [Test worker] ERROR i.n.u.ResourceLeakDetector - LEAK: ByteBuf.release() was not called before it's garbage-collected. See https://netty.io/wiki/reference-counted-objects.html for more information.
Recent access records: 
#1:
	io.netty.buffer.AdvancedLeakAwareByteBuf.toString(AdvancedLeakAwareByteBuf.java:742)
	io.rsocket.Payload.getMetadataUtf8(Payload.java:98)
	org.springframework.messaging.rsocket.DefaultRSocketRequesterTests.testSendFlux(DefaultRSocketRequesterTests.java:128)
	org.springframework.messaging.rsocket.DefaultRSocketRequesterTests.sendFlux(DefaultRSocketRequesterTests.java:111)
	sun.reflect.NativeMethodAccessorImpl.invoke0(Native Method)
	sun.reflect.NativeMethodAccessorImpl.invoke(NativeMethodAccessorImpl.java:62)
	sun.reflect.DelegatingMethodAccessorImpl.invoke(DelegatingMethodAccessorImpl.java:43)
	java.lang.reflect.Method.invoke(Method.java:498)
	org.junit.platform.commons.util.ReflectionUtils.invokeMethod(ReflectionUtils.java:686)
	org.junit.jupiter.engine.execution.MethodInvocation.proceed(MethodInvocation.java:60)
	org.junit.jupiter.engine.execution.InvocationInterceptorChain$ValidatingInvocation.proceed(InvocationInterceptorChain.java:131)
	org.junit.jupiter.engine.extension.TimeoutExtension.intercept(TimeoutExtension.java:149)
	org.junit.jupiter.engine.extension.TimeoutExtension.interceptTestableMethod(TimeoutExtension.java:140)
	org.junit.jupiter.engine.extension.TimeoutExtension.interceptTestMethod(TimeoutExtension.java:84)
	org.junit.jupiter.engine.execution.ExecutableInvoker$ReflectiveInterceptorCall.lambda$ofVoidMethod$0(ExecutableInvoker.java:115)
	org.junit.jupiter.engine.execution.ExecutableInvoker.lambda$invoke$0(ExecutableInvoker.java:105)
	org.junit.jupiter.engine.execution.InvocationInterceptorChain$InterceptedInvocation.proceed(InvocationInterceptorChain.java:106)
	org.junit.jupiter.engine.execution.InvocationInterceptorChain.proceed(InvocationInterceptorChain.java:64)
	org.junit.jupiter.engine.execution.InvocationInterceptorChain.chainAndInvoke(InvocationInterceptorChain.java:45)
	org.junit.jupiter.engine.execution.InvocationInterceptorChain.invoke(InvocationInterceptorChain.java:37)
	org.junit.jupiter.engine.execution.ExecutableInvoker.invoke(ExecutableInvoker.java:104)
	org.junit.jupiter.engine.execution.ExecutableInvoker.invoke(ExecutableInvoker.java:98)
	org.junit.jupiter.engine.descriptor.TestMethodTestDescriptor.lambda$invokeTestMethod$6(TestMethodTestDescriptor.java:212)
	org.junit.platform.engine.support.hierarchical.ThrowableCollector.execute(ThrowableCollector.java:73)
	org.junit.jupiter.engine.descriptor.TestMethodTestDescriptor.invokeTestMethod(TestMethodTestDescriptor.java:208)
	org.junit.jupiter.engine.descriptor.TestMethodTestDescriptor.execute(TestMethodTestDescriptor.java:137)
	org.junit.jupiter.engine.descriptor.TestMethodTestDescriptor.execute(TestMethodTestDescriptor.java:71)
	org.junit.platform.engine.support.hierarchical.NodeTestTask.lambda$executeRecursively$5(NodeTestTask.java:135)
	org.junit.platform.engine.support.hierarchical.ThrowableCollector.execute(ThrowableCollector.java:73)
	org.junit.platform.engine.support.hierarchical.NodeTestTask.lambda$executeRecursively$7(NodeTestTask.java:125)
	org.junit.platform.engine.support.hierarchical.Node.around(Node.java:135)
	org.junit.platform.engine.support.hierarchical.NodeTestTask.lambda$executeRecursively$8(NodeTestTask.java:123)
	org.junit.platform.engine.support.hierarchical.ThrowableCollector.execute(ThrowableCollector.java:73)
	org.junit.platform.engine.support.hierarchical.NodeTestTask.executeRecursively(NodeTestTask.java:122)
	org.junit.platform.engine.support.hierarchical.NodeTestTask.execute(NodeTestTask.java:80)
	java.util.ArrayList.forEach(ArrayList.java:1257)
	org.junit.platform.engine.support.hierarchical.SameThreadHierarchicalTestExecutorService.invokeAll(SameThreadHierarchicalTestExecutorService.java:38)
	org.junit.platform.engine.support.hierarchical.NodeTestTask.lambda$executeRecursively$5(NodeTestTask.java:139)
	org.junit.platform.engine.support.hierarchical.ThrowableCollector.execute(ThrowableCollector.java:73)
	org.junit.platform.engine.support.hierarchical.NodeTestTask.lambda$executeRecursively$7(NodeTestTask.java:125)
	org.junit.platform.engine.support.hierarchical.Node.around(Node.java:135)
	org.junit.platform.engine.support.hierarchical.NodeTestTask.lambda$executeRecursively$8(NodeTestTask.java:123)
	org.junit.platform.engine.support.hierarchical.ThrowableCollector.execute(ThrowableCollector.java:73)
	org.junit.platform.engine.support.hierarchical.NodeTestTask.executeRecursively(NodeTestTask.java:122)
	org.junit.platform.engine.support.hierarchical.NodeTestTask.execute(NodeTestTask.java:80)
	java.util.ArrayList.forEach(ArrayList.java:1257)
	org.junit.platform.engine.support.hierarchical.SameThreadHierarchicalTestExecutorService.invokeAll(SameThreadHierarchicalTestExecutorService.java:38)
	org.junit.platform.engine.support.hierarchical.NodeTestTask.lambda$executeRecursively$5(NodeTestTask.java:139)
	org.junit.platform.engine.support.hierarchical.ThrowableCollector.execute(ThrowableCollector.java:73)
	org.junit.platform.engine.support.hierarchical.NodeTestTask.lambda$executeRecursively$7(NodeTestTask.java:125)
	org.junit.platform.engine.support.hierarchical.Node.around(Node.java:135)
	org.junit.platform.engine.support.hierarchical.NodeTestTask.lambda$executeRecursively$8(NodeTestTask.java:123)
	org.junit.platform.engine.support.hierarchical.ThrowableCollector.execute(ThrowableCollector.java:73)
	org.junit.platform.engine.support.hierarchical.NodeTestTask.executeRecursively(NodeTestTask.java:122)
	org.junit.platform.engine.support.hierarchical.NodeTestTask.execute(NodeTestTask.java:80)
	org.junit.platform.engine.support.hierarchical.SameThreadHierarchicalTestExecutorService.submit(SameThreadHierarchicalTestExecutorService.java:32)
	org.junit.platform.engine.support.hierarchical.HierarchicalTestExecutor.execute(HierarchicalTestExecutor.java:57)
	org.junit.platform.engine.support.hierarchical.HierarchicalTestEngine.execute(HierarchicalTestEngine.java:51)
	org.junit.platform.launcher.core.DefaultLauncher.execute(DefaultLauncher.java:248)
	org.junit.platform.launcher.core.DefaultLauncher.lambda$execute$5(DefaultLauncher.java:211)
	org.junit.platform.launcher.core.DefaultLauncher.withInterceptedStreams(DefaultLauncher.java:226)
	org.junit.platform.launcher.core.DefaultLauncher.execute(DefaultLauncher.java:199)
	org.junit.platform.launcher.core.DefaultLauncher.execute(DefaultLauncher.java:132)
	org.gradle.api.internal.tasks.testing.junitplatform.JUnitPlatformTestClassProcessor$CollectAllTestClassesExecutor.processAllTestClasses(JUnitPlatformTestClassProcessor.java:102)
	org.gradle.api.internal.tasks.testing.junitplatform.JUnitPlatformTestClassProcessor$CollectAllTestClassesExecutor.access$000(JUnitPlatformTestClassProcessor.java:82)
	org.gradle.api.internal.tasks.testing.junitplatform.JUnitPlatformTestClassProcessor.stop(JUnitPlatformTestClassProcessor.java:78)
	org.gradle.api.internal.tasks.testing.SuiteTestClassProcessor.stop(SuiteTestClassProcessor.java:61)
	sun.reflect.NativeMethodAccessorImpl.invoke0(Native Method)
	sun.reflect.NativeMethodAccessorImpl.invoke(NativeMethodAccessorImpl.java:62)
	sun.reflect.DelegatingMethodAccessorImpl.invoke(DelegatingMethodAccessorImpl.java:43)
	java.lang.reflect.Method.invoke(Method.java:498)
	org.gradle.internal.dispatch.ReflectionDispatch.dispatch(ReflectionDispatch.java:36)
	org.gradle.internal.dispatch.ReflectionDispatch.dispatch(ReflectionDispatch.java:24)
	org.gradle.internal.dispatch.ContextClassLoaderDispatch.dispatch(ContextClassLoaderDispatch.java:33)
	org.gradle.internal.dispatch.ProxyDispatchAdapter$DispatchingInvocationHandler.invoke(ProxyDispatchAdapter.java:94)
	com.sun.proxy.$Proxy2.stop(Unknown Source)
	org.gradle.api.internal.tasks.testing.worker.TestWorker.stop(TestWorker.java:132)
	sun.reflect.NativeMethodAccessorImpl.invoke0(Native Method)
	sun.reflect.NativeMethodAccessorImpl.invoke(NativeMethodAccessorImpl.java:62)
	sun.reflect.DelegatingMethodAccessorImpl.invoke(DelegatingMethodAccessorImpl.java:43)
	java.lang.reflect.Method.invoke(Method.java:498)
	org.gradle.internal.dispatch.ReflectionDispatch.dispatch(ReflectionDispatch.java:36)
	org.gradle.internal.dispatch.ReflectionDispatch.dispatch(ReflectionDispatch.java:24)
	org.gradle.internal.remote.internal.hub.MessageHubBackedObjectConnection$DispatchWrapper.dispatch(MessageHubBackedObjectConnection.java:182)
	org.gradle.internal.remote.internal.hub.MessageHubBackedObjectConnection$DispatchWrapper.dispatch(MessageHubBackedObjectConnection.java:164)
	org.gradle.internal.remote.internal.hub.MessageHub$Handler.run(MessageHub.java:412)
	org.gradle.internal.concurrent.ExecutorPolicy$CatchAndRecordFailures.onExecute(ExecutorPolicy.java:64)
	org.gradle.internal.concurrent.ManagedExecutorImpl$1.run(ManagedExecutorImpl.java:48)
	java.util.concurrent.ThreadPoolExecutor.runWorker(ThreadPoolExecutor.java:1149)
	java.util.concurrent.ThreadPoolExecutor$Worker.run(ThreadPoolExecutor.java:624)
	org.gradle.internal.concurrent.ThreadFactoryImpl$ManagedThreadRunnable.run(ThreadFactoryImpl.java:56)
	java.lang.Thread.run(Thread.java:748)
#2:
	io.netty.buffer.AdvancedLeakAwareByteBuf.slice(AdvancedLeakAwareByteBuf.java:76)
	io.rsocket.util.ByteBufPayload.sliceMetadata(ByteBufPayload.java:134)
	io.rsocket.Payload.getMetadataUtf8(Payload.java:98)
	org.springframework.messaging.rsocket.DefaultRSocketRequesterTests.testSendFlux(DefaultRSocketRequesterTests.java:128)
	org.springframework.messaging.rsocket.DefaultRSocketRequesterTests.sendFlux(DefaultRSocketRequesterTests.java:111)
	sun.reflect.NativeMethodAccessorImpl.invoke0(Native Method)
	sun.reflect.NativeMethodAccessorImpl.invoke(NativeMethodAccessorImpl.java:62)
	sun.reflect.DelegatingMethodAccessorImpl.invoke(DelegatingMethodAccessorImpl.java:43)
	java.lang.reflect.Method.invoke(Method.java:498)
	org.junit.platform.commons.util.ReflectionUtils.invokeMethod(ReflectionUtils.java:686)
	org.junit.jupiter.engine.execution.MethodInvocation.proceed(MethodInvocation.java:60)
	org.junit.jupiter.engine.execution.InvocationInterceptorChain$ValidatingInvocation.proceed(InvocationInterceptorChain.java:131)
	org.junit.jupiter.engine.extension.TimeoutExtension.intercept(TimeoutExtension.java:149)
	org.junit.jupiter.engine.extension.TimeoutExtension.interceptTestableMethod(TimeoutExtension.java:140)
	org.junit.jupiter.engine.extension.TimeoutExtension.interceptTestMethod(TimeoutExtension.java:84)
	org.junit.jupiter.engine.execution.ExecutableInvoker$ReflectiveInterceptorCall.lambda$ofVoidMethod$0(ExecutableInvoker.java:115)
	org.junit.jupiter.engine.execution.ExecutableInvoker.lambda$invoke$0(ExecutableInvoker.java:105)
	org.junit.jupiter.engine.execution.InvocationInterceptorChain$InterceptedInvocation.proceed(InvocationInterceptorChain.java:106)
	org.junit.jupiter.engine.execution.InvocationInterceptorChain.proceed(InvocationInterceptorChain.java:64)
	org.junit.jupiter.engine.execution.InvocationInterceptorChain.chainAndInvoke(InvocationInterceptorChain.java:45)
	org.junit.jupiter.engine.execution.InvocationInterceptorChain.invoke(InvocationInterceptorChain.java:37)
	org.junit.jupiter.engine.execution.ExecutableInvoker.invoke(ExecutableInvoker.java:104)
	org.junit.jupiter.engine.execution.ExecutableInvoker.invoke(ExecutableInvoker.java:98)
	org.junit.jupiter.engine.descriptor.TestMethodTestDescriptor.lambda$invokeTestMethod$6(TestMethodTestDescriptor.java:212)
	org.junit.platform.engine.support.hierarchical.ThrowableCollector.execute(ThrowableCollector.java:73)
	org.junit.jupiter.engine.descriptor.TestMethodTestDescriptor.invokeTestMethod(TestMethodTestDescriptor.java:208)
	org.junit.jupiter.engine.descriptor.TestMethodTestDescriptor.execute(TestMethodTestDescriptor.java:137)
	org.junit.jupiter.engine.descriptor.TestMethodTestDescriptor.execute(TestMethodTestDescriptor.java:71)
	org.junit.platform.engine.support.hierarchical.NodeTestTask.lambda$executeRecursively$5(NodeTestTask.java:135)
	org.junit.platform.engine.support.hierarchical.ThrowableCollector.execute(ThrowableCollector.java:73)
	org.junit.platform.engine.support.hierarchical.NodeTestTask.lambda$executeRecursively$7(NodeTestTask.java:125)
	org.junit.platform.engine.support.hierarchical.Node.around(Node.java:135)
	org.junit.platform.engine.support.hierarchical.NodeTestTask.lambda$executeRecursively$8(NodeTestTask.java:123)
	org.junit.platform.engine.support.hierarchical.ThrowableCollector.execute(ThrowableCollector.java:73)
	org.junit.platform.engine.support.hierarchical.NodeTestTask.executeRecursively(NodeTestTask.java:122)
	org.junit.platform.engine.support.hierarchical.NodeTestTask.execute(NodeTestTask.java:80)
	java.util.ArrayList.forEach(ArrayList.java:1257)
	org.junit.platform.engine.support.hierarchical.SameThreadHierarchicalTestExecutorService.invokeAll(SameThreadHierarchicalTestExecutorService.java:38)
	org.junit.platform.engine.support.hierarchical.NodeTestTask.lambda$executeRecursively$5(NodeTestTask.java:139)
	org.junit.platform.engine.support.hierarchical.ThrowableCollector.execute(ThrowableCollector.java:73)
	org.junit.platform.engine.support.hierarchical.NodeTestTask.lambda$executeRecursively$7(NodeTestTask.java:125)
	org.junit.platform.engine.support.hierarchical.Node.around(Node.java:135)
	org.junit.platform.engine.support.hierarchical.NodeTestTask.lambda$executeRecursively$8(NodeTestTask.java:123)
	org.junit.platform.engine.support.hierarchical.ThrowableCollector.execute(ThrowableCollector.java:73)
	org.junit.platform.engine.support.hierarchical.NodeTestTask.executeRecursively(NodeTestTask.java:122)
	org.junit.platform.engine.support.hierarchical.NodeTestTask.execute(NodeTestTask.java:80)
	java.util.ArrayList.forEach(ArrayList.java:1257)
	org.junit.platform.engine.support.hierarchical.SameThreadHierarchicalTestExecutorService.invokeAll(SameThreadHierarchicalTestExecutorService.java:38)
	org.junit.platform.engine.support.hierarchical.NodeTestTask.lambda$executeRecursively$5(NodeTestTask.java:139)
	org.junit.platform.engine.support.hierarchical.ThrowableCollector.execute(ThrowableCollector.java:73)
	org.junit.platform.engine.support.hierarchical.NodeTestTask.lambda$executeRecursively$7(NodeTestTask.java:125)
	org.junit.platform.engine.support.hierarchical.Node.around(Node.java:135)
	org.junit.platform.engine.support.hierarchical.NodeTestTask.lambda$executeRecursively$8(NodeTestTask.java:123)
	org.junit.platform.engine.support.hierarchical.ThrowableCollector.execute(ThrowableCollector.java:73)
	org.junit.platform.engine.support.hierarchical.NodeTestTask.executeRecursively(NodeTestTask.java:122)
	org.junit.platform.engine.support.hierarchical.NodeTestTask.execute(NodeTestTask.java:80)
	org.junit.platform.engine.support.hierarchical.SameThreadHierarchicalTestExecutorService.submit(SameThreadHierarchicalTestExecutorService.java:32)
	org.junit.platform.engine.support.hierarchical.HierarchicalTestExecutor.execute(HierarchicalTestExecutor.java:57)
	org.junit.platform.engine.support.hierarchical.HierarchicalTestEngine.execute(HierarchicalTestEngine.java:51)
	org.junit.platform.launcher.core.DefaultLauncher.execute(DefaultLauncher.java:248)
	org.junit.platform.launcher.core.DefaultLauncher.lambda$execute$5(DefaultLauncher.java:211)
	org.junit.platform.launcher.core.DefaultLauncher.withInterceptedStreams(DefaultLauncher.java:226)
	org.junit.platform.launcher.core.DefaultLauncher.execute(DefaultLauncher.java:199)
	org.junit.platform.launcher.core.DefaultLauncher.execute(DefaultLauncher.java:132)
	org.gradle.api.internal.tasks.testing.junitplatform.JUnitPlatformTestClassProcessor$CollectAllTestClassesExecutor.processAllTestClasses(JUnitPlatformTestClassProcessor.java:102)
	org.gradle.api.internal.tasks.testing.junitplatform.JUnitPlatformTestClassProcessor$CollectAllTestClassesExecutor.access$000(JUnitPlatformTestClassProcessor.java:82)
	org.gradle.api.internal.tasks.testing.junitplatform.JUnitPlatformTestClassProcessor.stop(JUnitPlatformTestClassProcessor.java:78)
	org.gradle.api.internal.tasks.testing.SuiteTestClassProcessor.stop(SuiteTestClassProcessor.java:61)
	sun.reflect.NativeMethodAccessorImpl.invoke0(Native Method)
	sun.reflect.NativeMethodAccessorImpl.invoke(NativeMethodAccessorImpl.java:62)
	sun.reflect.DelegatingMethodAccessorImpl.invoke(DelegatingMethodAccessorImpl.java:43)
	java.lang.reflect.Method.invoke(Method.java:498)
	org.gradle.internal.dispatch.ReflectionDispatch.dispatch(ReflectionDispatch.java:36)
	org.gradle.internal.dispatch.ReflectionDispatch.dispatch(ReflectionDispatch.java:24)
	org.gradle.internal.dispatch.ContextClassLoaderDispatch.dispatch(ContextClassLoaderDispatch.java:33)
	org.gradle.internal.dispatch.ProxyDispatchAdapter$DispatchingInvocationHandler.invoke(ProxyDispatchAdapter.java:94)
	com.sun.proxy.$Proxy2.stop(Unknown Source)
	org.gradle.api.internal.tasks.testing.worker.TestWorker.stop(TestWorker.java:132)
	sun.reflect.NativeMethodAccessorImpl.invoke0(Native Method)
	sun.reflect.NativeMethodAccessorImpl.invoke(NativeMethodAccessorImpl.java:62)
	sun.reflect.DelegatingMethodAccessorImpl.invoke(DelegatingMethodAccessorImpl.java:43)
	java.lang.reflect.Method.invoke(Method.java:498)
	org.gradle.internal.dispatch.ReflectionDispatch.dispatch(ReflectionDispatch.java:36)
	org.gradle.internal.dispatch.ReflectionDispatch.dispatch(ReflectionDispatch.java:24)
	org.gradle.internal.remote.internal.hub.MessageHubBackedObjectConnection$DispatchWrapper.dispatch(MessageHubBackedObjectConnection.java:182)
	org.gradle.internal.remote.internal.hub.MessageHubBackedObjectConnection$DispatchWrapper.dispatch(MessageHubBackedObjectConnection.java:164)
	org.gradle.internal.remote.internal.hub.MessageHub$Handler.run(MessageHub.java:412)
	org.gradle.internal.concurrent.ExecutorPolicy$CatchAndRecordFailures.onExecute(ExecutorPolicy.java:64)
	org.gradle.internal.concurrent.ManagedExecutorImpl$1.run(ManagedExecutorImpl.java:48)
	java.util.concurrent.ThreadPoolExecutor.runWorker(ThreadPoolExecutor.java:1149)
	java.util.concurrent.ThreadPoolExecutor$Worker.run(ThreadPoolExecutor.java:624)
	org.gradle.internal.concurrent.ThreadFactoryImpl$ManagedThreadRunnable.run(ThreadFactoryImpl.java:56)
	java.lang.Thread.run(Thread.java:748)
Created at:
	io.netty.buffer.PooledByteBufAllocator.newDirectBuffer(PooledByteBufAllocator.java:363)
	io.netty.buffer.AbstractByteBufAllocator.directBuffer(AbstractByteBufAllocator.java:187)
	io.netty.buffer.AbstractByteBufAllocator.directBuffer(AbstractByteBufAllocator.java:178)
	io.netty.buffer.AbstractByteBufAllocator.buffer(AbstractByteBufAllocator.java:115)
	org.springframework.core.io.buffer.NettyDataBufferFactory.allocateBuffer(NettyDataBufferFactory.java:71)
	org.springframework.core.io.buffer.NettyDataBufferFactory.allocateBuffer(NettyDataBufferFactory.java:39)
	org.springframework.core.codec.CharSequenceEncoder.encodeValue(CharSequenceEncoder.java:91)
	org.springframework.core.codec.CharSequenceEncoder.encodeValue(CharSequenceEncoder.java:47)
	org.springframework.messaging.rsocket.MetadataEncoder.encodeEntry(MetadataEncoder.java:240)
	org.springframework.messaging.rsocket.MetadataEncoder.encodeEntries(MetadataEncoder.java:209)
	org.springframework.messaging.rsocket.MetadataEncoder.lambda$encode$1(MetadataEncoder.java:180)
	reactor.core.publisher.MonoCallable.subscribe(MonoCallable.java:56)
	reactor.core.publisher.Mono.subscribe(Mono.java:4208)
	reactor.core.publisher.MonoZip.subscribe(MonoZip.java:128)
	reactor.core.publisher.Mono.subscribe(Mono.java:4208)
	reactor.core.publisher.FluxConcatArray$ConcatArraySubscriber.onComplete(FluxConcatArray.java:207)
	reactor.core.publisher.FluxConcatArray.subscribe(FluxConcatArray.java:80)
	reactor.core.publisher.Flux.subscribe(Flux.java:8258)
	reactor.core.publisher.FluxSwitchOnFirst$AbstractSwitchOnFirstMain.onNext(FluxSwitchOnFirst.java:154)
	reactor.core.publisher.FluxSwitchIfEmpty$SwitchIfEmptySubscriber.onNext(FluxSwitchIfEmpty.java:67)
	reactor.core.publisher.Operators$ScalarSubscription.request(Operators.java:2317)
	reactor.core.publisher.Operators$MultiSubscriptionSubscriber.set(Operators.java:2125)
	reactor.core.publisher.Operators$MultiSubscriptionSubscriber.onSubscribe(Operators.java:1999)
	reactor.core.publisher.MonoJust.subscribe(MonoJust.java:54)
	reactor.core.publisher.Mono.subscribe(Mono.java:4208)
	reactor.core.publisher.FluxSwitchIfEmpty$SwitchIfEmptySubscriber.onComplete(FluxSwitchIfEmpty.java:75)
	reactor.core.publisher.FluxMap$MapSubscriber.onComplete(FluxMap.java:136)
	io.reactivex.internal.util.HalfSerializer.onComplete(HalfSerializer.java:90)
	io.reactivex.internal.subscribers.StrictSubscriber.onComplete(StrictSubscriber.java:109)
	io.reactivex.internal.operators.flowable.FlowableOnBackpressureBuffer$BackpressureBufferSubscriber.checkTerminated(FlowableOnBackpressureBuffer.java:239)
	io.reactivex.internal.operators.flowable.FlowableOnBackpressureBuffer$BackpressureBufferSubscriber.drain(FlowableOnBackpressureBuffer.java:166)
	io.reactivex.internal.operators.flowable.FlowableOnBackpressureBuffer$BackpressureBufferSubscriber.onComplete(FlowableOnBackpressureBuffer.java:133)
	io.reactivex.internal.operators.flowable.FlowableFromObservable$SubscriberObserver.onComplete(FlowableFromObservable.java:44)
	io.reactivex.internal.disposables.EmptyDisposable.complete(EmptyDisposable.java:53)
	io.reactivex.internal.operators.observable.ObservableEmpty.subscribeActual(ObservableEmpty.java:28)
	io.reactivex.Observable.subscribe(Observable.java:12284)
	io.reactivex.internal.operators.flowable.FlowableFromObservable.subscribeActual(FlowableFromObservable.java:29)
	io.reactivex.Flowable.subscribe(Flowable.java:14935)
	io.reactivex.internal.operators.flowable.FlowableOnBackpressureBuffer.subscribeActual(FlowableOnBackpressureBuffer.java:46)
	io.reactivex.Flowable.subscribe(Flowable.java:14935)
	io.reactivex.Flowable.subscribe(Flowable.java:14885)
	reactor.core.publisher.FluxSource.subscribe(FluxSource.java:65)
	reactor.core.publisher.Mono.subscribe(Mono.java:4208)
	reactor.core.publisher.Mono.block(Mono.java:1699)
	org.springframework.messaging.rsocket.DefaultRSocketRequesterTests.testSendFlux(DefaultRSocketRequesterTests.java:123)
	org.springframework.messaging.rsocket.DefaultRSocketRequesterTests.sendFlux(DefaultRSocketRequesterTests.java:111)
	sun.reflect.NativeMethodAccessorImpl.invoke0(Native Method)
	sun.reflect.NativeMethodAccessorImpl.invoke(NativeMethodAccessorImpl.java:62)
	sun.reflect.DelegatingMethodAccessorImpl.invoke(DelegatingMethodAccessorImpl.java:43)
	java.lang.reflect.Method.invoke(Method.java:498)
	org.junit.platform.commons.util.ReflectionUtils.invokeMethod(ReflectionUtils.java:686)
	org.junit.jupiter.engine.execution.MethodInvocation.proceed(MethodInvocation.java:60)
	org.junit.jupiter.engine.execution.InvocationInterceptorChain$ValidatingInvocation.proceed(InvocationInterceptorChain.java:131)
	org.junit.jupiter.engine.extension.TimeoutExtension.intercept(TimeoutExtension.java:149)
	org.junit.jupiter.engine.extension.TimeoutExtension.interceptTestableMethod(TimeoutExtension.java:140)
	org.junit.jupiter.engine.extension.TimeoutExtension.interceptTestMethod(TimeoutExtension.java:84)
	org.junit.jupiter.engine.execution.ExecutableInvoker$ReflectiveInterceptorCall.lambda$ofVoidMethod$0(ExecutableInvoker.java:115)
	org.junit.jupiter.engine.execution.ExecutableInvoker.lambda$invoke$0(ExecutableInvoker.java:105)
	org.junit.jupiter.engine.execution.InvocationInterceptorChain$InterceptedInvocation.proceed(InvocationInterceptorChain.java:106)
	org.junit.jupiter.engine.execution.InvocationInterceptorChain.proceed(InvocationInterceptorChain.java:64)
	org.junit.jupiter.engine.execution.InvocationInterceptorChain.chainAndInvoke(InvocationInterceptorChain.java:45)
	org.junit.jupiter.engine.execution.InvocationInterceptorChain.invoke(InvocationInterceptorChain.java:37)
	org.junit.jupiter.engine.execution.ExecutableInvoker.invoke(ExecutableInvoker.java:104)
	org.junit.jupiter.engine.execution.ExecutableInvoker.invoke(ExecutableInvoker.java:98)
	org.junit.jupiter.engine.descriptor.TestMethodTestDescriptor.lambda$invokeTestMethod$6(TestMethodTestDescriptor.java:212)
	org.junit.platform.engine.support.hierarchical.ThrowableCollector.execute(ThrowableCollector.java:73)
	org.junit.jupiter.engine.descriptor.TestMethodTestDescriptor.invokeTestMethod(TestMethodTestDescriptor.java:208)
	org.junit.jupiter.engine.descriptor.TestMethodTestDescriptor.execute(TestMethodTestDescriptor.java:137)
	org.junit.jupiter.engine.descriptor.TestMethodTestDescriptor.execute(TestMethodTestDescriptor.java:71)
	org.junit.platform.engine.support.hierarchical.NodeTestTask.lambda$executeRecursively$5(NodeTestTask.java:135)
	org.junit.platform.engine.support.hierarchical.ThrowableCollector.execute(ThrowableCollector.java:73)
	org.junit.platform.engine.support.hierarchical.NodeTestTask.lambda$executeRecursively$7(NodeTestTask.java:125)
	org.junit.platform.engine.support.hierarchical.Node.around(Node.java:135)
	org.junit.platform.engine.support.hierarchical.NodeTestTask.lambda$executeRecursively$8(NodeTestTask.java:123)
	org.junit.platform.engine.support.hierarchical.ThrowableCollector.execute(ThrowableCollector.java:73)
	org.junit.platform.engine.support.hierarchical.NodeTestTask.executeRecursively(NodeTestTask.java:122)
	org.junit.platform.engine.support.hierarchical.NodeTestTask.execute(NodeTestTask.java:80)
	java.util.ArrayList.forEach(ArrayList.java:1257)
	org.junit.platform.engine.support.hierarchical.SameThreadHierarchicalTestExecutorService.invokeAll(SameThreadHierarchicalTestExecutorService.java:38)
	org.junit.platform.engine.support.hierarchical.NodeTestTask.lambda$executeRecursively$5(NodeTestTask.java:139)
	org.junit.platform.engine.support.hierarchical.ThrowableCollector.execute(ThrowableCollector.java:73)
	org.junit.platform.engine.support.hierarchical.NodeTestTask.lambda$executeRecursively$7(NodeTestTask.java:125)
	org.junit.platform.engine.support.hierarchical.Node.around(Node.java:135)
	org.junit.platform.engine.support.hierarchical.NodeTestTask.lambda$executeRecursively$8(NodeTestTask.java:123)
	org.junit.platform.engine.support.hierarchical.ThrowableCollector.execute(ThrowableCollector.java:73)
	org.junit.platform.engine.support.hierarchical.NodeTestTask.executeRecursively(NodeTestTask.java:122)
	org.junit.platform.engine.support.hierarchical.NodeTestTask.execute(NodeTestTask.java:80)
	java.util.ArrayList.forEach(ArrayList.java:1257)
	org.junit.platform.engine.support.hierarchical.SameThreadHierarchicalTestExecutorService.invokeAll(SameThreadHierarchicalTestExecutorService.java:38)
	org.junit.platform.engine.support.hierarchical.NodeTestTask.lambda$executeRecursively$5(NodeTestTask.java:139)
	org.junit.platform.engine.support.hierarchical.ThrowableCollector.execute(ThrowableCollector.java:73)
	org.junit.platform.engine.support.hierarchical.NodeTestTask.lambda$executeRecursively$7(NodeTestTask.java:125)
	org.junit.platform.engine.support.hierarchical.Node.around(Node.java:135)
	org.junit.platform.engine.support.hierarchical.NodeTestTask.lambda$executeRecursively$8(NodeTestTask.java:123)
	org.junit.platform.engine.support.hierarchical.ThrowableCollector.execute(ThrowableCollector.java:73)
	org.junit.platform.engine.support.hierarchical.NodeTestTask.executeRecursively(NodeTestTask.java:122)
	org.junit.platform.engine.support.hierarchical.NodeTestTask.execute(NodeTestTask.java:80)
	org.junit.platform.engine.support.hierarchical.SameThreadHierarchicalTestExecutorService.submit(SameThreadHierarchicalTestExecutorService.java:32)
	org.junit.platform.engine.support.hierarchical.HierarchicalTestExecutor.execute(HierarchicalTestExecutor.java:57)
	org.junit.platform.engine.support.hierarchical.HierarchicalTestEngine.execute(HierarchicalTestEngine.java:51)
	org.junit.platform.launcher.core.DefaultLauncher.execute(DefaultLauncher.java:248)
	org.junit.platform.launcher.core.DefaultLauncher.lambda$execute$5(DefaultLauncher.java:211)
	org.junit.platform.launcher.core.DefaultLauncher.withInterceptedStreams(DefaultLauncher.java:226)
	org.junit.platform.launcher.core.DefaultLauncher.execute(DefaultLauncher.java:199)
	org.junit.platform.launcher.core.DefaultLauncher.execute(DefaultLauncher.java:132)
	org.gradle.api.internal.tasks.testing.junitplatform.JUnitPlatformTestClassProcessor$CollectAllTestClassesExecutor.processAllTestClasses(JUnitPlatformTestClassProcessor.java:102)
	org.gradle.api.internal.tasks.testing.junitplatform.JUnitPlatformTestClassProcessor$CollectAllTestClassesExecutor.access$000(JUnitPlatformTestClassProcessor.java:82)
	org.gradle.api.internal.tasks.testing.junitplatform.JUnitPlatformTestClassProcessor.stop(JUnitPlatformTestClassProcessor.java:78)
	org.gradle.api.internal.tasks.testing.SuiteTestClassProcessor.stop(SuiteTestClassProcessor.java:61)
	sun.reflect.NativeMethodAccessorImpl.invoke0(Native Method)
	sun.reflect.NativeMethodAccessorImpl.invoke(NativeMethodAccessorImpl.java:62)
	sun.reflect.DelegatingMethodAccessorImpl.invoke(DelegatingMethodAccessorImpl.java:43)
	java.lang.reflect.Method.invoke(Method.java:498)
	org.gradle.internal.dispatch.ReflectionDispatch.dispatch(ReflectionDispatch.java:36)
	org.gradle.internal.dispatch.ReflectionDispatch.dispatch(ReflectionDispatch.java:24)
	org.gradle.internal.dispatch.ContextClassLoaderDispatch.dispatch(ContextClassLoaderDispatch.java:33)
	org.gradle.internal.dispatch.ProxyDispatchAdapter$DispatchingInvocationHandler.invoke(ProxyDispatchAdapter.java:94)
	com.sun.proxy.$Proxy2.stop(Unknown Source)
	org.gradle.api.internal.tasks.testing.worker.TestWorker.stop(TestWorker.java:132)
	sun.reflect.NativeMethodAccessorImpl.invoke0(Native Method)
	sun.reflect.NativeMethodAccessorImpl.invoke(NativeMethodAccessorImpl.java:62)
	sun.reflect.DelegatingMethodAccessorImpl.invoke(DelegatingMethodAccessorImpl.java:43)
	java.lang.reflect.Method.invoke(Method.java:498)
	org.gradle.internal.dispatch.ReflectionDispatch.dispatch(ReflectionDispatch.java:36)
	org.gradle.internal.dispatch.ReflectionDispatch.dispatch(ReflectionDispatch.java:24)
	org.gradle.internal.remote.internal.hub.MessageHubBackedObjectConnection$DispatchWrapper.dispatch(MessageHubBackedObjectConnection.java:182)
	org.gradle.internal.remote.internal.hub.MessageHubBackedObjectConnection$DispatchWrapper.dispatch(MessageHubBackedObjectConnection.java:164)
	org.gradle.internal.remote.internal.hub.MessageHub$Handler.run(MessageHub.java:412)
	org.gradle.internal.concurrent.ExecutorPolicy$CatchAndRecordFailures.onExecute(ExecutorPolicy.java:64)
	org.gradle.internal.concurrent.ManagedExecutorImpl$1.run(ManagedExecutorImpl.java:48)
	java.util.concurrent.ThreadPoolExecutor.runWorker(ThreadPoolExecutor.java:1149)
	java.util.concurrent.ThreadPoolExecutor$Worker.run(ThreadPoolExecutor.java:624)
	org.gradle.internal.concurrent.ThreadFactoryImpl$ManagedThreadRunnable.run(ThreadFactoryImpl.java:56)
	java.lang.Thread.run(Thread.java:748)
22:22:58.689 [Test worker] ERROR i.n.u.ResourceLeakDetector - LEAK: ByteBuf.release() was not called before it's garbage-collected. See https://netty.io/wiki/reference-counted-objects.html for more information.
Recent access records: 
#1:
	io.netty.buffer.AdvancedLeakAwareByteBuf.toString(AdvancedLeakAwareByteBuf.java:742)
	io.rsocket.Payload.getDataUtf8(Payload.java:102)
	org.springframework.messaging.rsocket.DefaultRSocketRequesterTests.testSendMono(DefaultRSocketRequesterTests.java:99)
	org.springframework.messaging.rsocket.DefaultRSocketRequesterTests.sendMono(DefaultRSocketRequesterTests.java:90)
	sun.reflect.NativeMethodAccessorImpl.invoke0(Native Method)
	sun.reflect.NativeMethodAccessorImpl.invoke(NativeMethodAccessorImpl.java:62)
	sun.reflect.DelegatingMethodAccessorImpl.invoke(DelegatingMethodAccessorImpl.java:43)
	java.lang.reflect.Method.invoke(Method.java:498)
	org.junit.platform.commons.util.ReflectionUtils.invokeMethod(ReflectionUtils.java:686)
	org.junit.jupiter.engine.execution.MethodInvocation.proceed(MethodInvocation.java:60)
	org.junit.jupiter.engine.execution.InvocationInterceptorChain$ValidatingInvocation.proceed(InvocationInterceptorChain.java:131)
	org.junit.jupiter.engine.extension.TimeoutExtension.intercept(TimeoutExtension.java:149)
	org.junit.jupiter.engine.extension.TimeoutExtension.interceptTestableMethod(TimeoutExtension.java:140)
	org.junit.jupiter.engine.extension.TimeoutExtension.interceptTestMethod(TimeoutExtension.java:84)
	org.junit.jupiter.engine.execution.ExecutableInvoker$ReflectiveInterceptorCall.lambda$ofVoidMethod$0(ExecutableInvoker.java:115)
	org.junit.jupiter.engine.execution.ExecutableInvoker.lambda$invoke$0(ExecutableInvoker.java:105)
	org.junit.jupiter.engine.execution.InvocationInterceptorChain$InterceptedInvocation.proceed(InvocationInterceptorChain.java:106)
	org.junit.jupiter.engine.execution.InvocationInterceptorChain.proceed(InvocationInterceptorChain.java:64)
	org.junit.jupiter.engine.execution.InvocationInterceptorChain.chainAndInvoke(InvocationInterceptorChain.java:45)
	org.junit.jupiter.engine.execution.InvocationInterceptorChain.invoke(InvocationInterceptorChain.java:37)
	org.junit.jupiter.engine.execution.ExecutableInvoker.invoke(ExecutableInvoker.java:104)
	org.junit.jupiter.engine.execution.ExecutableInvoker.invoke(ExecutableInvoker.java:98)
	org.junit.jupiter.engine.descriptor.TestMethodTestDescriptor.lambda$invokeTestMethod$6(TestMethodTestDescriptor.java:212)
	org.junit.platform.engine.support.hierarchical.ThrowableCollector.execute(ThrowableCollector.java:73)
	org.junit.jupiter.engine.descriptor.TestMethodTestDescriptor.invokeTestMethod(TestMethodTestDescriptor.java:208)
	org.junit.jupiter.engine.descriptor.TestMethodTestDescriptor.execute(TestMethodTestDescriptor.java:137)
	org.junit.jupiter.engine.descriptor.TestMethodTestDescriptor.execute(TestMethodTestDescriptor.java:71)
	org.junit.platform.engine.support.hierarchical.NodeTestTask.lambda$executeRecursively$5(NodeTestTask.java:135)
	org.junit.platform.engine.support.hierarchical.ThrowableCollector.execute(ThrowableCollector.java:73)
	org.junit.platform.engine.support.hierarchical.NodeTestTask.lambda$executeRecursively$7(NodeTestTask.java:125)
	org.junit.platform.engine.support.hierarchical.Node.around(Node.java:135)
	org.junit.platform.engine.support.hierarchical.NodeTestTask.lambda$executeRecursively$8(NodeTestTask.java:123)
	org.junit.platform.engine.support.hierarchical.ThrowableCollector.execute(ThrowableCollector.java:73)
	org.junit.platform.engine.support.hierarchical.NodeTestTask.executeRecursively(NodeTestTask.java:122)
	org.junit.platform.engine.support.hierarchical.NodeTestTask.execute(NodeTestTask.java:80)
	java.util.ArrayList.forEach(ArrayList.java:1257)
	org.junit.platform.engine.support.hierarchical.SameThreadHierarchicalTestExecutorService.invokeAll(SameThreadHierarchicalTestExecutorService.java:38)
	org.junit.platform.engine.support.hierarchical.NodeTestTask.lambda$executeRecursively$5(NodeTestTask.java:139)
	org.junit.platform.engine.support.hierarchical.ThrowableCollector.execute(ThrowableCollector.java:73)
	org.junit.platform.engine.support.hierarchical.NodeTestTask.lambda$executeRecursively$7(NodeTestTask.java:125)
	org.junit.platform.engine.support.hierarchical.Node.around(Node.java:135)
	org.junit.platform.engine.support.hierarchical.NodeTestTask.lambda$executeRecursively$8(NodeTestTask.java:123)
	org.junit.platform.engine.support.hierarchical.ThrowableCollector.execute(ThrowableCollector.java:73)
	org.junit.platform.engine.support.hierarchical.NodeTestTask.executeRecursively(NodeTestTask.java:122)
	org.junit.platform.engine.support.hierarchical.NodeTestTask.execute(NodeTestTask.java:80)
	java.util.ArrayList.forEach(ArrayList.java:1257)
	org.junit.platform.engine.support.hierarchical.SameThreadHierarchicalTestExecutorService.invokeAll(SameThreadHierarchicalTestExecutorService.java:38)
	org.junit.platform.engine.support.hierarchical.NodeTestTask.lambda$executeRecursively$5(NodeTestTask.java:139)
	org.junit.platform.engine.support.hierarchical.ThrowableCollector.execute(ThrowableCollector.java:73)
	org.junit.platform.engine.support.hierarchical.NodeTestTask.lambda$executeRecursively$7(NodeTestTask.java:125)
	org.junit.platform.engine.support.hierarchical.Node.around(Node.java:135)
	org.junit.platform.engine.support.hierarchical.NodeTestTask.lambda$executeRecursively$8(NodeTestTask.java:123)
	org.junit.platform.engine.support.hierarchical.ThrowableCollector.execute(ThrowableCollector.java:73)
	org.junit.platform.engine.support.hierarchical.NodeTestTask.executeRecursively(NodeTestTask.java:122)
	org.junit.platform.engine.support.hierarchical.NodeTestTask.execute(NodeTestTask.java:80)
	org.junit.platform.engine.support.hierarchical.SameThreadHierarchicalTestExecutorService.submit(SameThreadHierarchicalTestExecutorService.java:32)
	org.junit.platform.engine.support.hierarchical.HierarchicalTestExecutor.execute(HierarchicalTestExecutor.java:57)
	org.junit.platform.engine.support.hierarchical.HierarchicalTestEngine.execute(HierarchicalTestEngine.java:51)
	org.junit.platform.launcher.core.DefaultLauncher.execute(DefaultLauncher.java:248)
	org.junit.platform.launcher.core.DefaultLauncher.lambda$execute$5(DefaultLauncher.java:211)
	org.junit.platform.launcher.core.DefaultLauncher.withInterceptedStreams(DefaultLauncher.java:226)
	org.junit.platform.launcher.core.DefaultLauncher.execute(DefaultLauncher.java:199)
	org.junit.platform.launcher.core.DefaultLauncher.execute(DefaultLauncher.java:132)
	org.gradle.api.internal.tasks.testing.junitplatform.JUnitPlatformTestClassProcessor$CollectAllTestClassesExecutor.processAllTestClasses(JUnitPlatformTestClassProcessor.java:102)
	org.gradle.api.internal.tasks.testing.junitplatform.JUnitPlatformTestClassProcessor$CollectAllTestClassesExecutor.access$000(JUnitPlatformTestClassProcessor.java:82)
	org.gradle.api.internal.tasks.testing.junitplatform.JUnitPlatformTestClassProcessor.stop(JUnitPlatformTestClassProcessor.java:78)
	org.gradle.api.internal.tasks.testing.SuiteTestClassProcessor.stop(SuiteTestClassProcessor.java:61)
	sun.reflect.NativeMethodAccessorImpl.invoke0(Native Method)
	sun.reflect.NativeMethodAccessorImpl.invoke(NativeMethodAccessorImpl.java:62)
	sun.reflect.DelegatingMethodAccessorImpl.invoke(DelegatingMethodAccessorImpl.java:43)
	java.lang.reflect.Method.invoke(Method.java:498)
	org.gradle.internal.dispatch.ReflectionDispatch.dispatch(ReflectionDispatch.java:36)
	org.gradle.internal.dispatch.ReflectionDispatch.dispatch(ReflectionDispatch.java:24)
	org.gradle.internal.dispatch.ContextClassLoaderDispatch.dispatch(ContextClassLoaderDispatch.java:33)
	org.gradle.internal.dispatch.ProxyDispatchAdapter$DispatchingInvocationHandler.invoke(ProxyDispatchAdapter.java:94)
	com.sun.proxy.$Proxy2.stop(Unknown Source)
	org.gradle.api.internal.tasks.testing.worker.TestWorker.stop(TestWorker.java:132)
	sun.reflect.NativeMethodAccessorImpl.invoke0(Native Method)
	sun.reflect.NativeMethodAccessorImpl.invoke(NativeMethodAccessorImpl.java:62)
	sun.reflect.DelegatingMethodAccessorImpl.invoke(DelegatingMethodAccessorImpl.java:43)
	java.lang.reflect.Method.invoke(Method.java:498)
	org.gradle.internal.dispatch.ReflectionDispatch.dispatch(ReflectionDispatch.java:36)
	org.gradle.internal.dispatch.ReflectionDispatch.dispatch(ReflectionDispatch.java:24)
	org.gradle.internal.remote.internal.hub.MessageHubBackedObjectConnection$DispatchWrapper.dispatch(MessageHubBackedObjectConnection.java:182)
	org.gradle.internal.remote.internal.hub.MessageHubBackedObjectConnection$DispatchWrapper.dispatch(MessageHubBackedObjectConnection.java:164)
	org.gradle.internal.remote.internal.hub.MessageHub$Handler.run(MessageHub.java:412)
	org.gradle.internal.concurrent.ExecutorPolicy$CatchAndRecordFailures.onExecute(ExecutorPolicy.java:64)
	org.gradle.internal.concurrent.ManagedExecutorImpl$1.run(ManagedExecutorImpl.java:48)
	java.util.concurrent.ThreadPoolExecutor.runWorker(ThreadPoolExecutor.java:1149)
	java.util.concurrent.ThreadPoolExecutor$Worker.run(ThreadPoolExecutor.java:624)
	org.gradle.internal.concurrent.ThreadFactoryImpl$ManagedThreadRunnable.run(ThreadFactoryImpl.java:56)
	java.lang.Thread.run(Thread.java:748)
#2:
	io.netty.buffer.AdvancedLeakAwareByteBuf.slice(AdvancedLeakAwareByteBuf.java:76)
	io.rsocket.util.ByteBufPayload.sliceData(ByteBufPayload.java:149)
	io.rsocket.Payload.getDataUtf8(Payload.java:102)
	org.springframework.messaging.rsocket.DefaultRSocketRequesterTests.testSendMono(DefaultRSocketRequesterTests.java:99)
	org.springframework.messaging.rsocket.DefaultRSocketRequesterTests.sendMono(DefaultRSocketRequesterTests.java:90)
	sun.reflect.NativeMethodAccessorImpl.invoke0(Native Method)
	sun.reflect.NativeMethodAccessorImpl.invoke(NativeMethodAccessorImpl.java:62)
	sun.reflect.DelegatingMethodAccessorImpl.invoke(DelegatingMethodAccessorImpl.java:43)
	java.lang.reflect.Method.invoke(Method.java:498)
	org.junit.platform.commons.util.ReflectionUtils.invokeMethod(ReflectionUtils.java:686)
	org.junit.jupiter.engine.execution.MethodInvocation.proceed(MethodInvocation.java:60)
	org.junit.jupiter.engine.execution.InvocationInterceptorChain$ValidatingInvocation.proceed(InvocationInterceptorChain.java:131)
	org.junit.jupiter.engine.extension.TimeoutExtension.intercept(TimeoutExtension.java:149)
	org.junit.jupiter.engine.extension.TimeoutExtension.interceptTestableMethod(TimeoutExtension.java:140)
	org.junit.jupiter.engine.extension.TimeoutExtension.interceptTestMethod(TimeoutExtension.java:84)
	org.junit.jupiter.engine.execution.ExecutableInvoker$ReflectiveInterceptorCall.lambda$ofVoidMethod$0(ExecutableInvoker.java:115)
	org.junit.jupiter.engine.execution.ExecutableInvoker.lambda$invoke$0(ExecutableInvoker.java:105)
	org.junit.jupiter.engine.execution.InvocationInterceptorChain$InterceptedInvocation.proceed(InvocationInterceptorChain.java:106)
	org.junit.jupiter.engine.execution.InvocationInterceptorChain.proceed(InvocationInterceptorChain.java:64)
	org.junit.jupiter.engine.execution.InvocationInterceptorChain.chainAndInvoke(InvocationInterceptorChain.java:45)
	org.junit.jupiter.engine.execution.InvocationInterceptorChain.invoke(InvocationInterceptorChain.java:37)
	org.junit.jupiter.engine.execution.ExecutableInvoker.invoke(ExecutableInvoker.java:104)
	org.junit.jupiter.engine.execution.ExecutableInvoker.invoke(ExecutableInvoker.java:98)
	org.junit.jupiter.engine.descriptor.TestMethodTestDescriptor.lambda$invokeTestMethod$6(TestMethodTestDescriptor.java:212)
	org.junit.platform.engine.support.hierarchical.ThrowableCollector.execute(ThrowableCollector.java:73)
	org.junit.jupiter.engine.descriptor.TestMethodTestDescriptor.invokeTestMethod(TestMethodTestDescriptor.java:208)
	org.junit.jupiter.engine.descriptor.TestMethodTestDescriptor.execute(TestMethodTestDescriptor.java:137)
	org.junit.jupiter.engine.descriptor.TestMethodTestDescriptor.execute(TestMethodTestDescriptor.java:71)
	org.junit.platform.engine.support.hierarchical.NodeTestTask.lambda$executeRecursively$5(NodeTestTask.java:135)
	org.junit.platform.engine.support.hierarchical.ThrowableCollector.execute(ThrowableCollector.java:73)
	org.junit.platform.engine.support.hierarchical.NodeTestTask.lambda$executeRecursively$7(NodeTestTask.java:125)
	org.junit.platform.engine.support.hierarchical.Node.around(Node.java:135)
	org.junit.platform.engine.support.hierarchical.NodeTestTask.lambda$executeRecursively$8(NodeTestTask.java:123)
	org.junit.platform.engine.support.hierarchical.ThrowableCollector.execute(ThrowableCollector.java:73)
	org.junit.platform.engine.support.hierarchical.NodeTestTask.executeRecursively(NodeTestTask.java:122)
	org.junit.platform.engine.support.hierarchical.NodeTestTask.execute(NodeTestTask.java:80)
	java.util.ArrayList.forEach(ArrayList.java:1257)
	org.junit.platform.engine.support.hierarchical.SameThreadHierarchicalTestExecutorService.invokeAll(SameThreadHierarchicalTestExecutorService.java:38)
	org.junit.platform.engine.support.hierarchical.NodeTestTask.lambda$executeRecursively$5(NodeTestTask.java:139)
	org.junit.platform.engine.support.hierarchical.ThrowableCollector.execute(ThrowableCollector.java:73)
	org.junit.platform.engine.support.hierarchical.NodeTestTask.lambda$executeRecursively$7(NodeTestTask.java:125)
	org.junit.platform.engine.support.hierarchical.Node.around(Node.java:135)
	org.junit.platform.engine.support.hierarchical.NodeTestTask.lambda$executeRecursively$8(NodeTestTask.java:123)
	org.junit.platform.engine.support.hierarchical.ThrowableCollector.execute(ThrowableCollector.java:73)
	org.junit.platform.engine.support.hierarchical.NodeTestTask.executeRecursively(NodeTestTask.java:122)
	org.junit.platform.engine.support.hierarchical.NodeTestTask.execute(NodeTestTask.java:80)
	java.util.ArrayList.forEach(ArrayList.java:1257)
	org.junit.platform.engine.support.hierarchical.SameThreadHierarchicalTestExecutorService.invokeAll(SameThreadHierarchicalTestExecutorService.java:38)
	org.junit.platform.engine.support.hierarchical.NodeTestTask.lambda$executeRecursively$5(NodeTestTask.java:139)
	org.junit.platform.engine.support.hierarchical.ThrowableCollector.execute(ThrowableCollector.java:73)
	org.junit.platform.engine.support.hierarchical.NodeTestTask.lambda$executeRecursively$7(NodeTestTask.java:125)
	org.junit.platform.engine.support.hierarchical.Node.around(Node.java:135)
	org.junit.platform.engine.support.hierarchical.NodeTestTask.lambda$executeRecursively$8(NodeTestTask.java:123)
	org.junit.platform.engine.support.hierarchical.ThrowableCollector.execute(ThrowableCollector.java:73)
	org.junit.platform.engine.support.hierarchical.NodeTestTask.executeRecursively(NodeTestTask.java:122)
	org.junit.platform.engine.support.hierarchical.NodeTestTask.execute(NodeTestTask.java:80)
	org.junit.platform.engine.support.hierarchical.SameThreadHierarchicalTestExecutorService.submit(SameThreadHierarchicalTestExecutorService.java:32)
	org.junit.platform.engine.support.hierarchical.HierarchicalTestExecutor.execute(HierarchicalTestExecutor.java:57)
	org.junit.platform.engine.support.hierarchical.HierarchicalTestEngine.execute(HierarchicalTestEngine.java:51)
	org.junit.platform.launcher.core.DefaultLauncher.execute(DefaultLauncher.java:248)
	org.junit.platform.launcher.core.DefaultLauncher.lambda$execute$5(DefaultLauncher.java:211)
	org.junit.platform.launcher.core.DefaultLauncher.withInterceptedStreams(DefaultLauncher.java:226)
	org.junit.platform.launcher.core.DefaultLauncher.execute(DefaultLauncher.java:199)
	org.junit.platform.launcher.core.DefaultLauncher.execute(DefaultLauncher.java:132)
	org.gradle.api.internal.tasks.testing.junitplatform.JUnitPlatformTestClassProcessor$CollectAllTestClassesExecutor.processAllTestClasses(JUnitPlatformTestClassProcessor.java:102)
	org.gradle.api.internal.tasks.testing.junitplatform.JUnitPlatformTestClassProcessor$CollectAllTestClassesExecutor.access$000(JUnitPlatformTestClassProcessor.java:82)
	org.gradle.api.internal.tasks.testing.junitplatform.JUnitPlatformTestClassProcessor.stop(JUnitPlatformTestClassProcessor.java:78)
	org.gradle.api.internal.tasks.testing.SuiteTestClassProcessor.stop(SuiteTestClassProcessor.java:61)
	sun.reflect.NativeMethodAccessorImpl.invoke0(Native Method)
	sun.reflect.NativeMethodAccessorImpl.invoke(NativeMethodAccessorImpl.java:62)
	sun.reflect.DelegatingMethodAccessorImpl.invoke(DelegatingMethodAccessorImpl.java:43)
	java.lang.reflect.Method.invoke(Method.java:498)
	org.gradle.internal.dispatch.ReflectionDispatch.dispatch(ReflectionDispatch.java:36)
	org.gradle.internal.dispatch.ReflectionDispatch.dispatch(ReflectionDispatch.java:24)
	org.gradle.internal.dispatch.ContextClassLoaderDispatch.dispatch(ContextClassLoaderDispatch.java:33)
	org.gradle.internal.dispatch.ProxyDispatchAdapter$DispatchingInvocationHandler.invoke(ProxyDispatchAdapter.java:94)
	com.sun.proxy.$Proxy2.stop(Unknown Source)
	org.gradle.api.internal.tasks.testing.worker.TestWorker.stop(TestWorker.java:132)
	sun.reflect.NativeMethodAccessorImpl.invoke0(Native Method)
	sun.reflect.NativeMethodAccessorImpl.invoke(NativeMethodAccessorImpl.java:62)
	sun.reflect.DelegatingMethodAccessorImpl.invoke(DelegatingMethodAccessorImpl.java:43)
	java.lang.reflect.Method.invoke(Method.java:498)
	org.gradle.internal.dispatch.ReflectionDispatch.dispatch(ReflectionDispatch.java:36)
	org.gradle.internal.dispatch.ReflectionDispatch.dispatch(ReflectionDispatch.java:24)
	org.gradle.internal.remote.internal.hub.MessageHubBackedObjectConnection$DispatchWrapper.dispatch(MessageHubBackedObjectConnection.java:182)
	org.gradle.internal.remote.internal.hub.MessageHubBackedObjectConnection$DispatchWrapper.dispatch(MessageHubBackedObjectConnection.java:164)
	org.gradle.internal.remote.internal.hub.MessageHub$Handler.run(MessageHub.java:412)
	org.gradle.internal.concurrent.ExecutorPolicy$CatchAndRecordFailures.onExecute(ExecutorPolicy.java:64)
	org.gradle.internal.concurrent.ManagedExecutorImpl$1.run(ManagedExecutorImpl.java:48)
	java.util.concurrent.ThreadPoolExecutor.runWorker(ThreadPoolExecutor.java:1149)
	java.util.concurrent.ThreadPoolExecutor$Worker.run(ThreadPoolExecutor.java:624)
	org.gradle.internal.concurrent.ThreadFactoryImpl$ManagedThreadRunnable.run(ThreadFactoryImpl.java:56)
	java.lang.Thread.run(Thread.java:748)
Created at:
	io.netty.buffer.PooledByteBufAllocator.newDirectBuffer(PooledByteBufAllocator.java:363)
	io.netty.buffer.AbstractByteBufAllocator.directBuffer(AbstractByteBufAllocator.java:187)
	io.netty.buffer.AbstractByteBufAllocator.directBuffer(AbstractByteBufAllocator.java:178)
	io.netty.buffer.AbstractByteBufAllocator.buffer(AbstractByteBufAllocator.java:115)
	org.springframework.core.io.buffer.NettyDataBufferFactory.allocateBuffer(NettyDataBufferFactory.java:71)
	org.springframework.core.io.buffer.NettyDataBufferFactory.allocateBuffer(NettyDataBufferFactory.java:39)
	org.springframework.core.codec.CharSequenceEncoder.encodeValue(CharSequenceEncoder.java:91)
	org.springframework.core.codec.CharSequenceEncoder.encodeValue(CharSequenceEncoder.java:47)
	org.springframework.messaging.rsocket.DefaultRSocketRequester$DefaultRequestSpec.encodeData(DefaultRSocketRequester.java:236)
	org.springframework.messaging.rsocket.DefaultRSocketRequester$DefaultRequestSpec.lambda$createPayload$1(DefaultRSocketRequester.java:206)
	reactor.core.publisher.FluxMap$MapSubscriber.onNext(FluxMap.java:100)
	reactor.core.publisher.FluxMap$MapSubscriber.onNext(FluxMap.java:114)
	reactor.core.publisher.MonoDelay$MonoDelayRunnable.run(MonoDelay.java:117)
	reactor.core.scheduler.SchedulerTask.call(SchedulerTask.java:68)
	reactor.core.scheduler.SchedulerTask.call(SchedulerTask.java:28)
	java.util.concurrent.FutureTask.run(FutureTask.java:266)
	java.util.concurrent.ScheduledThreadPoolExecutor$ScheduledFutureTask.access$201(ScheduledThreadPoolExecutor.java:180)
	java.util.concurrent.ScheduledThreadPoolExecutor$ScheduledFutureTask.run(ScheduledThreadPoolExecutor.java:293)
	java.util.concurrent.ThreadPoolExecutor.runWorker(ThreadPoolExecutor.java:1149)
	java.util.concurrent.ThreadPoolExecutor$Worker.run(ThreadPoolExecutor.java:624)
	java.lang.Thread.run(Thread.java:748)
22:22:58.691 [Test worker] ERROR i.n.u.ResourceLeakDetector - LEAK: ByteBuf.release() was not called before it's garbage-collected. See https://netty.io/wiki/reference-counted-objects.html for more information.
Recent access records: 
Created at:
	io.netty.buffer.PooledByteBufAllocator.newDirectBuffer(PooledByteBufAllocator.java:363)
	io.netty.buffer.AbstractByteBufAllocator.directBuffer(AbstractByteBufAllocator.java:187)
	io.netty.buffer.AbstractByteBufAllocator.directBuffer(AbstractByteBufAllocator.java:178)
	io.netty.buffer.AbstractByteBufAllocator.buffer(AbstractByteBufAllocator.java:115)
	org.springframework.core.io.buffer.NettyDataBufferFactory.allocateBuffer(NettyDataBufferFactory.java:71)
	org.springframework.core.io.buffer.NettyDataBufferFactory.allocateBuffer(NettyDataBufferFactory.java:39)
	org.springframework.core.codec.CharSequenceEncoder.encodeValue(CharSequenceEncoder.java:91)
	org.springframework.core.codec.CharSequenceEncoder.encodeValue(CharSequenceEncoder.java:47)
	org.springframework.messaging.rsocket.DefaultRSocketRequester$DefaultRequestSpec.encodeData(DefaultRSocketRequester.java:236)
	org.springframework.messaging.rsocket.DefaultRSocketRequester$DefaultRequestSpec.lambda$createPayload$0(DefaultRSocketRequester.java:190)
	reactor.core.publisher.MonoCallable.subscribe(MonoCallable.java:56)
	reactor.core.publisher.Mono.subscribe(Mono.java:4208)
	reactor.core.publisher.MonoZip.subscribe(MonoZip.java:128)
	reactor.core.publisher.Mono.subscribe(Mono.java:4208)
	reactor.test.DefaultStepVerifierBuilder$DefaultStepVerifier.toVerifierAndSubscribe(DefaultStepVerifierBuilder.java:868)
	reactor.test.DefaultStepVerifierBuilder$DefaultStepVerifier.verify(DefaultStepVerifierBuilder.java:824)
	org.springframework.messaging.rsocket.DefaultRSocketRequesterTests.retrieveMono(DefaultRSocketRequesterTests.java:184)
	sun.reflect.NativeMethodAccessorImpl.invoke0(Native Method)
	sun.reflect.NativeMethodAccessorImpl.invoke(NativeMethodAccessorImpl.java:62)
	sun.reflect.DelegatingMethodAccessorImpl.invoke(DelegatingMethodAccessorImpl.java:43)
	java.lang.reflect.Method.invoke(Method.java:498)
	org.junit.platform.commons.util.ReflectionUtils.invokeMethod(ReflectionUtils.java:686)
	org.junit.jupiter.engine.execution.MethodInvocation.proceed(MethodInvocation.java:60)
	org.junit.jupiter.engine.execution.InvocationInterceptorChain$ValidatingInvocation.proceed(InvocationInterceptorChain.java:131)
	org.junit.jupiter.engine.extension.TimeoutExtension.intercept(TimeoutExtension.java:149)
	org.junit.jupiter.engine.extension.TimeoutExtension.interceptTestableMethod(TimeoutExtension.java:140)
	org.junit.jupiter.engine.extension.TimeoutExtension.interceptTestMethod(TimeoutExtension.java:84)
	org.junit.jupiter.engine.execution.ExecutableInvoker$ReflectiveInterceptorCall.lambda$ofVoidMethod$0(ExecutableInvoker.java:115)
	org.junit.jupiter.engine.execution.ExecutableInvoker.lambda$invoke$0(ExecutableInvoker.java:105)
	org.junit.jupiter.engine.execution.InvocationInterceptorChain$InterceptedInvocation.proceed(InvocationInterceptorChain.java:106)
	org.junit.jupiter.engine.execution.InvocationInterceptorChain.proceed(InvocationInterceptorChain.java:64)
	org.junit.jupiter.engine.execution.InvocationInterceptorChain.chainAndInvoke(InvocationInterceptorChain.java:45)
	org.junit.jupiter.engine.execution.InvocationInterceptorChain.invoke(InvocationInterceptorChain.java:37)
	org.junit.jupiter.engine.execution.ExecutableInvoker.invoke(ExecutableInvoker.java:104)
	org.junit.jupiter.engine.execution.ExecutableInvoker.invoke(ExecutableInvoker.java:98)
	org.junit.jupiter.engine.descriptor.TestMethodTestDescriptor.lambda$invokeTestMethod$6(TestMethodTestDescriptor.java:212)
	org.junit.platform.engine.support.hierarchical.ThrowableCollector.execute(ThrowableCollector.java:73)
	org.junit.jupiter.engine.descriptor.TestMethodTestDescriptor.invokeTestMethod(TestMethodTestDescriptor.java:208)
	org.junit.jupiter.engine.descriptor.TestMethodTestDescriptor.execute(TestMethodTestDescriptor.java:137)
	org.junit.jupiter.engine.descriptor.TestMethodTestDescriptor.execute(TestMethodTestDescriptor.java:71)
	org.junit.platform.engine.support.hierarchical.NodeTestTask.lambda$executeRecursively$5(NodeTestTask.java:135)
	org.junit.platform.engine.support.hierarchical.ThrowableCollector.execute(ThrowableCollector.java:73)
	org.junit.platform.engine.support.hierarchical.NodeTestTask.lambda$executeRecursively$7(NodeTestTask.java:125)
	org.junit.platform.engine.support.hierarchical.Node.around(Node.java:135)
	org.junit.platform.engine.support.hierarchical.NodeTestTask.lambda$executeRecursively$8(NodeTestTask.java:123)
	org.junit.platform.engine.support.hierarchical.ThrowableCollector.execute(ThrowableCollector.java:73)
	org.junit.platform.engine.support.hierarchical.NodeTestTask.executeRecursively(NodeTestTask.java:122)
	org.junit.platform.engine.support.hierarchical.NodeTestTask.execute(NodeTestTask.java:80)
	java.util.ArrayList.forEach(ArrayList.java:1257)
	org.junit.platform.engine.support.hierarchical.SameThreadHierarchicalTestExecutorService.invokeAll(SameThreadHierarchicalTestExecutorService.java:38)
	org.junit.platform.engine.support.hierarchical.NodeTestTask.lambda$executeRecursively$5(NodeTestTask.java:139)
	org.junit.platform.engine.support.hierarchical.ThrowableCollector.execute(ThrowableCollector.java:73)
	org.junit.platform.engine.support.hierarchical.NodeTestTask.lambda$executeRecursively$7(NodeTestTask.java:125)
	org.junit.platform.engine.support.hierarchical.Node.around(Node.java:135)
	org.junit.platform.engine.support.hierarchical.NodeTestTask.lambda$executeRecursively$8(NodeTestTask.java:123)
	org.junit.platform.engine.support.hierarchical.ThrowableCollector.execute(ThrowableCollector.java:73)
	org.junit.platform.engine.support.hierarchical.NodeTestTask.executeRecursively(NodeTestTask.java:122)
	org.junit.platform.engine.support.hierarchical.NodeTestTask.execute(NodeTestTask.java:80)
	java.util.ArrayList.forEach(ArrayList.java:1257)
	org.junit.platform.engine.support.hierarchical.SameThreadHierarchicalTestExecutorService.invokeAll(SameThreadHierarchicalTestExecutorService.java:38)
	org.junit.platform.engine.support.hierarchical.NodeTestTask.lambda$executeRecursively$5(NodeTestTask.java:139)
	org.junit.platform.engine.support.hierarchical.ThrowableCollector.execute(ThrowableCollector.java:73)
	org.junit.platform.engine.support.hierarchical.NodeTestTask.lambda$executeRecursively$7(NodeTestTask.java:125)
	org.junit.platform.engine.support.hierarchical.Node.around(Node.java:135)
	org.junit.platform.engine.support.hierarchical.NodeTestTask.lambda$executeRecursively$8(NodeTestTask.java:123)
	org.junit.platform.engine.support.hierarchical.ThrowableCollector.execute(ThrowableCollector.java:73)
	org.junit.platform.engine.support.hierarchical.NodeTestTask.executeRecursively(NodeTestTask.java:122)
	org.junit.platform.engine.support.hierarchical.NodeTestTask.execute(NodeTestTask.java:80)
	org.junit.platform.engine.support.hierarchical.SameThreadHierarchicalTestExecutorService.submit(SameThreadHierarchicalTestExecutorService.java:32)
	org.junit.platform.engine.support.hierarchical.HierarchicalTestExecutor.execute(HierarchicalTestExecutor.java:57)
	org.junit.platform.engine.support.hierarchical.HierarchicalTestEngine.execute(HierarchicalTestEngine.java:51)
	org.junit.platform.launcher.core.DefaultLauncher.execute(DefaultLauncher.java:248)
	org.junit.platform.launcher.core.DefaultLauncher.lambda$execute$5(DefaultLauncher.java:211)
	org.junit.platform.launcher.core.DefaultLauncher.withInterceptedStreams(DefaultLauncher.java:226)
	org.junit.platform.launcher.core.DefaultLauncher.execute(DefaultLauncher.java:199)
	org.junit.platform.launcher.core.DefaultLauncher.execute(DefaultLauncher.java:132)
	org.gradle.api.internal.tasks.testing.junitplatform.JUnitPlatformTestClassProcessor$CollectAllTestClassesExecutor.processAllTestClasses(JUnitPlatformTestClassProcessor.java:102)
	org.gradle.api.internal.tasks.testing.junitplatform.JUnitPlatformTestClassProcessor$CollectAllTestClassesExecutor.access$000(JUnitPlatformTestClassProcessor.java:82)
	org.gradle.api.internal.tasks.testing.junitplatform.JUnitPlatformTestClassProcessor.stop(JUnitPlatformTestClassProcessor.java:78)
	org.gradle.api.internal.tasks.testing.SuiteTestClassProcessor.stop(SuiteTestClassProcessor.java:61)
	sun.reflect.NativeMethodAccessorImpl.invoke0(Native Method)
	sun.reflect.NativeMethodAccessorImpl.invoke(NativeMethodAccessorImpl.java:62)
	sun.reflect.DelegatingMethodAccessorImpl.invoke(DelegatingMethodAccessorImpl.java:43)
	java.lang.reflect.Method.invoke(Method.java:498)
	org.gradle.internal.dispatch.ReflectionDispatch.dispatch(ReflectionDispatch.java:36)
	org.gradle.internal.dispatch.ReflectionDispatch.dispatch(ReflectionDispatch.java:24)
	org.gradle.internal.dispatch.ContextClassLoaderDispatch.dispatch(ContextClassLoaderDispatch.java:33)
	org.gradle.internal.dispatch.ProxyDispatchAdapter$DispatchingInvocationHandler.invoke(ProxyDispatchAdapter.java:94)
	com.sun.proxy.$Proxy2.stop(Unknown Source)
	org.gradle.api.internal.tasks.testing.worker.TestWorker.stop(TestWorker.java:132)
	sun.reflect.NativeMethodAccessorImpl.invoke0(Native Method)
	sun.reflect.NativeMethodAccessorImpl.invoke(NativeMethodAccessorImpl.java:62)
	sun.reflect.DelegatingMethodAccessorImpl.invoke(DelegatingMethodAccessorImpl.java:43)
	java.lang.reflect.Method.invoke(Method.java:498)
	org.gradle.internal.dispatch.ReflectionDispatch.dispatch(ReflectionDispatch.java:36)
	org.gradle.internal.dispatch.ReflectionDispatch.dispatch(ReflectionDispatch.java:24)
	org.gradle.internal.remote.internal.hub.MessageHubBackedObjectConnection$DispatchWrapper.dispatch(MessageHubBackedObjectConnection.java:182)
	org.gradle.internal.remote.internal.hub.MessageHubBackedObjectConnection$DispatchWrapper.dispatch(MessageHubBackedObjectConnection.java:164)
	org.gradle.internal.remote.internal.hub.MessageHub$Handler.run(MessageHub.java:412)
	org.gradle.internal.concurrent.ExecutorPolicy$CatchAndRecordFailures.onExecute(ExecutorPolicy.java:64)
	org.gradle.internal.concurrent.ManagedExecutorImpl$1.run(ManagedExecutorImpl.java:48)
	java.util.concurrent.ThreadPoolExecutor.runWorker(ThreadPoolExecutor.java:1149)
	java.util.concurrent.ThreadPoolExecutor$Worker.run(ThreadPoolExecutor.java:624)
	org.gradle.internal.concurrent.ThreadFactoryImpl$ManagedThreadRunnable.run(ThreadFactoryImpl.java:56)
	java.lang.Thread.run(Thread.java:748)
22:22:58.695 [Test worker] ERROR i.n.u.ResourceLeakDetector - LEAK: ByteBuf.release() was not called before it's garbage-collected. See https://netty.io/wiki/reference-counted-objects.html for more information.
Recent access records: 
#1:
	io.netty.buffer.AdvancedLeakAwareByteBuf.toString(AdvancedLeakAwareByteBuf.java:742)
	io.rsocket.Payload.getMetadataUtf8(Payload.java:98)
	org.springframework.messaging.rsocket.DefaultRSocketRequesterTests.testSendMono(DefaultRSocketRequesterTests.java:98)
	org.springframework.messaging.rsocket.DefaultRSocketRequesterTests.sendMono(DefaultRSocketRequesterTests.java:83)
	sun.reflect.NativeMethodAccessorImpl.invoke0(Native Method)
	sun.reflect.NativeMethodAccessorImpl.invoke(NativeMethodAccessorImpl.java:62)
	sun.reflect.DelegatingMethodAccessorImpl.invoke(DelegatingMethodAccessorImpl.java:43)
	java.lang.reflect.Method.invoke(Method.java:498)
	org.junit.platform.commons.util.ReflectionUtils.invokeMethod(ReflectionUtils.java:686)
	org.junit.jupiter.engine.execution.MethodInvocation.proceed(MethodInvocation.java:60)
	org.junit.jupiter.engine.execution.InvocationInterceptorChain$ValidatingInvocation.proceed(InvocationInterceptorChain.java:131)
	org.junit.jupiter.engine.extension.TimeoutExtension.intercept(TimeoutExtension.java:149)
	org.junit.jupiter.engine.extension.TimeoutExtension.interceptTestableMethod(TimeoutExtension.java:140)
	org.junit.jupiter.engine.extension.TimeoutExtension.interceptTestMethod(TimeoutExtension.java:84)
	org.junit.jupiter.engine.execution.ExecutableInvoker$ReflectiveInterceptorCall.lambda$ofVoidMethod$0(ExecutableInvoker.java:115)
	org.junit.jupiter.engine.execution.ExecutableInvoker.lambda$invoke$0(ExecutableInvoker.java:105)
	org.junit.jupiter.engine.execution.InvocationInterceptorChain$InterceptedInvocation.proceed(InvocationInterceptorChain.java:106)
	org.junit.jupiter.engine.execution.InvocationInterceptorChain.proceed(InvocationInterceptorChain.java:64)
	org.junit.jupiter.engine.execution.InvocationInterceptorChain.chainAndInvoke(InvocationInterceptorChain.java:45)
	org.junit.jupiter.engine.execution.InvocationInterceptorChain.invoke(InvocationInterceptorChain.java:37)
	org.junit.jupiter.engine.execution.ExecutableInvoker.invoke(ExecutableInvoker.java:104)
	org.junit.jupiter.engine.execution.ExecutableInvoker.invoke(ExecutableInvoker.java:98)
	org.junit.jupiter.engine.descriptor.TestMethodTestDescriptor.lambda$invokeTestMethod$6(TestMethodTestDescriptor.java:212)
	org.junit.platform.engine.support.hierarchical.ThrowableCollector.execute(ThrowableCollector.java:73)
	org.junit.jupiter.engine.descriptor.TestMethodTestDescriptor.invokeTestMethod(TestMethodTestDescriptor.java:208)
	org.junit.jupiter.engine.descriptor.TestMethodTestDescriptor.execute(TestMethodTestDescriptor.java:137)
	org.junit.jupiter.engine.descriptor.TestMethodTestDescriptor.execute(TestMethodTestDescriptor.java:71)
	org.junit.platform.engine.support.hierarchical.NodeTestTask.lambda$executeRecursively$5(NodeTestTask.java:135)
	org.junit.platform.engine.support.hierarchical.ThrowableCollector.execute(ThrowableCollector.java:73)
	org.junit.platform.engine.support.hierarchical.NodeTestTask.lambda$executeRecursively$7(NodeTestTask.java:125)
	org.junit.platform.engine.support.hierarchical.Node.around(Node.java:135)
	org.junit.platform.engine.support.hierarchical.NodeTestTask.lambda$executeRecursively$8(NodeTestTask.java:123)
	org.junit.platform.engine.support.hierarchical.ThrowableCollector.execute(ThrowableCollector.java:73)
	org.junit.platform.engine.support.hierarchical.NodeTestTask.executeRecursively(NodeTestTask.java:122)
	org.junit.platform.engine.support.hierarchical.NodeTestTask.execute(NodeTestTask.java:80)
	java.util.ArrayList.forEach(ArrayList.java:1257)
	org.junit.platform.engine.support.hierarchical.SameThreadHierarchicalTestExecutorService.invokeAll(SameThreadHierarchicalTestExecutorService.java:38)
	org.junit.platform.engine.support.hierarchical.NodeTestTask.lambda$executeRecursively$5(NodeTestTask.java:139)
	org.junit.platform.engine.support.hierarchical.ThrowableCollector.execute(ThrowableCollector.java:73)
	org.junit.platform.engine.support.hierarchical.NodeTestTask.lambda$executeRecursively$7(NodeTestTask.java:125)
	org.junit.platform.engine.support.hierarchical.Node.around(Node.java:135)
	org.junit.platform.engine.support.hierarchical.NodeTestTask.lambda$executeRecursively$8(NodeTestTask.java:123)
	org.junit.platform.engine.support.hierarchical.ThrowableCollector.execute(ThrowableCollector.java:73)
	org.junit.platform.engine.support.hierarchical.NodeTestTask.executeRecursively(NodeTestTask.java:122)
	org.junit.platform.engine.support.hierarchical.NodeTestTask.execute(NodeTestTask.java:80)
	java.util.ArrayList.forEach(ArrayList.java:1257)
	org.junit.platform.engine.support.hierarchical.SameThreadHierarchicalTestExecutorService.invokeAll(SameThreadHierarchicalTestExecutorService.java:38)
	org.junit.platform.engine.support.hierarchical.NodeTestTask.lambda$executeRecursively$5(NodeTestTask.java:139)
	org.junit.platform.engine.support.hierarchical.ThrowableCollector.execute(ThrowableCollector.java:73)
	org.junit.platform.engine.support.hierarchical.NodeTestTask.lambda$executeRecursively$7(NodeTestTask.java:125)
	org.junit.platform.engine.support.hierarchical.Node.around(Node.java:135)
	org.junit.platform.engine.support.hierarchical.NodeTestTask.lambda$executeRecursively$8(NodeTestTask.java:123)
	org.junit.platform.engine.support.hierarchical.ThrowableCollector.execute(ThrowableCollector.java:73)
	org.junit.platform.engine.support.hierarchical.NodeTestTask.executeRecursively(NodeTestTask.java:122)
	org.junit.platform.engine.support.hierarchical.NodeTestTask.execute(NodeTestTask.java:80)
	org.junit.platform.engine.support.hierarchical.SameThreadHierarchicalTestExecutorService.submit(SameThreadHierarchicalTestExecutorService.java:32)
	org.junit.platform.engine.support.hierarchical.HierarchicalTestExecutor.execute(HierarchicalTestExecutor.java:57)
	org.junit.platform.engine.support.hierarchical.HierarchicalTestEngine.execute(HierarchicalTestEngine.java:51)
	org.junit.platform.launcher.core.DefaultLauncher.execute(DefaultLauncher.java:248)
	org.junit.platform.launcher.core.DefaultLauncher.lambda$execute$5(DefaultLauncher.java:211)
	org.junit.platform.launcher.core.DefaultLauncher.withInterceptedStreams(DefaultLauncher.java:226)
	org.junit.platform.launcher.core.DefaultLauncher.execute(DefaultLauncher.java:199)
	org.junit.platform.launcher.core.DefaultLauncher.execute(DefaultLauncher.java:132)
	org.gradle.api.internal.tasks.testing.junitplatform.JUnitPlatformTestClassProcessor$CollectAllTestClassesExecutor.processAllTestClasses(JUnitPlatformTestClassProcessor.java:102)
	org.gradle.api.internal.tasks.testing.junitplatform.JUnitPlatformTestClassProcessor$CollectAllTestClassesExecutor.access$000(JUnitPlatformTestClassProcessor.java:82)
	org.gradle.api.internal.tasks.testing.junitplatform.JUnitPlatformTestClassProcessor.stop(JUnitPlatformTestClassProcessor.java:78)
	org.gradle.api.internal.tasks.testing.SuiteTestClassProcessor.stop(SuiteTestClassProcessor.java:61)
	sun.reflect.NativeMethodAccessorImpl.invoke0(Native Method)
	sun.reflect.NativeMethodAccessorImpl.invoke(NativeMethodAccessorImpl.java:62)
	sun.reflect.DelegatingMethodAccessorImpl.invoke(DelegatingMethodAccessorImpl.java:43)
	java.lang.reflect.Method.invoke(Method.java:498)
	org.gradle.internal.dispatch.ReflectionDispatch.dispatch(ReflectionDispatch.java:36)
	org.gradle.internal.dispatch.ReflectionDispatch.dispatch(ReflectionDispatch.java:24)
	org.gradle.internal.dispatch.ContextClassLoaderDispatch.dispatch(ContextClassLoaderDispatch.java:33)
	org.gradle.internal.dispatch.ProxyDispatchAdapter$DispatchingInvocationHandler.invoke(ProxyDispatchAdapter.java:94)
	com.sun.proxy.$Proxy2.stop(Unknown Source)
	org.gradle.api.internal.tasks.testing.worker.TestWorker.stop(TestWorker.java:132)
	sun.reflect.NativeMethodAccessorImpl.invoke0(Native Method)
	sun.reflect.NativeMethodAccessorImpl.invoke(NativeMethodAccessorImpl.java:62)
	sun.reflect.DelegatingMethodAccessorImpl.invoke(DelegatingMethodAccessorImpl.java:43)
	java.lang.reflect.Method.invoke(Method.java:498)
	org.gradle.internal.dispatch.ReflectionDispatch.dispatch(ReflectionDispatch.java:36)
	org.gradle.internal.dispatch.ReflectionDispatch.dispatch(ReflectionDispatch.java:24)
	org.gradle.internal.remote.internal.hub.MessageHubBackedObjectConnection$DispatchWrapper.dispatch(MessageHubBackedObjectConnection.java:182)
	org.gradle.internal.remote.internal.hub.MessageHubBackedObjectConnection$DispatchWrapper.dispatch(MessageHubBackedObjectConnection.java:164)
	org.gradle.internal.remote.internal.hub.MessageHub$Handler.run(MessageHub.java:412)
	org.gradle.internal.concurrent.ExecutorPolicy$CatchAndRecordFailures.onExecute(ExecutorPolicy.java:64)
	org.gradle.internal.concurrent.ManagedExecutorImpl$1.run(ManagedExecutorImpl.java:48)
	java.util.concurrent.ThreadPoolExecutor.runWorker(ThreadPoolExecutor.java:1149)
	java.util.concurrent.ThreadPoolExecutor$Worker.run(ThreadPoolExecutor.java:624)
	org.gradle.internal.concurrent.ThreadFactoryImpl$ManagedThreadRunnable.run(ThreadFactoryImpl.java:56)
	java.lang.Thread.run(Thread.java:748)
#2:
	io.netty.buffer.AdvancedLeakAwareByteBuf.slice(AdvancedLeakAwareByteBuf.java:76)
	io.rsocket.util.ByteBufPayload.sliceMetadata(ByteBufPayload.java:134)
	io.rsocket.Payload.getMetadataUtf8(Payload.java:98)
	org.springframework.messaging.rsocket.DefaultRSocketRequesterTests.testSendMono(DefaultRSocketRequesterTests.java:98)
	org.springframework.messaging.rsocket.DefaultRSocketRequesterTests.sendMono(DefaultRSocketRequesterTests.java:83)
	sun.reflect.NativeMethodAccessorImpl.invoke0(Native Method)
	sun.reflect.NativeMethodAccessorImpl.invoke(NativeMethodAccessorImpl.java:62)
	sun.reflect.DelegatingMethodAccessorImpl.invoke(DelegatingMethodAccessorImpl.java:43)
	java.lang.reflect.Method.invoke(Method.java:498)
	org.junit.platform.commons.util.ReflectionUtils.invokeMethod(ReflectionUtils.java:686)
	org.junit.jupiter.engine.execution.MethodInvocation.proceed(MethodInvocation.java:60)
	org.junit.jupiter.engine.execution.InvocationInterceptorChain$ValidatingInvocation.proceed(InvocationInterceptorChain.java:131)
	org.junit.jupiter.engine.extension.TimeoutExtension.intercept(TimeoutExtension.java:149)
	org.junit.jupiter.engine.extension.TimeoutExtension.interceptTestableMethod(TimeoutExtension.java:140)
	org.junit.jupiter.engine.extension.TimeoutExtension.interceptTestMethod(TimeoutExtension.java:84)
	org.junit.jupiter.engine.execution.ExecutableInvoker$ReflectiveInterceptorCall.lambda$ofVoidMethod$0(ExecutableInvoker.java:115)
	org.junit.jupiter.engine.execution.ExecutableInvoker.lambda$invoke$0(ExecutableInvoker.java:105)
	org.junit.jupiter.engine.execution.InvocationInterceptorChain$InterceptedInvocation.proceed(InvocationInterceptorChain.java:106)
	org.junit.jupiter.engine.execution.InvocationInterceptorChain.proceed(InvocationInterceptorChain.java:64)
	org.junit.jupiter.engine.execution.InvocationInterceptorChain.chainAndInvoke(InvocationInterceptorChain.java:45)
	org.junit.jupiter.engine.execution.InvocationInterceptorChain.invoke(InvocationInterceptorChain.java:37)
	org.junit.jupiter.engine.execution.ExecutableInvoker.invoke(ExecutableInvoker.java:104)
	org.junit.jupiter.engine.execution.ExecutableInvoker.invoke(ExecutableInvoker.java:98)
	org.junit.jupiter.engine.descriptor.TestMethodTestDescriptor.lambda$invokeTestMethod$6(TestMethodTestDescriptor.java:212)
	org.junit.platform.engine.support.hierarchical.ThrowableCollector.execute(ThrowableCollector.java:73)
	org.junit.jupiter.engine.descriptor.TestMethodTestDescriptor.invokeTestMethod(TestMethodTestDescriptor.java:208)
	org.junit.jupiter.engine.descriptor.TestMethodTestDescriptor.execute(TestMethodTestDescriptor.java:137)
	org.junit.jupiter.engine.descriptor.TestMethodTestDescriptor.execute(TestMethodTestDescriptor.java:71)
	org.junit.platform.engine.support.hierarchical.NodeTestTask.lambda$executeRecursively$5(NodeTestTask.java:135)
	org.junit.platform.engine.support.hierarchical.ThrowableCollector.execute(ThrowableCollector.java:73)
	org.junit.platform.engine.support.hierarchical.NodeTestTask.lambda$executeRecursively$7(NodeTestTask.java:125)
	org.junit.platform.engine.support.hierarchical.Node.around(Node.java:135)
	org.junit.platform.engine.support.hierarchical.NodeTestTask.lambda$executeRecursively$8(NodeTestTask.java:123)
	org.junit.platform.engine.support.hierarchical.ThrowableCollector.execute(ThrowableCollector.java:73)
	org.junit.platform.engine.support.hierarchical.NodeTestTask.executeRecursively(NodeTestTask.java:122)
	org.junit.platform.engine.support.hierarchical.NodeTestTask.execute(NodeTestTask.java:80)
	java.util.ArrayList.forEach(ArrayList.java:1257)
	org.junit.platform.engine.support.hierarchical.SameThreadHierarchicalTestExecutorService.invokeAll(SameThreadHierarchicalTestExecutorService.java:38)
	org.junit.platform.engine.support.hierarchical.NodeTestTask.lambda$executeRecursively$5(NodeTestTask.java:139)
	org.junit.platform.engine.support.hierarchical.ThrowableCollector.execute(ThrowableCollector.java:73)
	org.junit.platform.engine.support.hierarchical.NodeTestTask.lambda$executeRecursively$7(NodeTestTask.java:125)
	org.junit.platform.engine.support.hierarchical.Node.around(Node.java:135)
	org.junit.platform.engine.support.hierarchical.NodeTestTask.lambda$executeRecursively$8(NodeTestTask.java:123)
	org.junit.platform.engine.support.hierarchical.ThrowableCollector.execute(ThrowableCollector.java:73)
	org.junit.platform.engine.support.hierarchical.NodeTestTask.executeRecursively(NodeTestTask.java:122)
	org.junit.platform.engine.support.hierarchical.NodeTestTask.execute(NodeTestTask.java:80)
	java.util.ArrayList.forEach(ArrayList.java:1257)
	org.junit.platform.engine.support.hierarchical.SameThreadHierarchicalTestExecutorService.invokeAll(SameThreadHierarchicalTestExecutorService.java:38)
	org.junit.platform.engine.support.hierarchical.NodeTestTask.lambda$executeRecursively$5(NodeTestTask.java:139)
	org.junit.platform.engine.support.hierarchical.ThrowableCollector.execute(ThrowableCollector.java:73)
	org.junit.platform.engine.support.hierarchical.NodeTestTask.lambda$executeRecursively$7(NodeTestTask.java:125)
	org.junit.platform.engine.support.hierarchical.Node.around(Node.java:135)
	org.junit.platform.engine.support.hierarchical.NodeTestTask.lambda$executeRecursively$8(NodeTestTask.java:123)
	org.junit.platform.engine.support.hierarchical.ThrowableCollector.execute(ThrowableCollector.java:73)
	org.junit.platform.engine.support.hierarchical.NodeTestTask.executeRecursively(NodeTestTask.java:122)
	org.junit.platform.engine.support.hierarchical.NodeTestTask.execute(NodeTestTask.java:80)
	org.junit.platform.engine.support.hierarchical.SameThreadHierarchicalTestExecutorService.submit(SameThreadHierarchicalTestExecutorService.java:32)
	org.junit.platform.engine.support.hierarchical.HierarchicalTestExecutor.execute(HierarchicalTestExecutor.java:57)
	org.junit.platform.engine.support.hierarchical.HierarchicalTestEngine.execute(HierarchicalTestEngine.java:51)
	org.junit.platform.launcher.core.DefaultLauncher.execute(DefaultLauncher.java:248)
	org.junit.platform.launcher.core.DefaultLauncher.lambda$execute$5(DefaultLauncher.java:211)
	org.junit.platform.launcher.core.DefaultLauncher.withInterceptedStreams(DefaultLauncher.java:226)
	org.junit.platform.launcher.core.DefaultLauncher.execute(DefaultLauncher.java:199)
	org.junit.platform.launcher.core.DefaultLauncher.execute(DefaultLauncher.java:132)
	org.gradle.api.internal.tasks.testing.junitplatform.JUnitPlatformTestClassProcessor$CollectAllTestClassesExecutor.processAllTestClasses(JUnitPlatformTestClassProcessor.java:102)
	org.gradle.api.internal.tasks.testing.junitplatform.JUnitPlatformTestClassProcessor$CollectAllTestClassesExecutor.access$000(JUnitPlatformTestClassProcessor.java:82)
	org.gradle.api.internal.tasks.testing.junitplatform.JUnitPlatformTestClassProcessor.stop(JUnitPlatformTestClassProcessor.java:78)
	org.gradle.api.internal.tasks.testing.SuiteTestClassProcessor.stop(SuiteTestClassProcessor.java:61)
	sun.reflect.NativeMethodAccessorImpl.invoke0(Native Method)
	sun.reflect.NativeMethodAccessorImpl.invoke(NativeMethodAccessorImpl.java:62)
	sun.reflect.DelegatingMethodAccessorImpl.invoke(DelegatingMethodAccessorImpl.java:43)
	java.lang.reflect.Method.invoke(Method.java:498)
	org.gradle.internal.dispatch.ReflectionDispatch.dispatch(ReflectionDispatch.java:36)
	org.gradle.internal.dispatch.ReflectionDispatch.dispatch(ReflectionDispatch.java:24)
	org.gradle.internal.dispatch.ContextClassLoaderDispatch.dispatch(ContextClassLoaderDispatch.java:33)
	org.gradle.internal.dispatch.ProxyDispatchAdapter$DispatchingInvocationHandler.invoke(ProxyDispatchAdapter.java:94)
	com.sun.proxy.$Proxy2.stop(Unknown Source)
	org.gradle.api.internal.tasks.testing.worker.TestWorker.stop(TestWorker.java:132)
	sun.reflect.NativeMethodAccessorImpl.invoke0(Native Method)
	sun.reflect.NativeMethodAccessorImpl.invoke(NativeMethodAccessorImpl.java:62)
	sun.reflect.DelegatingMethodAccessorImpl.invoke(DelegatingMethodAccessorImpl.java:43)
	java.lang.reflect.Method.invoke(Method.java:498)
	org.gradle.internal.dispatch.ReflectionDispatch.dispatch(ReflectionDispatch.java:36)
	org.gradle.internal.dispatch.ReflectionDispatch.dispatch(ReflectionDispatch.java:24)
	org.gradle.internal.remote.internal.hub.MessageHubBackedObjectConnection$DispatchWrapper.dispatch(MessageHubBackedObjectConnection.java:182)
	org.gradle.internal.remote.internal.hub.MessageHubBackedObjectConnection$DispatchWrapper.dispatch(MessageHubBackedObjectConnection.java:164)
	org.gradle.internal.remote.internal.hub.MessageHub$Handler.run(MessageHub.java:412)
	org.gradle.internal.concurrent.ExecutorPolicy$CatchAndRecordFailures.onExecute(ExecutorPolicy.java:64)
	org.gradle.internal.concurrent.ManagedExecutorImpl$1.run(ManagedExecutorImpl.java:48)
	java.util.concurrent.ThreadPoolExecutor.runWorker(ThreadPoolExecutor.java:1149)
	java.util.concurrent.ThreadPoolExecutor$Worker.run(ThreadPoolExecutor.java:624)
	org.gradle.internal.concurrent.ThreadFactoryImpl$ManagedThreadRunnable.run(ThreadFactoryImpl.java:56)
	java.lang.Thread.run(Thread.java:748)
Created at:
	io.netty.buffer.PooledByteBufAllocator.newDirectBuffer(PooledByteBufAllocator.java:363)
	io.netty.buffer.AbstractByteBufAllocator.directBuffer(AbstractByteBufAllocator.java:187)
	io.netty.buffer.AbstractByteBufAllocator.directBuffer(AbstractByteBufAllocator.java:178)
	io.netty.buffer.AbstractByteBufAllocator.buffer(AbstractByteBufAllocator.java:115)
	org.springframework.core.io.buffer.NettyDataBufferFactory.allocateBuffer(NettyDataBufferFactory.java:71)
	org.springframework.core.io.buffer.NettyDataBufferFactory.allocateBuffer(NettyDataBufferFactory.java:39)
	org.springframework.core.codec.CharSequenceEncoder.encodeValue(CharSequenceEncoder.java:91)
	org.springframework.core.codec.CharSequenceEncoder.encodeValue(CharSequenceEncoder.java:47)
	org.springframework.messaging.rsocket.MetadataEncoder.encodeEntry(MetadataEncoder.java:240)
	org.springframework.messaging.rsocket.MetadataEncoder.encodeEntries(MetadataEncoder.java:209)
	org.springframework.messaging.rsocket.MetadataEncoder.lambda$encode$1(MetadataEncoder.java:180)
	reactor.core.publisher.MonoCallable.subscribe(MonoCallable.java:56)
	reactor.core.publisher.Mono.subscribe(Mono.java:4208)
	reactor.core.publisher.MonoZip.subscribe(MonoZip.java:128)
	reactor.core.publisher.Mono.subscribe(Mono.java:4208)
	reactor.core.publisher.Mono.block(Mono.java:1699)
	org.springframework.messaging.rsocket.DefaultRSocketRequesterTests.testSendMono(DefaultRSocketRequesterTests.java:95)
	org.springframework.messaging.rsocket.DefaultRSocketRequesterTests.sendMono(DefaultRSocketRequesterTests.java:83)
	sun.reflect.NativeMethodAccessorImpl.invoke0(Native Method)
	sun.reflect.NativeMethodAccessorImpl.invoke(NativeMethodAccessorImpl.java:62)
	sun.reflect.DelegatingMethodAccessorImpl.invoke(DelegatingMethodAccessorImpl.java:43)
	java.lang.reflect.Method.invoke(Method.java:498)
	org.junit.platform.commons.util.ReflectionUtils.invokeMethod(ReflectionUtils.java:686)
	org.junit.jupiter.engine.execution.MethodInvocation.proceed(MethodInvocation.java:60)
	org.junit.jupiter.engine.execution.InvocationInterceptorChain$ValidatingInvocation.proceed(InvocationInterceptorChain.java:131)
	org.junit.jupiter.engine.extension.TimeoutExtension.intercept(TimeoutExtension.java:149)
	org.junit.jupiter.engine.extension.TimeoutExtension.interceptTestableMethod(TimeoutExtension.java:140)
	org.junit.jupiter.engine.extension.TimeoutExtension.interceptTestMethod(TimeoutExtension.java:84)
	org.junit.jupiter.engine.execution.ExecutableInvoker$ReflectiveInterceptorCall.lambda$ofVoidMethod$0(ExecutableInvoker.java:115)
	org.junit.jupiter.engine.execution.ExecutableInvoker.lambda$invoke$0(ExecutableInvoker.java:105)
	org.junit.jupiter.engine.execution.InvocationInterceptorChain$InterceptedInvocation.proceed(InvocationInterceptorChain.java:106)
	org.junit.jupiter.engine.execution.InvocationInterceptorChain.proceed(InvocationInterceptorChain.java:64)
	org.junit.jupiter.engine.execution.InvocationInterceptorChain.chainAndInvoke(InvocationInterceptorChain.java:45)
	org.junit.jupiter.engine.execution.InvocationInterceptorChain.invoke(InvocationInterceptorChain.java:37)
	org.junit.jupiter.engine.execution.ExecutableInvoker.invoke(ExecutableInvoker.java:104)
	org.junit.jupiter.engine.execution.ExecutableInvoker.invoke(ExecutableInvoker.java:98)
	org.junit.jupiter.engine.descriptor.TestMethodTestDescriptor.lambda$invokeTestMethod$6(TestMethodTestDescriptor.java:212)
	org.junit.platform.engine.support.hierarchical.ThrowableCollector.execute(ThrowableCollector.java:73)
	org.junit.jupiter.engine.descriptor.TestMethodTestDescriptor.invokeTestMethod(TestMethodTestDescriptor.java:208)
	org.junit.jupiter.engine.descriptor.TestMethodTestDescriptor.execute(TestMethodTestDescriptor.java:137)
	org.junit.jupiter.engine.descriptor.TestMethodTestDescriptor.execute(TestMethodTestDescriptor.java:71)
	org.junit.platform.engine.support.hierarchical.NodeTestTask.lambda$executeRecursively$5(NodeTestTask.java:135)
	org.junit.platform.engine.support.hierarchical.ThrowableCollector.execute(ThrowableCollector.java:73)
	org.junit.platform.engine.support.hierarchical.NodeTestTask.lambda$executeRecursively$7(NodeTestTask.java:125)
	org.junit.platform.engine.support.hierarchical.Node.around(Node.java:135)
	org.junit.platform.engine.support.hierarchical.NodeTestTask.lambda$executeRecursively$8(NodeTestTask.java:123)
	org.junit.platform.engine.support.hierarchical.ThrowableCollector.execute(ThrowableCollector.java:73)
	org.junit.platform.engine.support.hierarchical.NodeTestTask.executeRecursively(NodeTestTask.java:122)
	org.junit.platform.engine.support.hierarchical.NodeTestTask.execute(NodeTestTask.java:80)
	java.util.ArrayList.forEach(ArrayList.java:1257)
	org.junit.platform.engine.support.hierarchical.SameThreadHierarchicalTestExecutorService.invokeAll(SameThreadHierarchicalTestExecutorService.java:38)
	org.junit.platform.engine.support.hierarchical.NodeTestTask.lambda$executeRecursively$5(NodeTestTask.java:139)
	org.junit.platform.engine.support.hierarchical.ThrowableCollector.execute(ThrowableCollector.java:73)
	org.junit.platform.engine.support.hierarchical.NodeTestTask.lambda$executeRecursively$7(NodeTestTask.java:125)
	org.junit.platform.engine.support.hierarchical.Node.around(Node.java:135)
	org.junit.platform.engine.support.hierarchical.NodeTestTask.lambda$executeRecursively$8(NodeTestTask.java:123)
	org.junit.platform.engine.support.hierarchical.ThrowableCollector.execute(ThrowableCollector.java:73)
	org.junit.platform.engine.support.hierarchical.NodeTestTask.executeRecursively(NodeTestTask.java:122)
	org.junit.platform.engine.support.hierarchical.NodeTestTask.execute(NodeTestTask.java:80)
	java.util.ArrayList.forEach(ArrayList.java:1257)
	org.junit.platform.engine.support.hierarchical.SameThreadHierarchicalTestExecutorService.invokeAll(SameThreadHierarchicalTestExecutorService.java:38)
	org.junit.platform.engine.support.hierarchical.NodeTestTask.lambda$executeRecursively$5(NodeTestTask.java:139)
	org.junit.platform.engine.support.hierarchical.ThrowableCollector.execute(ThrowableCollector.java:73)
	org.junit.platform.engine.support.hierarchical.NodeTestTask.lambda$executeRecursively$7(NodeTestTask.java:125)
	org.junit.platform.engine.support.hierarchical.Node.around(Node.java:135)
	org.junit.platform.engine.support.hierarchical.NodeTestTask.lambda$executeRecursively$8(NodeTestTask.java:123)
	org.junit.platform.engine.support.hierarchical.ThrowableCollector.execute(ThrowableCollector.java:73)
	org.junit.platform.engine.support.hierarchical.NodeTestTask.executeRecursively(NodeTestTask.java:122)
	org.junit.platform.engine.support.hierarchical.NodeTestTask.execute(NodeTestTask.java:80)
	org.junit.platform.engine.support.hierarchical.SameThreadHierarchicalTestExecutorService.submit(SameThreadHierarchicalTestExecutorService.java:32)
	org.junit.platform.engine.support.hierarchical.HierarchicalTestExecutor.execute(HierarchicalTestExecutor.java:57)
	org.junit.platform.engine.support.hierarchical.HierarchicalTestEngine.execute(HierarchicalTestEngine.java:51)
	org.junit.platform.launcher.core.DefaultLauncher.execute(DefaultLauncher.java:248)
	org.junit.platform.launcher.core.DefaultLauncher.lambda$execute$5(DefaultLauncher.java:211)
	org.junit.platform.launcher.core.DefaultLauncher.withInterceptedStreams(DefaultLauncher.java:226)
	org.junit.platform.launcher.core.DefaultLauncher.execute(DefaultLauncher.java:199)
	org.junit.platform.launcher.core.DefaultLauncher.execute(DefaultLauncher.java:132)
	org.gradle.api.internal.tasks.testing.junitplatform.JUnitPlatformTestClassProcessor$CollectAllTestClassesExecutor.processAllTestClasses(JUnitPlatformTestClassProcessor.java:102)
	org.gradle.api.internal.tasks.testing.junitplatform.JUnitPlatformTestClassProcessor$CollectAllTestClassesExecutor.access$000(JUnitPlatformTestClassProcessor.java:82)
	org.gradle.api.internal.tasks.testing.junitplatform.JUnitPlatformTestClassProcessor.stop(JUnitPlatformTestClassProcessor.java:78)
	org.gradle.api.internal.tasks.testing.SuiteTestClassProcessor.stop(SuiteTestClassProcessor.java:61)
	sun.reflect.NativeMethodAccessorImpl.invoke0(Native Method)
	sun.reflect.NativeMethodAccessorImpl.invoke(NativeMethodAccessorImpl.java:62)
	sun.reflect.DelegatingMethodAccessorImpl.invoke(DelegatingMethodAccessorImpl.java:43)
	java.lang.reflect.Method.invoke(Method.java:498)
	org.gradle.internal.dispatch.ReflectionDispatch.dispatch(ReflectionDispatch.java:36)
	org.gradle.internal.dispatch.ReflectionDispatch.dispatch(ReflectionDispatch.java:24)
	org.gradle.internal.dispatch.ContextClassLoaderDispatch.dispatch(ContextClassLoaderDispatch.java:33)
	org.gradle.internal.dispatch.ProxyDispatchAdapter$DispatchingInvocationHandler.invoke(ProxyDispatchAdapter.java:94)
	com.sun.proxy.$Proxy2.stop(Unknown Source)
	org.gradle.api.internal.tasks.testing.worker.TestWorker.stop(TestWorker.java:132)
	sun.reflect.NativeMethodAccessorImpl.invoke0(Native Method)
	sun.reflect.NativeMethodAccessorImpl.invoke(NativeMethodAccessorImpl.java:62)
	sun.reflect.DelegatingMethodAccessorImpl.invoke(DelegatingMethodAccessorImpl.java:43)
	java.lang.reflect.Method.invoke(Method.java:498)
	org.gradle.internal.dispatch.ReflectionDispatch.dispatch(ReflectionDispatch.java:36)
	org.gradle.internal.dispatch.ReflectionDispatch.dispatch(ReflectionDispatch.java:24)
	org.gradle.internal.remote.internal.hub.MessageHubBackedObjectConnection$DispatchWrapper.dispatch(MessageHubBackedObjectConnection.java:182)
	org.gradle.internal.remote.internal.hub.MessageHubBackedObjectConnection$DispatchWrapper.dispatch(MessageHubBackedObjectConnection.java:164)
	org.gradle.internal.remote.internal.hub.MessageHub$Handler.run(MessageHub.java:412)
	org.gradle.internal.concurrent.ExecutorPolicy$CatchAndRecordFailures.onExecute(ExecutorPolicy.java:64)
	org.gradle.internal.concurrent.ManagedExecutorImpl$1.run(ManagedExecutorImpl.java:48)
	java.util.concurrent.ThreadPoolExecutor.runWorker(ThreadPoolExecutor.java:1149)
	java.util.concurrent.ThreadPoolExecutor$Worker.run(ThreadPoolExecutor.java:624)
	org.gradle.internal.concurrent.ThreadFactoryImpl$ManagedThreadRunnable.run(ThreadFactoryImpl.java:56)
	java.lang.Thread.run(Thread.java:748)
22:22:58.700 [Test worker] ERROR i.n.u.ResourceLeakDetector - LEAK: ByteBuf.release() was not called before it's garbage-collected. See https://netty.io/wiki/reference-counted-objects.html for more information.
Recent access records: 
#1:
	io.netty.buffer.AdvancedLeakAwareByteBuf.toString(AdvancedLeakAwareByteBuf.java:742)
	io.rsocket.Payload.getMetadataUtf8(Payload.java:98)
	org.springframework.messaging.rsocket.DefaultRSocketRequesterTests.testSendMono(DefaultRSocketRequesterTests.java:98)
	org.springframework.messaging.rsocket.DefaultRSocketRequesterTests.sendMono(DefaultRSocketRequesterTests.java:86)
	sun.reflect.NativeMethodAccessorImpl.invoke0(Native Method)
	sun.reflect.NativeMethodAccessorImpl.invoke(NativeMethodAccessorImpl.java:62)
	sun.reflect.DelegatingMethodAccessorImpl.invoke(DelegatingMethodAccessorImpl.java:43)
	java.lang.reflect.Method.invoke(Method.java:498)
	org.junit.platform.commons.util.ReflectionUtils.invokeMethod(ReflectionUtils.java:686)
	org.junit.jupiter.engine.execution.MethodInvocation.proceed(MethodInvocation.java:60)
	org.junit.jupiter.engine.execution.InvocationInterceptorChain$ValidatingInvocation.proceed(InvocationInterceptorChain.java:131)
	org.junit.jupiter.engine.extension.TimeoutExtension.intercept(TimeoutExtension.java:149)
	org.junit.jupiter.engine.extension.TimeoutExtension.interceptTestableMethod(TimeoutExtension.java:140)
	org.junit.jupiter.engine.extension.TimeoutExtension.interceptTestMethod(TimeoutExtension.java:84)
	org.junit.jupiter.engine.execution.ExecutableInvoker$ReflectiveInterceptorCall.lambda$ofVoidMethod$0(ExecutableInvoker.java:115)
	org.junit.jupiter.engine.execution.ExecutableInvoker.lambda$invoke$0(ExecutableInvoker.java:105)
	org.junit.jupiter.engine.execution.InvocationInterceptorChain$InterceptedInvocation.proceed(InvocationInterceptorChain.java:106)
	org.junit.jupiter.engine.execution.InvocationInterceptorChain.proceed(InvocationInterceptorChain.java:64)
	org.junit.jupiter.engine.execution.InvocationInterceptorChain.chainAndInvoke(InvocationInterceptorChain.java:45)
	org.junit.jupiter.engine.execution.InvocationInterceptorChain.invoke(InvocationInterceptorChain.java:37)
	org.junit.jupiter.engine.execution.ExecutableInvoker.invoke(ExecutableInvoker.java:104)
	org.junit.jupiter.engine.execution.ExecutableInvoker.invoke(ExecutableInvoker.java:98)
	org.junit.jupiter.engine.descriptor.TestMethodTestDescriptor.lambda$invokeTestMethod$6(TestMethodTestDescriptor.java:212)
	org.junit.platform.engine.support.hierarchical.ThrowableCollector.execute(ThrowableCollector.java:73)
	org.junit.jupiter.engine.descriptor.TestMethodTestDescriptor.invokeTestMethod(TestMethodTestDescriptor.java:208)
	org.junit.jupiter.engine.descriptor.TestMethodTestDescriptor.execute(TestMethodTestDescriptor.java:137)
	org.junit.jupiter.engine.descriptor.TestMethodTestDescriptor.execute(TestMethodTestDescriptor.java:71)
	org.junit.platform.engine.support.hierarchical.NodeTestTask.lambda$executeRecursively$5(NodeTestTask.java:135)
	org.junit.platform.engine.support.hierarchical.ThrowableCollector.execute(ThrowableCollector.java:73)
	org.junit.platform.engine.support.hierarchical.NodeTestTask.lambda$executeRecursively$7(NodeTestTask.java:125)
	org.junit.platform.engine.support.hierarchical.Node.around(Node.java:135)
	org.junit.platform.engine.support.hierarchical.NodeTestTask.lambda$executeRecursively$8(NodeTestTask.java:123)
	org.junit.platform.engine.support.hierarchical.ThrowableCollector.execute(ThrowableCollector.java:73)
	org.junit.platform.engine.support.hierarchical.NodeTestTask.executeRecursively(NodeTestTask.java:122)
	org.junit.platform.engine.support.hierarchical.NodeTestTask.execute(NodeTestTask.java:80)
	java.util.ArrayList.forEach(ArrayList.java:1257)
	org.junit.platform.engine.support.hierarchical.SameThreadHierarchicalTestExecutorService.invokeAll(SameThreadHierarchicalTestExecutorService.java:38)
	org.junit.platform.engine.support.hierarchical.NodeTestTask.lambda$executeRecursively$5(NodeTestTask.java:139)
	org.junit.platform.engine.support.hierarchical.ThrowableCollector.execute(ThrowableCollector.java:73)
	org.junit.platform.engine.support.hierarchical.NodeTestTask.lambda$executeRecursively$7(NodeTestTask.java:125)
	org.junit.platform.engine.support.hierarchical.Node.around(Node.java:135)
	org.junit.platform.engine.support.hierarchical.NodeTestTask.lambda$executeRecursively$8(NodeTestTask.java:123)
	org.junit.platform.engine.support.hierarchical.ThrowableCollector.execute(ThrowableCollector.java:73)
	org.junit.platform.engine.support.hierarchical.NodeTestTask.executeRecursively(NodeTestTask.java:122)
	org.junit.platform.engine.support.hierarchical.NodeTestTask.execute(NodeTestTask.java:80)
	java.util.ArrayList.forEach(ArrayList.java:1257)
	org.junit.platform.engine.support.hierarchical.SameThreadHierarchicalTestExecutorService.invokeAll(SameThreadHierarchicalTestExecutorService.java:38)
	org.junit.platform.engine.support.hierarchical.NodeTestTask.lambda$executeRecursively$5(NodeTestTask.java:139)
	org.junit.platform.engine.support.hierarchical.ThrowableCollector.execute(ThrowableCollector.java:73)
	org.junit.platform.engine.support.hierarchical.NodeTestTask.lambda$executeRecursively$7(NodeTestTask.java:125)
	org.junit.platform.engine.support.hierarchical.Node.around(Node.java:135)
	org.junit.platform.engine.support.hierarchical.NodeTestTask.lambda$executeRecursively$8(NodeTestTask.java:123)
	org.junit.platform.engine.support.hierarchical.ThrowableCollector.execute(ThrowableCollector.java:73)
	org.junit.platform.engine.support.hierarchical.NodeTestTask.executeRecursively(NodeTestTask.java:122)
	org.junit.platform.engine.support.hierarchical.NodeTestTask.execute(NodeTestTask.java:80)
	org.junit.platform.engine.support.hierarchical.SameThreadHierarchicalTestExecutorService.submit(SameThreadHierarchicalTestExecutorService.java:32)
	org.junit.platform.engine.support.hierarchical.HierarchicalTestExecutor.execute(HierarchicalTestExecutor.java:57)
	org.junit.platform.engine.support.hierarchical.HierarchicalTestEngine.execute(HierarchicalTestEngine.java:51)
	org.junit.platform.launcher.core.DefaultLauncher.execute(DefaultLauncher.java:248)
	org.junit.platform.launcher.core.DefaultLauncher.lambda$execute$5(DefaultLauncher.java:211)
	org.junit.platform.launcher.core.DefaultLauncher.withInterceptedStreams(DefaultLauncher.java:226)
	org.junit.platform.launcher.core.DefaultLauncher.execute(DefaultLauncher.java:199)
	org.junit.platform.launcher.core.DefaultLauncher.execute(DefaultLauncher.java:132)
	org.gradle.api.internal.tasks.testing.junitplatform.JUnitPlatformTestClassProcessor$CollectAllTestClassesExecutor.processAllTestClasses(JUnitPlatformTestClassProcessor.java:102)
	org.gradle.api.internal.tasks.testing.junitplatform.JUnitPlatformTestClassProcessor$CollectAllTestClassesExecutor.access$000(JUnitPlatformTestClassProcessor.java:82)
	org.gradle.api.internal.tasks.testing.junitplatform.JUnitPlatformTestClassProcessor.stop(JUnitPlatformTestClassProcessor.java:78)
	org.gradle.api.internal.tasks.testing.SuiteTestClassProcessor.stop(SuiteTestClassProcessor.java:61)
	sun.reflect.NativeMethodAccessorImpl.invoke0(Native Method)
	sun.reflect.NativeMethodAccessorImpl.invoke(NativeMethodAccessorImpl.java:62)
	sun.reflect.DelegatingMethodAccessorImpl.invoke(DelegatingMethodAccessorImpl.java:43)
	java.lang.reflect.Method.invoke(Method.java:498)
	org.gradle.internal.dispatch.ReflectionDispatch.dispatch(ReflectionDispatch.java:36)
	org.gradle.internal.dispatch.ReflectionDispatch.dispatch(ReflectionDispatch.java:24)
	org.gradle.internal.dispatch.ContextClassLoaderDispatch.dispatch(ContextClassLoaderDispatch.java:33)
	org.gradle.internal.dispatch.ProxyDispatchAdapter$DispatchingInvocationHandler.invoke(ProxyDispatchAdapter.java:94)
	com.sun.proxy.$Proxy2.stop(Unknown Source)
	org.gradle.api.internal.tasks.testing.worker.TestWorker.stop(TestWorker.java:132)
	sun.reflect.NativeMethodAccessorImpl.invoke0(Native Method)
	sun.reflect.NativeMethodAccessorImpl.invoke(NativeMethodAccessorImpl.java:62)
	sun.reflect.DelegatingMethodAccessorImpl.invoke(DelegatingMethodAccessorImpl.java:43)
	java.lang.reflect.Method.invoke(Method.java:498)
	org.gradle.internal.dispatch.ReflectionDispatch.dispatch(ReflectionDispatch.java:36)
	org.gradle.internal.dispatch.ReflectionDispatch.dispatch(ReflectionDispatch.java:24)
	org.gradle.internal.remote.internal.hub.MessageHubBackedObjectConnection$DispatchWrapper.dispatch(MessageHubBackedObjectConnection.java:182)
	org.gradle.internal.remote.internal.hub.MessageHubBackedObjectConnection$DispatchWrapper.dispatch(MessageHubBackedObjectConnection.java:164)
	org.gradle.internal.remote.internal.hub.MessageHub$Handler.run(MessageHub.java:412)
	org.gradle.internal.concurrent.ExecutorPolicy$CatchAndRecordFailures.onExecute(ExecutorPolicy.java:64)
	org.gradle.internal.concurrent.ManagedExecutorImpl$1.run(ManagedExecutorImpl.java:48)
	java.util.concurrent.ThreadPoolExecutor.runWorker(ThreadPoolExecutor.java:1149)
	java.util.concurrent.ThreadPoolExecutor$Worker.run(ThreadPoolExecutor.java:624)
	org.gradle.internal.concurrent.ThreadFactoryImpl$ManagedThreadRunnable.run(ThreadFactoryImpl.java:56)
	java.lang.Thread.run(Thread.java:748)
#2:
	io.netty.buffer.AdvancedLeakAwareByteBuf.slice(AdvancedLeakAwareByteBuf.java:76)
	io.rsocket.util.ByteBufPayload.sliceMetadata(ByteBufPayload.java:134)
	io.rsocket.Payload.getMetadataUtf8(Payload.java:98)
	org.springframework.messaging.rsocket.DefaultRSocketRequesterTests.testSendMono(DefaultRSocketRequesterTests.java:98)
	org.springframework.messaging.rsocket.DefaultRSocketRequesterTests.sendMono(DefaultRSocketRequesterTests.java:86)
	sun.reflect.NativeMethodAccessorImpl.invoke0(Native Method)
	sun.reflect.NativeMethodAccessorImpl.invoke(NativeMethodAccessorImpl.java:62)
	sun.reflect.DelegatingMethodAccessorImpl.invoke(DelegatingMethodAccessorImpl.java:43)
	java.lang.reflect.Method.invoke(Method.java:498)
	org.junit.platform.commons.util.ReflectionUtils.invokeMethod(ReflectionUtils.java:686)
	org.junit.jupiter.engine.execution.MethodInvocation.proceed(MethodInvocation.java:60)
	org.junit.jupiter.engine.execution.InvocationInterceptorChain$ValidatingInvocation.proceed(InvocationInterceptorChain.java:131)
	org.junit.jupiter.engine.extension.TimeoutExtension.intercept(TimeoutExtension.java:149)
	org.junit.jupiter.engine.extension.TimeoutExtension.interceptTestableMethod(TimeoutExtension.java:140)
	org.junit.jupiter.engine.extension.TimeoutExtension.interceptTestMethod(TimeoutExtension.java:84)
	org.junit.jupiter.engine.execution.ExecutableInvoker$ReflectiveInterceptorCall.lambda$ofVoidMethod$0(ExecutableInvoker.java:115)
	org.junit.jupiter.engine.execution.ExecutableInvoker.lambda$invoke$0(ExecutableInvoker.java:105)
	org.junit.jupiter.engine.execution.InvocationInterceptorChain$InterceptedInvocation.proceed(InvocationInterceptorChain.java:106)
	org.junit.jupiter.engine.execution.InvocationInterceptorChain.proceed(InvocationInterceptorChain.java:64)
	org.junit.jupiter.engine.execution.InvocationInterceptorChain.chainAndInvoke(InvocationInterceptorChain.java:45)
	org.junit.jupiter.engine.execution.InvocationInterceptorChain.invoke(InvocationInterceptorChain.java:37)
	org.junit.jupiter.engine.execution.ExecutableInvoker.invoke(ExecutableInvoker.java:104)
	org.junit.jupiter.engine.execution.ExecutableInvoker.invoke(ExecutableInvoker.java:98)
	org.junit.jupiter.engine.descriptor.TestMethodTestDescriptor.lambda$invokeTestMethod$6(TestMethodTestDescriptor.java:212)
	org.junit.platform.engine.support.hierarchical.ThrowableCollector.execute(ThrowableCollector.java:73)
	org.junit.jupiter.engine.descriptor.TestMethodTestDescriptor.invokeTestMethod(TestMethodTestDescriptor.java:208)
	org.junit.jupiter.engine.descriptor.TestMethodTestDescriptor.execute(TestMethodTestDescriptor.java:137)
	org.junit.jupiter.engine.descriptor.TestMethodTestDescriptor.execute(TestMethodTestDescriptor.java:71)
	org.junit.platform.engine.support.hierarchical.NodeTestTask.lambda$executeRecursively$5(NodeTestTask.java:135)
	org.junit.platform.engine.support.hierarchical.ThrowableCollector.execute(ThrowableCollector.java:73)
	org.junit.platform.engine.support.hierarchical.NodeTestTask.lambda$executeRecursively$7(NodeTestTask.java:125)
	org.junit.platform.engine.support.hierarchical.Node.around(Node.java:135)
	org.junit.platform.engine.support.hierarchical.NodeTestTask.lambda$executeRecursively$8(NodeTestTask.java:123)
	org.junit.platform.engine.support.hierarchical.ThrowableCollector.execute(ThrowableCollector.java:73)
	org.junit.platform.engine.support.hierarchical.NodeTestTask.executeRecursively(NodeTestTask.java:122)
	org.junit.platform.engine.support.hierarchical.NodeTestTask.execute(NodeTestTask.java:80)
	java.util.ArrayList.forEach(ArrayList.java:1257)
	org.junit.platform.engine.support.hierarchical.SameThreadHierarchicalTestExecutorService.invokeAll(SameThreadHierarchicalTestExecutorService.java:38)
	org.junit.platform.engine.support.hierarchical.NodeTestTask.lambda$executeRecursively$5(NodeTestTask.java:139)
	org.junit.platform.engine.support.hierarchical.ThrowableCollector.execute(ThrowableCollector.java:73)
	org.junit.platform.engine.support.hierarchical.NodeTestTask.lambda$executeRecursively$7(NodeTestTask.java:125)
	org.junit.platform.engine.support.hierarchical.Node.around(Node.java:135)
	org.junit.platform.engine.support.hierarchical.NodeTestTask.lambda$executeRecursively$8(NodeTestTask.java:123)
	org.junit.platform.engine.support.hierarchical.ThrowableCollector.execute(ThrowableCollector.java:73)
	org.junit.platform.engine.support.hierarchical.NodeTestTask.executeRecursively(NodeTestTask.java:122)
	org.junit.platform.engine.support.hierarchical.NodeTestTask.execute(NodeTestTask.java:80)
	java.util.ArrayList.forEach(ArrayList.java:1257)
	org.junit.platform.engine.support.hierarchical.SameThreadHierarchicalTestExecutorService.invokeAll(SameThreadHierarchicalTestExecutorService.java:38)
	org.junit.platform.engine.support.hierarchical.NodeTestTask.lambda$executeRecursively$5(NodeTestTask.java:139)
	org.junit.platform.engine.support.hierarchical.ThrowableCollector.execute(ThrowableCollector.java:73)
	org.junit.platform.engine.support.hierarchical.NodeTestTask.lambda$executeRecursively$7(NodeTestTask.java:125)
	org.junit.platform.engine.support.hierarchical.Node.around(Node.java:135)
	org.junit.platform.engine.support.hierarchical.NodeTestTask.lambda$executeRecursively$8(NodeTestTask.java:123)
	org.junit.platform.engine.support.hierarchical.ThrowableCollector.execute(ThrowableCollector.java:73)
	org.junit.platform.engine.support.hierarchical.NodeTestTask.executeRecursively(NodeTestTask.java:122)
	org.junit.platform.engine.support.hierarchical.NodeTestTask.execute(NodeTestTask.java:80)
	org.junit.platform.engine.support.hierarchical.SameThreadHierarchicalTestExecutorService.submit(SameThreadHierarchicalTestExecutorService.java:32)
	org.junit.platform.engine.support.hierarchical.HierarchicalTestExecutor.execute(HierarchicalTestExecutor.java:57)
	org.junit.platform.engine.support.hierarchical.HierarchicalTestEngine.execute(HierarchicalTestEngine.java:51)
	org.junit.platform.launcher.core.DefaultLauncher.execute(DefaultLauncher.java:248)
	org.junit.platform.launcher.core.DefaultLauncher.lambda$execute$5(DefaultLauncher.java:211)
	org.junit.platform.launcher.core.DefaultLauncher.withInterceptedStreams(DefaultLauncher.java:226)
	org.junit.platform.launcher.core.DefaultLauncher.execute(DefaultLauncher.java:199)
	org.junit.platform.launcher.core.DefaultLauncher.execute(DefaultLauncher.java:132)
	org.gradle.api.internal.tasks.testing.junitplatform.JUnitPlatformTestClassProcessor$CollectAllTestClassesExecutor.processAllTestClasses(JUnitPlatformTestClassProcessor.java:102)
	org.gradle.api.internal.tasks.testing.junitplatform.JUnitPlatformTestClassProcessor$CollectAllTestClassesExecutor.access$000(JUnitPlatformTestClassProcessor.java:82)
	org.gradle.api.internal.tasks.testing.junitplatform.JUnitPlatformTestClassProcessor.stop(JUnitPlatformTestClassProcessor.java:78)
	org.gradle.api.internal.tasks.testing.SuiteTestClassProcessor.stop(SuiteTestClassProcessor.java:61)
	sun.reflect.NativeMethodAccessorImpl.invoke0(Native Method)
	sun.reflect.NativeMethodAccessorImpl.invoke(NativeMethodAccessorImpl.java:62)
	sun.reflect.DelegatingMethodAccessorImpl.invoke(DelegatingMethodAccessorImpl.java:43)
	java.lang.reflect.Method.invoke(Method.java:498)
	org.gradle.internal.dispatch.ReflectionDispatch.dispatch(ReflectionDispatch.java:36)
	org.gradle.internal.dispatch.ReflectionDispatch.dispatch(ReflectionDispatch.java:24)
	org.gradle.internal.dispatch.ContextClassLoaderDispatch.dispatch(ContextClassLoaderDispatch.java:33)
	org.gradle.internal.dispatch.ProxyDispatchAdapter$DispatchingInvocationHandler.invoke(ProxyDispatchAdapter.java:94)
	com.sun.proxy.$Proxy2.stop(Unknown Source)
	org.gradle.api.internal.tasks.testing.worker.TestWorker.stop(TestWorker.java:132)
	sun.reflect.NativeMethodAccessorImpl.invoke0(Native Method)
	sun.reflect.NativeMethodAccessorImpl.invoke(NativeMethodAccessorImpl.java:62)
	sun.reflect.DelegatingMethodAccessorImpl.invoke(DelegatingMethodAccessorImpl.java:43)
	java.lang.reflect.Method.invoke(Method.java:498)
	org.gradle.internal.dispatch.ReflectionDispatch.dispatch(ReflectionDispatch.java:36)
	org.gradle.internal.dispatch.ReflectionDispatch.dispatch(ReflectionDispatch.java:24)
	org.gradle.internal.remote.internal.hub.MessageHubBackedObjectConnection$DispatchWrapper.dispatch(MessageHubBackedObjectConnection.java:182)
	org.gradle.internal.remote.internal.hub.MessageHubBackedObjectConnection$DispatchWrapper.dispatch(MessageHubBackedObjectConnection.java:164)
	org.gradle.internal.remote.internal.hub.MessageHub$Handler.run(MessageHub.java:412)
	org.gradle.internal.concurrent.ExecutorPolicy$CatchAndRecordFailures.onExecute(ExecutorPolicy.java:64)
	org.gradle.internal.concurrent.ManagedExecutorImpl$1.run(ManagedExecutorImpl.java:48)
	java.util.concurrent.ThreadPoolExecutor.runWorker(ThreadPoolExecutor.java:1149)
	java.util.concurrent.ThreadPoolExecutor$Worker.run(ThreadPoolExecutor.java:624)
	org.gradle.internal.concurrent.ThreadFactoryImpl$ManagedThreadRunnable.run(ThreadFactoryImpl.java:56)
	java.lang.Thread.run(Thread.java:748)
Created at:
	io.netty.buffer.PooledByteBufAllocator.newDirectBuffer(PooledByteBufAllocator.java:363)
	io.netty.buffer.AbstractByteBufAllocator.directBuffer(AbstractByteBufAllocator.java:187)
	io.netty.buffer.AbstractByteBufAllocator.directBuffer(AbstractByteBufAllocator.java:178)
	io.netty.buffer.AbstractByteBufAllocator.buffer(AbstractByteBufAllocator.java:115)
	org.springframework.core.io.buffer.NettyDataBufferFactory.allocateBuffer(NettyDataBufferFactory.java:71)
	org.springframework.core.io.buffer.NettyDataBufferFactory.allocateBuffer(NettyDataBufferFactory.java:39)
	org.springframework.core.codec.CharSequenceEncoder.encodeValue(CharSequenceEncoder.java:91)
	org.springframework.core.codec.CharSequenceEncoder.encodeValue(CharSequenceEncoder.java:47)
	org.springframework.messaging.rsocket.MetadataEncoder.encodeEntry(MetadataEncoder.java:240)
	org.springframework.messaging.rsocket.MetadataEncoder.encodeEntries(MetadataEncoder.java:209)
	org.springframework.messaging.rsocket.MetadataEncoder.lambda$encode$1(MetadataEncoder.java:180)
	reactor.core.publisher.MonoCallable.subscribe(MonoCallable.java:56)
	reactor.core.publisher.Mono.subscribe(Mono.java:4208)
	reactor.core.publisher.MonoZip.subscribe(MonoZip.java:128)
	reactor.core.publisher.InternalMonoOperator.subscribe(InternalMonoOperator.java:64)
	reactor.core.publisher.MonoIgnoreThen$ThenIgnoreMain.drain(MonoIgnoreThen.java:153)
	reactor.core.publisher.MonoIgnoreThen.subscribe(MonoIgnoreThen.java:56)
	reactor.core.publisher.Mono.subscribe(Mono.java:4208)
	reactor.core.publisher.Mono.block(Mono.java:1699)
	org.springframework.messaging.rsocket.DefaultRSocketRequesterTests.testSendMono(DefaultRSocketRequesterTests.java:95)
	org.springframework.messaging.rsocket.DefaultRSocketRequesterTests.sendMono(DefaultRSocketRequesterTests.java:86)
	sun.reflect.NativeMethodAccessorImpl.invoke0(Native Method)
	sun.reflect.NativeMethodAccessorImpl.invoke(NativeMethodAccessorImpl.java:62)
	sun.reflect.DelegatingMethodAccessorImpl.invoke(DelegatingMethodAccessorImpl.java:43)
	java.lang.reflect.Method.invoke(Method.java:498)
	org.junit.platform.commons.util.ReflectionUtils.invokeMethod(ReflectionUtils.java:686)
	org.junit.jupiter.engine.execution.MethodInvocation.proceed(MethodInvocation.java:60)
	org.junit.jupiter.engine.execution.InvocationInterceptorChain$ValidatingInvocation.proceed(InvocationInterceptorChain.java:131)
	org.junit.jupiter.engine.extension.TimeoutExtension.intercept(TimeoutExtension.java:149)
	org.junit.jupiter.engine.extension.TimeoutExtension.interceptTestableMethod(TimeoutExtension.java:140)
	org.junit.jupiter.engine.extension.TimeoutExtension.interceptTestMethod(TimeoutExtension.java:84)
	org.junit.jupiter.engine.execution.ExecutableInvoker$ReflectiveInterceptorCall.lambda$ofVoidMethod$0(ExecutableInvoker.java:115)
	org.junit.jupiter.engine.execution.ExecutableInvoker.lambda$invoke$0(ExecutableInvoker.java:105)
	org.junit.jupiter.engine.execution.InvocationInterceptorChain$InterceptedInvocation.proceed(InvocationInterceptorChain.java:106)
	org.junit.jupiter.engine.execution.InvocationInterceptorChain.proceed(InvocationInterceptorChain.java:64)
	org.junit.jupiter.engine.execution.InvocationInterceptorChain.chainAndInvoke(InvocationInterceptorChain.java:45)
	org.junit.jupiter.engine.execution.InvocationInterceptorChain.invoke(InvocationInterceptorChain.java:37)
	org.junit.jupiter.engine.execution.ExecutableInvoker.invoke(ExecutableInvoker.java:104)
	org.junit.jupiter.engine.execution.ExecutableInvoker.invoke(ExecutableInvoker.java:98)
	org.junit.jupiter.engine.descriptor.TestMethodTestDescriptor.lambda$invokeTestMethod$6(TestMethodTestDescriptor.java:212)
	org.junit.platform.engine.support.hierarchical.ThrowableCollector.execute(ThrowableCollector.java:73)
	org.junit.jupiter.engine.descriptor.TestMethodTestDescriptor.invokeTestMethod(TestMethodTestDescriptor.java:208)
	org.junit.jupiter.engine.descriptor.TestMethodTestDescriptor.execute(TestMethodTestDescriptor.java:137)
	org.junit.jupiter.engine.descriptor.TestMethodTestDescriptor.execute(TestMethodTestDescriptor.java:71)
	org.junit.platform.engine.support.hierarchical.NodeTestTask.lambda$executeRecursively$5(NodeTestTask.java:135)
	org.junit.platform.engine.support.hierarchical.ThrowableCollector.execute(ThrowableCollector.java:73)
	org.junit.platform.engine.support.hierarchical.NodeTestTask.lambda$executeRecursively$7(NodeTestTask.java:125)
	org.junit.platform.engine.support.hierarchical.Node.around(Node.java:135)
	org.junit.platform.engine.support.hierarchical.NodeTestTask.lambda$executeRecursively$8(NodeTestTask.java:123)
	org.junit.platform.engine.support.hierarchical.ThrowableCollector.execute(ThrowableCollector.java:73)
	org.junit.platform.engine.support.hierarchical.NodeTestTask.executeRecursively(NodeTestTask.java:122)
	org.junit.platform.engine.support.hierarchical.NodeTestTask.execute(NodeTestTask.java:80)
	java.util.ArrayList.forEach(ArrayList.java:1257)
	org.junit.platform.engine.support.hierarchical.SameThreadHierarchicalTestExecutorService.invokeAll(SameThreadHierarchicalTestExecutorService.java:38)
	org.junit.platform.engine.support.hierarchical.NodeTestTask.lambda$executeRecursively$5(NodeTestTask.java:139)
	org.junit.platform.engine.support.hierarchical.ThrowableCollector.execute(ThrowableCollector.java:73)
	org.junit.platform.engine.support.hierarchical.NodeTestTask.lambda$executeRecursively$7(NodeTestTask.java:125)
	org.junit.platform.engine.support.hierarchical.Node.around(Node.java:135)
	org.junit.platform.engine.support.hierarchical.NodeTestTask.lambda$executeRecursively$8(NodeTestTask.java:123)
	org.junit.platform.engine.support.hierarchical.ThrowableCollector.execute(ThrowableCollector.java:73)
	org.junit.platform.engine.support.hierarchical.NodeTestTask.executeRecursively(NodeTestTask.java:122)
	org.junit.platform.engine.support.hierarchical.NodeTestTask.execute(NodeTestTask.java:80)
	java.util.ArrayList.forEach(ArrayList.java:1257)
	org.junit.platform.engine.support.hierarchical.SameThreadHierarchicalTestExecutorService.invokeAll(SameThreadHierarchicalTestExecutorService.java:38)
	org.junit.platform.engine.support.hierarchical.NodeTestTask.lambda$executeRecursively$5(NodeTestTask.java:139)
	org.junit.platform.engine.support.hierarchical.ThrowableCollector.execute(ThrowableCollector.java:73)
	org.junit.platform.engine.support.hierarchical.NodeTestTask.lambda$executeRecursively$7(NodeTestTask.java:125)
	org.junit.platform.engine.support.hierarchical.Node.around(Node.java:135)
	org.junit.platform.engine.support.hierarchical.NodeTestTask.lambda$executeRecursively$8(NodeTestTask.java:123)
	org.junit.platform.engine.support.hierarchical.ThrowableCollector.execute(ThrowableCollector.java:73)
	org.junit.platform.engine.support.hierarchical.NodeTestTask.executeRecursively(NodeTestTask.java:122)
	org.junit.platform.engine.support.hierarchical.NodeTestTask.execute(NodeTestTask.java:80)
	org.junit.platform.engine.support.hierarchical.SameThreadHierarchicalTestExecutorService.submit(SameThreadHierarchicalTestExecutorService.java:32)
	org.junit.platform.engine.support.hierarchical.HierarchicalTestExecutor.execute(HierarchicalTestExecutor.java:57)
	org.junit.platform.engine.support.hierarchical.HierarchicalTestEngine.execute(HierarchicalTestEngine.java:51)
	org.junit.platform.launcher.core.DefaultLauncher.execute(DefaultLauncher.java:248)
	org.junit.platform.launcher.core.DefaultLauncher.lambda$execute$5(DefaultLauncher.java:211)
	org.junit.platform.launcher.core.DefaultLauncher.withInterceptedStreams(DefaultLauncher.java:226)
	org.junit.platform.launcher.core.DefaultLauncher.execute(DefaultLauncher.java:199)
	org.junit.platform.launcher.core.DefaultLauncher.execute(DefaultLauncher.java:132)
	org.gradle.api.internal.tasks.testing.junitplatform.JUnitPlatformTestClassProcessor$CollectAllTestClassesExecutor.processAllTestClasses(JUnitPlatformTestClassProcessor.java:102)
	org.gradle.api.internal.tasks.testing.junitplatform.JUnitPlatformTestClassProcessor$CollectAllTestClassesExecutor.access$000(JUnitPlatformTestClassProcessor.java:82)
	org.gradle.api.internal.tasks.testing.junitplatform.JUnitPlatformTestClassProcessor.stop(JUnitPlatformTestClassProcessor.java:78)
	org.gradle.api.internal.tasks.testing.SuiteTestClassProcessor.stop(SuiteTestClassProcessor.java:61)
	sun.reflect.NativeMethodAccessorImpl.invoke0(Native Method)
	sun.reflect.NativeMethodAccessorImpl.invoke(NativeMethodAccessorImpl.java:62)
	sun.reflect.DelegatingMethodAccessorImpl.invoke(DelegatingMethodAccessorImpl.java:43)
	java.lang.reflect.Method.invoke(Method.java:498)
	org.gradle.internal.dispatch.ReflectionDispatch.dispatch(ReflectionDispatch.java:36)
	org.gradle.internal.dispatch.ReflectionDispatch.dispatch(ReflectionDispatch.java:24)
	org.gradle.internal.dispatch.ContextClassLoaderDispatch.dispatch(ContextClassLoaderDispatch.java:33)
	org.gradle.internal.dispatch.ProxyDispatchAdapter$DispatchingInvocationHandler.invoke(ProxyDispatchAdapter.java:94)
	com.sun.proxy.$Proxy2.stop(Unknown Source)
	org.gradle.api.internal.tasks.testing.worker.TestWorker.stop(TestWorker.java:132)
	sun.reflect.NativeMethodAccessorImpl.invoke0(Native Method)
	sun.reflect.NativeMethodAccessorImpl.invoke(NativeMethodAccessorImpl.java:62)
	sun.reflect.DelegatingMethodAccessorImpl.invoke(DelegatingMethodAccessorImpl.java:43)
	java.lang.reflect.Method.invoke(Method.java:498)
	org.gradle.internal.dispatch.ReflectionDispatch.dispatch(ReflectionDispatch.java:36)
	org.gradle.internal.dispatch.ReflectionDispatch.dispatch(ReflectionDispatch.java:24)
	org.gradle.internal.remote.internal.hub.MessageHubBackedObjectConnection$DispatchWrapper.dispatch(MessageHubBackedObjectConnection.java:182)
	org.gradle.internal.remote.internal.hub.MessageHubBackedObjectConnection$DispatchWrapper.dispatch(MessageHubBackedObjectConnection.java:164)
	org.gradle.internal.remote.internal.hub.MessageHub$Handler.run(MessageHub.java:412)
	org.gradle.internal.concurrent.ExecutorPolicy$CatchAndRecordFailures.onExecute(ExecutorPolicy.java:64)
	org.gradle.internal.concurrent.ManagedExecutorImpl$1.run(ManagedExecutorImpl.java:48)
	java.util.concurrent.ThreadPoolExecutor.runWorker(ThreadPoolExecutor.java:1149)
	java.util.concurrent.ThreadPoolExecutor$Worker.run(ThreadPoolExecutor.java:624)
	org.gradle.internal.concurrent.ThreadFactoryImpl$ManagedThreadRunnable.run(ThreadFactoryImpl.java:56)
	java.lang.Thread.run(Thread.java:748)
22:22:58.703 [Test worker] ERROR i.n.u.ResourceLeakDetector - LEAK: ByteBuf.release() was not called before it's garbage-collected. See https://netty.io/wiki/reference-counted-objects.html for more information.
Recent access records: 
#1:
	io.netty.buffer.AdvancedLeakAwareByteBuf.order(AdvancedLeakAwareByteBuf.java:70)
	io.netty.buffer.CompositeByteBuf.newComponent(CompositeByteBuf.java:335)
	io.netty.buffer.CompositeByteBuf.addComponents0(CompositeByteBuf.java:374)
	io.netty.buffer.CompositeByteBuf.addComponents(CompositeByteBuf.java:236)
	io.netty.buffer.WrappedCompositeByteBuf.addComponents(WrappedCompositeByteBuf.java:540)
	io.netty.buffer.AdvancedLeakAwareCompositeByteBuf.addComponents(AdvancedLeakAwareCompositeByteBuf.java:927)
	io.rsocket.metadata.CompositeMetadataFlyweight.encodeAndAddMetadata(CompositeMetadataFlyweight.java:215)
	org.springframework.messaging.rsocket.MetadataEncoder.lambda$encodeEntries$2(MetadataEncoder.java:193)
	java.util.ArrayList.forEach(ArrayList.java:1257)
	org.springframework.messaging.rsocket.MetadataEncoder.encodeEntries(MetadataEncoder.java:191)
	reactor.core.publisher.FluxMap$MapSubscriber.onNext(FluxMap.java:100)
	reactor.core.publisher.Operators$MonoSubscriber.complete(Operators.java:1755)
	reactor.core.publisher.MonoZip$ZipCoordinator.signal(MonoZip.java:247)
	reactor.core.publisher.MonoZip$ZipInner.onNext(MonoZip.java:329)
	reactor.core.publisher.FluxDefaultIfEmpty$DefaultIfEmptySubscriber.onNext(FluxDefaultIfEmpty.java:92)
	reactor.core.publisher.FluxMap$MapSubscriber.onNext(FluxMap.java:114)
	reactor.core.publisher.MonoDelay$MonoDelayRunnable.run(MonoDelay.java:117)
	reactor.core.scheduler.SchedulerTask.call(SchedulerTask.java:68)
	reactor.core.scheduler.SchedulerTask.call(SchedulerTask.java:28)
	java.util.concurrent.FutureTask.run(FutureTask.java:266)
	java.util.concurrent.ScheduledThreadPoolExecutor$ScheduledFutureTask.access$201(ScheduledThreadPoolExecutor.java:180)
	java.util.concurrent.ScheduledThreadPoolExecutor$ScheduledFutureTask.run(ScheduledThreadPoolExecutor.java:293)
	java.util.concurrent.ThreadPoolExecutor.runWorker(ThreadPoolExecutor.java:1149)
	java.util.concurrent.ThreadPoolExecutor$Worker.run(ThreadPoolExecutor.java:624)
	java.lang.Thread.run(Thread.java:748)
#2:
	io.netty.buffer.AdvancedLeakAwareByteBuf.writeByte(AdvancedLeakAwareByteBuf.java:544)
	io.rsocket.util.NumberUtils.encodeUnsignedMedium(NumberUtils.java:162)
	io.rsocket.metadata.CompositeMetadataFlyweight.encodeMetadataHeader(CompositeMetadataFlyweight.java:359)
	io.rsocket.metadata.CompositeMetadataFlyweight.encodeAndAddMetadata(CompositeMetadataFlyweight.java:216)
	org.springframework.messaging.rsocket.MetadataEncoder.lambda$encodeEntries$2(MetadataEncoder.java:193)
	java.util.ArrayList.forEach(ArrayList.java:1257)
	org.springframework.messaging.rsocket.MetadataEncoder.encodeEntries(MetadataEncoder.java:191)
	reactor.core.publisher.FluxMap$MapSubscriber.onNext(FluxMap.java:100)
	reactor.core.publisher.Operators$MonoSubscriber.complete(Operators.java:1755)
	reactor.core.publisher.MonoZip$ZipCoordinator.signal(MonoZip.java:247)
	reactor.core.publisher.MonoZip$ZipInner.onNext(MonoZip.java:329)
	reactor.core.publisher.FluxDefaultIfEmpty$DefaultIfEmptySubscriber.onNext(FluxDefaultIfEmpty.java:92)
	reactor.core.publisher.FluxMap$MapSubscriber.onNext(FluxMap.java:114)
	reactor.core.publisher.MonoDelay$MonoDelayRunnable.run(MonoDelay.java:117)
	reactor.core.scheduler.SchedulerTask.call(SchedulerTask.java:68)
	reactor.core.scheduler.SchedulerTask.call(SchedulerTask.java:28)
	java.util.concurrent.FutureTask.run(FutureTask.java:266)
	java.util.concurrent.ScheduledThreadPoolExecutor$ScheduledFutureTask.access$201(ScheduledThreadPoolExecutor.java:180)
	java.util.concurrent.ScheduledThreadPoolExecutor$ScheduledFutureTask.run(ScheduledThreadPoolExecutor.java:293)
	java.util.concurrent.ThreadPoolExecutor.runWorker(ThreadPoolExecutor.java:1149)
	java.util.concurrent.ThreadPoolExecutor$Worker.run(ThreadPoolExecutor.java:624)
	java.lang.Thread.run(Thread.java:748)
#3:
	io.netty.buffer.AdvancedLeakAwareByteBuf.writeByte(AdvancedLeakAwareByteBuf.java:544)
	io.rsocket.util.NumberUtils.encodeUnsignedMedium(NumberUtils.java:161)
	io.rsocket.metadata.CompositeMetadataFlyweight.encodeMetadataHeader(CompositeMetadataFlyweight.java:359)
	io.rsocket.metadata.CompositeMetadataFlyweight.encodeAndAddMetadata(CompositeMetadataFlyweight.java:216)
	org.springframework.messaging.rsocket.MetadataEncoder.lambda$encodeEntries$2(MetadataEncoder.java:193)
	java.util.ArrayList.forEach(ArrayList.java:1257)
	org.springframework.messaging.rsocket.MetadataEncoder.encodeEntries(MetadataEncoder.java:191)
	reactor.core.publisher.FluxMap$MapSubscriber.onNext(FluxMap.java:100)
	reactor.core.publisher.Operators$MonoSubscriber.complete(Operators.java:1755)
	reactor.core.publisher.MonoZip$ZipCoordinator.signal(MonoZip.java:247)
	reactor.core.publisher.MonoZip$ZipInner.onNext(MonoZip.java:329)
	reactor.core.publisher.FluxDefaultIfEmpty$DefaultIfEmptySubscriber.onNext(FluxDefaultIfEmpty.java:92)
	reactor.core.publisher.FluxMap$MapSubscriber.onNext(FluxMap.java:114)
	reactor.core.publisher.MonoDelay$MonoDelayRunnable.run(MonoDelay.java:117)
	reactor.core.scheduler.SchedulerTask.call(SchedulerTask.java:68)
	reactor.core.scheduler.SchedulerTask.call(SchedulerTask.java:28)
	java.util.concurrent.FutureTask.run(FutureTask.java:266)
	java.util.concurrent.ScheduledThreadPoolExecutor$ScheduledFutureTask.access$201(ScheduledThreadPoolExecutor.java:180)
	java.util.concurrent.ScheduledThreadPoolExecutor$ScheduledFutureTask.run(ScheduledThreadPoolExecutor.java:293)
	java.util.concurrent.ThreadPoolExecutor.runWorker(ThreadPoolExecutor.java:1149)
	java.util.concurrent.ThreadPoolExecutor$Worker.run(ThreadPoolExecutor.java:624)
	java.lang.Thread.run(Thread.java:748)
#4:
	io.netty.buffer.AdvancedLeakAwareByteBuf.writeByte(AdvancedLeakAwareByteBuf.java:544)
	io.rsocket.util.NumberUtils.encodeUnsignedMedium(NumberUtils.java:160)
	io.rsocket.metadata.CompositeMetadataFlyweight.encodeMetadataHeader(CompositeMetadataFlyweight.java:359)
	io.rsocket.metadata.CompositeMetadataFlyweight.encodeAndAddMetadata(CompositeMetadataFlyweight.java:216)
	org.springframework.messaging.rsocket.MetadataEncoder.lambda$encodeEntries$2(MetadataEncoder.java:193)
	java.util.ArrayList.forEach(ArrayList.java:1257)
	org.springframework.messaging.rsocket.MetadataEncoder.encodeEntries(MetadataEncoder.java:191)
	reactor.core.publisher.FluxMap$MapSubscriber.onNext(FluxMap.java:100)
	reactor.core.publisher.Operators$MonoSubscriber.complete(Operators.java:1755)
	reactor.core.publisher.MonoZip$ZipCoordinator.signal(MonoZip.java:247)
	reactor.core.publisher.MonoZip$ZipInner.onNext(MonoZip.java:329)
	reactor.core.publisher.FluxDefaultIfEmpty$DefaultIfEmptySubscriber.onNext(FluxDefaultIfEmpty.java:92)
	reactor.core.publisher.FluxMap$MapSubscriber.onNext(FluxMap.java:114)
	reactor.core.publisher.MonoDelay$MonoDelayRunnable.run(MonoDelay.java:117)
	reactor.core.scheduler.SchedulerTask.call(SchedulerTask.java:68)
	reactor.core.scheduler.SchedulerTask.call(SchedulerTask.java:28)
	java.util.concurrent.FutureTask.run(FutureTask.java:266)
	java.util.concurrent.ScheduledThreadPoolExecutor$ScheduledFutureTask.access$201(ScheduledThreadPoolExecutor.java:180)
	java.util.concurrent.ScheduledThreadPoolExecutor$ScheduledFutureTask.run(ScheduledThreadPoolExecutor.java:293)
	java.util.concurrent.ThreadPoolExecutor.runWorker(ThreadPoolExecutor.java:1149)
	java.util.concurrent.ThreadPoolExecutor$Worker.run(ThreadPoolExecutor.java:624)
	java.lang.Thread.run(Thread.java:748)
#5:
	io.netty.buffer.AdvancedLeakAwareByteBuf.writeByte(AdvancedLeakAwareByteBuf.java:544)
	io.rsocket.metadata.CompositeMetadataFlyweight.encodeMetadataHeader(CompositeMetadataFlyweight.java:355)
	io.rsocket.metadata.CompositeMetadataFlyweight.encodeAndAddMetadata(CompositeMetadataFlyweight.java:216)
	org.springframework.messaging.rsocket.MetadataEncoder.lambda$encodeEntries$2(MetadataEncoder.java:193)
	java.util.ArrayList.forEach(ArrayList.java:1257)
	org.springframework.messaging.rsocket.MetadataEncoder.encodeEntries(MetadataEncoder.java:191)
	reactor.core.publisher.FluxMap$MapSubscriber.onNext(FluxMap.java:100)
	reactor.core.publisher.Operators$MonoSubscriber.complete(Operators.java:1755)
	reactor.core.publisher.MonoZip$ZipCoordinator.signal(MonoZip.java:247)
	reactor.core.publisher.MonoZip$ZipInner.onNext(MonoZip.java:329)
	reactor.core.publisher.FluxDefaultIfEmpty$DefaultIfEmptySubscriber.onNext(FluxDefaultIfEmpty.java:92)
	reactor.core.publisher.FluxMap$MapSubscriber.onNext(FluxMap.java:114)
	reactor.core.publisher.MonoDelay$MonoDelayRunnable.run(MonoDelay.java:117)
	reactor.core.scheduler.SchedulerTask.call(SchedulerTask.java:68)
	reactor.core.scheduler.SchedulerTask.call(SchedulerTask.java:28)
	java.util.concurrent.FutureTask.run(FutureTask.java:266)
	java.util.concurrent.ScheduledThreadPoolExecutor$ScheduledFutureTask.access$201(ScheduledThreadPoolExecutor.java:180)
	java.util.concurrent.ScheduledThreadPoolExecutor$ScheduledFutureTask.run(ScheduledThreadPoolExecutor.java:293)
	java.util.concurrent.ThreadPoolExecutor.runWorker(ThreadPoolExecutor.java:1149)
	java.util.concurrent.ThreadPoolExecutor$Worker.run(ThreadPoolExecutor.java:624)
	java.lang.Thread.run(Thread.java:748)
#6:
	io.netty.buffer.AdvancedLeakAwareByteBuf.forEachByte(AdvancedLeakAwareByteBuf.java:676)
	io.netty.buffer.ByteBufUtil.isAscii(ByteBufUtil.java:1314)
	io.netty.buffer.ByteBufUtil.isText(ByteBufUtil.java:1273)
	io.rsocket.metadata.CompositeMetadataFlyweight.encodeMetadataHeader(CompositeMetadataFlyweight.java:339)
	io.rsocket.metadata.CompositeMetadataFlyweight.encodeAndAddMetadata(CompositeMetadataFlyweight.java:216)
	org.springframework.messaging.rsocket.MetadataEncoder.lambda$encodeEntries$2(MetadataEncoder.java:193)
	java.util.ArrayList.forEach(ArrayList.java:1257)
	org.springframework.messaging.rsocket.MetadataEncoder.encodeEntries(MetadataEncoder.java:191)
	reactor.core.publisher.FluxMap$MapSubscriber.onNext(FluxMap.java:100)
	reactor.core.publisher.Operators$MonoSubscriber.complete(Operators.java:1755)
	reactor.core.publisher.MonoZip$ZipCoordinator.signal(MonoZip.java:247)
	reactor.core.publisher.MonoZip$ZipInner.onNext(MonoZip.java:329)
	reactor.core.publisher.FluxDefaultIfEmpty$DefaultIfEmptySubscriber.onNext(FluxDefaultIfEmpty.java:92)
	reactor.core.publisher.FluxMap$MapSubscriber.onNext(FluxMap.java:114)
	reactor.core.publisher.MonoDelay$MonoDelayRunnable.run(MonoDelay.java:117)
	reactor.core.scheduler.SchedulerTask.call(SchedulerTask.java:68)
	reactor.core.scheduler.SchedulerTask.call(SchedulerTask.java:28)
	java.util.concurrent.FutureTask.run(FutureTask.java:266)
	java.util.concurrent.ScheduledThreadPoolExecutor$ScheduledFutureTask.access$201(ScheduledThreadPoolExecutor.java:180)
	java.util.concurrent.ScheduledThreadPoolExecutor$ScheduledFutureTask.run(ScheduledThreadPoolExecutor.java:293)
	java.util.concurrent.ThreadPoolExecutor.runWorker(ThreadPoolExecutor.java:1149)
	java.util.concurrent.ThreadPoolExecutor$Worker.run(ThreadPoolExecutor.java:624)
	java.lang.Thread.run(Thread.java:748)
Created at:
	io.netty.buffer.PooledByteBufAllocator.newDirectBuffer(PooledByteBufAllocator.java:363)
	io.netty.buffer.AbstractByteBufAllocator.directBuffer(AbstractByteBufAllocator.java:187)
	io.netty.buffer.AbstractByteBufAllocator.directBuffer(AbstractByteBufAllocator.java:178)
	io.netty.buffer.AbstractByteBufAllocator.buffer(AbstractByteBufAllocator.java:115)
	io.rsocket.metadata.CompositeMetadataFlyweight.encodeMetadataHeader(CompositeMetadataFlyweight.java:330)
	io.rsocket.metadata.CompositeMetadataFlyweight.encodeAndAddMetadata(CompositeMetadataFlyweight.java:216)
	org.springframework.messaging.rsocket.MetadataEncoder.lambda$encodeEntries$2(MetadataEncoder.java:193)
	java.util.ArrayList.forEach(ArrayList.java:1257)
	org.springframework.messaging.rsocket.MetadataEncoder.encodeEntries(MetadataEncoder.java:191)
	reactor.core.publisher.FluxMap$MapSubscriber.onNext(FluxMap.java:100)
	reactor.core.publisher.Operators$MonoSubscriber.complete(Operators.java:1755)
	reactor.core.publisher.MonoZip$ZipCoordinator.signal(MonoZip.java:247)
	reactor.core.publisher.MonoZip$ZipInner.onNext(MonoZip.java:329)
	reactor.core.publisher.FluxDefaultIfEmpty$DefaultIfEmptySubscriber.onNext(FluxDefaultIfEmpty.java:92)
	reactor.core.publisher.FluxMap$MapSubscriber.onNext(FluxMap.java:114)
	reactor.core.publisher.MonoDelay$MonoDelayRunnable.run(MonoDelay.java:117)
	reactor.core.scheduler.SchedulerTask.call(SchedulerTask.java:68)
	reactor.core.scheduler.SchedulerTask.call(SchedulerTask.java:28)
	java.util.concurrent.FutureTask.run(FutureTask.java:266)
	java.util.concurrent.ScheduledThreadPoolExecutor$ScheduledFutureTask.access$201(ScheduledThreadPoolExecutor.java:180)
	java.util.concurrent.ScheduledThreadPoolExecutor$ScheduledFutureTask.run(ScheduledThreadPoolExecutor.java:293)
	java.util.concurrent.ThreadPoolExecutor.runWorker(ThreadPoolExecutor.java:1149)
	java.util.concurrent.ThreadPoolExecutor$Worker.run(ThreadPoolExecutor.java:624)
	java.lang.Thread.run(Thread.java:748)
22:22:58.706 [Test worker] ERROR i.n.u.ResourceLeakDetector - LEAK: ByteBuf.release() was not called before it's garbage-collected. See https://netty.io/wiki/reference-counted-objects.html for more information.
Recent access records: 
Created at:
	io.netty.buffer.PooledByteBufAllocator.newDirectBuffer(PooledByteBufAllocator.java:363)
	io.netty.buffer.AbstractByteBufAllocator.directBuffer(AbstractByteBufAllocator.java:187)
	io.netty.buffer.AbstractByteBufAllocator.directBuffer(AbstractByteBufAllocator.java:178)
	io.netty.buffer.AbstractByteBufAllocator.buffer(AbstractByteBufAllocator.java:115)
	org.springframework.core.io.buffer.NettyDataBufferFactory.allocateBuffer(NettyDataBufferFactory.java:71)
	org.springframework.core.io.buffer.NettyDataBufferFactory.allocateBuffer(NettyDataBufferFactory.java:39)
	org.springframework.core.codec.CharSequenceEncoder.encodeValue(CharSequenceEncoder.java:91)
	org.springframework.core.codec.CharSequenceEncoder.encodeValue(CharSequenceEncoder.java:47)
	org.springframework.messaging.rsocket.MetadataEncoder.encodeEntry(MetadataEncoder.java:240)
	org.springframework.messaging.rsocket.MetadataEncoder.encodeEntries(MetadataEncoder.java:209)
	org.springframework.messaging.rsocket.MetadataEncoder.lambda$encode$1(MetadataEncoder.java:180)
	reactor.core.publisher.MonoCallable.subscribe(MonoCallable.java:56)
	reactor.core.publisher.Mono.subscribe(Mono.java:4208)
	reactor.core.publisher.MonoZip.subscribe(MonoZip.java:128)
	reactor.core.publisher.Mono.subscribe(Mono.java:4208)
	reactor.core.publisher.Mono.block(Mono.java:1699)
	org.springframework.messaging.rsocket.DefaultRSocketRequesterTests.retrieveMonoVoid(DefaultRSocketRequesterTests.java:193)
	sun.reflect.NativeMethodAccessorImpl.invoke0(Native Method)
	sun.reflect.NativeMethodAccessorImpl.invoke(NativeMethodAccessorImpl.java:62)
	sun.reflect.DelegatingMethodAccessorImpl.invoke(DelegatingMethodAccessorImpl.java:43)
	java.lang.reflect.Method.invoke(Method.java:498)
	org.junit.platform.commons.util.ReflectionUtils.invokeMethod(ReflectionUtils.java:686)
	org.junit.jupiter.engine.execution.MethodInvocation.proceed(MethodInvocation.java:60)
	org.junit.jupiter.engine.execution.InvocationInterceptorChain$ValidatingInvocation.proceed(InvocationInterceptorChain.java:131)
	org.junit.jupiter.engine.extension.TimeoutExtension.intercept(TimeoutExtension.java:149)
	org.junit.jupiter.engine.extension.TimeoutExtension.interceptTestableMethod(TimeoutExtension.java:140)
	org.junit.jupiter.engine.extension.TimeoutExtension.interceptTestMethod(TimeoutExtension.java:84)
	org.junit.jupiter.engine.execution.ExecutableInvoker$ReflectiveInterceptorCall.lambda$ofVoidMethod$0(ExecutableInvoker.java:115)
	org.junit.jupiter.engine.execution.ExecutableInvoker.lambda$invoke$0(ExecutableInvoker.java:105)
	org.junit.jupiter.engine.execution.InvocationInterceptorChain$InterceptedInvocation.proceed(InvocationInterceptorChain.java:106)
	org.junit.jupiter.engine.execution.InvocationInterceptorChain.proceed(InvocationInterceptorChain.java:64)
	org.junit.jupiter.engine.execution.InvocationInterceptorChain.chainAndInvoke(InvocationInterceptorChain.java:45)
	org.junit.jupiter.engine.execution.InvocationInterceptorChain.invoke(InvocationInterceptorChain.java:37)
	org.junit.jupiter.engine.execution.ExecutableInvoker.invoke(ExecutableInvoker.java:104)
	org.junit.jupiter.engine.execution.ExecutableInvoker.invoke(ExecutableInvoker.java:98)
	org.junit.jupiter.engine.descriptor.TestMethodTestDescriptor.lambda$invokeTestMethod$6(TestMethodTestDescriptor.java:212)
	org.junit.platform.engine.support.hierarchical.ThrowableCollector.execute(ThrowableCollector.java:73)
	org.junit.jupiter.engine.descriptor.TestMethodTestDescriptor.invokeTestMethod(TestMethodTestDescriptor.java:208)
	org.junit.jupiter.engine.descriptor.TestMethodTestDescriptor.execute(TestMethodTestDescriptor.java:137)
	org.junit.jupiter.engine.descriptor.TestMethodTestDescriptor.execute(TestMethodTestDescriptor.java:71)
	org.junit.platform.engine.support.hierarchical.NodeTestTask.lambda$executeRecursively$5(NodeTestTask.java:135)
	org.junit.platform.engine.support.hierarchical.ThrowableCollector.execute(ThrowableCollector.java:73)
	org.junit.platform.engine.support.hierarchical.NodeTestTask.lambda$executeRecursively$7(NodeTestTask.java:125)
	org.junit.platform.engine.support.hierarchical.Node.around(Node.java:135)
	org.junit.platform.engine.support.hierarchical.NodeTestTask.lambda$executeRecursively$8(NodeTestTask.java:123)
	org.junit.platform.engine.support.hierarchical.ThrowableCollector.execute(ThrowableCollector.java:73)
	org.junit.platform.engine.support.hierarchical.NodeTestTask.executeRecursively(NodeTestTask.java:122)
	org.junit.platform.engine.support.hierarchical.NodeTestTask.execute(NodeTestTask.java:80)
	java.util.ArrayList.forEach(ArrayList.java:1257)
	org.junit.platform.engine.support.hierarchical.SameThreadHierarchicalTestExecutorService.invokeAll(SameThreadHierarchicalTestExecutorService.java:38)
	org.junit.platform.engine.support.hierarchical.NodeTestTask.lambda$executeRecursively$5(NodeTestTask.java:139)
	org.junit.platform.engine.support.hierarchical.ThrowableCollector.execute(ThrowableCollector.java:73)
	org.junit.platform.engine.support.hierarchical.NodeTestTask.lambda$executeRecursively$7(NodeTestTask.java:125)
	org.junit.platform.engine.support.hierarchical.Node.around(Node.java:135)
	org.junit.platform.engine.support.hierarchical.NodeTestTask.lambda$executeRecursively$8(NodeTestTask.java:123)
	org.junit.platform.engine.support.hierarchical.ThrowableCollector.execute(ThrowableCollector.java:73)
	org.junit.platform.engine.support.hierarchical.NodeTestTask.executeRecursively(NodeTestTask.java:122)
	org.junit.platform.engine.support.hierarchical.NodeTestTask.execute(NodeTestTask.java:80)
	java.util.ArrayList.forEach(ArrayList.java:1257)
	org.junit.platform.engine.support.hierarchical.SameThreadHierarchicalTestExecutorService.invokeAll(SameThreadHierarchicalTestExecutorService.java:38)
	org.junit.platform.engine.support.hierarchical.NodeTestTask.lambda$executeRecursively$5(NodeTestTask.java:139)
	org.junit.platform.engine.support.hierarchical.ThrowableCollector.execute(ThrowableCollector.java:73)
	org.junit.platform.engine.support.hierarchical.NodeTestTask.lambda$executeRecursively$7(NodeTestTask.java:125)
	org.junit.platform.engine.support.hierarchical.Node.around(Node.java:135)
	org.junit.platform.engine.support.hierarchical.NodeTestTask.lambda$executeRecursively$8(NodeTestTask.java:123)
	org.junit.platform.engine.support.hierarchical.ThrowableCollector.execute(ThrowableCollector.java:73)
	org.junit.platform.engine.support.hierarchical.NodeTestTask.executeRecursively(NodeTestTask.java:122)
	org.junit.platform.engine.support.hierarchical.NodeTestTask.execute(NodeTestTask.java:80)
	org.junit.platform.engine.support.hierarchical.SameThreadHierarchicalTestExecutorService.submit(SameThreadHierarchicalTestExecutorService.java:32)
	org.junit.platform.engine.support.hierarchical.HierarchicalTestExecutor.execute(HierarchicalTestExecutor.java:57)
	org.junit.platform.engine.support.hierarchical.HierarchicalTestEngine.execute(HierarchicalTestEngine.java:51)
	org.junit.platform.launcher.core.DefaultLauncher.execute(DefaultLauncher.java:248)
	org.junit.platform.launcher.core.DefaultLauncher.lambda$execute$5(DefaultLauncher.java:211)
	org.junit.platform.launcher.core.DefaultLauncher.withInterceptedStreams(DefaultLauncher.java:226)
	org.junit.platform.launcher.core.DefaultLauncher.execute(DefaultLauncher.java:199)
	org.junit.platform.launcher.core.DefaultLauncher.execute(DefaultLauncher.java:132)
	org.gradle.api.internal.tasks.testing.junitplatform.JUnitPlatformTestClassProcessor$CollectAllTestClassesExecutor.processAllTestClasses(JUnitPlatformTestClassProcessor.java:102)
	org.gradle.api.internal.tasks.testing.junitplatform.JUnitPlatformTestClassProcessor$CollectAllTestClassesExecutor.access$000(JUnitPlatformTestClassProcessor.java:82)
	org.gradle.api.internal.tasks.testing.junitplatform.JUnitPlatformTestClassProcessor.stop(JUnitPlatformTestClassProcessor.java:78)
	org.gradle.api.internal.tasks.testing.SuiteTestClassProcessor.stop(SuiteTestClassProcessor.java:61)
	sun.reflect.NativeMethodAccessorImpl.invoke0(Native Method)
	sun.reflect.NativeMethodAccessorImpl.invoke(NativeMethodAccessorImpl.java:62)
	sun.reflect.DelegatingMethodAccessorImpl.invoke(DelegatingMethodAccessorImpl.java:43)
	java.lang.reflect.Method.invoke(Method.java:498)
	org.gradle.internal.dispatch.ReflectionDispatch.dispatch(ReflectionDispatch.java:36)
	org.gradle.internal.dispatch.ReflectionDispatch.dispatch(ReflectionDispatch.java:24)
	org.gradle.internal.dispatch.ContextClassLoaderDispatch.dispatch(ContextClassLoaderDispatch.java:33)
	org.gradle.internal.dispatch.ProxyDispatchAdapter$DispatchingInvocationHandler.invoke(ProxyDispatchAdapter.java:94)
	com.sun.proxy.$Proxy2.stop(Unknown Source)
	org.gradle.api.internal.tasks.testing.worker.TestWorker.stop(TestWorker.java:132)
	sun.reflect.NativeMethodAccessorImpl.invoke0(Native Method)
	sun.reflect.NativeMethodAccessorImpl.invoke(NativeMethodAccessorImpl.java:62)
	sun.reflect.DelegatingMethodAccessorImpl.invoke(DelegatingMethodAccessorImpl.java:43)
	java.lang.reflect.Method.invoke(Method.java:498)
	org.gradle.internal.dispatch.ReflectionDispatch.dispatch(ReflectionDispatch.java:36)
	org.gradle.internal.dispatch.ReflectionDispatch.dispatch(ReflectionDispatch.java:24)
	org.gradle.internal.remote.internal.hub.MessageHubBackedObjectConnection$DispatchWrapper.dispatch(MessageHubBackedObjectConnection.java:182)
	org.gradle.internal.remote.internal.hub.MessageHubBackedObjectConnection$DispatchWrapper.dispatch(MessageHubBackedObjectConnection.java:164)
	org.gradle.internal.remote.internal.hub.MessageHub$Handler.run(MessageHub.java:412)
	org.gradle.internal.concurrent.ExecutorPolicy$CatchAndRecordFailures.onExecute(ExecutorPolicy.java:64)
	org.gradle.internal.concurrent.ManagedExecutorImpl$1.run(ManagedExecutorImpl.java:48)
	java.util.concurrent.ThreadPoolExecutor.runWorker(ThreadPoolExecutor.java:1149)
	java.util.concurrent.ThreadPoolExecutor$Worker.run(ThreadPoolExecutor.java:624)
	org.gradle.internal.concurrent.ThreadFactoryImpl$ManagedThreadRunnable.run(ThreadFactoryImpl.java:56)
	java.lang.Thread.run(Thread.java:748)
22:22:58.709 [Test worker] ERROR i.n.u.ResourceLeakDetector - LEAK: ByteBuf.release() was not called before it's garbage-collected. See https://netty.io/wiki/reference-counted-objects.html for more information.
Recent access records: 
#1:
	io.netty.buffer.AdvancedLeakAwareByteBuf.toString(AdvancedLeakAwareByteBuf.java:742)
	org.springframework.core.io.buffer.NettyDataBuffer.toString(NettyDataBuffer.java:299)
	org.springframework.messaging.rsocket.MetadataEncoderTests.routeWithTextPlainMimeType(MetadataEncoderTests.java:126)
	sun.reflect.NativeMethodAccessorImpl.invoke0(Native Method)
	sun.reflect.NativeMethodAccessorImpl.invoke(NativeMethodAccessorImpl.java:62)
	sun.reflect.DelegatingMethodAccessorImpl.invoke(DelegatingMethodAccessorImpl.java:43)
	java.lang.reflect.Method.invoke(Method.java:498)
	org.junit.platform.commons.util.ReflectionUtils.invokeMethod(ReflectionUtils.java:686)
	org.junit.jupiter.engine.execution.MethodInvocation.proceed(MethodInvocation.java:60)
	org.junit.jupiter.engine.execution.InvocationInterceptorChain$ValidatingInvocation.proceed(InvocationInterceptorChain.java:131)
	org.junit.jupiter.engine.extension.TimeoutExtension.intercept(TimeoutExtension.java:149)
	org.junit.jupiter.engine.extension.TimeoutExtension.interceptTestableMethod(TimeoutExtension.java:140)
	org.junit.jupiter.engine.extension.TimeoutExtension.interceptTestMethod(TimeoutExtension.java:84)
	org.junit.jupiter.engine.execution.ExecutableInvoker$ReflectiveInterceptorCall.lambda$ofVoidMethod$0(ExecutableInvoker.java:115)
	org.junit.jupiter.engine.execution.ExecutableInvoker.lambda$invoke$0(ExecutableInvoker.java:105)
	org.junit.jupiter.engine.execution.InvocationInterceptorChain$InterceptedInvocation.proceed(InvocationInterceptorChain.java:106)
	org.junit.jupiter.engine.execution.InvocationInterceptorChain.proceed(InvocationInterceptorChain.java:64)
	org.junit.jupiter.engine.execution.InvocationInterceptorChain.chainAndInvoke(InvocationInterceptorChain.java:45)
	org.junit.jupiter.engine.execution.InvocationInterceptorChain.invoke(InvocationInterceptorChain.java:37)
	org.junit.jupiter.engine.execution.ExecutableInvoker.invoke(ExecutableInvoker.java:104)
	org.junit.jupiter.engine.execution.ExecutableInvoker.invoke(ExecutableInvoker.java:98)
	org.junit.jupiter.engine.descriptor.TestMethodTestDescriptor.lambda$invokeTestMethod$6(TestMethodTestDescriptor.java:212)
	org.junit.platform.engine.support.hierarchical.ThrowableCollector.execute(ThrowableCollector.java:73)
	org.junit.jupiter.engine.descriptor.TestMethodTestDescriptor.invokeTestMethod(TestMethodTestDescriptor.java:208)
	org.junit.jupiter.engine.descriptor.TestMethodTestDescriptor.execute(TestMethodTestDescriptor.java:137)
	org.junit.jupiter.engine.descriptor.TestMethodTestDescriptor.execute(TestMethodTestDescriptor.java:71)
	org.junit.platform.engine.support.hierarchical.NodeTestTask.lambda$executeRecursively$5(NodeTestTask.java:135)
	org.junit.platform.engine.support.hierarchical.ThrowableCollector.execute(ThrowableCollector.java:73)
	org.junit.platform.engine.support.hierarchical.NodeTestTask.lambda$executeRecursively$7(NodeTestTask.java:125)
	org.junit.platform.engine.support.hierarchical.Node.around(Node.java:135)
	org.junit.platform.engine.support.hierarchical.NodeTestTask.lambda$executeRecursively$8(NodeTestTask.java:123)
	org.junit.platform.engine.support.hierarchical.ThrowableCollector.execute(ThrowableCollector.java:73)
	org.junit.platform.engine.support.hierarchical.NodeTestTask.executeRecursively(NodeTestTask.java:122)
	org.junit.platform.engine.support.hierarchical.NodeTestTask.execute(NodeTestTask.java:80)
	java.util.ArrayList.forEach(ArrayList.java:1257)
	org.junit.platform.engine.support.hierarchical.SameThreadHierarchicalTestExecutorService.invokeAll(SameThreadHierarchicalTestExecutorService.java:38)
	org.junit.platform.engine.support.hierarchical.NodeTestTask.lambda$executeRecursively$5(NodeTestTask.java:139)
	org.junit.platform.engine.support.hierarchical.ThrowableCollector.execute(ThrowableCollector.java:73)
	org.junit.platform.engine.support.hierarchical.NodeTestTask.lambda$executeRecursively$7(NodeTestTask.java:125)
	org.junit.platform.engine.support.hierarchical.Node.around(Node.java:135)
	org.junit.platform.engine.support.hierarchical.NodeTestTask.lambda$executeRecursively$8(NodeTestTask.java:123)
	org.junit.platform.engine.support.hierarchical.ThrowableCollector.execute(ThrowableCollector.java:73)
	org.junit.platform.engine.support.hierarchical.NodeTestTask.executeRecursively(NodeTestTask.java:122)
	org.junit.platform.engine.support.hierarchical.NodeTestTask.execute(NodeTestTask.java:80)
	java.util.ArrayList.forEach(ArrayList.java:1257)
	org.junit.platform.engine.support.hierarchical.SameThreadHierarchicalTestExecutorService.invokeAll(SameThreadHierarchicalTestExecutorService.java:38)
	org.junit.platform.engine.support.hierarchical.NodeTestTask.lambda$executeRecursively$5(NodeTestTask.java:139)
	org.junit.platform.engine.support.hierarchical.ThrowableCollector.execute(ThrowableCollector.java:73)
	org.junit.platform.engine.support.hierarchical.NodeTestTask.lambda$executeRecursively$7(NodeTestTask.java:125)
	org.junit.platform.engine.support.hierarchical.Node.around(Node.java:135)
	org.junit.platform.engine.support.hierarchical.NodeTestTask.lambda$executeRecursively$8(NodeTestTask.java:123)
	org.junit.platform.engine.support.hierarchical.ThrowableCollector.execute(ThrowableCollector.java:73)
	org.junit.platform.engine.support.hierarchical.NodeTestTask.executeRecursively(NodeTestTask.java:122)
	org.junit.platform.engine.support.hierarchical.NodeTestTask.execute(NodeTestTask.java:80)
	org.junit.platform.engine.support.hierarchical.SameThreadHierarchicalTestExecutorService.submit(SameThreadHierarchicalTestExecutorService.java:32)
	org.junit.platform.engine.support.hierarchical.HierarchicalTestExecutor.execute(HierarchicalTestExecutor.java:57)
	org.junit.platform.engine.support.hierarchical.HierarchicalTestEngine.execute(HierarchicalTestEngine.java:51)
	org.junit.platform.launcher.core.DefaultLauncher.execute(DefaultLauncher.java:248)
	org.junit.platform.launcher.core.DefaultLauncher.lambda$execute$5(DefaultLauncher.java:211)
	org.junit.platform.launcher.core.DefaultLauncher.withInterceptedStreams(DefaultLauncher.java:226)
	org.junit.platform.launcher.core.DefaultLauncher.execute(DefaultLauncher.java:199)
	org.junit.platform.launcher.core.DefaultLauncher.execute(DefaultLauncher.java:132)
	org.gradle.api.internal.tasks.testing.junitplatform.JUnitPlatformTestClassProcessor$CollectAllTestClassesExecutor.processAllTestClasses(JUnitPlatformTestClassProcessor.java:102)
	org.gradle.api.internal.tasks.testing.junitplatform.JUnitPlatformTestClassProcessor$CollectAllTestClassesExecutor.access$000(JUnitPlatformTestClassProcessor.java:82)
	org.gradle.api.internal.tasks.testing.junitplatform.JUnitPlatformTestClassProcessor.stop(JUnitPlatformTestClassProcessor.java:78)
	org.gradle.api.internal.tasks.testing.SuiteTestClassProcessor.stop(SuiteTestClassProcessor.java:61)
	sun.reflect.NativeMethodAccessorImpl.invoke0(Native Method)
	sun.reflect.NativeMethodAccessorImpl.invoke(NativeMethodAccessorImpl.java:62)
	sun.reflect.DelegatingMethodAccessorImpl.invoke(DelegatingMethodAccessorImpl.java:43)
	java.lang.reflect.Method.invoke(Method.java:498)
	org.gradle.internal.dispatch.ReflectionDispatch.dispatch(ReflectionDispatch.java:36)
	org.gradle.internal.dispatch.ReflectionDispatch.dispatch(ReflectionDispatch.java:24)
	org.gradle.internal.dispatch.ContextClassLoaderDispatch.dispatch(ContextClassLoaderDispatch.java:33)
	org.gradle.internal.dispatch.ProxyDispatchAdapter$DispatchingInvocationHandler.invoke(ProxyDispatchAdapter.java:94)
	com.sun.proxy.$Proxy2.stop(Unknown Source)
	org.gradle.api.internal.tasks.testing.worker.TestWorker.stop(TestWorker.java:132)
	sun.reflect.NativeMethodAccessorImpl.invoke0(Native Method)
	sun.reflect.NativeMethodAccessorImpl.invoke(NativeMethodAccessorImpl.java:62)
	sun.reflect.DelegatingMethodAccessorImpl.invoke(DelegatingMethodAccessorImpl.java:43)
	java.lang.reflect.Method.invoke(Method.java:498)
	org.gradle.internal.dispatch.ReflectionDispatch.dispatch(ReflectionDispatch.java:36)
	org.gradle.internal.dispatch.ReflectionDispatch.dispatch(ReflectionDispatch.java:24)
	org.gradle.internal.remote.internal.hub.MessageHubBackedObjectConnection$DispatchWrapper.dispatch(MessageHubBackedObjectConnection.java:182)
	org.gradle.internal.remote.internal.hub.MessageHubBackedObjectConnection$DispatchWrapper.dispatch(MessageHubBackedObjectConnection.java:164)
	org.gradle.internal.remote.internal.hub.MessageHub$Handler.run(MessageHub.java:412)
	org.gradle.internal.concurrent.ExecutorPolicy$CatchAndRecordFailures.onExecute(ExecutorPolicy.java:64)
	org.gradle.internal.concurrent.ManagedExecutorImpl$1.run(ManagedExecutorImpl.java:48)
	java.util.concurrent.ThreadPoolExecutor.runWorker(ThreadPoolExecutor.java:1149)
	java.util.concurrent.ThreadPoolExecutor$Worker.run(ThreadPoolExecutor.java:624)
	org.gradle.internal.concurrent.ThreadFactoryImpl$ManagedThreadRunnable.run(ThreadFactoryImpl.java:56)
	java.lang.Thread.run(Thread.java:748)
Created at:
	io.netty.buffer.PooledByteBufAllocator.newDirectBuffer(PooledByteBufAllocator.java:363)
	io.netty.buffer.AbstractByteBufAllocator.directBuffer(AbstractByteBufAllocator.java:187)
	io.netty.buffer.AbstractByteBufAllocator.directBuffer(AbstractByteBufAllocator.java:178)
	io.netty.buffer.AbstractByteBufAllocator.buffer(AbstractByteBufAllocator.java:115)
	org.springframework.core.io.buffer.NettyDataBufferFactory.allocateBuffer(NettyDataBufferFactory.java:71)
	org.springframework.core.io.buffer.NettyDataBufferFactory.allocateBuffer(NettyDataBufferFactory.java:39)
	org.springframework.core.codec.CharSequenceEncoder.encodeValue(CharSequenceEncoder.java:91)
	org.springframework.core.codec.CharSequenceEncoder.encodeValue(CharSequenceEncoder.java:47)
	org.springframework.messaging.rsocket.MetadataEncoder.encodeEntry(MetadataEncoder.java:240)
	org.springframework.messaging.rsocket.MetadataEncoder.encodeEntries(MetadataEncoder.java:209)
	org.springframework.messaging.rsocket.MetadataEncoder.lambda$encode$1(MetadataEncoder.java:180)
	reactor.core.publisher.MonoCallable.block(MonoCallable.java:81)
	reactor.core.publisher.MonoCallable.block(MonoCallable.java:74)
	org.springframework.messaging.rsocket.MetadataEncoderTests.routeWithTextPlainMimeType(MetadataEncoderTests.java:124)
	sun.reflect.NativeMethodAccessorImpl.invoke0(Native Method)
	sun.reflect.NativeMethodAccessorImpl.invoke(NativeMethodAccessorImpl.java:62)
	sun.reflect.DelegatingMethodAccessorImpl.invoke(DelegatingMethodAccessorImpl.java:43)
	java.lang.reflect.Method.invoke(Method.java:498)
	org.junit.platform.commons.util.ReflectionUtils.invokeMethod(ReflectionUtils.java:686)
	org.junit.jupiter.engine.execution.MethodInvocation.proceed(MethodInvocation.java:60)
	org.junit.jupiter.engine.execution.InvocationInterceptorChain$ValidatingInvocation.proceed(InvocationInterceptorChain.java:131)
	org.junit.jupiter.engine.extension.TimeoutExtension.intercept(TimeoutExtension.java:149)
	org.junit.jupiter.engine.extension.TimeoutExtension.interceptTestableMethod(TimeoutExtension.java:140)
	org.junit.jupiter.engine.extension.TimeoutExtension.interceptTestMethod(TimeoutExtension.java:84)
	org.junit.jupiter.engine.execution.ExecutableInvoker$ReflectiveInterceptorCall.lambda$ofVoidMethod$0(ExecutableInvoker.java:115)
	org.junit.jupiter.engine.execution.ExecutableInvoker.lambda$invoke$0(ExecutableInvoker.java:105)
	org.junit.jupiter.engine.execution.InvocationInterceptorChain$InterceptedInvocation.proceed(InvocationInterceptorChain.java:106)
	org.junit.jupiter.engine.execution.InvocationInterceptorChain.proceed(InvocationInterceptorChain.java:64)
	org.junit.jupiter.engine.execution.InvocationInterceptorChain.chainAndInvoke(InvocationInterceptorChain.java:45)
	org.junit.jupiter.engine.execution.InvocationInterceptorChain.invoke(InvocationInterceptorChain.java:37)
	org.junit.jupiter.engine.execution.ExecutableInvoker.invoke(ExecutableInvoker.java:104)
	org.junit.jupiter.engine.execution.ExecutableInvoker.invoke(ExecutableInvoker.java:98)
	org.junit.jupiter.engine.descriptor.TestMethodTestDescriptor.lambda$invokeTestMethod$6(TestMethodTestDescriptor.java:212)
	org.junit.platform.engine.support.hierarchical.ThrowableCollector.execute(ThrowableCollector.java:73)
	org.junit.jupiter.engine.descriptor.TestMethodTestDescriptor.invokeTestMethod(TestMethodTestDescriptor.java:208)
	org.junit.jupiter.engine.descriptor.TestMethodTestDescriptor.execute(TestMethodTestDescriptor.java:137)
	org.junit.jupiter.engine.descriptor.TestMethodTestDescriptor.execute(TestMethodTestDescriptor.java:71)
	org.junit.platform.engine.support.hierarchical.NodeTestTask.lambda$executeRecursively$5(NodeTestTask.java:135)
	org.junit.platform.engine.support.hierarchical.ThrowableCollector.execute(ThrowableCollector.java:73)
	org.junit.platform.engine.support.hierarchical.NodeTestTask.lambda$executeRecursively$7(NodeTestTask.java:125)
	org.junit.platform.engine.support.hierarchical.Node.around(Node.java:135)
	org.junit.platform.engine.support.hierarchical.NodeTestTask.lambda$executeRecursively$8(NodeTestTask.java:123)
	org.junit.platform.engine.support.hierarchical.ThrowableCollector.execute(ThrowableCollector.java:73)
	org.junit.platform.engine.support.hierarchical.NodeTestTask.executeRecursively(NodeTestTask.java:122)
	org.junit.platform.engine.support.hierarchical.NodeTestTask.execute(NodeTestTask.java:80)
	java.util.ArrayList.forEach(ArrayList.java:1257)
	org.junit.platform.engine.support.hierarchical.SameThreadHierarchicalTestExecutorService.invokeAll(SameThreadHierarchicalTestExecutorService.java:38)
	org.junit.platform.engine.support.hierarchical.NodeTestTask.lambda$executeRecursively$5(NodeTestTask.java:139)
	org.junit.platform.engine.support.hierarchical.ThrowableCollector.execute(ThrowableCollector.java:73)
	org.junit.platform.engine.support.hierarchical.NodeTestTask.lambda$executeRecursively$7(NodeTestTask.java:125)
	org.junit.platform.engine.support.hierarchical.Node.around(Node.java:135)
	org.junit.platform.engine.support.hierarchical.NodeTestTask.lambda$executeRecursively$8(NodeTestTask.java:123)
	org.junit.platform.engine.support.hierarchical.ThrowableCollector.execute(ThrowableCollector.java:73)
	org.junit.platform.engine.support.hierarchical.NodeTestTask.executeRecursively(NodeTestTask.java:122)
	org.junit.platform.engine.support.hierarchical.NodeTestTask.execute(NodeTestTask.java:80)
	java.util.ArrayList.forEach(ArrayList.java:1257)
	org.junit.platform.engine.support.hierarchical.SameThreadHierarchicalTestExecutorService.invokeAll(SameThreadHierarchicalTestExecutorService.java:38)
	org.junit.platform.engine.support.hierarchical.NodeTestTask.lambda$executeRecursively$5(NodeTestTask.java:139)
	org.junit.platform.engine.support.hierarchical.ThrowableCollector.execute(ThrowableCollector.java:73)
	org.junit.platform.engine.support.hierarchical.NodeTestTask.lambda$executeRecursively$7(NodeTestTask.java:125)
	org.junit.platform.engine.support.hierarchical.Node.around(Node.java:135)
	org.junit.platform.engine.support.hierarchical.NodeTestTask.lambda$executeRecursively$8(NodeTestTask.java:123)
	org.junit.platform.engine.support.hierarchical.ThrowableCollector.execute(ThrowableCollector.java:73)
	org.junit.platform.engine.support.hierarchical.NodeTestTask.executeRecursively(NodeTestTask.java:122)
	org.junit.platform.engine.support.hierarchical.NodeTestTask.execute(NodeTestTask.java:80)
	org.junit.platform.engine.support.hierarchical.SameThreadHierarchicalTestExecutorService.submit(SameThreadHierarchicalTestExecutorService.java:32)
	org.junit.platform.engine.support.hierarchical.HierarchicalTestExecutor.execute(HierarchicalTestExecutor.java:57)
	org.junit.platform.engine.support.hierarchical.HierarchicalTestEngine.execute(HierarchicalTestEngine.java:51)
	org.junit.platform.launcher.core.DefaultLauncher.execute(DefaultLauncher.java:248)
	org.junit.platform.launcher.core.DefaultLauncher.lambda$execute$5(DefaultLauncher.java:211)
	org.junit.platform.launcher.core.DefaultLauncher.withInterceptedStreams(DefaultLauncher.java:226)
	org.junit.platform.launcher.core.DefaultLauncher.execute(DefaultLauncher.java:199)
	org.junit.platform.launcher.core.DefaultLauncher.execute(DefaultLauncher.java:132)
	org.gradle.api.internal.tasks.testing.junitplatform.JUnitPlatformTestClassProcessor$CollectAllTestClassesExecutor.processAllTestClasses(JUnitPlatformTestClassProcessor.java:102)
	org.gradle.api.internal.tasks.testing.junitplatform.JUnitPlatformTestClassProcessor$CollectAllTestClassesExecutor.access$000(JUnitPlatformTestClassProcessor.java:82)
	org.gradle.api.internal.tasks.testing.junitplatform.JUnitPlatformTestClassProcessor.stop(JUnitPlatformTestClassProcessor.java:78)
	org.gradle.api.internal.tasks.testing.SuiteTestClassProcessor.stop(SuiteTestClassProcessor.java:61)
	sun.reflect.NativeMethodAccessorImpl.invoke0(Native Method)
	sun.reflect.NativeMethodAccessorImpl.invoke(NativeMethodAccessorImpl.java:62)
	sun.reflect.DelegatingMethodAccessorImpl.invoke(DelegatingMethodAccessorImpl.java:43)
	java.lang.reflect.Method.invoke(Method.java:498)
	org.gradle.internal.dispatch.ReflectionDispatch.dispatch(ReflectionDispatch.java:36)
	org.gradle.internal.dispatch.ReflectionDispatch.dispatch(ReflectionDispatch.java:24)
	org.gradle.internal.dispatch.ContextClassLoaderDispatch.dispatch(ContextClassLoaderDispatch.java:33)
	org.gradle.internal.dispatch.ProxyDispatchAdapter$DispatchingInvocationHandler.invoke(ProxyDispatchAdapter.java:94)
	com.sun.proxy.$Proxy2.stop(Unknown Source)
	org.gradle.api.internal.tasks.testing.worker.TestWorker.stop(TestWorker.java:132)
	sun.reflect.NativeMethodAccessorImpl.invoke0(Native Method)
	sun.reflect.NativeMethodAccessorImpl.invoke(NativeMethodAccessorImpl.java:62)
	sun.reflect.DelegatingMethodAccessorImpl.invoke(DelegatingMethodAccessorImpl.java:43)
	java.lang.reflect.Method.invoke(Method.java:498)
	org.gradle.internal.dispatch.ReflectionDispatch.dispatch(ReflectionDispatch.java:36)
	org.gradle.internal.dispatch.ReflectionDispatch.dispatch(ReflectionDispatch.java:24)
	org.gradle.internal.remote.internal.hub.MessageHubBackedObjectConnection$DispatchWrapper.dispatch(MessageHubBackedObjectConnection.java:182)
	org.gradle.internal.remote.internal.hub.MessageHubBackedObjectConnection$DispatchWrapper.dispatch(MessageHubBackedObjectConnection.java:164)
	org.gradle.internal.remote.internal.hub.MessageHub$Handler.run(MessageHub.java:412)
	org.gradle.internal.concurrent.ExecutorPolicy$CatchAndRecordFailures.onExecute(ExecutorPolicy.java:64)
	org.gradle.internal.concurrent.ManagedExecutorImpl$1.run(ManagedExecutorImpl.java:48)
	java.util.concurrent.ThreadPoolExecutor.runWorker(ThreadPoolExecutor.java:1149)
	java.util.concurrent.ThreadPoolExecutor$Worker.run(ThreadPoolExecutor.java:624)
	org.gradle.internal.concurrent.ThreadFactoryImpl$ManagedThreadRunnable.run(ThreadFactoryImpl.java:56)
	java.lang.Thread.run(Thread.java:748)
22:22:58.715 [Test worker] ERROR i.n.u.ResourceLeakDetector - LEAK: ByteBuf.release() was not called before it's garbage-collected. See https://netty.io/wiki/reference-counted-objects.html for more information.
Recent access records: 
#1:
	io.netty.buffer.AdvancedLeakAwareByteBuf.toString(AdvancedLeakAwareByteBuf.java:742)
	org.springframework.core.io.buffer.NettyDataBuffer.toString(NettyDataBuffer.java:299)
	org.springframework.messaging.rsocket.MetadataEncoderTests.routeWithVars(MetadataEncoderTests.java:137)
	sun.reflect.NativeMethodAccessorImpl.invoke0(Native Method)
	sun.reflect.NativeMethodAccessorImpl.invoke(NativeMethodAccessorImpl.java:62)
	sun.reflect.DelegatingMethodAccessorImpl.invoke(DelegatingMethodAccessorImpl.java:43)
	java.lang.reflect.Method.invoke(Method.java:498)
	org.junit.platform.commons.util.ReflectionUtils.invokeMethod(ReflectionUtils.java:686)
	org.junit.jupiter.engine.execution.MethodInvocation.proceed(MethodInvocation.java:60)
	org.junit.jupiter.engine.execution.InvocationInterceptorChain$ValidatingInvocation.proceed(InvocationInterceptorChain.java:131)
	org.junit.jupiter.engine.extension.TimeoutExtension.intercept(TimeoutExtension.java:149)
	org.junit.jupiter.engine.extension.TimeoutExtension.interceptTestableMethod(TimeoutExtension.java:140)
	org.junit.jupiter.engine.extension.TimeoutExtension.interceptTestMethod(TimeoutExtension.java:84)
	org.junit.jupiter.engine.execution.ExecutableInvoker$ReflectiveInterceptorCall.lambda$ofVoidMethod$0(ExecutableInvoker.java:115)
	org.junit.jupiter.engine.execution.ExecutableInvoker.lambda$invoke$0(ExecutableInvoker.java:105)
	org.junit.jupiter.engine.execution.InvocationInterceptorChain$InterceptedInvocation.proceed(InvocationInterceptorChain.java:106)
	org.junit.jupiter.engine.execution.InvocationInterceptorChain.proceed(InvocationInterceptorChain.java:64)
	org.junit.jupiter.engine.execution.InvocationInterceptorChain.chainAndInvoke(InvocationInterceptorChain.java:45)
	org.junit.jupiter.engine.execution.InvocationInterceptorChain.invoke(InvocationInterceptorChain.java:37)
	org.junit.jupiter.engine.execution.ExecutableInvoker.invoke(ExecutableInvoker.java:104)
	org.junit.jupiter.engine.execution.ExecutableInvoker.invoke(ExecutableInvoker.java:98)
	org.junit.jupiter.engine.descriptor.TestMethodTestDescriptor.lambda$invokeTestMethod$6(TestMethodTestDescriptor.java:212)
	org.junit.platform.engine.support.hierarchical.ThrowableCollector.execute(ThrowableCollector.java:73)
	org.junit.jupiter.engine.descriptor.TestMethodTestDescriptor.invokeTestMethod(TestMethodTestDescriptor.java:208)
	org.junit.jupiter.engine.descriptor.TestMethodTestDescriptor.execute(TestMethodTestDescriptor.java:137)
	org.junit.jupiter.engine.descriptor.TestMethodTestDescriptor.execute(TestMethodTestDescriptor.java:71)
	org.junit.platform.engine.support.hierarchical.NodeTestTask.lambda$executeRecursively$5(NodeTestTask.java:135)
	org.junit.platform.engine.support.hierarchical.ThrowableCollector.execute(ThrowableCollector.java:73)
	org.junit.platform.engine.support.hierarchical.NodeTestTask.lambda$executeRecursively$7(NodeTestTask.java:125)
	org.junit.platform.engine.support.hierarchical.Node.around(Node.java:135)
	org.junit.platform.engine.support.hierarchical.NodeTestTask.lambda$executeRecursively$8(NodeTestTask.java:123)
	org.junit.platform.engine.support.hierarchical.ThrowableCollector.execute(ThrowableCollector.java:73)
	org.junit.platform.engine.support.hierarchical.NodeTestTask.executeRecursively(NodeTestTask.java:122)
	org.junit.platform.engine.support.hierarchical.NodeTestTask.execute(NodeTestTask.java:80)
	java.util.ArrayList.forEach(ArrayList.java:1257)
	org.junit.platform.engine.support.hierarchical.SameThreadHierarchicalTestExecutorService.invokeAll(SameThreadHierarchicalTestExecutorService.java:38)
	org.junit.platform.engine.support.hierarchical.NodeTestTask.lambda$executeRecursively$5(NodeTestTask.java:139)
	org.junit.platform.engine.support.hierarchical.ThrowableCollector.execute(ThrowableCollector.java:73)
	org.junit.platform.engine.support.hierarchical.NodeTestTask.lambda$executeRecursively$7(NodeTestTask.java:125)
	org.junit.platform.engine.support.hierarchical.Node.around(Node.java:135)
	org.junit.platform.engine.support.hierarchical.NodeTestTask.lambda$executeRecursively$8(NodeTestTask.java:123)
	org.junit.platform.engine.support.hierarchical.ThrowableCollector.execute(ThrowableCollector.java:73)
	org.junit.platform.engine.support.hierarchical.NodeTestTask.executeRecursively(NodeTestTask.java:122)
	org.junit.platform.engine.support.hierarchical.NodeTestTask.execute(NodeTestTask.java:80)
	java.util.ArrayList.forEach(ArrayList.java:1257)
	org.junit.platform.engine.support.hierarchical.SameThreadHierarchicalTestExecutorService.invokeAll(SameThreadHierarchicalTestExecutorService.java:38)
	org.junit.platform.engine.support.hierarchical.NodeTestTask.lambda$executeRecursively$5(NodeTestTask.java:139)
	org.junit.platform.engine.support.hierarchical.ThrowableCollector.execute(ThrowableCollector.java:73)
	org.junit.platform.engine.support.hierarchical.NodeTestTask.lambda$executeRecursively$7(NodeTestTask.java:125)
	org.junit.platform.engine.support.hierarchical.Node.around(Node.java:135)
	org.junit.platform.engine.support.hierarchical.NodeTestTask.lambda$executeRecursively$8(NodeTestTask.java:123)
	org.junit.platform.engine.support.hierarchical.ThrowableCollector.execute(ThrowableCollector.java:73)
	org.junit.platform.engine.support.hierarchical.NodeTestTask.executeRecursively(NodeTestTask.java:122)
	org.junit.platform.engine.support.hierarchical.NodeTestTask.execute(NodeTestTask.java:80)
	org.junit.platform.engine.support.hierarchical.SameThreadHierarchicalTestExecutorService.submit(SameThreadHierarchicalTestExecutorService.java:32)
	org.junit.platform.engine.support.hierarchical.HierarchicalTestExecutor.execute(HierarchicalTestExecutor.java:57)
	org.junit.platform.engine.support.hierarchical.HierarchicalTestEngine.execute(HierarchicalTestEngine.java:51)
	org.junit.platform.launcher.core.DefaultLauncher.execute(DefaultLauncher.java:248)
	org.junit.platform.launcher.core.DefaultLauncher.lambda$execute$5(DefaultLauncher.java:211)
	org.junit.platform.launcher.core.DefaultLauncher.withInterceptedStreams(DefaultLauncher.java:226)
	org.junit.platform.launcher.core.DefaultLauncher.execute(DefaultLauncher.java:199)
	org.junit.platform.launcher.core.DefaultLauncher.execute(DefaultLauncher.java:132)
	org.gradle.api.internal.tasks.testing.junitplatform.JUnitPlatformTestClassProcessor$CollectAllTestClassesExecutor.processAllTestClasses(JUnitPlatformTestClassProcessor.java:102)
	org.gradle.api.internal.tasks.testing.junitplatform.JUnitPlatformTestClassProcessor$CollectAllTestClassesExecutor.access$000(JUnitPlatformTestClassProcessor.java:82)
	org.gradle.api.internal.tasks.testing.junitplatform.JUnitPlatformTestClassProcessor.stop(JUnitPlatformTestClassProcessor.java:78)
	org.gradle.api.internal.tasks.testing.SuiteTestClassProcessor.stop(SuiteTestClassProcessor.java:61)
	sun.reflect.NativeMethodAccessorImpl.invoke0(Native Method)
	sun.reflect.NativeMethodAccessorImpl.invoke(NativeMethodAccessorImpl.java:62)
	sun.reflect.DelegatingMethodAccessorImpl.invoke(DelegatingMethodAccessorImpl.java:43)
	java.lang.reflect.Method.invoke(Method.java:498)
	org.gradle.internal.dispatch.ReflectionDispatch.dispatch(ReflectionDispatch.java:36)
	org.gradle.internal.dispatch.ReflectionDispatch.dispatch(ReflectionDispatch.java:24)
	org.gradle.internal.dispatch.ContextClassLoaderDispatch.dispatch(ContextClassLoaderDispatch.java:33)
	org.gradle.internal.dispatch.ProxyDispatchAdapter$DispatchingInvocationHandler.invoke(ProxyDispatchAdapter.java:94)
	com.sun.proxy.$Proxy2.stop(Unknown Source)
	org.gradle.api.internal.tasks.testing.worker.TestWorker.stop(TestWorker.java:132)
	sun.reflect.NativeMethodAccessorImpl.invoke0(Native Method)
	sun.reflect.NativeMethodAccessorImpl.invoke(NativeMethodAccessorImpl.java:62)
	sun.reflect.DelegatingMethodAccessorImpl.invoke(DelegatingMethodAccessorImpl.java:43)
	java.lang.reflect.Method.invoke(Method.java:498)
	org.gradle.internal.dispatch.ReflectionDispatch.dispatch(ReflectionDispatch.java:36)
	org.gradle.internal.dispatch.ReflectionDispatch.dispatch(ReflectionDispatch.java:24)
	org.gradle.internal.remote.internal.hub.MessageHubBackedObjectConnection$DispatchWrapper.dispatch(MessageHubBackedObjectConnection.java:182)
	org.gradle.internal.remote.internal.hub.MessageHubBackedObjectConnection$DispatchWrapper.dispatch(MessageHubBackedObjectConnection.java:164)
	org.gradle.internal.remote.internal.hub.MessageHub$Handler.run(MessageHub.java:412)
	org.gradle.internal.concurrent.ExecutorPolicy$CatchAndRecordFailures.onExecute(ExecutorPolicy.java:64)
	org.gradle.internal.concurrent.ManagedExecutorImpl$1.run(ManagedExecutorImpl.java:48)
	java.util.concurrent.ThreadPoolExecutor.runWorker(ThreadPoolExecutor.java:1149)
	java.util.concurrent.ThreadPoolExecutor$Worker.run(ThreadPoolExecutor.java:624)
	org.gradle.internal.concurrent.ThreadFactoryImpl$ManagedThreadRunnable.run(ThreadFactoryImpl.java:56)
	java.lang.Thread.run(Thread.java:748)
Created at:
	io.netty.buffer.PooledByteBufAllocator.newDirectBuffer(PooledByteBufAllocator.java:363)
	io.netty.buffer.AbstractByteBufAllocator.directBuffer(AbstractByteBufAllocator.java:187)
	io.netty.buffer.AbstractByteBufAllocator.directBuffer(AbstractByteBufAllocator.java:178)
	io.netty.buffer.AbstractByteBufAllocator.buffer(AbstractByteBufAllocator.java:115)
	org.springframework.core.io.buffer.NettyDataBufferFactory.allocateBuffer(NettyDataBufferFactory.java:71)
	org.springframework.core.io.buffer.NettyDataBufferFactory.allocateBuffer(NettyDataBufferFactory.java:39)
	org.springframework.core.codec.CharSequenceEncoder.encodeValue(CharSequenceEncoder.java:91)
	org.springframework.core.codec.CharSequenceEncoder.encodeValue(CharSequenceEncoder.java:47)
	org.springframework.messaging.rsocket.MetadataEncoder.encodeEntry(MetadataEncoder.java:240)
	org.springframework.messaging.rsocket.MetadataEncoder.encodeEntries(MetadataEncoder.java:209)
	org.springframework.messaging.rsocket.MetadataEncoder.lambda$encode$1(MetadataEncoder.java:180)
	reactor.core.publisher.MonoCallable.block(MonoCallable.java:81)
	reactor.core.publisher.MonoCallable.block(MonoCallable.java:74)
	org.springframework.messaging.rsocket.MetadataEncoderTests.routeWithVars(MetadataEncoderTests.java:135)
	sun.reflect.NativeMethodAccessorImpl.invoke0(Native Method)
	sun.reflect.NativeMethodAccessorImpl.invoke(NativeMethodAccessorImpl.java:62)
	sun.reflect.DelegatingMethodAccessorImpl.invoke(DelegatingMethodAccessorImpl.java:43)
	java.lang.reflect.Method.invoke(Method.java:498)
	org.junit.platform.commons.util.ReflectionUtils.invokeMethod(ReflectionUtils.java:686)
	org.junit.jupiter.engine.execution.MethodInvocation.proceed(MethodInvocation.java:60)
	org.junit.jupiter.engine.execution.InvocationInterceptorChain$ValidatingInvocation.proceed(InvocationInterceptorChain.java:131)
	org.junit.jupiter.engine.extension.TimeoutExtension.intercept(TimeoutExtension.java:149)
	org.junit.jupiter.engine.extension.TimeoutExtension.interceptTestableMethod(TimeoutExtension.java:140)
	org.junit.jupiter.engine.extension.TimeoutExtension.interceptTestMethod(TimeoutExtension.java:84)
	org.junit.jupiter.engine.execution.ExecutableInvoker$ReflectiveInterceptorCall.lambda$ofVoidMethod$0(ExecutableInvoker.java:115)
	org.junit.jupiter.engine.execution.ExecutableInvoker.lambda$invoke$0(ExecutableInvoker.java:105)
	org.junit.jupiter.engine.execution.InvocationInterceptorChain$InterceptedInvocation.proceed(InvocationInterceptorChain.java:106)
	org.junit.jupiter.engine.execution.InvocationInterceptorChain.proceed(InvocationInterceptorChain.java:64)
	org.junit.jupiter.engine.execution.InvocationInterceptorChain.chainAndInvoke(InvocationInterceptorChain.java:45)
	org.junit.jupiter.engine.execution.InvocationInterceptorChain.invoke(InvocationInterceptorChain.java:37)
	org.junit.jupiter.engine.execution.ExecutableInvoker.invoke(ExecutableInvoker.java:104)
	org.junit.jupiter.engine.execution.ExecutableInvoker.invoke(ExecutableInvoker.java:98)
	org.junit.jupiter.engine.descriptor.TestMethodTestDescriptor.lambda$invokeTestMethod$6(TestMethodTestDescriptor.java:212)
	org.junit.platform.engine.support.hierarchical.ThrowableCollector.execute(ThrowableCollector.java:73)
	org.junit.jupiter.engine.descriptor.TestMethodTestDescriptor.invokeTestMethod(TestMethodTestDescriptor.java:208)
	org.junit.jupiter.engine.descriptor.TestMethodTestDescriptor.execute(TestMethodTestDescriptor.java:137)
	org.junit.jupiter.engine.descriptor.TestMethodTestDescriptor.execute(TestMethodTestDescriptor.java:71)
	org.junit.platform.engine.support.hierarchical.NodeTestTask.lambda$executeRecursively$5(NodeTestTask.java:135)
	org.junit.platform.engine.support.hierarchical.ThrowableCollector.execute(ThrowableCollector.java:73)
	org.junit.platform.engine.support.hierarchical.NodeTestTask.lambda$executeRecursively$7(NodeTestTask.java:125)
	org.junit.platform.engine.support.hierarchical.Node.around(Node.java:135)
	org.junit.platform.engine.support.hierarchical.NodeTestTask.lambda$executeRecursively$8(NodeTestTask.java:123)
	org.junit.platform.engine.support.hierarchical.ThrowableCollector.execute(ThrowableCollector.java:73)
	org.junit.platform.engine.support.hierarchical.NodeTestTask.executeRecursively(NodeTestTask.java:122)
	org.junit.platform.engine.support.hierarchical.NodeTestTask.execute(NodeTestTask.java:80)
	java.util.ArrayList.forEach(ArrayList.java:1257)
	org.junit.platform.engine.support.hierarchical.SameThreadHierarchicalTestExecutorService.invokeAll(SameThreadHierarchicalTestExecutorService.java:38)
	org.junit.platform.engine.support.hierarchical.NodeTestTask.lambda$executeRecursively$5(NodeTestTask.java:139)
	org.junit.platform.engine.support.hierarchical.ThrowableCollector.execute(ThrowableCollector.java:73)
	org.junit.platform.engine.support.hierarchical.NodeTestTask.lambda$executeRecursively$7(NodeTestTask.java:125)
	org.junit.platform.engine.support.hierarchical.Node.around(Node.java:135)
	org.junit.platform.engine.support.hierarchical.NodeTestTask.lambda$executeRecursively$8(NodeTestTask.java:123)
	org.junit.platform.engine.support.hierarchical.ThrowableCollector.execute(ThrowableCollector.java:73)
	org.junit.platform.engine.support.hierarchical.NodeTestTask.executeRecursively(NodeTestTask.java:122)
	org.junit.platform.engine.support.hierarchical.NodeTestTask.execute(NodeTestTask.java:80)
	java.util.ArrayList.forEach(ArrayList.java:1257)
	org.junit.platform.engine.support.hierarchical.SameThreadHierarchicalTestExecutorService.invokeAll(SameThreadHierarchicalTestExecutorService.java:38)
	org.junit.platform.engine.support.hierarchical.NodeTestTask.lambda$executeRecursively$5(NodeTestTask.java:139)
	org.junit.platform.engine.support.hierarchical.ThrowableCollector.execute(ThrowableCollector.java:73)
	org.junit.platform.engine.support.hierarchical.NodeTestTask.lambda$executeRecursively$7(NodeTestTask.java:125)
	org.junit.platform.engine.support.hierarchical.Node.around(Node.java:135)
	org.junit.platform.engine.support.hierarchical.NodeTestTask.lambda$executeRecursively$8(NodeTestTask.java:123)
	org.junit.platform.engine.support.hierarchical.ThrowableCollector.execute(ThrowableCollector.java:73)
	org.junit.platform.engine.support.hierarchical.NodeTestTask.executeRecursively(NodeTestTask.java:122)
	org.junit.platform.engine.support.hierarchical.NodeTestTask.execute(NodeTestTask.java:80)
	org.junit.platform.engine.support.hierarchical.SameThreadHierarchicalTestExecutorService.submit(SameThreadHierarchicalTestExecutorService.java:32)
	org.junit.platform.engine.support.hierarchical.HierarchicalTestExecutor.execute(HierarchicalTestExecutor.java:57)
	org.junit.platform.engine.support.hierarchical.HierarchicalTestEngine.execute(HierarchicalTestEngine.java:51)
	org.junit.platform.launcher.core.DefaultLauncher.execute(DefaultLauncher.java:248)
	org.junit.platform.launcher.core.DefaultLauncher.lambda$execute$5(DefaultLauncher.java:211)
	org.junit.platform.launcher.core.DefaultLauncher.withInterceptedStreams(DefaultLauncher.java:226)
	org.junit.platform.launcher.core.DefaultLauncher.execute(DefaultLauncher.java:199)
	org.junit.platform.launcher.core.DefaultLauncher.execute(DefaultLauncher.java:132)
	org.gradle.api.internal.tasks.testing.junitplatform.JUnitPlatformTestClassProcessor$CollectAllTestClassesExecutor.processAllTestClasses(JUnitPlatformTestClassProcessor.java:102)
	org.gradle.api.internal.tasks.testing.junitplatform.JUnitPlatformTestClassProcessor$CollectAllTestClassesExecutor.access$000(JUnitPlatformTestClassProcessor.java:82)
	org.gradle.api.internal.tasks.testing.junitplatform.JUnitPlatformTestClassProcessor.stop(JUnitPlatformTestClassProcessor.java:78)
	org.gradle.api.internal.tasks.testing.SuiteTestClassProcessor.stop(SuiteTestClassProcessor.java:61)
	sun.reflect.NativeMethodAccessorImpl.invoke0(Native Method)
	sun.reflect.NativeMethodAccessorImpl.invoke(NativeMethodAccessorImpl.java:62)
	sun.reflect.DelegatingMethodAccessorImpl.invoke(DelegatingMethodAccessorImpl.java:43)
	java.lang.reflect.Method.invoke(Method.java:498)
	org.gradle.internal.dispatch.ReflectionDispatch.dispatch(ReflectionDispatch.java:36)
	org.gradle.internal.dispatch.ReflectionDispatch.dispatch(ReflectionDispatch.java:24)
	org.gradle.internal.dispatch.ContextClassLoaderDispatch.dispatch(ContextClassLoaderDispatch.java:33)
	org.gradle.internal.dispatch.ProxyDispatchAdapter$DispatchingInvocationHandler.invoke(ProxyDispatchAdapter.java:94)
	com.sun.proxy.$Proxy2.stop(Unknown Source)
	org.gradle.api.internal.tasks.testing.worker.TestWorker.stop(TestWorker.java:132)
	sun.reflect.NativeMethodAccessorImpl.invoke0(Native Method)
	sun.reflect.NativeMethodAccessorImpl.invoke(NativeMethodAccessorImpl.java:62)
	sun.reflect.DelegatingMethodAccessorImpl.invoke(DelegatingMethodAccessorImpl.java:43)
	java.lang.reflect.Method.invoke(Method.java:498)
	org.gradle.internal.dispatch.ReflectionDispatch.dispatch(ReflectionDispatch.java:36)
	org.gradle.internal.dispatch.ReflectionDispatch.dispatch(ReflectionDispatch.java:24)
	org.gradle.internal.remote.internal.hub.MessageHubBackedObjectConnection$DispatchWrapper.dispatch(MessageHubBackedObjectConnection.java:182)
	org.gradle.internal.remote.internal.hub.MessageHubBackedObjectConnection$DispatchWrapper.dispatch(MessageHubBackedObjectConnection.java:164)
	org.gradle.internal.remote.internal.hub.MessageHub$Handler.run(MessageHub.java:412)
	org.gradle.internal.concurrent.ExecutorPolicy$CatchAndRecordFailures.onExecute(ExecutorPolicy.java:64)
	org.gradle.internal.concurrent.ManagedExecutorImpl$1.run(ManagedExecutorImpl.java:48)
	java.util.concurrent.ThreadPoolExecutor.runWorker(ThreadPoolExecutor.java:1149)
	java.util.concurrent.ThreadPoolExecutor$Worker.run(ThreadPoolExecutor.java:624)
	org.gradle.internal.concurrent.ThreadFactoryImpl$ManagedThreadRunnable.run(ThreadFactoryImpl.java:56)
	java.lang.Thread.run(Thread.java:748)
22:22:58.721 [Test worker] ERROR i.n.u.ResourceLeakDetector - LEAK: ByteBuf.release() was not called before it's garbage-collected. See https://netty.io/wiki/reference-counted-objects.html for more information.
Recent access records: 
#1:
	io.netty.buffer.AdvancedLeakAwareByteBuf.toString(AdvancedLeakAwareByteBuf.java:742)
	io.rsocket.Payload.getDataUtf8(Payload.java:102)
	org.springframework.messaging.rsocket.DefaultRSocketRequesterTests.testSendWithAsyncMetadata(DefaultRSocketRequesterTests.java:175)
	sun.reflect.NativeMethodAccessorImpl.invoke0(Native Method)
	sun.reflect.NativeMethodAccessorImpl.invoke(NativeMethodAccessorImpl.java:62)
	sun.reflect.DelegatingMethodAccessorImpl.invoke(DelegatingMethodAccessorImpl.java:43)
	java.lang.reflect.Method.invoke(Method.java:498)
	org.junit.platform.commons.util.ReflectionUtils.invokeMethod(ReflectionUtils.java:686)
	org.junit.jupiter.engine.execution.MethodInvocation.proceed(MethodInvocation.java:60)
	org.junit.jupiter.engine.execution.InvocationInterceptorChain$ValidatingInvocation.proceed(InvocationInterceptorChain.java:131)
	org.junit.jupiter.engine.extension.TimeoutExtension.intercept(TimeoutExtension.java:149)
	org.junit.jupiter.engine.extension.TimeoutExtension.interceptTestableMethod(TimeoutExtension.java:140)
	org.junit.jupiter.engine.extension.TimeoutExtension.interceptTestMethod(TimeoutExtension.java:84)
	org.junit.jupiter.engine.execution.ExecutableInvoker$ReflectiveInterceptorCall.lambda$ofVoidMethod$0(ExecutableInvoker.java:115)
	org.junit.jupiter.engine.execution.ExecutableInvoker.lambda$invoke$0(ExecutableInvoker.java:105)
	org.junit.jupiter.engine.execution.InvocationInterceptorChain$InterceptedInvocation.proceed(InvocationInterceptorChain.java:106)
	org.junit.jupiter.engine.execution.InvocationInterceptorChain.proceed(InvocationInterceptorChain.java:64)
	org.junit.jupiter.engine.execution.InvocationInterceptorChain.chainAndInvoke(InvocationInterceptorChain.java:45)
	org.junit.jupiter.engine.execution.InvocationInterceptorChain.invoke(InvocationInterceptorChain.java:37)
	org.junit.jupiter.engine.execution.ExecutableInvoker.invoke(ExecutableInvoker.java:104)
	org.junit.jupiter.engine.execution.ExecutableInvoker.invoke(ExecutableInvoker.java:98)
	org.junit.jupiter.engine.descriptor.TestMethodTestDescriptor.lambda$invokeTestMethod$6(TestMethodTestDescriptor.java:212)
	org.junit.platform.engine.support.hierarchical.ThrowableCollector.execute(ThrowableCollector.java:73)
	org.junit.jupiter.engine.descriptor.TestMethodTestDescriptor.invokeTestMethod(TestMethodTestDescriptor.java:208)
	org.junit.jupiter.engine.descriptor.TestMethodTestDescriptor.execute(TestMethodTestDescriptor.java:137)
	org.junit.jupiter.engine.descriptor.TestMethodTestDescriptor.execute(TestMethodTestDescriptor.java:71)
	org.junit.platform.engine.support.hierarchical.NodeTestTask.lambda$executeRecursively$5(NodeTestTask.java:135)
	org.junit.platform.engine.support.hierarchical.ThrowableCollector.execute(ThrowableCollector.java:73)
	org.junit.platform.engine.support.hierarchical.NodeTestTask.lambda$executeRecursively$7(NodeTestTask.java:125)
	org.junit.platform.engine.support.hierarchical.Node.around(Node.java:135)
	org.junit.platform.engine.support.hierarchical.NodeTestTask.lambda$executeRecursively$8(NodeTestTask.java:123)
	org.junit.platform.engine.support.hierarchical.ThrowableCollector.execute(ThrowableCollector.java:73)
	org.junit.platform.engine.support.hierarchical.NodeTestTask.executeRecursively(NodeTestTask.java:122)
	org.junit.platform.engine.support.hierarchical.NodeTestTask.execute(NodeTestTask.java:80)
	java.util.ArrayList.forEach(ArrayList.java:1257)
	org.junit.platform.engine.support.hierarchical.SameThreadHierarchicalTestExecutorService.invokeAll(SameThreadHierarchicalTestExecutorService.java:38)
	org.junit.platform.engine.support.hierarchical.NodeTestTask.lambda$executeRecursively$5(NodeTestTask.java:139)
	org.junit.platform.engine.support.hierarchical.ThrowableCollector.execute(ThrowableCollector.java:73)
	org.junit.platform.engine.support.hierarchical.NodeTestTask.lambda$executeRecursively$7(NodeTestTask.java:125)
	org.junit.platform.engine.support.hierarchical.Node.around(Node.java:135)
	org.junit.platform.engine.support.hierarchical.NodeTestTask.lambda$executeRecursively$8(NodeTestTask.java:123)
	org.junit.platform.engine.support.hierarchical.ThrowableCollector.execute(ThrowableCollector.java:73)
	org.junit.platform.engine.support.hierarchical.NodeTestTask.executeRecursively(NodeTestTask.java:122)
	org.junit.platform.engine.support.hierarchical.NodeTestTask.execute(NodeTestTask.java:80)
	java.util.ArrayList.forEach(ArrayList.java:1257)
	org.junit.platform.engine.support.hierarchical.SameThreadHierarchicalTestExecutorService.invokeAll(SameThreadHierarchicalTestExecutorService.java:38)
	org.junit.platform.engine.support.hierarchical.NodeTestTask.lambda$executeRecursively$5(NodeTestTask.java:139)
	org.junit.platform.engine.support.hierarchical.ThrowableCollector.execute(ThrowableCollector.java:73)
	org.junit.platform.engine.support.hierarchical.NodeTestTask.lambda$executeRecursively$7(NodeTestTask.java:125)
	org.junit.platform.engine.support.hierarchical.Node.around(Node.java:135)
	org.junit.platform.engine.support.hierarchical.NodeTestTask.lambda$executeRecursively$8(NodeTestTask.java:123)
	org.junit.platform.engine.support.hierarchical.ThrowableCollector.execute(ThrowableCollector.java:73)
	org.junit.platform.engine.support.hierarchical.NodeTestTask.executeRecursively(NodeTestTask.java:122)
	org.junit.platform.engine.support.hierarchical.NodeTestTask.execute(NodeTestTask.java:80)
	org.junit.platform.engine.support.hierarchical.SameThreadHierarchicalTestExecutorService.submit(SameThreadHierarchicalTestExecutorService.java:32)
	org.junit.platform.engine.support.hierarchical.HierarchicalTestExecutor.execute(HierarchicalTestExecutor.java:57)
	org.junit.platform.engine.support.hierarchical.HierarchicalTestEngine.execute(HierarchicalTestEngine.java:51)
	org.junit.platform.launcher.core.DefaultLauncher.execute(DefaultLauncher.java:248)
	org.junit.platform.launcher.core.DefaultLauncher.lambda$execute$5(DefaultLauncher.java:211)
	org.junit.platform.launcher.core.DefaultLauncher.withInterceptedStreams(DefaultLauncher.java:226)
	org.junit.platform.launcher.core.DefaultLauncher.execute(DefaultLauncher.java:199)
	org.junit.platform.launcher.core.DefaultLauncher.execute(DefaultLauncher.java:132)
	org.gradle.api.internal.tasks.testing.junitplatform.JUnitPlatformTestClassProcessor$CollectAllTestClassesExecutor.processAllTestClasses(JUnitPlatformTestClassProcessor.java:102)
	org.gradle.api.internal.tasks.testing.junitplatform.JUnitPlatformTestClassProcessor$CollectAllTestClassesExecutor.access$000(JUnitPlatformTestClassProcessor.java:82)
	org.gradle.api.internal.tasks.testing.junitplatform.JUnitPlatformTestClassProcessor.stop(JUnitPlatformTestClassProcessor.java:78)
	org.gradle.api.internal.tasks.testing.SuiteTestClassProcessor.stop(SuiteTestClassProcessor.java:61)
	sun.reflect.NativeMethodAccessorImpl.invoke0(Native Method)
	sun.reflect.NativeMethodAccessorImpl.invoke(NativeMethodAccessorImpl.java:62)
	sun.reflect.DelegatingMethodAccessorImpl.invoke(DelegatingMethodAccessorImpl.java:43)
	java.lang.reflect.Method.invoke(Method.java:498)
	org.gradle.internal.dispatch.ReflectionDispatch.dispatch(ReflectionDispatch.java:36)
	org.gradle.internal.dispatch.ReflectionDispatch.dispatch(ReflectionDispatch.java:24)
	org.gradle.internal.dispatch.ContextClassLoaderDispatch.dispatch(ContextClassLoaderDispatch.java:33)
	org.gradle.internal.dispatch.ProxyDispatchAdapter$DispatchingInvocationHandler.invoke(ProxyDispatchAdapter.java:94)
	com.sun.proxy.$Proxy2.stop(Unknown Source)
	org.gradle.api.internal.tasks.testing.worker.TestWorker.stop(TestWorker.java:132)
	sun.reflect.NativeMethodAccessorImpl.invoke0(Native Method)
	sun.reflect.NativeMethodAccessorImpl.invoke(NativeMethodAccessorImpl.java:62)
	sun.reflect.DelegatingMethodAccessorImpl.invoke(DelegatingMethodAccessorImpl.java:43)
	java.lang.reflect.Method.invoke(Method.java:498)
	org.gradle.internal.dispatch.ReflectionDispatch.dispatch(ReflectionDispatch.java:36)
	org.gradle.internal.dispatch.ReflectionDispatch.dispatch(ReflectionDispatch.java:24)
	org.gradle.internal.remote.internal.hub.MessageHubBackedObjectConnection$DispatchWrapper.dispatch(MessageHubBackedObjectConnection.java:182)
	org.gradle.internal.remote.internal.hub.MessageHubBackedObjectConnection$DispatchWrapper.dispatch(MessageHubBackedObjectConnection.java:164)
	org.gradle.internal.remote.internal.hub.MessageHub$Handler.run(MessageHub.java:412)
	org.gradle.internal.concurrent.ExecutorPolicy$CatchAndRecordFailures.onExecute(ExecutorPolicy.java:64)
	org.gradle.internal.concurrent.ManagedExecutorImpl$1.run(ManagedExecutorImpl.java:48)
	java.util.concurrent.ThreadPoolExecutor.runWorker(ThreadPoolExecutor.java:1149)
	java.util.concurrent.ThreadPoolExecutor$Worker.run(ThreadPoolExecutor.java:624)
	org.gradle.internal.concurrent.ThreadFactoryImpl$ManagedThreadRunnable.run(ThreadFactoryImpl.java:56)
	java.lang.Thread.run(Thread.java:748)
#2:
	io.netty.buffer.AdvancedLeakAwareByteBuf.slice(AdvancedLeakAwareByteBuf.java:76)
	io.rsocket.util.ByteBufPayload.sliceData(ByteBufPayload.java:149)
	io.rsocket.Payload.getDataUtf8(Payload.java:102)
	org.springframework.messaging.rsocket.DefaultRSocketRequesterTests.testSendWithAsyncMetadata(DefaultRSocketRequesterTests.java:175)
	sun.reflect.NativeMethodAccessorImpl.invoke0(Native Method)
	sun.reflect.NativeMethodAccessorImpl.invoke(NativeMethodAccessorImpl.java:62)
	sun.reflect.DelegatingMethodAccessorImpl.invoke(DelegatingMethodAccessorImpl.java:43)
	java.lang.reflect.Method.invoke(Method.java:498)
	org.junit.platform.commons.util.ReflectionUtils.invokeMethod(ReflectionUtils.java:686)
	org.junit.jupiter.engine.execution.MethodInvocation.proceed(MethodInvocation.java:60)
	org.junit.jupiter.engine.execution.InvocationInterceptorChain$ValidatingInvocation.proceed(InvocationInterceptorChain.java:131)
	org.junit.jupiter.engine.extension.TimeoutExtension.intercept(TimeoutExtension.java:149)
	org.junit.jupiter.engine.extension.TimeoutExtension.interceptTestableMethod(TimeoutExtension.java:140)
	org.junit.jupiter.engine.extension.TimeoutExtension.interceptTestMethod(TimeoutExtension.java:84)
	org.junit.jupiter.engine.execution.ExecutableInvoker$ReflectiveInterceptorCall.lambda$ofVoidMethod$0(ExecutableInvoker.java:115)
	org.junit.jupiter.engine.execution.ExecutableInvoker.lambda$invoke$0(ExecutableInvoker.java:105)
	org.junit.jupiter.engine.execution.InvocationInterceptorChain$InterceptedInvocation.proceed(InvocationInterceptorChain.java:106)
	org.junit.jupiter.engine.execution.InvocationInterceptorChain.proceed(InvocationInterceptorChain.java:64)
	org.junit.jupiter.engine.execution.InvocationInterceptorChain.chainAndInvoke(InvocationInterceptorChain.java:45)
	org.junit.jupiter.engine.execution.InvocationInterceptorChain.invoke(InvocationInterceptorChain.java:37)
	org.junit.jupiter.engine.execution.ExecutableInvoker.invoke(ExecutableInvoker.java:104)
	org.junit.jupiter.engine.execution.ExecutableInvoker.invoke(ExecutableInvoker.java:98)
	org.junit.jupiter.engine.descriptor.TestMethodTestDescriptor.lambda$invokeTestMethod$6(TestMethodTestDescriptor.java:212)
	org.junit.platform.engine.support.hierarchical.ThrowableCollector.execute(ThrowableCollector.java:73)
	org.junit.jupiter.engine.descriptor.TestMethodTestDescriptor.invokeTestMethod(TestMethodTestDescriptor.java:208)
	org.junit.jupiter.engine.descriptor.TestMethodTestDescriptor.execute(TestMethodTestDescriptor.java:137)
	org.junit.jupiter.engine.descriptor.TestMethodTestDescriptor.execute(TestMethodTestDescriptor.java:71)
	org.junit.platform.engine.support.hierarchical.NodeTestTask.lambda$executeRecursively$5(NodeTestTask.java:135)
	org.junit.platform.engine.support.hierarchical.ThrowableCollector.execute(ThrowableCollector.java:73)
	org.junit.platform.engine.support.hierarchical.NodeTestTask.lambda$executeRecursively$7(NodeTestTask.java:125)
	org.junit.platform.engine.support.hierarchical.Node.around(Node.java:135)
	org.junit.platform.engine.support.hierarchical.NodeTestTask.lambda$executeRecursively$8(NodeTestTask.java:123)
	org.junit.platform.engine.support.hierarchical.ThrowableCollector.execute(ThrowableCollector.java:73)
	org.junit.platform.engine.support.hierarchical.NodeTestTask.executeRecursively(NodeTestTask.java:122)
	org.junit.platform.engine.support.hierarchical.NodeTestTask.execute(NodeTestTask.java:80)
	java.util.ArrayList.forEach(ArrayList.java:1257)
	org.junit.platform.engine.support.hierarchical.SameThreadHierarchicalTestExecutorService.invokeAll(SameThreadHierarchicalTestExecutorService.java:38)
	org.junit.platform.engine.support.hierarchical.NodeTestTask.lambda$executeRecursively$5(NodeTestTask.java:139)
	org.junit.platform.engine.support.hierarchical.ThrowableCollector.execute(ThrowableCollector.java:73)
	org.junit.platform.engine.support.hierarchical.NodeTestTask.lambda$executeRecursively$7(NodeTestTask.java:125)
	org.junit.platform.engine.support.hierarchical.Node.around(Node.java:135)
	org.junit.platform.engine.support.hierarchical.NodeTestTask.lambda$executeRecursively$8(NodeTestTask.java:123)
	org.junit.platform.engine.support.hierarchical.ThrowableCollector.execute(ThrowableCollector.java:73)
	org.junit.platform.engine.support.hierarchical.NodeTestTask.executeRecursively(NodeTestTask.java:122)
	org.junit.platform.engine.support.hierarchical.NodeTestTask.execute(NodeTestTask.java:80)
	java.util.ArrayList.forEach(ArrayList.java:1257)
	org.junit.platform.engine.support.hierarchical.SameThreadHierarchicalTestExecutorService.invokeAll(SameThreadHierarchicalTestExecutorService.java:38)
	org.junit.platform.engine.support.hierarchical.NodeTestTask.lambda$executeRecursively$5(NodeTestTask.java:139)
	org.junit.platform.engine.support.hierarchical.ThrowableCollector.execute(ThrowableCollector.java:73)
	org.junit.platform.engine.support.hierarchical.NodeTestTask.lambda$executeRecursively$7(NodeTestTask.java:125)
	org.junit.platform.engine.support.hierarchical.Node.around(Node.java:135)
	org.junit.platform.engine.support.hierarchical.NodeTestTask.lambda$executeRecursively$8(NodeTestTask.java:123)
	org.junit.platform.engine.support.hierarchical.ThrowableCollector.execute(ThrowableCollector.java:73)
	org.junit.platform.engine.support.hierarchical.NodeTestTask.executeRecursively(NodeTestTask.java:122)
	org.junit.platform.engine.support.hierarchical.NodeTestTask.execute(NodeTestTask.java:80)
	org.junit.platform.engine.support.hierarchical.SameThreadHierarchicalTestExecutorService.submit(SameThreadHierarchicalTestExecutorService.java:32)
	org.junit.platform.engine.support.hierarchical.HierarchicalTestExecutor.execute(HierarchicalTestExecutor.java:57)
	org.junit.platform.engine.support.hierarchical.HierarchicalTestEngine.execute(HierarchicalTestEngine.java:51)
	org.junit.platform.launcher.core.DefaultLauncher.execute(DefaultLauncher.java:248)
	org.junit.platform.launcher.core.DefaultLauncher.lambda$execute$5(DefaultLauncher.java:211)
	org.junit.platform.launcher.core.DefaultLauncher.withInterceptedStreams(DefaultLauncher.java:226)
	org.junit.platform.launcher.core.DefaultLauncher.execute(DefaultLauncher.java:199)
	org.junit.platform.launcher.core.DefaultLauncher.execute(DefaultLauncher.java:132)
	org.gradle.api.internal.tasks.testing.junitplatform.JUnitPlatformTestClassProcessor$CollectAllTestClassesExecutor.processAllTestClasses(JUnitPlatformTestClassProcessor.java:102)
	org.gradle.api.internal.tasks.testing.junitplatform.JUnitPlatformTestClassProcessor$CollectAllTestClassesExecutor.access$000(JUnitPlatformTestClassProcessor.java:82)
	org.gradle.api.internal.tasks.testing.junitplatform.JUnitPlatformTestClassProcessor.stop(JUnitPlatformTestClassProcessor.java:78)
	org.gradle.api.internal.tasks.testing.SuiteTestClassProcessor.stop(SuiteTestClassProcessor.java:61)
	sun.reflect.NativeMethodAccessorImpl.invoke0(Native Method)
	sun.reflect.NativeMethodAccessorImpl.invoke(NativeMethodAccessorImpl.java:62)
	sun.reflect.DelegatingMethodAccessorImpl.invoke(DelegatingMethodAccessorImpl.java:43)
	java.lang.reflect.Method.invoke(Method.java:498)
	org.gradle.internal.dispatch.ReflectionDispatch.dispatch(ReflectionDispatch.java:36)
	org.gradle.internal.dispatch.ReflectionDispatch.dispatch(ReflectionDispatch.java:24)
	org.gradle.internal.dispatch.ContextClassLoaderDispatch.dispatch(ContextClassLoaderDispatch.java:33)
	org.gradle.internal.dispatch.ProxyDispatchAdapter$DispatchingInvocationHandler.invoke(ProxyDispatchAdapter.java:94)
	com.sun.proxy.$Proxy2.stop(Unknown Source)
	org.gradle.api.internal.tasks.testing.worker.TestWorker.stop(TestWorker.java:132)
	sun.reflect.NativeMethodAccessorImpl.invoke0(Native Method)
	sun.reflect.NativeMethodAccessorImpl.invoke(NativeMethodAccessorImpl.java:62)
	sun.reflect.DelegatingMethodAccessorImpl.invoke(DelegatingMethodAccessorImpl.java:43)
	java.lang.reflect.Method.invoke(Method.java:498)
	org.gradle.internal.dispatch.ReflectionDispatch.dispatch(ReflectionDispatch.java:36)
	org.gradle.internal.dispatch.ReflectionDispatch.dispatch(ReflectionDispatch.java:24)
	org.gradle.internal.remote.internal.hub.MessageHubBackedObjectConnection$DispatchWrapper.dispatch(MessageHubBackedObjectConnection.java:182)
	org.gradle.internal.remote.internal.hub.MessageHubBackedObjectConnection$DispatchWrapper.dispatch(MessageHubBackedObjectConnection.java:164)
	org.gradle.internal.remote.internal.hub.MessageHub$Handler.run(MessageHub.java:412)
	org.gradle.internal.concurrent.ExecutorPolicy$CatchAndRecordFailures.onExecute(ExecutorPolicy.java:64)
	org.gradle.internal.concurrent.ManagedExecutorImpl$1.run(ManagedExecutorImpl.java:48)
	java.util.concurrent.ThreadPoolExecutor.runWorker(ThreadPoolExecutor.java:1149)
	java.util.concurrent.ThreadPoolExecutor$Worker.run(ThreadPoolExecutor.java:624)
	org.gradle.internal.concurrent.ThreadFactoryImpl$ManagedThreadRunnable.run(ThreadFactoryImpl.java:56)
	java.lang.Thread.run(Thread.java:748)
Created at:
	io.netty.buffer.PooledByteBufAllocator.newDirectBuffer(PooledByteBufAllocator.java:363)
	io.netty.buffer.AbstractByteBufAllocator.directBuffer(AbstractByteBufAllocator.java:187)
	io.netty.buffer.AbstractByteBufAllocator.directBuffer(AbstractByteBufAllocator.java:178)
	io.netty.buffer.AbstractByteBufAllocator.buffer(AbstractByteBufAllocator.java:115)
	org.springframework.core.io.buffer.NettyDataBufferFactory.allocateBuffer(NettyDataBufferFactory.java:71)
	org.springframework.core.io.buffer.NettyDataBufferFactory.allocateBuffer(NettyDataBufferFactory.java:39)
	org.springframework.core.codec.CharSequenceEncoder.encodeValue(CharSequenceEncoder.java:91)
	org.springframework.core.codec.CharSequenceEncoder.encodeValue(CharSequenceEncoder.java:47)
	org.springframework.messaging.rsocket.DefaultRSocketRequester$DefaultRequestSpec.encodeData(DefaultRSocketRequester.java:236)
	org.springframework.messaging.rsocket.DefaultRSocketRequester$DefaultRequestSpec.lambda$createPayload$0(DefaultRSocketRequester.java:190)
	reactor.core.publisher.MonoCallable.subscribe(MonoCallable.java:56)
	reactor.core.publisher.Mono.subscribe(Mono.java:4208)
	reactor.core.publisher.MonoZip.subscribe(MonoZip.java:128)
	reactor.core.publisher.Mono.subscribe(Mono.java:4208)
	reactor.core.publisher.Mono.block(Mono.java:1699)
	org.springframework.messaging.rsocket.DefaultRSocketRequesterTests.testSendWithAsyncMetadata(DefaultRSocketRequesterTests.java:164)
	sun.reflect.NativeMethodAccessorImpl.invoke0(Native Method)
	sun.reflect.NativeMethodAccessorImpl.invoke(NativeMethodAccessorImpl.java:62)
	sun.reflect.DelegatingMethodAccessorImpl.invoke(DelegatingMethodAccessorImpl.java:43)
	java.lang.reflect.Method.invoke(Method.java:498)
	org.junit.platform.commons.util.ReflectionUtils.invokeMethod(ReflectionUtils.java:686)
	org.junit.jupiter.engine.execution.MethodInvocation.proceed(MethodInvocation.java:60)
	org.junit.jupiter.engine.execution.InvocationInterceptorChain$ValidatingInvocation.proceed(InvocationInterceptorChain.java:131)
	org.junit.jupiter.engine.extension.TimeoutExtension.intercept(TimeoutExtension.java:149)
	org.junit.jupiter.engine.extension.TimeoutExtension.interceptTestableMethod(TimeoutExtension.java:140)
	org.junit.jupiter.engine.extension.TimeoutExtension.interceptTestMethod(TimeoutExtension.java:84)
	org.junit.jupiter.engine.execution.ExecutableInvoker$ReflectiveInterceptorCall.lambda$ofVoidMethod$0(ExecutableInvoker.java:115)
	org.junit.jupiter.engine.execution.ExecutableInvoker.lambda$invoke$0(ExecutableInvoker.java:105)
	org.junit.jupiter.engine.execution.InvocationInterceptorChain$InterceptedInvocation.proceed(InvocationInterceptorChain.java:106)
	org.junit.jupiter.engine.execution.InvocationInterceptorChain.proceed(InvocationInterceptorChain.java:64)
	org.junit.jupiter.engine.execution.InvocationInterceptorChain.chainAndInvoke(InvocationInterceptorChain.java:45)
	org.junit.jupiter.engine.execution.InvocationInterceptorChain.invoke(InvocationInterceptorChain.java:37)
	org.junit.jupiter.engine.execution.ExecutableInvoker.invoke(ExecutableInvoker.java:104)
	org.junit.jupiter.engine.execution.ExecutableInvoker.invoke(ExecutableInvoker.java:98)
	org.junit.jupiter.engine.descriptor.TestMethodTestDescriptor.lambda$invokeTestMethod$6(TestMethodTestDescriptor.java:212)
	org.junit.platform.engine.support.hierarchical.ThrowableCollector.execute(ThrowableCollector.java:73)
	org.junit.jupiter.engine.descriptor.TestMethodTestDescriptor.invokeTestMethod(TestMethodTestDescriptor.java:208)
	org.junit.jupiter.engine.descriptor.TestMethodTestDescriptor.execute(TestMethodTestDescriptor.java:137)
	org.junit.jupiter.engine.descriptor.TestMethodTestDescriptor.execute(TestMethodTestDescriptor.java:71)
	org.junit.platform.engine.support.hierarchical.NodeTestTask.lambda$executeRecursively$5(NodeTestTask.java:135)
	org.junit.platform.engine.support.hierarchical.ThrowableCollector.execute(ThrowableCollector.java:73)
	org.junit.platform.engine.support.hierarchical.NodeTestTask.lambda$executeRecursively$7(NodeTestTask.java:125)
	org.junit.platform.engine.support.hierarchical.Node.around(Node.java:135)
	org.junit.platform.engine.support.hierarchical.NodeTestTask.lambda$executeRecursively$8(NodeTestTask.java:123)
	org.junit.platform.engine.support.hierarchical.ThrowableCollector.execute(ThrowableCollector.java:73)
	org.junit.platform.engine.support.hierarchical.NodeTestTask.executeRecursively(NodeTestTask.java:122)
	org.junit.platform.engine.support.hierarchical.NodeTestTask.execute(NodeTestTask.java:80)
	java.util.ArrayList.forEach(ArrayList.java:1257)
	org.junit.platform.engine.support.hierarchical.SameThreadHierarchicalTestExecutorService.invokeAll(SameThreadHierarchicalTestExecutorService.java:38)
	org.junit.platform.engine.support.hierarchical.NodeTestTask.lambda$executeRecursively$5(NodeTestTask.java:139)
	org.junit.platform.engine.support.hierarchical.ThrowableCollector.execute(ThrowableCollector.java:73)
	org.junit.platform.engine.support.hierarchical.NodeTestTask.lambda$executeRecursively$7(NodeTestTask.java:125)
	org.junit.platform.engine.support.hierarchical.Node.around(Node.java:135)
	org.junit.platform.engine.support.hierarchical.NodeTestTask.lambda$executeRecursively$8(NodeTestTask.java:123)
	org.junit.platform.engine.support.hierarchical.ThrowableCollector.execute(ThrowableCollector.java:73)
	org.junit.platform.engine.support.hierarchical.NodeTestTask.executeRecursively(NodeTestTask.java:122)
	org.junit.platform.engine.support.hierarchical.NodeTestTask.execute(NodeTestTask.java:80)
	java.util.ArrayList.forEach(ArrayList.java:1257)
	org.junit.platform.engine.support.hierarchical.SameThreadHierarchicalTestExecutorService.invokeAll(SameThreadHierarchicalTestExecutorService.java:38)
	org.junit.platform.engine.support.hierarchical.NodeTestTask.lambda$executeRecursively$5(NodeTestTask.java:139)
	org.junit.platform.engine.support.hierarchical.ThrowableCollector.execute(ThrowableCollector.java:73)
	org.junit.platform.engine.support.hierarchical.NodeTestTask.lambda$executeRecursively$7(NodeTestTask.java:125)
	org.junit.platform.engine.support.hierarchical.Node.around(Node.java:135)
	org.junit.platform.engine.support.hierarchical.NodeTestTask.lambda$executeRecursively$8(NodeTestTask.java:123)
	org.junit.platform.engine.support.hierarchical.ThrowableCollector.execute(ThrowableCollector.java:73)
	org.junit.platform.engine.support.hierarchical.NodeTestTask.executeRecursively(NodeTestTask.java:122)
	org.junit.platform.engine.support.hierarchical.NodeTestTask.execute(NodeTestTask.java:80)
	org.junit.platform.engine.support.hierarchical.SameThreadHierarchicalTestExecutorService.submit(SameThreadHierarchicalTestExecutorService.java:32)
	org.junit.platform.engine.support.hierarchical.HierarchicalTestExecutor.execute(HierarchicalTestExecutor.java:57)
	org.junit.platform.engine.support.hierarchical.HierarchicalTestEngine.execute(HierarchicalTestEngine.java:51)
	org.junit.platform.launcher.core.DefaultLauncher.execute(DefaultLauncher.java:248)
	org.junit.platform.launcher.core.DefaultLauncher.lambda$execute$5(DefaultLauncher.java:211)
	org.junit.platform.launcher.core.DefaultLauncher.withInterceptedStreams(DefaultLauncher.java:226)
	org.junit.platform.launcher.core.DefaultLauncher.execute(DefaultLauncher.java:199)
	org.junit.platform.launcher.core.DefaultLauncher.execute(DefaultLauncher.java:132)
	org.gradle.api.internal.tasks.testing.junitplatform.JUnitPlatformTestClassProcessor$CollectAllTestClassesExecutor.processAllTestClasses(JUnitPlatformTestClassProcessor.java:102)
	org.gradle.api.internal.tasks.testing.junitplatform.JUnitPlatformTestClassProcessor$CollectAllTestClassesExecutor.access$000(JUnitPlatformTestClassProcessor.java:82)
	org.gradle.api.internal.tasks.testing.junitplatform.JUnitPlatformTestClassProcessor.stop(JUnitPlatformTestClassProcessor.java:78)
	org.gradle.api.internal.tasks.testing.SuiteTestClassProcessor.stop(SuiteTestClassProcessor.java:61)
	sun.reflect.NativeMethodAccessorImpl.invoke0(Native Method)
	sun.reflect.NativeMethodAccessorImpl.invoke(NativeMethodAccessorImpl.java:62)
	sun.reflect.DelegatingMethodAccessorImpl.invoke(DelegatingMethodAccessorImpl.java:43)
	java.lang.reflect.Method.invoke(Method.java:498)
	org.gradle.internal.dispatch.ReflectionDispatch.dispatch(ReflectionDispatch.java:36)
	org.gradle.internal.dispatch.ReflectionDispatch.dispatch(ReflectionDispatch.java:24)
	org.gradle.internal.dispatch.ContextClassLoaderDispatch.dispatch(ContextClassLoaderDispatch.java:33)
	org.gradle.internal.dispatch.ProxyDispatchAdapter$DispatchingInvocationHandler.invoke(ProxyDispatchAdapter.java:94)
	com.sun.proxy.$Proxy2.stop(Unknown Source)
	org.gradle.api.internal.tasks.testing.worker.TestWorker.stop(TestWorker.java:132)
	sun.reflect.NativeMethodAccessorImpl.invoke0(Native Method)
	sun.reflect.NativeMethodAccessorImpl.invoke(NativeMethodAccessorImpl.java:62)
	sun.reflect.DelegatingMethodAccessorImpl.invoke(DelegatingMethodAccessorImpl.java:43)
	java.lang.reflect.Method.invoke(Method.java:498)
	org.gradle.internal.dispatch.ReflectionDispatch.dispatch(ReflectionDispatch.java:36)
	org.gradle.internal.dispatch.ReflectionDispatch.dispatch(ReflectionDispatch.java:24)
	org.gradle.internal.remote.internal.hub.MessageHubBackedObjectConnection$DispatchWrapper.dispatch(MessageHubBackedObjectConnection.java:182)
	org.gradle.internal.remote.internal.hub.MessageHubBackedObjectConnection$DispatchWrapper.dispatch(MessageHubBackedObjectConnection.java:164)
	org.gradle.internal.remote.internal.hub.MessageHub$Handler.run(MessageHub.java:412)
	org.gradle.internal.concurrent.ExecutorPolicy$CatchAndRecordFailures.onExecute(ExecutorPolicy.java:64)
	org.gradle.internal.concurrent.ManagedExecutorImpl$1.run(ManagedExecutorImpl.java:48)
	java.util.concurrent.ThreadPoolExecutor.runWorker(ThreadPoolExecutor.java:1149)
	java.util.concurrent.ThreadPoolExecutor$Worker.run(ThreadPoolExecutor.java:624)
	org.gradle.internal.concurrent.ThreadFactoryImpl$ManagedThreadRunnable.run(ThreadFactoryImpl.java:56)
	java.lang.Thread.run(Thread.java:748)
22:22:58.767 [Test worker] ERROR i.n.u.ResourceLeakDetector - LEAK: ByteBuf.release() was not called before it's garbage-collected. See https://netty.io/wiki/reference-counted-objects.html for more information.
Recent access records: 
#1:
	io.netty.buffer.AdvancedLeakAwareByteBuf.toString(AdvancedLeakAwareByteBuf.java:742)
	io.rsocket.Payload.getMetadataUtf8(Payload.java:98)
	org.springframework.messaging.rsocket.DefaultRSocketRequesterTests.testSendMono(DefaultRSocketRequesterTests.java:98)
	org.springframework.messaging.rsocket.DefaultRSocketRequesterTests.sendMono(DefaultRSocketRequesterTests.java:89)
	sun.reflect.NativeMethodAccessorImpl.invoke0(Native Method)
	sun.reflect.NativeMethodAccessorImpl.invoke(NativeMethodAccessorImpl.java:62)
	sun.reflect.DelegatingMethodAccessorImpl.invoke(DelegatingMethodAccessorImpl.java:43)
	java.lang.reflect.Method.invoke(Method.java:498)
	org.junit.platform.commons.util.ReflectionUtils.invokeMethod(ReflectionUtils.java:686)
	org.junit.jupiter.engine.execution.MethodInvocation.proceed(MethodInvocation.java:60)
	org.junit.jupiter.engine.execution.InvocationInterceptorChain$ValidatingInvocation.proceed(InvocationInterceptorChain.java:131)
	org.junit.jupiter.engine.extension.TimeoutExtension.intercept(TimeoutExtension.java:149)
	org.junit.jupiter.engine.extension.TimeoutExtension.interceptTestableMethod(TimeoutExtension.java:140)
	org.junit.jupiter.engine.extension.TimeoutExtension.interceptTestMethod(TimeoutExtension.java:84)
	org.junit.jupiter.engine.execution.ExecutableInvoker$ReflectiveInterceptorCall.lambda$ofVoidMethod$0(ExecutableInvoker.java:115)
	org.junit.jupiter.engine.execution.ExecutableInvoker.lambda$invoke$0(ExecutableInvoker.java:105)
	org.junit.jupiter.engine.execution.InvocationInterceptorChain$InterceptedInvocation.proceed(InvocationInterceptorChain.java:106)
	org.junit.jupiter.engine.execution.InvocationInterceptorChain.proceed(InvocationInterceptorChain.java:64)
	org.junit.jupiter.engine.execution.InvocationInterceptorChain.chainAndInvoke(InvocationInterceptorChain.java:45)
	org.junit.jupiter.engine.execution.InvocationInterceptorChain.invoke(InvocationInterceptorChain.java:37)
	org.junit.jupiter.engine.execution.ExecutableInvoker.invoke(ExecutableInvoker.java:104)
	org.junit.jupiter.engine.execution.ExecutableInvoker.invoke(ExecutableInvoker.java:98)
	org.junit.jupiter.engine.descriptor.TestMethodTestDescriptor.lambda$invokeTestMethod$6(TestMethodTestDescriptor.java:212)
	org.junit.platform.engine.support.hierarchical.ThrowableCollector.execute(ThrowableCollector.java:73)
	org.junit.jupiter.engine.descriptor.TestMethodTestDescriptor.invokeTestMethod(TestMethodTestDescriptor.java:208)
	org.junit.jupiter.engine.descriptor.TestMethodTestDescriptor.execute(TestMethodTestDescriptor.java:137)
	org.junit.jupiter.engine.descriptor.TestMethodTestDescriptor.execute(TestMethodTestDescriptor.java:71)
	org.junit.platform.engine.support.hierarchical.NodeTestTask.lambda$executeRecursively$5(NodeTestTask.java:135)
	org.junit.platform.engine.support.hierarchical.ThrowableCollector.execute(ThrowableCollector.java:73)
	org.junit.platform.engine.support.hierarchical.NodeTestTask.lambda$executeRecursively$7(NodeTestTask.java:125)
	org.junit.platform.engine.support.hierarchical.Node.around(Node.java:135)
	org.junit.platform.engine.support.hierarchical.NodeTestTask.lambda$executeRecursively$8(NodeTestTask.java:123)
	org.junit.platform.engine.support.hierarchical.ThrowableCollector.execute(ThrowableCollector.java:73)
	org.junit.platform.engine.support.hierarchical.NodeTestTask.executeRecursively(NodeTestTask.java:122)
	org.junit.platform.engine.support.hierarchical.NodeTestTask.execute(NodeTestTask.java:80)
	java.util.ArrayList.forEach(ArrayList.java:1257)
	org.junit.platform.engine.support.hierarchical.SameThreadHierarchicalTestExecutorService.invokeAll(SameThreadHierarchicalTestExecutorService.java:38)
	org.junit.platform.engine.support.hierarchical.NodeTestTask.lambda$executeRecursively$5(NodeTestTask.java:139)
	org.junit.platform.engine.support.hierarchical.ThrowableCollector.execute(ThrowableCollector.java:73)
	org.junit.platform.engine.support.hierarchical.NodeTestTask.lambda$executeRecursively$7(NodeTestTask.java:125)
	org.junit.platform.engine.support.hierarchical.Node.around(Node.java:135)
	org.junit.platform.engine.support.hierarchical.NodeTestTask.lambda$executeRecursively$8(NodeTestTask.java:123)
	org.junit.platform.engine.support.hierarchical.ThrowableCollector.execute(ThrowableCollector.java:73)
	org.junit.platform.engine.support.hierarchical.NodeTestTask.executeRecursively(NodeTestTask.java:122)
	org.junit.platform.engine.support.hierarchical.NodeTestTask.execute(NodeTestTask.java:80)
	java.util.ArrayList.forEach(ArrayList.java:1257)
	org.junit.platform.engine.support.hierarchical.SameThreadHierarchicalTestExecutorService.invokeAll(SameThreadHierarchicalTestExecutorService.java:38)
	org.junit.platform.engine.support.hierarchical.NodeTestTask.lambda$executeRecursively$5(NodeTestTask.java:139)
	org.junit.platform.engine.support.hierarchical.ThrowableCollector.execute(ThrowableCollector.java:73)
	org.junit.platform.engine.support.hierarchical.NodeTestTask.lambda$executeRecursively$7(NodeTestTask.java:125)
	org.junit.platform.engine.support.hierarchical.Node.around(Node.java:135)
	org.junit.platform.engine.support.hierarchical.NodeTestTask.lambda$executeRecursively$8(NodeTestTask.java:123)
	org.junit.platform.engine.support.hierarchical.ThrowableCollector.execute(ThrowableCollector.java:73)
	org.junit.platform.engine.support.hierarchical.NodeTestTask.executeRecursively(NodeTestTask.java:122)
	org.junit.platform.engine.support.hierarchical.NodeTestTask.execute(NodeTestTask.java:80)
	org.junit.platform.engine.support.hierarchical.SameThreadHierarchicalTestExecutorService.submit(SameThreadHierarchicalTestExecutorService.java:32)
	org.junit.platform.engine.support.hierarchical.HierarchicalTestExecutor.execute(HierarchicalTestExecutor.java:57)
	org.junit.platform.engine.support.hierarchical.HierarchicalTestEngine.execute(HierarchicalTestEngine.java:51)
	org.junit.platform.launcher.core.DefaultLauncher.execute(DefaultLauncher.java:248)
	org.junit.platform.launcher.core.DefaultLauncher.lambda$execute$5(DefaultLauncher.java:211)
	org.junit.platform.launcher.core.DefaultLauncher.withInterceptedStreams(DefaultLauncher.java:226)
	org.junit.platform.launcher.core.DefaultLauncher.execute(DefaultLauncher.java:199)
	org.junit.platform.launcher.core.DefaultLauncher.execute(DefaultLauncher.java:132)
	org.gradle.api.internal.tasks.testing.junitplatform.JUnitPlatformTestClassProcessor$CollectAllTestClassesExecutor.processAllTestClasses(JUnitPlatformTestClassProcessor.java:102)
	org.gradle.api.internal.tasks.testing.junitplatform.JUnitPlatformTestClassProcessor$CollectAllTestClassesExecutor.access$000(JUnitPlatformTestClassProcessor.java:82)
	org.gradle.api.internal.tasks.testing.junitplatform.JUnitPlatformTestClassProcessor.stop(JUnitPlatformTestClassProcessor.java:78)
	org.gradle.api.internal.tasks.testing.SuiteTestClassProcessor.stop(SuiteTestClassProcessor.java:61)
	sun.reflect.NativeMethodAccessorImpl.invoke0(Native Method)
	sun.reflect.NativeMethodAccessorImpl.invoke(NativeMethodAccessorImpl.java:62)
	sun.reflect.DelegatingMethodAccessorImpl.invoke(DelegatingMethodAccessorImpl.java:43)
	java.lang.reflect.Method.invoke(Method.java:498)
	org.gradle.internal.dispatch.ReflectionDispatch.dispatch(ReflectionDispatch.java:36)
	org.gradle.internal.dispatch.ReflectionDispatch.dispatch(ReflectionDispatch.java:24)
	org.gradle.internal.dispatch.ContextClassLoaderDispatch.dispatch(ContextClassLoaderDispatch.java:33)
	org.gradle.internal.dispatch.ProxyDispatchAdapter$DispatchingInvocationHandler.invoke(ProxyDispatchAdapter.java:94)
	com.sun.proxy.$Proxy2.stop(Unknown Source)
	org.gradle.api.internal.tasks.testing.worker.TestWorker.stop(TestWorker.java:132)
	sun.reflect.NativeMethodAccessorImpl.invoke0(Native Method)
	sun.reflect.NativeMethodAccessorImpl.invoke(NativeMethodAccessorImpl.java:62)
	sun.reflect.DelegatingMethodAccessorImpl.invoke(DelegatingMethodAccessorImpl.java:43)
	java.lang.reflect.Method.invoke(Method.java:498)
	org.gradle.internal.dispatch.ReflectionDispatch.dispatch(ReflectionDispatch.java:36)
	org.gradle.internal.dispatch.ReflectionDispatch.dispatch(ReflectionDispatch.java:24)
	org.gradle.internal.remote.internal.hub.MessageHubBackedObjectConnection$DispatchWrapper.dispatch(MessageHubBackedObjectConnection.java:182)
	org.gradle.internal.remote.internal.hub.MessageHubBackedObjectConnection$DispatchWrapper.dispatch(MessageHubBackedObjectConnection.java:164)
	org.gradle.internal.remote.internal.hub.MessageHub$Handler.run(MessageHub.java:412)
	org.gradle.internal.concurrent.ExecutorPolicy$CatchAndRecordFailures.onExecute(ExecutorPolicy.java:64)
	org.gradle.internal.concurrent.ManagedExecutorImpl$1.run(ManagedExecutorImpl.java:48)
	java.util.concurrent.ThreadPoolExecutor.runWorker(ThreadPoolExecutor.java:1149)
	java.util.concurrent.ThreadPoolExecutor$Worker.run(ThreadPoolExecutor.java:624)
	org.gradle.internal.concurrent.ThreadFactoryImpl$ManagedThreadRunnable.run(ThreadFactoryImpl.java:56)
	java.lang.Thread.run(Thread.java:748)
#2:
	io.netty.buffer.AdvancedLeakAwareByteBuf.slice(AdvancedLeakAwareByteBuf.java:76)
	io.rsocket.util.ByteBufPayload.sliceMetadata(ByteBufPayload.java:134)
	io.rsocket.Payload.getMetadataUtf8(Payload.java:98)
	org.springframework.messaging.rsocket.DefaultRSocketRequesterTests.testSendMono(DefaultRSocketRequesterTests.java:98)
	org.springframework.messaging.rsocket.DefaultRSocketRequesterTests.sendMono(DefaultRSocketRequesterTests.java:89)
	sun.reflect.NativeMethodAccessorImpl.invoke0(Native Method)
	sun.reflect.NativeMethodAccessorImpl.invoke(NativeMethodAccessorImpl.java:62)
	sun.reflect.DelegatingMethodAccessorImpl.invoke(DelegatingMethodAccessorImpl.java:43)
	java.lang.reflect.Method.invoke(Method.java:498)
	org.junit.platform.commons.util.ReflectionUtils.invokeMethod(ReflectionUtils.java:686)
	org.junit.jupiter.engine.execution.MethodInvocation.proceed(MethodInvocation.java:60)
	org.junit.jupiter.engine.execution.InvocationInterceptorChain$ValidatingInvocation.proceed(InvocationInterceptorChain.java:131)
	org.junit.jupiter.engine.extension.TimeoutExtension.intercept(TimeoutExtension.java:149)
	org.junit.jupiter.engine.extension.TimeoutExtension.interceptTestableMethod(TimeoutExtension.java:140)
	org.junit.jupiter.engine.extension.TimeoutExtension.interceptTestMethod(TimeoutExtension.java:84)
	org.junit.jupiter.engine.execution.ExecutableInvoker$ReflectiveInterceptorCall.lambda$ofVoidMethod$0(ExecutableInvoker.java:115)
	org.junit.jupiter.engine.execution.ExecutableInvoker.lambda$invoke$0(ExecutableInvoker.java:105)
	org.junit.jupiter.engine.execution.InvocationInterceptorChain$InterceptedInvocation.proceed(InvocationInterceptorChain.java:106)
	org.junit.jupiter.engine.execution.InvocationInterceptorChain.proceed(InvocationInterceptorChain.java:64)
	org.junit.jupiter.engine.execution.InvocationInterceptorChain.chainAndInvoke(InvocationInterceptorChain.java:45)
	org.junit.jupiter.engine.execution.InvocationInterceptorChain.invoke(InvocationInterceptorChain.java:37)
	org.junit.jupiter.engine.execution.ExecutableInvoker.invoke(ExecutableInvoker.java:104)
	org.junit.jupiter.engine.execution.ExecutableInvoker.invoke(ExecutableInvoker.java:98)
	org.junit.jupiter.engine.descriptor.TestMethodTestDescriptor.lambda$invokeTestMethod$6(TestMethodTestDescriptor.java:212)
	org.junit.platform.engine.support.hierarchical.ThrowableCollector.execute(ThrowableCollector.java:73)
	org.junit.jupiter.engine.descriptor.TestMethodTestDescriptor.invokeTestMethod(TestMethodTestDescriptor.java:208)
	org.junit.jupiter.engine.descriptor.TestMethodTestDescriptor.execute(TestMethodTestDescriptor.java:137)
	org.junit.jupiter.engine.descriptor.TestMethodTestDescriptor.execute(TestMethodTestDescriptor.java:71)
	org.junit.platform.engine.support.hierarchical.NodeTestTask.lambda$executeRecursively$5(NodeTestTask.java:135)
	org.junit.platform.engine.support.hierarchical.ThrowableCollector.execute(ThrowableCollector.java:73)
	org.junit.platform.engine.support.hierarchical.NodeTestTask.lambda$executeRecursively$7(NodeTestTask.java:125)
	org.junit.platform.engine.support.hierarchical.Node.around(Node.java:135)
	org.junit.platform.engine.support.hierarchical.NodeTestTask.lambda$executeRecursively$8(NodeTestTask.java:123)
	org.junit.platform.engine.support.hierarchical.ThrowableCollector.execute(ThrowableCollector.java:73)
	org.junit.platform.engine.support.hierarchical.NodeTestTask.executeRecursively(NodeTestTask.java:122)
	org.junit.platform.engine.support.hierarchical.NodeTestTask.execute(NodeTestTask.java:80)
	java.util.ArrayList.forEach(ArrayList.java:1257)
	org.junit.platform.engine.support.hierarchical.SameThreadHierarchicalTestExecutorService.invokeAll(SameThreadHierarchicalTestExecutorService.java:38)
	org.junit.platform.engine.support.hierarchical.NodeTestTask.lambda$executeRecursively$5(NodeTestTask.java:139)
	org.junit.platform.engine.support.hierarchical.ThrowableCollector.execute(ThrowableCollector.java:73)
	org.junit.platform.engine.support.hierarchical.NodeTestTask.lambda$executeRecursively$7(NodeTestTask.java:125)
	org.junit.platform.engine.support.hierarchical.Node.around(Node.java:135)
	org.junit.platform.engine.support.hierarchical.NodeTestTask.lambda$executeRecursively$8(NodeTestTask.java:123)
	org.junit.platform.engine.support.hierarchical.ThrowableCollector.execute(ThrowableCollector.java:73)
	org.junit.platform.engine.support.hierarchical.NodeTestTask.executeRecursively(NodeTestTask.java:122)
	org.junit.platform.engine.support.hierarchical.NodeTestTask.execute(NodeTestTask.java:80)
	java.util.ArrayList.forEach(ArrayList.java:1257)
	org.junit.platform.engine.support.hierarchical.SameThreadHierarchicalTestExecutorService.invokeAll(SameThreadHierarchicalTestExecutorService.java:38)
	org.junit.platform.engine.support.hierarchical.NodeTestTask.lambda$executeRecursively$5(NodeTestTask.java:139)
	org.junit.platform.engine.support.hierarchical.ThrowableCollector.execute(ThrowableCollector.java:73)
	org.junit.platform.engine.support.hierarchical.NodeTestTask.lambda$executeRecursively$7(NodeTestTask.java:125)
	org.junit.platform.engine.support.hierarchical.Node.around(Node.java:135)
	org.junit.platform.engine.support.hierarchical.NodeTestTask.lambda$executeRecursively$8(NodeTestTask.java:123)
	org.junit.platform.engine.support.hierarchical.ThrowableCollector.execute(ThrowableCollector.java:73)
	org.junit.platform.engine.support.hierarchical.NodeTestTask.executeRecursively(NodeTestTask.java:122)
	org.junit.platform.engine.support.hierarchical.NodeTestTask.execute(NodeTestTask.java:80)
	org.junit.platform.engine.support.hierarchical.SameThreadHierarchicalTestExecutorService.submit(SameThreadHierarchicalTestExecutorService.java:32)
	org.junit.platform.engine.support.hierarchical.HierarchicalTestExecutor.execute(HierarchicalTestExecutor.java:57)
	org.junit.platform.engine.support.hierarchical.HierarchicalTestEngine.execute(HierarchicalTestEngine.java:51)
	org.junit.platform.launcher.core.DefaultLauncher.execute(DefaultLauncher.java:248)
	org.junit.platform.launcher.core.DefaultLauncher.lambda$execute$5(DefaultLauncher.java:211)
	org.junit.platform.launcher.core.DefaultLauncher.withInterceptedStreams(DefaultLauncher.java:226)
	org.junit.platform.launcher.core.DefaultLauncher.execute(DefaultLauncher.java:199)
	org.junit.platform.launcher.core.DefaultLauncher.execute(DefaultLauncher.java:132)
	org.gradle.api.internal.tasks.testing.junitplatform.JUnitPlatformTestClassProcessor$CollectAllTestClassesExecutor.processAllTestClasses(JUnitPlatformTestClassProcessor.java:102)
	org.gradle.api.internal.tasks.testing.junitplatform.JUnitPlatformTestClassProcessor$CollectAllTestClassesExecutor.access$000(JUnitPlatformTestClassProcessor.java:82)
	org.gradle.api.internal.tasks.testing.junitplatform.JUnitPlatformTestClassProcessor.stop(JUnitPlatformTestClassProcessor.java:78)
	org.gradle.api.internal.tasks.testing.SuiteTestClassProcessor.stop(SuiteTestClassProcessor.java:61)
	sun.reflect.NativeMethodAccessorImpl.invoke0(Native Method)
	sun.reflect.NativeMethodAccessorImpl.invoke(NativeMethodAccessorImpl.java:62)
	sun.reflect.DelegatingMethodAccessorImpl.invoke(DelegatingMethodAccessorImpl.java:43)
	java.lang.reflect.Method.invoke(Method.java:498)
	org.gradle.internal.dispatch.ReflectionDispatch.dispatch(ReflectionDispatch.java:36)
	org.gradle.internal.dispatch.ReflectionDispatch.dispatch(ReflectionDispatch.java:24)
	org.gradle.internal.dispatch.ContextClassLoaderDispatch.dispatch(ContextClassLoaderDispatch.java:33)
	org.gradle.internal.dispatch.ProxyDispatchAdapter$DispatchingInvocationHandler.invoke(ProxyDispatchAdapter.java:94)
	com.sun.proxy.$Proxy2.stop(Unknown Source)
	org.gradle.api.internal.tasks.testing.worker.TestWorker.stop(TestWorker.java:132)
	sun.reflect.NativeMethodAccessorImpl.invoke0(Native Method)
	sun.reflect.NativeMethodAccessorImpl.invoke(NativeMethodAccessorImpl.java:62)
	sun.reflect.DelegatingMethodAccessorImpl.invoke(DelegatingMethodAccessorImpl.java:43)
	java.lang.reflect.Method.invoke(Method.java:498)
	org.gradle.internal.dispatch.ReflectionDispatch.dispatch(ReflectionDispatch.java:36)
	org.gradle.internal.dispatch.ReflectionDispatch.dispatch(ReflectionDispatch.java:24)
	org.gradle.internal.remote.internal.hub.MessageHubBackedObjectConnection$DispatchWrapper.dispatch(MessageHubBackedObjectConnection.java:182)
	org.gradle.internal.remote.internal.hub.MessageHubBackedObjectConnection$DispatchWrapper.dispatch(MessageHubBackedObjectConnection.java:164)
	org.gradle.internal.remote.internal.hub.MessageHub$Handler.run(MessageHub.java:412)
	org.gradle.internal.concurrent.ExecutorPolicy$CatchAndRecordFailures.onExecute(ExecutorPolicy.java:64)
	org.gradle.internal.concurrent.ManagedExecutorImpl$1.run(ManagedExecutorImpl.java:48)
	java.util.concurrent.ThreadPoolExecutor.runWorker(ThreadPoolExecutor.java:1149)
	java.util.concurrent.ThreadPoolExecutor$Worker.run(ThreadPoolExecutor.java:624)
	org.gradle.internal.concurrent.ThreadFactoryImpl$ManagedThreadRunnable.run(ThreadFactoryImpl.java:56)
	java.lang.Thread.run(Thread.java:748)
Created at:
	io.netty.buffer.PooledByteBufAllocator.newDirectBuffer(PooledByteBufAllocator.java:363)
	io.netty.buffer.AbstractByteBufAllocator.directBuffer(AbstractByteBufAllocator.java:187)
	io.netty.buffer.AbstractByteBufAllocator.directBuffer(AbstractByteBufAllocator.java:178)
	io.netty.buffer.AbstractByteBufAllocator.buffer(AbstractByteBufAllocator.java:115)
	org.springframework.core.io.buffer.NettyDataBufferFactory.allocateBuffer(NettyDataBufferFactory.java:71)
	org.springframework.core.io.buffer.NettyDataBufferFactory.allocateBuffer(NettyDataBufferFactory.java:39)
	org.springframework.core.codec.CharSequenceEncoder.encodeValue(CharSequenceEncoder.java:91)
	org.springframework.core.codec.CharSequenceEncoder.encodeValue(CharSequenceEncoder.java:47)
	org.springframework.messaging.rsocket.MetadataEncoder.encodeEntry(MetadataEncoder.java:240)
	org.springframework.messaging.rsocket.MetadataEncoder.encodeEntries(MetadataEncoder.java:209)
	org.springframework.messaging.rsocket.MetadataEncoder.lambda$encode$1(MetadataEncoder.java:180)
	reactor.core.publisher.MonoCallable.subscribe(MonoCallable.java:56)
	reactor.core.publisher.Mono.subscribe(Mono.java:4208)
	reactor.core.publisher.MonoZip.subscribe(MonoZip.java:128)
	reactor.core.publisher.Mono.subscribe(Mono.java:4208)
	reactor.core.publisher.Mono.block(Mono.java:1699)
	org.springframework.messaging.rsocket.DefaultRSocketRequesterTests.testSendMono(DefaultRSocketRequesterTests.java:95)
	org.springframework.messaging.rsocket.DefaultRSocketRequesterTests.sendMono(DefaultRSocketRequesterTests.java:89)
	sun.reflect.NativeMethodAccessorImpl.invoke0(Native Method)
	sun.reflect.NativeMethodAccessorImpl.invoke(NativeMethodAccessorImpl.java:62)
	sun.reflect.DelegatingMethodAccessorImpl.invoke(DelegatingMethodAccessorImpl.java:43)
	java.lang.reflect.Method.invoke(Method.java:498)
	org.junit.platform.commons.util.ReflectionUtils.invokeMethod(ReflectionUtils.java:686)
	org.junit.jupiter.engine.execution.MethodInvocation.proceed(MethodInvocation.java:60)
	org.junit.jupiter.engine.execution.InvocationInterceptorChain$ValidatingInvocation.proceed(InvocationInterceptorChain.java:131)
	org.junit.jupiter.engine.extension.TimeoutExtension.intercept(TimeoutExtension.java:149)
	org.junit.jupiter.engine.extension.TimeoutExtension.interceptTestableMethod(TimeoutExtension.java:140)
	org.junit.jupiter.engine.extension.TimeoutExtension.interceptTestMethod(TimeoutExtension.java:84)
	org.junit.jupiter.engine.execution.ExecutableInvoker$ReflectiveInterceptorCall.lambda$ofVoidMethod$0(ExecutableInvoker.java:115)
	org.junit.jupiter.engine.execution.ExecutableInvoker.lambda$invoke$0(ExecutableInvoker.java:105)
	org.junit.jupiter.engine.execution.InvocationInterceptorChain$InterceptedInvocation.proceed(InvocationInterceptorChain.java:106)
	org.junit.jupiter.engine.execution.InvocationInterceptorChain.proceed(InvocationInterceptorChain.java:64)
	org.junit.jupiter.engine.execution.InvocationInterceptorChain.chainAndInvoke(InvocationInterceptorChain.java:45)
	org.junit.jupiter.engine.execution.InvocationInterceptorChain.invoke(InvocationInterceptorChain.java:37)
	org.junit.jupiter.engine.execution.ExecutableInvoker.invoke(ExecutableInvoker.java:104)
	org.junit.jupiter.engine.execution.ExecutableInvoker.invoke(ExecutableInvoker.java:98)
	org.junit.jupiter.engine.descriptor.TestMethodTestDescriptor.lambda$invokeTestMethod$6(TestMethodTestDescriptor.java:212)
	org.junit.platform.engine.support.hierarchical.ThrowableCollector.execute(ThrowableCollector.java:73)
	org.junit.jupiter.engine.descriptor.TestMethodTestDescriptor.invokeTestMethod(TestMethodTestDescriptor.java:208)
	org.junit.jupiter.engine.descriptor.TestMethodTestDescriptor.execute(TestMethodTestDescriptor.java:137)
	org.junit.jupiter.engine.descriptor.TestMethodTestDescriptor.execute(TestMethodTestDescriptor.java:71)
	org.junit.platform.engine.support.hierarchical.NodeTestTask.lambda$executeRecursively$5(NodeTestTask.java:135)
	org.junit.platform.engine.support.hierarchical.ThrowableCollector.execute(ThrowableCollector.java:73)
	org.junit.platform.engine.support.hierarchical.NodeTestTask.lambda$executeRecursively$7(NodeTestTask.java:125)
	org.junit.platform.engine.support.hierarchical.Node.around(Node.java:135)
	org.junit.platform.engine.support.hierarchical.NodeTestTask.lambda$executeRecursively$8(NodeTestTask.java:123)
	org.junit.platform.engine.support.hierarchical.ThrowableCollector.execute(ThrowableCollector.java:73)
	org.junit.platform.engine.support.hierarchical.NodeTestTask.executeRecursively(NodeTestTask.java:122)
	org.junit.platform.engine.support.hierarchical.NodeTestTask.execute(NodeTestTask.java:80)
	java.util.ArrayList.forEach(ArrayList.java:1257)
	org.junit.platform.engine.support.hierarchical.SameThreadHierarchicalTestExecutorService.invokeAll(SameThreadHierarchicalTestExecutorService.java:38)
	org.junit.platform.engine.support.hierarchical.NodeTestTask.lambda$executeRecursively$5(NodeTestTask.java:139)
	org.junit.platform.engine.support.hierarchical.ThrowableCollector.execute(ThrowableCollector.java:73)
	org.junit.platform.engine.support.hierarchical.NodeTestTask.lambda$executeRecursively$7(NodeTestTask.java:125)
	org.junit.platform.engine.support.hierarchical.Node.around(Node.java:135)
	org.junit.platform.engine.support.hierarchical.NodeTestTask.lambda$executeRecursively$8(NodeTestTask.java:123)
	org.junit.platform.engine.support.hierarchical.ThrowableCollector.execute(ThrowableCollector.java:73)
	org.junit.platform.engine.support.hierarchical.NodeTestTask.executeRecursively(NodeTestTask.java:122)
	org.junit.platform.engine.support.hierarchical.NodeTestTask.execute(NodeTestTask.java:80)
	java.util.ArrayList.forEach(ArrayList.java:1257)
	org.junit.platform.engine.support.hierarchical.SameThreadHierarchicalTestExecutorService.invokeAll(SameThreadHierarchicalTestExecutorService.java:38)
	org.junit.platform.engine.support.hierarchical.NodeTestTask.lambda$executeRecursively$5(NodeTestTask.java:139)
	org.junit.platform.engine.support.hierarchical.ThrowableCollector.execute(ThrowableCollector.java:73)
	org.junit.platform.engine.support.hierarchical.NodeTestTask.lambda$executeRecursively$7(NodeTestTask.java:125)
	org.junit.platform.engine.support.hierarchical.Node.around(Node.java:135)
	org.junit.platform.engine.support.hierarchical.NodeTestTask.lambda$executeRecursively$8(NodeTestTask.java:123)
	org.junit.platform.engine.support.hierarchical.ThrowableCollector.execute(ThrowableCollector.java:73)
	org.junit.platform.engine.support.hierarchical.NodeTestTask.executeRecursively(NodeTestTask.java:122)
	org.junit.platform.engine.support.hierarchical.NodeTestTask.execute(NodeTestTask.java:80)
	org.junit.platform.engine.support.hierarchical.SameThreadHierarchicalTestExecutorService.submit(SameThreadHierarchicalTestExecutorService.java:32)
	org.junit.platform.engine.support.hierarchical.HierarchicalTestExecutor.execute(HierarchicalTestExecutor.java:57)
	org.junit.platform.engine.support.hierarchical.HierarchicalTestEngine.execute(HierarchicalTestEngine.java:51)
	org.junit.platform.launcher.core.DefaultLauncher.execute(DefaultLauncher.java:248)
	org.junit.platform.launcher.core.DefaultLauncher.lambda$execute$5(DefaultLauncher.java:211)
	org.junit.platform.launcher.core.DefaultLauncher.withInterceptedStreams(DefaultLauncher.java:226)
	org.junit.platform.launcher.core.DefaultLauncher.execute(DefaultLauncher.java:199)
	org.junit.platform.launcher.core.DefaultLauncher.execute(DefaultLauncher.java:132)
	org.gradle.api.internal.tasks.testing.junitplatform.JUnitPlatformTestClassProcessor$CollectAllTestClassesExecutor.processAllTestClasses(JUnitPlatformTestClassProcessor.java:102)
	org.gradle.api.internal.tasks.testing.junitplatform.JUnitPlatformTestClassProcessor$CollectAllTestClassesExecutor.access$000(JUnitPlatformTestClassProcessor.java:82)
	org.gradle.api.internal.tasks.testing.junitplatform.JUnitPlatformTestClassProcessor.stop(JUnitPlatformTestClassProcessor.java:78)
	org.gradle.api.internal.tasks.testing.SuiteTestClassProcessor.stop(SuiteTestClassProcessor.java:61)
	sun.reflect.NativeMethodAccessorImpl.invoke0(Native Method)
	sun.reflect.NativeMethodAccessorImpl.invoke(NativeMethodAccessorImpl.java:62)
	sun.reflect.DelegatingMethodAccessorImpl.invoke(DelegatingMethodAccessorImpl.java:43)
	java.lang.reflect.Method.invoke(Method.java:498)
	org.gradle.internal.dispatch.ReflectionDispatch.dispatch(ReflectionDispatch.java:36)
	org.gradle.internal.dispatch.ReflectionDispatch.dispatch(ReflectionDispatch.java:24)
	org.gradle.internal.dispatch.ContextClassLoaderDispatch.dispatch(ContextClassLoaderDispatch.java:33)
	org.gradle.internal.dispatch.ProxyDispatchAdapter$DispatchingInvocationHandler.invoke(ProxyDispatchAdapter.java:94)
	com.sun.proxy.$Proxy2.stop(Unknown Source)
	org.gradle.api.internal.tasks.testing.worker.TestWorker.stop(TestWorker.java:132)
	sun.reflect.NativeMethodAccessorImpl.invoke0(Native Method)
	sun.reflect.NativeMethodAccessorImpl.invoke(NativeMethodAccessorImpl.java:62)
	sun.reflect.DelegatingMethodAccessorImpl.invoke(DelegatingMethodAccessorImpl.java:43)
	java.lang.reflect.Method.invoke(Method.java:498)
	org.gradle.internal.dispatch.ReflectionDispatch.dispatch(ReflectionDispatch.java:36)
	org.gradle.internal.dispatch.ReflectionDispatch.dispatch(ReflectionDispatch.java:24)
	org.gradle.internal.remote.internal.hub.MessageHubBackedObjectConnection$DispatchWrapper.dispatch(MessageHubBackedObjectConnection.java:182)
	org.gradle.internal.remote.internal.hub.MessageHubBackedObjectConnection$DispatchWrapper.dispatch(MessageHubBackedObjectConnection.java:164)
	org.gradle.internal.remote.internal.hub.MessageHub$Handler.run(MessageHub.java:412)
	org.gradle.internal.concurrent.ExecutorPolicy$CatchAndRecordFailures.onExecute(ExecutorPolicy.java:64)
	org.gradle.internal.concurrent.ManagedExecutorImpl$1.run(ManagedExecutorImpl.java:48)
	java.util.concurrent.ThreadPoolExecutor.runWorker(ThreadPoolExecutor.java:1149)
	java.util.concurrent.ThreadPoolExecutor$Worker.run(ThreadPoolExecutor.java:624)
	org.gradle.internal.concurrent.ThreadFactoryImpl$ManagedThreadRunnable.run(ThreadFactoryImpl.java:56)
	java.lang.Thread.run(Thread.java:748)
22:22:58.774 [Test worker] ERROR i.n.u.ResourceLeakDetector - LEAK: ByteBuf.release() was not called before it's garbage-collected. See https://netty.io/wiki/reference-counted-objects.html for more information.
Recent access records: 
#1:
	io.netty.buffer.AdvancedLeakAwareByteBuf.order(AdvancedLeakAwareByteBuf.java:70)
	io.netty.buffer.CompositeByteBuf.newComponent(CompositeByteBuf.java:335)
	io.netty.buffer.CompositeByteBuf.addComponents0(CompositeByteBuf.java:374)
	io.netty.buffer.CompositeByteBuf.addComponents(CompositeByteBuf.java:236)
	io.netty.buffer.WrappedCompositeByteBuf.addComponents(WrappedCompositeByteBuf.java:540)
	io.netty.buffer.AdvancedLeakAwareCompositeByteBuf.addComponents(AdvancedLeakAwareCompositeByteBuf.java:927)
	io.rsocket.metadata.CompositeMetadataFlyweight.encodeAndAddMetadata(CompositeMetadataFlyweight.java:215)
	org.springframework.messaging.rsocket.MetadataEncoder.lambda$encodeEntries$2(MetadataEncoder.java:193)
	java.util.ArrayList.forEach(ArrayList.java:1257)
	org.springframework.messaging.rsocket.MetadataEncoder.encodeEntries(MetadataEncoder.java:191)
	reactor.core.publisher.FluxMap$MapSubscriber.onNext(FluxMap.java:100)
	reactor.core.publisher.Operators$MonoSubscriber.complete(Operators.java:1755)
	reactor.core.publisher.MonoZip$ZipCoordinator.signal(MonoZip.java:247)
	reactor.core.publisher.MonoZip$ZipInner.onNext(MonoZip.java:329)
	reactor.core.publisher.FluxDefaultIfEmpty$DefaultIfEmptySubscriber.onNext(FluxDefaultIfEmpty.java:92)
	reactor.core.publisher.FluxMap$MapSubscriber.onNext(FluxMap.java:114)
	reactor.core.publisher.MonoDelay$MonoDelayRunnable.run(MonoDelay.java:117)
	reactor.core.scheduler.SchedulerTask.call(SchedulerTask.java:68)
	reactor.core.scheduler.SchedulerTask.call(SchedulerTask.java:28)
	java.util.concurrent.FutureTask.run(FutureTask.java:266)
	java.util.concurrent.ScheduledThreadPoolExecutor$ScheduledFutureTask.access$201(ScheduledThreadPoolExecutor.java:180)
	java.util.concurrent.ScheduledThreadPoolExecutor$ScheduledFutureTask.run(ScheduledThreadPoolExecutor.java:293)
	java.util.concurrent.ThreadPoolExecutor.runWorker(ThreadPoolExecutor.java:1149)
	java.util.concurrent.ThreadPoolExecutor$Worker.run(ThreadPoolExecutor.java:624)
	java.lang.Thread.run(Thread.java:748)
#2:
	io.netty.buffer.AdvancedLeakAwareByteBuf.writeByte(AdvancedLeakAwareByteBuf.java:544)
	io.rsocket.util.NumberUtils.encodeUnsignedMedium(NumberUtils.java:162)
	io.rsocket.metadata.CompositeMetadataFlyweight.encodeMetadataHeader(CompositeMetadataFlyweight.java:359)
	io.rsocket.metadata.CompositeMetadataFlyweight.encodeAndAddMetadata(CompositeMetadataFlyweight.java:216)
	org.springframework.messaging.rsocket.MetadataEncoder.lambda$encodeEntries$2(MetadataEncoder.java:193)
	java.util.ArrayList.forEach(ArrayList.java:1257)
	org.springframework.messaging.rsocket.MetadataEncoder.encodeEntries(MetadataEncoder.java:191)
	reactor.core.publisher.FluxMap$MapSubscriber.onNext(FluxMap.java:100)
	reactor.core.publisher.Operators$MonoSubscriber.complete(Operators.java:1755)
	reactor.core.publisher.MonoZip$ZipCoordinator.signal(MonoZip.java:247)
	reactor.core.publisher.MonoZip$ZipInner.onNext(MonoZip.java:329)
	reactor.core.publisher.FluxDefaultIfEmpty$DefaultIfEmptySubscriber.onNext(FluxDefaultIfEmpty.java:92)
	reactor.core.publisher.FluxMap$MapSubscriber.onNext(FluxMap.java:114)
	reactor.core.publisher.MonoDelay$MonoDelayRunnable.run(MonoDelay.java:117)
	reactor.core.scheduler.SchedulerTask.call(SchedulerTask.java:68)
	reactor.core.scheduler.SchedulerTask.call(SchedulerTask.java:28)
	java.util.concurrent.FutureTask.run(FutureTask.java:266)
	java.util.concurrent.ScheduledThreadPoolExecutor$ScheduledFutureTask.access$201(ScheduledThreadPoolExecutor.java:180)
	java.util.concurrent.ScheduledThreadPoolExecutor$ScheduledFutureTask.run(ScheduledThreadPoolExecutor.java:293)
	java.util.concurrent.ThreadPoolExecutor.runWorker(ThreadPoolExecutor.java:1149)
	java.util.concurrent.ThreadPoolExecutor$Worker.run(ThreadPoolExecutor.java:624)
	java.lang.Thread.run(Thread.java:748)
#3:
	io.netty.buffer.AdvancedLeakAwareByteBuf.writeByte(AdvancedLeakAwareByteBuf.java:544)
	io.rsocket.util.NumberUtils.encodeUnsignedMedium(NumberUtils.java:160)
	io.rsocket.metadata.CompositeMetadataFlyweight.encodeMetadataHeader(CompositeMetadataFlyweight.java:359)
	io.rsocket.metadata.CompositeMetadataFlyweight.encodeAndAddMetadata(CompositeMetadataFlyweight.java:216)
	org.springframework.messaging.rsocket.MetadataEncoder.lambda$encodeEntries$2(MetadataEncoder.java:193)
	java.util.ArrayList.forEach(ArrayList.java:1257)
	org.springframework.messaging.rsocket.MetadataEncoder.encodeEntries(MetadataEncoder.java:191)
	reactor.core.publisher.FluxMap$MapSubscriber.onNext(FluxMap.java:100)
	reactor.core.publisher.Operators$MonoSubscriber.complete(Operators.java:1755)
	reactor.core.publisher.MonoZip$ZipCoordinator.signal(MonoZip.java:247)
	reactor.core.publisher.MonoZip$ZipInner.onNext(MonoZip.java:329)
	reactor.core.publisher.FluxDefaultIfEmpty$DefaultIfEmptySubscriber.onNext(FluxDefaultIfEmpty.java:92)
	reactor.core.publisher.FluxMap$MapSubscriber.onNext(FluxMap.java:114)
	reactor.core.publisher.MonoDelay$MonoDelayRunnable.run(MonoDelay.java:117)
	reactor.core.scheduler.SchedulerTask.call(SchedulerTask.java:68)
	reactor.core.scheduler.SchedulerTask.call(SchedulerTask.java:28)
	java.util.concurrent.FutureTask.run(FutureTask.java:266)
	java.util.concurrent.ScheduledThreadPoolExecutor$ScheduledFutureTask.access$201(ScheduledThreadPoolExecutor.java:180)
	java.util.concurrent.ScheduledThreadPoolExecutor$ScheduledFutureTask.run(ScheduledThreadPoolExecutor.java:293)
	java.util.concurrent.ThreadPoolExecutor.runWorker(ThreadPoolExecutor.java:1149)
	java.util.concurrent.ThreadPoolExecutor$Worker.run(ThreadPoolExecutor.java:624)
	java.lang.Thread.run(Thread.java:748)
#4:
	io.netty.buffer.AdvancedLeakAwareByteBuf.writeByte(AdvancedLeakAwareByteBuf.java:544)
	io.rsocket.metadata.CompositeMetadataFlyweight.encodeMetadataHeader(CompositeMetadataFlyweight.java:355)
	io.rsocket.metadata.CompositeMetadataFlyweight.encodeAndAddMetadata(CompositeMetadataFlyweight.java:216)
	org.springframework.messaging.rsocket.MetadataEncoder.lambda$encodeEntries$2(MetadataEncoder.java:193)
	java.util.ArrayList.forEach(ArrayList.java:1257)
	org.springframework.messaging.rsocket.MetadataEncoder.encodeEntries(MetadataEncoder.java:191)
	reactor.core.publisher.FluxMap$MapSubscriber.onNext(FluxMap.java:100)
	reactor.core.publisher.Operators$MonoSubscriber.complete(Operators.java:1755)
	reactor.core.publisher.MonoZip$ZipCoordinator.signal(MonoZip.java:247)
	reactor.core.publisher.MonoZip$ZipInner.onNext(MonoZip.java:329)
	reactor.core.publisher.FluxDefaultIfEmpty$DefaultIfEmptySubscriber.onNext(FluxDefaultIfEmpty.java:92)
	reactor.core.publisher.FluxMap$MapSubscriber.onNext(FluxMap.java:114)
	reactor.core.publisher.MonoDelay$MonoDelayRunnable.run(MonoDelay.java:117)
	reactor.core.scheduler.SchedulerTask.call(SchedulerTask.java:68)
	reactor.core.scheduler.SchedulerTask.call(SchedulerTask.java:28)
	java.util.concurrent.FutureTask.run(FutureTask.java:266)
	java.util.concurrent.ScheduledThreadPoolExecutor$ScheduledFutureTask.access$201(ScheduledThreadPoolExecutor.java:180)
	java.util.concurrent.ScheduledThreadPoolExecutor$ScheduledFutureTask.run(ScheduledThreadPoolExecutor.java:293)
	java.util.concurrent.ThreadPoolExecutor.runWorker(ThreadPoolExecutor.java:1149)
	java.util.concurrent.ThreadPoolExecutor$Worker.run(ThreadPoolExecutor.java:624)
	java.lang.Thread.run(Thread.java:748)
#5:
	io.netty.buffer.AdvancedLeakAwareByteBuf.forEachByte(AdvancedLeakAwareByteBuf.java:676)
	io.netty.buffer.ByteBufUtil.isAscii(ByteBufUtil.java:1314)
	io.netty.buffer.ByteBufUtil.isText(ByteBufUtil.java:1273)
	io.rsocket.metadata.CompositeMetadataFlyweight.encodeMetadataHeader(CompositeMetadataFlyweight.java:339)
	io.rsocket.metadata.CompositeMetadataFlyweight.encodeAndAddMetadata(CompositeMetadataFlyweight.java:216)
	org.springframework.messaging.rsocket.MetadataEncoder.lambda$encodeEntries$2(MetadataEncoder.java:193)
	java.util.ArrayList.forEach(ArrayList.java:1257)
	org.springframework.messaging.rsocket.MetadataEncoder.encodeEntries(MetadataEncoder.java:191)
	reactor.core.publisher.FluxMap$MapSubscriber.onNext(FluxMap.java:100)
	reactor.core.publisher.Operators$MonoSubscriber.complete(Operators.java:1755)
	reactor.core.publisher.MonoZip$ZipCoordinator.signal(MonoZip.java:247)
	reactor.core.publisher.MonoZip$ZipInner.onNext(MonoZip.java:329)
	reactor.core.publisher.FluxDefaultIfEmpty$DefaultIfEmptySubscriber.onNext(FluxDefaultIfEmpty.java:92)
	reactor.core.publisher.FluxMap$MapSubscriber.onNext(FluxMap.java:114)
	reactor.core.publisher.MonoDelay$MonoDelayRunnable.run(MonoDelay.java:117)
	reactor.core.scheduler.SchedulerTask.call(SchedulerTask.java:68)
	reactor.core.scheduler.SchedulerTask.call(SchedulerTask.java:28)
	java.util.concurrent.FutureTask.run(FutureTask.java:266)
	java.util.concurrent.ScheduledThreadPoolExecutor$ScheduledFutureTask.access$201(ScheduledThreadPoolExecutor.java:180)
	java.util.concurrent.ScheduledThreadPoolExecutor$ScheduledFutureTask.run(ScheduledThreadPoolExecutor.java:293)
	java.util.concurrent.ThreadPoolExecutor.runWorker(ThreadPoolExecutor.java:1149)
	java.util.concurrent.ThreadPoolExecutor$Worker.run(ThreadPoolExecutor.java:624)
	java.lang.Thread.run(Thread.java:748)
Created at:
	io.netty.buffer.PooledByteBufAllocator.newDirectBuffer(PooledByteBufAllocator.java:363)
	io.netty.buffer.AbstractByteBufAllocator.directBuffer(AbstractByteBufAllocator.java:187)
	io.netty.buffer.AbstractByteBufAllocator.directBuffer(AbstractByteBufAllocator.java:178)
	io.netty.buffer.AbstractByteBufAllocator.buffer(AbstractByteBufAllocator.java:115)
	io.rsocket.metadata.CompositeMetadataFlyweight.encodeMetadataHeader(CompositeMetadataFlyweight.java:330)
	io.rsocket.metadata.CompositeMetadataFlyweight.encodeAndAddMetadata(CompositeMetadataFlyweight.java:216)
	org.springframework.messaging.rsocket.MetadataEncoder.lambda$encodeEntries$2(MetadataEncoder.java:193)
	java.util.ArrayList.forEach(ArrayList.java:1257)
	org.springframework.messaging.rsocket.MetadataEncoder.encodeEntries(MetadataEncoder.java:191)
	reactor.core.publisher.FluxMap$MapSubscriber.onNext(FluxMap.java:100)
	reactor.core.publisher.Operators$MonoSubscriber.complete(Operators.java:1755)
	reactor.core.publisher.MonoZip$ZipCoordinator.signal(MonoZip.java:247)
	reactor.core.publisher.MonoZip$ZipInner.onNext(MonoZip.java:329)
	reactor.core.publisher.FluxDefaultIfEmpty$DefaultIfEmptySubscriber.onNext(FluxDefaultIfEmpty.java:92)
	reactor.core.publisher.FluxMap$MapSubscriber.onNext(FluxMap.java:114)
	reactor.core.publisher.MonoDelay$MonoDelayRunnable.run(MonoDelay.java:117)
	reactor.core.scheduler.SchedulerTask.call(SchedulerTask.java:68)
	reactor.core.scheduler.SchedulerTask.call(SchedulerTask.java:28)
	java.util.concurrent.FutureTask.run(FutureTask.java:266)
	java.util.concurrent.ScheduledThreadPoolExecutor$ScheduledFutureTask.access$201(ScheduledThreadPoolExecutor.java:180)
	java.util.concurrent.ScheduledThreadPoolExecutor$ScheduledFutureTask.run(ScheduledThreadPoolExecutor.java:293)
	java.util.concurrent.ThreadPoolExecutor.runWorker(ThreadPoolExecutor.java:1149)
	java.util.concurrent.ThreadPoolExecutor$Worker.run(ThreadPoolExecutor.java:624)
	java.lang.Thread.run(Thread.java:748)
: 1 leak records were discarded because the leak record count is targeted to 4. Use system property io.netty.leakDetection.targetRecords to increase the limit.
22:22:58.777 [Test worker] ERROR i.n.u.ResourceLeakDetector - LEAK: ByteBuf.release() was not called before it's garbage-collected. See https://netty.io/wiki/reference-counted-objects.html for more information.
Recent access records: 
#1:
	io.netty.buffer.AdvancedLeakAwareByteBuf.toString(AdvancedLeakAwareByteBuf.java:742)
	io.rsocket.metadata.TaggingMetadata$1.next(TaggingMetadata.java:47)
	io.rsocket.metadata.TaggingMetadata$1.next(TaggingMetadata.java:37)
	org.springframework.messaging.rsocket.MetadataEncoderTests.assertRoute(MetadataEncoderTests.java:233)
	org.springframework.messaging.rsocket.MetadataEncoderTests.routeWithRoutingMimeType(MetadataEncoderTests.java:115)
	sun.reflect.NativeMethodAccessorImpl.invoke0(Native Method)
	sun.reflect.NativeMethodAccessorImpl.invoke(NativeMethodAccessorImpl.java:62)
	sun.reflect.DelegatingMethodAccessorImpl.invoke(DelegatingMethodAccessorImpl.java:43)
	java.lang.reflect.Method.invoke(Method.java:498)
	org.junit.platform.commons.util.ReflectionUtils.invokeMethod(ReflectionUtils.java:686)
	org.junit.jupiter.engine.execution.MethodInvocation.proceed(MethodInvocation.java:60)
	org.junit.jupiter.engine.execution.InvocationInterceptorChain$ValidatingInvocation.proceed(InvocationInterceptorChain.java:131)
	org.junit.jupiter.engine.extension.TimeoutExtension.intercept(TimeoutExtension.java:149)
	org.junit.jupiter.engine.extension.TimeoutExtension.interceptTestableMethod(TimeoutExtension.java:140)
	org.junit.jupiter.engine.extension.TimeoutExtension.interceptTestMethod(TimeoutExtension.java:84)
	org.junit.jupiter.engine.execution.ExecutableInvoker$ReflectiveInterceptorCall.lambda$ofVoidMethod$0(ExecutableInvoker.java:115)
	org.junit.jupiter.engine.execution.ExecutableInvoker.lambda$invoke$0(ExecutableInvoker.java:105)
	org.junit.jupiter.engine.execution.InvocationInterceptorChain$InterceptedInvocation.proceed(InvocationInterceptorChain.java:106)
	org.junit.jupiter.engine.execution.InvocationInterceptorChain.proceed(InvocationInterceptorChain.java:64)
	org.junit.jupiter.engine.execution.InvocationInterceptorChain.chainAndInvoke(InvocationInterceptorChain.java:45)
	org.junit.jupiter.engine.execution.InvocationInterceptorChain.invoke(InvocationInterceptorChain.java:37)
	org.junit.jupiter.engine.execution.ExecutableInvoker.invoke(ExecutableInvoker.java:104)
	org.junit.jupiter.engine.execution.ExecutableInvoker.invoke(ExecutableInvoker.java:98)
	org.junit.jupiter.engine.descriptor.TestMethodTestDescriptor.lambda$invokeTestMethod$6(TestMethodTestDescriptor.java:212)
	org.junit.platform.engine.support.hierarchical.ThrowableCollector.execute(ThrowableCollector.java:73)
	org.junit.jupiter.engine.descriptor.TestMethodTestDescriptor.invokeTestMethod(TestMethodTestDescriptor.java:208)
	org.junit.jupiter.engine.descriptor.TestMethodTestDescriptor.execute(TestMethodTestDescriptor.java:137)
	org.junit.jupiter.engine.descriptor.TestMethodTestDescriptor.execute(TestMethodTestDescriptor.java:71)
	org.junit.platform.engine.support.hierarchical.NodeTestTask.lambda$executeRecursively$5(NodeTestTask.java:135)
	org.junit.platform.engine.support.hierarchical.ThrowableCollector.execute(ThrowableCollector.java:73)
	org.junit.platform.engine.support.hierarchical.NodeTestTask.lambda$executeRecursively$7(NodeTestTask.java:125)
	org.junit.platform.engine.support.hierarchical.Node.around(Node.java:135)
	org.junit.platform.engine.support.hierarchical.NodeTestTask.lambda$executeRecursively$8(NodeTestTask.java:123)
	org.junit.platform.engine.support.hierarchical.ThrowableCollector.execute(ThrowableCollector.java:73)
	org.junit.platform.engine.support.hierarchical.NodeTestTask.executeRecursively(NodeTestTask.java:122)
	org.junit.platform.engine.support.hierarchical.NodeTestTask.execute(NodeTestTask.java:80)
	java.util.ArrayList.forEach(ArrayList.java:1257)
	org.junit.platform.engine.support.hierarchical.SameThreadHierarchicalTestExecutorService.invokeAll(SameThreadHierarchicalTestExecutorService.java:38)
	org.junit.platform.engine.support.hierarchical.NodeTestTask.lambda$executeRecursively$5(NodeTestTask.java:139)
	org.junit.platform.engine.support.hierarchical.ThrowableCollector.execute(ThrowableCollector.java:73)
	org.junit.platform.engine.support.hierarchical.NodeTestTask.lambda$executeRecursively$7(NodeTestTask.java:125)
	org.junit.platform.engine.support.hierarchical.Node.around(Node.java:135)
	org.junit.platform.engine.support.hierarchical.NodeTestTask.lambda$executeRecursively$8(NodeTestTask.java:123)
	org.junit.platform.engine.support.hierarchical.ThrowableCollector.execute(ThrowableCollector.java:73)
	org.junit.platform.engine.support.hierarchical.NodeTestTask.executeRecursively(NodeTestTask.java:122)
	org.junit.platform.engine.support.hierarchical.NodeTestTask.execute(NodeTestTask.java:80)
	java.util.ArrayList.forEach(ArrayList.java:1257)
	org.junit.platform.engine.support.hierarchical.SameThreadHierarchicalTestExecutorService.invokeAll(SameThreadHierarchicalTestExecutorService.java:38)
	org.junit.platform.engine.support.hierarchical.NodeTestTask.lambda$executeRecursively$5(NodeTestTask.java:139)
	org.junit.platform.engine.support.hierarchical.ThrowableCollector.execute(ThrowableCollector.java:73)
	org.junit.platform.engine.support.hierarchical.NodeTestTask.lambda$executeRecursively$7(NodeTestTask.java:125)
	org.junit.platform.engine.support.hierarchical.Node.around(Node.java:135)
	org.junit.platform.engine.support.hierarchical.NodeTestTask.lambda$executeRecursively$8(NodeTestTask.java:123)
	org.junit.platform.engine.support.hierarchical.ThrowableCollector.execute(ThrowableCollector.java:73)
	org.junit.platform.engine.support.hierarchical.NodeTestTask.executeRecursively(NodeTestTask.java:122)
	org.junit.platform.engine.support.hierarchical.NodeTestTask.execute(NodeTestTask.java:80)
	org.junit.platform.engine.support.hierarchical.SameThreadHierarchicalTestExecutorService.submit(SameThreadHierarchicalTestExecutorService.java:32)
	org.junit.platform.engine.support.hierarchical.HierarchicalTestExecutor.execute(HierarchicalTestExecutor.java:57)
	org.junit.platform.engine.support.hierarchical.HierarchicalTestEngine.execute(HierarchicalTestEngine.java:51)
	org.junit.platform.launcher.core.DefaultLauncher.execute(DefaultLauncher.java:248)
	org.junit.platform.launcher.core.DefaultLauncher.lambda$execute$5(DefaultLauncher.java:211)
	org.junit.platform.launcher.core.DefaultLauncher.withInterceptedStreams(DefaultLauncher.java:226)
	org.junit.platform.launcher.core.DefaultLauncher.execute(DefaultLauncher.java:199)
	org.junit.platform.launcher.core.DefaultLauncher.execute(DefaultLauncher.java:132)
	org.gradle.api.internal.tasks.testing.junitplatform.JUnitPlatformTestClassProcessor$CollectAllTestClassesExecutor.processAllTestClasses(JUnitPlatformTestClassProcessor.java:102)
	org.gradle.api.internal.tasks.testing.junitplatform.JUnitPlatformTestClassProcessor$CollectAllTestClassesExecutor.access$000(JUnitPlatformTestClassProcessor.java:82)
	org.gradle.api.internal.tasks.testing.junitplatform.JUnitPlatformTestClassProcessor.stop(JUnitPlatformTestClassProcessor.java:78)
	org.gradle.api.internal.tasks.testing.SuiteTestClassProcessor.stop(SuiteTestClassProcessor.java:61)
	sun.reflect.NativeMethodAccessorImpl.invoke0(Native Method)
	sun.reflect.NativeMethodAccessorImpl.invoke(NativeMethodAccessorImpl.java:62)
	sun.reflect.DelegatingMethodAccessorImpl.invoke(DelegatingMethodAccessorImpl.java:43)
	java.lang.reflect.Method.invoke(Method.java:498)
	org.gradle.internal.dispatch.ReflectionDispatch.dispatch(ReflectionDispatch.java:36)
	org.gradle.internal.dispatch.ReflectionDispatch.dispatch(ReflectionDispatch.java:24)
	org.gradle.internal.dispatch.ContextClassLoaderDispatch.dispatch(ContextClassLoaderDispatch.java:33)
	org.gradle.internal.dispatch.ProxyDispatchAdapter$DispatchingInvocationHandler.invoke(ProxyDispatchAdapter.java:94)
	com.sun.proxy.$Proxy2.stop(Unknown Source)
	org.gradle.api.internal.tasks.testing.worker.TestWorker.stop(TestWorker.java:132)
	sun.reflect.NativeMethodAccessorImpl.invoke0(Native Method)
	sun.reflect.NativeMethodAccessorImpl.invoke(NativeMethodAccessorImpl.java:62)
	sun.reflect.DelegatingMethodAccessorImpl.invoke(DelegatingMethodAccessorImpl.java:43)
	java.lang.reflect.Method.invoke(Method.java:498)
	org.gradle.internal.dispatch.ReflectionDispatch.dispatch(ReflectionDispatch.java:36)
	org.gradle.internal.dispatch.ReflectionDispatch.dispatch(ReflectionDispatch.java:24)
	org.gradle.internal.remote.internal.hub.MessageHubBackedObjectConnection$DispatchWrapper.dispatch(MessageHubBackedObjectConnection.java:182)
	org.gradle.internal.remote.internal.hub.MessageHubBackedObjectConnection$DispatchWrapper.dispatch(MessageHubBackedObjectConnection.java:164)
	org.gradle.internal.remote.internal.hub.MessageHub$Handler.run(MessageHub.java:412)
	org.gradle.internal.concurrent.ExecutorPolicy$CatchAndRecordFailures.onExecute(ExecutorPolicy.java:64)
	org.gradle.internal.concurrent.ManagedExecutorImpl$1.run(ManagedExecutorImpl.java:48)
	java.util.concurrent.ThreadPoolExecutor.runWorker(ThreadPoolExecutor.java:1149)
	java.util.concurrent.ThreadPoolExecutor$Worker.run(ThreadPoolExecutor.java:624)
	org.gradle.internal.concurrent.ThreadFactoryImpl$ManagedThreadRunnable.run(ThreadFactoryImpl.java:56)
	java.lang.Thread.run(Thread.java:748)
#2:
	io.netty.buffer.AdvancedLeakAwareCompositeByteBuf.readByte(AdvancedLeakAwareCompositeByteBuf.java:380)
	io.rsocket.metadata.TaggingMetadata$1.next(TaggingMetadata.java:45)
	io.rsocket.metadata.TaggingMetadata$1.next(TaggingMetadata.java:37)
	org.springframework.messaging.rsocket.MetadataEncoderTests.assertRoute(MetadataEncoderTests.java:233)
	org.springframework.messaging.rsocket.MetadataEncoderTests.routeWithRoutingMimeType(MetadataEncoderTests.java:115)
	sun.reflect.NativeMethodAccessorImpl.invoke0(Native Method)
	sun.reflect.NativeMethodAccessorImpl.invoke(NativeMethodAccessorImpl.java:62)
	sun.reflect.DelegatingMethodAccessorImpl.invoke(DelegatingMethodAccessorImpl.java:43)
	java.lang.reflect.Method.invoke(Method.java:498)
	org.junit.platform.commons.util.ReflectionUtils.invokeMethod(ReflectionUtils.java:686)
	org.junit.jupiter.engine.execution.MethodInvocation.proceed(MethodInvocation.java:60)
	org.junit.jupiter.engine.execution.InvocationInterceptorChain$ValidatingInvocation.proceed(InvocationInterceptorChain.java:131)
	org.junit.jupiter.engine.extension.TimeoutExtension.intercept(TimeoutExtension.java:149)
	org.junit.jupiter.engine.extension.TimeoutExtension.interceptTestableMethod(TimeoutExtension.java:140)
	org.junit.jupiter.engine.extension.TimeoutExtension.interceptTestMethod(TimeoutExtension.java:84)
	org.junit.jupiter.engine.execution.ExecutableInvoker$ReflectiveInterceptorCall.lambda$ofVoidMethod$0(ExecutableInvoker.java:115)
	org.junit.jupiter.engine.execution.ExecutableInvoker.lambda$invoke$0(ExecutableInvoker.java:105)
	org.junit.jupiter.engine.execution.InvocationInterceptorChain$InterceptedInvocation.proceed(InvocationInterceptorChain.java:106)
	org.junit.jupiter.engine.execution.InvocationInterceptorChain.proceed(InvocationInterceptorChain.java:64)
	org.junit.jupiter.engine.execution.InvocationInterceptorChain.chainAndInvoke(InvocationInterceptorChain.java:45)
	org.junit.jupiter.engine.execution.InvocationInterceptorChain.invoke(InvocationInterceptorChain.java:37)
	org.junit.jupiter.engine.execution.ExecutableInvoker.invoke(ExecutableInvoker.java:104)
	org.junit.jupiter.engine.execution.ExecutableInvoker.invoke(ExecutableInvoker.java:98)
	org.junit.jupiter.engine.descriptor.TestMethodTestDescriptor.lambda$invokeTestMethod$6(TestMethodTestDescriptor.java:212)
	org.junit.platform.engine.support.hierarchical.ThrowableCollector.execute(ThrowableCollector.java:73)
	org.junit.jupiter.engine.descriptor.TestMethodTestDescriptor.invokeTestMethod(TestMethodTestDescriptor.java:208)
	org.junit.jupiter.engine.descriptor.TestMethodTestDescriptor.execute(TestMethodTestDescriptor.java:137)
	org.junit.jupiter.engine.descriptor.TestMethodTestDescriptor.execute(TestMethodTestDescriptor.java:71)
	org.junit.platform.engine.support.hierarchical.NodeTestTask.lambda$executeRecursively$5(NodeTestTask.java:135)
	org.junit.platform.engine.support.hierarchical.ThrowableCollector.execute(ThrowableCollector.java:73)
	org.junit.platform.engine.support.hierarchical.NodeTestTask.lambda$executeRecursively$7(NodeTestTask.java:125)
	org.junit.platform.engine.support.hierarchical.Node.around(Node.java:135)
	org.junit.platform.engine.support.hierarchical.NodeTestTask.lambda$executeRecursively$8(NodeTestTask.java:123)
	org.junit.platform.engine.support.hierarchical.ThrowableCollector.execute(ThrowableCollector.java:73)
	org.junit.platform.engine.support.hierarchical.NodeTestTask.executeRecursively(NodeTestTask.java:122)
	org.junit.platform.engine.support.hierarchical.NodeTestTask.execute(NodeTestTask.java:80)
	java.util.ArrayList.forEach(ArrayList.java:1257)
	org.junit.platform.engine.support.hierarchical.SameThreadHierarchicalTestExecutorService.invokeAll(SameThreadHierarchicalTestExecutorService.java:38)
	org.junit.platform.engine.support.hierarchical.NodeTestTask.lambda$executeRecursively$5(NodeTestTask.java:139)
	org.junit.platform.engine.support.hierarchical.ThrowableCollector.execute(ThrowableCollector.java:73)
	org.junit.platform.engine.support.hierarchical.NodeTestTask.lambda$executeRecursively$7(NodeTestTask.java:125)
	org.junit.platform.engine.support.hierarchical.Node.around(Node.java:135)
	org.junit.platform.engine.support.hierarchical.NodeTestTask.lambda$executeRecursively$8(NodeTestTask.java:123)
	org.junit.platform.engine.support.hierarchical.ThrowableCollector.execute(ThrowableCollector.java:73)
	org.junit.platform.engine.support.hierarchical.NodeTestTask.executeRecursively(NodeTestTask.java:122)
	org.junit.platform.engine.support.hierarchical.NodeTestTask.execute(NodeTestTask.java:80)
	java.util.ArrayList.forEach(ArrayList.java:1257)
	org.junit.platform.engine.support.hierarchical.SameThreadHierarchicalTestExecutorService.invokeAll(SameThreadHierarchicalTestExecutorService.java:38)
	org.junit.platform.engine.support.hierarchical.NodeTestTask.lambda$executeRecursively$5(NodeTestTask.java:139)
	org.junit.platform.engine.support.hierarchical.ThrowableCollector.execute(ThrowableCollector.java:73)
	org.junit.platform.engine.support.hierarchical.NodeTestTask.lambda$executeRecursively$7(NodeTestTask.java:125)
	org.junit.platform.engine.support.hierarchical.Node.around(Node.java:135)
	org.junit.platform.engine.support.hierarchical.NodeTestTask.lambda$executeRecursively$8(NodeTestTask.java:123)
	org.junit.platform.engine.support.hierarchical.ThrowableCollector.execute(ThrowableCollector.java:73)
	org.junit.platform.engine.support.hierarchical.NodeTestTask.executeRecursively(NodeTestTask.java:122)
	org.junit.platform.engine.support.hierarchical.NodeTestTask.execute(NodeTestTask.java:80)
	org.junit.platform.engine.support.hierarchical.SameThreadHierarchicalTestExecutorService.submit(SameThreadHierarchicalTestExecutorService.java:32)
	org.junit.platform.engine.support.hierarchical.HierarchicalTestExecutor.execute(HierarchicalTestExecutor.java:57)
	org.junit.platform.engine.support.hierarchical.HierarchicalTestEngine.execute(HierarchicalTestEngine.java:51)
	org.junit.platform.launcher.core.DefaultLauncher.execute(DefaultLauncher.java:248)
	org.junit.platform.launcher.core.DefaultLauncher.lambda$execute$5(DefaultLauncher.java:211)
	org.junit.platform.launcher.core.DefaultLauncher.withInterceptedStreams(DefaultLauncher.java:226)
	org.junit.platform.launcher.core.DefaultLauncher.execute(DefaultLauncher.java:199)
	org.junit.platform.launcher.core.DefaultLauncher.execute(DefaultLauncher.java:132)
	org.gradle.api.internal.tasks.testing.junitplatform.JUnitPlatformTestClassProcessor$CollectAllTestClassesExecutor.processAllTestClasses(JUnitPlatformTestClassProcessor.java:102)
	org.gradle.api.internal.tasks.testing.junitplatform.JUnitPlatformTestClassProcessor$CollectAllTestClassesExecutor.access$000(JUnitPlatformTestClassProcessor.java:82)
	org.gradle.api.internal.tasks.testing.junitplatform.JUnitPlatformTestClassProcessor.stop(JUnitPlatformTestClassProcessor.java:78)
	org.gradle.api.internal.tasks.testing.SuiteTestClassProcessor.stop(SuiteTestClassProcessor.java:61)
	sun.reflect.NativeMethodAccessorImpl.invoke0(Native Method)
	sun.reflect.NativeMethodAccessorImpl.invoke(NativeMethodAccessorImpl.java:62)
	sun.reflect.DelegatingMethodAccessorImpl.invoke(DelegatingMethodAccessorImpl.java:43)
	java.lang.reflect.Method.invoke(Method.java:498)
	org.gradle.internal.dispatch.ReflectionDispatch.dispatch(ReflectionDispatch.java:36)
	org.gradle.internal.dispatch.ReflectionDispatch.dispatch(ReflectionDispatch.java:24)
	org.gradle.internal.dispatch.ContextClassLoaderDispatch.dispatch(ContextClassLoaderDispatch.java:33)
	org.gradle.internal.dispatch.ProxyDispatchAdapter$DispatchingInvocationHandler.invoke(ProxyDispatchAdapter.java:94)
	com.sun.proxy.$Proxy2.stop(Unknown Source)
	org.gradle.api.internal.tasks.testing.worker.TestWorker.stop(TestWorker.java:132)
	sun.reflect.NativeMethodAccessorImpl.invoke0(Native Method)
	sun.reflect.NativeMethodAccessorImpl.invoke(NativeMethodAccessorImpl.java:62)
	sun.reflect.DelegatingMethodAccessorImpl.invoke(DelegatingMethodAccessorImpl.java:43)
	java.lang.reflect.Method.invoke(Method.java:498)
	org.gradle.internal.dispatch.ReflectionDispatch.dispatch(ReflectionDispatch.java:36)
	org.gradle.internal.dispatch.ReflectionDispatch.dispatch(ReflectionDispatch.java:24)
	org.gradle.internal.remote.internal.hub.MessageHubBackedObjectConnection$DispatchWrapper.dispatch(MessageHubBackedObjectConnection.java:182)
	org.gradle.internal.remote.internal.hub.MessageHubBackedObjectConnection$DispatchWrapper.dispatch(MessageHubBackedObjectConnection.java:164)
	org.gradle.internal.remote.internal.hub.MessageHub$Handler.run(MessageHub.java:412)
	org.gradle.internal.concurrent.ExecutorPolicy$CatchAndRecordFailures.onExecute(ExecutorPolicy.java:64)
	org.gradle.internal.concurrent.ManagedExecutorImpl$1.run(ManagedExecutorImpl.java:48)
	java.util.concurrent.ThreadPoolExecutor.runWorker(ThreadPoolExecutor.java:1149)
	java.util.concurrent.ThreadPoolExecutor$Worker.run(ThreadPoolExecutor.java:624)
	org.gradle.internal.concurrent.ThreadFactoryImpl$ManagedThreadRunnable.run(ThreadFactoryImpl.java:56)
	java.lang.Thread.run(Thread.java:748)
#3:
	io.netty.buffer.AdvancedLeakAwareCompositeByteBuf.touch(AdvancedLeakAwareCompositeByteBuf.java:36)
	org.springframework.core.io.buffer.NettyDataBufferFactory.wrap(NettyDataBufferFactory.java:93)
	org.springframework.messaging.rsocket.MetadataEncoder.asDataBuffer(MetadataEncoder.java:245)
	org.springframework.messaging.rsocket.MetadataEncoder.encodeEntries(MetadataEncoder.java:208)
	org.springframework.messaging.rsocket.MetadataEncoder.lambda$encode$1(MetadataEncoder.java:180)
	reactor.core.publisher.MonoCallable.block(MonoCallable.java:81)
	reactor.core.publisher.MonoCallable.block(MonoCallable.java:74)
	org.springframework.messaging.rsocket.MetadataEncoderTests.routeWithRoutingMimeType(MetadataEncoderTests.java:113)
	sun.reflect.NativeMethodAccessorImpl.invoke0(Native Method)
	sun.reflect.NativeMethodAccessorImpl.invoke(NativeMethodAccessorImpl.java:62)
	sun.reflect.DelegatingMethodAccessorImpl.invoke(DelegatingMethodAccessorImpl.java:43)
	java.lang.reflect.Method.invoke(Method.java:498)
	org.junit.platform.commons.util.ReflectionUtils.invokeMethod(ReflectionUtils.java:686)
	org.junit.jupiter.engine.execution.MethodInvocation.proceed(MethodInvocation.java:60)
	org.junit.jupiter.engine.execution.InvocationInterceptorChain$ValidatingInvocation.proceed(InvocationInterceptorChain.java:131)
	org.junit.jupiter.engine.extension.TimeoutExtension.intercept(TimeoutExtension.java:149)
	org.junit.jupiter.engine.extension.TimeoutExtension.interceptTestableMethod(TimeoutExtension.java:140)
	org.junit.jupiter.engine.extension.TimeoutExtension.interceptTestMethod(TimeoutExtension.java:84)
	org.junit.jupiter.engine.execution.ExecutableInvoker$ReflectiveInterceptorCall.lambda$ofVoidMethod$0(ExecutableInvoker.java:115)
	org.junit.jupiter.engine.execution.ExecutableInvoker.lambda$invoke$0(ExecutableInvoker.java:105)
	org.junit.jupiter.engine.execution.InvocationInterceptorChain$InterceptedInvocation.proceed(InvocationInterceptorChain.java:106)
	org.junit.jupiter.engine.execution.InvocationInterceptorChain.proceed(InvocationInterceptorChain.java:64)
	org.junit.jupiter.engine.execution.InvocationInterceptorChain.chainAndInvoke(InvocationInterceptorChain.java:45)
	org.junit.jupiter.engine.execution.InvocationInterceptorChain.invoke(InvocationInterceptorChain.java:37)
	org.junit.jupiter.engine.execution.ExecutableInvoker.invoke(ExecutableInvoker.java:104)
	org.junit.jupiter.engine.execution.ExecutableInvoker.invoke(ExecutableInvoker.java:98)
	org.junit.jupiter.engine.descriptor.TestMethodTestDescriptor.lambda$invokeTestMethod$6(TestMethodTestDescriptor.java:212)
	org.junit.platform.engine.support.hierarchical.ThrowableCollector.execute(ThrowableCollector.java:73)
	org.junit.jupiter.engine.descriptor.TestMethodTestDescriptor.invokeTestMethod(TestMethodTestDescriptor.java:208)
	org.junit.jupiter.engine.descriptor.TestMethodTestDescriptor.execute(TestMethodTestDescriptor.java:137)
	org.junit.jupiter.engine.descriptor.TestMethodTestDescriptor.execute(TestMethodTestDescriptor.java:71)
	org.junit.platform.engine.support.hierarchical.NodeTestTask.lambda$executeRecursively$5(NodeTestTask.java:135)
	org.junit.platform.engine.support.hierarchical.ThrowableCollector.execute(ThrowableCollector.java:73)
	org.junit.platform.engine.support.hierarchical.NodeTestTask.lambda$executeRecursively$7(NodeTestTask.java:125)
	org.junit.platform.engine.support.hierarchical.Node.around(Node.java:135)
	org.junit.platform.engine.support.hierarchical.NodeTestTask.lambda$executeRecursively$8(NodeTestTask.java:123)
	org.junit.platform.engine.support.hierarchical.ThrowableCollector.execute(ThrowableCollector.java:73)
	org.junit.platform.engine.support.hierarchical.NodeTestTask.executeRecursively(NodeTestTask.java:122)
	org.junit.platform.engine.support.hierarchical.NodeTestTask.execute(NodeTestTask.java:80)
	java.util.ArrayList.forEach(ArrayList.java:1257)
	org.junit.platform.engine.support.hierarchical.SameThreadHierarchicalTestExecutorService.invokeAll(SameThreadHierarchicalTestExecutorService.java:38)
	org.junit.platform.engine.support.hierarchical.NodeTestTask.lambda$executeRecursively$5(NodeTestTask.java:139)
	org.junit.platform.engine.support.hierarchical.ThrowableCollector.execute(ThrowableCollector.java:73)
	org.junit.platform.engine.support.hierarchical.NodeTestTask.lambda$executeRecursively$7(NodeTestTask.java:125)
	org.junit.platform.engine.support.hierarchical.Node.around(Node.java:135)
	org.junit.platform.engine.support.hierarchical.NodeTestTask.lambda$executeRecursively$8(NodeTestTask.java:123)
	org.junit.platform.engine.support.hierarchical.ThrowableCollector.execute(ThrowableCollector.java:73)
	org.junit.platform.engine.support.hierarchical.NodeTestTask.executeRecursively(NodeTestTask.java:122)
	org.junit.platform.engine.support.hierarchical.NodeTestTask.execute(NodeTestTask.java:80)
	java.util.ArrayList.forEach(ArrayList.java:1257)
	org.junit.platform.engine.support.hierarchical.SameThreadHierarchicalTestExecutorService.invokeAll(SameThreadHierarchicalTestExecutorService.java:38)
	org.junit.platform.engine.support.hierarchical.NodeTestTask.lambda$executeRecursively$5(NodeTestTask.java:139)
	org.junit.platform.engine.support.hierarchical.ThrowableCollector.execute(ThrowableCollector.java:73)
	org.junit.platform.engine.support.hierarchical.NodeTestTask.lambda$executeRecursively$7(NodeTestTask.java:125)
	org.junit.platform.engine.support.hierarchical.Node.around(Node.java:135)
	org.junit.platform.engine.support.hierarchical.NodeTestTask.lambda$executeRecursively$8(NodeTestTask.java:123)
	org.junit.platform.engine.support.hierarchical.ThrowableCollector.execute(ThrowableCollector.java:73)
	org.junit.platform.engine.support.hierarchical.NodeTestTask.executeRecursively(NodeTestTask.java:122)
	org.junit.platform.engine.support.hierarchical.NodeTestTask.execute(NodeTestTask.java:80)
	org.junit.platform.engine.support.hierarchical.SameThreadHierarchicalTestExecutorService.submit(SameThreadHierarchicalTestExecutorService.java:32)
	org.junit.platform.engine.support.hierarchical.HierarchicalTestExecutor.execute(HierarchicalTestExecutor.java:57)
	org.junit.platform.engine.support.hierarchical.HierarchicalTestEngine.execute(HierarchicalTestEngine.java:51)
	org.junit.platform.launcher.core.DefaultLauncher.execute(DefaultLauncher.java:248)
	org.junit.platform.launcher.core.DefaultLauncher.lambda$execute$5(DefaultLauncher.java:211)
	org.junit.platform.launcher.core.DefaultLauncher.withInterceptedStreams(DefaultLauncher.java:226)
	org.junit.platform.launcher.core.DefaultLauncher.execute(DefaultLauncher.java:199)
	org.junit.platform.launcher.core.DefaultLauncher.execute(DefaultLauncher.java:132)
	org.gradle.api.internal.tasks.testing.junitplatform.JUnitPlatformTestClassProcessor$CollectAllTestClassesExecutor.processAllTestClasses(JUnitPlatformTestClassProcessor.java:102)
	org.gradle.api.internal.tasks.testing.junitplatform.JUnitPlatformTestClassProcessor$CollectAllTestClassesExecutor.access$000(JUnitPlatformTestClassProcessor.java:82)
	org.gradle.api.internal.tasks.testing.junitplatform.JUnitPlatformTestClassProcessor.stop(JUnitPlatformTestClassProcessor.java:78)
	org.gradle.api.internal.tasks.testing.SuiteTestClassProcessor.stop(SuiteTestClassProcessor.java:61)
	sun.reflect.NativeMethodAccessorImpl.invoke0(Native Method)
	sun.reflect.NativeMethodAccessorImpl.invoke(NativeMethodAccessorImpl.java:62)
	sun.reflect.DelegatingMethodAccessorImpl.invoke(DelegatingMethodAccessorImpl.java:43)
	java.lang.reflect.Method.invoke(Method.java:498)
	org.gradle.internal.dispatch.ReflectionDispatch.dispatch(ReflectionDispatch.java:36)
	org.gradle.internal.dispatch.ReflectionDispatch.dispatch(ReflectionDispatch.java:24)
	org.gradle.internal.dispatch.ContextClassLoaderDispatch.dispatch(ContextClassLoaderDispatch.java:33)
	org.gradle.internal.dispatch.ProxyDispatchAdapter$DispatchingInvocationHandler.invoke(ProxyDispatchAdapter.java:94)
	com.sun.proxy.$Proxy2.stop(Unknown Source)
	org.gradle.api.internal.tasks.testing.worker.TestWorker.stop(TestWorker.java:132)
	sun.reflect.NativeMethodAccessorImpl.invoke0(Native Method)
	sun.reflect.NativeMethodAccessorImpl.invoke(NativeMethodAccessorImpl.java:62)
	sun.reflect.DelegatingMethodAccessorImpl.invoke(DelegatingMethodAccessorImpl.java:43)
	java.lang.reflect.Method.invoke(Method.java:498)
	org.gradle.internal.dispatch.ReflectionDispatch.dispatch(ReflectionDispatch.java:36)
	org.gradle.internal.dispatch.ReflectionDispatch.dispatch(ReflectionDispatch.java:24)
	org.gradle.internal.remote.internal.hub.MessageHubBackedObjectConnection$DispatchWrapper.dispatch(MessageHubBackedObjectConnection.java:182)
	org.gradle.internal.remote.internal.hub.MessageHubBackedObjectConnection$DispatchWrapper.dispatch(MessageHubBackedObjectConnection.java:164)
	org.gradle.internal.remote.internal.hub.MessageHub$Handler.run(MessageHub.java:412)
	org.gradle.internal.concurrent.ExecutorPolicy$CatchAndRecordFailures.onExecute(ExecutorPolicy.java:64)
	org.gradle.internal.concurrent.ManagedExecutorImpl$1.run(ManagedExecutorImpl.java:48)
	java.util.concurrent.ThreadPoolExecutor.runWorker(ThreadPoolExecutor.java:1149)
	java.util.concurrent.ThreadPoolExecutor$Worker.run(ThreadPoolExecutor.java:624)
	org.gradle.internal.concurrent.ThreadFactoryImpl$ManagedThreadRunnable.run(ThreadFactoryImpl.java:56)
	java.lang.Thread.run(Thread.java:748)
#4:
	io.netty.buffer.AdvancedLeakAwareCompositeByteBuf.addComponent(AdvancedLeakAwareCompositeByteBuf.java:920)
	io.rsocket.metadata.TaggingMetadataFlyweight.createTaggingContent(TaggingMetadataFlyweight.java:72)
	io.rsocket.metadata.TaggingMetadataFlyweight.createRoutingMetadata(TaggingMetadataFlyweight.java:30)
	org.springframework.messaging.rsocket.MetadataEncoder.encodeRoute(MetadataEncoder.java:224)
	org.springframework.messaging.rsocket.MetadataEncoder.encodeEntries(MetadataEncoder.java:208)
	org.springframework.messaging.rsocket.MetadataEncoder.lambda$encode$1(MetadataEncoder.java:180)
	reactor.core.publisher.MonoCallable.block(MonoCallable.java:81)
	reactor.core.publisher.MonoCallable.block(MonoCallable.java:74)
	org.springframework.messaging.rsocket.MetadataEncoderTests.routeWithRoutingMimeType(MetadataEncoderTests.java:113)
	sun.reflect.NativeMethodAccessorImpl.invoke0(Native Method)
	sun.reflect.NativeMethodAccessorImpl.invoke(NativeMethodAccessorImpl.java:62)
	sun.reflect.DelegatingMethodAccessorImpl.invoke(DelegatingMethodAccessorImpl.java:43)
	java.lang.reflect.Method.invoke(Method.java:498)
	org.junit.platform.commons.util.ReflectionUtils.invokeMethod(ReflectionUtils.java:686)
	org.junit.jupiter.engine.execution.MethodInvocation.proceed(MethodInvocation.java:60)
	org.junit.jupiter.engine.execution.InvocationInterceptorChain$ValidatingInvocation.proceed(InvocationInterceptorChain.java:131)
	org.junit.jupiter.engine.extension.TimeoutExtension.intercept(TimeoutExtension.java:149)
	org.junit.jupiter.engine.extension.TimeoutExtension.interceptTestableMethod(TimeoutExtension.java:140)
	org.junit.jupiter.engine.extension.TimeoutExtension.interceptTestMethod(TimeoutExtension.java:84)
	org.junit.jupiter.engine.execution.ExecutableInvoker$ReflectiveInterceptorCall.lambda$ofVoidMethod$0(ExecutableInvoker.java:115)
	org.junit.jupiter.engine.execution.ExecutableInvoker.lambda$invoke$0(ExecutableInvoker.java:105)
	org.junit.jupiter.engine.execution.InvocationInterceptorChain$InterceptedInvocation.proceed(InvocationInterceptorChain.java:106)
	org.junit.jupiter.engine.execution.InvocationInterceptorChain.proceed(InvocationInterceptorChain.java:64)
	org.junit.jupiter.engine.execution.InvocationInterceptorChain.chainAndInvoke(InvocationInterceptorChain.java:45)
	org.junit.jupiter.engine.execution.InvocationInterceptorChain.invoke(InvocationInterceptorChain.java:37)
	org.junit.jupiter.engine.execution.ExecutableInvoker.invoke(ExecutableInvoker.java:104)
	org.junit.jupiter.engine.execution.ExecutableInvoker.invoke(ExecutableInvoker.java:98)
	org.junit.jupiter.engine.descriptor.TestMethodTestDescriptor.lambda$invokeTestMethod$6(TestMethodTestDescriptor.java:212)
	org.junit.platform.engine.support.hierarchical.ThrowableCollector.execute(ThrowableCollector.java:73)
	org.junit.jupiter.engine.descriptor.TestMethodTestDescriptor.invokeTestMethod(TestMethodTestDescriptor.java:208)
	org.junit.jupiter.engine.descriptor.TestMethodTestDescriptor.execute(TestMethodTestDescriptor.java:137)
	org.junit.jupiter.engine.descriptor.TestMethodTestDescriptor.execute(TestMethodTestDescriptor.java:71)
	org.junit.platform.engine.support.hierarchical.NodeTestTask.lambda$executeRecursively$5(NodeTestTask.java:135)
	org.junit.platform.engine.support.hierarchical.ThrowableCollector.execute(ThrowableCollector.java:73)
	org.junit.platform.engine.support.hierarchical.NodeTestTask.lambda$executeRecursively$7(NodeTestTask.java:125)
	org.junit.platform.engine.support.hierarchical.Node.around(Node.java:135)
	org.junit.platform.engine.support.hierarchical.NodeTestTask.lambda$executeRecursively$8(NodeTestTask.java:123)
	org.junit.platform.engine.support.hierarchical.ThrowableCollector.execute(ThrowableCollector.java:73)
	org.junit.platform.engine.support.hierarchical.NodeTestTask.executeRecursively(NodeTestTask.java:122)
	org.junit.platform.engine.support.hierarchical.NodeTestTask.execute(NodeTestTask.java:80)
	java.util.ArrayList.forEach(ArrayList.java:1257)
	org.junit.platform.engine.support.hierarchical.SameThreadHierarchicalTestExecutorService.invokeAll(SameThreadHierarchicalTestExecutorService.java:38)
	org.junit.platform.engine.support.hierarchical.NodeTestTask.lambda$executeRecursively$5(NodeTestTask.java:139)
	org.junit.platform.engine.support.hierarchical.ThrowableCollector.execute(ThrowableCollector.java:73)
	org.junit.platform.engine.support.hierarchical.NodeTestTask.lambda$executeRecursively$7(NodeTestTask.java:125)
	org.junit.platform.engine.support.hierarchical.Node.around(Node.java:135)
	org.junit.platform.engine.support.hierarchical.NodeTestTask.lambda$executeRecursively$8(NodeTestTask.java:123)
	org.junit.platform.engine.support.hierarchical.ThrowableCollector.execute(ThrowableCollector.java:73)
	org.junit.platform.engine.support.hierarchical.NodeTestTask.executeRecursively(NodeTestTask.java:122)
	org.junit.platform.engine.support.hierarchical.NodeTestTask.execute(NodeTestTask.java:80)
	java.util.ArrayList.forEach(ArrayList.java:1257)
	org.junit.platform.engine.support.hierarchical.SameThreadHierarchicalTestExecutorService.invokeAll(SameThreadHierarchicalTestExecutorService.java:38)
	org.junit.platform.engine.support.hierarchical.NodeTestTask.lambda$executeRecursively$5(NodeTestTask.java:139)
	org.junit.platform.engine.support.hierarchical.ThrowableCollector.execute(ThrowableCollector.java:73)
	org.junit.platform.engine.support.hierarchical.NodeTestTask.lambda$executeRecursively$7(NodeTestTask.java:125)
	org.junit.platform.engine.support.hierarchical.Node.around(Node.java:135)
	org.junit.platform.engine.support.hierarchical.NodeTestTask.lambda$executeRecursively$8(NodeTestTask.java:123)
	org.junit.platform.engine.support.hierarchical.ThrowableCollector.execute(ThrowableCollector.java:73)
	org.junit.platform.engine.support.hierarchical.NodeTestTask.executeRecursively(NodeTestTask.java:122)
	org.junit.platform.engine.support.hierarchical.NodeTestTask.execute(NodeTestTask.java:80)
	org.junit.platform.engine.support.hierarchical.SameThreadHierarchicalTestExecutorService.submit(SameThreadHierarchicalTestExecutorService.java:32)
	org.junit.platform.engine.support.hierarchical.HierarchicalTestExecutor.execute(HierarchicalTestExecutor.java:57)
	org.junit.platform.engine.support.hierarchical.HierarchicalTestEngine.execute(HierarchicalTestEngine.java:51)
	org.junit.platform.launcher.core.DefaultLauncher.execute(DefaultLauncher.java:248)
	org.junit.platform.launcher.core.DefaultLauncher.lambda$execute$5(DefaultLauncher.java:211)
	org.junit.platform.launcher.core.DefaultLauncher.withInterceptedStreams(DefaultLauncher.java:226)
	org.junit.platform.launcher.core.DefaultLauncher.execute(DefaultLauncher.java:199)
	org.junit.platform.launcher.core.DefaultLauncher.execute(DefaultLauncher.java:132)
	org.gradle.api.internal.tasks.testing.junitplatform.JUnitPlatformTestClassProcessor$CollectAllTestClassesExecutor.processAllTestClasses(JUnitPlatformTestClassProcessor.java:102)
	org.gradle.api.internal.tasks.testing.junitplatform.JUnitPlatformTestClassProcessor$CollectAllTestClassesExecutor.access$000(JUnitPlatformTestClassProcessor.java:82)
	org.gradle.api.internal.tasks.testing.junitplatform.JUnitPlatformTestClassProcessor.stop(JUnitPlatformTestClassProcessor.java:78)
	org.gradle.api.internal.tasks.testing.SuiteTestClassProcessor.stop(SuiteTestClassProcessor.java:61)
	sun.reflect.NativeMethodAccessorImpl.invoke0(Native Method)
	sun.reflect.NativeMethodAccessorImpl.invoke(NativeMethodAccessorImpl.java:62)
	sun.reflect.DelegatingMethodAccessorImpl.invoke(DelegatingMethodAccessorImpl.java:43)
	java.lang.reflect.Method.invoke(Method.java:498)
	org.gradle.internal.dispatch.ReflectionDispatch.dispatch(ReflectionDispatch.java:36)
	org.gradle.internal.dispatch.ReflectionDispatch.dispatch(ReflectionDispatch.java:24)
	org.gradle.internal.dispatch.ContextClassLoaderDispatch.dispatch(ContextClassLoaderDispatch.java:33)
	org.gradle.internal.dispatch.ProxyDispatchAdapter$DispatchingInvocationHandler.invoke(ProxyDispatchAdapter.java:94)
	com.sun.proxy.$Proxy2.stop(Unknown Source)
	org.gradle.api.internal.tasks.testing.worker.TestWorker.stop(TestWorker.java:132)
	sun.reflect.NativeMethodAccessorImpl.invoke0(Native Method)
	sun.reflect.NativeMethodAccessorImpl.invoke(NativeMethodAccessorImpl.java:62)
	sun.reflect.DelegatingMethodAccessorImpl.invoke(DelegatingMethodAccessorImpl.java:43)
	java.lang.reflect.Method.invoke(Method.java:498)
	org.gradle.internal.dispatch.ReflectionDispatch.dispatch(ReflectionDispatch.java:36)
	org.gradle.internal.dispatch.ReflectionDispatch.dispatch(ReflectionDispatch.java:24)
	org.gradle.internal.remote.internal.hub.MessageHubBackedObjectConnection$DispatchWrapper.dispatch(MessageHubBackedObjectConnection.java:182)
	org.gradle.internal.remote.internal.hub.MessageHubBackedObjectConnection$DispatchWrapper.dispatch(MessageHubBackedObjectConnection.java:164)
	org.gradle.internal.remote.internal.hub.MessageHub$Handler.run(MessageHub.java:412)
	org.gradle.internal.concurrent.ExecutorPolicy$CatchAndRecordFailures.onExecute(ExecutorPolicy.java:64)
	org.gradle.internal.concurrent.ManagedExecutorImpl$1.run(ManagedExecutorImpl.java:48)
	java.util.concurrent.ThreadPoolExecutor.runWorker(ThreadPoolExecutor.java:1149)
	java.util.concurrent.ThreadPoolExecutor$Worker.run(ThreadPoolExecutor.java:624)
	org.gradle.internal.concurrent.ThreadFactoryImpl$ManagedThreadRunnable.run(ThreadFactoryImpl.java:56)
	java.lang.Thread.run(Thread.java:748)
Created at:
	io.netty.buffer.AbstractByteBufAllocator.compositeDirectBuffer(AbstractByteBufAllocator.java:223)
	io.netty.buffer.AbstractByteBufAllocator.compositeDirectBuffer(AbstractByteBufAllocator.java:218)
	io.netty.buffer.AbstractByteBufAllocator.compositeBuffer(AbstractByteBufAllocator.java:193)
	io.rsocket.metadata.TaggingMetadataFlyweight.createTaggingContent(TaggingMetadataFlyweight.java:64)
	io.rsocket.metadata.TaggingMetadataFlyweight.createRoutingMetadata(TaggingMetadataFlyweight.java:30)
	org.springframework.messaging.rsocket.MetadataEncoder.encodeRoute(MetadataEncoder.java:224)
	org.springframework.messaging.rsocket.MetadataEncoder.encodeEntries(MetadataEncoder.java:208)
	org.springframework.messaging.rsocket.MetadataEncoder.lambda$encode$1(MetadataEncoder.java:180)
	reactor.core.publisher.MonoCallable.block(MonoCallable.java:81)
	reactor.core.publisher.MonoCallable.block(MonoCallable.java:74)
	org.springframework.messaging.rsocket.MetadataEncoderTests.routeWithRoutingMimeType(MetadataEncoderTests.java:113)
	sun.reflect.NativeMethodAccessorImpl.invoke0(Native Method)
	sun.reflect.NativeMethodAccessorImpl.invoke(NativeMethodAccessorImpl.java:62)
	sun.reflect.DelegatingMethodAccessorImpl.invoke(DelegatingMethodAccessorImpl.java:43)
	java.lang.reflect.Method.invoke(Method.java:498)
	org.junit.platform.commons.util.ReflectionUtils.invokeMethod(ReflectionUtils.java:686)
	org.junit.jupiter.engine.execution.MethodInvocation.proceed(MethodInvocation.java:60)
	org.junit.jupiter.engine.execution.InvocationInterceptorChain$ValidatingInvocation.proceed(InvocationInterceptorChain.java:131)
	org.junit.jupiter.engine.extension.TimeoutExtension.intercept(TimeoutExtension.java:149)
	org.junit.jupiter.engine.extension.TimeoutExtension.interceptTestableMethod(TimeoutExtension.java:140)
	org.junit.jupiter.engine.extension.TimeoutExtension.interceptTestMethod(TimeoutExtension.java:84)
	org.junit.jupiter.engine.execution.ExecutableInvoker$ReflectiveInterceptorCall.lambda$ofVoidMethod$0(ExecutableInvoker.java:115)
	org.junit.jupiter.engine.execution.ExecutableInvoker.lambda$invoke$0(ExecutableInvoker.java:105)
	org.junit.jupiter.engine.execution.InvocationInterceptorChain$InterceptedInvocation.proceed(InvocationInterceptorChain.java:106)
	org.junit.jupiter.engine.execution.InvocationInterceptorChain.proceed(InvocationInterceptorChain.java:64)
	org.junit.jupiter.engine.execution.InvocationInterceptorChain.chainAndInvoke(InvocationInterceptorChain.java:45)
	org.junit.jupiter.engine.execution.InvocationInterceptorChain.invoke(InvocationInterceptorChain.java:37)
	org.junit.jupiter.engine.execution.ExecutableInvoker.invoke(ExecutableInvoker.java:104)
	org.junit.jupiter.engine.execution.ExecutableInvoker.invoke(ExecutableInvoker.java:98)
	org.junit.jupiter.engine.descriptor.TestMethodTestDescriptor.lambda$invokeTestMethod$6(TestMethodTestDescriptor.java:212)
	org.junit.platform.engine.support.hierarchical.ThrowableCollector.execute(ThrowableCollector.java:73)
	org.junit.jupiter.engine.descriptor.TestMethodTestDescriptor.invokeTestMethod(TestMethodTestDescriptor.java:208)
	org.junit.jupiter.engine.descriptor.TestMethodTestDescriptor.execute(TestMethodTestDescriptor.java:137)
	org.junit.jupiter.engine.descriptor.TestMethodTestDescriptor.execute(TestMethodTestDescriptor.java:71)
	org.junit.platform.engine.support.hierarchical.NodeTestTask.lambda$executeRecursively$5(NodeTestTask.java:135)
	org.junit.platform.engine.support.hierarchical.ThrowableCollector.execute(ThrowableCollector.java:73)
	org.junit.platform.engine.support.hierarchical.NodeTestTask.lambda$executeRecursively$7(NodeTestTask.java:125)
	org.junit.platform.engine.support.hierarchical.Node.around(Node.java:135)
	org.junit.platform.engine.support.hierarchical.NodeTestTask.lambda$executeRecursively$8(NodeTestTask.java:123)
	org.junit.platform.engine.support.hierarchical.ThrowableCollector.execute(ThrowableCollector.java:73)
	org.junit.platform.engine.support.hierarchical.NodeTestTask.executeRecursively(NodeTestTask.java:122)
	org.junit.platform.engine.support.hierarchical.NodeTestTask.execute(NodeTestTask.java:80)
	java.util.ArrayList.forEach(ArrayList.java:1257)
	org.junit.platform.engine.support.hierarchical.SameThreadHierarchicalTestExecutorService.invokeAll(SameThreadHierarchicalTestExecutorService.java:38)
	org.junit.platform.engine.support.hierarchical.NodeTestTask.lambda$executeRecursively$5(NodeTestTask.java:139)
	org.junit.platform.engine.support.hierarchical.ThrowableCollector.execute(ThrowableCollector.java:73)
	org.junit.platform.engine.support.hierarchical.NodeTestTask.lambda$executeRecursively$7(NodeTestTask.java:125)
	org.junit.platform.engine.support.hierarchical.Node.around(Node.java:135)
	org.junit.platform.engine.support.hierarchical.NodeTestTask.lambda$executeRecursively$8(NodeTestTask.java:123)
	org.junit.platform.engine.support.hierarchical.ThrowableCollector.execute(ThrowableCollector.java:73)
	org.junit.platform.engine.support.hierarchical.NodeTestTask.executeRecursively(NodeTestTask.java:122)
	org.junit.platform.engine.support.hierarchical.NodeTestTask.execute(NodeTestTask.java:80)
	java.util.ArrayList.forEach(ArrayList.java:1257)
	org.junit.platform.engine.support.hierarchical.SameThreadHierarchicalTestExecutorService.invokeAll(SameThreadHierarchicalTestExecutorService.java:38)
	org.junit.platform.engine.support.hierarchical.NodeTestTask.lambda$executeRecursively$5(NodeTestTask.java:139)
	org.junit.platform.engine.support.hierarchical.ThrowableCollector.execute(ThrowableCollector.java:73)
	org.junit.platform.engine.support.hierarchical.NodeTestTask.lambda$executeRecursively$7(NodeTestTask.java:125)
	org.junit.platform.engine.support.hierarchical.Node.around(Node.java:135)
	org.junit.platform.engine.support.hierarchical.NodeTestTask.lambda$executeRecursively$8(NodeTestTask.java:123)
	org.junit.platform.engine.support.hierarchical.ThrowableCollector.execute(ThrowableCollector.java:73)
	org.junit.platform.engine.support.hierarchical.NodeTestTask.executeRecursively(NodeTestTask.java:122)
	org.junit.platform.engine.support.hierarchical.NodeTestTask.execute(NodeTestTask.java:80)
	org.junit.platform.engine.support.hierarchical.SameThreadHierarchicalTestExecutorService.submit(SameThreadHierarchicalTestExecutorService.java:32)
	org.junit.platform.engine.support.hierarchical.HierarchicalTestExecutor.execute(HierarchicalTestExecutor.java:57)
	org.junit.platform.engine.support.hierarchical.HierarchicalTestEngine.execute(HierarchicalTestEngine.java:51)
	org.junit.platform.launcher.core.DefaultLauncher.execute(DefaultLauncher.java:248)
	org.junit.platform.launcher.core.DefaultLauncher.lambda$execute$5(DefaultLauncher.java:211)
	org.junit.platform.launcher.core.DefaultLauncher.withInterceptedStreams(DefaultLauncher.java:226)
	org.junit.platform.launcher.core.DefaultLauncher.execute(DefaultLauncher.java:199)
	org.junit.platform.launcher.core.DefaultLauncher.execute(DefaultLauncher.java:132)
	org.gradle.api.internal.tasks.testing.junitplatform.JUnitPlatformTestClassProcessor$CollectAllTestClassesExecutor.processAllTestClasses(JUnitPlatformTestClassProcessor.java:102)
	org.gradle.api.internal.tasks.testing.junitplatform.JUnitPlatformTestClassProcessor$CollectAllTestClassesExecutor.access$000(JUnitPlatformTestClassProcessor.java:82)
	org.gradle.api.internal.tasks.testing.junitplatform.JUnitPlatformTestClassProcessor.stop(JUnitPlatformTestClassProcessor.java:78)
	org.gradle.api.internal.tasks.testing.SuiteTestClassProcessor.stop(SuiteTestClassProcessor.java:61)
	sun.reflect.NativeMethodAccessorImpl.invoke0(Native Method)
	sun.reflect.NativeMethodAccessorImpl.invoke(NativeMethodAccessorImpl.java:62)
	sun.reflect.DelegatingMethodAccessorImpl.invoke(DelegatingMethodAccessorImpl.java:43)
	java.lang.reflect.Method.invoke(Method.java:498)
	org.gradle.internal.dispatch.ReflectionDispatch.dispatch(ReflectionDispatch.java:36)
	org.gradle.internal.dispatch.ReflectionDispatch.dispatch(ReflectionDispatch.java:24)
	org.gradle.internal.dispatch.ContextClassLoaderDispatch.dispatch(ContextClassLoaderDispatch.java:33)
	org.gradle.internal.dispatch.ProxyDispatchAdapter$DispatchingInvocationHandler.invoke(ProxyDispatchAdapter.java:94)
	com.sun.proxy.$Proxy2.stop(Unknown Source)
	org.gradle.api.internal.tasks.testing.worker.TestWorker.stop(TestWorker.java:132)
	sun.reflect.NativeMethodAccessorImpl.invoke0(Native Method)
	sun.reflect.NativeMethodAccessorImpl.invoke(NativeMethodAccessorImpl.java:62)
	sun.reflect.DelegatingMethodAccessorImpl.invoke(DelegatingMethodAccessorImpl.java:43)
	java.lang.reflect.Method.invoke(Method.java:498)
	org.gradle.internal.dispatch.ReflectionDispatch.dispatch(ReflectionDispatch.java:36)
	org.gradle.internal.dispatch.ReflectionDispatch.dispatch(ReflectionDispatch.java:24)
	org.gradle.internal.remote.internal.hub.MessageHubBackedObjectConnection$DispatchWrapper.dispatch(MessageHubBackedObjectConnection.java:182)
	org.gradle.internal.remote.internal.hub.MessageHubBackedObjectConnection$DispatchWrapper.dispatch(MessageHubBackedObjectConnection.java:164)
	org.gradle.internal.remote.internal.hub.MessageHub$Handler.run(MessageHub.java:412)
	org.gradle.internal.concurrent.ExecutorPolicy$CatchAndRecordFailures.onExecute(ExecutorPolicy.java:64)
	org.gradle.internal.concurrent.ManagedExecutorImpl$1.run(ManagedExecutorImpl.java:48)
	java.util.concurrent.ThreadPoolExecutor.runWorker(ThreadPoolExecutor.java:1149)
	java.util.concurrent.ThreadPoolExecutor$Worker.run(ThreadPoolExecutor.java:624)
	org.gradle.internal.concurrent.ThreadFactoryImpl$ManagedThreadRunnable.run(ThreadFactoryImpl.java:56)
	java.lang.Thread.run(Thread.java:748)
: 1 leak records were discarded because the leak record count is targeted to 4. Use system property io.netty.leakDetection.targetRecords to increase the limit.
22:22:58.786 [Test worker] ERROR i.n.u.ResourceLeakDetector - LEAK: ByteBuf.release() was not called before it's garbage-collected. See https://netty.io/wiki/reference-counted-objects.html for more information.
Recent access records: 
#1:
	io.netty.buffer.AdvancedLeakAwareByteBuf.toString(AdvancedLeakAwareByteBuf.java:742)
	io.rsocket.Payload.getMetadataUtf8(Payload.java:98)
	java.util.stream.ReferencePipeline$3$1.accept(ReferencePipeline.java:193)
	java.util.ArrayList$ArrayListSpliterator.forEachRemaining(ArrayList.java:1382)
	java.util.stream.AbstractPipeline.copyInto(AbstractPipeline.java:481)
	java.util.stream.AbstractPipeline.wrapAndCopyInto(AbstractPipeline.java:471)
	java.util.stream.AbstractPipeline.evaluate(AbstractPipeline.java:545)
	java.util.stream.AbstractPipeline.evaluateToArrayNode(AbstractPipeline.java:260)
	java.util.stream.ReferencePipeline.toArray(ReferencePipeline.java:438)
	org.springframework.messaging.rsocket.DefaultRSocketRequesterTests.testSendFlux(DefaultRSocketRequesterTests.java:132)
	org.springframework.messaging.rsocket.DefaultRSocketRequesterTests.sendFlux(DefaultRSocketRequesterTests.java:110)
	sun.reflect.NativeMethodAccessorImpl.invoke0(Native Method)
	sun.reflect.NativeMethodAccessorImpl.invoke(NativeMethodAccessorImpl.java:62)
	sun.reflect.DelegatingMethodAccessorImpl.invoke(DelegatingMethodAccessorImpl.java:43)
	java.lang.reflect.Method.invoke(Method.java:498)
	org.junit.platform.commons.util.ReflectionUtils.invokeMethod(ReflectionUtils.java:686)
	org.junit.jupiter.engine.execution.MethodInvocation.proceed(MethodInvocation.java:60)
	org.junit.jupiter.engine.execution.InvocationInterceptorChain$ValidatingInvocation.proceed(InvocationInterceptorChain.java:131)
	org.junit.jupiter.engine.extension.TimeoutExtension.intercept(TimeoutExtension.java:149)
	org.junit.jupiter.engine.extension.TimeoutExtension.interceptTestableMethod(TimeoutExtension.java:140)
	org.junit.jupiter.engine.extension.TimeoutExtension.interceptTestMethod(TimeoutExtension.java:84)
	org.junit.jupiter.engine.execution.ExecutableInvoker$ReflectiveInterceptorCall.lambda$ofVoidMethod$0(ExecutableInvoker.java:115)
	org.junit.jupiter.engine.execution.ExecutableInvoker.lambda$invoke$0(ExecutableInvoker.java:105)
	org.junit.jupiter.engine.execution.InvocationInterceptorChain$InterceptedInvocation.proceed(InvocationInterceptorChain.java:106)
	org.junit.jupiter.engine.execution.InvocationInterceptorChain.proceed(InvocationInterceptorChain.java:64)
	org.junit.jupiter.engine.execution.InvocationInterceptorChain.chainAndInvoke(InvocationInterceptorChain.java:45)
	org.junit.jupiter.engine.execution.InvocationInterceptorChain.invoke(InvocationInterceptorChain.java:37)
	org.junit.jupiter.engine.execution.ExecutableInvoker.invoke(ExecutableInvoker.java:104)
	org.junit.jupiter.engine.execution.ExecutableInvoker.invoke(ExecutableInvoker.java:98)
	org.junit.jupiter.engine.descriptor.TestMethodTestDescriptor.lambda$invokeTestMethod$6(TestMethodTestDescriptor.java:212)
	org.junit.platform.engine.support.hierarchical.ThrowableCollector.execute(ThrowableCollector.java:73)
	org.junit.jupiter.engine.descriptor.TestMethodTestDescriptor.invokeTestMethod(TestMethodTestDescriptor.java:208)
	org.junit.jupiter.engine.descriptor.TestMethodTestDescriptor.execute(TestMethodTestDescriptor.java:137)
	org.junit.jupiter.engine.descriptor.TestMethodTestDescriptor.execute(TestMethodTestDescriptor.java:71)
	org.junit.platform.engine.support.hierarchical.NodeTestTask.lambda$executeRecursively$5(NodeTestTask.java:135)
	org.junit.platform.engine.support.hierarchical.ThrowableCollector.execute(ThrowableCollector.java:73)
	org.junit.platform.engine.support.hierarchical.NodeTestTask.lambda$executeRecursively$7(NodeTestTask.java:125)
	org.junit.platform.engine.support.hierarchical.Node.around(Node.java:135)
	org.junit.platform.engine.support.hierarchical.NodeTestTask.lambda$executeRecursively$8(NodeTestTask.java:123)
	org.junit.platform.engine.support.hierarchical.ThrowableCollector.execute(ThrowableCollector.java:73)
	org.junit.platform.engine.support.hierarchical.NodeTestTask.executeRecursively(NodeTestTask.java:122)
	org.junit.platform.engine.support.hierarchical.NodeTestTask.execute(NodeTestTask.java:80)
	java.util.ArrayList.forEach(ArrayList.java:1257)
	org.junit.platform.engine.support.hierarchical.SameThreadHierarchicalTestExecutorService.invokeAll(SameThreadHierarchicalTestExecutorService.java:38)
	org.junit.platform.engine.support.hierarchical.NodeTestTask.lambda$executeRecursively$5(NodeTestTask.java:139)
	org.junit.platform.engine.support.hierarchical.ThrowableCollector.execute(ThrowableCollector.java:73)
	org.junit.platform.engine.support.hierarchical.NodeTestTask.lambda$executeRecursively$7(NodeTestTask.java:125)
	org.junit.platform.engine.support.hierarchical.Node.around(Node.java:135)
	org.junit.platform.engine.support.hierarchical.NodeTestTask.lambda$executeRecursively$8(NodeTestTask.java:123)
	org.junit.platform.engine.support.hierarchical.ThrowableCollector.execute(ThrowableCollector.java:73)
	org.junit.platform.engine.support.hierarchical.NodeTestTask.executeRecursively(NodeTestTask.java:122)
	org.junit.platform.engine.support.hierarchical.NodeTestTask.execute(NodeTestTask.java:80)
	java.util.ArrayList.forEach(ArrayList.java:1257)
	org.junit.platform.engine.support.hierarchical.SameThreadHierarchicalTestExecutorService.invokeAll(SameThreadHierarchicalTestExecutorService.java:38)
	org.junit.platform.engine.support.hierarchical.NodeTestTask.lambda$executeRecursively$5(NodeTestTask.java:139)
	org.junit.platform.engine.support.hierarchical.ThrowableCollector.execute(ThrowableCollector.java:73)
	org.junit.platform.engine.support.hierarchical.NodeTestTask.lambda$executeRecursively$7(NodeTestTask.java:125)
	org.junit.platform.engine.support.hierarchical.Node.around(Node.java:135)
	org.junit.platform.engine.support.hierarchical.NodeTestTask.lambda$executeRecursively$8(NodeTestTask.java:123)
	org.junit.platform.engine.support.hierarchical.ThrowableCollector.execute(ThrowableCollector.java:73)
	org.junit.platform.engine.support.hierarchical.NodeTestTask.executeRecursively(NodeTestTask.java:122)
	org.junit.platform.engine.support.hierarchical.NodeTestTask.execute(NodeTestTask.java:80)
	org.junit.platform.engine.support.hierarchical.SameThreadHierarchicalTestExecutorService.submit(SameThreadHierarchicalTestExecutorService.java:32)
	org.junit.platform.engine.support.hierarchical.HierarchicalTestExecutor.execute(HierarchicalTestExecutor.java:57)
	org.junit.platform.engine.support.hierarchical.HierarchicalTestEngine.execute(HierarchicalTestEngine.java:51)
	org.junit.platform.launcher.core.DefaultLauncher.execute(DefaultLauncher.java:248)
	org.junit.platform.launcher.core.DefaultLauncher.lambda$execute$5(DefaultLauncher.java:211)
	org.junit.platform.launcher.core.DefaultLauncher.withInterceptedStreams(DefaultLauncher.java:226)
	org.junit.platform.launcher.core.DefaultLauncher.execute(DefaultLauncher.java:199)
	org.junit.platform.launcher.core.DefaultLauncher.execute(DefaultLauncher.java:132)
	org.gradle.api.internal.tasks.testing.junitplatform.JUnitPlatformTestClassProcessor$CollectAllTestClassesExecutor.processAllTestClasses(JUnitPlatformTestClassProcessor.java:102)
	org.gradle.api.internal.tasks.testing.junitplatform.JUnitPlatformTestClassProcessor$CollectAllTestClassesExecutor.access$000(JUnitPlatformTestClassProcessor.java:82)
	org.gradle.api.internal.tasks.testing.junitplatform.JUnitPlatformTestClassProcessor.stop(JUnitPlatformTestClassProcessor.java:78)
	org.gradle.api.internal.tasks.testing.SuiteTestClassProcessor.stop(SuiteTestClassProcessor.java:61)
	sun.reflect.NativeMethodAccessorImpl.invoke0(Native Method)
	sun.reflect.NativeMethodAccessorImpl.invoke(NativeMethodAccessorImpl.java:62)
	sun.reflect.DelegatingMethodAccessorImpl.invoke(DelegatingMethodAccessorImpl.java:43)
	java.lang.reflect.Method.invoke(Method.java:498)
	org.gradle.internal.dispatch.ReflectionDispatch.dispatch(ReflectionDispatch.java:36)
	org.gradle.internal.dispatch.ReflectionDispatch.dispatch(ReflectionDispatch.java:24)
	org.gradle.internal.dispatch.ContextClassLoaderDispatch.dispatch(ContextClassLoaderDispatch.java:33)
	org.gradle.internal.dispatch.ProxyDispatchAdapter$DispatchingInvocationHandler.invoke(ProxyDispatchAdapter.java:94)
	com.sun.proxy.$Proxy2.stop(Unknown Source)
	org.gradle.api.internal.tasks.testing.worker.TestWorker.stop(TestWorker.java:132)
	sun.reflect.NativeMethodAccessorImpl.invoke0(Native Method)
	sun.reflect.NativeMethodAccessorImpl.invoke(NativeMethodAccessorImpl.java:62)
	sun.reflect.DelegatingMethodAccessorImpl.invoke(DelegatingMethodAccessorImpl.java:43)
	java.lang.reflect.Method.invoke(Method.java:498)
	org.gradle.internal.dispatch.ReflectionDispatch.dispatch(ReflectionDispatch.java:36)
	org.gradle.internal.dispatch.ReflectionDispatch.dispatch(ReflectionDispatch.java:24)
	org.gradle.internal.remote.internal.hub.MessageHubBackedObjectConnection$DispatchWrapper.dispatch(MessageHubBackedObjectConnection.java:182)
	org.gradle.internal.remote.internal.hub.MessageHubBackedObjectConnection$DispatchWrapper.dispatch(MessageHubBackedObjectConnection.java:164)
	org.gradle.internal.remote.internal.hub.MessageHub$Handler.run(MessageHub.java:412)
	org.gradle.internal.concurrent.ExecutorPolicy$CatchAndRecordFailures.onExecute(ExecutorPolicy.java:64)
	org.gradle.internal.concurrent.ManagedExecutorImpl$1.run(ManagedExecutorImpl.java:48)
	java.util.concurrent.ThreadPoolExecutor.runWorker(ThreadPoolExecutor.java:1149)
	java.util.concurrent.ThreadPoolExecutor$Worker.run(ThreadPoolExecutor.java:624)
	org.gradle.internal.concurrent.ThreadFactoryImpl$ManagedThreadRunnable.run(ThreadFactoryImpl.java:56)
	java.lang.Thread.run(Thread.java:748)
#2:
	io.netty.buffer.AdvancedLeakAwareByteBuf.slice(AdvancedLeakAwareByteBuf.java:76)
	io.rsocket.util.ByteBufPayload.sliceMetadata(ByteBufPayload.java:134)
	io.rsocket.Payload.getMetadataUtf8(Payload.java:98)
	java.util.stream.ReferencePipeline$3$1.accept(ReferencePipeline.java:193)
	java.util.ArrayList$ArrayListSpliterator.forEachRemaining(ArrayList.java:1382)
	java.util.stream.AbstractPipeline.copyInto(AbstractPipeline.java:481)
	java.util.stream.AbstractPipeline.wrapAndCopyInto(AbstractPipeline.java:471)
	java.util.stream.AbstractPipeline.evaluate(AbstractPipeline.java:545)
	java.util.stream.AbstractPipeline.evaluateToArrayNode(AbstractPipeline.java:260)
	java.util.stream.ReferencePipeline.toArray(ReferencePipeline.java:438)
	org.springframework.messaging.rsocket.DefaultRSocketRequesterTests.testSendFlux(DefaultRSocketRequesterTests.java:132)
	org.springframework.messaging.rsocket.DefaultRSocketRequesterTests.sendFlux(DefaultRSocketRequesterTests.java:110)
	sun.reflect.NativeMethodAccessorImpl.invoke0(Native Method)
	sun.reflect.NativeMethodAccessorImpl.invoke(NativeMethodAccessorImpl.java:62)
	sun.reflect.DelegatingMethodAccessorImpl.invoke(DelegatingMethodAccessorImpl.java:43)
	java.lang.reflect.Method.invoke(Method.java:498)
	org.junit.platform.commons.util.ReflectionUtils.invokeMethod(ReflectionUtils.java:686)
	org.junit.jupiter.engine.execution.MethodInvocation.proceed(MethodInvocation.java:60)
	org.junit.jupiter.engine.execution.InvocationInterceptorChain$ValidatingInvocation.proceed(InvocationInterceptorChain.java:131)
	org.junit.jupiter.engine.extension.TimeoutExtension.intercept(TimeoutExtension.java:149)
	org.junit.jupiter.engine.extension.TimeoutExtension.interceptTestableMethod(TimeoutExtension.java:140)
	org.junit.jupiter.engine.extension.TimeoutExtension.interceptTestMethod(TimeoutExtension.java:84)
	org.junit.jupiter.engine.execution.ExecutableInvoker$ReflectiveInterceptorCall.lambda$ofVoidMethod$0(ExecutableInvoker.java:115)
	org.junit.jupiter.engine.execution.ExecutableInvoker.lambda$invoke$0(ExecutableInvoker.java:105)
	org.junit.jupiter.engine.execution.InvocationInterceptorChain$InterceptedInvocation.proceed(InvocationInterceptorChain.java:106)
	org.junit.jupiter.engine.execution.InvocationInterceptorChain.proceed(InvocationInterceptorChain.java:64)
	org.junit.jupiter.engine.execution.InvocationInterceptorChain.chainAndInvoke(InvocationInterceptorChain.java:45)
	org.junit.jupiter.engine.execution.InvocationInterceptorChain.invoke(InvocationInterceptorChain.java:37)
	org.junit.jupiter.engine.execution.ExecutableInvoker.invoke(ExecutableInvoker.java:104)
	org.junit.jupiter.engine.execution.ExecutableInvoker.invoke(ExecutableInvoker.java:98)
	org.junit.jupiter.engine.descriptor.TestMethodTestDescriptor.lambda$invokeTestMethod$6(TestMethodTestDescriptor.java:212)
	org.junit.platform.engine.support.hierarchical.ThrowableCollector.execute(ThrowableCollector.java:73)
	org.junit.jupiter.engine.descriptor.TestMethodTestDescriptor.invokeTestMethod(TestMethodTestDescriptor.java:208)
	org.junit.jupiter.engine.descriptor.TestMethodTestDescriptor.execute(TestMethodTestDescriptor.java:137)
	org.junit.jupiter.engine.descriptor.TestMethodTestDescriptor.execute(TestMethodTestDescriptor.java:71)
	org.junit.platform.engine.support.hierarchical.NodeTestTask.lambda$executeRecursively$5(NodeTestTask.java:135)
	org.junit.platform.engine.support.hierarchical.ThrowableCollector.execute(ThrowableCollector.java:73)
	org.junit.platform.engine.support.hierarchical.NodeTestTask.lambda$executeRecursively$7(NodeTestTask.java:125)
	org.junit.platform.engine.support.hierarchical.Node.around(Node.java:135)
	org.junit.platform.engine.support.hierarchical.NodeTestTask.lambda$executeRecursively$8(NodeTestTask.java:123)
	org.junit.platform.engine.support.hierarchical.ThrowableCollector.execute(ThrowableCollector.java:73)
	org.junit.platform.engine.support.hierarchical.NodeTestTask.executeRecursively(NodeTestTask.java:122)
	org.junit.platform.engine.support.hierarchical.NodeTestTask.execute(NodeTestTask.java:80)
	java.util.ArrayList.forEach(ArrayList.java:1257)
	org.junit.platform.engine.support.hierarchical.SameThreadHierarchicalTestExecutorService.invokeAll(SameThreadHierarchicalTestExecutorService.java:38)
	org.junit.platform.engine.support.hierarchical.NodeTestTask.lambda$executeRecursively$5(NodeTestTask.java:139)
	org.junit.platform.engine.support.hierarchical.ThrowableCollector.execute(ThrowableCollector.java:73)
	org.junit.platform.engine.support.hierarchical.NodeTestTask.lambda$executeRecursively$7(NodeTestTask.java:125)
	org.junit.platform.engine.support.hierarchical.Node.around(Node.java:135)
	org.junit.platform.engine.support.hierarchical.NodeTestTask.lambda$executeRecursively$8(NodeTestTask.java:123)
	org.junit.platform.engine.support.hierarchical.ThrowableCollector.execute(ThrowableCollector.java:73)
	org.junit.platform.engine.support.hierarchical.NodeTestTask.executeRecursively(NodeTestTask.java:122)
	org.junit.platform.engine.support.hierarchical.NodeTestTask.execute(NodeTestTask.java:80)
	java.util.ArrayList.forEach(ArrayList.java:1257)
	org.junit.platform.engine.support.hierarchical.SameThreadHierarchicalTestExecutorService.invokeAll(SameThreadHierarchicalTestExecutorService.java:38)
	org.junit.platform.engine.support.hierarchical.NodeTestTask.lambda$executeRecursively$5(NodeTestTask.java:139)
	org.junit.platform.engine.support.hierarchical.ThrowableCollector.execute(ThrowableCollector.java:73)
	org.junit.platform.engine.support.hierarchical.NodeTestTask.lambda$executeRecursively$7(NodeTestTask.java:125)
	org.junit.platform.engine.support.hierarchical.Node.around(Node.java:135)
	org.junit.platform.engine.support.hierarchical.NodeTestTask.lambda$executeRecursively$8(NodeTestTask.java:123)
	org.junit.platform.engine.support.hierarchical.ThrowableCollector.execute(ThrowableCollector.java:73)
	org.junit.platform.engine.support.hierarchical.NodeTestTask.executeRecursively(NodeTestTask.java:122)
	org.junit.platform.engine.support.hierarchical.NodeTestTask.execute(NodeTestTask.java:80)
	org.junit.platform.engine.support.hierarchical.SameThreadHierarchicalTestExecutorService.submit(SameThreadHierarchicalTestExecutorService.java:32)
	org.junit.platform.engine.support.hierarchical.HierarchicalTestExecutor.execute(HierarchicalTestExecutor.java:57)
	org.junit.platform.engine.support.hierarchical.HierarchicalTestEngine.execute(HierarchicalTestEngine.java:51)
	org.junit.platform.launcher.core.DefaultLauncher.execute(DefaultLauncher.java:248)
	org.junit.platform.launcher.core.DefaultLauncher.lambda$execute$5(DefaultLauncher.java:211)
	org.junit.platform.launcher.core.DefaultLauncher.withInterceptedStreams(DefaultLauncher.java:226)
	org.junit.platform.launcher.core.DefaultLauncher.execute(DefaultLauncher.java:199)
	org.junit.platform.launcher.core.DefaultLauncher.execute(DefaultLauncher.java:132)
	org.gradle.api.internal.tasks.testing.junitplatform.JUnitPlatformTestClassProcessor$CollectAllTestClassesExecutor.processAllTestClasses(JUnitPlatformTestClassProcessor.java:102)
	org.gradle.api.internal.tasks.testing.junitplatform.JUnitPlatformTestClassProcessor$CollectAllTestClassesExecutor.access$000(JUnitPlatformTestClassProcessor.java:82)
	org.gradle.api.internal.tasks.testing.junitplatform.JUnitPlatformTestClassProcessor.stop(JUnitPlatformTestClassProcessor.java:78)
	org.gradle.api.internal.tasks.testing.SuiteTestClassProcessor.stop(SuiteTestClassProcessor.java:61)
	sun.reflect.NativeMethodAccessorImpl.invoke0(Native Method)
	sun.reflect.NativeMethodAccessorImpl.invoke(NativeMethodAccessorImpl.java:62)
	sun.reflect.DelegatingMethodAccessorImpl.invoke(DelegatingMethodAccessorImpl.java:43)
	java.lang.reflect.Method.invoke(Method.java:498)
	org.gradle.internal.dispatch.ReflectionDispatch.dispatch(ReflectionDispatch.java:36)
	org.gradle.internal.dispatch.ReflectionDispatch.dispatch(ReflectionDispatch.java:24)
	org.gradle.internal.dispatch.ContextClassLoaderDispatch.dispatch(ContextClassLoaderDispatch.java:33)
	org.gradle.internal.dispatch.ProxyDispatchAdapter$DispatchingInvocationHandler.invoke(ProxyDispatchAdapter.java:94)
	com.sun.proxy.$Proxy2.stop(Unknown Source)
	org.gradle.api.internal.tasks.testing.worker.TestWorker.stop(TestWorker.java:132)
	sun.reflect.NativeMethodAccessorImpl.invoke0(Native Method)
	sun.reflect.NativeMethodAccessorImpl.invoke(NativeMethodAccessorImpl.java:62)
	sun.reflect.DelegatingMethodAccessorImpl.invoke(DelegatingMethodAccessorImpl.java:43)
	java.lang.reflect.Method.invoke(Method.java:498)
	org.gradle.internal.dispatch.ReflectionDispatch.dispatch(ReflectionDispatch.java:36)
	org.gradle.internal.dispatch.ReflectionDispatch.dispatch(ReflectionDispatch.java:24)
	org.gradle.internal.remote.internal.hub.MessageHubBackedObjectConnection$DispatchWrapper.dispatch(MessageHubBackedObjectConnection.java:182)
	org.gradle.internal.remote.internal.hub.MessageHubBackedObjectConnection$DispatchWrapper.dispatch(MessageHubBackedObjectConnection.java:164)
	org.gradle.internal.remote.internal.hub.MessageHub$Handler.run(MessageHub.java:412)
	org.gradle.internal.concurrent.ExecutorPolicy$CatchAndRecordFailures.onExecute(ExecutorPolicy.java:64)
	org.gradle.internal.concurrent.ManagedExecutorImpl$1.run(ManagedExecutorImpl.java:48)
	java.util.concurrent.ThreadPoolExecutor.runWorker(ThreadPoolExecutor.java:1149)
	java.util.concurrent.ThreadPoolExecutor$Worker.run(ThreadPoolExecutor.java:624)
	org.gradle.internal.concurrent.ThreadFactoryImpl$ManagedThreadRunnable.run(ThreadFactoryImpl.java:56)
	java.lang.Thread.run(Thread.java:748)
Created at:
	io.netty.buffer.PooledByteBufAllocator.newDirectBuffer(PooledByteBufAllocator.java:363)
	io.netty.buffer.AbstractByteBufAllocator.directBuffer(AbstractByteBufAllocator.java:187)
	io.netty.buffer.AbstractByteBufAllocator.directBuffer(AbstractByteBufAllocator.java:178)
	io.netty.buffer.AbstractByteBufAllocator.buffer(AbstractByteBufAllocator.java:115)
	org.springframework.core.io.buffer.NettyDataBufferFactory.allocateBuffer(NettyDataBufferFactory.java:71)
	org.springframework.core.io.buffer.NettyDataBufferFactory.allocateBuffer(NettyDataBufferFactory.java:39)
	org.springframework.core.codec.CharSequenceEncoder.encodeValue(CharSequenceEncoder.java:91)
	org.springframework.core.codec.CharSequenceEncoder.encodeValue(CharSequenceEncoder.java:47)
	org.springframework.messaging.rsocket.MetadataEncoder.encodeEntry(MetadataEncoder.java:240)
	org.springframework.messaging.rsocket.MetadataEncoder.encodeEntries(MetadataEncoder.java:209)
	org.springframework.messaging.rsocket.MetadataEncoder.lambda$encode$1(MetadataEncoder.java:180)
	reactor.core.publisher.MonoCallable.subscribe(MonoCallable.java:56)
	reactor.core.publisher.Mono.subscribe(Mono.java:4208)
	reactor.core.publisher.MonoZip.subscribe(MonoZip.java:128)
	reactor.core.publisher.Mono.subscribe(Mono.java:4208)
	reactor.core.publisher.FluxConcatArray$ConcatArraySubscriber.onComplete(FluxConcatArray.java:207)
	reactor.core.publisher.FluxConcatArray.subscribe(FluxConcatArray.java:80)
	reactor.core.publisher.Flux.subscribe(Flux.java:8258)
	reactor.core.publisher.FluxSwitchOnFirst$AbstractSwitchOnFirstMain.onNext(FluxSwitchOnFirst.java:154)
	reactor.core.publisher.FluxSwitchIfEmpty$SwitchIfEmptySubscriber.onNext(FluxSwitchIfEmpty.java:67)
	reactor.core.publisher.FluxMap$MapSubscriber.onNext(FluxMap.java:114)
	io.reactivex.internal.util.HalfSerializer.onNext(HalfSerializer.java:45)
	io.reactivex.internal.subscribers.StrictSubscriber.onNext(StrictSubscriber.java:97)
	io.reactivex.internal.operators.flowable.FlowableOnBackpressureBuffer$BackpressureBufferSubscriber.drain(FlowableOnBackpressureBuffer.java:187)
	io.reactivex.internal.operators.flowable.FlowableOnBackpressureBuffer$BackpressureBufferSubscriber.onNext(FlowableOnBackpressureBuffer.java:112)
	io.reactivex.internal.operators.flowable.FlowableFromObservable$SubscriberObserver.onNext(FlowableFromObservable.java:54)
	io.reactivex.observers.SerializedObserver.onNext(SerializedObserver.java:111)
	io.reactivex.internal.operators.observable.ObservableDelay$DelayObserver$OnNext.run(ObservableDelay.java:114)
	io.reactivex.internal.schedulers.ScheduledRunnable.run(ScheduledRunnable.java:66)
	io.reactivex.internal.schedulers.ScheduledRunnable.call(ScheduledRunnable.java:57)
	java.util.concurrent.FutureTask.run(FutureTask.java:266)
	java.util.concurrent.ScheduledThreadPoolExecutor$ScheduledFutureTask.access$201(ScheduledThreadPoolExecutor.java:180)
	java.util.concurrent.ScheduledThreadPoolExecutor$ScheduledFutureTask.run(ScheduledThreadPoolExecutor.java:293)
	java.util.concurrent.ThreadPoolExecutor.runWorker(ThreadPoolExecutor.java:1149)
	java.util.concurrent.ThreadPoolExecutor$Worker.run(ThreadPoolExecutor.java:624)
	java.lang.Thread.run(Thread.java:748)
22:22:58.795 [Test worker] ERROR i.n.u.ResourceLeakDetector - LEAK: ByteBuf.release() was not called before it's garbage-collected. See https://netty.io/wiki/reference-counted-objects.html for more information.
Recent access records: 
Created at:
	io.netty.buffer.PooledByteBufAllocator.newDirectBuffer(PooledByteBufAllocator.java:363)
	io.netty.buffer.AbstractByteBufAllocator.directBuffer(AbstractByteBufAllocator.java:187)
	io.netty.buffer.AbstractByteBufAllocator.directBuffer(AbstractByteBufAllocator.java:178)
	io.netty.buffer.AbstractByteBufAllocator.buffer(AbstractByteBufAllocator.java:115)
	org.springframework.core.io.buffer.NettyDataBufferFactory.allocateBuffer(NettyDataBufferFactory.java:71)
	org.springframework.core.io.buffer.NettyDataBufferFactory.allocateBuffer(NettyDataBufferFactory.java:39)
	org.springframework.core.codec.CharSequenceEncoder.encodeValue(CharSequenceEncoder.java:91)
	org.springframework.core.codec.CharSequenceEncoder.encodeValue(CharSequenceEncoder.java:47)
	org.springframework.messaging.rsocket.MetadataEncoder.encodeEntry(MetadataEncoder.java:240)
	org.springframework.messaging.rsocket.MetadataEncoder.encodeEntries(MetadataEncoder.java:209)
	org.springframework.messaging.rsocket.MetadataEncoder.lambda$encode$1(MetadataEncoder.java:180)
	reactor.core.publisher.MonoCallable.subscribe(MonoCallable.java:56)
	reactor.core.publisher.Mono.subscribe(Mono.java:4208)
	reactor.core.publisher.MonoZip.subscribe(MonoZip.java:128)
	reactor.core.publisher.Mono.subscribe(Mono.java:4208)
	reactor.core.publisher.FluxConcatArray$ConcatArraySubscriber.onComplete(FluxConcatArray.java:207)
	reactor.core.publisher.FluxConcatArray.subscribe(FluxConcatArray.java:80)
	reactor.core.publisher.Flux.subscribe(Flux.java:8258)
	reactor.core.publisher.Flux.blockLast(Flux.java:2501)
	org.springframework.messaging.rsocket.DefaultRSocketRequesterTests.retrieveFluxVoid(DefaultRSocketRequesterTests.java:224)
	sun.reflect.NativeMethodAccessorImpl.invoke0(Native Method)
	sun.reflect.NativeMethodAccessorImpl.invoke(NativeMethodAccessorImpl.java:62)
	sun.reflect.DelegatingMethodAccessorImpl.invoke(DelegatingMethodAccessorImpl.java:43)
	java.lang.reflect.Method.invoke(Method.java:498)
	org.junit.platform.commons.util.ReflectionUtils.invokeMethod(ReflectionUtils.java:686)
	org.junit.jupiter.engine.execution.MethodInvocation.proceed(MethodInvocation.java:60)
	org.junit.jupiter.engine.execution.InvocationInterceptorChain$ValidatingInvocation.proceed(InvocationInterceptorChain.java:131)
	org.junit.jupiter.engine.extension.TimeoutExtension.intercept(TimeoutExtension.java:149)
	org.junit.jupiter.engine.extension.TimeoutExtension.interceptTestableMethod(TimeoutExtension.java:140)
	org.junit.jupiter.engine.extension.TimeoutExtension.interceptTestMethod(TimeoutExtension.java:84)
	org.junit.jupiter.engine.execution.ExecutableInvoker$ReflectiveInterceptorCall.lambda$ofVoidMethod$0(ExecutableInvoker.java:115)
	org.junit.jupiter.engine.execution.ExecutableInvoker.lambda$invoke$0(ExecutableInvoker.java:105)
	org.junit.jupiter.engine.execution.InvocationInterceptorChain$InterceptedInvocation.proceed(InvocationInterceptorChain.java:106)
	org.junit.jupiter.engine.execution.InvocationInterceptorChain.proceed(InvocationInterceptorChain.java:64)
	org.junit.jupiter.engine.execution.InvocationInterceptorChain.chainAndInvoke(InvocationInterceptorChain.java:45)
	org.junit.jupiter.engine.execution.InvocationInterceptorChain.invoke(InvocationInterceptorChain.java:37)
	org.junit.jupiter.engine.execution.ExecutableInvoker.invoke(ExecutableInvoker.java:104)
	org.junit.jupiter.engine.execution.ExecutableInvoker.invoke(ExecutableInvoker.java:98)
	org.junit.jupiter.engine.descriptor.TestMethodTestDescriptor.lambda$invokeTestMethod$6(TestMethodTestDescriptor.java:212)
	org.junit.platform.engine.support.hierarchical.ThrowableCollector.execute(ThrowableCollector.java:73)
	org.junit.jupiter.engine.descriptor.TestMethodTestDescriptor.invokeTestMethod(TestMethodTestDescriptor.java:208)
	org.junit.jupiter.engine.descriptor.TestMethodTestDescriptor.execute(TestMethodTestDescriptor.java:137)
	org.junit.jupiter.engine.descriptor.TestMethodTestDescriptor.execute(TestMethodTestDescriptor.java:71)
	org.junit.platform.engine.support.hierarchical.NodeTestTask.lambda$executeRecursively$5(NodeTestTask.java:135)
	org.junit.platform.engine.support.hierarchical.ThrowableCollector.execute(ThrowableCollector.java:73)
	org.junit.platform.engine.support.hierarchical.NodeTestTask.lambda$executeRecursively$7(NodeTestTask.java:125)
	org.junit.platform.engine.support.hierarchical.Node.around(Node.java:135)
	org.junit.platform.engine.support.hierarchical.NodeTestTask.lambda$executeRecursively$8(NodeTestTask.java:123)
	org.junit.platform.engine.support.hierarchical.ThrowableCollector.execute(ThrowableCollector.java:73)
	org.junit.platform.engine.support.hierarchical.NodeTestTask.executeRecursively(NodeTestTask.java:122)
	org.junit.platform.engine.support.hierarchical.NodeTestTask.execute(NodeTestTask.java:80)
	java.util.ArrayList.forEach(ArrayList.java:1257)
	org.junit.platform.engine.support.hierarchical.SameThreadHierarchicalTestExecutorService.invokeAll(SameThreadHierarchicalTestExecutorService.java:38)
	org.junit.platform.engine.support.hierarchical.NodeTestTask.lambda$executeRecursively$5(NodeTestTask.java:139)
	org.junit.platform.engine.support.hierarchical.ThrowableCollector.execute(ThrowableCollector.java:73)
	org.junit.platform.engine.support.hierarchical.NodeTestTask.lambda$executeRecursively$7(NodeTestTask.java:125)
	org.junit.platform.engine.support.hierarchical.Node.around(Node.java:135)
	org.junit.platform.engine.support.hierarchical.NodeTestTask.lambda$executeRecursively$8(NodeTestTask.java:123)
	org.junit.platform.engine.support.hierarchical.ThrowableCollector.execute(ThrowableCollector.java:73)
	org.junit.platform.engine.support.hierarchical.NodeTestTask.executeRecursively(NodeTestTask.java:122)
	org.junit.platform.engine.support.hierarchical.NodeTestTask.execute(NodeTestTask.java:80)
	java.util.ArrayList.forEach(ArrayList.java:1257)
	org.junit.platform.engine.support.hierarchical.SameThreadHierarchicalTestExecutorService.invokeAll(SameThreadHierarchicalTestExecutorService.java:38)
	org.junit.platform.engine.support.hierarchical.NodeTestTask.lambda$executeRecursively$5(NodeTestTask.java:139)
	org.junit.platform.engine.support.hierarchical.ThrowableCollector.execute(ThrowableCollector.java:73)
	org.junit.platform.engine.support.hierarchical.NodeTestTask.lambda$executeRecursively$7(NodeTestTask.java:125)
	org.junit.platform.engine.support.hierarchical.Node.around(Node.java:135)
	org.junit.platform.engine.support.hierarchical.NodeTestTask.lambda$executeRecursively$8(NodeTestTask.java:123)
	org.junit.platform.engine.support.hierarchical.ThrowableCollector.execute(ThrowableCollector.java:73)
	org.junit.platform.engine.support.hierarchical.NodeTestTask.executeRecursively(NodeTestTask.java:122)
	org.junit.platform.engine.support.hierarchical.NodeTestTask.execute(NodeTestTask.java:80)
	org.junit.platform.engine.support.hierarchical.SameThreadHierarchicalTestExecutorService.submit(SameThreadHierarchicalTestExecutorService.java:32)
	org.junit.platform.engine.support.hierarchical.HierarchicalTestExecutor.execute(HierarchicalTestExecutor.java:57)
	org.junit.platform.engine.support.hierarchical.HierarchicalTestEngine.execute(HierarchicalTestEngine.java:51)
	org.junit.platform.launcher.core.DefaultLauncher.execute(DefaultLauncher.java:248)
	org.junit.platform.launcher.core.DefaultLauncher.lambda$execute$5(DefaultLauncher.java:211)
	org.junit.platform.launcher.core.DefaultLauncher.withInterceptedStreams(DefaultLauncher.java:226)
	org.junit.platform.launcher.core.DefaultLauncher.execute(DefaultLauncher.java:199)
	org.junit.platform.launcher.core.DefaultLauncher.execute(DefaultLauncher.java:132)
	org.gradle.api.internal.tasks.testing.junitplatform.JUnitPlatformTestClassProcessor$CollectAllTestClassesExecutor.processAllTestClasses(JUnitPlatformTestClassProcessor.java:102)
	org.gradle.api.internal.tasks.testing.junitplatform.JUnitPlatformTestClassProcessor$CollectAllTestClassesExecutor.access$000(JUnitPlatformTestClassProcessor.java:82)
	org.gradle.api.internal.tasks.testing.junitplatform.JUnitPlatformTestClassProcessor.stop(JUnitPlatformTestClassProcessor.java:78)
	org.gradle.api.internal.tasks.testing.SuiteTestClassProcessor.stop(SuiteTestClassProcessor.java:61)
	sun.reflect.NativeMethodAccessorImpl.invoke0(Native Method)
	sun.reflect.NativeMethodAccessorImpl.invoke(NativeMethodAccessorImpl.java:62)
	sun.reflect.DelegatingMethodAccessorImpl.invoke(DelegatingMethodAccessorImpl.java:43)
	java.lang.reflect.Method.invoke(Method.java:498)
	org.gradle.internal.dispatch.ReflectionDispatch.dispatch(ReflectionDispatch.java:36)
	org.gradle.internal.dispatch.ReflectionDispatch.dispatch(ReflectionDispatch.java:24)
	org.gradle.internal.dispatch.ContextClassLoaderDispatch.dispatch(ContextClassLoaderDispatch.java:33)
	org.gradle.internal.dispatch.ProxyDispatchAdapter$DispatchingInvocationHandler.invoke(ProxyDispatchAdapter.java:94)
	com.sun.proxy.$Proxy2.stop(Unknown Source)
	org.gradle.api.internal.tasks.testing.worker.TestWorker.stop(TestWorker.java:132)
	sun.reflect.NativeMethodAccessorImpl.invoke0(Native Method)
	sun.reflect.NativeMethodAccessorImpl.invoke(NativeMethodAccessorImpl.java:62)
	sun.reflect.DelegatingMethodAccessorImpl.invoke(DelegatingMethodAccessorImpl.java:43)
	java.lang.reflect.Method.invoke(Method.java:498)
	org.gradle.internal.dispatch.ReflectionDispatch.dispatch(ReflectionDispatch.java:36)
	org.gradle.internal.dispatch.ReflectionDispatch.dispatch(ReflectionDispatch.java:24)
	org.gradle.internal.remote.internal.hub.MessageHubBackedObjectConnection$DispatchWrapper.dispatch(MessageHubBackedObjectConnection.java:182)
	org.gradle.internal.remote.internal.hub.MessageHubBackedObjectConnection$DispatchWrapper.dispatch(MessageHubBackedObjectConnection.java:164)
	org.gradle.internal.remote.internal.hub.MessageHub$Handler.run(MessageHub.java:412)
	org.gradle.internal.concurrent.ExecutorPolicy$CatchAndRecordFailures.onExecute(ExecutorPolicy.java:64)
	org.gradle.internal.concurrent.ManagedExecutorImpl$1.run(ManagedExecutorImpl.java:48)
	java.util.concurrent.ThreadPoolExecutor.runWorker(ThreadPoolExecutor.java:1149)
	java.util.concurrent.ThreadPoolExecutor$Worker.run(ThreadPoolExecutor.java:624)
	org.gradle.internal.concurrent.ThreadFactoryImpl$ManagedThreadRunnable.run(ThreadFactoryImpl.java:56)
	java.lang.Thread.run(Thread.java:748)
22:22:58.800 [Test worker] ERROR i.n.u.ResourceLeakDetector - LEAK: ByteBuf.release() was not called before it's garbage-collected. See https://netty.io/wiki/reference-counted-objects.html for more information.
Recent access records: 
Created at:
	io.netty.buffer.PooledByteBufAllocator.newDirectBuffer(PooledByteBufAllocator.java:363)
	io.netty.buffer.AbstractByteBufAllocator.directBuffer(AbstractByteBufAllocator.java:187)
	io.netty.buffer.AbstractByteBufAllocator.directBuffer(AbstractByteBufAllocator.java:178)
	io.netty.buffer.AbstractByteBufAllocator.buffer(AbstractByteBufAllocator.java:115)
	org.springframework.core.io.buffer.NettyDataBufferFactory.allocateBuffer(NettyDataBufferFactory.java:71)
	org.springframework.core.io.buffer.NettyDataBufferFactory.allocateBuffer(NettyDataBufferFactory.java:39)
	org.springframework.core.codec.CharSequenceEncoder.encodeValue(CharSequenceEncoder.java:91)
	org.springframework.core.codec.CharSequenceEncoder.encodeValue(CharSequenceEncoder.java:47)
	org.springframework.messaging.rsocket.DefaultRSocketRequester$DefaultRequestSpec.encodeData(DefaultRSocketRequester.java:236)
	org.springframework.messaging.rsocket.DefaultRSocketRequester$DefaultRequestSpec.lambda$createPayload$0(DefaultRSocketRequester.java:190)
	reactor.core.publisher.MonoCallable.subscribe(MonoCallable.java:56)
	reactor.core.publisher.Mono.subscribe(Mono.java:4208)
	reactor.core.publisher.MonoZip.subscribe(MonoZip.java:128)
	reactor.core.publisher.Mono.subscribe(Mono.java:4208)
	reactor.core.publisher.FluxConcatArray$ConcatArraySubscriber.onComplete(FluxConcatArray.java:207)
	reactor.core.publisher.FluxConcatArray.subscribe(FluxConcatArray.java:80)
	reactor.core.publisher.Flux.subscribe(Flux.java:8258)
	reactor.core.publisher.Flux.blockLast(Flux.java:2501)
	org.springframework.messaging.rsocket.DefaultRSocketRequesterTests.retrieveFluxVoid(DefaultRSocketRequesterTests.java:224)
	sun.reflect.NativeMethodAccessorImpl.invoke0(Native Method)
	sun.reflect.NativeMethodAccessorImpl.invoke(NativeMethodAccessorImpl.java:62)
	sun.reflect.DelegatingMethodAccessorImpl.invoke(DelegatingMethodAccessorImpl.java:43)
	java.lang.reflect.Method.invoke(Method.java:498)
	org.junit.platform.commons.util.ReflectionUtils.invokeMethod(ReflectionUtils.java:686)
	org.junit.jupiter.engine.execution.MethodInvocation.proceed(MethodInvocation.java:60)
	org.junit.jupiter.engine.execution.InvocationInterceptorChain$ValidatingInvocation.proceed(InvocationInterceptorChain.java:131)
	org.junit.jupiter.engine.extension.TimeoutExtension.intercept(TimeoutExtension.java:149)
	org.junit.jupiter.engine.extension.TimeoutExtension.interceptTestableMethod(TimeoutExtension.java:140)
	org.junit.jupiter.engine.extension.TimeoutExtension.interceptTestMethod(TimeoutExtension.java:84)
	org.junit.jupiter.engine.execution.ExecutableInvoker$ReflectiveInterceptorCall.lambda$ofVoidMethod$0(ExecutableInvoker.java:115)
	org.junit.jupiter.engine.execution.ExecutableInvoker.lambda$invoke$0(ExecutableInvoker.java:105)
	org.junit.jupiter.engine.execution.InvocationInterceptorChain$InterceptedInvocation.proceed(InvocationInterceptorChain.java:106)
	org.junit.jupiter.engine.execution.InvocationInterceptorChain.proceed(InvocationInterceptorChain.java:64)
	org.junit.jupiter.engine.execution.InvocationInterceptorChain.chainAndInvoke(InvocationInterceptorChain.java:45)
	org.junit.jupiter.engine.execution.InvocationInterceptorChain.invoke(InvocationInterceptorChain.java:37)
	org.junit.jupiter.engine.execution.ExecutableInvoker.invoke(ExecutableInvoker.java:104)
	org.junit.jupiter.engine.execution.ExecutableInvoker.invoke(ExecutableInvoker.java:98)
	org.junit.jupiter.engine.descriptor.TestMethodTestDescriptor.lambda$invokeTestMethod$6(TestMethodTestDescriptor.java:212)
	org.junit.platform.engine.support.hierarchical.ThrowableCollector.execute(ThrowableCollector.java:73)
	org.junit.jupiter.engine.descriptor.TestMethodTestDescriptor.invokeTestMethod(TestMethodTestDescriptor.java:208)
	org.junit.jupiter.engine.descriptor.TestMethodTestDescriptor.execute(TestMethodTestDescriptor.java:137)
	org.junit.jupiter.engine.descriptor.TestMethodTestDescriptor.execute(TestMethodTestDescriptor.java:71)
	org.junit.platform.engine.support.hierarchical.NodeTestTask.lambda$executeRecursively$5(NodeTestTask.java:135)
	org.junit.platform.engine.support.hierarchical.ThrowableCollector.execute(ThrowableCollector.java:73)
	org.junit.platform.engine.support.hierarchical.NodeTestTask.lambda$executeRecursively$7(NodeTestTask.java:125)
	org.junit.platform.engine.support.hierarchical.Node.around(Node.java:135)
	org.junit.platform.engine.support.hierarchical.NodeTestTask.lambda$executeRecursively$8(NodeTestTask.java:123)
	org.junit.platform.engine.support.hierarchical.ThrowableCollector.execute(ThrowableCollector.java:73)
	org.junit.platform.engine.support.hierarchical.NodeTestTask.executeRecursively(NodeTestTask.java:122)
	org.junit.platform.engine.support.hierarchical.NodeTestTask.execute(NodeTestTask.java:80)
	java.util.ArrayList.forEach(ArrayList.java:1257)
	org.junit.platform.engine.support.hierarchical.SameThreadHierarchicalTestExecutorService.invokeAll(SameThreadHierarchicalTestExecutorService.java:38)
	org.junit.platform.engine.support.hierarchical.NodeTestTask.lambda$executeRecursively$5(NodeTestTask.java:139)
	org.junit.platform.engine.support.hierarchical.ThrowableCollector.execute(ThrowableCollector.java:73)
	org.junit.platform.engine.support.hierarchical.NodeTestTask.lambda$executeRecursively$7(NodeTestTask.java:125)
	org.junit.platform.engine.support.hierarchical.Node.around(Node.java:135)
	org.junit.platform.engine.support.hierarchical.NodeTestTask.lambda$executeRecursively$8(NodeTestTask.java:123)
	org.junit.platform.engine.support.hierarchical.ThrowableCollector.execute(ThrowableCollector.java:73)
	org.junit.platform.engine.support.hierarchical.NodeTestTask.executeRecursively(NodeTestTask.java:122)
	org.junit.platform.engine.support.hierarchical.NodeTestTask.execute(NodeTestTask.java:80)
	java.util.ArrayList.forEach(ArrayList.java:1257)
	org.junit.platform.engine.support.hierarchical.SameThreadHierarchicalTestExecutorService.invokeAll(SameThreadHierarchicalTestExecutorService.java:38)
	org.junit.platform.engine.support.hierarchical.NodeTestTask.lambda$executeRecursively$5(NodeTestTask.java:139)
	org.junit.platform.engine.support.hierarchical.ThrowableCollector.execute(ThrowableCollector.java:73)
	org.junit.platform.engine.support.hierarchical.NodeTestTask.lambda$executeRecursively$7(NodeTestTask.java:125)
	org.junit.platform.engine.support.hierarchical.Node.around(Node.java:135)
	org.junit.platform.engine.support.hierarchical.NodeTestTask.lambda$executeRecursively$8(NodeTestTask.java:123)
	org.junit.platform.engine.support.hierarchical.ThrowableCollector.execute(ThrowableCollector.java:73)
	org.junit.platform.engine.support.hierarchical.NodeTestTask.executeRecursively(NodeTestTask.java:122)
	org.junit.platform.engine.support.hierarchical.NodeTestTask.execute(NodeTestTask.java:80)
	org.junit.platform.engine.support.hierarchical.SameThreadHierarchicalTestExecutorService.submit(SameThreadHierarchicalTestExecutorService.java:32)
	org.junit.platform.engine.support.hierarchical.HierarchicalTestExecutor.execute(HierarchicalTestExecutor.java:57)
	org.junit.platform.engine.support.hierarchical.HierarchicalTestEngine.execute(HierarchicalTestEngine.java:51)
	org.junit.platform.launcher.core.DefaultLauncher.execute(DefaultLauncher.java:248)
	org.junit.platform.launcher.core.DefaultLauncher.lambda$execute$5(DefaultLauncher.java:211)
	org.junit.platform.launcher.core.DefaultLauncher.withInterceptedStreams(DefaultLauncher.java:226)
	org.junit.platform.launcher.core.DefaultLauncher.execute(DefaultLauncher.java:199)
	org.junit.platform.launcher.core.DefaultLauncher.execute(DefaultLauncher.java:132)
	org.gradle.api.internal.tasks.testing.junitplatform.JUnitPlatformTestClassProcessor$CollectAllTestClassesExecutor.processAllTestClasses(JUnitPlatformTestClassProcessor.java:102)
	org.gradle.api.internal.tasks.testing.junitplatform.JUnitPlatformTestClassProcessor$CollectAllTestClassesExecutor.access$000(JUnitPlatformTestClassProcessor.java:82)
	org.gradle.api.internal.tasks.testing.junitplatform.JUnitPlatformTestClassProcessor.stop(JUnitPlatformTestClassProcessor.java:78)
	org.gradle.api.internal.tasks.testing.SuiteTestClassProcessor.stop(SuiteTestClassProcessor.java:61)
	sun.reflect.NativeMethodAccessorImpl.invoke0(Native Method)
	sun.reflect.NativeMethodAccessorImpl.invoke(NativeMethodAccessorImpl.java:62)
	sun.reflect.DelegatingMethodAccessorImpl.invoke(DelegatingMethodAccessorImpl.java:43)
	java.lang.reflect.Method.invoke(Method.java:498)
	org.gradle.internal.dispatch.ReflectionDispatch.dispatch(ReflectionDispatch.java:36)
	org.gradle.internal.dispatch.ReflectionDispatch.dispatch(ReflectionDispatch.java:24)
	org.gradle.internal.dispatch.ContextClassLoaderDispatch.dispatch(ContextClassLoaderDispatch.java:33)
	org.gradle.internal.dispatch.ProxyDispatchAdapter$DispatchingInvocationHandler.invoke(ProxyDispatchAdapter.java:94)
	com.sun.proxy.$Proxy2.stop(Unknown Source)
	org.gradle.api.internal.tasks.testing.worker.TestWorker.stop(TestWorker.java:132)
	sun.reflect.NativeMethodAccessorImpl.invoke0(Native Method)
	sun.reflect.NativeMethodAccessorImpl.invoke(NativeMethodAccessorImpl.java:62)
	sun.reflect.DelegatingMethodAccessorImpl.invoke(DelegatingMethodAccessorImpl.java:43)
	java.lang.reflect.Method.invoke(Method.java:498)
	org.gradle.internal.dispatch.ReflectionDispatch.dispatch(ReflectionDispatch.java:36)
	org.gradle.internal.dispatch.ReflectionDispatch.dispatch(ReflectionDispatch.java:24)
	org.gradle.internal.remote.internal.hub.MessageHubBackedObjectConnection$DispatchWrapper.dispatch(MessageHubBackedObjectConnection.java:182)
	org.gradle.internal.remote.internal.hub.MessageHubBackedObjectConnection$DispatchWrapper.dispatch(MessageHubBackedObjectConnection.java:164)
	org.gradle.internal.remote.internal.hub.MessageHub$Handler.run(MessageHub.java:412)
	org.gradle.internal.concurrent.ExecutorPolicy$CatchAndRecordFailures.onExecute(ExecutorPolicy.java:64)
	org.gradle.internal.concurrent.ManagedExecutorImpl$1.run(ManagedExecutorImpl.java:48)
	java.util.concurrent.ThreadPoolExecutor.runWorker(ThreadPoolExecutor.java:1149)
	java.util.concurrent.ThreadPoolExecutor$Worker.run(ThreadPoolExecutor.java:624)
	org.gradle.internal.concurrent.ThreadFactoryImpl$ManagedThreadRunnable.run(ThreadFactoryImpl.java:56)
	java.lang.Thread.run(Thread.java:748)
22:22:58.801 [Test worker] ERROR i.n.u.ResourceLeakDetector - LEAK: ByteBuf.release() was not called before it's garbage-collected. See https://netty.io/wiki/reference-counted-objects.html for more information.
Recent access records: 
Created at:
	io.netty.buffer.PooledByteBufAllocator.newDirectBuffer(PooledByteBufAllocator.java:363)
	io.netty.buffer.AbstractByteBufAllocator.directBuffer(AbstractByteBufAllocator.java:187)
	io.netty.buffer.AbstractByteBufAllocator.directBuffer(AbstractByteBufAllocator.java:178)
	io.netty.buffer.AbstractByteBufAllocator.buffer(AbstractByteBufAllocator.java:115)
	org.springframework.core.io.buffer.NettyDataBufferFactory.allocateBuffer(NettyDataBufferFactory.java:71)
	org.springframework.core.io.buffer.NettyDataBufferFactory.allocateBuffer(NettyDataBufferFactory.java:39)
	org.springframework.core.codec.CharSequenceEncoder.encodeValue(CharSequenceEncoder.java:91)
	org.springframework.core.codec.CharSequenceEncoder.encodeValue(CharSequenceEncoder.java:47)
	org.springframework.messaging.rsocket.DefaultRSocketRequester$DefaultRequestSpec.encodeData(DefaultRSocketRequester.java:236)
	org.springframework.messaging.rsocket.DefaultRSocketRequester$DefaultRequestSpec.lambda$createPayload$0(DefaultRSocketRequester.java:190)
	reactor.core.publisher.MonoCallable.subscribe(MonoCallable.java:56)
	reactor.core.publisher.Mono.subscribe(Mono.java:4208)
	reactor.core.publisher.MonoZip.subscribe(MonoZip.java:128)
	reactor.core.publisher.Flux.subscribe(Flux.java:8258)
	reactor.test.DefaultStepVerifierBuilder$DefaultStepVerifier.toVerifierAndSubscribe(DefaultStepVerifierBuilder.java:868)
	reactor.test.DefaultStepVerifierBuilder$DefaultStepVerifier.verify(DefaultStepVerifierBuilder.java:824)
	org.springframework.messaging.rsocket.DefaultRSocketRequesterTests.retrieveFlux(DefaultRSocketRequesterTests.java:214)
	sun.reflect.NativeMethodAccessorImpl.invoke0(Native Method)
	sun.reflect.NativeMethodAccessorImpl.invoke(NativeMethodAccessorImpl.java:62)
	sun.reflect.DelegatingMethodAccessorImpl.invoke(DelegatingMethodAccessorImpl.java:43)
	java.lang.reflect.Method.invoke(Method.java:498)
	org.junit.platform.commons.util.ReflectionUtils.invokeMethod(ReflectionUtils.java:686)
	org.junit.jupiter.engine.execution.MethodInvocation.proceed(MethodInvocation.java:60)
	org.junit.jupiter.engine.execution.InvocationInterceptorChain$ValidatingInvocation.proceed(InvocationInterceptorChain.java:131)
	org.junit.jupiter.engine.extension.TimeoutExtension.intercept(TimeoutExtension.java:149)
	org.junit.jupiter.engine.extension.TimeoutExtension.interceptTestableMethod(TimeoutExtension.java:140)
	org.junit.jupiter.engine.extension.TimeoutExtension.interceptTestMethod(TimeoutExtension.java:84)
	org.junit.jupiter.engine.execution.ExecutableInvoker$ReflectiveInterceptorCall.lambda$ofVoidMethod$0(ExecutableInvoker.java:115)
	org.junit.jupiter.engine.execution.ExecutableInvoker.lambda$invoke$0(ExecutableInvoker.java:105)
	org.junit.jupiter.engine.execution.InvocationInterceptorChain$InterceptedInvocation.proceed(InvocationInterceptorChain.java:106)
	org.junit.jupiter.engine.execution.InvocationInterceptorChain.proceed(InvocationInterceptorChain.java:64)
	org.junit.jupiter.engine.execution.InvocationInterceptorChain.chainAndInvoke(InvocationInterceptorChain.java:45)
	org.junit.jupiter.engine.execution.InvocationInterceptorChain.invoke(InvocationInterceptorChain.java:37)
	org.junit.jupiter.engine.execution.ExecutableInvoker.invoke(ExecutableInvoker.java:104)
	org.junit.jupiter.engine.execution.ExecutableInvoker.invoke(ExecutableInvoker.java:98)
	org.junit.jupiter.engine.descriptor.TestMethodTestDescriptor.lambda$invokeTestMethod$6(TestMethodTestDescriptor.java:212)
	org.junit.platform.engine.support.hierarchical.ThrowableCollector.execute(ThrowableCollector.java:73)
	org.junit.jupiter.engine.descriptor.TestMethodTestDescriptor.invokeTestMethod(TestMethodTestDescriptor.java:208)
	org.junit.jupiter.engine.descriptor.TestMethodTestDescriptor.execute(TestMethodTestDescriptor.java:137)
	org.junit.jupiter.engine.descriptor.TestMethodTestDescriptor.execute(TestMethodTestDescriptor.java:71)
	org.junit.platform.engine.support.hierarchical.NodeTestTask.lambda$executeRecursively$5(NodeTestTask.java:135)
	org.junit.platform.engine.support.hierarchical.ThrowableCollector.execute(ThrowableCollector.java:73)
	org.junit.platform.engine.support.hierarchical.NodeTestTask.lambda$executeRecursively$7(NodeTestTask.java:125)
	org.junit.platform.engine.support.hierarchical.Node.around(Node.java:135)
	org.junit.platform.engine.support.hierarchical.NodeTestTask.lambda$executeRecursively$8(NodeTestTask.java:123)
	org.junit.platform.engine.support.hierarchical.ThrowableCollector.execute(ThrowableCollector.java:73)
	org.junit.platform.engine.support.hierarchical.NodeTestTask.executeRecursively(NodeTestTask.java:122)
	org.junit.platform.engine.support.hierarchical.NodeTestTask.execute(NodeTestTask.java:80)
	java.util.ArrayList.forEach(ArrayList.java:1257)
	org.junit.platform.engine.support.hierarchical.SameThreadHierarchicalTestExecutorService.invokeAll(SameThreadHierarchicalTestExecutorService.java:38)
	org.junit.platform.engine.support.hierarchical.NodeTestTask.lambda$executeRecursively$5(NodeTestTask.java:139)
	org.junit.platform.engine.support.hierarchical.ThrowableCollector.execute(ThrowableCollector.java:73)
	org.junit.platform.engine.support.hierarchical.NodeTestTask.lambda$executeRecursively$7(NodeTestTask.java:125)
	org.junit.platform.engine.support.hierarchical.Node.around(Node.java:135)
	org.junit.platform.engine.support.hierarchical.NodeTestTask.lambda$executeRecursively$8(NodeTestTask.java:123)
	org.junit.platform.engine.support.hierarchical.ThrowableCollector.execute(ThrowableCollector.java:73)
	org.junit.platform.engine.support.hierarchical.NodeTestTask.executeRecursively(NodeTestTask.java:122)
	org.junit.platform.engine.support.hierarchical.NodeTestTask.execute(NodeTestTask.java:80)
	java.util.ArrayList.forEach(ArrayList.java:1257)
	org.junit.platform.engine.support.hierarchical.SameThreadHierarchicalTestExecutorService.invokeAll(SameThreadHierarchicalTestExecutorService.java:38)
	org.junit.platform.engine.support.hierarchical.NodeTestTask.lambda$executeRecursively$5(NodeTestTask.java:139)
	org.junit.platform.engine.support.hierarchical.ThrowableCollector.execute(ThrowableCollector.java:73)
	org.junit.platform.engine.support.hierarchical.NodeTestTask.lambda$executeRecursively$7(NodeTestTask.java:125)
	org.junit.platform.engine.support.hierarchical.Node.around(Node.java:135)
	org.junit.platform.engine.support.hierarchical.NodeTestTask.lambda$executeRecursively$8(NodeTestTask.java:123)
	org.junit.platform.engine.support.hierarchical.ThrowableCollector.execute(ThrowableCollector.java:73)
	org.junit.platform.engine.support.hierarchical.NodeTestTask.executeRecursively(NodeTestTask.java:122)
	org.junit.platform.engine.support.hierarchical.NodeTestTask.execute(NodeTestTask.java:80)
	org.junit.platform.engine.support.hierarchical.SameThreadHierarchicalTestExecutorService.submit(SameThreadHierarchicalTestExecutorService.java:32)
	org.junit.platform.engine.support.hierarchical.HierarchicalTestExecutor.execute(HierarchicalTestExecutor.java:57)
	org.junit.platform.engine.support.hierarchical.HierarchicalTestEngine.execute(HierarchicalTestEngine.java:51)
	org.junit.platform.launcher.core.DefaultLauncher.execute(DefaultLauncher.java:248)
	org.junit.platform.launcher.core.DefaultLauncher.lambda$execute$5(DefaultLauncher.java:211)
	org.junit.platform.launcher.core.DefaultLauncher.withInterceptedStreams(DefaultLauncher.java:226)
	org.junit.platform.launcher.core.DefaultLauncher.execute(DefaultLauncher.java:199)
	org.junit.platform.launcher.core.DefaultLauncher.execute(DefaultLauncher.java:132)
	org.gradle.api.internal.tasks.testing.junitplatform.JUnitPlatformTestClassProcessor$CollectAllTestClassesExecutor.processAllTestClasses(JUnitPlatformTestClassProcessor.java:102)
	org.gradle.api.internal.tasks.testing.junitplatform.JUnitPlatformTestClassProcessor$CollectAllTestClassesExecutor.access$000(JUnitPlatformTestClassProcessor.java:82)
	org.gradle.api.internal.tasks.testing.junitplatform.JUnitPlatformTestClassProcessor.stop(JUnitPlatformTestClassProcessor.java:78)
	org.gradle.api.internal.tasks.testing.SuiteTestClassProcessor.stop(SuiteTestClassProcessor.java:61)
	sun.reflect.NativeMethodAccessorImpl.invoke0(Native Method)
	sun.reflect.NativeMethodAccessorImpl.invoke(NativeMethodAccessorImpl.java:62)
	sun.reflect.DelegatingMethodAccessorImpl.invoke(DelegatingMethodAccessorImpl.java:43)
	java.lang.reflect.Method.invoke(Method.java:498)
	org.gradle.internal.dispatch.ReflectionDispatch.dispatch(ReflectionDispatch.java:36)
	org.gradle.internal.dispatch.ReflectionDispatch.dispatch(ReflectionDispatch.java:24)
	org.gradle.internal.dispatch.ContextClassLoaderDispatch.dispatch(ContextClassLoaderDispatch.java:33)
	org.gradle.internal.dispatch.ProxyDispatchAdapter$DispatchingInvocationHandler.invoke(ProxyDispatchAdapter.java:94)
	com.sun.proxy.$Proxy2.stop(Unknown Source)
	org.gradle.api.internal.tasks.testing.worker.TestWorker.stop(TestWorker.java:132)
	sun.reflect.NativeMethodAccessorImpl.invoke0(Native Method)
	sun.reflect.NativeMethodAccessorImpl.invoke(NativeMethodAccessorImpl.java:62)
	sun.reflect.DelegatingMethodAccessorImpl.invoke(DelegatingMethodAccessorImpl.java:43)
	java.lang.reflect.Method.invoke(Method.java:498)
	org.gradle.internal.dispatch.ReflectionDispatch.dispatch(ReflectionDispatch.java:36)
	org.gradle.internal.dispatch.ReflectionDispatch.dispatch(ReflectionDispatch.java:24)
	org.gradle.internal.remote.internal.hub.MessageHubBackedObjectConnection$DispatchWrapper.dispatch(MessageHubBackedObjectConnection.java:182)
	org.gradle.internal.remote.internal.hub.MessageHubBackedObjectConnection$DispatchWrapper.dispatch(MessageHubBackedObjectConnection.java:164)
	org.gradle.internal.remote.internal.hub.MessageHub$Handler.run(MessageHub.java:412)
	org.gradle.internal.concurrent.ExecutorPolicy$CatchAndRecordFailures.onExecute(ExecutorPolicy.java:64)
	org.gradle.internal.concurrent.ManagedExecutorImpl$1.run(ManagedExecutorImpl.java:48)
	java.util.concurrent.ThreadPoolExecutor.runWorker(ThreadPoolExecutor.java:1149)
	java.util.concurrent.ThreadPoolExecutor$Worker.run(ThreadPoolExecutor.java:624)
	org.gradle.internal.concurrent.ThreadFactoryImpl$ManagedThreadRunnable.run(ThreadFactoryImpl.java:56)
	java.lang.Thread.run(Thread.java:748)
22:22:58.806 [Test worker] ERROR i.n.u.ResourceLeakDetector - LEAK: ByteBuf.release() was not called before it's garbage-collected. See https://netty.io/wiki/reference-counted-objects.html for more information.
Recent access records: 
#1:
	io.netty.buffer.AdvancedLeakAwareByteBuf.toString(AdvancedLeakAwareByteBuf.java:742)
	io.rsocket.Payload.getMetadataUtf8(Payload.java:98)
	org.springframework.messaging.rsocket.DefaultRSocketRequesterTests.testSendMono(DefaultRSocketRequesterTests.java:98)
	org.springframework.messaging.rsocket.DefaultRSocketRequesterTests.sendMono(DefaultRSocketRequesterTests.java:90)
	sun.reflect.NativeMethodAccessorImpl.invoke0(Native Method)
	sun.reflect.NativeMethodAccessorImpl.invoke(NativeMethodAccessorImpl.java:62)
	sun.reflect.DelegatingMethodAccessorImpl.invoke(DelegatingMethodAccessorImpl.java:43)
	java.lang.reflect.Method.invoke(Method.java:498)
	org.junit.platform.commons.util.ReflectionUtils.invokeMethod(ReflectionUtils.java:686)
	org.junit.jupiter.engine.execution.MethodInvocation.proceed(MethodInvocation.java:60)
	org.junit.jupiter.engine.execution.InvocationInterceptorChain$ValidatingInvocation.proceed(InvocationInterceptorChain.java:131)
	org.junit.jupiter.engine.extension.TimeoutExtension.intercept(TimeoutExtension.java:149)
	org.junit.jupiter.engine.extension.TimeoutExtension.interceptTestableMethod(TimeoutExtension.java:140)
	org.junit.jupiter.engine.extension.TimeoutExtension.interceptTestMethod(TimeoutExtension.java:84)
	org.junit.jupiter.engine.execution.ExecutableInvoker$ReflectiveInterceptorCall.lambda$ofVoidMethod$0(ExecutableInvoker.java:115)
	org.junit.jupiter.engine.execution.ExecutableInvoker.lambda$invoke$0(ExecutableInvoker.java:105)
	org.junit.jupiter.engine.execution.InvocationInterceptorChain$InterceptedInvocation.proceed(InvocationInterceptorChain.java:106)
	org.junit.jupiter.engine.execution.InvocationInterceptorChain.proceed(InvocationInterceptorChain.java:64)
	org.junit.jupiter.engine.execution.InvocationInterceptorChain.chainAndInvoke(InvocationInterceptorChain.java:45)
	org.junit.jupiter.engine.execution.InvocationInterceptorChain.invoke(InvocationInterceptorChain.java:37)
	org.junit.jupiter.engine.execution.ExecutableInvoker.invoke(ExecutableInvoker.java:104)
	org.junit.jupiter.engine.execution.ExecutableInvoker.invoke(ExecutableInvoker.java:98)
	org.junit.jupiter.engine.descriptor.TestMethodTestDescriptor.lambda$invokeTestMethod$6(TestMethodTestDescriptor.java:212)
	org.junit.platform.engine.support.hierarchical.ThrowableCollector.execute(ThrowableCollector.java:73)
	org.junit.jupiter.engine.descriptor.TestMethodTestDescriptor.invokeTestMethod(TestMethodTestDescriptor.java:208)
	org.junit.jupiter.engine.descriptor.TestMethodTestDescriptor.execute(TestMethodTestDescriptor.java:137)
	org.junit.jupiter.engine.descriptor.TestMethodTestDescriptor.execute(TestMethodTestDescriptor.java:71)
	org.junit.platform.engine.support.hierarchical.NodeTestTask.lambda$executeRecursively$5(NodeTestTask.java:135)
	org.junit.platform.engine.support.hierarchical.ThrowableCollector.execute(ThrowableCollector.java:73)
	org.junit.platform.engine.support.hierarchical.NodeTestTask.lambda$executeRecursively$7(NodeTestTask.java:125)
	org.junit.platform.engine.support.hierarchical.Node.around(Node.java:135)
	org.junit.platform.engine.support.hierarchical.NodeTestTask.lambda$executeRecursively$8(NodeTestTask.java:123)
	org.junit.platform.engine.support.hierarchical.ThrowableCollector.execute(ThrowableCollector.java:73)
	org.junit.platform.engine.support.hierarchical.NodeTestTask.executeRecursively(NodeTestTask.java:122)
	org.junit.platform.engine.support.hierarchical.NodeTestTask.execute(NodeTestTask.java:80)
	java.util.ArrayList.forEach(ArrayList.java:1257)
	org.junit.platform.engine.support.hierarchical.SameThreadHierarchicalTestExecutorService.invokeAll(SameThreadHierarchicalTestExecutorService.java:38)
	org.junit.platform.engine.support.hierarchical.NodeTestTask.lambda$executeRecursively$5(NodeTestTask.java:139)
	org.junit.platform.engine.support.hierarchical.ThrowableCollector.execute(ThrowableCollector.java:73)
	org.junit.platform.engine.support.hierarchical.NodeTestTask.lambda$executeRecursively$7(NodeTestTask.java:125)
	org.junit.platform.engine.support.hierarchical.Node.around(Node.java:135)
	org.junit.platform.engine.support.hierarchical.NodeTestTask.lambda$executeRecursively$8(NodeTestTask.java:123)
	org.junit.platform.engine.support.hierarchical.ThrowableCollector.execute(ThrowableCollector.java:73)
	org.junit.platform.engine.support.hierarchical.NodeTestTask.executeRecursively(NodeTestTask.java:122)
	org.junit.platform.engine.support.hierarchical.NodeTestTask.execute(NodeTestTask.java:80)
	java.util.ArrayList.forEach(ArrayList.java:1257)
	org.junit.platform.engine.support.hierarchical.SameThreadHierarchicalTestExecutorService.invokeAll(SameThreadHierarchicalTestExecutorService.java:38)
	org.junit.platform.engine.support.hierarchical.NodeTestTask.lambda$executeRecursively$5(NodeTestTask.java:139)
	org.junit.platform.engine.support.hierarchical.ThrowableCollector.execute(ThrowableCollector.java:73)
	org.junit.platform.engine.support.hierarchical.NodeTestTask.lambda$executeRecursively$7(NodeTestTask.java:125)
	org.junit.platform.engine.support.hierarchical.Node.around(Node.java:135)
	org.junit.platform.engine.support.hierarchical.NodeTestTask.lambda$executeRecursively$8(NodeTestTask.java:123)
	org.junit.platform.engine.support.hierarchical.ThrowableCollector.execute(ThrowableCollector.java:73)
	org.junit.platform.engine.support.hierarchical.NodeTestTask.executeRecursively(NodeTestTask.java:122)
	org.junit.platform.engine.support.hierarchical.NodeTestTask.execute(NodeTestTask.java:80)
	org.junit.platform.engine.support.hierarchical.SameThreadHierarchicalTestExecutorService.submit(SameThreadHierarchicalTestExecutorService.java:32)
	org.junit.platform.engine.support.hierarchical.HierarchicalTestExecutor.execute(HierarchicalTestExecutor.java:57)
	org.junit.platform.engine.support.hierarchical.HierarchicalTestEngine.execute(HierarchicalTestEngine.java:51)
	org.junit.platform.launcher.core.DefaultLauncher.execute(DefaultLauncher.java:248)
	org.junit.platform.launcher.core.DefaultLauncher.lambda$execute$5(DefaultLauncher.java:211)
	org.junit.platform.launcher.core.DefaultLauncher.withInterceptedStreams(DefaultLauncher.java:226)
	org.junit.platform.launcher.core.DefaultLauncher.execute(DefaultLauncher.java:199)
	org.junit.platform.launcher.core.DefaultLauncher.execute(DefaultLauncher.java:132)
	org.gradle.api.internal.tasks.testing.junitplatform.JUnitPlatformTestClassProcessor$CollectAllTestClassesExecutor.processAllTestClasses(JUnitPlatformTestClassProcessor.java:102)
	org.gradle.api.internal.tasks.testing.junitplatform.JUnitPlatformTestClassProcessor$CollectAllTestClassesExecutor.access$000(JUnitPlatformTestClassProcessor.java:82)
	org.gradle.api.internal.tasks.testing.junitplatform.JUnitPlatformTestClassProcessor.stop(JUnitPlatformTestClassProcessor.java:78)
	org.gradle.api.internal.tasks.testing.SuiteTestClassProcessor.stop(SuiteTestClassProcessor.java:61)
	sun.reflect.NativeMethodAccessorImpl.invoke0(Native Method)
	sun.reflect.NativeMethodAccessorImpl.invoke(NativeMethodAccessorImpl.java:62)
	sun.reflect.DelegatingMethodAccessorImpl.invoke(DelegatingMethodAccessorImpl.java:43)
	java.lang.reflect.Method.invoke(Method.java:498)
	org.gradle.internal.dispatch.ReflectionDispatch.dispatch(ReflectionDispatch.java:36)
	org.gradle.internal.dispatch.ReflectionDispatch.dispatch(ReflectionDispatch.java:24)
	org.gradle.internal.dispatch.ContextClassLoaderDispatch.dispatch(ContextClassLoaderDispatch.java:33)
	org.gradle.internal.dispatch.ProxyDispatchAdapter$DispatchingInvocationHandler.invoke(ProxyDispatchAdapter.java:94)
	com.sun.proxy.$Proxy2.stop(Unknown Source)
	org.gradle.api.internal.tasks.testing.worker.TestWorker.stop(TestWorker.java:132)
	sun.reflect.NativeMethodAccessorImpl.invoke0(Native Method)
	sun.reflect.NativeMethodAccessorImpl.invoke(NativeMethodAccessorImpl.java:62)
	sun.reflect.DelegatingMethodAccessorImpl.invoke(DelegatingMethodAccessorImpl.java:43)
	java.lang.reflect.Method.invoke(Method.java:498)
	org.gradle.internal.dispatch.ReflectionDispatch.dispatch(ReflectionDispatch.java:36)
	org.gradle.internal.dispatch.ReflectionDispatch.dispatch(ReflectionDispatch.java:24)
	org.gradle.internal.remote.internal.hub.MessageHubBackedObjectConnection$DispatchWrapper.dispatch(MessageHubBackedObjectConnection.java:182)
	org.gradle.internal.remote.internal.hub.MessageHubBackedObjectConnection$DispatchWrapper.dispatch(MessageHubBackedObjectConnection.java:164)
	org.gradle.internal.remote.internal.hub.MessageHub$Handler.run(MessageHub.java:412)
	org.gradle.internal.concurrent.ExecutorPolicy$CatchAndRecordFailures.onExecute(ExecutorPolicy.java:64)
	org.gradle.internal.concurrent.ManagedExecutorImpl$1.run(ManagedExecutorImpl.java:48)
	java.util.concurrent.ThreadPoolExecutor.runWorker(ThreadPoolExecutor.java:1149)
	java.util.concurrent.ThreadPoolExecutor$Worker.run(ThreadPoolExecutor.java:624)
	org.gradle.internal.concurrent.ThreadFactoryImpl$ManagedThreadRunnable.run(ThreadFactoryImpl.java:56)
	java.lang.Thread.run(Thread.java:748)
#2:
	io.netty.buffer.AdvancedLeakAwareByteBuf.slice(AdvancedLeakAwareByteBuf.java:76)
	io.rsocket.util.ByteBufPayload.sliceMetadata(ByteBufPayload.java:134)
	io.rsocket.Payload.getMetadataUtf8(Payload.java:98)
	org.springframework.messaging.rsocket.DefaultRSocketRequesterTests.testSendMono(DefaultRSocketRequesterTests.java:98)
	org.springframework.messaging.rsocket.DefaultRSocketRequesterTests.sendMono(DefaultRSocketRequesterTests.java:90)
	sun.reflect.NativeMethodAccessorImpl.invoke0(Native Method)
	sun.reflect.NativeMethodAccessorImpl.invoke(NativeMethodAccessorImpl.java:62)
	sun.reflect.DelegatingMethodAccessorImpl.invoke(DelegatingMethodAccessorImpl.java:43)
	java.lang.reflect.Method.invoke(Method.java:498)
	org.junit.platform.commons.util.ReflectionUtils.invokeMethod(ReflectionUtils.java:686)
	org.junit.jupiter.engine.execution.MethodInvocation.proceed(MethodInvocation.java:60)
	org.junit.jupiter.engine.execution.InvocationInterceptorChain$ValidatingInvocation.proceed(InvocationInterceptorChain.java:131)
	org.junit.jupiter.engine.extension.TimeoutExtension.intercept(TimeoutExtension.java:149)
	org.junit.jupiter.engine.extension.TimeoutExtension.interceptTestableMethod(TimeoutExtension.java:140)
	org.junit.jupiter.engine.extension.TimeoutExtension.interceptTestMethod(TimeoutExtension.java:84)
	org.junit.jupiter.engine.execution.ExecutableInvoker$ReflectiveInterceptorCall.lambda$ofVoidMethod$0(ExecutableInvoker.java:115)
	org.junit.jupiter.engine.execution.ExecutableInvoker.lambda$invoke$0(ExecutableInvoker.java:105)
	org.junit.jupiter.engine.execution.InvocationInterceptorChain$InterceptedInvocation.proceed(InvocationInterceptorChain.java:106)
	org.junit.jupiter.engine.execution.InvocationInterceptorChain.proceed(InvocationInterceptorChain.java:64)
	org.junit.jupiter.engine.execution.InvocationInterceptorChain.chainAndInvoke(InvocationInterceptorChain.java:45)
	org.junit.jupiter.engine.execution.InvocationInterceptorChain.invoke(InvocationInterceptorChain.java:37)
	org.junit.jupiter.engine.execution.ExecutableInvoker.invoke(ExecutableInvoker.java:104)
	org.junit.jupiter.engine.execution.ExecutableInvoker.invoke(ExecutableInvoker.java:98)
	org.junit.jupiter.engine.descriptor.TestMethodTestDescriptor.lambda$invokeTestMethod$6(TestMethodTestDescriptor.java:212)
	org.junit.platform.engine.support.hierarchical.ThrowableCollector.execute(ThrowableCollector.java:73)
	org.junit.jupiter.engine.descriptor.TestMethodTestDescriptor.invokeTestMethod(TestMethodTestDescriptor.java:208)
	org.junit.jupiter.engine.descriptor.TestMethodTestDescriptor.execute(TestMethodTestDescriptor.java:137)
	org.junit.jupiter.engine.descriptor.TestMethodTestDescriptor.execute(TestMethodTestDescriptor.java:71)
	org.junit.platform.engine.support.hierarchical.NodeTestTask.lambda$executeRecursively$5(NodeTestTask.java:135)
	org.junit.platform.engine.support.hierarchical.ThrowableCollector.execute(ThrowableCollector.java:73)
	org.junit.platform.engine.support.hierarchical.NodeTestTask.lambda$executeRecursively$7(NodeTestTask.java:125)
	org.junit.platform.engine.support.hierarchical.Node.around(Node.java:135)
	org.junit.platform.engine.support.hierarchical.NodeTestTask.lambda$executeRecursively$8(NodeTestTask.java:123)
	org.junit.platform.engine.support.hierarchical.ThrowableCollector.execute(ThrowableCollector.java:73)
	org.junit.platform.engine.support.hierarchical.NodeTestTask.executeRecursively(NodeTestTask.java:122)
	org.junit.platform.engine.support.hierarchical.NodeTestTask.execute(NodeTestTask.java:80)
	java.util.ArrayList.forEach(ArrayList.java:1257)
	org.junit.platform.engine.support.hierarchical.SameThreadHierarchicalTestExecutorService.invokeAll(SameThreadHierarchicalTestExecutorService.java:38)
	org.junit.platform.engine.support.hierarchical.NodeTestTask.lambda$executeRecursively$5(NodeTestTask.java:139)
	org.junit.platform.engine.support.hierarchical.ThrowableCollector.execute(ThrowableCollector.java:73)
	org.junit.platform.engine.support.hierarchical.NodeTestTask.lambda$executeRecursively$7(NodeTestTask.java:125)
	org.junit.platform.engine.support.hierarchical.Node.around(Node.java:135)
	org.junit.platform.engine.support.hierarchical.NodeTestTask.lambda$executeRecursively$8(NodeTestTask.java:123)
	org.junit.platform.engine.support.hierarchical.ThrowableCollector.execute(ThrowableCollector.java:73)
	org.junit.platform.engine.support.hierarchical.NodeTestTask.executeRecursively(NodeTestTask.java:122)
	org.junit.platform.engine.support.hierarchical.NodeTestTask.execute(NodeTestTask.java:80)
	java.util.ArrayList.forEach(ArrayList.java:1257)
	org.junit.platform.engine.support.hierarchical.SameThreadHierarchicalTestExecutorService.invokeAll(SameThreadHierarchicalTestExecutorService.java:38)
	org.junit.platform.engine.support.hierarchical.NodeTestTask.lambda$executeRecursively$5(NodeTestTask.java:139)
	org.junit.platform.engine.support.hierarchical.ThrowableCollector.execute(ThrowableCollector.java:73)
	org.junit.platform.engine.support.hierarchical.NodeTestTask.lambda$executeRecursively$7(NodeTestTask.java:125)
	org.junit.platform.engine.support.hierarchical.Node.around(Node.java:135)
	org.junit.platform.engine.support.hierarchical.NodeTestTask.lambda$executeRecursively$8(NodeTestTask.java:123)
	org.junit.platform.engine.support.hierarchical.ThrowableCollector.execute(ThrowableCollector.java:73)
	org.junit.platform.engine.support.hierarchical.NodeTestTask.executeRecursively(NodeTestTask.java:122)
	org.junit.platform.engine.support.hierarchical.NodeTestTask.execute(NodeTestTask.java:80)
	org.junit.platform.engine.support.hierarchical.SameThreadHierarchicalTestExecutorService.submit(SameThreadHierarchicalTestExecutorService.java:32)
	org.junit.platform.engine.support.hierarchical.HierarchicalTestExecutor.execute(HierarchicalTestExecutor.java:57)
	org.junit.platform.engine.support.hierarchical.HierarchicalTestEngine.execute(HierarchicalTestEngine.java:51)
	org.junit.platform.launcher.core.DefaultLauncher.execute(DefaultLauncher.java:248)
	org.junit.platform.launcher.core.DefaultLauncher.lambda$execute$5(DefaultLauncher.java:211)
	org.junit.platform.launcher.core.DefaultLauncher.withInterceptedStreams(DefaultLauncher.java:226)
	org.junit.platform.launcher.core.DefaultLauncher.execute(DefaultLauncher.java:199)
	org.junit.platform.launcher.core.DefaultLauncher.execute(DefaultLauncher.java:132)
	org.gradle.api.internal.tasks.testing.junitplatform.JUnitPlatformTestClassProcessor$CollectAllTestClassesExecutor.processAllTestClasses(JUnitPlatformTestClassProcessor.java:102)
	org.gradle.api.internal.tasks.testing.junitplatform.JUnitPlatformTestClassProcessor$CollectAllTestClassesExecutor.access$000(JUnitPlatformTestClassProcessor.java:82)
	org.gradle.api.internal.tasks.testing.junitplatform.JUnitPlatformTestClassProcessor.stop(JUnitPlatformTestClassProcessor.java:78)
	org.gradle.api.internal.tasks.testing.SuiteTestClassProcessor.stop(SuiteTestClassProcessor.java:61)
	sun.reflect.NativeMethodAccessorImpl.invoke0(Native Method)
	sun.reflect.NativeMethodAccessorImpl.invoke(NativeMethodAccessorImpl.java:62)
	sun.reflect.DelegatingMethodAccessorImpl.invoke(DelegatingMethodAccessorImpl.java:43)
	java.lang.reflect.Method.invoke(Method.java:498)
	org.gradle.internal.dispatch.ReflectionDispatch.dispatch(ReflectionDispatch.java:36)
	org.gradle.internal.dispatch.ReflectionDispatch.dispatch(ReflectionDispatch.java:24)
	org.gradle.internal.dispatch.ContextClassLoaderDispatch.dispatch(ContextClassLoaderDispatch.java:33)
	org.gradle.internal.dispatch.ProxyDispatchAdapter$DispatchingInvocationHandler.invoke(ProxyDispatchAdapter.java:94)
	com.sun.proxy.$Proxy2.stop(Unknown Source)
	org.gradle.api.internal.tasks.testing.worker.TestWorker.stop(TestWorker.java:132)
	sun.reflect.NativeMethodAccessorImpl.invoke0(Native Method)
	sun.reflect.NativeMethodAccessorImpl.invoke(NativeMethodAccessorImpl.java:62)
	sun.reflect.DelegatingMethodAccessorImpl.invoke(DelegatingMethodAccessorImpl.java:43)
	java.lang.reflect.Method.invoke(Method.java:498)
	org.gradle.internal.dispatch.ReflectionDispatch.dispatch(ReflectionDispatch.java:36)
	org.gradle.internal.dispatch.ReflectionDispatch.dispatch(ReflectionDispatch.java:24)
	org.gradle.internal.remote.internal.hub.MessageHubBackedObjectConnection$DispatchWrapper.dispatch(MessageHubBackedObjectConnection.java:182)
	org.gradle.internal.remote.internal.hub.MessageHubBackedObjectConnection$DispatchWrapper.dispatch(MessageHubBackedObjectConnection.java:164)
	org.gradle.internal.remote.internal.hub.MessageHub$Handler.run(MessageHub.java:412)
	org.gradle.internal.concurrent.ExecutorPolicy$CatchAndRecordFailures.onExecute(ExecutorPolicy.java:64)
	org.gradle.internal.concurrent.ManagedExecutorImpl$1.run(ManagedExecutorImpl.java:48)
	java.util.concurrent.ThreadPoolExecutor.runWorker(ThreadPoolExecutor.java:1149)
	java.util.concurrent.ThreadPoolExecutor$Worker.run(ThreadPoolExecutor.java:624)
	org.gradle.internal.concurrent.ThreadFactoryImpl$ManagedThreadRunnable.run(ThreadFactoryImpl.java:56)
	java.lang.Thread.run(Thread.java:748)
Created at:
	io.netty.buffer.PooledByteBufAllocator.newDirectBuffer(PooledByteBufAllocator.java:363)
	io.netty.buffer.AbstractByteBufAllocator.directBuffer(AbstractByteBufAllocator.java:187)
	io.netty.buffer.AbstractByteBufAllocator.directBuffer(AbstractByteBufAllocator.java:178)
	io.netty.buffer.AbstractByteBufAllocator.buffer(AbstractByteBufAllocator.java:115)
	org.springframework.core.io.buffer.NettyDataBufferFactory.allocateBuffer(NettyDataBufferFactory.java:71)
	org.springframework.core.io.buffer.NettyDataBufferFactory.allocateBuffer(NettyDataBufferFactory.java:39)
	org.springframework.core.codec.CharSequenceEncoder.encodeValue(CharSequenceEncoder.java:91)
	org.springframework.core.codec.CharSequenceEncoder.encodeValue(CharSequenceEncoder.java:47)
	org.springframework.messaging.rsocket.MetadataEncoder.encodeEntry(MetadataEncoder.java:240)
	org.springframework.messaging.rsocket.MetadataEncoder.encodeEntries(MetadataEncoder.java:209)
	org.springframework.messaging.rsocket.MetadataEncoder.lambda$encode$1(MetadataEncoder.java:180)
	reactor.core.publisher.MonoCallable.subscribe(MonoCallable.java:56)
	reactor.core.publisher.Mono.subscribe(Mono.java:4208)
	reactor.core.publisher.MonoZip.subscribe(MonoZip.java:128)
	reactor.core.publisher.Mono.subscribe(Mono.java:4208)
	reactor.core.publisher.Mono.block(Mono.java:1699)
	org.springframework.messaging.rsocket.DefaultRSocketRequesterTests.testSendMono(DefaultRSocketRequesterTests.java:95)
	org.springframework.messaging.rsocket.DefaultRSocketRequesterTests.sendMono(DefaultRSocketRequesterTests.java:90)
	sun.reflect.NativeMethodAccessorImpl.invoke0(Native Method)
	sun.reflect.NativeMethodAccessorImpl.invoke(NativeMethodAccessorImpl.java:62)
	sun.reflect.DelegatingMethodAccessorImpl.invoke(DelegatingMethodAccessorImpl.java:43)
	java.lang.reflect.Method.invoke(Method.java:498)
	org.junit.platform.commons.util.ReflectionUtils.invokeMethod(ReflectionUtils.java:686)
	org.junit.jupiter.engine.execution.MethodInvocation.proceed(MethodInvocation.java:60)
	org.junit.jupiter.engine.execution.InvocationInterceptorChain$ValidatingInvocation.proceed(InvocationInterceptorChain.java:131)
	org.junit.jupiter.engine.extension.TimeoutExtension.intercept(TimeoutExtension.java:149)
	org.junit.jupiter.engine.extension.TimeoutExtension.interceptTestableMethod(TimeoutExtension.java:140)
	org.junit.jupiter.engine.extension.TimeoutExtension.interceptTestMethod(TimeoutExtension.java:84)
	org.junit.jupiter.engine.execution.ExecutableInvoker$ReflectiveInterceptorCall.lambda$ofVoidMethod$0(ExecutableInvoker.java:115)
	org.junit.jupiter.engine.execution.ExecutableInvoker.lambda$invoke$0(ExecutableInvoker.java:105)
	org.junit.jupiter.engine.execution.InvocationInterceptorChain$InterceptedInvocation.proceed(InvocationInterceptorChain.java:106)
	org.junit.jupiter.engine.execution.InvocationInterceptorChain.proceed(InvocationInterceptorChain.java:64)
	org.junit.jupiter.engine.execution.InvocationInterceptorChain.chainAndInvoke(InvocationInterceptorChain.java:45)
	org.junit.jupiter.engine.execution.InvocationInterceptorChain.invoke(InvocationInterceptorChain.java:37)
	org.junit.jupiter.engine.execution.ExecutableInvoker.invoke(ExecutableInvoker.java:104)
	org.junit.jupiter.engine.execution.ExecutableInvoker.invoke(ExecutableInvoker.java:98)
	org.junit.jupiter.engine.descriptor.TestMethodTestDescriptor.lambda$invokeTestMethod$6(TestMethodTestDescriptor.java:212)
	org.junit.platform.engine.support.hierarchical.ThrowableCollector.execute(ThrowableCollector.java:73)
	org.junit.jupiter.engine.descriptor.TestMethodTestDescriptor.invokeTestMethod(TestMethodTestDescriptor.java:208)
	org.junit.jupiter.engine.descriptor.TestMethodTestDescriptor.execute(TestMethodTestDescriptor.java:137)
	org.junit.jupiter.engine.descriptor.TestMethodTestDescriptor.execute(TestMethodTestDescriptor.java:71)
	org.junit.platform.engine.support.hierarchical.NodeTestTask.lambda$executeRecursively$5(NodeTestTask.java:135)
	org.junit.platform.engine.support.hierarchical.ThrowableCollector.execute(ThrowableCollector.java:73)
	org.junit.platform.engine.support.hierarchical.NodeTestTask.lambda$executeRecursively$7(NodeTestTask.java:125)
	org.junit.platform.engine.support.hierarchical.Node.around(Node.java:135)
	org.junit.platform.engine.support.hierarchical.NodeTestTask.lambda$executeRecursively$8(NodeTestTask.java:123)
	org.junit.platform.engine.support.hierarchical.ThrowableCollector.execute(ThrowableCollector.java:73)
	org.junit.platform.engine.support.hierarchical.NodeTestTask.executeRecursively(NodeTestTask.java:122)
	org.junit.platform.engine.support.hierarchical.NodeTestTask.execute(NodeTestTask.java:80)
	java.util.ArrayList.forEach(ArrayList.java:1257)
	org.junit.platform.engine.support.hierarchical.SameThreadHierarchicalTestExecutorService.invokeAll(SameThreadHierarchicalTestExecutorService.java:38)
	org.junit.platform.engine.support.hierarchical.NodeTestTask.lambda$executeRecursively$5(NodeTestTask.java:139)
	org.junit.platform.engine.support.hierarchical.ThrowableCollector.execute(ThrowableCollector.java:73)
	org.junit.platform.engine.support.hierarchical.NodeTestTask.lambda$executeRecursively$7(NodeTestTask.java:125)
	org.junit.platform.engine.support.hierarchical.Node.around(Node.java:135)
	org.junit.platform.engine.support.hierarchical.NodeTestTask.lambda$executeRecursively$8(NodeTestTask.java:123)
	org.junit.platform.engine.support.hierarchical.ThrowableCollector.execute(ThrowableCollector.java:73)
	org.junit.platform.engine.support.hierarchical.NodeTestTask.executeRecursively(NodeTestTask.java:122)
	org.junit.platform.engine.support.hierarchical.NodeTestTask.execute(NodeTestTask.java:80)
	java.util.ArrayList.forEach(ArrayList.java:1257)
	org.junit.platform.engine.support.hierarchical.SameThreadHierarchicalTestExecutorService.invokeAll(SameThreadHierarchicalTestExecutorService.java:38)
	org.junit.platform.engine.support.hierarchical.NodeTestTask.lambda$executeRecursively$5(NodeTestTask.java:139)
	org.junit.platform.engine.support.hierarchical.ThrowableCollector.execute(ThrowableCollector.java:73)
	org.junit.platform.engine.support.hierarchical.NodeTestTask.lambda$executeRecursively$7(NodeTestTask.java:125)
	org.junit.platform.engine.support.hierarchical.Node.around(Node.java:135)
	org.junit.platform.engine.support.hierarchical.NodeTestTask.lambda$executeRecursively$8(NodeTestTask.java:123)
	org.junit.platform.engine.support.hierarchical.ThrowableCollector.execute(ThrowableCollector.java:73)
	org.junit.platform.engine.support.hierarchical.NodeTestTask.executeRecursively(NodeTestTask.java:122)
	org.junit.platform.engine.support.hierarchical.NodeTestTask.execute(NodeTestTask.java:80)
	org.junit.platform.engine.support.hierarchical.SameThreadHierarchicalTestExecutorService.submit(SameThreadHierarchicalTestExecutorService.java:32)
	org.junit.platform.engine.support.hierarchical.HierarchicalTestExecutor.execute(HierarchicalTestExecutor.java:57)
	org.junit.platform.engine.support.hierarchical.HierarchicalTestEngine.execute(HierarchicalTestEngine.java:51)
	org.junit.platform.launcher.core.DefaultLauncher.execute(DefaultLauncher.java:248)
	org.junit.platform.launcher.core.DefaultLauncher.lambda$execute$5(DefaultLauncher.java:211)
	org.junit.platform.launcher.core.DefaultLauncher.withInterceptedStreams(DefaultLauncher.java:226)
	org.junit.platform.launcher.core.DefaultLauncher.execute(DefaultLauncher.java:199)
	org.junit.platform.launcher.core.DefaultLauncher.execute(DefaultLauncher.java:132)
	org.gradle.api.internal.tasks.testing.junitplatform.JUnitPlatformTestClassProcessor$CollectAllTestClassesExecutor.processAllTestClasses(JUnitPlatformTestClassProcessor.java:102)
	org.gradle.api.internal.tasks.testing.junitplatform.JUnitPlatformTestClassProcessor$CollectAllTestClassesExecutor.access$000(JUnitPlatformTestClassProcessor.java:82)
	org.gradle.api.internal.tasks.testing.junitplatform.JUnitPlatformTestClassProcessor.stop(JUnitPlatformTestClassProcessor.java:78)
	org.gradle.api.internal.tasks.testing.SuiteTestClassProcessor.stop(SuiteTestClassProcessor.java:61)
	sun.reflect.NativeMethodAccessorImpl.invoke0(Native Method)
	sun.reflect.NativeMethodAccessorImpl.invoke(NativeMethodAccessorImpl.java:62)
	sun.reflect.DelegatingMethodAccessorImpl.invoke(DelegatingMethodAccessorImpl.java:43)
	java.lang.reflect.Method.invoke(Method.java:498)
	org.gradle.internal.dispatch.ReflectionDispatch.dispatch(ReflectionDispatch.java:36)
	org.gradle.internal.dispatch.ReflectionDispatch.dispatch(ReflectionDispatch.java:24)
	org.gradle.internal.dispatch.ContextClassLoaderDispatch.dispatch(ContextClassLoaderDispatch.java:33)
	org.gradle.internal.dispatch.ProxyDispatchAdapter$DispatchingInvocationHandler.invoke(ProxyDispatchAdapter.java:94)
	com.sun.proxy.$Proxy2.stop(Unknown Source)
	org.gradle.api.internal.tasks.testing.worker.TestWorker.stop(TestWorker.java:132)
	sun.reflect.NativeMethodAccessorImpl.invoke0(Native Method)
	sun.reflect.NativeMethodAccessorImpl.invoke(NativeMethodAccessorImpl.java:62)
	sun.reflect.DelegatingMethodAccessorImpl.invoke(DelegatingMethodAccessorImpl.java:43)
	java.lang.reflect.Method.invoke(Method.java:498)
	org.gradle.internal.dispatch.ReflectionDispatch.dispatch(ReflectionDispatch.java:36)
	org.gradle.internal.dispatch.ReflectionDispatch.dispatch(ReflectionDispatch.java:24)
	org.gradle.internal.remote.internal.hub.MessageHubBackedObjectConnection$DispatchWrapper.dispatch(MessageHubBackedObjectConnection.java:182)
	org.gradle.internal.remote.internal.hub.MessageHubBackedObjectConnection$DispatchWrapper.dispatch(MessageHubBackedObjectConnection.java:164)
	org.gradle.internal.remote.internal.hub.MessageHub$Handler.run(MessageHub.java:412)
	org.gradle.internal.concurrent.ExecutorPolicy$CatchAndRecordFailures.onExecute(ExecutorPolicy.java:64)
	org.gradle.internal.concurrent.ManagedExecutorImpl$1.run(ManagedExecutorImpl.java:48)
	java.util.concurrent.ThreadPoolExecutor.runWorker(ThreadPoolExecutor.java:1149)
	java.util.concurrent.ThreadPoolExecutor$Worker.run(ThreadPoolExecutor.java:624)
	org.gradle.internal.concurrent.ThreadFactoryImpl$ManagedThreadRunnable.run(ThreadFactoryImpl.java:56)
	java.lang.Thread.run(Thread.java:748)
22:22:58.819 [Test worker] ERROR i.n.u.ResourceLeakDetector - LEAK: ByteBuf.release() was not called before it's garbage-collected. See https://netty.io/wiki/reference-counted-objects.html for more information.
Recent access records: 
Created at:
	io.netty.buffer.PooledByteBufAllocator.newDirectBuffer(PooledByteBufAllocator.java:363)
	io.netty.buffer.AbstractByteBufAllocator.directBuffer(AbstractByteBufAllocator.java:187)
	io.netty.buffer.AbstractByteBufAllocator.directBuffer(AbstractByteBufAllocator.java:178)
	io.netty.buffer.AbstractByteBufAllocator.buffer(AbstractByteBufAllocator.java:115)
	org.springframework.core.io.buffer.NettyDataBufferFactory.allocateBuffer(NettyDataBufferFactory.java:71)
	org.springframework.core.io.buffer.NettyDataBufferFactory.allocateBuffer(NettyDataBufferFactory.java:39)
	org.springframework.core.codec.CharSequenceEncoder.encodeValue(CharSequenceEncoder.java:91)
	org.springframework.core.codec.CharSequenceEncoder.encodeValue(CharSequenceEncoder.java:47)
	org.springframework.messaging.rsocket.MetadataEncoder.encodeEntry(MetadataEncoder.java:240)
	org.springframework.messaging.rsocket.MetadataEncoder.encodeEntries(MetadataEncoder.java:209)
	org.springframework.messaging.rsocket.MetadataEncoder.lambda$encode$1(MetadataEncoder.java:180)
	reactor.core.publisher.MonoCallable.subscribe(MonoCallable.java:56)
	reactor.core.publisher.Mono.subscribe(Mono.java:4208)
	reactor.core.publisher.MonoZip.subscribe(MonoZip.java:128)
	reactor.core.publisher.Mono.subscribe(Mono.java:4208)
	reactor.test.DefaultStepVerifierBuilder$DefaultStepVerifier.toVerifierAndSubscribe(DefaultStepVerifierBuilder.java:868)
	reactor.test.DefaultStepVerifierBuilder$DefaultStepVerifier.verify(DefaultStepVerifierBuilder.java:824)
	org.springframework.messaging.rsocket.DefaultRSocketRequesterTests.retrieveMono(DefaultRSocketRequesterTests.java:184)
	sun.reflect.NativeMethodAccessorImpl.invoke0(Native Method)
	sun.reflect.NativeMethodAccessorImpl.invoke(NativeMethodAccessorImpl.java:62)
	sun.reflect.DelegatingMethodAccessorImpl.invoke(DelegatingMethodAccessorImpl.java:43)
	java.lang.reflect.Method.invoke(Method.java:498)
	org.junit.platform.commons.util.ReflectionUtils.invokeMethod(ReflectionUtils.java:686)
	org.junit.jupiter.engine.execution.MethodInvocation.proceed(MethodInvocation.java:60)
	org.junit.jupiter.engine.execution.InvocationInterceptorChain$ValidatingInvocation.proceed(InvocationInterceptorChain.java:131)
	org.junit.jupiter.engine.extension.TimeoutExtension.intercept(TimeoutExtension.java:149)
	org.junit.jupiter.engine.extension.TimeoutExtension.interceptTestableMethod(TimeoutExtension.java:140)
	org.junit.jupiter.engine.extension.TimeoutExtension.interceptTestMethod(TimeoutExtension.java:84)
	org.junit.jupiter.engine.execution.ExecutableInvoker$ReflectiveInterceptorCall.lambda$ofVoidMethod$0(ExecutableInvoker.java:115)
	org.junit.jupiter.engine.execution.ExecutableInvoker.lambda$invoke$0(ExecutableInvoker.java:105)
	org.junit.jupiter.engine.execution.InvocationInterceptorChain$InterceptedInvocation.proceed(InvocationInterceptorChain.java:106)
	org.junit.jupiter.engine.execution.InvocationInterceptorChain.proceed(InvocationInterceptorChain.java:64)
	org.junit.jupiter.engine.execution.InvocationInterceptorChain.chainAndInvoke(InvocationInterceptorChain.java:45)
	org.junit.jupiter.engine.execution.InvocationInterceptorChain.invoke(InvocationInterceptorChain.java:37)
	org.junit.jupiter.engine.execution.ExecutableInvoker.invoke(ExecutableInvoker.java:104)
	org.junit.jupiter.engine.execution.ExecutableInvoker.invoke(ExecutableInvoker.java:98)
	org.junit.jupiter.engine.descriptor.TestMethodTestDescriptor.lambda$invokeTestMethod$6(TestMethodTestDescriptor.java:212)
	org.junit.platform.engine.support.hierarchical.ThrowableCollector.execute(ThrowableCollector.java:73)
	org.junit.jupiter.engine.descriptor.TestMethodTestDescriptor.invokeTestMethod(TestMethodTestDescriptor.java:208)
	org.junit.jupiter.engine.descriptor.TestMethodTestDescriptor.execute(TestMethodTestDescriptor.java:137)
	org.junit.jupiter.engine.descriptor.TestMethodTestDescriptor.execute(TestMethodTestDescriptor.java:71)
	org.junit.platform.engine.support.hierarchical.NodeTestTask.lambda$executeRecursively$5(NodeTestTask.java:135)
	org.junit.platform.engine.support.hierarchical.ThrowableCollector.execute(ThrowableCollector.java:73)
	org.junit.platform.engine.support.hierarchical.NodeTestTask.lambda$executeRecursively$7(NodeTestTask.java:125)
	org.junit.platform.engine.support.hierarchical.Node.around(Node.java:135)
	org.junit.platform.engine.support.hierarchical.NodeTestTask.lambda$executeRecursively$8(NodeTestTask.java:123)
	org.junit.platform.engine.support.hierarchical.ThrowableCollector.execute(ThrowableCollector.java:73)
	org.junit.platform.engine.support.hierarchical.NodeTestTask.executeRecursively(NodeTestTask.java:122)
	org.junit.platform.engine.support.hierarchical.NodeTestTask.execute(NodeTestTask.java:80)
	java.util.ArrayList.forEach(ArrayList.java:1257)
	org.junit.platform.engine.support.hierarchical.SameThreadHierarchicalTestExecutorService.invokeAll(SameThreadHierarchicalTestExecutorService.java:38)
	org.junit.platform.engine.support.hierarchical.NodeTestTask.lambda$executeRecursively$5(NodeTestTask.java:139)
	org.junit.platform.engine.support.hierarchical.ThrowableCollector.execute(ThrowableCollector.java:73)
	org.junit.platform.engine.support.hierarchical.NodeTestTask.lambda$executeRecursively$7(NodeTestTask.java:125)
	org.junit.platform.engine.support.hierarchical.Node.around(Node.java:135)
	org.junit.platform.engine.support.hierarchical.NodeTestTask.lambda$executeRecursively$8(NodeTestTask.java:123)
	org.junit.platform.engine.support.hierarchical.ThrowableCollector.execute(ThrowableCollector.java:73)
	org.junit.platform.engine.support.hierarchical.NodeTestTask.executeRecursively(NodeTestTask.java:122)
	org.junit.platform.engine.support.hierarchical.NodeTestTask.execute(NodeTestTask.java:80)
	java.util.ArrayList.forEach(ArrayList.java:1257)
	org.junit.platform.engine.support.hierarchical.SameThreadHierarchicalTestExecutorService.invokeAll(SameThreadHierarchicalTestExecutorService.java:38)
	org.junit.platform.engine.support.hierarchical.NodeTestTask.lambda$executeRecursively$5(NodeTestTask.java:139)
	org.junit.platform.engine.support.hierarchical.ThrowableCollector.execute(ThrowableCollector.java:73)
	org.junit.platform.engine.support.hierarchical.NodeTestTask.lambda$executeRecursively$7(NodeTestTask.java:125)
	org.junit.platform.engine.support.hierarchical.Node.around(Node.java:135)
	org.junit.platform.engine.support.hierarchical.NodeTestTask.lambda$executeRecursively$8(NodeTestTask.java:123)
	org.junit.platform.engine.support.hierarchical.ThrowableCollector.execute(ThrowableCollector.java:73)
	org.junit.platform.engine.support.hierarchical.NodeTestTask.executeRecursively(NodeTestTask.java:122)
	org.junit.platform.engine.support.hierarchical.NodeTestTask.execute(NodeTestTask.java:80)
	org.junit.platform.engine.support.hierarchical.SameThreadHierarchicalTestExecutorService.submit(SameThreadHierarchicalTestExecutorService.java:32)
	org.junit.platform.engine.support.hierarchical.HierarchicalTestExecutor.execute(HierarchicalTestExecutor.java:57)
	org.junit.platform.engine.support.hierarchical.HierarchicalTestEngine.execute(HierarchicalTestEngine.java:51)
	org.junit.platform.launcher.core.DefaultLauncher.execute(DefaultLauncher.java:248)
	org.junit.platform.launcher.core.DefaultLauncher.lambda$execute$5(DefaultLauncher.java:211)
	org.junit.platform.launcher.core.DefaultLauncher.withInterceptedStreams(DefaultLauncher.java:226)
	org.junit.platform.launcher.core.DefaultLauncher.execute(DefaultLauncher.java:199)
	org.junit.platform.launcher.core.DefaultLauncher.execute(DefaultLauncher.java:132)
	org.gradle.api.internal.tasks.testing.junitplatform.JUnitPlatformTestClassProcessor$CollectAllTestClassesExecutor.processAllTestClasses(JUnitPlatformTestClassProcessor.java:102)
	org.gradle.api.internal.tasks.testing.junitplatform.JUnitPlatformTestClassProcessor$CollectAllTestClassesExecutor.access$000(JUnitPlatformTestClassProcessor.java:82)
	org.gradle.api.internal.tasks.testing.junitplatform.JUnitPlatformTestClassProcessor.stop(JUnitPlatformTestClassProcessor.java:78)
	org.gradle.api.internal.tasks.testing.SuiteTestClassProcessor.stop(SuiteTestClassProcessor.java:61)
	sun.reflect.NativeMethodAccessorImpl.invoke0(Native Method)
	sun.reflect.NativeMethodAccessorImpl.invoke(NativeMethodAccessorImpl.java:62)
	sun.reflect.DelegatingMethodAccessorImpl.invoke(DelegatingMethodAccessorImpl.java:43)
	java.lang.reflect.Method.invoke(Method.java:498)
	org.gradle.internal.dispatch.ReflectionDispatch.dispatch(ReflectionDispatch.java:36)
	org.gradle.internal.dispatch.ReflectionDispatch.dispatch(ReflectionDispatch.java:24)
	org.gradle.internal.dispatch.ContextClassLoaderDispatch.dispatch(ContextClassLoaderDispatch.java:33)
	org.gradle.internal.dispatch.ProxyDispatchAdapter$DispatchingInvocationHandler.invoke(ProxyDispatchAdapter.java:94)
	com.sun.proxy.$Proxy2.stop(Unknown Source)
	org.gradle.api.internal.tasks.testing.worker.TestWorker.stop(TestWorker.java:132)
	sun.reflect.NativeMethodAccessorImpl.invoke0(Native Method)
	sun.reflect.NativeMethodAccessorImpl.invoke(NativeMethodAccessorImpl.java:62)
	sun.reflect.DelegatingMethodAccessorImpl.invoke(DelegatingMethodAccessorImpl.java:43)
	java.lang.reflect.Method.invoke(Method.java:498)
	org.gradle.internal.dispatch.ReflectionDispatch.dispatch(ReflectionDispatch.java:36)
	org.gradle.internal.dispatch.ReflectionDispatch.dispatch(ReflectionDispatch.java:24)
	org.gradle.internal.remote.internal.hub.MessageHubBackedObjectConnection$DispatchWrapper.dispatch(MessageHubBackedObjectConnection.java:182)
	org.gradle.internal.remote.internal.hub.MessageHubBackedObjectConnection$DispatchWrapper.dispatch(MessageHubBackedObjectConnection.java:164)
	org.gradle.internal.remote.internal.hub.MessageHub$Handler.run(MessageHub.java:412)
	org.gradle.internal.concurrent.ExecutorPolicy$CatchAndRecordFailures.onExecute(ExecutorPolicy.java:64)
	org.gradle.internal.concurrent.ManagedExecutorImpl$1.run(ManagedExecutorImpl.java:48)
	java.util.concurrent.ThreadPoolExecutor.runWorker(ThreadPoolExecutor.java:1149)
	java.util.concurrent.ThreadPoolExecutor$Worker.run(ThreadPoolExecutor.java:624)
	org.gradle.internal.concurrent.ThreadFactoryImpl$ManagedThreadRunnable.run(ThreadFactoryImpl.java:56)
	java.lang.Thread.run(Thread.java:748)
22:22:58.822 [Test worker] ERROR i.n.u.ResourceLeakDetector - LEAK: ByteBuf.release() was not called before it's garbage-collected. See https://netty.io/wiki/reference-counted-objects.html for more information.
Recent access records: 
Created at:
	io.netty.buffer.PooledByteBufAllocator.newDirectBuffer(PooledByteBufAllocator.java:363)
	io.netty.buffer.AbstractByteBufAllocator.directBuffer(AbstractByteBufAllocator.java:187)
	io.netty.buffer.AbstractByteBufAllocator.directBuffer(AbstractByteBufAllocator.java:178)
	io.netty.buffer.AbstractByteBufAllocator.buffer(AbstractByteBufAllocator.java:115)
	org.springframework.core.io.buffer.NettyDataBufferFactory.allocateBuffer(NettyDataBufferFactory.java:71)
	org.springframework.core.io.buffer.NettyDataBufferFactory.allocateBuffer(NettyDataBufferFactory.java:39)
	org.springframework.core.codec.CharSequenceEncoder.encodeValue(CharSequenceEncoder.java:91)
	org.springframework.core.codec.CharSequenceEncoder.encodeValue(CharSequenceEncoder.java:47)
	org.springframework.messaging.rsocket.DefaultRSocketRequester$DefaultRequestSpec.encodeData(DefaultRSocketRequester.java:236)
	org.springframework.messaging.rsocket.DefaultRSocketRequester$DefaultRequestSpec.lambda$createPayload$0(DefaultRSocketRequester.java:190)
	reactor.core.publisher.MonoCallable.subscribe(MonoCallable.java:56)
	reactor.core.publisher.Mono.subscribe(Mono.java:4208)
	reactor.core.publisher.MonoZip.subscribe(MonoZip.java:128)
	reactor.core.publisher.Mono.subscribe(Mono.java:4208)
	reactor.core.publisher.Mono.block(Mono.java:1699)
	org.springframework.messaging.rsocket.DefaultRSocketRequesterTests.retrieveMonoVoid(DefaultRSocketRequesterTests.java:193)
	sun.reflect.NativeMethodAccessorImpl.invoke0(Native Method)
	sun.reflect.NativeMethodAccessorImpl.invoke(NativeMethodAccessorImpl.java:62)
	sun.reflect.DelegatingMethodAccessorImpl.invoke(DelegatingMethodAccessorImpl.java:43)
	java.lang.reflect.Method.invoke(Method.java:498)
	org.junit.platform.commons.util.ReflectionUtils.invokeMethod(ReflectionUtils.java:686)
	org.junit.jupiter.engine.execution.MethodInvocation.proceed(MethodInvocation.java:60)
	org.junit.jupiter.engine.execution.InvocationInterceptorChain$ValidatingInvocation.proceed(InvocationInterceptorChain.java:131)
	org.junit.jupiter.engine.extension.TimeoutExtension.intercept(TimeoutExtension.java:149)
	org.junit.jupiter.engine.extension.TimeoutExtension.interceptTestableMethod(TimeoutExtension.java:140)
	org.junit.jupiter.engine.extension.TimeoutExtension.interceptTestMethod(TimeoutExtension.java:84)
	org.junit.jupiter.engine.execution.ExecutableInvoker$ReflectiveInterceptorCall.lambda$ofVoidMethod$0(ExecutableInvoker.java:115)
	org.junit.jupiter.engine.execution.ExecutableInvoker.lambda$invoke$0(ExecutableInvoker.java:105)
	org.junit.jupiter.engine.execution.InvocationInterceptorChain$InterceptedInvocation.proceed(InvocationInterceptorChain.java:106)
	org.junit.jupiter.engine.execution.InvocationInterceptorChain.proceed(InvocationInterceptorChain.java:64)
	org.junit.jupiter.engine.execution.InvocationInterceptorChain.chainAndInvoke(InvocationInterceptorChain.java:45)
	org.junit.jupiter.engine.execution.InvocationInterceptorChain.invoke(InvocationInterceptorChain.java:37)
	org.junit.jupiter.engine.execution.ExecutableInvoker.invoke(ExecutableInvoker.java:104)
	org.junit.jupiter.engine.execution.ExecutableInvoker.invoke(ExecutableInvoker.java:98)
	org.junit.jupiter.engine.descriptor.TestMethodTestDescriptor.lambda$invokeTestMethod$6(TestMethodTestDescriptor.java:212)
	org.junit.platform.engine.support.hierarchical.ThrowableCollector.execute(ThrowableCollector.java:73)
	org.junit.jupiter.engine.descriptor.TestMethodTestDescriptor.invokeTestMethod(TestMethodTestDescriptor.java:208)
	org.junit.jupiter.engine.descriptor.TestMethodTestDescriptor.execute(TestMethodTestDescriptor.java:137)
	org.junit.jupiter.engine.descriptor.TestMethodTestDescriptor.execute(TestMethodTestDescriptor.java:71)
	org.junit.platform.engine.support.hierarchical.NodeTestTask.lambda$executeRecursively$5(NodeTestTask.java:135)
	org.junit.platform.engine.support.hierarchical.ThrowableCollector.execute(ThrowableCollector.java:73)
	org.junit.platform.engine.support.hierarchical.NodeTestTask.lambda$executeRecursively$7(NodeTestTask.java:125)
	org.junit.platform.engine.support.hierarchical.Node.around(Node.java:135)
	org.junit.platform.engine.support.hierarchical.NodeTestTask.lambda$executeRecursively$8(NodeTestTask.java:123)
	org.junit.platform.engine.support.hierarchical.ThrowableCollector.execute(ThrowableCollector.java:73)
	org.junit.platform.engine.support.hierarchical.NodeTestTask.executeRecursively(NodeTestTask.java:122)
	org.junit.platform.engine.support.hierarchical.NodeTestTask.execute(NodeTestTask.java:80)
	java.util.ArrayList.forEach(ArrayList.java:1257)
	org.junit.platform.engine.support.hierarchical.SameThreadHierarchicalTestExecutorService.invokeAll(SameThreadHierarchicalTestExecutorService.java:38)
	org.junit.platform.engine.support.hierarchical.NodeTestTask.lambda$executeRecursively$5(NodeTestTask.java:139)
	org.junit.platform.engine.support.hierarchical.ThrowableCollector.execute(ThrowableCollector.java:73)
	org.junit.platform.engine.support.hierarchical.NodeTestTask.lambda$executeRecursively$7(NodeTestTask.java:125)
	org.junit.platform.engine.support.hierarchical.Node.around(Node.java:135)
	org.junit.platform.engine.support.hierarchical.NodeTestTask.lambda$executeRecursively$8(NodeTestTask.java:123)
	org.junit.platform.engine.support.hierarchical.ThrowableCollector.execute(ThrowableCollector.java:73)
	org.junit.platform.engine.support.hierarchical.NodeTestTask.executeRecursively(NodeTestTask.java:122)
	org.junit.platform.engine.support.hierarchical.NodeTestTask.execute(NodeTestTask.java:80)
	java.util.ArrayList.forEach(ArrayList.java:1257)
	org.junit.platform.engine.support.hierarchical.SameThreadHierarchicalTestExecutorService.invokeAll(SameThreadHierarchicalTestExecutorService.java:38)
	org.junit.platform.engine.support.hierarchical.NodeTestTask.lambda$executeRecursively$5(NodeTestTask.java:139)
	org.junit.platform.engine.support.hierarchical.ThrowableCollector.execute(ThrowableCollector.java:73)
	org.junit.platform.engine.support.hierarchical.NodeTestTask.lambda$executeRecursively$7(NodeTestTask.java:125)
	org.junit.platform.engine.support.hierarchical.Node.around(Node.java:135)
	org.junit.platform.engine.support.hierarchical.NodeTestTask.lambda$executeRecursively$8(NodeTestTask.java:123)
	org.junit.platform.engine.support.hierarchical.ThrowableCollector.execute(ThrowableCollector.java:73)
	org.junit.platform.engine.support.hierarchical.NodeTestTask.executeRecursively(NodeTestTask.java:122)
	org.junit.platform.engine.support.hierarchical.NodeTestTask.execute(NodeTestTask.java:80)
	org.junit.platform.engine.support.hierarchical.SameThreadHierarchicalTestExecutorService.submit(SameThreadHierarchicalTestExecutorService.java:32)
	org.junit.platform.engine.support.hierarchical.HierarchicalTestExecutor.execute(HierarchicalTestExecutor.java:57)
	org.junit.platform.engine.support.hierarchical.HierarchicalTestEngine.execute(HierarchicalTestEngine.java:51)
	org.junit.platform.launcher.core.DefaultLauncher.execute(DefaultLauncher.java:248)
	org.junit.platform.launcher.core.DefaultLauncher.lambda$execute$5(DefaultLauncher.java:211)
	org.junit.platform.launcher.core.DefaultLauncher.withInterceptedStreams(DefaultLauncher.java:226)
	org.junit.platform.launcher.core.DefaultLauncher.execute(DefaultLauncher.java:199)
	org.junit.platform.launcher.core.DefaultLauncher.execute(DefaultLauncher.java:132)
	org.gradle.api.internal.tasks.testing.junitplatform.JUnitPlatformTestClassProcessor$CollectAllTestClassesExecutor.processAllTestClasses(JUnitPlatformTestClassProcessor.java:102)
	org.gradle.api.internal.tasks.testing.junitplatform.JUnitPlatformTestClassProcessor$CollectAllTestClassesExecutor.access$000(JUnitPlatformTestClassProcessor.java:82)
	org.gradle.api.internal.tasks.testing.junitplatform.JUnitPlatformTestClassProcessor.stop(JUnitPlatformTestClassProcessor.java:78)
	org.gradle.api.internal.tasks.testing.SuiteTestClassProcessor.stop(SuiteTestClassProcessor.java:61)
	sun.reflect.NativeMethodAccessorImpl.invoke0(Native Method)
	sun.reflect.NativeMethodAccessorImpl.invoke(NativeMethodAccessorImpl.java:62)
	sun.reflect.DelegatingMethodAccessorImpl.invoke(DelegatingMethodAccessorImpl.java:43)
	java.lang.reflect.Method.invoke(Method.java:498)
	org.gradle.internal.dispatch.ReflectionDispatch.dispatch(ReflectionDispatch.java:36)
	org.gradle.internal.dispatch.ReflectionDispatch.dispatch(ReflectionDispatch.java:24)
	org.gradle.internal.dispatch.ContextClassLoaderDispatch.dispatch(ContextClassLoaderDispatch.java:33)
	org.gradle.internal.dispatch.ProxyDispatchAdapter$DispatchingInvocationHandler.invoke(ProxyDispatchAdapter.java:94)
	com.sun.proxy.$Proxy2.stop(Unknown Source)
	org.gradle.api.internal.tasks.testing.worker.TestWorker.stop(TestWorker.java:132)
	sun.reflect.NativeMethodAccessorImpl.invoke0(Native Method)
	sun.reflect.NativeMethodAccessorImpl.invoke(NativeMethodAccessorImpl.java:62)
	sun.reflect.DelegatingMethodAccessorImpl.invoke(DelegatingMethodAccessorImpl.java:43)
	java.lang.reflect.Method.invoke(Method.java:498)
	org.gradle.internal.dispatch.ReflectionDispatch.dispatch(ReflectionDispatch.java:36)
	org.gradle.internal.dispatch.ReflectionDispatch.dispatch(ReflectionDispatch.java:24)
	org.gradle.internal.remote.internal.hub.MessageHubBackedObjectConnection$DispatchWrapper.dispatch(MessageHubBackedObjectConnection.java:182)
	org.gradle.internal.remote.internal.hub.MessageHubBackedObjectConnection$DispatchWrapper.dispatch(MessageHubBackedObjectConnection.java:164)
	org.gradle.internal.remote.internal.hub.MessageHub$Handler.run(MessageHub.java:412)
	org.gradle.internal.concurrent.ExecutorPolicy$CatchAndRecordFailures.onExecute(ExecutorPolicy.java:64)
	org.gradle.internal.concurrent.ManagedExecutorImpl$1.run(ManagedExecutorImpl.java:48)
	java.util.concurrent.ThreadPoolExecutor.runWorker(ThreadPoolExecutor.java:1149)
	java.util.concurrent.ThreadPoolExecutor$Worker.run(ThreadPoolExecutor.java:624)
	org.gradle.internal.concurrent.ThreadFactoryImpl$ManagedThreadRunnable.run(ThreadFactoryImpl.java:56)
	java.lang.Thread.run(Thread.java:748)
22:22:58.831 [Test worker] ERROR i.n.u.ResourceLeakDetector - LEAK: ByteBuf.release() was not called before it's garbage-collected. See https://netty.io/wiki/reference-counted-objects.html for more information.
Recent access records: 
#1:
	io.netty.buffer.AdvancedLeakAwareByteBuf.toString(AdvancedLeakAwareByteBuf.java:742)
	io.rsocket.Payload.getMetadataUtf8(Payload.java:98)
	org.springframework.messaging.rsocket.DefaultRSocketRequesterTests.retrieveMonoWithoutData(DefaultRSocketRequesterTests.java:204)
	sun.reflect.NativeMethodAccessorImpl.invoke0(Native Method)
	sun.reflect.NativeMethodAccessorImpl.invoke(NativeMethodAccessorImpl.java:62)
	sun.reflect.DelegatingMethodAccessorImpl.invoke(DelegatingMethodAccessorImpl.java:43)
	java.lang.reflect.Method.invoke(Method.java:498)
	org.junit.platform.commons.util.ReflectionUtils.invokeMethod(ReflectionUtils.java:686)
	org.junit.jupiter.engine.execution.MethodInvocation.proceed(MethodInvocation.java:60)
	org.junit.jupiter.engine.execution.InvocationInterceptorChain$ValidatingInvocation.proceed(InvocationInterceptorChain.java:131)
	org.junit.jupiter.engine.extension.TimeoutExtension.intercept(TimeoutExtension.java:149)
	org.junit.jupiter.engine.extension.TimeoutExtension.interceptTestableMethod(TimeoutExtension.java:140)
	org.junit.jupiter.engine.extension.TimeoutExtension.interceptTestMethod(TimeoutExtension.java:84)
	org.junit.jupiter.engine.execution.ExecutableInvoker$ReflectiveInterceptorCall.lambda$ofVoidMethod$0(ExecutableInvoker.java:115)
	org.junit.jupiter.engine.execution.ExecutableInvoker.lambda$invoke$0(ExecutableInvoker.java:105)
	org.junit.jupiter.engine.execution.InvocationInterceptorChain$InterceptedInvocation.proceed(InvocationInterceptorChain.java:106)
	org.junit.jupiter.engine.execution.InvocationInterceptorChain.proceed(InvocationInterceptorChain.java:64)
	org.junit.jupiter.engine.execution.InvocationInterceptorChain.chainAndInvoke(InvocationInterceptorChain.java:45)
	org.junit.jupiter.engine.execution.InvocationInterceptorChain.invoke(InvocationInterceptorChain.java:37)
	org.junit.jupiter.engine.execution.ExecutableInvoker.invoke(ExecutableInvoker.java:104)
	org.junit.jupiter.engine.execution.ExecutableInvoker.invoke(ExecutableInvoker.java:98)
	org.junit.jupiter.engine.descriptor.TestMethodTestDescriptor.lambda$invokeTestMethod$6(TestMethodTestDescriptor.java:212)
	org.junit.platform.engine.support.hierarchical.ThrowableCollector.execute(ThrowableCollector.java:73)
	org.junit.jupiter.engine.descriptor.TestMethodTestDescriptor.invokeTestMethod(TestMethodTestDescriptor.java:208)
	org.junit.jupiter.engine.descriptor.TestMethodTestDescriptor.execute(TestMethodTestDescriptor.java:137)
	org.junit.jupiter.engine.descriptor.TestMethodTestDescriptor.execute(TestMethodTestDescriptor.java:71)
	org.junit.platform.engine.support.hierarchical.NodeTestTask.lambda$executeRecursively$5(NodeTestTask.java:135)
	org.junit.platform.engine.support.hierarchical.ThrowableCollector.execute(ThrowableCollector.java:73)
	org.junit.platform.engine.support.hierarchical.NodeTestTask.lambda$executeRecursively$7(NodeTestTask.java:125)
	org.junit.platform.engine.support.hierarchical.Node.around(Node.java:135)
	org.junit.platform.engine.support.hierarchical.NodeTestTask.lambda$executeRecursively$8(NodeTestTask.java:123)
	org.junit.platform.engine.support.hierarchical.ThrowableCollector.execute(ThrowableCollector.java:73)
	org.junit.platform.engine.support.hierarchical.NodeTestTask.executeRecursively(NodeTestTask.java:122)
	org.junit.platform.engine.support.hierarchical.NodeTestTask.execute(NodeTestTask.java:80)
	java.util.ArrayList.forEach(ArrayList.java:1257)
	org.junit.platform.engine.support.hierarchical.SameThreadHierarchicalTestExecutorService.invokeAll(SameThreadHierarchicalTestExecutorService.java:38)
	org.junit.platform.engine.support.hierarchical.NodeTestTask.lambda$executeRecursively$5(NodeTestTask.java:139)
	org.junit.platform.engine.support.hierarchical.ThrowableCollector.execute(ThrowableCollector.java:73)
	org.junit.platform.engine.support.hierarchical.NodeTestTask.lambda$executeRecursively$7(NodeTestTask.java:125)
	org.junit.platform.engine.support.hierarchical.Node.around(Node.java:135)
	org.junit.platform.engine.support.hierarchical.NodeTestTask.lambda$executeRecursively$8(NodeTestTask.java:123)
	org.junit.platform.engine.support.hierarchical.ThrowableCollector.execute(ThrowableCollector.java:73)
	org.junit.platform.engine.support.hierarchical.NodeTestTask.executeRecursively(NodeTestTask.java:122)
	org.junit.platform.engine.support.hierarchical.NodeTestTask.execute(NodeTestTask.java:80)
	java.util.ArrayList.forEach(ArrayList.java:1257)
	org.junit.platform.engine.support.hierarchical.SameThreadHierarchicalTestExecutorService.invokeAll(SameThreadHierarchicalTestExecutorService.java:38)
	org.junit.platform.engine.support.hierarchical.NodeTestTask.lambda$executeRecursively$5(NodeTestTask.java:139)
	org.junit.platform.engine.support.hierarchical.ThrowableCollector.execute(ThrowableCollector.java:73)
	org.junit.platform.engine.support.hierarchical.NodeTestTask.lambda$executeRecursively$7(NodeTestTask.java:125)
	org.junit.platform.engine.support.hierarchical.Node.around(Node.java:135)
	org.junit.platform.engine.support.hierarchical.NodeTestTask.lambda$executeRecursively$8(NodeTestTask.java:123)
	org.junit.platform.engine.support.hierarchical.ThrowableCollector.execute(ThrowableCollector.java:73)
	org.junit.platform.engine.support.hierarchical.NodeTestTask.executeRecursively(NodeTestTask.java:122)
	org.junit.platform.engine.support.hierarchical.NodeTestTask.execute(NodeTestTask.java:80)
	org.junit.platform.engine.support.hierarchical.SameThreadHierarchicalTestExecutorService.submit(SameThreadHierarchicalTestExecutorService.java:32)
	org.junit.platform.engine.support.hierarchical.HierarchicalTestExecutor.execute(HierarchicalTestExecutor.java:57)
	org.junit.platform.engine.support.hierarchical.HierarchicalTestEngine.execute(HierarchicalTestEngine.java:51)
	org.junit.platform.launcher.core.DefaultLauncher.execute(DefaultLauncher.java:248)
	org.junit.platform.launcher.core.DefaultLauncher.lambda$execute$5(DefaultLauncher.java:211)
	org.junit.platform.launcher.core.DefaultLauncher.withInterceptedStreams(DefaultLauncher.java:226)
	org.junit.platform.launcher.core.DefaultLauncher.execute(DefaultLauncher.java:199)
	org.junit.platform.launcher.core.DefaultLauncher.execute(DefaultLauncher.java:132)
	org.gradle.api.internal.tasks.testing.junitplatform.JUnitPlatformTestClassProcessor$CollectAllTestClassesExecutor.processAllTestClasses(JUnitPlatformTestClassProcessor.java:102)
	org.gradle.api.internal.tasks.testing.junitplatform.JUnitPlatformTestClassProcessor$CollectAllTestClassesExecutor.access$000(JUnitPlatformTestClassProcessor.java:82)
	org.gradle.api.internal.tasks.testing.junitplatform.JUnitPlatformTestClassProcessor.stop(JUnitPlatformTestClassProcessor.java:78)
	org.gradle.api.internal.tasks.testing.SuiteTestClassProcessor.stop(SuiteTestClassProcessor.java:61)
	sun.reflect.NativeMethodAccessorImpl.invoke0(Native Method)
	sun.reflect.NativeMethodAccessorImpl.invoke(NativeMethodAccessorImpl.java:62)
	sun.reflect.DelegatingMethodAccessorImpl.invoke(DelegatingMethodAccessorImpl.java:43)
	java.lang.reflect.Method.invoke(Method.java:498)
	org.gradle.internal.dispatch.ReflectionDispatch.dispatch(ReflectionDispatch.java:36)
	org.gradle.internal.dispatch.ReflectionDispatch.dispatch(ReflectionDispatch.java:24)
	org.gradle.internal.dispatch.ContextClassLoaderDispatch.dispatch(ContextClassLoaderDispatch.java:33)
	org.gradle.internal.dispatch.ProxyDispatchAdapter$DispatchingInvocationHandler.invoke(ProxyDispatchAdapter.java:94)
	com.sun.proxy.$Proxy2.stop(Unknown Source)
	org.gradle.api.internal.tasks.testing.worker.TestWorker.stop(TestWorker.java:132)
	sun.reflect.NativeMethodAccessorImpl.invoke0(Native Method)
	sun.reflect.NativeMethodAccessorImpl.invoke(NativeMethodAccessorImpl.java:62)
	sun.reflect.DelegatingMethodAccessorImpl.invoke(DelegatingMethodAccessorImpl.java:43)
	java.lang.reflect.Method.invoke(Method.java:498)
	org.gradle.internal.dispatch.ReflectionDispatch.dispatch(ReflectionDispatch.java:36)
	org.gradle.internal.dispatch.ReflectionDispatch.dispatch(ReflectionDispatch.java:24)
	org.gradle.internal.remote.internal.hub.MessageHubBackedObjectConnection$DispatchWrapper.dispatch(MessageHubBackedObjectConnection.java:182)
	org.gradle.internal.remote.internal.hub.MessageHubBackedObjectConnection$DispatchWrapper.dispatch(MessageHubBackedObjectConnection.java:164)
	org.gradle.internal.remote.internal.hub.MessageHub$Handler.run(MessageHub.java:412)
	org.gradle.internal.concurrent.ExecutorPolicy$CatchAndRecordFailures.onExecute(ExecutorPolicy.java:64)
	org.gradle.internal.concurrent.ManagedExecutorImpl$1.run(ManagedExecutorImpl.java:48)
	java.util.concurrent.ThreadPoolExecutor.runWorker(ThreadPoolExecutor.java:1149)
	java.util.concurrent.ThreadPoolExecutor$Worker.run(ThreadPoolExecutor.java:624)
	org.gradle.internal.concurrent.ThreadFactoryImpl$ManagedThreadRunnable.run(ThreadFactoryImpl.java:56)
	java.lang.Thread.run(Thread.java:748)
#2:
	io.netty.buffer.AdvancedLeakAwareByteBuf.slice(AdvancedLeakAwareByteBuf.java:76)
	io.rsocket.util.ByteBufPayload.sliceMetadata(ByteBufPayload.java:134)
	io.rsocket.Payload.getMetadataUtf8(Payload.java:98)
	org.springframework.messaging.rsocket.DefaultRSocketRequesterTests.retrieveMonoWithoutData(DefaultRSocketRequesterTests.java:204)
	sun.reflect.NativeMethodAccessorImpl.invoke0(Native Method)
	sun.reflect.NativeMethodAccessorImpl.invoke(NativeMethodAccessorImpl.java:62)
	sun.reflect.DelegatingMethodAccessorImpl.invoke(DelegatingMethodAccessorImpl.java:43)
	java.lang.reflect.Method.invoke(Method.java:498)
	org.junit.platform.commons.util.ReflectionUtils.invokeMethod(ReflectionUtils.java:686)
	org.junit.jupiter.engine.execution.MethodInvocation.proceed(MethodInvocation.java:60)
	org.junit.jupiter.engine.execution.InvocationInterceptorChain$ValidatingInvocation.proceed(InvocationInterceptorChain.java:131)
	org.junit.jupiter.engine.extension.TimeoutExtension.intercept(TimeoutExtension.java:149)
	org.junit.jupiter.engine.extension.TimeoutExtension.interceptTestableMethod(TimeoutExtension.java:140)
	org.junit.jupiter.engine.extension.TimeoutExtension.interceptTestMethod(TimeoutExtension.java:84)
	org.junit.jupiter.engine.execution.ExecutableInvoker$ReflectiveInterceptorCall.lambda$ofVoidMethod$0(ExecutableInvoker.java:115)
	org.junit.jupiter.engine.execution.ExecutableInvoker.lambda$invoke$0(ExecutableInvoker.java:105)
	org.junit.jupiter.engine.execution.InvocationInterceptorChain$InterceptedInvocation.proceed(InvocationInterceptorChain.java:106)
	org.junit.jupiter.engine.execution.InvocationInterceptorChain.proceed(InvocationInterceptorChain.java:64)
	org.junit.jupiter.engine.execution.InvocationInterceptorChain.chainAndInvoke(InvocationInterceptorChain.java:45)
	org.junit.jupiter.engine.execution.InvocationInterceptorChain.invoke(InvocationInterceptorChain.java:37)
	org.junit.jupiter.engine.execution.ExecutableInvoker.invoke(ExecutableInvoker.java:104)
	org.junit.jupiter.engine.execution.ExecutableInvoker.invoke(ExecutableInvoker.java:98)
	org.junit.jupiter.engine.descriptor.TestMethodTestDescriptor.lambda$invokeTestMethod$6(TestMethodTestDescriptor.java:212)
	org.junit.platform.engine.support.hierarchical.ThrowableCollector.execute(ThrowableCollector.java:73)
	org.junit.jupiter.engine.descriptor.TestMethodTestDescriptor.invokeTestMethod(TestMethodTestDescriptor.java:208)
	org.junit.jupiter.engine.descriptor.TestMethodTestDescriptor.execute(TestMethodTestDescriptor.java:137)
	org.junit.jupiter.engine.descriptor.TestMethodTestDescriptor.execute(TestMethodTestDescriptor.java:71)
	org.junit.platform.engine.support.hierarchical.NodeTestTask.lambda$executeRecursively$5(NodeTestTask.java:135)
	org.junit.platform.engine.support.hierarchical.ThrowableCollector.execute(ThrowableCollector.java:73)
	org.junit.platform.engine.support.hierarchical.NodeTestTask.lambda$executeRecursively$7(NodeTestTask.java:125)
	org.junit.platform.engine.support.hierarchical.Node.around(Node.java:135)
	org.junit.platform.engine.support.hierarchical.NodeTestTask.lambda$executeRecursively$8(NodeTestTask.java:123)
	org.junit.platform.engine.support.hierarchical.ThrowableCollector.execute(ThrowableCollector.java:73)
	org.junit.platform.engine.support.hierarchical.NodeTestTask.executeRecursively(NodeTestTask.java:122)
	org.junit.platform.engine.support.hierarchical.NodeTestTask.execute(NodeTestTask.java:80)
	java.util.ArrayList.forEach(ArrayList.java:1257)
	org.junit.platform.engine.support.hierarchical.SameThreadHierarchicalTestExecutorService.invokeAll(SameThreadHierarchicalTestExecutorService.java:38)
	org.junit.platform.engine.support.hierarchical.NodeTestTask.lambda$executeRecursively$5(NodeTestTask.java:139)
	org.junit.platform.engine.support.hierarchical.ThrowableCollector.execute(ThrowableCollector.java:73)
	org.junit.platform.engine.support.hierarchical.NodeTestTask.lambda$executeRecursively$7(NodeTestTask.java:125)
	org.junit.platform.engine.support.hierarchical.Node.around(Node.java:135)
	org.junit.platform.engine.support.hierarchical.NodeTestTask.lambda$executeRecursively$8(NodeTestTask.java:123)
	org.junit.platform.engine.support.hierarchical.ThrowableCollector.execute(ThrowableCollector.java:73)
	org.junit.platform.engine.support.hierarchical.NodeTestTask.executeRecursively(NodeTestTask.java:122)
	org.junit.platform.engine.support.hierarchical.NodeTestTask.execute(NodeTestTask.java:80)
	java.util.ArrayList.forEach(ArrayList.java:1257)
	org.junit.platform.engine.support.hierarchical.SameThreadHierarchicalTestExecutorService.invokeAll(SameThreadHierarchicalTestExecutorService.java:38)
	org.junit.platform.engine.support.hierarchical.NodeTestTask.lambda$executeRecursively$5(NodeTestTask.java:139)
	org.junit.platform.engine.support.hierarchical.ThrowableCollector.execute(ThrowableCollector.java:73)
	org.junit.platform.engine.support.hierarchical.NodeTestTask.lambda$executeRecursively$7(NodeTestTask.java:125)
	org.junit.platform.engine.support.hierarchical.Node.around(Node.java:135)
	org.junit.platform.engine.support.hierarchical.NodeTestTask.lambda$executeRecursively$8(NodeTestTask.java:123)
	org.junit.platform.engine.support.hierarchical.ThrowableCollector.execute(ThrowableCollector.java:73)
	org.junit.platform.engine.support.hierarchical.NodeTestTask.executeRecursively(NodeTestTask.java:122)
	org.junit.platform.engine.support.hierarchical.NodeTestTask.execute(NodeTestTask.java:80)
	org.junit.platform.engine.support.hierarchical.SameThreadHierarchicalTestExecutorService.submit(SameThreadHierarchicalTestExecutorService.java:32)
	org.junit.platform.engine.support.hierarchical.HierarchicalTestExecutor.execute(HierarchicalTestExecutor.java:57)
	org.junit.platform.engine.support.hierarchical.HierarchicalTestEngine.execute(HierarchicalTestEngine.java:51)
	org.junit.platform.launcher.core.DefaultLauncher.execute(DefaultLauncher.java:248)
	org.junit.platform.launcher.core.DefaultLauncher.lambda$execute$5(DefaultLauncher.java:211)
	org.junit.platform.launcher.core.DefaultLauncher.withInterceptedStreams(DefaultLauncher.java:226)
	org.junit.platform.launcher.core.DefaultLauncher.execute(DefaultLauncher.java:199)
	org.junit.platform.launcher.core.DefaultLauncher.execute(DefaultLauncher.java:132)
	org.gradle.api.internal.tasks.testing.junitplatform.JUnitPlatformTestClassProcessor$CollectAllTestClassesExecutor.processAllTestClasses(JUnitPlatformTestClassProcessor.java:102)
	org.gradle.api.internal.tasks.testing.junitplatform.JUnitPlatformTestClassProcessor$CollectAllTestClassesExecutor.access$000(JUnitPlatformTestClassProcessor.java:82)
	org.gradle.api.internal.tasks.testing.junitplatform.JUnitPlatformTestClassProcessor.stop(JUnitPlatformTestClassProcessor.java:78)
	org.gradle.api.internal.tasks.testing.SuiteTestClassProcessor.stop(SuiteTestClassProcessor.java:61)
	sun.reflect.NativeMethodAccessorImpl.invoke0(Native Method)
	sun.reflect.NativeMethodAccessorImpl.invoke(NativeMethodAccessorImpl.java:62)
	sun.reflect.DelegatingMethodAccessorImpl.invoke(DelegatingMethodAccessorImpl.java:43)
	java.lang.reflect.Method.invoke(Method.java:498)
	org.gradle.internal.dispatch.ReflectionDispatch.dispatch(ReflectionDispatch.java:36)
	org.gradle.internal.dispatch.ReflectionDispatch.dispatch(ReflectionDispatch.java:24)
	org.gradle.internal.dispatch.ContextClassLoaderDispatch.dispatch(ContextClassLoaderDispatch.java:33)
	org.gradle.internal.dispatch.ProxyDispatchAdapter$DispatchingInvocationHandler.invoke(ProxyDispatchAdapter.java:94)
	com.sun.proxy.$Proxy2.stop(Unknown Source)
	org.gradle.api.internal.tasks.testing.worker.TestWorker.stop(TestWorker.java:132)
	sun.reflect.NativeMethodAccessorImpl.invoke0(Native Method)
	sun.reflect.NativeMethodAccessorImpl.invoke(NativeMethodAccessorImpl.java:62)
	sun.reflect.DelegatingMethodAccessorImpl.invoke(DelegatingMethodAccessorImpl.java:43)
	java.lang.reflect.Method.invoke(Method.java:498)
	org.gradle.internal.dispatch.ReflectionDispatch.dispatch(ReflectionDispatch.java:36)
	org.gradle.internal.dispatch.ReflectionDispatch.dispatch(ReflectionDispatch.java:24)
	org.gradle.internal.remote.internal.hub.MessageHubBackedObjectConnection$DispatchWrapper.dispatch(MessageHubBackedObjectConnection.java:182)
	org.gradle.internal.remote.internal.hub.MessageHubBackedObjectConnection$DispatchWrapper.dispatch(MessageHubBackedObjectConnection.java:164)
	org.gradle.internal.remote.internal.hub.MessageHub$Handler.run(MessageHub.java:412)
	org.gradle.internal.concurrent.ExecutorPolicy$CatchAndRecordFailures.onExecute(ExecutorPolicy.java:64)
	org.gradle.internal.concurrent.ManagedExecutorImpl$1.run(ManagedExecutorImpl.java:48)
	java.util.concurrent.ThreadPoolExecutor.runWorker(ThreadPoolExecutor.java:1149)
	java.util.concurrent.ThreadPoolExecutor$Worker.run(ThreadPoolExecutor.java:624)
	org.gradle.internal.concurrent.ThreadFactoryImpl$ManagedThreadRunnable.run(ThreadFactoryImpl.java:56)
	java.lang.Thread.run(Thread.java:748)
Created at:
	io.netty.buffer.PooledByteBufAllocator.newDirectBuffer(PooledByteBufAllocator.java:363)
	io.netty.buffer.AbstractByteBufAllocator.directBuffer(AbstractByteBufAllocator.java:187)
	io.netty.buffer.AbstractByteBufAllocator.directBuffer(AbstractByteBufAllocator.java:178)
	io.netty.buffer.AbstractByteBufAllocator.buffer(AbstractByteBufAllocator.java:115)
	org.springframework.core.io.buffer.NettyDataBufferFactory.allocateBuffer(NettyDataBufferFactory.java:71)
	org.springframework.core.io.buffer.NettyDataBufferFactory.allocateBuffer(NettyDataBufferFactory.java:39)
	org.springframework.core.codec.CharSequenceEncoder.encodeValue(CharSequenceEncoder.java:91)
	org.springframework.core.codec.CharSequenceEncoder.encodeValue(CharSequenceEncoder.java:47)
	org.springframework.messaging.rsocket.MetadataEncoder.encodeEntry(MetadataEncoder.java:240)
	org.springframework.messaging.rsocket.MetadataEncoder.encodeEntries(MetadataEncoder.java:209)
	org.springframework.messaging.rsocket.MetadataEncoder.lambda$encode$1(MetadataEncoder.java:180)
	reactor.core.publisher.MonoCallable.subscribe(MonoCallable.java:56)
	reactor.core.publisher.Mono.subscribe(Mono.java:4208)
	reactor.core.publisher.MonoZip.subscribe(MonoZip.java:128)
	reactor.core.publisher.Mono.subscribe(Mono.java:4208)
	reactor.core.publisher.Mono.block(Mono.java:1699)
	org.springframework.messaging.rsocket.DefaultRSocketRequesterTests.retrieveMonoWithoutData(DefaultRSocketRequesterTests.java:201)
	sun.reflect.NativeMethodAccessorImpl.invoke0(Native Method)
	sun.reflect.NativeMethodAccessorImpl.invoke(NativeMethodAccessorImpl.java:62)
	sun.reflect.DelegatingMethodAccessorImpl.invoke(DelegatingMethodAccessorImpl.java:43)
	java.lang.reflect.Method.invoke(Method.java:498)
	org.junit.platform.commons.util.ReflectionUtils.invokeMethod(ReflectionUtils.java:686)
	org.junit.jupiter.engine.execution.MethodInvocation.proceed(MethodInvocation.java:60)
	org.junit.jupiter.engine.execution.InvocationInterceptorChain$ValidatingInvocation.proceed(InvocationInterceptorChain.java:131)
	org.junit.jupiter.engine.extension.TimeoutExtension.intercept(TimeoutExtension.java:149)
	org.junit.jupiter.engine.extension.TimeoutExtension.interceptTestableMethod(TimeoutExtension.java:140)
	org.junit.jupiter.engine.extension.TimeoutExtension.interceptTestMethod(TimeoutExtension.java:84)
	org.junit.jupiter.engine.execution.ExecutableInvoker$ReflectiveInterceptorCall.lambda$ofVoidMethod$0(ExecutableInvoker.java:115)
	org.junit.jupiter.engine.execution.ExecutableInvoker.lambda$invoke$0(ExecutableInvoker.java:105)
	org.junit.jupiter.engine.execution.InvocationInterceptorChain$InterceptedInvocation.proceed(InvocationInterceptorChain.java:106)
	org.junit.jupiter.engine.execution.InvocationInterceptorChain.proceed(InvocationInterceptorChain.java:64)
	org.junit.jupiter.engine.execution.InvocationInterceptorChain.chainAndInvoke(InvocationInterceptorChain.java:45)
	org.junit.jupiter.engine.execution.InvocationInterceptorChain.invoke(InvocationInterceptorChain.java:37)
	org.junit.jupiter.engine.execution.ExecutableInvoker.invoke(ExecutableInvoker.java:104)
	org.junit.jupiter.engine.execution.ExecutableInvoker.invoke(ExecutableInvoker.java:98)
	org.junit.jupiter.engine.descriptor.TestMethodTestDescriptor.lambda$invokeTestMethod$6(TestMethodTestDescriptor.java:212)
	org.junit.platform.engine.support.hierarchical.ThrowableCollector.execute(ThrowableCollector.java:73)
	org.junit.jupiter.engine.descriptor.TestMethodTestDescriptor.invokeTestMethod(TestMethodTestDescriptor.java:208)
	org.junit.jupiter.engine.descriptor.TestMethodTestDescriptor.execute(TestMethodTestDescriptor.java:137)
	org.junit.jupiter.engine.descriptor.TestMethodTestDescriptor.execute(TestMethodTestDescriptor.java:71)
	org.junit.platform.engine.support.hierarchical.NodeTestTask.lambda$executeRecursively$5(NodeTestTask.java:135)
	org.junit.platform.engine.support.hierarchical.ThrowableCollector.execute(ThrowableCollector.java:73)
	org.junit.platform.engine.support.hierarchical.NodeTestTask.lambda$executeRecursively$7(NodeTestTask.java:125)
	org.junit.platform.engine.support.hierarchical.Node.around(Node.java:135)
	org.junit.platform.engine.support.hierarchical.NodeTestTask.lambda$executeRecursively$8(NodeTestTask.java:123)
	org.junit.platform.engine.support.hierarchical.ThrowableCollector.execute(ThrowableCollector.java:73)
	org.junit.platform.engine.support.hierarchical.NodeTestTask.executeRecursively(NodeTestTask.java:122)
	org.junit.platform.engine.support.hierarchical.NodeTestTask.execute(NodeTestTask.java:80)
	java.util.ArrayList.forEach(ArrayList.java:1257)
	org.junit.platform.engine.support.hierarchical.SameThreadHierarchicalTestExecutorService.invokeAll(SameThreadHierarchicalTestExecutorService.java:38)
	org.junit.platform.engine.support.hierarchical.NodeTestTask.lambda$executeRecursively$5(NodeTestTask.java:139)
	org.junit.platform.engine.support.hierarchical.ThrowableCollector.execute(ThrowableCollector.java:73)
	org.junit.platform.engine.support.hierarchical.NodeTestTask.lambda$executeRecursively$7(NodeTestTask.java:125)
	org.junit.platform.engine.support.hierarchical.Node.around(Node.java:135)
	org.junit.platform.engine.support.hierarchical.NodeTestTask.lambda$executeRecursively$8(NodeTestTask.java:123)
	org.junit.platform.engine.support.hierarchical.ThrowableCollector.execute(ThrowableCollector.java:73)
	org.junit.platform.engine.support.hierarchical.NodeTestTask.executeRecursively(NodeTestTask.java:122)
	org.junit.platform.engine.support.hierarchical.NodeTestTask.execute(NodeTestTask.java:80)
	java.util.ArrayList.forEach(ArrayList.java:1257)
	org.junit.platform.engine.support.hierarchical.SameThreadHierarchicalTestExecutorService.invokeAll(SameThreadHierarchicalTestExecutorService.java:38)
	org.junit.platform.engine.support.hierarchical.NodeTestTask.lambda$executeRecursively$5(NodeTestTask.java:139)
	org.junit.platform.engine.support.hierarchical.ThrowableCollector.execute(ThrowableCollector.java:73)
	org.junit.platform.engine.support.hierarchical.NodeTestTask.lambda$executeRecursively$7(NodeTestTask.java:125)
	org.junit.platform.engine.support.hierarchical.Node.around(Node.java:135)
	org.junit.platform.engine.support.hierarchical.NodeTestTask.lambda$executeRecursively$8(NodeTestTask.java:123)
	org.junit.platform.engine.support.hierarchical.ThrowableCollector.execute(ThrowableCollector.java:73)
	org.junit.platform.engine.support.hierarchical.NodeTestTask.executeRecursively(NodeTestTask.java:122)
	org.junit.platform.engine.support.hierarchical.NodeTestTask.execute(NodeTestTask.java:80)
	org.junit.platform.engine.support.hierarchical.SameThreadHierarchicalTestExecutorService.submit(SameThreadHierarchicalTestExecutorService.java:32)
	org.junit.platform.engine.support.hierarchical.HierarchicalTestExecutor.execute(HierarchicalTestExecutor.java:57)
	org.junit.platform.engine.support.hierarchical.HierarchicalTestEngine.execute(HierarchicalTestEngine.java:51)
	org.junit.platform.launcher.core.DefaultLauncher.execute(DefaultLauncher.java:248)
	org.junit.platform.launcher.core.DefaultLauncher.lambda$execute$5(DefaultLauncher.java:211)
	org.junit.platform.launcher.core.DefaultLauncher.withInterceptedStreams(DefaultLauncher.java:226)
	org.junit.platform.launcher.core.DefaultLauncher.execute(DefaultLauncher.java:199)
	org.junit.platform.launcher.core.DefaultLauncher.execute(DefaultLauncher.java:132)
	org.gradle.api.internal.tasks.testing.junitplatform.JUnitPlatformTestClassProcessor$CollectAllTestClassesExecutor.processAllTestClasses(JUnitPlatformTestClassProcessor.java:102)
	org.gradle.api.internal.tasks.testing.junitplatform.JUnitPlatformTestClassProcessor$CollectAllTestClassesExecutor.access$000(JUnitPlatformTestClassProcessor.java:82)
	org.gradle.api.internal.tasks.testing.junitplatform.JUnitPlatformTestClassProcessor.stop(JUnitPlatformTestClassProcessor.java:78)
	org.gradle.api.internal.tasks.testing.SuiteTestClassProcessor.stop(SuiteTestClassProcessor.java:61)
	sun.reflect.NativeMethodAccessorImpl.invoke0(Native Method)
	sun.reflect.NativeMethodAccessorImpl.invoke(NativeMethodAccessorImpl.java:62)
	sun.reflect.DelegatingMethodAccessorImpl.invoke(DelegatingMethodAccessorImpl.java:43)
	java.lang.reflect.Method.invoke(Method.java:498)
	org.gradle.internal.dispatch.ReflectionDispatch.dispatch(ReflectionDispatch.java:36)
	org.gradle.internal.dispatch.ReflectionDispatch.dispatch(ReflectionDispatch.java:24)
	org.gradle.internal.dispatch.ContextClassLoaderDispatch.dispatch(ContextClassLoaderDispatch.java:33)
	org.gradle.internal.dispatch.ProxyDispatchAdapter$DispatchingInvocationHandler.invoke(ProxyDispatchAdapter.java:94)
	com.sun.proxy.$Proxy2.stop(Unknown Source)
	org.gradle.api.internal.tasks.testing.worker.TestWorker.stop(TestWorker.java:132)
	sun.reflect.NativeMethodAccessorImpl.invoke0(Native Method)
	sun.reflect.NativeMethodAccessorImpl.invoke(NativeMethodAccessorImpl.java:62)
	sun.reflect.DelegatingMethodAccessorImpl.invoke(DelegatingMethodAccessorImpl.java:43)
	java.lang.reflect.Method.invoke(Method.java:498)
	org.gradle.internal.dispatch.ReflectionDispatch.dispatch(ReflectionDispatch.java:36)
	org.gradle.internal.dispatch.ReflectionDispatch.dispatch(ReflectionDispatch.java:24)
	org.gradle.internal.remote.internal.hub.MessageHubBackedObjectConnection$DispatchWrapper.dispatch(MessageHubBackedObjectConnection.java:182)
	org.gradle.internal.remote.internal.hub.MessageHubBackedObjectConnection$DispatchWrapper.dispatch(MessageHubBackedObjectConnection.java:164)
	org.gradle.internal.remote.internal.hub.MessageHub$Handler.run(MessageHub.java:412)
	org.gradle.internal.concurrent.ExecutorPolicy$CatchAndRecordFailures.onExecute(ExecutorPolicy.java:64)
	org.gradle.internal.concurrent.ManagedExecutorImpl$1.run(ManagedExecutorImpl.java:48)
	java.util.concurrent.ThreadPoolExecutor.runWorker(ThreadPoolExecutor.java:1149)
	java.util.concurrent.ThreadPoolExecutor$Worker.run(ThreadPoolExecutor.java:624)
	org.gradle.internal.concurrent.ThreadFactoryImpl$ManagedThreadRunnable.run(ThreadFactoryImpl.java:56)
	java.lang.Thread.run(Thread.java:748)
22:22:58.835 [Test worker] ERROR i.n.u.ResourceLeakDetector - LEAK: ByteBuf.release() was not called before it's garbage-collected. See https://netty.io/wiki/reference-counted-objects.html for more information.
Recent access records: 
#1:
	io.netty.buffer.AdvancedLeakAwareByteBuf.toString(AdvancedLeakAwareByteBuf.java:742)
	io.rsocket.Payload.getMetadataUtf8(Payload.java:98)
	java.util.stream.ReferencePipeline$3$1.accept(ReferencePipeline.java:193)
	java.util.ArrayList$ArrayListSpliterator.forEachRemaining(ArrayList.java:1382)
	java.util.stream.AbstractPipeline.copyInto(AbstractPipeline.java:481)
	java.util.stream.AbstractPipeline.wrapAndCopyInto(AbstractPipeline.java:471)
	java.util.stream.AbstractPipeline.evaluate(AbstractPipeline.java:545)
	java.util.stream.AbstractPipeline.evaluateToArrayNode(AbstractPipeline.java:260)
	java.util.stream.ReferencePipeline.toArray(ReferencePipeline.java:438)
	org.springframework.messaging.rsocket.DefaultRSocketRequesterTests.testSendFlux(DefaultRSocketRequesterTests.java:132)
	org.springframework.messaging.rsocket.DefaultRSocketRequesterTests.sendFlux(DefaultRSocketRequesterTests.java:115)
	sun.reflect.NativeMethodAccessorImpl.invoke0(Native Method)
	sun.reflect.NativeMethodAccessorImpl.invoke(NativeMethodAccessorImpl.java:62)
	sun.reflect.DelegatingMethodAccessorImpl.invoke(DelegatingMethodAccessorImpl.java:43)
	java.lang.reflect.Method.invoke(Method.java:498)
	org.junit.platform.commons.util.ReflectionUtils.invokeMethod(ReflectionUtils.java:686)
	org.junit.jupiter.engine.execution.MethodInvocation.proceed(MethodInvocation.java:60)
	org.junit.jupiter.engine.execution.InvocationInterceptorChain$ValidatingInvocation.proceed(InvocationInterceptorChain.java:131)
	org.junit.jupiter.engine.extension.TimeoutExtension.intercept(TimeoutExtension.java:149)
	org.junit.jupiter.engine.extension.TimeoutExtension.interceptTestableMethod(TimeoutExtension.java:140)
	org.junit.jupiter.engine.extension.TimeoutExtension.interceptTestMethod(TimeoutExtension.java:84)
	org.junit.jupiter.engine.execution.ExecutableInvoker$ReflectiveInterceptorCall.lambda$ofVoidMethod$0(ExecutableInvoker.java:115)
	org.junit.jupiter.engine.execution.ExecutableInvoker.lambda$invoke$0(ExecutableInvoker.java:105)
	org.junit.jupiter.engine.execution.InvocationInterceptorChain$InterceptedInvocation.proceed(InvocationInterceptorChain.java:106)
	org.junit.jupiter.engine.execution.InvocationInterceptorChain.proceed(InvocationInterceptorChain.java:64)
	org.junit.jupiter.engine.execution.InvocationInterceptorChain.chainAndInvoke(InvocationInterceptorChain.java:45)
	org.junit.jupiter.engine.execution.InvocationInterceptorChain.invoke(InvocationInterceptorChain.java:37)
	org.junit.jupiter.engine.execution.ExecutableInvoker.invoke(ExecutableInvoker.java:104)
	org.junit.jupiter.engine.execution.ExecutableInvoker.invoke(ExecutableInvoker.java:98)
	org.junit.jupiter.engine.descriptor.TestMethodTestDescriptor.lambda$invokeTestMethod$6(TestMethodTestDescriptor.java:212)
	org.junit.platform.engine.support.hierarchical.ThrowableCollector.execute(ThrowableCollector.java:73)
	org.junit.jupiter.engine.descriptor.TestMethodTestDescriptor.invokeTestMethod(TestMethodTestDescriptor.java:208)
	org.junit.jupiter.engine.descriptor.TestMethodTestDescriptor.execute(TestMethodTestDescriptor.java:137)
	org.junit.jupiter.engine.descriptor.TestMethodTestDescriptor.execute(TestMethodTestDescriptor.java:71)
	org.junit.platform.engine.support.hierarchical.NodeTestTask.lambda$executeRecursively$5(NodeTestTask.java:135)
	org.junit.platform.engine.support.hierarchical.ThrowableCollector.execute(ThrowableCollector.java:73)
	org.junit.platform.engine.support.hierarchical.NodeTestTask.lambda$executeRecursively$7(NodeTestTask.java:125)
	org.junit.platform.engine.support.hierarchical.Node.around(Node.java:135)
	org.junit.platform.engine.support.hierarchical.NodeTestTask.lambda$executeRecursively$8(NodeTestTask.java:123)
	org.junit.platform.engine.support.hierarchical.ThrowableCollector.execute(ThrowableCollector.java:73)
	org.junit.platform.engine.support.hierarchical.NodeTestTask.executeRecursively(NodeTestTask.java:122)
	org.junit.platform.engine.support.hierarchical.NodeTestTask.execute(NodeTestTask.java:80)
	java.util.ArrayList.forEach(ArrayList.java:1257)
	org.junit.platform.engine.support.hierarchical.SameThreadHierarchicalTestExecutorService.invokeAll(SameThreadHierarchicalTestExecutorService.java:38)
	org.junit.platform.engine.support.hierarchical.NodeTestTask.lambda$executeRecursively$5(NodeTestTask.java:139)
	org.junit.platform.engine.support.hierarchical.ThrowableCollector.execute(ThrowableCollector.java:73)
	org.junit.platform.engine.support.hierarchical.NodeTestTask.lambda$executeRecursively$7(NodeTestTask.java:125)
	org.junit.platform.engine.support.hierarchical.Node.around(Node.java:135)
	org.junit.platform.engine.support.hierarchical.NodeTestTask.lambda$executeRecursively$8(NodeTestTask.java:123)
	org.junit.platform.engine.support.hierarchical.ThrowableCollector.execute(ThrowableCollector.java:73)
	org.junit.platform.engine.support.hierarchical.NodeTestTask.executeRecursively(NodeTestTask.java:122)
	org.junit.platform.engine.support.hierarchical.NodeTestTask.execute(NodeTestTask.java:80)
	java.util.ArrayList.forEach(ArrayList.java:1257)
	org.junit.platform.engine.support.hierarchical.SameThreadHierarchicalTestExecutorService.invokeAll(SameThreadHierarchicalTestExecutorService.java:38)
	org.junit.platform.engine.support.hierarchical.NodeTestTask.lambda$executeRecursively$5(NodeTestTask.java:139)
	org.junit.platform.engine.support.hierarchical.ThrowableCollector.execute(ThrowableCollector.java:73)
	org.junit.platform.engine.support.hierarchical.NodeTestTask.lambda$executeRecursively$7(NodeTestTask.java:125)
	org.junit.platform.engine.support.hierarchical.Node.around(Node.java:135)
	org.junit.platform.engine.support.hierarchical.NodeTestTask.lambda$executeRecursively$8(NodeTestTask.java:123)
	org.junit.platform.engine.support.hierarchical.ThrowableCollector.execute(ThrowableCollector.java:73)
	org.junit.platform.engine.support.hierarchical.NodeTestTask.executeRecursively(NodeTestTask.java:122)
	org.junit.platform.engine.support.hierarchical.NodeTestTask.execute(NodeTestTask.java:80)
	org.junit.platform.engine.support.hierarchical.SameThreadHierarchicalTestExecutorService.submit(SameThreadHierarchicalTestExecutorService.java:32)
	org.junit.platform.engine.support.hierarchical.HierarchicalTestExecutor.execute(HierarchicalTestExecutor.java:57)
	org.junit.platform.engine.support.hierarchical.HierarchicalTestEngine.execute(HierarchicalTestEngine.java:51)
	org.junit.platform.launcher.core.DefaultLauncher.execute(DefaultLauncher.java:248)
	org.junit.platform.launcher.core.DefaultLauncher.lambda$execute$5(DefaultLauncher.java:211)
	org.junit.platform.launcher.core.DefaultLauncher.withInterceptedStreams(DefaultLauncher.java:226)
	org.junit.platform.launcher.core.DefaultLauncher.execute(DefaultLauncher.java:199)
	org.junit.platform.launcher.core.DefaultLauncher.execute(DefaultLauncher.java:132)
	org.gradle.api.internal.tasks.testing.junitplatform.JUnitPlatformTestClassProcessor$CollectAllTestClassesExecutor.processAllTestClasses(JUnitPlatformTestClassProcessor.java:102)
	org.gradle.api.internal.tasks.testing.junitplatform.JUnitPlatformTestClassProcessor$CollectAllTestClassesExecutor.access$000(JUnitPlatformTestClassProcessor.java:82)
	org.gradle.api.internal.tasks.testing.junitplatform.JUnitPlatformTestClassProcessor.stop(JUnitPlatformTestClassProcessor.java:78)
	org.gradle.api.internal.tasks.testing.SuiteTestClassProcessor.stop(SuiteTestClassProcessor.java:61)
	sun.reflect.NativeMethodAccessorImpl.invoke0(Native Method)
	sun.reflect.NativeMethodAccessorImpl.invoke(NativeMethodAccessorImpl.java:62)
	sun.reflect.DelegatingMethodAccessorImpl.invoke(DelegatingMethodAccessorImpl.java:43)
	java.lang.reflect.Method.invoke(Method.java:498)
	org.gradle.internal.dispatch.ReflectionDispatch.dispatch(ReflectionDispatch.java:36)
	org.gradle.internal.dispatch.ReflectionDispatch.dispatch(ReflectionDispatch.java:24)
	org.gradle.internal.dispatch.ContextClassLoaderDispatch.dispatch(ContextClassLoaderDispatch.java:33)
	org.gradle.internal.dispatch.ProxyDispatchAdapter$DispatchingInvocationHandler.invoke(ProxyDispatchAdapter.java:94)
	com.sun.proxy.$Proxy2.stop(Unknown Source)
	org.gradle.api.internal.tasks.testing.worker.TestWorker.stop(TestWorker.java:132)
	sun.reflect.NativeMethodAccessorImpl.invoke0(Native Method)
	sun.reflect.NativeMethodAccessorImpl.invoke(NativeMethodAccessorImpl.java:62)
	sun.reflect.DelegatingMethodAccessorImpl.invoke(DelegatingMethodAccessorImpl.java:43)
	java.lang.reflect.Method.invoke(Method.java:498)
	org.gradle.internal.dispatch.ReflectionDispatch.dispatch(ReflectionDispatch.java:36)
	org.gradle.internal.dispatch.ReflectionDispatch.dispatch(ReflectionDispatch.java:24)
	org.gradle.internal.remote.internal.hub.MessageHubBackedObjectConnection$DispatchWrapper.dispatch(MessageHubBackedObjectConnection.java:182)
	org.gradle.internal.remote.internal.hub.MessageHubBackedObjectConnection$DispatchWrapper.dispatch(MessageHubBackedObjectConnection.java:164)
	org.gradle.internal.remote.internal.hub.MessageHub$Handler.run(MessageHub.java:412)
	org.gradle.internal.concurrent.ExecutorPolicy$CatchAndRecordFailures.onExecute(ExecutorPolicy.java:64)
	org.gradle.internal.concurrent.ManagedExecutorImpl$1.run(ManagedExecutorImpl.java:48)
	java.util.concurrent.ThreadPoolExecutor.runWorker(ThreadPoolExecutor.java:1149)
	java.util.concurrent.ThreadPoolExecutor$Worker.run(ThreadPoolExecutor.java:624)
	org.gradle.internal.concurrent.ThreadFactoryImpl$ManagedThreadRunnable.run(ThreadFactoryImpl.java:56)
	java.lang.Thread.run(Thread.java:748)
#2:
	io.netty.buffer.AdvancedLeakAwareByteBuf.slice(AdvancedLeakAwareByteBuf.java:76)
	io.rsocket.util.ByteBufPayload.sliceMetadata(ByteBufPayload.java:134)
	io.rsocket.Payload.getMetadataUtf8(Payload.java:98)
	java.util.stream.ReferencePipeline$3$1.accept(ReferencePipeline.java:193)
	java.util.ArrayList$ArrayListSpliterator.forEachRemaining(ArrayList.java:1382)
	java.util.stream.AbstractPipeline.copyInto(AbstractPipeline.java:481)
	java.util.stream.AbstractPipeline.wrapAndCopyInto(AbstractPipeline.java:471)
	java.util.stream.AbstractPipeline.evaluate(AbstractPipeline.java:545)
	java.util.stream.AbstractPipeline.evaluateToArrayNode(AbstractPipeline.java:260)
	java.util.stream.ReferencePipeline.toArray(ReferencePipeline.java:438)
	org.springframework.messaging.rsocket.DefaultRSocketRequesterTests.testSendFlux(DefaultRSocketRequesterTests.java:132)
	org.springframework.messaging.rsocket.DefaultRSocketRequesterTests.sendFlux(DefaultRSocketRequesterTests.java:115)
	sun.reflect.NativeMethodAccessorImpl.invoke0(Native Method)
	sun.reflect.NativeMethodAccessorImpl.invoke(NativeMethodAccessorImpl.java:62)
	sun.reflect.DelegatingMethodAccessorImpl.invoke(DelegatingMethodAccessorImpl.java:43)
	java.lang.reflect.Method.invoke(Method.java:498)
	org.junit.platform.commons.util.ReflectionUtils.invokeMethod(ReflectionUtils.java:686)
	org.junit.jupiter.engine.execution.MethodInvocation.proceed(MethodInvocation.java:60)
	org.junit.jupiter.engine.execution.InvocationInterceptorChain$ValidatingInvocation.proceed(InvocationInterceptorChain.java:131)
	org.junit.jupiter.engine.extension.TimeoutExtension.intercept(TimeoutExtension.java:149)
	org.junit.jupiter.engine.extension.TimeoutExtension.interceptTestableMethod(TimeoutExtension.java:140)
	org.junit.jupiter.engine.extension.TimeoutExtension.interceptTestMethod(TimeoutExtension.java:84)
	org.junit.jupiter.engine.execution.ExecutableInvoker$ReflectiveInterceptorCall.lambda$ofVoidMethod$0(ExecutableInvoker.java:115)
	org.junit.jupiter.engine.execution.ExecutableInvoker.lambda$invoke$0(ExecutableInvoker.java:105)
	org.junit.jupiter.engine.execution.InvocationInterceptorChain$InterceptedInvocation.proceed(InvocationInterceptorChain.java:106)
	org.junit.jupiter.engine.execution.InvocationInterceptorChain.proceed(InvocationInterceptorChain.java:64)
	org.junit.jupiter.engine.execution.InvocationInterceptorChain.chainAndInvoke(InvocationInterceptorChain.java:45)
	org.junit.jupiter.engine.execution.InvocationInterceptorChain.invoke(InvocationInterceptorChain.java:37)
	org.junit.jupiter.engine.execution.ExecutableInvoker.invoke(ExecutableInvoker.java:104)
	org.junit.jupiter.engine.execution.ExecutableInvoker.invoke(ExecutableInvoker.java:98)
	org.junit.jupiter.engine.descriptor.TestMethodTestDescriptor.lambda$invokeTestMethod$6(TestMethodTestDescriptor.java:212)
	org.junit.platform.engine.support.hierarchical.ThrowableCollector.execute(ThrowableCollector.java:73)
	org.junit.jupiter.engine.descriptor.TestMethodTestDescriptor.invokeTestMethod(TestMethodTestDescriptor.java:208)
	org.junit.jupiter.engine.descriptor.TestMethodTestDescriptor.execute(TestMethodTestDescriptor.java:137)
	org.junit.jupiter.engine.descriptor.TestMethodTestDescriptor.execute(TestMethodTestDescriptor.java:71)
	org.junit.platform.engine.support.hierarchical.NodeTestTask.lambda$executeRecursively$5(NodeTestTask.java:135)
	org.junit.platform.engine.support.hierarchical.ThrowableCollector.execute(ThrowableCollector.java:73)
	org.junit.platform.engine.support.hierarchical.NodeTestTask.lambda$executeRecursively$7(NodeTestTask.java:125)
	org.junit.platform.engine.support.hierarchical.Node.around(Node.java:135)
	org.junit.platform.engine.support.hierarchical.NodeTestTask.lambda$executeRecursively$8(NodeTestTask.java:123)
	org.junit.platform.engine.support.hierarchical.ThrowableCollector.execute(ThrowableCollector.java:73)
	org.junit.platform.engine.support.hierarchical.NodeTestTask.executeRecursively(NodeTestTask.java:122)
	org.junit.platform.engine.support.hierarchical.NodeTestTask.execute(NodeTestTask.java:80)
	java.util.ArrayList.forEach(ArrayList.java:1257)
	org.junit.platform.engine.support.hierarchical.SameThreadHierarchicalTestExecutorService.invokeAll(SameThreadHierarchicalTestExecutorService.java:38)
	org.junit.platform.engine.support.hierarchical.NodeTestTask.lambda$executeRecursively$5(NodeTestTask.java:139)
	org.junit.platform.engine.support.hierarchical.ThrowableCollector.execute(ThrowableCollector.java:73)
	org.junit.platform.engine.support.hierarchical.NodeTestTask.lambda$executeRecursively$7(NodeTestTask.java:125)
	org.junit.platform.engine.support.hierarchical.Node.around(Node.java:135)
	org.junit.platform.engine.support.hierarchical.NodeTestTask.lambda$executeRecursively$8(NodeTestTask.java:123)
	org.junit.platform.engine.support.hierarchical.ThrowableCollector.execute(ThrowableCollector.java:73)
	org.junit.platform.engine.support.hierarchical.NodeTestTask.executeRecursively(NodeTestTask.java:122)
	org.junit.platform.engine.support.hierarchical.NodeTestTask.execute(NodeTestTask.java:80)
	java.util.ArrayList.forEach(ArrayList.java:1257)
	org.junit.platform.engine.support.hierarchical.SameThreadHierarchicalTestExecutorService.invokeAll(SameThreadHierarchicalTestExecutorService.java:38)
	org.junit.platform.engine.support.hierarchical.NodeTestTask.lambda$executeRecursively$5(NodeTestTask.java:139)
	org.junit.platform.engine.support.hierarchical.ThrowableCollector.execute(ThrowableCollector.java:73)
	org.junit.platform.engine.support.hierarchical.NodeTestTask.lambda$executeRecursively$7(NodeTestTask.java:125)
	org.junit.platform.engine.support.hierarchical.Node.around(Node.java:135)
	org.junit.platform.engine.support.hierarchical.NodeTestTask.lambda$executeRecursively$8(NodeTestTask.java:123)
	org.junit.platform.engine.support.hierarchical.ThrowableCollector.execute(ThrowableCollector.java:73)
	org.junit.platform.engine.support.hierarchical.NodeTestTask.executeRecursively(NodeTestTask.java:122)
	org.junit.platform.engine.support.hierarchical.NodeTestTask.execute(NodeTestTask.java:80)
	org.junit.platform.engine.support.hierarchical.SameThreadHierarchicalTestExecutorService.submit(SameThreadHierarchicalTestExecutorService.java:32)
	org.junit.platform.engine.support.hierarchical.HierarchicalTestExecutor.execute(HierarchicalTestExecutor.java:57)
	org.junit.platform.engine.support.hierarchical.HierarchicalTestEngine.execute(HierarchicalTestEngine.java:51)
	org.junit.platform.launcher.core.DefaultLauncher.execute(DefaultLauncher.java:248)
	org.junit.platform.launcher.core.DefaultLauncher.lambda$execute$5(DefaultLauncher.java:211)
	org.junit.platform.launcher.core.DefaultLauncher.withInterceptedStreams(DefaultLauncher.java:226)
	org.junit.platform.launcher.core.DefaultLauncher.execute(DefaultLauncher.java:199)
	org.junit.platform.launcher.core.DefaultLauncher.execute(DefaultLauncher.java:132)
	org.gradle.api.internal.tasks.testing.junitplatform.JUnitPlatformTestClassProcessor$CollectAllTestClassesExecutor.processAllTestClasses(JUnitPlatformTestClassProcessor.java:102)
	org.gradle.api.internal.tasks.testing.junitplatform.JUnitPlatformTestClassProcessor$CollectAllTestClassesExecutor.access$000(JUnitPlatformTestClassProcessor.java:82)
	org.gradle.api.internal.tasks.testing.junitplatform.JUnitPlatformTestClassProcessor.stop(JUnitPlatformTestClassProcessor.java:78)
	org.gradle.api.internal.tasks.testing.SuiteTestClassProcessor.stop(SuiteTestClassProcessor.java:61)
	sun.reflect.NativeMethodAccessorImpl.invoke0(Native Method)
	sun.reflect.NativeMethodAccessorImpl.invoke(NativeMethodAccessorImpl.java:62)
	sun.reflect.DelegatingMethodAccessorImpl.invoke(DelegatingMethodAccessorImpl.java:43)
	java.lang.reflect.Method.invoke(Method.java:498)
	org.gradle.internal.dispatch.ReflectionDispatch.dispatch(ReflectionDispatch.java:36)
	org.gradle.internal.dispatch.ReflectionDispatch.dispatch(ReflectionDispatch.java:24)
	org.gradle.internal.dispatch.ContextClassLoaderDispatch.dispatch(ContextClassLoaderDispatch.java:33)
	org.gradle.internal.dispatch.ProxyDispatchAdapter$DispatchingInvocationHandler.invoke(ProxyDispatchAdapter.java:94)
	com.sun.proxy.$Proxy2.stop(Unknown Source)
	org.gradle.api.internal.tasks.testing.worker.TestWorker.stop(TestWorker.java:132)
	sun.reflect.NativeMethodAccessorImpl.invoke0(Native Method)
	sun.reflect.NativeMethodAccessorImpl.invoke(NativeMethodAccessorImpl.java:62)
	sun.reflect.DelegatingMethodAccessorImpl.invoke(DelegatingMethodAccessorImpl.java:43)
	java.lang.reflect.Method.invoke(Method.java:498)
	org.gradle.internal.dispatch.ReflectionDispatch.dispatch(ReflectionDispatch.java:36)
	org.gradle.internal.dispatch.ReflectionDispatch.dispatch(ReflectionDispatch.java:24)
	org.gradle.internal.remote.internal.hub.MessageHubBackedObjectConnection$DispatchWrapper.dispatch(MessageHubBackedObjectConnection.java:182)
	org.gradle.internal.remote.internal.hub.MessageHubBackedObjectConnection$DispatchWrapper.dispatch(MessageHubBackedObjectConnection.java:164)
	org.gradle.internal.remote.internal.hub.MessageHub$Handler.run(MessageHub.java:412)
	org.gradle.internal.concurrent.ExecutorPolicy$CatchAndRecordFailures.onExecute(ExecutorPolicy.java:64)
	org.gradle.internal.concurrent.ManagedExecutorImpl$1.run(ManagedExecutorImpl.java:48)
	java.util.concurrent.ThreadPoolExecutor.runWorker(ThreadPoolExecutor.java:1149)
	java.util.concurrent.ThreadPoolExecutor$Worker.run(ThreadPoolExecutor.java:624)
	org.gradle.internal.concurrent.ThreadFactoryImpl$ManagedThreadRunnable.run(ThreadFactoryImpl.java:56)
	java.lang.Thread.run(Thread.java:748)
Created at:
	io.netty.buffer.PooledByteBufAllocator.newDirectBuffer(PooledByteBufAllocator.java:363)
	io.netty.buffer.AbstractByteBufAllocator.directBuffer(AbstractByteBufAllocator.java:187)
	io.netty.buffer.AbstractByteBufAllocator.directBuffer(AbstractByteBufAllocator.java:178)
	io.netty.buffer.AbstractByteBufAllocator.buffer(AbstractByteBufAllocator.java:115)
	org.springframework.core.io.buffer.NettyDataBufferFactory.allocateBuffer(NettyDataBufferFactory.java:71)
	org.springframework.core.io.buffer.NettyDataBufferFactory.allocateBuffer(NettyDataBufferFactory.java:39)
	org.springframework.core.codec.CharSequenceEncoder.encodeValue(CharSequenceEncoder.java:91)
	org.springframework.core.codec.CharSequenceEncoder.encodeValue(CharSequenceEncoder.java:47)
	org.springframework.messaging.rsocket.MetadataEncoder.encodeEntry(MetadataEncoder.java:240)
	org.springframework.messaging.rsocket.MetadataEncoder.encodeEntries(MetadataEncoder.java:209)
	org.springframework.messaging.rsocket.MetadataEncoder.lambda$encode$1(MetadataEncoder.java:180)
	reactor.core.publisher.MonoCallable.subscribe(MonoCallable.java:56)
	reactor.core.publisher.Mono.subscribe(Mono.java:4208)
	reactor.core.publisher.MonoZip.subscribe(MonoZip.java:128)
	reactor.core.publisher.Mono.subscribe(Mono.java:4208)
	reactor.core.publisher.FluxConcatArray$ConcatArraySubscriber.onComplete(FluxConcatArray.java:207)
	reactor.core.publisher.FluxConcatArray.subscribe(FluxConcatArray.java:80)
	reactor.core.publisher.Flux.subscribe(Flux.java:8258)
	reactor.core.publisher.FluxSwitchOnFirst$AbstractSwitchOnFirstMain.onNext(FluxSwitchOnFirst.java:154)
	reactor.core.publisher.FluxSwitchIfEmpty$SwitchIfEmptySubscriber.onNext(FluxSwitchIfEmpty.java:67)
	reactor.core.publisher.FluxMap$MapSubscriber.onNext(FluxMap.java:114)
	reactor.core.publisher.FluxMap$MapSubscriber.onNext(FluxMap.java:114)
	reactor.core.publisher.FluxConcatMap$ConcatMapImmediate.innerNext(FluxConcatMap.java:274)
	reactor.core.publisher.FluxConcatMap$ConcatMapInner.onNext(FluxConcatMap.java:851)
	reactor.core.publisher.Operators$MonoSubscriber.complete(Operators.java:1755)
	reactor.core.publisher.MonoDelayUntil$DelayUntilCoordinator.signal(MonoDelayUntil.java:258)
	reactor.core.publisher.MonoDelayUntil$DelayUntilTrigger.onComplete(MonoDelayUntil.java:337)
	reactor.core.publisher.MonoDelay$MonoDelayRunnable.run(MonoDelay.java:118)
	reactor.core.scheduler.SchedulerTask.call(SchedulerTask.java:68)
	reactor.core.scheduler.SchedulerTask.call(SchedulerTask.java:28)
	java.util.concurrent.FutureTask.run(FutureTask.java:266)
	java.util.concurrent.ScheduledThreadPoolExecutor$ScheduledFutureTask.access$201(ScheduledThreadPoolExecutor.java:180)
	java.util.concurrent.ScheduledThreadPoolExecutor$ScheduledFutureTask.run(ScheduledThreadPoolExecutor.java:293)
	java.util.concurrent.ThreadPoolExecutor.runWorker(ThreadPoolExecutor.java:1149)
	java.util.concurrent.ThreadPoolExecutor$Worker.run(ThreadPoolExecutor.java:624)
	java.lang.Thread.run(Thread.java:748)
22:22:58.838 [Test worker] ERROR i.n.u.ResourceLeakDetector - LEAK: ByteBuf.release() was not called before it's garbage-collected. See https://netty.io/wiki/reference-counted-objects.html for more information.
Recent access records: 
#1:
	io.netty.buffer.AdvancedLeakAwareByteBuf.toString(AdvancedLeakAwareByteBuf.java:742)
	org.springframework.core.io.buffer.NettyDataBuffer.toString(NettyDataBuffer.java:299)
	org.springframework.messaging.rsocket.MetadataEncoderTests.metadataWithByteBuf(MetadataEncoderTests.java:159)
	sun.reflect.NativeMethodAccessorImpl.invoke0(Native Method)
	sun.reflect.NativeMethodAccessorImpl.invoke(NativeMethodAccessorImpl.java:62)
	sun.reflect.DelegatingMethodAccessorImpl.invoke(DelegatingMethodAccessorImpl.java:43)
	java.lang.reflect.Method.invoke(Method.java:498)
	org.junit.platform.commons.util.ReflectionUtils.invokeMethod(ReflectionUtils.java:686)
	org.junit.jupiter.engine.execution.MethodInvocation.proceed(MethodInvocation.java:60)
	org.junit.jupiter.engine.execution.InvocationInterceptorChain$ValidatingInvocation.proceed(InvocationInterceptorChain.java:131)
	org.junit.jupiter.engine.extension.TimeoutExtension.intercept(TimeoutExtension.java:149)
	org.junit.jupiter.engine.extension.TimeoutExtension.interceptTestableMethod(TimeoutExtension.java:140)
	org.junit.jupiter.engine.extension.TimeoutExtension.interceptTestMethod(TimeoutExtension.java:84)
	org.junit.jupiter.engine.execution.ExecutableInvoker$ReflectiveInterceptorCall.lambda$ofVoidMethod$0(ExecutableInvoker.java:115)
	org.junit.jupiter.engine.execution.ExecutableInvoker.lambda$invoke$0(ExecutableInvoker.java:105)
	org.junit.jupiter.engine.execution.InvocationInterceptorChain$InterceptedInvocation.proceed(InvocationInterceptorChain.java:106)
	org.junit.jupiter.engine.execution.InvocationInterceptorChain.proceed(InvocationInterceptorChain.java:64)
	org.junit.jupiter.engine.execution.InvocationInterceptorChain.chainAndInvoke(InvocationInterceptorChain.java:45)
	org.junit.jupiter.engine.execution.InvocationInterceptorChain.invoke(InvocationInterceptorChain.java:37)
	org.junit.jupiter.engine.execution.ExecutableInvoker.invoke(ExecutableInvoker.java:104)
	org.junit.jupiter.engine.execution.ExecutableInvoker.invoke(ExecutableInvoker.java:98)
	org.junit.jupiter.engine.descriptor.TestMethodTestDescriptor.lambda$invokeTestMethod$6(TestMethodTestDescriptor.java:212)
	org.junit.platform.engine.support.hierarchical.ThrowableCollector.execute(ThrowableCollector.java:73)
	org.junit.jupiter.engine.descriptor.TestMethodTestDescriptor.invokeTestMethod(TestMethodTestDescriptor.java:208)
	org.junit.jupiter.engine.descriptor.TestMethodTestDescriptor.execute(TestMethodTestDescriptor.java:137)
	org.junit.jupiter.engine.descriptor.TestMethodTestDescriptor.execute(TestMethodTestDescriptor.java:71)
	org.junit.platform.engine.support.hierarchical.NodeTestTask.lambda$executeRecursively$5(NodeTestTask.java:135)
	org.junit.platform.engine.support.hierarchical.ThrowableCollector.execute(ThrowableCollector.java:73)
	org.junit.platform.engine.support.hierarchical.NodeTestTask.lambda$executeRecursively$7(NodeTestTask.java:125)
	org.junit.platform.engine.support.hierarchical.Node.around(Node.java:135)
	org.junit.platform.engine.support.hierarchical.NodeTestTask.lambda$executeRecursively$8(NodeTestTask.java:123)
	org.junit.platform.engine.support.hierarchical.ThrowableCollector.execute(ThrowableCollector.java:73)
	org.junit.platform.engine.support.hierarchical.NodeTestTask.executeRecursively(NodeTestTask.java:122)
	org.junit.platform.engine.support.hierarchical.NodeTestTask.execute(NodeTestTask.java:80)
	java.util.ArrayList.forEach(ArrayList.java:1257)
	org.junit.platform.engine.support.hierarchical.SameThreadHierarchicalTestExecutorService.invokeAll(SameThreadHierarchicalTestExecutorService.java:38)
	org.junit.platform.engine.support.hierarchical.NodeTestTask.lambda$executeRecursively$5(NodeTestTask.java:139)
	org.junit.platform.engine.support.hierarchical.ThrowableCollector.execute(ThrowableCollector.java:73)
	org.junit.platform.engine.support.hierarchical.NodeTestTask.lambda$executeRecursively$7(NodeTestTask.java:125)
	org.junit.platform.engine.support.hierarchical.Node.around(Node.java:135)
	org.junit.platform.engine.support.hierarchical.NodeTestTask.lambda$executeRecursively$8(NodeTestTask.java:123)
	org.junit.platform.engine.support.hierarchical.ThrowableCollector.execute(ThrowableCollector.java:73)
	org.junit.platform.engine.support.hierarchical.NodeTestTask.executeRecursively(NodeTestTask.java:122)
	org.junit.platform.engine.support.hierarchical.NodeTestTask.execute(NodeTestTask.java:80)
	java.util.ArrayList.forEach(ArrayList.java:1257)
	org.junit.platform.engine.support.hierarchical.SameThreadHierarchicalTestExecutorService.invokeAll(SameThreadHierarchicalTestExecutorService.java:38)
	org.junit.platform.engine.support.hierarchical.NodeTestTask.lambda$executeRecursively$5(NodeTestTask.java:139)
	org.junit.platform.engine.support.hierarchical.ThrowableCollector.execute(ThrowableCollector.java:73)
	org.junit.platform.engine.support.hierarchical.NodeTestTask.lambda$executeRecursively$7(NodeTestTask.java:125)
	org.junit.platform.engine.support.hierarchical.Node.around(Node.java:135)
	org.junit.platform.engine.support.hierarchical.NodeTestTask.lambda$executeRecursively$8(NodeTestTask.java:123)
	org.junit.platform.engine.support.hierarchical.ThrowableCollector.execute(ThrowableCollector.java:73)
	org.junit.platform.engine.support.hierarchical.NodeTestTask.executeRecursively(NodeTestTask.java:122)
	org.junit.platform.engine.support.hierarchical.NodeTestTask.execute(NodeTestTask.java:80)
	org.junit.platform.engine.support.hierarchical.SameThreadHierarchicalTestExecutorService.submit(SameThreadHierarchicalTestExecutorService.java:32)
	org.junit.platform.engine.support.hierarchical.HierarchicalTestExecutor.execute(HierarchicalTestExecutor.java:57)
	org.junit.platform.engine.support.hierarchical.HierarchicalTestEngine.execute(HierarchicalTestEngine.java:51)
	org.junit.platform.launcher.core.DefaultLauncher.execute(DefaultLauncher.java:248)
	org.junit.platform.launcher.core.DefaultLauncher.lambda$execute$5(DefaultLauncher.java:211)
	org.junit.platform.launcher.core.DefaultLauncher.withInterceptedStreams(DefaultLauncher.java:226)
	org.junit.platform.launcher.core.DefaultLauncher.execute(DefaultLauncher.java:199)
	org.junit.platform.launcher.core.DefaultLauncher.execute(DefaultLauncher.java:132)
	org.gradle.api.internal.tasks.testing.junitplatform.JUnitPlatformTestClassProcessor$CollectAllTestClassesExecutor.processAllTestClasses(JUnitPlatformTestClassProcessor.java:102)
	org.gradle.api.internal.tasks.testing.junitplatform.JUnitPlatformTestClassProcessor$CollectAllTestClassesExecutor.access$000(JUnitPlatformTestClassProcessor.java:82)
	org.gradle.api.internal.tasks.testing.junitplatform.JUnitPlatformTestClassProcessor.stop(JUnitPlatformTestClassProcessor.java:78)
	org.gradle.api.internal.tasks.testing.SuiteTestClassProcessor.stop(SuiteTestClassProcessor.java:61)
	sun.reflect.NativeMethodAccessorImpl.invoke0(Native Method)
	sun.reflect.NativeMethodAccessorImpl.invoke(NativeMethodAccessorImpl.java:62)
	sun.reflect.DelegatingMethodAccessorImpl.invoke(DelegatingMethodAccessorImpl.java:43)
	java.lang.reflect.Method.invoke(Method.java:498)
	org.gradle.internal.dispatch.ReflectionDispatch.dispatch(ReflectionDispatch.java:36)
	org.gradle.internal.dispatch.ReflectionDispatch.dispatch(ReflectionDispatch.java:24)
	org.gradle.internal.dispatch.ContextClassLoaderDispatch.dispatch(ContextClassLoaderDispatch.java:33)
	org.gradle.internal.dispatch.ProxyDispatchAdapter$DispatchingInvocationHandler.invoke(ProxyDispatchAdapter.java:94)
	com.sun.proxy.$Proxy2.stop(Unknown Source)
	org.gradle.api.internal.tasks.testing.worker.TestWorker.stop(TestWorker.java:132)
	sun.reflect.NativeMethodAccessorImpl.invoke0(Native Method)
	sun.reflect.NativeMethodAccessorImpl.invoke(NativeMethodAccessorImpl.java:62)
	sun.reflect.DelegatingMethodAccessorImpl.invoke(DelegatingMethodAccessorImpl.java:43)
	java.lang.reflect.Method.invoke(Method.java:498)
	org.gradle.internal.dispatch.ReflectionDispatch.dispatch(ReflectionDispatch.java:36)
	org.gradle.internal.dispatch.ReflectionDispatch.dispatch(ReflectionDispatch.java:24)
	org.gradle.internal.remote.internal.hub.MessageHubBackedObjectConnection$DispatchWrapper.dispatch(MessageHubBackedObjectConnection.java:182)
	org.gradle.internal.remote.internal.hub.MessageHubBackedObjectConnection$DispatchWrapper.dispatch(MessageHubBackedObjectConnection.java:164)
	org.gradle.internal.remote.internal.hub.MessageHub$Handler.run(MessageHub.java:412)
	org.gradle.internal.concurrent.ExecutorPolicy$CatchAndRecordFailures.onExecute(ExecutorPolicy.java:64)
	org.gradle.internal.concurrent.ManagedExecutorImpl$1.run(ManagedExecutorImpl.java:48)
	java.util.concurrent.ThreadPoolExecutor.runWorker(ThreadPoolExecutor.java:1149)
	java.util.concurrent.ThreadPoolExecutor$Worker.run(ThreadPoolExecutor.java:624)
	org.gradle.internal.concurrent.ThreadFactoryImpl$ManagedThreadRunnable.run(ThreadFactoryImpl.java:56)
	java.lang.Thread.run(Thread.java:748)
Created at:
	io.netty.buffer.PooledByteBufAllocator.newDirectBuffer(PooledByteBufAllocator.java:363)
	io.netty.buffer.AbstractByteBufAllocator.directBuffer(AbstractByteBufAllocator.java:187)
	io.netty.buffer.AbstractByteBufAllocator.directBuffer(AbstractByteBufAllocator.java:178)
	io.netty.buffer.AbstractByteBufAllocator.buffer(AbstractByteBufAllocator.java:115)
	org.springframework.core.io.buffer.NettyDataBufferFactory.allocateBuffer(NettyDataBufferFactory.java:71)
	org.springframework.core.io.buffer.NettyDataBufferFactory.allocateBuffer(NettyDataBufferFactory.java:39)
	org.springframework.core.codec.CharSequenceEncoder.encodeValue(CharSequenceEncoder.java:91)
	org.springframework.core.codec.CharSequenceEncoder.encodeValue(CharSequenceEncoder.java:47)
	org.springframework.messaging.rsocket.MetadataEncoder.encodeEntry(MetadataEncoder.java:240)
	org.springframework.messaging.rsocket.MetadataEncoder.encodeEntry(MetadataEncoder.java:229)
	org.springframework.messaging.rsocket.MetadataEncoder.encodeEntries(MetadataEncoder.java:219)
	org.springframework.messaging.rsocket.MetadataEncoder.lambda$encode$1(MetadataEncoder.java:180)
	reactor.core.publisher.MonoCallable.block(MonoCallable.java:81)
	reactor.core.publisher.MonoCallable.block(MonoCallable.java:74)
	org.springframework.messaging.rsocket.MetadataEncoderTests.metadataWithByteBuf(MetadataEncoderTests.java:157)
	sun.reflect.NativeMethodAccessorImpl.invoke0(Native Method)
	sun.reflect.NativeMethodAccessorImpl.invoke(NativeMethodAccessorImpl.java:62)
	sun.reflect.DelegatingMethodAccessorImpl.invoke(DelegatingMethodAccessorImpl.java:43)
	java.lang.reflect.Method.invoke(Method.java:498)
	org.junit.platform.commons.util.ReflectionUtils.invokeMethod(ReflectionUtils.java:686)
	org.junit.jupiter.engine.execution.MethodInvocation.proceed(MethodInvocation.java:60)
	org.junit.jupiter.engine.execution.InvocationInterceptorChain$ValidatingInvocation.proceed(InvocationInterceptorChain.java:131)
	org.junit.jupiter.engine.extension.TimeoutExtension.intercept(TimeoutExtension.java:149)
	org.junit.jupiter.engine.extension.TimeoutExtension.interceptTestableMethod(TimeoutExtension.java:140)
	org.junit.jupiter.engine.extension.TimeoutExtension.interceptTestMethod(TimeoutExtension.java:84)
	org.junit.jupiter.engine.execution.ExecutableInvoker$ReflectiveInterceptorCall.lambda$ofVoidMethod$0(ExecutableInvoker.java:115)
	org.junit.jupiter.engine.execution.ExecutableInvoker.lambda$invoke$0(ExecutableInvoker.java:105)
	org.junit.jupiter.engine.execution.InvocationInterceptorChain$InterceptedInvocation.proceed(InvocationInterceptorChain.java:106)
	org.junit.jupiter.engine.execution.InvocationInterceptorChain.proceed(InvocationInterceptorChain.java:64)
	org.junit.jupiter.engine.execution.InvocationInterceptorChain.chainAndInvoke(InvocationInterceptorChain.java:45)
	org.junit.jupiter.engine.execution.InvocationInterceptorChain.invoke(InvocationInterceptorChain.java:37)
	org.junit.jupiter.engine.execution.ExecutableInvoker.invoke(ExecutableInvoker.java:104)
	org.junit.jupiter.engine.execution.ExecutableInvoker.invoke(ExecutableInvoker.java:98)
	org.junit.jupiter.engine.descriptor.TestMethodTestDescriptor.lambda$invokeTestMethod$6(TestMethodTestDescriptor.java:212)
	org.junit.platform.engine.support.hierarchical.ThrowableCollector.execute(ThrowableCollector.java:73)
	org.junit.jupiter.engine.descriptor.TestMethodTestDescriptor.invokeTestMethod(TestMethodTestDescriptor.java:208)
	org.junit.jupiter.engine.descriptor.TestMethodTestDescriptor.execute(TestMethodTestDescriptor.java:137)
	org.junit.jupiter.engine.descriptor.TestMethodTestDescriptor.execute(TestMethodTestDescriptor.java:71)
	org.junit.platform.engine.support.hierarchical.NodeTestTask.lambda$executeRecursively$5(NodeTestTask.java:135)
	org.junit.platform.engine.support.hierarchical.ThrowableCollector.execute(ThrowableCollector.java:73)
	org.junit.platform.engine.support.hierarchical.NodeTestTask.lambda$executeRecursively$7(NodeTestTask.java:125)
	org.junit.platform.engine.support.hierarchical.Node.around(Node.java:135)
	org.junit.platform.engine.support.hierarchical.NodeTestTask.lambda$executeRecursively$8(NodeTestTask.java:123)
	org.junit.platform.engine.support.hierarchical.ThrowableCollector.execute(ThrowableCollector.java:73)
	org.junit.platform.engine.support.hierarchical.NodeTestTask.executeRecursively(NodeTestTask.java:122)
	org.junit.platform.engine.support.hierarchical.NodeTestTask.execute(NodeTestTask.java:80)
	java.util.ArrayList.forEach(ArrayList.java:1257)
	org.junit.platform.engine.support.hierarchical.SameThreadHierarchicalTestExecutorService.invokeAll(SameThreadHierarchicalTestExecutorService.java:38)
	org.junit.platform.engine.support.hierarchical.NodeTestTask.lambda$executeRecursively$5(NodeTestTask.java:139)
	org.junit.platform.engine.support.hierarchical.ThrowableCollector.execute(ThrowableCollector.java:73)
	org.junit.platform.engine.support.hierarchical.NodeTestTask.lambda$executeRecursively$7(NodeTestTask.java:125)
	org.junit.platform.engine.support.hierarchical.Node.around(Node.java:135)
	org.junit.platform.engine.support.hierarchical.NodeTestTask.lambda$executeRecursively$8(NodeTestTask.java:123)
	org.junit.platform.engine.support.hierarchical.ThrowableCollector.execute(ThrowableCollector.java:73)
	org.junit.platform.engine.support.hierarchical.NodeTestTask.executeRecursively(NodeTestTask.java:122)
	org.junit.platform.engine.support.hierarchical.NodeTestTask.execute(NodeTestTask.java:80)
	java.util.ArrayList.forEach(ArrayList.java:1257)
	org.junit.platform.engine.support.hierarchical.SameThreadHierarchicalTestExecutorService.invokeAll(SameThreadHierarchicalTestExecutorService.java:38)
	org.junit.platform.engine.support.hierarchical.NodeTestTask.lambda$executeRecursively$5(NodeTestTask.java:139)
	org.junit.platform.engine.support.hierarchical.ThrowableCollector.execute(ThrowableCollector.java:73)
	org.junit.platform.engine.support.hierarchical.NodeTestTask.lambda$executeRecursively$7(NodeTestTask.java:125)
	org.junit.platform.engine.support.hierarchical.Node.around(Node.java:135)
	org.junit.platform.engine.support.hierarchical.NodeTestTask.lambda$executeRecursively$8(NodeTestTask.java:123)
	org.junit.platform.engine.support.hierarchical.ThrowableCollector.execute(ThrowableCollector.java:73)
	org.junit.platform.engine.support.hierarchical.NodeTestTask.executeRecursively(NodeTestTask.java:122)
	org.junit.platform.engine.support.hierarchical.NodeTestTask.execute(NodeTestTask.java:80)
	org.junit.platform.engine.support.hierarchical.SameThreadHierarchicalTestExecutorService.submit(SameThreadHierarchicalTestExecutorService.java:32)
	org.junit.platform.engine.support.hierarchical.HierarchicalTestExecutor.execute(HierarchicalTestExecutor.java:57)
	org.junit.platform.engine.support.hierarchical.HierarchicalTestEngine.execute(HierarchicalTestEngine.java:51)
	org.junit.platform.launcher.core.DefaultLauncher.execute(DefaultLauncher.java:248)
	org.junit.platform.launcher.core.DefaultLauncher.lambda$execute$5(DefaultLauncher.java:211)
	org.junit.platform.launcher.core.DefaultLauncher.withInterceptedStreams(DefaultLauncher.java:226)
	org.junit.platform.launcher.core.DefaultLauncher.execute(DefaultLauncher.java:199)
	org.junit.platform.launcher.core.DefaultLauncher.execute(DefaultLauncher.java:132)
	org.gradle.api.internal.tasks.testing.junitplatform.JUnitPlatformTestClassProcessor$CollectAllTestClassesExecutor.processAllTestClasses(JUnitPlatformTestClassProcessor.java:102)
	org.gradle.api.internal.tasks.testing.junitplatform.JUnitPlatformTestClassProcessor$CollectAllTestClassesExecutor.access$000(JUnitPlatformTestClassProcessor.java:82)
	org.gradle.api.internal.tasks.testing.junitplatform.JUnitPlatformTestClassProcessor.stop(JUnitPlatformTestClassProcessor.java:78)
	org.gradle.api.internal.tasks.testing.SuiteTestClassProcessor.stop(SuiteTestClassProcessor.java:61)
	sun.reflect.NativeMethodAccessorImpl.invoke0(Native Method)
	sun.reflect.NativeMethodAccessorImpl.invoke(NativeMethodAccessorImpl.java:62)
	sun.reflect.DelegatingMethodAccessorImpl.invoke(DelegatingMethodAccessorImpl.java:43)
	java.lang.reflect.Method.invoke(Method.java:498)
	org.gradle.internal.dispatch.ReflectionDispatch.dispatch(ReflectionDispatch.java:36)
	org.gradle.internal.dispatch.ReflectionDispatch.dispatch(ReflectionDispatch.java:24)
	org.gradle.internal.dispatch.ContextClassLoaderDispatch.dispatch(ContextClassLoaderDispatch.java:33)
	org.gradle.internal.dispatch.ProxyDispatchAdapter$DispatchingInvocationHandler.invoke(ProxyDispatchAdapter.java:94)
	com.sun.proxy.$Proxy2.stop(Unknown Source)
	org.gradle.api.internal.tasks.testing.worker.TestWorker.stop(TestWorker.java:132)
	sun.reflect.NativeMethodAccessorImpl.invoke0(Native Method)
	sun.reflect.NativeMethodAccessorImpl.invoke(NativeMethodAccessorImpl.java:62)
	sun.reflect.DelegatingMethodAccessorImpl.invoke(DelegatingMethodAccessorImpl.java:43)
	java.lang.reflect.Method.invoke(Method.java:498)
	org.gradle.internal.dispatch.ReflectionDispatch.dispatch(ReflectionDispatch.java:36)
	org.gradle.internal.dispatch.ReflectionDispatch.dispatch(ReflectionDispatch.java:24)
	org.gradle.internal.remote.internal.hub.MessageHubBackedObjectConnection$DispatchWrapper.dispatch(MessageHubBackedObjectConnection.java:182)
	org.gradle.internal.remote.internal.hub.MessageHubBackedObjectConnection$DispatchWrapper.dispatch(MessageHubBackedObjectConnection.java:164)
	org.gradle.internal.remote.internal.hub.MessageHub$Handler.run(MessageHub.java:412)
	org.gradle.internal.concurrent.ExecutorPolicy$CatchAndRecordFailures.onExecute(ExecutorPolicy.java:64)
	org.gradle.internal.concurrent.ManagedExecutorImpl$1.run(ManagedExecutorImpl.java:48)
	java.util.concurrent.ThreadPoolExecutor.runWorker(ThreadPoolExecutor.java:1149)
	java.util.concurrent.ThreadPoolExecutor$Worker.run(ThreadPoolExecutor.java:624)
	org.gradle.internal.concurrent.ThreadFactoryImpl$ManagedThreadRunnable.run(ThreadFactoryImpl.java:56)
	java.lang.Thread.run(Thread.java:748)
22:22:58.840 [Test worker] ERROR i.n.u.ResourceLeakDetector - LEAK: ByteBuf.release() was not called before it's garbage-collected. See https://netty.io/wiki/reference-counted-objects.html for more information.
Recent access records: 
#1:
	io.netty.buffer.AdvancedLeakAwareByteBuf.toString(AdvancedLeakAwareByteBuf.java:742)
	io.rsocket.Payload.getMetadataUtf8(Payload.java:98)
	org.springframework.messaging.rsocket.DefaultRSocketRequesterTests.testSendMono(DefaultRSocketRequesterTests.java:98)
	org.springframework.messaging.rsocket.DefaultRSocketRequesterTests.sendMono(DefaultRSocketRequesterTests.java:85)
	sun.reflect.NativeMethodAccessorImpl.invoke0(Native Method)
	sun.reflect.NativeMethodAccessorImpl.invoke(NativeMethodAccessorImpl.java:62)
	sun.reflect.DelegatingMethodAccessorImpl.invoke(DelegatingMethodAccessorImpl.java:43)
	java.lang.reflect.Method.invoke(Method.java:498)
	org.junit.platform.commons.util.ReflectionUtils.invokeMethod(ReflectionUtils.java:686)
	org.junit.jupiter.engine.execution.MethodInvocation.proceed(MethodInvocation.java:60)
	org.junit.jupiter.engine.execution.InvocationInterceptorChain$ValidatingInvocation.proceed(InvocationInterceptorChain.java:131)
	org.junit.jupiter.engine.extension.TimeoutExtension.intercept(TimeoutExtension.java:149)
	org.junit.jupiter.engine.extension.TimeoutExtension.interceptTestableMethod(TimeoutExtension.java:140)
	org.junit.jupiter.engine.extension.TimeoutExtension.interceptTestMethod(TimeoutExtension.java:84)
	org.junit.jupiter.engine.execution.ExecutableInvoker$ReflectiveInterceptorCall.lambda$ofVoidMethod$0(ExecutableInvoker.java:115)
	org.junit.jupiter.engine.execution.ExecutableInvoker.lambda$invoke$0(ExecutableInvoker.java:105)
	org.junit.jupiter.engine.execution.InvocationInterceptorChain$InterceptedInvocation.proceed(InvocationInterceptorChain.java:106)
	org.junit.jupiter.engine.execution.InvocationInterceptorChain.proceed(InvocationInterceptorChain.java:64)
	org.junit.jupiter.engine.execution.InvocationInterceptorChain.chainAndInvoke(InvocationInterceptorChain.java:45)
	org.junit.jupiter.engine.execution.InvocationInterceptorChain.invoke(InvocationInterceptorChain.java:37)
	org.junit.jupiter.engine.execution.ExecutableInvoker.invoke(ExecutableInvoker.java:104)
	org.junit.jupiter.engine.execution.ExecutableInvoker.invoke(ExecutableInvoker.java:98)
	org.junit.jupiter.engine.descriptor.TestMethodTestDescriptor.lambda$invokeTestMethod$6(TestMethodTestDescriptor.java:212)
	org.junit.platform.engine.support.hierarchical.ThrowableCollector.execute(ThrowableCollector.java:73)
	org.junit.jupiter.engine.descriptor.TestMethodTestDescriptor.invokeTestMethod(TestMethodTestDescriptor.java:208)
	org.junit.jupiter.engine.descriptor.TestMethodTestDescriptor.execute(TestMethodTestDescriptor.java:137)
	org.junit.jupiter.engine.descriptor.TestMethodTestDescriptor.execute(TestMethodTestDescriptor.java:71)
	org.junit.platform.engine.support.hierarchical.NodeTestTask.lambda$executeRecursively$5(NodeTestTask.java:135)
	org.junit.platform.engine.support.hierarchical.ThrowableCollector.execute(ThrowableCollector.java:73)
	org.junit.platform.engine.support.hierarchical.NodeTestTask.lambda$executeRecursively$7(NodeTestTask.java:125)
	org.junit.platform.engine.support.hierarchical.Node.around(Node.java:135)
	org.junit.platform.engine.support.hierarchical.NodeTestTask.lambda$executeRecursively$8(NodeTestTask.java:123)
	org.junit.platform.engine.support.hierarchical.ThrowableCollector.execute(ThrowableCollector.java:73)
	org.junit.platform.engine.support.hierarchical.NodeTestTask.executeRecursively(NodeTestTask.java:122)
	org.junit.platform.engine.support.hierarchical.NodeTestTask.execute(NodeTestTask.java:80)
	java.util.ArrayList.forEach(ArrayList.java:1257)
	org.junit.platform.engine.support.hierarchical.SameThreadHierarchicalTestExecutorService.invokeAll(SameThreadHierarchicalTestExecutorService.java:38)
	org.junit.platform.engine.support.hierarchical.NodeTestTask.lambda$executeRecursively$5(NodeTestTask.java:139)
	org.junit.platform.engine.support.hierarchical.ThrowableCollector.execute(ThrowableCollector.java:73)
	org.junit.platform.engine.support.hierarchical.NodeTestTask.lambda$executeRecursively$7(NodeTestTask.java:125)
	org.junit.platform.engine.support.hierarchical.Node.around(Node.java:135)
	org.junit.platform.engine.support.hierarchical.NodeTestTask.lambda$executeRecursively$8(NodeTestTask.java:123)
	org.junit.platform.engine.support.hierarchical.ThrowableCollector.execute(ThrowableCollector.java:73)
	org.junit.platform.engine.support.hierarchical.NodeTestTask.executeRecursively(NodeTestTask.java:122)
	org.junit.platform.engine.support.hierarchical.NodeTestTask.execute(NodeTestTask.java:80)
	java.util.ArrayList.forEach(ArrayList.java:1257)
	org.junit.platform.engine.support.hierarchical.SameThreadHierarchicalTestExecutorService.invokeAll(SameThreadHierarchicalTestExecutorService.java:38)
	org.junit.platform.engine.support.hierarchical.NodeTestTask.lambda$executeRecursively$5(NodeTestTask.java:139)
	org.junit.platform.engine.support.hierarchical.ThrowableCollector.execute(ThrowableCollector.java:73)
	org.junit.platform.engine.support.hierarchical.NodeTestTask.lambda$executeRecursively$7(NodeTestTask.java:125)
	org.junit.platform.engine.support.hierarchical.Node.around(Node.java:135)
	org.junit.platform.engine.support.hierarchical.NodeTestTask.lambda$executeRecursively$8(NodeTestTask.java:123)
	org.junit.platform.engine.support.hierarchical.ThrowableCollector.execute(ThrowableCollector.java:73)
	org.junit.platform.engine.support.hierarchical.NodeTestTask.executeRecursively(NodeTestTask.java:122)
	org.junit.platform.engine.support.hierarchical.NodeTestTask.execute(NodeTestTask.java:80)
	org.junit.platform.engine.support.hierarchical.SameThreadHierarchicalTestExecutorService.submit(SameThreadHierarchicalTestExecutorService.java:32)
	org.junit.platform.engine.support.hierarchical.HierarchicalTestExecutor.execute(HierarchicalTestExecutor.java:57)
	org.junit.platform.engine.support.hierarchical.HierarchicalTestEngine.execute(HierarchicalTestEngine.java:51)
	org.junit.platform.launcher.core.DefaultLauncher.execute(DefaultLauncher.java:248)
	org.junit.platform.launcher.core.DefaultLauncher.lambda$execute$5(DefaultLauncher.java:211)
	org.junit.platform.launcher.core.DefaultLauncher.withInterceptedStreams(DefaultLauncher.java:226)
	org.junit.platform.launcher.core.DefaultLauncher.execute(DefaultLauncher.java:199)
	org.junit.platform.launcher.core.DefaultLauncher.execute(DefaultLauncher.java:132)
	org.gradle.api.internal.tasks.testing.junitplatform.JUnitPlatformTestClassProcessor$CollectAllTestClassesExecutor.processAllTestClasses(JUnitPlatformTestClassProcessor.java:102)
	org.gradle.api.internal.tasks.testing.junitplatform.JUnitPlatformTestClassProcessor$CollectAllTestClassesExecutor.access$000(JUnitPlatformTestClassProcessor.java:82)
	org.gradle.api.internal.tasks.testing.junitplatform.JUnitPlatformTestClassProcessor.stop(JUnitPlatformTestClassProcessor.java:78)
	org.gradle.api.internal.tasks.testing.SuiteTestClassProcessor.stop(SuiteTestClassProcessor.java:61)
	sun.reflect.NativeMethodAccessorImpl.invoke0(Native Method)
	sun.reflect.NativeMethodAccessorImpl.invoke(NativeMethodAccessorImpl.java:62)
	sun.reflect.DelegatingMethodAccessorImpl.invoke(DelegatingMethodAccessorImpl.java:43)
	java.lang.reflect.Method.invoke(Method.java:498)
	org.gradle.internal.dispatch.ReflectionDispatch.dispatch(ReflectionDispatch.java:36)
	org.gradle.internal.dispatch.ReflectionDispatch.dispatch(ReflectionDispatch.java:24)
	org.gradle.internal.dispatch.ContextClassLoaderDispatch.dispatch(ContextClassLoaderDispatch.java:33)
	org.gradle.internal.dispatch.ProxyDispatchAdapter$DispatchingInvocationHandler.invoke(ProxyDispatchAdapter.java:94)
	com.sun.proxy.$Proxy2.stop(Unknown Source)
	org.gradle.api.internal.tasks.testing.worker.TestWorker.stop(TestWorker.java:132)
	sun.reflect.NativeMethodAccessorImpl.invoke0(Native Method)
	sun.reflect.NativeMethodAccessorImpl.invoke(NativeMethodAccessorImpl.java:62)
	sun.reflect.DelegatingMethodAccessorImpl.invoke(DelegatingMethodAccessorImpl.java:43)
	java.lang.reflect.Method.invoke(Method.java:498)
	org.gradle.internal.dispatch.ReflectionDispatch.dispatch(ReflectionDispatch.java:36)
	org.gradle.internal.dispatch.ReflectionDispatch.dispatch(ReflectionDispatch.java:24)
	org.gradle.internal.remote.internal.hub.MessageHubBackedObjectConnection$DispatchWrapper.dispatch(MessageHubBackedObjectConnection.java:182)
	org.gradle.internal.remote.internal.hub.MessageHubBackedObjectConnection$DispatchWrapper.dispatch(MessageHubBackedObjectConnection.java:164)
	org.gradle.internal.remote.internal.hub.MessageHub$Handler.run(MessageHub.java:412)
	org.gradle.internal.concurrent.ExecutorPolicy$CatchAndRecordFailures.onExecute(ExecutorPolicy.java:64)
	org.gradle.internal.concurrent.ManagedExecutorImpl$1.run(ManagedExecutorImpl.java:48)
	java.util.concurrent.ThreadPoolExecutor.runWorker(ThreadPoolExecutor.java:1149)
	java.util.concurrent.ThreadPoolExecutor$Worker.run(ThreadPoolExecutor.java:624)
	org.gradle.internal.concurrent.ThreadFactoryImpl$ManagedThreadRunnable.run(ThreadFactoryImpl.java:56)
	java.lang.Thread.run(Thread.java:748)
#2:
	io.netty.buffer.AdvancedLeakAwareByteBuf.slice(AdvancedLeakAwareByteBuf.java:76)
	io.rsocket.util.ByteBufPayload.sliceMetadata(ByteBufPayload.java:134)
	io.rsocket.Payload.getMetadataUtf8(Payload.java:98)
	org.springframework.messaging.rsocket.DefaultRSocketRequesterTests.testSendMono(DefaultRSocketRequesterTests.java:98)
	org.springframework.messaging.rsocket.DefaultRSocketRequesterTests.sendMono(DefaultRSocketRequesterTests.java:85)
	sun.reflect.NativeMethodAccessorImpl.invoke0(Native Method)
	sun.reflect.NativeMethodAccessorImpl.invoke(NativeMethodAccessorImpl.java:62)
	sun.reflect.DelegatingMethodAccessorImpl.invoke(DelegatingMethodAccessorImpl.java:43)
	java.lang.reflect.Method.invoke(Method.java:498)
	org.junit.platform.commons.util.ReflectionUtils.invokeMethod(ReflectionUtils.java:686)
	org.junit.jupiter.engine.execution.MethodInvocation.proceed(MethodInvocation.java:60)
	org.junit.jupiter.engine.execution.InvocationInterceptorChain$ValidatingInvocation.proceed(InvocationInterceptorChain.java:131)
	org.junit.jupiter.engine.extension.TimeoutExtension.intercept(TimeoutExtension.java:149)
	org.junit.jupiter.engine.extension.TimeoutExtension.interceptTestableMethod(TimeoutExtension.java:140)
	org.junit.jupiter.engine.extension.TimeoutExtension.interceptTestMethod(TimeoutExtension.java:84)
	org.junit.jupiter.engine.execution.ExecutableInvoker$ReflectiveInterceptorCall.lambda$ofVoidMethod$0(ExecutableInvoker.java:115)
	org.junit.jupiter.engine.execution.ExecutableInvoker.lambda$invoke$0(ExecutableInvoker.java:105)
	org.junit.jupiter.engine.execution.InvocationInterceptorChain$InterceptedInvocation.proceed(InvocationInterceptorChain.java:106)
	org.junit.jupiter.engine.execution.InvocationInterceptorChain.proceed(InvocationInterceptorChain.java:64)
	org.junit.jupiter.engine.execution.InvocationInterceptorChain.chainAndInvoke(InvocationInterceptorChain.java:45)
	org.junit.jupiter.engine.execution.InvocationInterceptorChain.invoke(InvocationInterceptorChain.java:37)
	org.junit.jupiter.engine.execution.ExecutableInvoker.invoke(ExecutableInvoker.java:104)
	org.junit.jupiter.engine.execution.ExecutableInvoker.invoke(ExecutableInvoker.java:98)
	org.junit.jupiter.engine.descriptor.TestMethodTestDescriptor.lambda$invokeTestMethod$6(TestMethodTestDescriptor.java:212)
	org.junit.platform.engine.support.hierarchical.ThrowableCollector.execute(ThrowableCollector.java:73)
	org.junit.jupiter.engine.descriptor.TestMethodTestDescriptor.invokeTestMethod(TestMethodTestDescriptor.java:208)
	org.junit.jupiter.engine.descriptor.TestMethodTestDescriptor.execute(TestMethodTestDescriptor.java:137)
	org.junit.jupiter.engine.descriptor.TestMethodTestDescriptor.execute(TestMethodTestDescriptor.java:71)
	org.junit.platform.engine.support.hierarchical.NodeTestTask.lambda$executeRecursively$5(NodeTestTask.java:135)
	org.junit.platform.engine.support.hierarchical.ThrowableCollector.execute(ThrowableCollector.java:73)
	org.junit.platform.engine.support.hierarchical.NodeTestTask.lambda$executeRecursively$7(NodeTestTask.java:125)
	org.junit.platform.engine.support.hierarchical.Node.around(Node.java:135)
	org.junit.platform.engine.support.hierarchical.NodeTestTask.lambda$executeRecursively$8(NodeTestTask.java:123)
	org.junit.platform.engine.support.hierarchical.ThrowableCollector.execute(ThrowableCollector.java:73)
	org.junit.platform.engine.support.hierarchical.NodeTestTask.executeRecursively(NodeTestTask.java:122)
	org.junit.platform.engine.support.hierarchical.NodeTestTask.execute(NodeTestTask.java:80)
	java.util.ArrayList.forEach(ArrayList.java:1257)
	org.junit.platform.engine.support.hierarchical.SameThreadHierarchicalTestExecutorService.invokeAll(SameThreadHierarchicalTestExecutorService.java:38)
	org.junit.platform.engine.support.hierarchical.NodeTestTask.lambda$executeRecursively$5(NodeTestTask.java:139)
	org.junit.platform.engine.support.hierarchical.ThrowableCollector.execute(ThrowableCollector.java:73)
	org.junit.platform.engine.support.hierarchical.NodeTestTask.lambda$executeRecursively$7(NodeTestTask.java:125)
	org.junit.platform.engine.support.hierarchical.Node.around(Node.java:135)
	org.junit.platform.engine.support.hierarchical.NodeTestTask.lambda$executeRecursively$8(NodeTestTask.java:123)
	org.junit.platform.engine.support.hierarchical.ThrowableCollector.execute(ThrowableCollector.java:73)
	org.junit.platform.engine.support.hierarchical.NodeTestTask.executeRecursively(NodeTestTask.java:122)
	org.junit.platform.engine.support.hierarchical.NodeTestTask.execute(NodeTestTask.java:80)
	java.util.ArrayList.forEach(ArrayList.java:1257)
	org.junit.platform.engine.support.hierarchical.SameThreadHierarchicalTestExecutorService.invokeAll(SameThreadHierarchicalTestExecutorService.java:38)
	org.junit.platform.engine.support.hierarchical.NodeTestTask.lambda$executeRecursively$5(NodeTestTask.java:139)
	org.junit.platform.engine.support.hierarchical.ThrowableCollector.execute(ThrowableCollector.java:73)
	org.junit.platform.engine.support.hierarchical.NodeTestTask.lambda$executeRecursively$7(NodeTestTask.java:125)
	org.junit.platform.engine.support.hierarchical.Node.around(Node.java:135)
	org.junit.platform.engine.support.hierarchical.NodeTestTask.lambda$executeRecursively$8(NodeTestTask.java:123)
	org.junit.platform.engine.support.hierarchical.ThrowableCollector.execute(ThrowableCollector.java:73)
	org.junit.platform.engine.support.hierarchical.NodeTestTask.executeRecursively(NodeTestTask.java:122)
	org.junit.platform.engine.support.hierarchical.NodeTestTask.execute(NodeTestTask.java:80)
	org.junit.platform.engine.support.hierarchical.SameThreadHierarchicalTestExecutorService.submit(SameThreadHierarchicalTestExecutorService.java:32)
	org.junit.platform.engine.support.hierarchical.HierarchicalTestExecutor.execute(HierarchicalTestExecutor.java:57)
	org.junit.platform.engine.support.hierarchical.HierarchicalTestEngine.execute(HierarchicalTestEngine.java:51)
	org.junit.platform.launcher.core.DefaultLauncher.execute(DefaultLauncher.java:248)
	org.junit.platform.launcher.core.DefaultLauncher.lambda$execute$5(DefaultLauncher.java:211)
	org.junit.platform.launcher.core.DefaultLauncher.withInterceptedStreams(DefaultLauncher.java:226)
	org.junit.platform.launcher.core.DefaultLauncher.execute(DefaultLauncher.java:199)
	org.junit.platform.launcher.core.DefaultLauncher.execute(DefaultLauncher.java:132)
	org.gradle.api.internal.tasks.testing.junitplatform.JUnitPlatformTestClassProcessor$CollectAllTestClassesExecutor.processAllTestClasses(JUnitPlatformTestClassProcessor.java:102)
	org.gradle.api.internal.tasks.testing.junitplatform.JUnitPlatformTestClassProcessor$CollectAllTestClassesExecutor.access$000(JUnitPlatformTestClassProcessor.java:82)
	org.gradle.api.internal.tasks.testing.junitplatform.JUnitPlatformTestClassProcessor.stop(JUnitPlatformTestClassProcessor.java:78)
	org.gradle.api.internal.tasks.testing.SuiteTestClassProcessor.stop(SuiteTestClassProcessor.java:61)
	sun.reflect.NativeMethodAccessorImpl.invoke0(Native Method)
	sun.reflect.NativeMethodAccessorImpl.invoke(NativeMethodAccessorImpl.java:62)
	sun.reflect.DelegatingMethodAccessorImpl.invoke(DelegatingMethodAccessorImpl.java:43)
	java.lang.reflect.Method.invoke(Method.java:498)
	org.gradle.internal.dispatch.ReflectionDispatch.dispatch(ReflectionDispatch.java:36)
	org.gradle.internal.dispatch.ReflectionDispatch.dispatch(ReflectionDispatch.java:24)
	org.gradle.internal.dispatch.ContextClassLoaderDispatch.dispatch(ContextClassLoaderDispatch.java:33)
	org.gradle.internal.dispatch.ProxyDispatchAdapter$DispatchingInvocationHandler.invoke(ProxyDispatchAdapter.java:94)
	com.sun.proxy.$Proxy2.stop(Unknown Source)
	org.gradle.api.internal.tasks.testing.worker.TestWorker.stop(TestWorker.java:132)
	sun.reflect.NativeMethodAccessorImpl.invoke0(Native Method)
	sun.reflect.NativeMethodAccessorImpl.invoke(NativeMethodAccessorImpl.java:62)
	sun.reflect.DelegatingMethodAccessorImpl.invoke(DelegatingMethodAccessorImpl.java:43)
	java.lang.reflect.Method.invoke(Method.java:498)
	org.gradle.internal.dispatch.ReflectionDispatch.dispatch(ReflectionDispatch.java:36)
	org.gradle.internal.dispatch.ReflectionDispatch.dispatch(ReflectionDispatch.java:24)
	org.gradle.internal.remote.internal.hub.MessageHubBackedObjectConnection$DispatchWrapper.dispatch(MessageHubBackedObjectConnection.java:182)
	org.gradle.internal.remote.internal.hub.MessageHubBackedObjectConnection$DispatchWrapper.dispatch(MessageHubBackedObjectConnection.java:164)
	org.gradle.internal.remote.internal.hub.MessageHub$Handler.run(MessageHub.java:412)
	org.gradle.internal.concurrent.ExecutorPolicy$CatchAndRecordFailures.onExecute(ExecutorPolicy.java:64)
	org.gradle.internal.concurrent.ManagedExecutorImpl$1.run(ManagedExecutorImpl.java:48)
	java.util.concurrent.ThreadPoolExecutor.runWorker(ThreadPoolExecutor.java:1149)
	java.util.concurrent.ThreadPoolExecutor$Worker.run(ThreadPoolExecutor.java:624)
	org.gradle.internal.concurrent.ThreadFactoryImpl$ManagedThreadRunnable.run(ThreadFactoryImpl.java:56)
	java.lang.Thread.run(Thread.java:748)
Created at:
	io.netty.buffer.PooledByteBufAllocator.newDirectBuffer(PooledByteBufAllocator.java:363)
	io.netty.buffer.AbstractByteBufAllocator.directBuffer(AbstractByteBufAllocator.java:187)
	io.netty.buffer.AbstractByteBufAllocator.directBuffer(AbstractByteBufAllocator.java:178)
	io.netty.buffer.AbstractByteBufAllocator.buffer(AbstractByteBufAllocator.java:115)
	org.springframework.core.io.buffer.NettyDataBufferFactory.allocateBuffer(NettyDataBufferFactory.java:71)
	org.springframework.core.io.buffer.NettyDataBufferFactory.allocateBuffer(NettyDataBufferFactory.java:39)
	org.springframework.core.codec.CharSequenceEncoder.encodeValue(CharSequenceEncoder.java:91)
	org.springframework.core.codec.CharSequenceEncoder.encodeValue(CharSequenceEncoder.java:47)
	org.springframework.messaging.rsocket.MetadataEncoder.encodeEntry(MetadataEncoder.java:240)
	org.springframework.messaging.rsocket.MetadataEncoder.encodeEntries(MetadataEncoder.java:209)
	org.springframework.messaging.rsocket.MetadataEncoder.lambda$encode$1(MetadataEncoder.java:180)
	reactor.core.publisher.MonoCallable.subscribe(MonoCallable.java:56)
	reactor.core.publisher.Mono.subscribe(Mono.java:4208)
	reactor.core.publisher.MonoZip.subscribe(MonoZip.java:128)
	reactor.core.publisher.Mono.subscribe(Mono.java:4208)
	reactor.core.publisher.Mono.block(Mono.java:1699)
	org.springframework.messaging.rsocket.DefaultRSocketRequesterTests.testSendMono(DefaultRSocketRequesterTests.java:95)
	org.springframework.messaging.rsocket.DefaultRSocketRequesterTests.sendMono(DefaultRSocketRequesterTests.java:85)
	sun.reflect.NativeMethodAccessorImpl.invoke0(Native Method)
	sun.reflect.NativeMethodAccessorImpl.invoke(NativeMethodAccessorImpl.java:62)
	sun.reflect.DelegatingMethodAccessorImpl.invoke(DelegatingMethodAccessorImpl.java:43)
	java.lang.reflect.Method.invoke(Method.java:498)
	org.junit.platform.commons.util.ReflectionUtils.invokeMethod(ReflectionUtils.java:686)
	org.junit.jupiter.engine.execution.MethodInvocation.proceed(MethodInvocation.java:60)
	org.junit.jupiter.engine.execution.InvocationInterceptorChain$ValidatingInvocation.proceed(InvocationInterceptorChain.java:131)
	org.junit.jupiter.engine.extension.TimeoutExtension.intercept(TimeoutExtension.java:149)
	org.junit.jupiter.engine.extension.TimeoutExtension.interceptTestableMethod(TimeoutExtension.java:140)
	org.junit.jupiter.engine.extension.TimeoutExtension.interceptTestMethod(TimeoutExtension.java:84)
	org.junit.jupiter.engine.execution.ExecutableInvoker$ReflectiveInterceptorCall.lambda$ofVoidMethod$0(ExecutableInvoker.java:115)
	org.junit.jupiter.engine.execution.ExecutableInvoker.lambda$invoke$0(ExecutableInvoker.java:105)
	org.junit.jupiter.engine.execution.InvocationInterceptorChain$InterceptedInvocation.proceed(InvocationInterceptorChain.java:106)
	org.junit.jupiter.engine.execution.InvocationInterceptorChain.proceed(InvocationInterceptorChain.java:64)
	org.junit.jupiter.engine.execution.InvocationInterceptorChain.chainAndInvoke(InvocationInterceptorChain.java:45)
	org.junit.jupiter.engine.execution.InvocationInterceptorChain.invoke(InvocationInterceptorChain.java:37)
	org.junit.jupiter.engine.execution.ExecutableInvoker.invoke(ExecutableInvoker.java:104)
	org.junit.jupiter.engine.execution.ExecutableInvoker.invoke(ExecutableInvoker.java:98)
	org.junit.jupiter.engine.descriptor.TestMethodTestDescriptor.lambda$invokeTestMethod$6(TestMethodTestDescriptor.java:212)
	org.junit.platform.engine.support.hierarchical.ThrowableCollector.execute(ThrowableCollector.java:73)
	org.junit.jupiter.engine.descriptor.TestMethodTestDescriptor.invokeTestMethod(TestMethodTestDescriptor.java:208)
	org.junit.jupiter.engine.descriptor.TestMethodTestDescriptor.execute(TestMethodTestDescriptor.java:137)
	org.junit.jupiter.engine.descriptor.TestMethodTestDescriptor.execute(TestMethodTestDescriptor.java:71)
	org.junit.platform.engine.support.hierarchical.NodeTestTask.lambda$executeRecursively$5(NodeTestTask.java:135)
	org.junit.platform.engine.support.hierarchical.ThrowableCollector.execute(ThrowableCollector.java:73)
	org.junit.platform.engine.support.hierarchical.NodeTestTask.lambda$executeRecursively$7(NodeTestTask.java:125)
	org.junit.platform.engine.support.hierarchical.Node.around(Node.java:135)
	org.junit.platform.engine.support.hierarchical.NodeTestTask.lambda$executeRecursively$8(NodeTestTask.java:123)
	org.junit.platform.engine.support.hierarchical.ThrowableCollector.execute(ThrowableCollector.java:73)
	org.junit.platform.engine.support.hierarchical.NodeTestTask.executeRecursively(NodeTestTask.java:122)
	org.junit.platform.engine.support.hierarchical.NodeTestTask.execute(NodeTestTask.java:80)
	java.util.ArrayList.forEach(ArrayList.java:1257)
	org.junit.platform.engine.support.hierarchical.SameThreadHierarchicalTestExecutorService.invokeAll(SameThreadHierarchicalTestExecutorService.java:38)
	org.junit.platform.engine.support.hierarchical.NodeTestTask.lambda$executeRecursively$5(NodeTestTask.java:139)
	org.junit.platform.engine.support.hierarchical.ThrowableCollector.execute(ThrowableCollector.java:73)
	org.junit.platform.engine.support.hierarchical.NodeTestTask.lambda$executeRecursively$7(NodeTestTask.java:125)
	org.junit.platform.engine.support.hierarchical.Node.around(Node.java:135)
	org.junit.platform.engine.support.hierarchical.NodeTestTask.lambda$executeRecursively$8(NodeTestTask.java:123)
	org.junit.platform.engine.support.hierarchical.ThrowableCollector.execute(ThrowableCollector.java:73)
	org.junit.platform.engine.support.hierarchical.NodeTestTask.executeRecursively(NodeTestTask.java:122)
	org.junit.platform.engine.support.hierarchical.NodeTestTask.execute(NodeTestTask.java:80)
	java.util.ArrayList.forEach(ArrayList.java:1257)
	org.junit.platform.engine.support.hierarchical.SameThreadHierarchicalTestExecutorService.invokeAll(SameThreadHierarchicalTestExecutorService.java:38)
	org.junit.platform.engine.support.hierarchical.NodeTestTask.lambda$executeRecursively$5(NodeTestTask.java:139)
	org.junit.platform.engine.support.hierarchical.ThrowableCollector.execute(ThrowableCollector.java:73)
	org.junit.platform.engine.support.hierarchical.NodeTestTask.lambda$executeRecursively$7(NodeTestTask.java:125)
	org.junit.platform.engine.support.hierarchical.Node.around(Node.java:135)
	org.junit.platform.engine.support.hierarchical.NodeTestTask.lambda$executeRecursively$8(NodeTestTask.java:123)
	org.junit.platform.engine.support.hierarchical.ThrowableCollector.execute(ThrowableCollector.java:73)
	org.junit.platform.engine.support.hierarchical.NodeTestTask.executeRecursively(NodeTestTask.java:122)
	org.junit.platform.engine.support.hierarchical.NodeTestTask.execute(NodeTestTask.java:80)
	org.junit.platform.engine.support.hierarchical.SameThreadHierarchicalTestExecutorService.submit(SameThreadHierarchicalTestExecutorService.java:32)
	org.junit.platform.engine.support.hierarchical.HierarchicalTestExecutor.execute(HierarchicalTestExecutor.java:57)
	org.junit.platform.engine.support.hierarchical.HierarchicalTestEngine.execute(HierarchicalTestEngine.java:51)
	org.junit.platform.launcher.core.DefaultLauncher.execute(DefaultLauncher.java:248)
	org.junit.platform.launcher.core.DefaultLauncher.lambda$execute$5(DefaultLauncher.java:211)
	org.junit.platform.launcher.core.DefaultLauncher.withInterceptedStreams(DefaultLauncher.java:226)
	org.junit.platform.launcher.core.DefaultLauncher.execute(DefaultLauncher.java:199)
	org.junit.platform.launcher.core.DefaultLauncher.execute(DefaultLauncher.java:132)
	org.gradle.api.internal.tasks.testing.junitplatform.JUnitPlatformTestClassProcessor$CollectAllTestClassesExecutor.processAllTestClasses(JUnitPlatformTestClassProcessor.java:102)
	org.gradle.api.internal.tasks.testing.junitplatform.JUnitPlatformTestClassProcessor$CollectAllTestClassesExecutor.access$000(JUnitPlatformTestClassProcessor.java:82)
	org.gradle.api.internal.tasks.testing.junitplatform.JUnitPlatformTestClassProcessor.stop(JUnitPlatformTestClassProcessor.java:78)
	org.gradle.api.internal.tasks.testing.SuiteTestClassProcessor.stop(SuiteTestClassProcessor.java:61)
	sun.reflect.NativeMethodAccessorImpl.invoke0(Native Method)
	sun.reflect.NativeMethodAccessorImpl.invoke(NativeMethodAccessorImpl.java:62)
	sun.reflect.DelegatingMethodAccessorImpl.invoke(DelegatingMethodAccessorImpl.java:43)
	java.lang.reflect.Method.invoke(Method.java:498)
	org.gradle.internal.dispatch.ReflectionDispatch.dispatch(ReflectionDispatch.java:36)
	org.gradle.internal.dispatch.ReflectionDispatch.dispatch(ReflectionDispatch.java:24)
	org.gradle.internal.dispatch.ContextClassLoaderDispatch.dispatch(ContextClassLoaderDispatch.java:33)
	org.gradle.internal.dispatch.ProxyDispatchAdapter$DispatchingInvocationHandler.invoke(ProxyDispatchAdapter.java:94)
	com.sun.proxy.$Proxy2.stop(Unknown Source)
	org.gradle.api.internal.tasks.testing.worker.TestWorker.stop(TestWorker.java:132)
	sun.reflect.NativeMethodAccessorImpl.invoke0(Native Method)
	sun.reflect.NativeMethodAccessorImpl.invoke(NativeMethodAccessorImpl.java:62)
	sun.reflect.DelegatingMethodAccessorImpl.invoke(DelegatingMethodAccessorImpl.java:43)
	java.lang.reflect.Method.invoke(Method.java:498)
	org.gradle.internal.dispatch.ReflectionDispatch.dispatch(ReflectionDispatch.java:36)
	org.gradle.internal.dispatch.ReflectionDispatch.dispatch(ReflectionDispatch.java:24)
	org.gradle.internal.remote.internal.hub.MessageHubBackedObjectConnection$DispatchWrapper.dispatch(MessageHubBackedObjectConnection.java:182)
	org.gradle.internal.remote.internal.hub.MessageHubBackedObjectConnection$DispatchWrapper.dispatch(MessageHubBackedObjectConnection.java:164)
	org.gradle.internal.remote.internal.hub.MessageHub$Handler.run(MessageHub.java:412)
	org.gradle.internal.concurrent.ExecutorPolicy$CatchAndRecordFailures.onExecute(ExecutorPolicy.java:64)
	org.gradle.internal.concurrent.ManagedExecutorImpl$1.run(ManagedExecutorImpl.java:48)
	java.util.concurrent.ThreadPoolExecutor.runWorker(ThreadPoolExecutor.java:1149)
	java.util.concurrent.ThreadPoolExecutor$Worker.run(ThreadPoolExecutor.java:624)
	org.gradle.internal.concurrent.ThreadFactoryImpl$ManagedThreadRunnable.run(ThreadFactoryImpl.java:56)
	java.lang.Thread.run(Thread.java:748)
22:22:58.844 [Test worker] ERROR i.n.u.ResourceLeakDetector - LEAK: ByteBuf.release() was not called before it's garbage-collected. See https://netty.io/wiki/reference-counted-objects.html for more information.
Recent access records: 
#1:
	io.netty.buffer.AdvancedLeakAwareByteBuf.toString(AdvancedLeakAwareByteBuf.java:742)
	io.rsocket.Payload.getMetadataUtf8(Payload.java:98)
	org.springframework.messaging.rsocket.DefaultRSocketRequesterTests.testSendFlux(DefaultRSocketRequesterTests.java:128)
	org.springframework.messaging.rsocket.DefaultRSocketRequesterTests.sendFlux(DefaultRSocketRequesterTests.java:109)
	sun.reflect.NativeMethodAccessorImpl.invoke0(Native Method)
	sun.reflect.NativeMethodAccessorImpl.invoke(NativeMethodAccessorImpl.java:62)
	sun.reflect.DelegatingMethodAccessorImpl.invoke(DelegatingMethodAccessorImpl.java:43)
	java.lang.reflect.Method.invoke(Method.java:498)
	org.junit.platform.commons.util.ReflectionUtils.invokeMethod(ReflectionUtils.java:686)
	org.junit.jupiter.engine.execution.MethodInvocation.proceed(MethodInvocation.java:60)
	org.junit.jupiter.engine.execution.InvocationInterceptorChain$ValidatingInvocation.proceed(InvocationInterceptorChain.java:131)
	org.junit.jupiter.engine.extension.TimeoutExtension.intercept(TimeoutExtension.java:149)
	org.junit.jupiter.engine.extension.TimeoutExtension.interceptTestableMethod(TimeoutExtension.java:140)
	org.junit.jupiter.engine.extension.TimeoutExtension.interceptTestMethod(TimeoutExtension.java:84)
	org.junit.jupiter.engine.execution.ExecutableInvoker$ReflectiveInterceptorCall.lambda$ofVoidMethod$0(ExecutableInvoker.java:115)
	org.junit.jupiter.engine.execution.ExecutableInvoker.lambda$invoke$0(ExecutableInvoker.java:105)
	org.junit.jupiter.engine.execution.InvocationInterceptorChain$InterceptedInvocation.proceed(InvocationInterceptorChain.java:106)
	org.junit.jupiter.engine.execution.InvocationInterceptorChain.proceed(InvocationInterceptorChain.java:64)
	org.junit.jupiter.engine.execution.InvocationInterceptorChain.chainAndInvoke(InvocationInterceptorChain.java:45)
	org.junit.jupiter.engine.execution.InvocationInterceptorChain.invoke(InvocationInterceptorChain.java:37)
	org.junit.jupiter.engine.execution.ExecutableInvoker.invoke(ExecutableInvoker.java:104)
	org.junit.jupiter.engine.execution.ExecutableInvoker.invoke(ExecutableInvoker.java:98)
	org.junit.jupiter.engine.descriptor.TestMethodTestDescriptor.lambda$invokeTestMethod$6(TestMethodTestDescriptor.java:212)
	org.junit.platform.engine.support.hierarchical.ThrowableCollector.execute(ThrowableCollector.java:73)
	org.junit.jupiter.engine.descriptor.TestMethodTestDescriptor.invokeTestMethod(TestMethodTestDescriptor.java:208)
	org.junit.jupiter.engine.descriptor.TestMethodTestDescriptor.execute(TestMethodTestDescriptor.java:137)
	org.junit.jupiter.engine.descriptor.TestMethodTestDescriptor.execute(TestMethodTestDescriptor.java:71)
	org.junit.platform.engine.support.hierarchical.NodeTestTask.lambda$executeRecursively$5(NodeTestTask.java:135)
	org.junit.platform.engine.support.hierarchical.ThrowableCollector.execute(ThrowableCollector.java:73)
	org.junit.platform.engine.support.hierarchical.NodeTestTask.lambda$executeRecursively$7(NodeTestTask.java:125)
	org.junit.platform.engine.support.hierarchical.Node.around(Node.java:135)
	org.junit.platform.engine.support.hierarchical.NodeTestTask.lambda$executeRecursively$8(NodeTestTask.java:123)
	org.junit.platform.engine.support.hierarchical.ThrowableCollector.execute(ThrowableCollector.java:73)
	org.junit.platform.engine.support.hierarchical.NodeTestTask.executeRecursively(NodeTestTask.java:122)
	org.junit.platform.engine.support.hierarchical.NodeTestTask.execute(NodeTestTask.java:80)
	java.util.ArrayList.forEach(ArrayList.java:1257)
	org.junit.platform.engine.support.hierarchical.SameThreadHierarchicalTestExecutorService.invokeAll(SameThreadHierarchicalTestExecutorService.java:38)
	org.junit.platform.engine.support.hierarchical.NodeTestTask.lambda$executeRecursively$5(NodeTestTask.java:139)
	org.junit.platform.engine.support.hierarchical.ThrowableCollector.execute(ThrowableCollector.java:73)
	org.junit.platform.engine.support.hierarchical.NodeTestTask.lambda$executeRecursively$7(NodeTestTask.java:125)
	org.junit.platform.engine.support.hierarchical.Node.around(Node.java:135)
	org.junit.platform.engine.support.hierarchical.NodeTestTask.lambda$executeRecursively$8(NodeTestTask.java:123)
	org.junit.platform.engine.support.hierarchical.ThrowableCollector.execute(ThrowableCollector.java:73)
	org.junit.platform.engine.support.hierarchical.NodeTestTask.executeRecursively(NodeTestTask.java:122)
	org.junit.platform.engine.support.hierarchical.NodeTestTask.execute(NodeTestTask.java:80)
	java.util.ArrayList.forEach(ArrayList.java:1257)
	org.junit.platform.engine.support.hierarchical.SameThreadHierarchicalTestExecutorService.invokeAll(SameThreadHierarchicalTestExecutorService.java:38)
	org.junit.platform.engine.support.hierarchical.NodeTestTask.lambda$executeRecursively$5(NodeTestTask.java:139)
	org.junit.platform.engine.support.hierarchical.ThrowableCollector.execute(ThrowableCollector.java:73)
	org.junit.platform.engine.support.hierarchical.NodeTestTask.lambda$executeRecursively$7(NodeTestTask.java:125)
	org.junit.platform.engine.support.hierarchical.Node.around(Node.java:135)
	org.junit.platform.engine.support.hierarchical.NodeTestTask.lambda$executeRecursively$8(NodeTestTask.java:123)
	org.junit.platform.engine.support.hierarchical.ThrowableCollector.execute(ThrowableCollector.java:73)
	org.junit.platform.engine.support.hierarchical.NodeTestTask.executeRecursively(NodeTestTask.java:122)
	org.junit.platform.engine.support.hierarchical.NodeTestTask.execute(NodeTestTask.java:80)
	org.junit.platform.engine.support.hierarchical.SameThreadHierarchicalTestExecutorService.submit(SameThreadHierarchicalTestExecutorService.java:32)
	org.junit.platform.engine.support.hierarchical.HierarchicalTestExecutor.execute(HierarchicalTestExecutor.java:57)
	org.junit.platform.engine.support.hierarchical.HierarchicalTestEngine.execute(HierarchicalTestEngine.java:51)
	org.junit.platform.launcher.core.DefaultLauncher.execute(DefaultLauncher.java:248)
	org.junit.platform.launcher.core.DefaultLauncher.lambda$execute$5(DefaultLauncher.java:211)
	org.junit.platform.launcher.core.DefaultLauncher.withInterceptedStreams(DefaultLauncher.java:226)
	org.junit.platform.launcher.core.DefaultLauncher.execute(DefaultLauncher.java:199)
	org.junit.platform.launcher.core.DefaultLauncher.execute(DefaultLauncher.java:132)
	org.gradle.api.internal.tasks.testing.junitplatform.JUnitPlatformTestClassProcessor$CollectAllTestClassesExecutor.processAllTestClasses(JUnitPlatformTestClassProcessor.java:102)
	org.gradle.api.internal.tasks.testing.junitplatform.JUnitPlatformTestClassProcessor$CollectAllTestClassesExecutor.access$000(JUnitPlatformTestClassProcessor.java:82)
	org.gradle.api.internal.tasks.testing.junitplatform.JUnitPlatformTestClassProcessor.stop(JUnitPlatformTestClassProcessor.java:78)
	org.gradle.api.internal.tasks.testing.SuiteTestClassProcessor.stop(SuiteTestClassProcessor.java:61)
	sun.reflect.NativeMethodAccessorImpl.invoke0(Native Method)
	sun.reflect.NativeMethodAccessorImpl.invoke(NativeMethodAccessorImpl.java:62)
	sun.reflect.DelegatingMethodAccessorImpl.invoke(DelegatingMethodAccessorImpl.java:43)
	java.lang.reflect.Method.invoke(Method.java:498)
	org.gradle.internal.dispatch.ReflectionDispatch.dispatch(ReflectionDispatch.java:36)
	org.gradle.internal.dispatch.ReflectionDispatch.dispatch(ReflectionDispatch.java:24)
	org.gradle.internal.dispatch.ContextClassLoaderDispatch.dispatch(ContextClassLoaderDispatch.java:33)
	org.gradle.internal.dispatch.ProxyDispatchAdapter$DispatchingInvocationHandler.invoke(ProxyDispatchAdapter.java:94)
	com.sun.proxy.$Proxy2.stop(Unknown Source)
	org.gradle.api.internal.tasks.testing.worker.TestWorker.stop(TestWorker.java:132)
	sun.reflect.NativeMethodAccessorImpl.invoke0(Native Method)
	sun.reflect.NativeMethodAccessorImpl.invoke(NativeMethodAccessorImpl.java:62)
	sun.reflect.DelegatingMethodAccessorImpl.invoke(DelegatingMethodAccessorImpl.java:43)
	java.lang.reflect.Method.invoke(Method.java:498)
	org.gradle.internal.dispatch.ReflectionDispatch.dispatch(ReflectionDispatch.java:36)
	org.gradle.internal.dispatch.ReflectionDispatch.dispatch(ReflectionDispatch.java:24)
	org.gradle.internal.remote.internal.hub.MessageHubBackedObjectConnection$DispatchWrapper.dispatch(MessageHubBackedObjectConnection.java:182)
	org.gradle.internal.remote.internal.hub.MessageHubBackedObjectConnection$DispatchWrapper.dispatch(MessageHubBackedObjectConnection.java:164)
	org.gradle.internal.remote.internal.hub.MessageHub$Handler.run(MessageHub.java:412)
	org.gradle.internal.concurrent.ExecutorPolicy$CatchAndRecordFailures.onExecute(ExecutorPolicy.java:64)
	org.gradle.internal.concurrent.ManagedExecutorImpl$1.run(ManagedExecutorImpl.java:48)
	java.util.concurrent.ThreadPoolExecutor.runWorker(ThreadPoolExecutor.java:1149)
	java.util.concurrent.ThreadPoolExecutor$Worker.run(ThreadPoolExecutor.java:624)
	org.gradle.internal.concurrent.ThreadFactoryImpl$ManagedThreadRunnable.run(ThreadFactoryImpl.java:56)
	java.lang.Thread.run(Thread.java:748)
#2:
	io.netty.buffer.AdvancedLeakAwareByteBuf.slice(AdvancedLeakAwareByteBuf.java:76)
	io.rsocket.util.ByteBufPayload.sliceMetadata(ByteBufPayload.java:134)
	io.rsocket.Payload.getMetadataUtf8(Payload.java:98)
	org.springframework.messaging.rsocket.DefaultRSocketRequesterTests.testSendFlux(DefaultRSocketRequesterTests.java:128)
	org.springframework.messaging.rsocket.DefaultRSocketRequesterTests.sendFlux(DefaultRSocketRequesterTests.java:109)
	sun.reflect.NativeMethodAccessorImpl.invoke0(Native Method)
	sun.reflect.NativeMethodAccessorImpl.invoke(NativeMethodAccessorImpl.java:62)
	sun.reflect.DelegatingMethodAccessorImpl.invoke(DelegatingMethodAccessorImpl.java:43)
	java.lang.reflect.Method.invoke(Method.java:498)
	org.junit.platform.commons.util.ReflectionUtils.invokeMethod(ReflectionUtils.java:686)
	org.junit.jupiter.engine.execution.MethodInvocation.proceed(MethodInvocation.java:60)
	org.junit.jupiter.engine.execution.InvocationInterceptorChain$ValidatingInvocation.proceed(InvocationInterceptorChain.java:131)
	org.junit.jupiter.engine.extension.TimeoutExtension.intercept(TimeoutExtension.java:149)
	org.junit.jupiter.engine.extension.TimeoutExtension.interceptTestableMethod(TimeoutExtension.java:140)
	org.junit.jupiter.engine.extension.TimeoutExtension.interceptTestMethod(TimeoutExtension.java:84)
	org.junit.jupiter.engine.execution.ExecutableInvoker$ReflectiveInterceptorCall.lambda$ofVoidMethod$0(ExecutableInvoker.java:115)
	org.junit.jupiter.engine.execution.ExecutableInvoker.lambda$invoke$0(ExecutableInvoker.java:105)
	org.junit.jupiter.engine.execution.InvocationInterceptorChain$InterceptedInvocation.proceed(InvocationInterceptorChain.java:106)
	org.junit.jupiter.engine.execution.InvocationInterceptorChain.proceed(InvocationInterceptorChain.java:64)
	org.junit.jupiter.engine.execution.InvocationInterceptorChain.chainAndInvoke(InvocationInterceptorChain.java:45)
	org.junit.jupiter.engine.execution.InvocationInterceptorChain.invoke(InvocationInterceptorChain.java:37)
	org.junit.jupiter.engine.execution.ExecutableInvoker.invoke(ExecutableInvoker.java:104)
	org.junit.jupiter.engine.execution.ExecutableInvoker.invoke(ExecutableInvoker.java:98)
	org.junit.jupiter.engine.descriptor.TestMethodTestDescriptor.lambda$invokeTestMethod$6(TestMethodTestDescriptor.java:212)
	org.junit.platform.engine.support.hierarchical.ThrowableCollector.execute(ThrowableCollector.java:73)
	org.junit.jupiter.engine.descriptor.TestMethodTestDescriptor.invokeTestMethod(TestMethodTestDescriptor.java:208)
	org.junit.jupiter.engine.descriptor.TestMethodTestDescriptor.execute(TestMethodTestDescriptor.java:137)
	org.junit.jupiter.engine.descriptor.TestMethodTestDescriptor.execute(TestMethodTestDescriptor.java:71)
	org.junit.platform.engine.support.hierarchical.NodeTestTask.lambda$executeRecursively$5(NodeTestTask.java:135)
	org.junit.platform.engine.support.hierarchical.ThrowableCollector.execute(ThrowableCollector.java:73)
	org.junit.platform.engine.support.hierarchical.NodeTestTask.lambda$executeRecursively$7(NodeTestTask.java:125)
	org.junit.platform.engine.support.hierarchical.Node.around(Node.java:135)
	org.junit.platform.engine.support.hierarchical.NodeTestTask.lambda$executeRecursively$8(NodeTestTask.java:123)
	org.junit.platform.engine.support.hierarchical.ThrowableCollector.execute(ThrowableCollector.java:73)
	org.junit.platform.engine.support.hierarchical.NodeTestTask.executeRecursively(NodeTestTask.java:122)
	org.junit.platform.engine.support.hierarchical.NodeTestTask.execute(NodeTestTask.java:80)
	java.util.ArrayList.forEach(ArrayList.java:1257)
	org.junit.platform.engine.support.hierarchical.SameThreadHierarchicalTestExecutorService.invokeAll(SameThreadHierarchicalTestExecutorService.java:38)
	org.junit.platform.engine.support.hierarchical.NodeTestTask.lambda$executeRecursively$5(NodeTestTask.java:139)
	org.junit.platform.engine.support.hierarchical.ThrowableCollector.execute(ThrowableCollector.java:73)
	org.junit.platform.engine.support.hierarchical.NodeTestTask.lambda$executeRecursively$7(NodeTestTask.java:125)
	org.junit.platform.engine.support.hierarchical.Node.around(Node.java:135)
	org.junit.platform.engine.support.hierarchical.NodeTestTask.lambda$executeRecursively$8(NodeTestTask.java:123)
	org.junit.platform.engine.support.hierarchical.ThrowableCollector.execute(ThrowableCollector.java:73)
	org.junit.platform.engine.support.hierarchical.NodeTestTask.executeRecursively(NodeTestTask.java:122)
	org.junit.platform.engine.support.hierarchical.NodeTestTask.execute(NodeTestTask.java:80)
	java.util.ArrayList.forEach(ArrayList.java:1257)
	org.junit.platform.engine.support.hierarchical.SameThreadHierarchicalTestExecutorService.invokeAll(SameThreadHierarchicalTestExecutorService.java:38)
	org.junit.platform.engine.support.hierarchical.NodeTestTask.lambda$executeRecursively$5(NodeTestTask.java:139)
	org.junit.platform.engine.support.hierarchical.ThrowableCollector.execute(ThrowableCollector.java:73)
	org.junit.platform.engine.support.hierarchical.NodeTestTask.lambda$executeRecursively$7(NodeTestTask.java:125)
	org.junit.platform.engine.support.hierarchical.Node.around(Node.java:135)
	org.junit.platform.engine.support.hierarchical.NodeTestTask.lambda$executeRecursively$8(NodeTestTask.java:123)
	org.junit.platform.engine.support.hierarchical.ThrowableCollector.execute(ThrowableCollector.java:73)
	org.junit.platform.engine.support.hierarchical.NodeTestTask.executeRecursively(NodeTestTask.java:122)
	org.junit.platform.engine.support.hierarchical.NodeTestTask.execute(NodeTestTask.java:80)
	org.junit.platform.engine.support.hierarchical.SameThreadHierarchicalTestExecutorService.submit(SameThreadHierarchicalTestExecutorService.java:32)
	org.junit.platform.engine.support.hierarchical.HierarchicalTestExecutor.execute(HierarchicalTestExecutor.java:57)
	org.junit.platform.engine.support.hierarchical.HierarchicalTestEngine.execute(HierarchicalTestEngine.java:51)
	org.junit.platform.launcher.core.DefaultLauncher.execute(DefaultLauncher.java:248)
	org.junit.platform.launcher.core.DefaultLauncher.lambda$execute$5(DefaultLauncher.java:211)
	org.junit.platform.launcher.core.DefaultLauncher.withInterceptedStreams(DefaultLauncher.java:226)
	org.junit.platform.launcher.core.DefaultLauncher.execute(DefaultLauncher.java:199)
	org.junit.platform.launcher.core.DefaultLauncher.execute(DefaultLauncher.java:132)
	org.gradle.api.internal.tasks.testing.junitplatform.JUnitPlatformTestClassProcessor$CollectAllTestClassesExecutor.processAllTestClasses(JUnitPlatformTestClassProcessor.java:102)
	org.gradle.api.internal.tasks.testing.junitplatform.JUnitPlatformTestClassProcessor$CollectAllTestClassesExecutor.access$000(JUnitPlatformTestClassProcessor.java:82)
	org.gradle.api.internal.tasks.testing.junitplatform.JUnitPlatformTestClassProcessor.stop(JUnitPlatformTestClassProcessor.java:78)
	org.gradle.api.internal.tasks.testing.SuiteTestClassProcessor.stop(SuiteTestClassProcessor.java:61)
	sun.reflect.NativeMethodAccessorImpl.invoke0(Native Method)
	sun.reflect.NativeMethodAccessorImpl.invoke(NativeMethodAccessorImpl.java:62)
	sun.reflect.DelegatingMethodAccessorImpl.invoke(DelegatingMethodAccessorImpl.java:43)
	java.lang.reflect.Method.invoke(Method.java:498)
	org.gradle.internal.dispatch.ReflectionDispatch.dispatch(ReflectionDispatch.java:36)
	org.gradle.internal.dispatch.ReflectionDispatch.dispatch(ReflectionDispatch.java:24)
	org.gradle.internal.dispatch.ContextClassLoaderDispatch.dispatch(ContextClassLoaderDispatch.java:33)
	org.gradle.internal.dispatch.ProxyDispatchAdapter$DispatchingInvocationHandler.invoke(ProxyDispatchAdapter.java:94)
	com.sun.proxy.$Proxy2.stop(Unknown Source)
	org.gradle.api.internal.tasks.testing.worker.TestWorker.stop(TestWorker.java:132)
	sun.reflect.NativeMethodAccessorImpl.invoke0(Native Method)
	sun.reflect.NativeMethodAccessorImpl.invoke(NativeMethodAccessorImpl.java:62)
	sun.reflect.DelegatingMethodAccessorImpl.invoke(DelegatingMethodAccessorImpl.java:43)
	java.lang.reflect.Method.invoke(Method.java:498)
	org.gradle.internal.dispatch.ReflectionDispatch.dispatch(ReflectionDispatch.java:36)
	org.gradle.internal.dispatch.ReflectionDispatch.dispatch(ReflectionDispatch.java:24)
	org.gradle.internal.remote.internal.hub.MessageHubBackedObjectConnection$DispatchWrapper.dispatch(MessageHubBackedObjectConnection.java:182)
	org.gradle.internal.remote.internal.hub.MessageHubBackedObjectConnection$DispatchWrapper.dispatch(MessageHubBackedObjectConnection.java:164)
	org.gradle.internal.remote.internal.hub.MessageHub$Handler.run(MessageHub.java:412)
	org.gradle.internal.concurrent.ExecutorPolicy$CatchAndRecordFailures.onExecute(ExecutorPolicy.java:64)
	org.gradle.internal.concurrent.ManagedExecutorImpl$1.run(ManagedExecutorImpl.java:48)
	java.util.concurrent.ThreadPoolExecutor.runWorker(ThreadPoolExecutor.java:1149)
	java.util.concurrent.ThreadPoolExecutor$Worker.run(ThreadPoolExecutor.java:624)
	org.gradle.internal.concurrent.ThreadFactoryImpl$ManagedThreadRunnable.run(ThreadFactoryImpl.java:56)
	java.lang.Thread.run(Thread.java:748)
Created at:
	io.netty.buffer.PooledByteBufAllocator.newDirectBuffer(PooledByteBufAllocator.java:363)
	io.netty.buffer.AbstractByteBufAllocator.directBuffer(AbstractByteBufAllocator.java:187)
	io.netty.buffer.AbstractByteBufAllocator.directBuffer(AbstractByteBufAllocator.java:178)
	io.netty.buffer.AbstractByteBufAllocator.buffer(AbstractByteBufAllocator.java:115)
	org.springframework.core.io.buffer.NettyDataBufferFactory.allocateBuffer(NettyDataBufferFactory.java:71)
	org.springframework.core.io.buffer.NettyDataBufferFactory.allocateBuffer(NettyDataBufferFactory.java:39)
	org.springframework.core.codec.CharSequenceEncoder.encodeValue(CharSequenceEncoder.java:91)
	org.springframework.core.codec.CharSequenceEncoder.encodeValue(CharSequenceEncoder.java:47)
	org.springframework.messaging.rsocket.MetadataEncoder.encodeEntry(MetadataEncoder.java:240)
	org.springframework.messaging.rsocket.MetadataEncoder.encodeEntries(MetadataEncoder.java:209)
	org.springframework.messaging.rsocket.MetadataEncoder.lambda$encode$1(MetadataEncoder.java:180)
	reactor.core.publisher.MonoCallable.subscribe(MonoCallable.java:56)
	reactor.core.publisher.Mono.subscribe(Mono.java:4208)
	reactor.core.publisher.MonoZip.subscribe(MonoZip.java:128)
	reactor.core.publisher.Mono.subscribe(Mono.java:4208)
	reactor.core.publisher.FluxConcatArray$ConcatArraySubscriber.onComplete(FluxConcatArray.java:207)
	reactor.core.publisher.FluxConcatArray.subscribe(FluxConcatArray.java:80)
	reactor.core.publisher.Flux.subscribe(Flux.java:8258)
	reactor.core.publisher.FluxSwitchOnFirst$AbstractSwitchOnFirstMain.onNext(FluxSwitchOnFirst.java:154)
	reactor.core.publisher.FluxSwitchIfEmpty$SwitchIfEmptySubscriber.onNext(FluxSwitchIfEmpty.java:67)
	reactor.core.publisher.Operators$ScalarSubscription.request(Operators.java:2317)
	reactor.core.publisher.Operators$MultiSubscriptionSubscriber.set(Operators.java:2125)
	reactor.core.publisher.Operators$MultiSubscriptionSubscriber.onSubscribe(Operators.java:1999)
	reactor.core.publisher.MonoJust.subscribe(MonoJust.java:54)
	reactor.core.publisher.Mono.subscribe(Mono.java:4208)
	reactor.core.publisher.FluxSwitchIfEmpty$SwitchIfEmptySubscriber.onComplete(FluxSwitchIfEmpty.java:75)
	reactor.core.publisher.FluxMap$MapSubscriber.onComplete(FluxMap.java:136)
	reactor.core.publisher.Operators.complete(Operators.java:135)
	reactor.core.publisher.FluxEmpty.subscribe(FluxEmpty.java:41)
	reactor.core.publisher.Mono.subscribe(Mono.java:4208)
	reactor.core.publisher.Mono.block(Mono.java:1699)
	org.springframework.messaging.rsocket.DefaultRSocketRequesterTests.testSendFlux(DefaultRSocketRequesterTests.java:123)
	org.springframework.messaging.rsocket.DefaultRSocketRequesterTests.sendFlux(DefaultRSocketRequesterTests.java:109)
	sun.reflect.NativeMethodAccessorImpl.invoke0(Native Method)
	sun.reflect.NativeMethodAccessorImpl.invoke(NativeMethodAccessorImpl.java:62)
	sun.reflect.DelegatingMethodAccessorImpl.invoke(DelegatingMethodAccessorImpl.java:43)
	java.lang.reflect.Method.invoke(Method.java:498)
	org.junit.platform.commons.util.ReflectionUtils.invokeMethod(ReflectionUtils.java:686)
	org.junit.jupiter.engine.execution.MethodInvocation.proceed(MethodInvocation.java:60)
	org.junit.jupiter.engine.execution.InvocationInterceptorChain$ValidatingInvocation.proceed(InvocationInterceptorChain.java:131)
	org.junit.jupiter.engine.extension.TimeoutExtension.intercept(TimeoutExtension.java:149)
	org.junit.jupiter.engine.extension.TimeoutExtension.interceptTestableMethod(TimeoutExtension.java:140)
	org.junit.jupiter.engine.extension.TimeoutExtension.interceptTestMethod(TimeoutExtension.java:84)
	org.junit.jupiter.engine.execution.ExecutableInvoker$ReflectiveInterceptorCall.lambda$ofVoidMethod$0(ExecutableInvoker.java:115)
	org.junit.jupiter.engine.execution.ExecutableInvoker.lambda$invoke$0(ExecutableInvoker.java:105)
	org.junit.jupiter.engine.execution.InvocationInterceptorChain$InterceptedInvocation.proceed(InvocationInterceptorChain.java:106)
	org.junit.jupiter.engine.execution.InvocationInterceptorChain.proceed(InvocationInterceptorChain.java:64)
	org.junit.jupiter.engine.execution.InvocationInterceptorChain.chainAndInvoke(InvocationInterceptorChain.java:45)
	org.junit.jupiter.engine.execution.InvocationInterceptorChain.invoke(InvocationInterceptorChain.java:37)
	org.junit.jupiter.engine.execution.ExecutableInvoker.invoke(ExecutableInvoker.java:104)
	org.junit.jupiter.engine.execution.ExecutableInvoker.invoke(ExecutableInvoker.java:98)
	org.junit.jupiter.engine.descriptor.TestMethodTestDescriptor.lambda$invokeTestMethod$6(TestMethodTestDescriptor.java:212)
	org.junit.platform.engine.support.hierarchical.ThrowableCollector.execute(ThrowableCollector.java:73)
	org.junit.jupiter.engine.descriptor.TestMethodTestDescriptor.invokeTestMethod(TestMethodTestDescriptor.java:208)
	org.junit.jupiter.engine.descriptor.TestMethodTestDescriptor.execute(TestMethodTestDescriptor.java:137)
	org.junit.jupiter.engine.descriptor.TestMethodTestDescriptor.execute(TestMethodTestDescriptor.java:71)
	org.junit.platform.engine.support.hierarchical.NodeTestTask.lambda$executeRecursively$5(NodeTestTask.java:135)
	org.junit.platform.engine.support.hierarchical.ThrowableCollector.execute(ThrowableCollector.java:73)
	org.junit.platform.engine.support.hierarchical.NodeTestTask.lambda$executeRecursively$7(NodeTestTask.java:125)
	org.junit.platform.engine.support.hierarchical.Node.around(Node.java:135)
	org.junit.platform.engine.support.hierarchical.NodeTestTask.lambda$executeRecursively$8(NodeTestTask.java:123)
	org.junit.platform.engine.support.hierarchical.ThrowableCollector.execute(ThrowableCollector.java:73)
	org.junit.platform.engine.support.hierarchical.NodeTestTask.executeRecursively(NodeTestTask.java:122)
	org.junit.platform.engine.support.hierarchical.NodeTestTask.execute(NodeTestTask.java:80)
	java.util.ArrayList.forEach(ArrayList.java:1257)
	org.junit.platform.engine.support.hierarchical.SameThreadHierarchicalTestExecutorService.invokeAll(SameThreadHierarchicalTestExecutorService.java:38)
	org.junit.platform.engine.support.hierarchical.NodeTestTask.lambda$executeRecursively$5(NodeTestTask.java:139)
	org.junit.platform.engine.support.hierarchical.ThrowableCollector.execute(ThrowableCollector.java:73)
	org.junit.platform.engine.support.hierarchical.NodeTestTask.lambda$executeRecursively$7(NodeTestTask.java:125)
	org.junit.platform.engine.support.hierarchical.Node.around(Node.java:135)
	org.junit.platform.engine.support.hierarchical.NodeTestTask.lambda$executeRecursively$8(NodeTestTask.java:123)
	org.junit.platform.engine.support.hierarchical.ThrowableCollector.execute(ThrowableCollector.java:73)
	org.junit.platform.engine.support.hierarchical.NodeTestTask.executeRecursively(NodeTestTask.java:122)
	org.junit.platform.engine.support.hierarchical.NodeTestTask.execute(NodeTestTask.java:80)
	java.util.ArrayList.forEach(ArrayList.java:1257)
	org.junit.platform.engine.support.hierarchical.SameThreadHierarchicalTestExecutorService.invokeAll(SameThreadHierarchicalTestExecutorService.java:38)
	org.junit.platform.engine.support.hierarchical.NodeTestTask.lambda$executeRecursively$5(NodeTestTask.java:139)
	org.junit.platform.engine.support.hierarchical.ThrowableCollector.execute(ThrowableCollector.java:73)
	org.junit.platform.engine.support.hierarchical.NodeTestTask.lambda$executeRecursively$7(NodeTestTask.java:125)
	org.junit.platform.engine.support.hierarchical.Node.around(Node.java:135)
	org.junit.platform.engine.support.hierarchical.NodeTestTask.lambda$executeRecursively$8(NodeTestTask.java:123)
	org.junit.platform.engine.support.hierarchical.ThrowableCollector.execute(ThrowableCollector.java:73)
	org.junit.platform.engine.support.hierarchical.NodeTestTask.executeRecursively(NodeTestTask.java:122)
	org.junit.platform.engine.support.hierarchical.NodeTestTask.execute(NodeTestTask.java:80)
	org.junit.platform.engine.support.hierarchical.SameThreadHierarchicalTestExecutorService.submit(SameThreadHierarchicalTestExecutorService.java:32)
	org.junit.platform.engine.support.hierarchical.HierarchicalTestExecutor.execute(HierarchicalTestExecutor.java:57)
	org.junit.platform.engine.support.hierarchical.HierarchicalTestEngine.execute(HierarchicalTestEngine.java:51)
	org.junit.platform.launcher.core.DefaultLauncher.execute(DefaultLauncher.java:248)
	org.junit.platform.launcher.core.DefaultLauncher.lambda$execute$5(DefaultLauncher.java:211)
	org.junit.platform.launcher.core.DefaultLauncher.withInterceptedStreams(DefaultLauncher.java:226)
	org.junit.platform.launcher.core.DefaultLauncher.execute(DefaultLauncher.java:199)
	org.junit.platform.launcher.core.DefaultLauncher.execute(DefaultLauncher.java:132)
	org.gradle.api.internal.tasks.testing.junitplatform.JUnitPlatformTestClassProcessor$CollectAllTestClassesExecutor.processAllTestClasses(JUnitPlatformTestClassProcessor.java:102)
	org.gradle.api.internal.tasks.testing.junitplatform.JUnitPlatformTestClassProcessor$CollectAllTestClassesExecutor.access$000(JUnitPlatformTestClassProcessor.java:82)
	org.gradle.api.internal.tasks.testing.junitplatform.JUnitPlatformTestClassProcessor.stop(JUnitPlatformTestClassProcessor.java:78)
	org.gradle.api.internal.tasks.testing.SuiteTestClassProcessor.stop(SuiteTestClassProcessor.java:61)
	sun.reflect.NativeMethodAccessorImpl.invoke0(Native Method)
	sun.reflect.NativeMethodAccessorImpl.invoke(NativeMethodAccessorImpl.java:62)
	sun.reflect.DelegatingMethodAccessorImpl.invoke(DelegatingMethodAccessorImpl.java:43)
	java.lang.reflect.Method.invoke(Method.java:498)
	org.gradle.internal.dispatch.ReflectionDispatch.dispatch(ReflectionDispatch.java:36)
	org.gradle.internal.dispatch.ReflectionDispatch.dispatch(ReflectionDispatch.java:24)
	org.gradle.internal.dispatch.ContextClassLoaderDispatch.dispatch(ContextClassLoaderDispatch.java:33)
	org.gradle.internal.dispatch.ProxyDispatchAdapter$DispatchingInvocationHandler.invoke(ProxyDispatchAdapter.java:94)
	com.sun.proxy.$Proxy2.stop(Unknown Source)
	org.gradle.api.internal.tasks.testing.worker.TestWorker.stop(TestWorker.java:132)
	sun.reflect.NativeMethodAccessorImpl.invoke0(Native Method)
	sun.reflect.NativeMethodAccessorImpl.invoke(NativeMethodAccessorImpl.java:62)
	sun.reflect.DelegatingMethodAccessorImpl.invoke(DelegatingMethodAccessorImpl.java:43)
	java.lang.reflect.Method.invoke(Method.java:498)
	org.gradle.internal.dispatch.ReflectionDispatch.dispatch(ReflectionDispatch.java:36)
	org.gradle.internal.dispatch.ReflectionDispatch.dispatch(ReflectionDispatch.java:24)
	org.gradle.internal.remote.internal.hub.MessageHubBackedObjectConnection$DispatchWrapper.dispatch(MessageHubBackedObjectConnection.java:182)
	org.gradle.internal.remote.internal.hub.MessageHubBackedObjectConnection$DispatchWrapper.dispatch(MessageHubBackedObjectConnection.java:164)
	org.gradle.internal.remote.internal.hub.MessageHub$Handler.run(MessageHub.java:412)
	org.gradle.internal.concurrent.ExecutorPolicy$CatchAndRecordFailures.onExecute(ExecutorPolicy.java:64)
	org.gradle.internal.concurrent.ManagedExecutorImpl$1.run(ManagedExecutorImpl.java:48)
	java.util.concurrent.ThreadPoolExecutor.runWorker(ThreadPoolExecutor.java:1149)
	java.util.concurrent.ThreadPoolExecutor$Worker.run(ThreadPoolExecutor.java:624)
	org.gradle.internal.concurrent.ThreadFactoryImpl$ManagedThreadRunnable.run(ThreadFactoryImpl.java:56)
	java.lang.Thread.run(Thread.java:748)
22:22:58.850 [Test worker] ERROR i.n.u.ResourceLeakDetector - LEAK: ByteBuf.release() was not called before it's garbage-collected. See https://netty.io/wiki/reference-counted-objects.html for more information.
Recent access records: 
#1:
	io.netty.buffer.AdvancedLeakAwareByteBuf.writeByte(AdvancedLeakAwareByteBuf.java:544)
	io.rsocket.frame.SetupFrameFlyweight.encode(SetupFrameFlyweight.java:92)
	io.rsocket.RSocketFactory$ClientRSocketFactory$StartClient.lambda$start$1(RSocketFactory.java:353)
	reactor.core.publisher.FluxFlatMap.trySubscribeScalarMap(FluxFlatMap.java:151)
	reactor.core.publisher.MonoFlatMap.subscribeOrReturn(MonoFlatMap.java:53)
	reactor.core.publisher.InternalMonoOperator.subscribe(InternalMonoOperator.java:57)
	reactor.core.publisher.MonoDefer.subscribe(MonoDefer.java:52)
	reactor.core.publisher.MonoIgnoreThen$ThenIgnoreMain.drain(MonoIgnoreThen.java:153)
	reactor.core.publisher.MonoIgnoreThen.subscribe(MonoIgnoreThen.java:56)
	reactor.core.publisher.MonoDefer.subscribe(MonoDefer.java:52)
	reactor.core.publisher.Mono.subscribe(Mono.java:4208)
	reactor.core.publisher.Mono.block(Mono.java:1675)
	org.springframework.messaging.rsocket.DefaultRSocketRequesterBuilderTests.testFrameDecoder(DefaultRSocketRequesterBuilderTests.java:246)
	org.springframework.messaging.rsocket.DefaultRSocketRequesterBuilderTests.frameDecoderMatchesDataBufferFactory(DefaultRSocketRequesterBuilderTests.java:231)
	sun.reflect.NativeMethodAccessorImpl.invoke0(Native Method)
	sun.reflect.NativeMethodAccessorImpl.invoke(NativeMethodAccessorImpl.java:62)
	sun.reflect.DelegatingMethodAccessorImpl.invoke(DelegatingMethodAccessorImpl.java:43)
	java.lang.reflect.Method.invoke(Method.java:498)
	org.junit.platform.commons.util.ReflectionUtils.invokeMethod(ReflectionUtils.java:686)
	org.junit.jupiter.engine.execution.MethodInvocation.proceed(MethodInvocation.java:60)
	org.junit.jupiter.engine.execution.InvocationInterceptorChain$ValidatingInvocation.proceed(InvocationInterceptorChain.java:131)
	org.junit.jupiter.engine.extension.TimeoutExtension.intercept(TimeoutExtension.java:149)
	org.junit.jupiter.engine.extension.TimeoutExtension.interceptTestableMethod(TimeoutExtension.java:140)
	org.junit.jupiter.engine.extension.TimeoutExtension.interceptTestMethod(TimeoutExtension.java:84)
	org.junit.jupiter.engine.execution.ExecutableInvoker$ReflectiveInterceptorCall.lambda$ofVoidMethod$0(ExecutableInvoker.java:115)
	org.junit.jupiter.engine.execution.ExecutableInvoker.lambda$invoke$0(ExecutableInvoker.java:105)
	org.junit.jupiter.engine.execution.InvocationInterceptorChain$InterceptedInvocation.proceed(InvocationInterceptorChain.java:106)
	org.junit.jupiter.engine.execution.InvocationInterceptorChain.proceed(InvocationInterceptorChain.java:64)
	org.junit.jupiter.engine.execution.InvocationInterceptorChain.chainAndInvoke(InvocationInterceptorChain.java:45)
	org.junit.jupiter.engine.execution.InvocationInterceptorChain.invoke(InvocationInterceptorChain.java:37)
	org.junit.jupiter.engine.execution.ExecutableInvoker.invoke(ExecutableInvoker.java:104)
	org.junit.jupiter.engine.execution.ExecutableInvoker.invoke(ExecutableInvoker.java:98)
	org.junit.jupiter.engine.descriptor.TestMethodTestDescriptor.lambda$invokeTestMethod$6(TestMethodTestDescriptor.java:212)
	org.junit.platform.engine.support.hierarchical.ThrowableCollector.execute(ThrowableCollector.java:73)
	org.junit.jupiter.engine.descriptor.TestMethodTestDescriptor.invokeTestMethod(TestMethodTestDescriptor.java:208)
	org.junit.jupiter.engine.descriptor.TestMethodTestDescriptor.execute(TestMethodTestDescriptor.java:137)
	org.junit.jupiter.engine.descriptor.TestMethodTestDescriptor.execute(TestMethodTestDescriptor.java:71)
	org.junit.platform.engine.support.hierarchical.NodeTestTask.lambda$executeRecursively$5(NodeTestTask.java:135)
	org.junit.platform.engine.support.hierarchical.ThrowableCollector.execute(ThrowableCollector.java:73)
	org.junit.platform.engine.support.hierarchical.NodeTestTask.lambda$executeRecursively$7(NodeTestTask.java:125)
	org.junit.platform.engine.support.hierarchical.Node.around(Node.java:135)
	org.junit.platform.engine.support.hierarchical.NodeTestTask.lambda$executeRecursively$8(NodeTestTask.java:123)
	org.junit.platform.engine.support.hierarchical.ThrowableCollector.execute(ThrowableCollector.java:73)
	org.junit.platform.engine.support.hierarchical.NodeTestTask.executeRecursively(NodeTestTask.java:122)
	org.junit.platform.engine.support.hierarchical.NodeTestTask.execute(NodeTestTask.java:80)
	java.util.ArrayList.forEach(ArrayList.java:1257)
	org.junit.platform.engine.support.hierarchical.SameThreadHierarchicalTestExecutorService.invokeAll(SameThreadHierarchicalTestExecutorService.java:38)
	org.junit.platform.engine.support.hierarchical.NodeTestTask.lambda$executeRecursively$5(NodeTestTask.java:139)
	org.junit.platform.engine.support.hierarchical.ThrowableCollector.execute(ThrowableCollector.java:73)
	org.junit.platform.engine.support.hierarchical.NodeTestTask.lambda$executeRecursively$7(NodeTestTask.java:125)
	org.junit.platform.engine.support.hierarchical.Node.around(Node.java:135)
	org.junit.platform.engine.support.hierarchical.NodeTestTask.lambda$executeRecursively$8(NodeTestTask.java:123)
	org.junit.platform.engine.support.hierarchical.ThrowableCollector.execute(ThrowableCollector.java:73)
	org.junit.platform.engine.support.hierarchical.NodeTestTask.executeRecursively(NodeTestTask.java:122)
	org.junit.platform.engine.support.hierarchical.NodeTestTask.execute(NodeTestTask.java:80)
	java.util.ArrayList.forEach(ArrayList.java:1257)
	org.junit.platform.engine.support.hierarchical.SameThreadHierarchicalTestExecutorService.invokeAll(SameThreadHierarchicalTestExecutorService.java:38)
	org.junit.platform.engine.support.hierarchical.NodeTestTask.lambda$executeRecursively$5(NodeTestTask.java:139)
	org.junit.platform.engine.support.hierarchical.ThrowableCollector.execute(ThrowableCollector.java:73)
	org.junit.platform.engine.support.hierarchical.NodeTestTask.lambda$executeRecursively$7(NodeTestTask.java:125)
	org.junit.platform.engine.support.hierarchical.Node.around(Node.java:135)
	org.junit.platform.engine.support.hierarchical.NodeTestTask.lambda$executeRecursively$8(NodeTestTask.java:123)
	org.junit.platform.engine.support.hierarchical.ThrowableCollector.execute(ThrowableCollector.java:73)
	org.junit.platform.engine.support.hierarchical.NodeTestTask.executeRecursively(NodeTestTask.java:122)
	org.junit.platform.engine.support.hierarchical.NodeTestTask.execute(NodeTestTask.java:80)
	org.junit.platform.engine.support.hierarchical.SameThreadHierarchicalTestExecutorService.submit(SameThreadHierarchicalTestExecutorService.java:32)
	org.junit.platform.engine.support.hierarchical.HierarchicalTestExecutor.execute(HierarchicalTestExecutor.java:57)
	org.junit.platform.engine.support.hierarchical.HierarchicalTestEngine.execute(HierarchicalTestEngine.java:51)
	org.junit.platform.launcher.core.DefaultLauncher.execute(DefaultLauncher.java:248)
	org.junit.platform.launcher.core.DefaultLauncher.lambda$execute$5(DefaultLauncher.java:211)
	org.junit.platform.launcher.core.DefaultLauncher.withInterceptedStreams(DefaultLauncher.java:226)
	org.junit.platform.launcher.core.DefaultLauncher.execute(DefaultLauncher.java:199)
	org.junit.platform.launcher.core.DefaultLauncher.execute(DefaultLauncher.java:132)
	org.gradle.api.internal.tasks.testing.junitplatform.JUnitPlatformTestClassProcessor$CollectAllTestClassesExecutor.processAllTestClasses(JUnitPlatformTestClassProcessor.java:102)
	org.gradle.api.internal.tasks.testing.junitplatform.JUnitPlatformTestClassProcessor$CollectAllTestClassesExecutor.access$000(JUnitPlatformTestClassProcessor.java:82)
	org.gradle.api.internal.tasks.testing.junitplatform.JUnitPlatformTestClassProcessor.stop(JUnitPlatformTestClassProcessor.java:78)
	org.gradle.api.internal.tasks.testing.SuiteTestClassProcessor.stop(SuiteTestClassProcessor.java:61)
	sun.reflect.NativeMethodAccessorImpl.invoke0(Native Method)
	sun.reflect.NativeMethodAccessorImpl.invoke(NativeMethodAccessorImpl.java:62)
	sun.reflect.DelegatingMethodAccessorImpl.invoke(DelegatingMethodAccessorImpl.java:43)
	java.lang.reflect.Method.invoke(Method.java:498)
	org.gradle.internal.dispatch.ReflectionDispatch.dispatch(ReflectionDispatch.java:36)
	org.gradle.internal.dispatch.ReflectionDispatch.dispatch(ReflectionDispatch.java:24)
	org.gradle.internal.dispatch.ContextClassLoaderDispatch.dispatch(ContextClassLoaderDispatch.java:33)
	org.gradle.internal.dispatch.ProxyDispatchAdapter$DispatchingInvocationHandler.invoke(ProxyDispatchAdapter.java:94)
	com.sun.proxy.$Proxy2.stop(Unknown Source)
	org.gradle.api.internal.tasks.testing.worker.TestWorker.stop(TestWorker.java:132)
	sun.reflect.NativeMethodAccessorImpl.invoke0(Native Method)
	sun.reflect.NativeMethodAccessorImpl.invoke(NativeMethodAccessorImpl.java:62)
	sun.reflect.DelegatingMethodAccessorImpl.invoke(DelegatingMethodAccessorImpl.java:43)
	java.lang.reflect.Method.invoke(Method.java:498)
	org.gradle.internal.dispatch.ReflectionDispatch.dispatch(ReflectionDispatch.java:36)
	org.gradle.internal.dispatch.ReflectionDispatch.dispatch(ReflectionDispatch.java:24)
	org.gradle.internal.remote.internal.hub.MessageHubBackedObjectConnection$DispatchWrapper.dispatch(MessageHubBackedObjectConnection.java:182)
	org.gradle.internal.remote.internal.hub.MessageHubBackedObjectConnection$DispatchWrapper.dispatch(MessageHubBackedObjectConnection.java:164)
	org.gradle.internal.remote.internal.hub.MessageHub$Handler.run(MessageHub.java:412)
	org.gradle.internal.concurrent.ExecutorPolicy$CatchAndRecordFailures.onExecute(ExecutorPolicy.java:64)
	org.gradle.internal.concurrent.ManagedExecutorImpl$1.run(ManagedExecutorImpl.java:48)
	java.util.concurrent.ThreadPoolExecutor.runWorker(ThreadPoolExecutor.java:1149)
	java.util.concurrent.ThreadPoolExecutor$Worker.run(ThreadPoolExecutor.java:624)
	org.gradle.internal.concurrent.ThreadFactoryImpl$ManagedThreadRunnable.run(ThreadFactoryImpl.java:56)
	java.lang.Thread.run(Thread.java:748)
#2:
	io.netty.buffer.AdvancedLeakAwareByteBuf.writeInt(AdvancedLeakAwareByteBuf.java:562)
	io.rsocket.frame.SetupFrameFlyweight.encode(SetupFrameFlyweight.java:77)
	io.rsocket.RSocketFactory$ClientRSocketFactory$StartClient.lambda$start$1(RSocketFactory.java:353)
	reactor.core.publisher.FluxFlatMap.trySubscribeScalarMap(FluxFlatMap.java:151)
	reactor.core.publisher.MonoFlatMap.subscribeOrReturn(MonoFlatMap.java:53)
	reactor.core.publisher.InternalMonoOperator.subscribe(InternalMonoOperator.java:57)
	reactor.core.publisher.MonoDefer.subscribe(MonoDefer.java:52)
	reactor.core.publisher.MonoIgnoreThen$ThenIgnoreMain.drain(MonoIgnoreThen.java:153)
	reactor.core.publisher.MonoIgnoreThen.subscribe(MonoIgnoreThen.java:56)
	reactor.core.publisher.MonoDefer.subscribe(MonoDefer.java:52)
	reactor.core.publisher.Mono.subscribe(Mono.java:4208)
	reactor.core.publisher.Mono.block(Mono.java:1675)
	org.springframework.messaging.rsocket.DefaultRSocketRequesterBuilderTests.testFrameDecoder(DefaultRSocketRequesterBuilderTests.java:246)
	org.springframework.messaging.rsocket.DefaultRSocketRequesterBuilderTests.frameDecoderMatchesDataBufferFactory(DefaultRSocketRequesterBuilderTests.java:231)
	sun.reflect.NativeMethodAccessorImpl.invoke0(Native Method)
	sun.reflect.NativeMethodAccessorImpl.invoke(NativeMethodAccessorImpl.java:62)
	sun.reflect.DelegatingMethodAccessorImpl.invoke(DelegatingMethodAccessorImpl.java:43)
	java.lang.reflect.Method.invoke(Method.java:498)
	org.junit.platform.commons.util.ReflectionUtils.invokeMethod(ReflectionUtils.java:686)
	org.junit.jupiter.engine.execution.MethodInvocation.proceed(MethodInvocation.java:60)
	org.junit.jupiter.engine.execution.InvocationInterceptorChain$ValidatingInvocation.proceed(InvocationInterceptorChain.java:131)
	org.junit.jupiter.engine.extension.TimeoutExtension.intercept(TimeoutExtension.java:149)
	org.junit.jupiter.engine.extension.TimeoutExtension.interceptTestableMethod(TimeoutExtension.java:140)
	org.junit.jupiter.engine.extension.TimeoutExtension.interceptTestMethod(TimeoutExtension.java:84)
	org.junit.jupiter.engine.execution.ExecutableInvoker$ReflectiveInterceptorCall.lambda$ofVoidMethod$0(ExecutableInvoker.java:115)
	org.junit.jupiter.engine.execution.ExecutableInvoker.lambda$invoke$0(ExecutableInvoker.java:105)
	org.junit.jupiter.engine.execution.InvocationInterceptorChain$InterceptedInvocation.proceed(InvocationInterceptorChain.java:106)
	org.junit.jupiter.engine.execution.InvocationInterceptorChain.proceed(InvocationInterceptorChain.java:64)
	org.junit.jupiter.engine.execution.InvocationInterceptorChain.chainAndInvoke(InvocationInterceptorChain.java:45)
	org.junit.jupiter.engine.execution.InvocationInterceptorChain.invoke(InvocationInterceptorChain.java:37)
	org.junit.jupiter.engine.execution.ExecutableInvoker.invoke(ExecutableInvoker.java:104)
	org.junit.jupiter.engine.execution.ExecutableInvoker.invoke(ExecutableInvoker.java:98)
	org.junit.jupiter.engine.descriptor.TestMethodTestDescriptor.lambda$invokeTestMethod$6(TestMethodTestDescriptor.java:212)
	org.junit.platform.engine.support.hierarchical.ThrowableCollector.execute(ThrowableCollector.java:73)
	org.junit.jupiter.engine.descriptor.TestMethodTestDescriptor.invokeTestMethod(TestMethodTestDescriptor.java:208)
	org.junit.jupiter.engine.descriptor.TestMethodTestDescriptor.execute(TestMethodTestDescriptor.java:137)
	org.junit.jupiter.engine.descriptor.TestMethodTestDescriptor.execute(TestMethodTestDescriptor.java:71)
	org.junit.platform.engine.support.hierarchical.NodeTestTask.lambda$executeRecursively$5(NodeTestTask.java:135)
	org.junit.platform.engine.support.hierarchical.ThrowableCollector.execute(ThrowableCollector.java:73)
	org.junit.platform.engine.support.hierarchical.NodeTestTask.lambda$executeRecursively$7(NodeTestTask.java:125)
	org.junit.platform.engine.support.hierarchical.Node.around(Node.java:135)
	org.junit.platform.engine.support.hierarchical.NodeTestTask.lambda$executeRecursively$8(NodeTestTask.java:123)
	org.junit.platform.engine.support.hierarchical.ThrowableCollector.execute(ThrowableCollector.java:73)
	org.junit.platform.engine.support.hierarchical.NodeTestTask.executeRecursively(NodeTestTask.java:122)
	org.junit.platform.engine.support.hierarchical.NodeTestTask.execute(NodeTestTask.java:80)
	java.util.ArrayList.forEach(ArrayList.java:1257)
	org.junit.platform.engine.support.hierarchical.SameThreadHierarchicalTestExecutorService.invokeAll(SameThreadHierarchicalTestExecutorService.java:38)
	org.junit.platform.engine.support.hierarchical.NodeTestTask.lambda$executeRecursively$5(NodeTestTask.java:139)
	org.junit.platform.engine.support.hierarchical.ThrowableCollector.execute(ThrowableCollector.java:73)
	org.junit.platform.engine.support.hierarchical.NodeTestTask.lambda$executeRecursively$7(NodeTestTask.java:125)
	org.junit.platform.engine.support.hierarchical.Node.around(Node.java:135)
	org.junit.platform.engine.support.hierarchical.NodeTestTask.lambda$executeRecursively$8(NodeTestTask.java:123)
	org.junit.platform.engine.support.hierarchical.ThrowableCollector.execute(ThrowableCollector.java:73)
	org.junit.platform.engine.support.hierarchical.NodeTestTask.executeRecursively(NodeTestTask.java:122)
	org.junit.platform.engine.support.hierarchical.NodeTestTask.execute(NodeTestTask.java:80)
	java.util.ArrayList.forEach(ArrayList.java:1257)
	org.junit.platform.engine.support.hierarchical.SameThreadHierarchicalTestExecutorService.invokeAll(SameThreadHierarchicalTestExecutorService.java:38)
	org.junit.platform.engine.support.hierarchical.NodeTestTask.lambda$executeRecursively$5(NodeTestTask.java:139)
	org.junit.platform.engine.support.hierarchical.ThrowableCollector.execute(ThrowableCollector.java:73)
	org.junit.platform.engine.support.hierarchical.NodeTestTask.lambda$executeRecursively$7(NodeTestTask.java:125)
	org.junit.platform.engine.support.hierarchical.Node.around(Node.java:135)
	org.junit.platform.engine.support.hierarchical.NodeTestTask.lambda$executeRecursively$8(NodeTestTask.java:123)
	org.junit.platform.engine.support.hierarchical.ThrowableCollector.execute(ThrowableCollector.java:73)
	org.junit.platform.engine.support.hierarchical.NodeTestTask.executeRecursively(NodeTestTask.java:122)
	org.junit.platform.engine.support.hierarchical.NodeTestTask.execute(NodeTestTask.java:80)
	org.junit.platform.engine.support.hierarchical.SameThreadHierarchicalTestExecutorService.submit(SameThreadHierarchicalTestExecutorService.java:32)
	org.junit.platform.engine.support.hierarchical.HierarchicalTestExecutor.execute(HierarchicalTestExecutor.java:57)
	org.junit.platform.engine.support.hierarchical.HierarchicalTestEngine.execute(HierarchicalTestEngine.java:51)
	org.junit.platform.launcher.core.DefaultLauncher.execute(DefaultLauncher.java:248)
	org.junit.platform.launcher.core.DefaultLauncher.lambda$execute$5(DefaultLauncher.java:211)
	org.junit.platform.launcher.core.DefaultLauncher.withInterceptedStreams(DefaultLauncher.java:226)
	org.junit.platform.launcher.core.DefaultLauncher.execute(DefaultLauncher.java:199)
	org.junit.platform.launcher.core.DefaultLauncher.execute(DefaultLauncher.java:132)
	org.gradle.api.internal.tasks.testing.junitplatform.JUnitPlatformTestClassProcessor$CollectAllTestClassesExecutor.processAllTestClasses(JUnitPlatformTestClassProcessor.java:102)
	org.gradle.api.internal.tasks.testing.junitplatform.JUnitPlatformTestClassProcessor$CollectAllTestClassesExecutor.access$000(JUnitPlatformTestClassProcessor.java:82)
	org.gradle.api.internal.tasks.testing.junitplatform.JUnitPlatformTestClassProcessor.stop(JUnitPlatformTestClassProcessor.java:78)
	org.gradle.api.internal.tasks.testing.SuiteTestClassProcessor.stop(SuiteTestClassProcessor.java:61)
	sun.reflect.NativeMethodAccessorImpl.invoke0(Native Method)
	sun.reflect.NativeMethodAccessorImpl.invoke(NativeMethodAccessorImpl.java:62)
	sun.reflect.DelegatingMethodAccessorImpl.invoke(DelegatingMethodAccessorImpl.java:43)
	java.lang.reflect.Method.invoke(Method.java:498)
	org.gradle.internal.dispatch.ReflectionDispatch.dispatch(ReflectionDispatch.java:36)
	org.gradle.internal.dispatch.ReflectionDispatch.dispatch(ReflectionDispatch.java:24)
	org.gradle.internal.dispatch.ContextClassLoaderDispatch.dispatch(ContextClassLoaderDispatch.java:33)
	org.gradle.internal.dispatch.ProxyDispatchAdapter$DispatchingInvocationHandler.invoke(ProxyDispatchAdapter.java:94)
	com.sun.proxy.$Proxy2.stop(Unknown Source)
	org.gradle.api.internal.tasks.testing.worker.TestWorker.stop(TestWorker.java:132)
	sun.reflect.NativeMethodAccessorImpl.invoke0(Native Method)
	sun.reflect.NativeMethodAccessorImpl.invoke(NativeMethodAccessorImpl.java:62)
	sun.reflect.DelegatingMethodAccessorImpl.invoke(DelegatingMethodAccessorImpl.java:43)
	java.lang.reflect.Method.invoke(Method.java:498)
	org.gradle.internal.dispatch.ReflectionDispatch.dispatch(ReflectionDispatch.java:36)
	org.gradle.internal.dispatch.ReflectionDispatch.dispatch(ReflectionDispatch.java:24)
	org.gradle.internal.remote.internal.hub.MessageHubBackedObjectConnection$DispatchWrapper.dispatch(MessageHubBackedObjectConnection.java:182)
	org.gradle.internal.remote.internal.hub.MessageHubBackedObjectConnection$DispatchWrapper.dispatch(MessageHubBackedObjectConnection.java:164)
	org.gradle.internal.remote.internal.hub.MessageHub$Handler.run(MessageHub.java:412)
	org.gradle.internal.concurrent.ExecutorPolicy$CatchAndRecordFailures.onExecute(ExecutorPolicy.java:64)
	org.gradle.internal.concurrent.ManagedExecutorImpl$1.run(ManagedExecutorImpl.java:48)
	java.util.concurrent.ThreadPoolExecutor.runWorker(ThreadPoolExecutor.java:1149)
	java.util.concurrent.ThreadPoolExecutor$Worker.run(ThreadPoolExecutor.java:624)
	org.gradle.internal.concurrent.ThreadFactoryImpl$ManagedThreadRunnable.run(ThreadFactoryImpl.java:56)
	java.lang.Thread.run(Thread.java:748)
#3:
	io.netty.buffer.AdvancedLeakAwareByteBuf.writeShort(AdvancedLeakAwareByteBuf.java:550)
	io.rsocket.frame.FrameHeaderFlyweight.encode(FrameHeaderFlyweight.java:56)
	io.rsocket.frame.FrameHeaderFlyweight.encodeStreamZero(FrameHeaderFlyweight.java:45)
	io.rsocket.frame.SetupFrameFlyweight.encode(SetupFrameFlyweight.java:75)
	io.rsocket.RSocketFactory$ClientRSocketFactory$StartClient.lambda$start$1(RSocketFactory.java:353)
	reactor.core.publisher.FluxFlatMap.trySubscribeScalarMap(FluxFlatMap.java:151)
	reactor.core.publisher.MonoFlatMap.subscribeOrReturn(MonoFlatMap.java:53)
	reactor.core.publisher.InternalMonoOperator.subscribe(InternalMonoOperator.java:57)
	reactor.core.publisher.MonoDefer.subscribe(MonoDefer.java:52)
	reactor.core.publisher.MonoIgnoreThen$ThenIgnoreMain.drain(MonoIgnoreThen.java:153)
	reactor.core.publisher.MonoIgnoreThen.subscribe(MonoIgnoreThen.java:56)
	reactor.core.publisher.MonoDefer.subscribe(MonoDefer.java:52)
	reactor.core.publisher.Mono.subscribe(Mono.java:4208)
	reactor.core.publisher.Mono.block(Mono.java:1675)
	org.springframework.messaging.rsocket.DefaultRSocketRequesterBuilderTests.testFrameDecoder(DefaultRSocketRequesterBuilderTests.java:246)
	org.springframework.messaging.rsocket.DefaultRSocketRequesterBuilderTests.frameDecoderMatchesDataBufferFactory(DefaultRSocketRequesterBuilderTests.java:231)
	sun.reflect.NativeMethodAccessorImpl.invoke0(Native Method)
	sun.reflect.NativeMethodAccessorImpl.invoke(NativeMethodAccessorImpl.java:62)
	sun.reflect.DelegatingMethodAccessorImpl.invoke(DelegatingMethodAccessorImpl.java:43)
	java.lang.reflect.Method.invoke(Method.java:498)
	org.junit.platform.commons.util.ReflectionUtils.invokeMethod(ReflectionUtils.java:686)
	org.junit.jupiter.engine.execution.MethodInvocation.proceed(MethodInvocation.java:60)
	org.junit.jupiter.engine.execution.InvocationInterceptorChain$ValidatingInvocation.proceed(InvocationInterceptorChain.java:131)
	org.junit.jupiter.engine.extension.TimeoutExtension.intercept(TimeoutExtension.java:149)
	org.junit.jupiter.engine.extension.TimeoutExtension.interceptTestableMethod(TimeoutExtension.java:140)
	org.junit.jupiter.engine.extension.TimeoutExtension.interceptTestMethod(TimeoutExtension.java:84)
	org.junit.jupiter.engine.execution.ExecutableInvoker$ReflectiveInterceptorCall.lambda$ofVoidMethod$0(ExecutableInvoker.java:115)
	org.junit.jupiter.engine.execution.ExecutableInvoker.lambda$invoke$0(ExecutableInvoker.java:105)
	org.junit.jupiter.engine.execution.InvocationInterceptorChain$InterceptedInvocation.proceed(InvocationInterceptorChain.java:106)
	org.junit.jupiter.engine.execution.InvocationInterceptorChain.proceed(InvocationInterceptorChain.java:64)
	org.junit.jupiter.engine.execution.InvocationInterceptorChain.chainAndInvoke(InvocationInterceptorChain.java:45)
	org.junit.jupiter.engine.execution.InvocationInterceptorChain.invoke(InvocationInterceptorChain.java:37)
	org.junit.jupiter.engine.execution.ExecutableInvoker.invoke(ExecutableInvoker.java:104)
	org.junit.jupiter.engine.execution.ExecutableInvoker.invoke(ExecutableInvoker.java:98)
	org.junit.jupiter.engine.descriptor.TestMethodTestDescriptor.lambda$invokeTestMethod$6(TestMethodTestDescriptor.java:212)
	org.junit.platform.engine.support.hierarchical.ThrowableCollector.execute(ThrowableCollector.java:73)
	org.junit.jupiter.engine.descriptor.TestMethodTestDescriptor.invokeTestMethod(TestMethodTestDescriptor.java:208)
	org.junit.jupiter.engine.descriptor.TestMethodTestDescriptor.execute(TestMethodTestDescriptor.java:137)
	org.junit.jupiter.engine.descriptor.TestMethodTestDescriptor.execute(TestMethodTestDescriptor.java:71)
	org.junit.platform.engine.support.hierarchical.NodeTestTask.lambda$executeRecursively$5(NodeTestTask.java:135)
	org.junit.platform.engine.support.hierarchical.ThrowableCollector.execute(ThrowableCollector.java:73)
	org.junit.platform.engine.support.hierarchical.NodeTestTask.lambda$executeRecursively$7(NodeTestTask.java:125)
	org.junit.platform.engine.support.hierarchical.Node.around(Node.java:135)
	org.junit.platform.engine.support.hierarchical.NodeTestTask.lambda$executeRecursively$8(NodeTestTask.java:123)
	org.junit.platform.engine.support.hierarchical.ThrowableCollector.execute(ThrowableCollector.java:73)
	org.junit.platform.engine.support.hierarchical.NodeTestTask.executeRecursively(NodeTestTask.java:122)
	org.junit.platform.engine.support.hierarchical.NodeTestTask.execute(NodeTestTask.java:80)
	java.util.ArrayList.forEach(ArrayList.java:1257)
	org.junit.platform.engine.support.hierarchical.SameThreadHierarchicalTestExecutorService.invokeAll(SameThreadHierarchicalTestExecutorService.java:38)
	org.junit.platform.engine.support.hierarchical.NodeTestTask.lambda$executeRecursively$5(NodeTestTask.java:139)
	org.junit.platform.engine.support.hierarchical.ThrowableCollector.execute(ThrowableCollector.java:73)
	org.junit.platform.engine.support.hierarchical.NodeTestTask.lambda$executeRecursively$7(NodeTestTask.java:125)
	org.junit.platform.engine.support.hierarchical.Node.around(Node.java:135)
	org.junit.platform.engine.support.hierarchical.NodeTestTask.lambda$executeRecursively$8(NodeTestTask.java:123)
	org.junit.platform.engine.support.hierarchical.ThrowableCollector.execute(ThrowableCollector.java:73)
	org.junit.platform.engine.support.hierarchical.NodeTestTask.executeRecursively(NodeTestTask.java:122)
	org.junit.platform.engine.support.hierarchical.NodeTestTask.execute(NodeTestTask.java:80)
	java.util.ArrayList.forEach(ArrayList.java:1257)
	org.junit.platform.engine.support.hierarchical.SameThreadHierarchicalTestExecutorService.invokeAll(SameThreadHierarchicalTestExecutorService.java:38)
	org.junit.platform.engine.support.hierarchical.NodeTestTask.lambda$executeRecursively$5(NodeTestTask.java:139)
	org.junit.platform.engine.support.hierarchical.ThrowableCollector.execute(ThrowableCollector.java:73)
	org.junit.platform.engine.support.hierarchical.NodeTestTask.lambda$executeRecursively$7(NodeTestTask.java:125)
	org.junit.platform.engine.support.hierarchical.Node.around(Node.java:135)
	org.junit.platform.engine.support.hierarchical.NodeTestTask.lambda$executeRecursively$8(NodeTestTask.java:123)
	org.junit.platform.engine.support.hierarchical.ThrowableCollector.execute(ThrowableCollector.java:73)
	org.junit.platform.engine.support.hierarchical.NodeTestTask.executeRecursively(NodeTestTask.java:122)
	org.junit.platform.engine.support.hierarchical.NodeTestTask.execute(NodeTestTask.java:80)
	org.junit.platform.engine.support.hierarchical.SameThreadHierarchicalTestExecutorService.submit(SameThreadHierarchicalTestExecutorService.java:32)
	org.junit.platform.engine.support.hierarchical.HierarchicalTestExecutor.execute(HierarchicalTestExecutor.java:57)
	org.junit.platform.engine.support.hierarchical.HierarchicalTestEngine.execute(HierarchicalTestEngine.java:51)
	org.junit.platform.launcher.core.DefaultLauncher.execute(DefaultLauncher.java:248)
	org.junit.platform.launcher.core.DefaultLauncher.lambda$execute$5(DefaultLauncher.java:211)
	org.junit.platform.launcher.core.DefaultLauncher.withInterceptedStreams(DefaultLauncher.java:226)
	org.junit.platform.launcher.core.DefaultLauncher.execute(DefaultLauncher.java:199)
	org.junit.platform.launcher.core.DefaultLauncher.execute(DefaultLauncher.java:132)
	org.gradle.api.internal.tasks.testing.junitplatform.JUnitPlatformTestClassProcessor$CollectAllTestClassesExecutor.processAllTestClasses(JUnitPlatformTestClassProcessor.java:102)
	org.gradle.api.internal.tasks.testing.junitplatform.JUnitPlatformTestClassProcessor$CollectAllTestClassesExecutor.access$000(JUnitPlatformTestClassProcessor.java:82)
	org.gradle.api.internal.tasks.testing.junitplatform.JUnitPlatformTestClassProcessor.stop(JUnitPlatformTestClassProcessor.java:78)
	org.gradle.api.internal.tasks.testing.SuiteTestClassProcessor.stop(SuiteTestClassProcessor.java:61)
	sun.reflect.NativeMethodAccessorImpl.invoke0(Native Method)
	sun.reflect.NativeMethodAccessorImpl.invoke(NativeMethodAccessorImpl.java:62)
	sun.reflect.DelegatingMethodAccessorImpl.invoke(DelegatingMethodAccessorImpl.java:43)
	java.lang.reflect.Method.invoke(Method.java:498)
	org.gradle.internal.dispatch.ReflectionDispatch.dispatch(ReflectionDispatch.java:36)
	org.gradle.internal.dispatch.ReflectionDispatch.dispatch(ReflectionDispatch.java:24)
	org.gradle.internal.dispatch.ContextClassLoaderDispatch.dispatch(ContextClassLoaderDispatch.java:33)
	org.gradle.internal.dispatch.ProxyDispatchAdapter$DispatchingInvocationHandler.invoke(ProxyDispatchAdapter.java:94)
	com.sun.proxy.$Proxy2.stop(Unknown Source)
	org.gradle.api.internal.tasks.testing.worker.TestWorker.stop(TestWorker.java:132)
	sun.reflect.NativeMethodAccessorImpl.invoke0(Native Method)
	sun.reflect.NativeMethodAccessorImpl.invoke(NativeMethodAccessorImpl.java:62)
	sun.reflect.DelegatingMethodAccessorImpl.invoke(DelegatingMethodAccessorImpl.java:43)
	java.lang.reflect.Method.invoke(Method.java:498)
	org.gradle.internal.dispatch.ReflectionDispatch.dispatch(ReflectionDispatch.java:36)
	org.gradle.internal.dispatch.ReflectionDispatch.dispatch(ReflectionDispatch.java:24)
	org.gradle.internal.remote.internal.hub.MessageHubBackedObjectConnection$DispatchWrapper.dispatch(MessageHubBackedObjectConnection.java:182)
	org.gradle.internal.remote.internal.hub.MessageHubBackedObjectConnection$DispatchWrapper.dispatch(MessageHubBackedObjectConnection.java:164)
	org.gradle.internal.remote.internal.hub.MessageHub$Handler.run(MessageHub.java:412)
	org.gradle.internal.concurrent.ExecutorPolicy$CatchAndRecordFailures.onExecute(ExecutorPolicy.java:64)
	org.gradle.internal.concurrent.ManagedExecutorImpl$1.run(ManagedExecutorImpl.java:48)
	java.util.concurrent.ThreadPoolExecutor.runWorker(ThreadPoolExecutor.java:1149)
	java.util.concurrent.ThreadPoolExecutor$Worker.run(ThreadPoolExecutor.java:624)
	org.gradle.internal.concurrent.ThreadFactoryImpl$ManagedThreadRunnable.run(ThreadFactoryImpl.java:56)
	java.lang.Thread.run(Thread.java:748)
#4:
	io.netty.buffer.AdvancedLeakAwareByteBuf.writeInt(AdvancedLeakAwareByteBuf.java:562)
	io.rsocket.frame.FrameHeaderFlyweight.encode(FrameHeaderFlyweight.java:56)
	io.rsocket.frame.FrameHeaderFlyweight.encodeStreamZero(FrameHeaderFlyweight.java:45)
	io.rsocket.frame.SetupFrameFlyweight.encode(SetupFrameFlyweight.java:75)
	io.rsocket.RSocketFactory$ClientRSocketFactory$StartClient.lambda$start$1(RSocketFactory.java:353)
	reactor.core.publisher.FluxFlatMap.trySubscribeScalarMap(FluxFlatMap.java:151)
	reactor.core.publisher.MonoFlatMap.subscribeOrReturn(MonoFlatMap.java:53)
	reactor.core.publisher.InternalMonoOperator.subscribe(InternalMonoOperator.java:57)
	reactor.core.publisher.MonoDefer.subscribe(MonoDefer.java:52)
	reactor.core.publisher.MonoIgnoreThen$ThenIgnoreMain.drain(MonoIgnoreThen.java:153)
	reactor.core.publisher.MonoIgnoreThen.subscribe(MonoIgnoreThen.java:56)
	reactor.core.publisher.MonoDefer.subscribe(MonoDefer.java:52)
	reactor.core.publisher.Mono.subscribe(Mono.java:4208)
	reactor.core.publisher.Mono.block(Mono.java:1675)
	org.springframework.messaging.rsocket.DefaultRSocketRequesterBuilderTests.testFrameDecoder(DefaultRSocketRequesterBuilderTests.java:246)
	org.springframework.messaging.rsocket.DefaultRSocketRequesterBuilderTests.frameDecoderMatchesDataBufferFactory(DefaultRSocketRequesterBuilderTests.java:231)
	sun.reflect.NativeMethodAccessorImpl.invoke0(Native Method)
	sun.reflect.NativeMethodAccessorImpl.invoke(NativeMethodAccessorImpl.java:62)
	sun.reflect.DelegatingMethodAccessorImpl.invoke(DelegatingMethodAccessorImpl.java:43)
	java.lang.reflect.Method.invoke(Method.java:498)
	org.junit.platform.commons.util.ReflectionUtils.invokeMethod(ReflectionUtils.java:686)
	org.junit.jupiter.engine.execution.MethodInvocation.proceed(MethodInvocation.java:60)
	org.junit.jupiter.engine.execution.InvocationInterceptorChain$ValidatingInvocation.proceed(InvocationInterceptorChain.java:131)
	org.junit.jupiter.engine.extension.TimeoutExtension.intercept(TimeoutExtension.java:149)
	org.junit.jupiter.engine.extension.TimeoutExtension.interceptTestableMethod(TimeoutExtension.java:140)
	org.junit.jupiter.engine.extension.TimeoutExtension.interceptTestMethod(TimeoutExtension.java:84)
	org.junit.jupiter.engine.execution.ExecutableInvoker$ReflectiveInterceptorCall.lambda$ofVoidMethod$0(ExecutableInvoker.java:115)
	org.junit.jupiter.engine.execution.ExecutableInvoker.lambda$invoke$0(ExecutableInvoker.java:105)
	org.junit.jupiter.engine.execution.InvocationInterceptorChain$InterceptedInvocation.proceed(InvocationInterceptorChain.java:106)
	org.junit.jupiter.engine.execution.InvocationInterceptorChain.proceed(InvocationInterceptorChain.java:64)
	org.junit.jupiter.engine.execution.InvocationInterceptorChain.chainAndInvoke(InvocationInterceptorChain.java:45)
	org.junit.jupiter.engine.execution.InvocationInterceptorChain.invoke(InvocationInterceptorChain.java:37)
	org.junit.jupiter.engine.execution.ExecutableInvoker.invoke(ExecutableInvoker.java:104)
	org.junit.jupiter.engine.execution.ExecutableInvoker.invoke(ExecutableInvoker.java:98)
	org.junit.jupiter.engine.descriptor.TestMethodTestDescriptor.lambda$invokeTestMethod$6(TestMethodTestDescriptor.java:212)
	org.junit.platform.engine.support.hierarchical.ThrowableCollector.execute(ThrowableCollector.java:73)
	org.junit.jupiter.engine.descriptor.TestMethodTestDescriptor.invokeTestMethod(TestMethodTestDescriptor.java:208)
	org.junit.jupiter.engine.descriptor.TestMethodTestDescriptor.execute(TestMethodTestDescriptor.java:137)
	org.junit.jupiter.engine.descriptor.TestMethodTestDescriptor.execute(TestMethodTestDescriptor.java:71)
	org.junit.platform.engine.support.hierarchical.NodeTestTask.lambda$executeRecursively$5(NodeTestTask.java:135)
	org.junit.platform.engine.support.hierarchical.ThrowableCollector.execute(ThrowableCollector.java:73)
	org.junit.platform.engine.support.hierarchical.NodeTestTask.lambda$executeRecursively$7(NodeTestTask.java:125)
	org.junit.platform.engine.support.hierarchical.Node.around(Node.java:135)
	org.junit.platform.engine.support.hierarchical.NodeTestTask.lambda$executeRecursively$8(NodeTestTask.java:123)
	org.junit.platform.engine.support.hierarchical.ThrowableCollector.execute(ThrowableCollector.java:73)
	org.junit.platform.engine.support.hierarchical.NodeTestTask.executeRecursively(NodeTestTask.java:122)
	org.junit.platform.engine.support.hierarchical.NodeTestTask.execute(NodeTestTask.java:80)
	java.util.ArrayList.forEach(ArrayList.java:1257)
	org.junit.platform.engine.support.hierarchical.SameThreadHierarchicalTestExecutorService.invokeAll(SameThreadHierarchicalTestExecutorService.java:38)
	org.junit.platform.engine.support.hierarchical.NodeTestTask.lambda$executeRecursively$5(NodeTestTask.java:139)
	org.junit.platform.engine.support.hierarchical.ThrowableCollector.execute(ThrowableCollector.java:73)
	org.junit.platform.engine.support.hierarchical.NodeTestTask.lambda$executeRecursively$7(NodeTestTask.java:125)
	org.junit.platform.engine.support.hierarchical.Node.around(Node.java:135)
	org.junit.platform.engine.support.hierarchical.NodeTestTask.lambda$executeRecursively$8(NodeTestTask.java:123)
	org.junit.platform.engine.support.hierarchical.ThrowableCollector.execute(ThrowableCollector.java:73)
	org.junit.platform.engine.support.hierarchical.NodeTestTask.executeRecursively(NodeTestTask.java:122)
	org.junit.platform.engine.support.hierarchical.NodeTestTask.execute(NodeTestTask.java:80)
	java.util.ArrayList.forEach(ArrayList.java:1257)
	org.junit.platform.engine.support.hierarchical.SameThreadHierarchicalTestExecutorService.invokeAll(SameThreadHierarchicalTestExecutorService.java:38)
	org.junit.platform.engine.support.hierarchical.NodeTestTask.lambda$executeRecursively$5(NodeTestTask.java:139)
	org.junit.platform.engine.support.hierarchical.ThrowableCollector.execute(ThrowableCollector.java:73)
	org.junit.platform.engine.support.hierarchical.NodeTestTask.lambda$executeRecursively$7(NodeTestTask.java:125)
	org.junit.platform.engine.support.hierarchical.Node.around(Node.java:135)
	org.junit.platform.engine.support.hierarchical.NodeTestTask.lambda$executeRecursively$8(NodeTestTask.java:123)
	org.junit.platform.engine.support.hierarchical.ThrowableCollector.execute(ThrowableCollector.java:73)
	org.junit.platform.engine.support.hierarchical.NodeTestTask.executeRecursively(NodeTestTask.java:122)
	org.junit.platform.engine.support.hierarchical.NodeTestTask.execute(NodeTestTask.java:80)
	org.junit.platform.engine.support.hierarchical.SameThreadHierarchicalTestExecutorService.submit(SameThreadHierarchicalTestExecutorService.java:32)
	org.junit.platform.engine.support.hierarchical.HierarchicalTestExecutor.execute(HierarchicalTestExecutor.java:57)
	org.junit.platform.engine.support.hierarchical.HierarchicalTestEngine.execute(HierarchicalTestEngine.java:51)
	org.junit.platform.launcher.core.DefaultLauncher.execute(DefaultLauncher.java:248)
	org.junit.platform.launcher.core.DefaultLauncher.lambda$execute$5(DefaultLauncher.java:211)
	org.junit.platform.launcher.core.DefaultLauncher.withInterceptedStreams(DefaultLauncher.java:226)
	org.junit.platform.launcher.core.DefaultLauncher.execute(DefaultLauncher.java:199)
	org.junit.platform.launcher.core.DefaultLauncher.execute(DefaultLauncher.java:132)
	org.gradle.api.internal.tasks.testing.junitplatform.JUnitPlatformTestClassProcessor$CollectAllTestClassesExecutor.processAllTestClasses(JUnitPlatformTestClassProcessor.java:102)
	org.gradle.api.internal.tasks.testing.junitplatform.JUnitPlatformTestClassProcessor$CollectAllTestClassesExecutor.access$000(JUnitPlatformTestClassProcessor.java:82)
	org.gradle.api.internal.tasks.testing.junitplatform.JUnitPlatformTestClassProcessor.stop(JUnitPlatformTestClassProcessor.java:78)
	org.gradle.api.internal.tasks.testing.SuiteTestClassProcessor.stop(SuiteTestClassProcessor.java:61)
	sun.reflect.NativeMethodAccessorImpl.invoke0(Native Method)
	sun.reflect.NativeMethodAccessorImpl.invoke(NativeMethodAccessorImpl.java:62)
	sun.reflect.DelegatingMethodAccessorImpl.invoke(DelegatingMethodAccessorImpl.java:43)
	java.lang.reflect.Method.invoke(Method.java:498)
	org.gradle.internal.dispatch.ReflectionDispatch.dispatch(ReflectionDispatch.java:36)
	org.gradle.internal.dispatch.ReflectionDispatch.dispatch(ReflectionDispatch.java:24)
	org.gradle.internal.dispatch.ContextClassLoaderDispatch.dispatch(ContextClassLoaderDispatch.java:33)
	org.gradle.internal.dispatch.ProxyDispatchAdapter$DispatchingInvocationHandler.invoke(ProxyDispatchAdapter.java:94)
	com.sun.proxy.$Proxy2.stop(Unknown Source)
	org.gradle.api.internal.tasks.testing.worker.TestWorker.stop(TestWorker.java:132)
	sun.reflect.NativeMethodAccessorImpl.invoke0(Native Method)
	sun.reflect.NativeMethodAccessorImpl.invoke(NativeMethodAccessorImpl.java:62)
	sun.reflect.DelegatingMethodAccessorImpl.invoke(DelegatingMethodAccessorImpl.java:43)
	java.lang.reflect.Method.invoke(Method.java:498)
	org.gradle.internal.dispatch.ReflectionDispatch.dispatch(ReflectionDispatch.java:36)
	org.gradle.internal.dispatch.ReflectionDispatch.dispatch(ReflectionDispatch.java:24)
	org.gradle.internal.remote.internal.hub.MessageHubBackedObjectConnection$DispatchWrapper.dispatch(MessageHubBackedObjectConnection.java:182)
	org.gradle.internal.remote.internal.hub.MessageHubBackedObjectConnection$DispatchWrapper.dispatch(MessageHubBackedObjectConnection.java:164)
	org.gradle.internal.remote.internal.hub.MessageHub$Handler.run(MessageHub.java:412)
	org.gradle.internal.concurrent.ExecutorPolicy$CatchAndRecordFailures.onExecute(ExecutorPolicy.java:64)
	org.gradle.internal.concurrent.ManagedExecutorImpl$1.run(ManagedExecutorImpl.java:48)
	java.util.concurrent.ThreadPoolExecutor.runWorker(ThreadPoolExecutor.java:1149)
	java.util.concurrent.ThreadPoolExecutor$Worker.run(ThreadPoolExecutor.java:624)
	org.gradle.internal.concurrent.ThreadFactoryImpl$ManagedThreadRunnable.run(ThreadFactoryImpl.java:56)
	java.lang.Thread.run(Thread.java:748)
Created at:
	io.netty.buffer.PooledByteBufAllocator.newDirectBuffer(PooledByteBufAllocator.java:363)
	io.netty.buffer.AbstractByteBufAllocator.directBuffer(AbstractByteBufAllocator.java:187)
	io.netty.buffer.AbstractByteBufAllocator.directBuffer(AbstractByteBufAllocator.java:173)
	io.netty.buffer.AbstractByteBufAllocator.buffer(AbstractByteBufAllocator.java:107)
	io.rsocket.frame.FrameHeaderFlyweight.encode(FrameHeaderFlyweight.java:56)
	io.rsocket.frame.FrameHeaderFlyweight.encodeStreamZero(FrameHeaderFlyweight.java:45)
	io.rsocket.frame.SetupFrameFlyweight.encode(SetupFrameFlyweight.java:75)
	io.rsocket.RSocketFactory$ClientRSocketFactory$StartClient.lambda$start$1(RSocketFactory.java:353)
	reactor.core.publisher.FluxFlatMap.trySubscribeScalarMap(FluxFlatMap.java:151)
	reactor.core.publisher.MonoFlatMap.subscribeOrReturn(MonoFlatMap.java:53)
	reactor.core.publisher.InternalMonoOperator.subscribe(InternalMonoOperator.java:57)
	reactor.core.publisher.MonoDefer.subscribe(MonoDefer.java:52)
	reactor.core.publisher.MonoIgnoreThen$ThenIgnoreMain.drain(MonoIgnoreThen.java:153)
	reactor.core.publisher.MonoIgnoreThen.subscribe(MonoIgnoreThen.java:56)
	reactor.core.publisher.MonoDefer.subscribe(MonoDefer.java:52)
	reactor.core.publisher.Mono.subscribe(Mono.java:4208)
	reactor.core.publisher.Mono.block(Mono.java:1675)
	org.springframework.messaging.rsocket.DefaultRSocketRequesterBuilderTests.testFrameDecoder(DefaultRSocketRequesterBuilderTests.java:246)
	org.springframework.messaging.rsocket.DefaultRSocketRequesterBuilderTests.frameDecoderMatchesDataBufferFactory(DefaultRSocketRequesterBuilderTests.java:231)
	sun.reflect.NativeMethodAccessorImpl.invoke0(Native Method)
	sun.reflect.NativeMethodAccessorImpl.invoke(NativeMethodAccessorImpl.java:62)
	sun.reflect.DelegatingMethodAccessorImpl.invoke(DelegatingMethodAccessorImpl.java:43)
	java.lang.reflect.Method.invoke(Method.java:498)
	org.junit.platform.commons.util.ReflectionUtils.invokeMethod(ReflectionUtils.java:686)
	org.junit.jupiter.engine.execution.MethodInvocation.proceed(MethodInvocation.java:60)
	org.junit.jupiter.engine.execution.InvocationInterceptorChain$ValidatingInvocation.proceed(InvocationInterceptorChain.java:131)
	org.junit.jupiter.engine.extension.TimeoutExtension.intercept(TimeoutExtension.java:149)
	org.junit.jupiter.engine.extension.TimeoutExtension.interceptTestableMethod(TimeoutExtension.java:140)
	org.junit.jupiter.engine.extension.TimeoutExtension.interceptTestMethod(TimeoutExtension.java:84)
	org.junit.jupiter.engine.execution.ExecutableInvoker$ReflectiveInterceptorCall.lambda$ofVoidMethod$0(ExecutableInvoker.java:115)
	org.junit.jupiter.engine.execution.ExecutableInvoker.lambda$invoke$0(ExecutableInvoker.java:105)
	org.junit.jupiter.engine.execution.InvocationInterceptorChain$InterceptedInvocation.proceed(InvocationInterceptorChain.java:106)
	org.junit.jupiter.engine.execution.InvocationInterceptorChain.proceed(InvocationInterceptorChain.java:64)
	org.junit.jupiter.engine.execution.InvocationInterceptorChain.chainAndInvoke(InvocationInterceptorChain.java:45)
	org.junit.jupiter.engine.execution.InvocationInterceptorChain.invoke(InvocationInterceptorChain.java:37)
	org.junit.jupiter.engine.execution.ExecutableInvoker.invoke(ExecutableInvoker.java:104)
	org.junit.jupiter.engine.execution.ExecutableInvoker.invoke(ExecutableInvoker.java:98)
	org.junit.jupiter.engine.descriptor.TestMethodTestDescriptor.lambda$invokeTestMethod$6(TestMethodTestDescriptor.java:212)
	org.junit.platform.engine.support.hierarchical.ThrowableCollector.execute(ThrowableCollector.java:73)
	org.junit.jupiter.engine.descriptor.TestMethodTestDescriptor.invokeTestMethod(TestMethodTestDescriptor.java:208)
	org.junit.jupiter.engine.descriptor.TestMethodTestDescriptor.execute(TestMethodTestDescriptor.java:137)
	org.junit.jupiter.engine.descriptor.TestMethodTestDescriptor.execute(TestMethodTestDescriptor.java:71)
	org.junit.platform.engine.support.hierarchical.NodeTestTask.lambda$executeRecursively$5(NodeTestTask.java:135)
	org.junit.platform.engine.support.hierarchical.ThrowableCollector.execute(ThrowableCollector.java:73)
	org.junit.platform.engine.support.hierarchical.NodeTestTask.lambda$executeRecursively$7(NodeTestTask.java:125)
	org.junit.platform.engine.support.hierarchical.Node.around(Node.java:135)
	org.junit.platform.engine.support.hierarchical.NodeTestTask.lambda$executeRecursively$8(NodeTestTask.java:123)
	org.junit.platform.engine.support.hierarchical.ThrowableCollector.execute(ThrowableCollector.java:73)
	org.junit.platform.engine.support.hierarchical.NodeTestTask.executeRecursively(NodeTestTask.java:122)
	org.junit.platform.engine.support.hierarchical.NodeTestTask.execute(NodeTestTask.java:80)
	java.util.ArrayList.forEach(ArrayList.java:1257)
	org.junit.platform.engine.support.hierarchical.SameThreadHierarchicalTestExecutorService.invokeAll(SameThreadHierarchicalTestExecutorService.java:38)
	org.junit.platform.engine.support.hierarchical.NodeTestTask.lambda$executeRecursively$5(NodeTestTask.java:139)
	org.junit.platform.engine.support.hierarchical.ThrowableCollector.execute(ThrowableCollector.java:73)
	org.junit.platform.engine.support.hierarchical.NodeTestTask.lambda$executeRecursively$7(NodeTestTask.java:125)
	org.junit.platform.engine.support.hierarchical.Node.around(Node.java:135)
	org.junit.platform.engine.support.hierarchical.NodeTestTask.lambda$executeRecursively$8(NodeTestTask.java:123)
	org.junit.platform.engine.support.hierarchical.ThrowableCollector.execute(ThrowableCollector.java:73)
	org.junit.platform.engine.support.hierarchical.NodeTestTask.executeRecursively(NodeTestTask.java:122)
	org.junit.platform.engine.support.hierarchical.NodeTestTask.execute(NodeTestTask.java:80)
	java.util.ArrayList.forEach(ArrayList.java:1257)
	org.junit.platform.engine.support.hierarchical.SameThreadHierarchicalTestExecutorService.invokeAll(SameThreadHierarchicalTestExecutorService.java:38)
	org.junit.platform.engine.support.hierarchical.NodeTestTask.lambda$executeRecursively$5(NodeTestTask.java:139)
	org.junit.platform.engine.support.hierarchical.ThrowableCollector.execute(ThrowableCollector.java:73)
	org.junit.platform.engine.support.hierarchical.NodeTestTask.lambda$executeRecursively$7(NodeTestTask.java:125)
	org.junit.platform.engine.support.hierarchical.Node.around(Node.java:135)
	org.junit.platform.engine.support.hierarchical.NodeTestTask.lambda$executeRecursively$8(NodeTestTask.java:123)
	org.junit.platform.engine.support.hierarchical.ThrowableCollector.execute(ThrowableCollector.java:73)
	org.junit.platform.engine.support.hierarchical.NodeTestTask.executeRecursively(NodeTestTask.java:122)
	org.junit.platform.engine.support.hierarchical.NodeTestTask.execute(NodeTestTask.java:80)
	org.junit.platform.engine.support.hierarchical.SameThreadHierarchicalTestExecutorService.submit(SameThreadHierarchicalTestExecutorService.java:32)
	org.junit.platform.engine.support.hierarchical.HierarchicalTestExecutor.execute(HierarchicalTestExecutor.java:57)
	org.junit.platform.engine.support.hierarchical.HierarchicalTestEngine.execute(HierarchicalTestEngine.java:51)
	org.junit.platform.launcher.core.DefaultLauncher.execute(DefaultLauncher.java:248)
	org.junit.platform.launcher.core.DefaultLauncher.lambda$execute$5(DefaultLauncher.java:211)
	org.junit.platform.launcher.core.DefaultLauncher.withInterceptedStreams(DefaultLauncher.java:226)
	org.junit.platform.launcher.core.DefaultLauncher.execute(DefaultLauncher.java:199)
	org.junit.platform.launcher.core.DefaultLauncher.execute(DefaultLauncher.java:132)
	org.gradle.api.internal.tasks.testing.junitplatform.JUnitPlatformTestClassProcessor$CollectAllTestClassesExecutor.processAllTestClasses(JUnitPlatformTestClassProcessor.java:102)
	org.gradle.api.internal.tasks.testing.junitplatform.JUnitPlatformTestClassProcessor$CollectAllTestClassesExecutor.access$000(JUnitPlatformTestClassProcessor.java:82)
	org.gradle.api.internal.tasks.testing.junitplatform.JUnitPlatformTestClassProcessor.stop(JUnitPlatformTestClassProcessor.java:78)
	org.gradle.api.internal.tasks.testing.SuiteTestClassProcessor.stop(SuiteTestClassProcessor.java:61)
	sun.reflect.NativeMethodAccessorImpl.invoke0(Native Method)
	sun.reflect.NativeMethodAccessorImpl.invoke(NativeMethodAccessorImpl.java:62)
	sun.reflect.DelegatingMethodAccessorImpl.invoke(DelegatingMethodAccessorImpl.java:43)
	java.lang.reflect.Method.invoke(Method.java:498)
	org.gradle.internal.dispatch.ReflectionDispatch.dispatch(ReflectionDispatch.java:36)
	org.gradle.internal.dispatch.ReflectionDispatch.dispatch(ReflectionDispatch.java:24)
	org.gradle.internal.dispatch.ContextClassLoaderDispatch.dispatch(ContextClassLoaderDispatch.java:33)
	org.gradle.internal.dispatch.ProxyDispatchAdapter$DispatchingInvocationHandler.invoke(ProxyDispatchAdapter.java:94)
	com.sun.proxy.$Proxy2.stop(Unknown Source)
	org.gradle.api.internal.tasks.testing.worker.TestWorker.stop(TestWorker.java:132)
	sun.reflect.NativeMethodAccessorImpl.invoke0(Native Method)
	sun.reflect.NativeMethodAccessorImpl.invoke(NativeMethodAccessorImpl.java:62)
	sun.reflect.DelegatingMethodAccessorImpl.invoke(DelegatingMethodAccessorImpl.java:43)
	java.lang.reflect.Method.invoke(Method.java:498)
	org.gradle.internal.dispatch.ReflectionDispatch.dispatch(ReflectionDispatch.java:36)
	org.gradle.internal.dispatch.ReflectionDispatch.dispatch(ReflectionDispatch.java:24)
	org.gradle.internal.remote.internal.hub.MessageHubBackedObjectConnection$DispatchWrapper.dispatch(MessageHubBackedObjectConnection.java:182)
	org.gradle.internal.remote.internal.hub.MessageHubBackedObjectConnection$DispatchWrapper.dispatch(MessageHubBackedObjectConnection.java:164)
	org.gradle.internal.remote.internal.hub.MessageHub$Handler.run(MessageHub.java:412)
	org.gradle.internal.concurrent.ExecutorPolicy$CatchAndRecordFailures.onExecute(ExecutorPolicy.java:64)
	org.gradle.internal.concurrent.ManagedExecutorImpl$1.run(ManagedExecutorImpl.java:48)
	java.util.concurrent.ThreadPoolExecutor.runWorker(ThreadPoolExecutor.java:1149)
	java.util.concurrent.ThreadPoolExecutor$Worker.run(ThreadPoolExecutor.java:624)
	org.gradle.internal.concurrent.ThreadFactoryImpl$ManagedThreadRunnable.run(ThreadFactoryImpl.java:56)
	java.lang.Thread.run(Thread.java:748)
: 2 leak records were discarded because they were duplicates
: 1 leak records were discarded because the leak record count is targeted to 4. Use system property io.netty.leakDetection.targetRecords to increase the limit.
22:22:58.864 [reactor-tcp-nio-3] ERROR o.s.m.h.i.r.InvocableHelper - No exception handling method
org.springframework.messaging.handler.invocation.MethodArgumentResolutionException: Could not resolve method parameter at index 0 in void org.springframework.messaging.rsocket.RSocketBufferLeakTests$ServerController.notDecodable(org.springframework.core.io.Resource): Cannot decode to [org.springframework.core.io.Resource]GenericMessage [payload=FluxPeekFuseable, headers={dataBufferFactory=NettyDataBufferFactory (PooledByteBufAllocator(directByDefault: true)), rsocketRequester=org.springframework.messaging.rsocket.DefaultRSocketRequester@7e539fb1, rsocketResponse=MonoProcessor, lookupDestination=not-decodable, contentType=text/plain, rsocketFrameType=REQUEST_RESPONSE}]
	at org.springframework.messaging.handler.annotation.reactive.PayloadMethodArgumentResolver.decodeContent(PayloadMethodArgumentResolver.java:261) ~[main/:?]
	at org.springframework.messaging.handler.annotation.reactive.PayloadMethodArgumentResolver.resolveArgument(PayloadMethodArgumentResolver.java:168) ~[main/:?]
	at org.springframework.messaging.handler.invocation.reactive.HandlerMethodArgumentResolverComposite.resolveArgument(HandlerMethodArgumentResolverComposite.java:120) ~[main/:?]
	at org.springframework.messaging.handler.invocation.reactive.InvocableHandlerMethod.getMethodArgumentValues(InvocableHandlerMethod.java:183) ~[main/:?]
	at org.springframework.messaging.handler.invocation.reactive.InvocableHandlerMethod.invoke(InvocableHandlerMethod.java:128) ~[main/:?]
	at org.springframework.messaging.handler.invocation.reactive.InvocableHelper.handleMessage(InvocableHelper.java:194) ~[main/:?]
	at org.springframework.messaging.handler.invocation.reactive.AbstractMethodMessageHandler.handleMatch(AbstractMethodMessageHandler.java:458) ~[main/:?]
	at org.springframework.messaging.handler.annotation.reactive.MessageMappingMessageHandler.handleMatch(MessageMappingMessageHandler.java:330) ~[main/:?]
	at org.springframework.messaging.handler.annotation.reactive.MessageMappingMessageHandler.handleMatch(MessageMappingMessageHandler.java:83) ~[main/:?]
	at org.springframework.messaging.handler.invocation.reactive.AbstractMethodMessageHandler.handleMessage(AbstractMethodMessageHandler.java:453) ~[main/:?]
	at org.springframework.messaging.rsocket.annotation.support.MessagingRSocket.lambda$handleAndReply$4(MessagingRSocket.java:173) ~[main/:?]
	at reactor.core.publisher.MonoDefer.subscribe(MonoDefer.java:44) ~[reactor-core-3.3.5.BUILD-SNAPSHOT.jar:3.3.5.BUILD-SNAPSHOT]
	at reactor.core.publisher.Mono.subscribe(Mono.java:4208) ~[reactor-core-3.3.5.BUILD-SNAPSHOT.jar:3.3.5.BUILD-SNAPSHOT]
	at reactor.core.publisher.FluxConcatArray$ConcatArraySubscriber.onComplete(FluxConcatArray.java:207) ~[reactor-core-3.3.5.BUILD-SNAPSHOT.jar:3.3.5.BUILD-SNAPSHOT]
	at reactor.core.publisher.FluxConcatArray.subscribe(FluxConcatArray.java:80) ~[reactor-core-3.3.5.BUILD-SNAPSHOT.jar:3.3.5.BUILD-SNAPSHOT]
	at reactor.core.publisher.InternalMonoOperator.subscribe(InternalMonoOperator.java:64) ~[reactor-core-3.3.5.BUILD-SNAPSHOT.jar:3.3.5.BUILD-SNAPSHOT]
	at io.rsocket.RSocketResponder.handleRequestResponse(RSocketResponder.java:387) ~[rsocket-core-1.0.0-RC6.jar:?]
	at io.rsocket.RSocketResponder.handleFrame(RSocketResponder.java:299) ~[rsocket-core-1.0.0-RC6.jar:?]
	at reactor.core.publisher.LambdaSubscriber.onNext(LambdaSubscriber.java:160) [reactor-core-3.3.5.BUILD-SNAPSHOT.jar:3.3.5.BUILD-SNAPSHOT]
	at reactor.core.publisher.MonoFlatMapMany$FlatMapManyInner.onNext(MonoFlatMapMany.java:242) [reactor-core-3.3.5.BUILD-SNAPSHOT.jar:3.3.5.BUILD-SNAPSHOT]
	at reactor.core.publisher.FluxGroupBy$UnicastGroupedFlux.drainRegular(FluxGroupBy.java:554) [reactor-core-3.3.5.BUILD-SNAPSHOT.jar:3.3.5.BUILD-SNAPSHOT]
	at reactor.core.publisher.FluxGroupBy$UnicastGroupedFlux.drain(FluxGroupBy.java:630) [reactor-core-3.3.5.BUILD-SNAPSHOT.jar:3.3.5.BUILD-SNAPSHOT]
	at reactor.core.publisher.FluxGroupBy$UnicastGroupedFlux.onNext(FluxGroupBy.java:670) [reactor-core-3.3.5.BUILD-SNAPSHOT.jar:3.3.5.BUILD-SNAPSHOT]
	at reactor.core.publisher.FluxGroupBy$GroupByMain.onNext(FluxGroupBy.java:205) [reactor-core-3.3.5.BUILD-SNAPSHOT.jar:3.3.5.BUILD-SNAPSHOT]
	at reactor.core.publisher.FluxMap$MapSubscriber.onNext(FluxMap.java:114) [reactor-core-3.3.5.BUILD-SNAPSHOT.jar:3.3.5.BUILD-SNAPSHOT]
	at reactor.core.publisher.FluxMap$MapSubscriber.onNext(FluxMap.java:114) [reactor-core-3.3.5.BUILD-SNAPSHOT.jar:3.3.5.BUILD-SNAPSHOT]
	at reactor.netty.channel.FluxReceive.drainReceiver(FluxReceive.java:220) [reactor-netty-0.9.7.BUILD-SNAPSHOT.jar:0.9.7.BUILD-SNAPSHOT]
	at reactor.netty.channel.FluxReceive.onInboundNext(FluxReceive.java:354) [reactor-netty-0.9.7.BUILD-SNAPSHOT.jar:0.9.7.BUILD-SNAPSHOT]
	at reactor.netty.channel.ChannelOperations.onInboundNext(ChannelOperations.java:352) [reactor-netty-0.9.7.BUILD-SNAPSHOT.jar:0.9.7.BUILD-SNAPSHOT]
	at reactor.netty.channel.ChannelOperationsHandler.channelRead(ChannelOperationsHandler.java:96) [reactor-netty-0.9.7.BUILD-SNAPSHOT.jar:0.9.7.BUILD-SNAPSHOT]
	at io.netty.channel.AbstractChannelHandlerContext.invokeChannelRead(AbstractChannelHandlerContext.java:379) [netty-transport-4.1.48.Final.jar:4.1.48.Final]
	at io.netty.channel.AbstractChannelHandlerContext.invokeChannelRead(AbstractChannelHandlerContext.java:365) [netty-transport-4.1.48.Final.jar:4.1.48.Final]
	at io.netty.channel.AbstractChannelHandlerContext.fireChannelRead(AbstractChannelHandlerContext.java:357) [netty-transport-4.1.48.Final.jar:4.1.48.Final]
	at io.netty.handler.codec.ByteToMessageDecoder.fireChannelRead(ByteToMessageDecoder.java:321) [netty-codec-4.1.48.Final.jar:4.1.48.Final]
	at io.netty.handler.codec.ByteToMessageDecoder.channelRead(ByteToMessageDecoder.java:295) [netty-codec-4.1.48.Final.jar:4.1.48.Final]
	at io.netty.channel.AbstractChannelHandlerContext.invokeChannelRead(AbstractChannelHandlerContext.java:379) [netty-transport-4.1.48.Final.jar:4.1.48.Final]
	at io.netty.channel.AbstractChannelHandlerContext.invokeChannelRead(AbstractChannelHandlerContext.java:365) [netty-transport-4.1.48.Final.jar:4.1.48.Final]
	at io.netty.channel.AbstractChannelHandlerContext.fireChannelRead(AbstractChannelHandlerContext.java:357) [netty-transport-4.1.48.Final.jar:4.1.48.Final]
	at io.netty.channel.DefaultChannelPipeline$HeadContext.channelRead(DefaultChannelPipeline.java:1410) [netty-transport-4.1.48.Final.jar:4.1.48.Final]
	at io.netty.channel.AbstractChannelHandlerContext.invokeChannelRead(AbstractChannelHandlerContext.java:379) [netty-transport-4.1.48.Final.jar:4.1.48.Final]
	at io.netty.channel.AbstractChannelHandlerContext.invokeChannelRead(AbstractChannelHandlerContext.java:365) [netty-transport-4.1.48.Final.jar:4.1.48.Final]
	at io.netty.channel.DefaultChannelPipeline.fireChannelRead(DefaultChannelPipeline.java:919) [netty-transport-4.1.48.Final.jar:4.1.48.Final]
	at io.netty.channel.nio.AbstractNioByteChannel$NioByteUnsafe.read(AbstractNioByteChannel.java:163) [netty-transport-4.1.48.Final.jar:4.1.48.Final]
	at io.netty.channel.nio.NioEventLoop.processSelectedKey(NioEventLoop.java:714) [netty-transport-4.1.48.Final.jar:4.1.48.Final]
	at io.netty.channel.nio.NioEventLoop.processSelectedKeysOptimized(NioEventLoop.java:650) [netty-transport-4.1.48.Final.jar:4.1.48.Final]
	at io.netty.channel.nio.NioEventLoop.processSelectedKeys(NioEventLoop.java:576) [netty-transport-4.1.48.Final.jar:4.1.48.Final]
	at io.netty.channel.nio.NioEventLoop.run(NioEventLoop.java:493) [netty-transport-4.1.48.Final.jar:4.1.48.Final]
	at io.netty.util.concurrent.SingleThreadEventExecutor$4.run(SingleThreadEventExecutor.java:989) [netty-common-4.1.48.Final.jar:4.1.48.Final]
	at io.netty.util.internal.ThreadExecutorMap$2.run(ThreadExecutorMap.java:74) [netty-common-4.1.48.Final.jar:4.1.48.Final]
	at io.netty.util.concurrent.FastThreadLocalRunnable.run(FastThreadLocalRunnable.java:30) [netty-common-4.1.48.Final.jar:4.1.48.Final]
	at java.lang.Thread.run(Thread.java:748) [?:1.8.0_181]
]]></system-out>
  <system-err><![CDATA[java.lang.IllegalStateException: Ambiguous handler methods mapped for destination 'A.B': {ServerController#ambiguousMatchA[1 args], ServerController#ambiguousMatchB[1 args]}
	at org.springframework.messaging.handler.invocation.reactive.AbstractMethodMessageHandler.getHandlerMethod(AbstractMethodMessageHandler.java:492)
	at org.springframework.messaging.handler.invocation.reactive.AbstractMethodMessageHandler.handleMessage(AbstractMethodMessageHandler.java:444)
	at org.springframework.messaging.rsocket.annotation.support.MessagingRSocket.lambda$handleAndReply$4(MessagingRSocket.java:173)
	at reactor.core.publisher.MonoDefer.subscribe(MonoDefer.java:44)
	at reactor.core.publisher.Mono.subscribe(Mono.java:4208)
	at reactor.core.publisher.FluxConcatArray$ConcatArraySubscriber.onComplete(FluxConcatArray.java:207)
	at reactor.core.publisher.FluxConcatArray.subscribe(FluxConcatArray.java:80)
	at reactor.core.publisher.InternalMonoOperator.subscribe(InternalMonoOperator.java:64)
	at io.rsocket.RSocketResponder.handleRequestResponse(RSocketResponder.java:387)
	at io.rsocket.RSocketResponder.handleFrame(RSocketResponder.java:299)
	at reactor.core.publisher.LambdaSubscriber.onNext(LambdaSubscriber.java:160)
	at reactor.core.publisher.MonoFlatMapMany$FlatMapManyInner.onNext(MonoFlatMapMany.java:242)
	at reactor.core.publisher.FluxGroupBy$UnicastGroupedFlux.drainRegular(FluxGroupBy.java:554)
	at reactor.core.publisher.FluxGroupBy$UnicastGroupedFlux.drain(FluxGroupBy.java:630)
	at reactor.core.publisher.FluxGroupBy$UnicastGroupedFlux.subscribe(FluxGroupBy.java:696)
	at reactor.core.publisher.Flux.subscribe(Flux.java:8258)
	at reactor.core.publisher.MonoFlatMapMany$FlatMapManyMain.onNext(MonoFlatMapMany.java:188)
	at reactor.core.publisher.Operators$MonoSubscriber.complete(Operators.java:1755)
	at reactor.core.publisher.MonoProcessor.onNext(MonoProcessor.java:317)
	at io.rsocket.internal.ClientServerInputMultiplexer.lambda$new$1(ClientServerInputMultiplexer.java:116)
	at reactor.core.publisher.LambdaSubscriber.onNext(LambdaSubscriber.java:160)
	at reactor.core.publisher.FluxGroupBy$GroupByMain.drainLoop(FluxGroupBy.java:380)
	at reactor.core.publisher.FluxGroupBy$GroupByMain.drain(FluxGroupBy.java:316)
	at reactor.core.publisher.FluxGroupBy$GroupByMain.onNext(FluxGroupBy.java:201)
	at reactor.core.publisher.FluxMap$MapSubscriber.onNext(FluxMap.java:114)
	at reactor.core.publisher.FluxMap$MapSubscriber.onNext(FluxMap.java:114)
	at reactor.netty.channel.FluxReceive.drainReceiver(FluxReceive.java:220)
	at reactor.netty.channel.FluxReceive.onInboundNext(FluxReceive.java:354)
	at reactor.netty.channel.ChannelOperations.onInboundNext(ChannelOperations.java:352)
	at reactor.netty.channel.ChannelOperationsHandler.channelRead(ChannelOperationsHandler.java:96)
	at io.netty.channel.AbstractChannelHandlerContext.invokeChannelRead(AbstractChannelHandlerContext.java:379)
	at io.netty.channel.AbstractChannelHandlerContext.invokeChannelRead(AbstractChannelHandlerContext.java:365)
	at io.netty.channel.AbstractChannelHandlerContext.fireChannelRead(AbstractChannelHandlerContext.java:357)
	at io.netty.handler.codec.ByteToMessageDecoder.fireChannelRead(ByteToMessageDecoder.java:321)
	at io.netty.handler.codec.ByteToMessageDecoder.channelRead(ByteToMessageDecoder.java:295)
	at io.netty.channel.AbstractChannelHandlerContext.invokeChannelRead(AbstractChannelHandlerContext.java:379)
	at io.netty.channel.AbstractChannelHandlerContext.invokeChannelRead(AbstractChannelHandlerContext.java:365)
	at io.netty.channel.AbstractChannelHandlerContext.fireChannelRead(AbstractChannelHandlerContext.java:357)
	at io.netty.channel.DefaultChannelPipeline$HeadContext.channelRead(DefaultChannelPipeline.java:1410)
	at io.netty.channel.AbstractChannelHandlerContext.invokeChannelRead(AbstractChannelHandlerContext.java:379)
	at io.netty.channel.AbstractChannelHandlerContext.invokeChannelRead(AbstractChannelHandlerContext.java:365)
	at io.netty.channel.DefaultChannelPipeline.fireChannelRead(DefaultChannelPipeline.java:919)
	at io.netty.channel.nio.AbstractNioByteChannel$NioByteUnsafe.read(AbstractNioByteChannel.java:163)
	at io.netty.channel.nio.NioEventLoop.processSelectedKey(NioEventLoop.java:714)
	at io.netty.channel.nio.NioEventLoop.processSelectedKeysOptimized(NioEventLoop.java:650)
	at io.netty.channel.nio.NioEventLoop.processSelectedKeys(NioEventLoop.java:576)
	at io.netty.channel.nio.NioEventLoop.run(NioEventLoop.java:493)
	at io.netty.util.concurrent.SingleThreadEventExecutor$4.run(SingleThreadEventExecutor.java:989)
	at io.netty.util.internal.ThreadExecutorMap$2.run(ThreadExecutorMap.java:74)
	at io.netty.util.concurrent.FastThreadLocalRunnable.run(FastThreadLocalRunnable.java:30)
	at java.lang.Thread.run(Thread.java:748)
org.springframework.messaging.handler.invocation.MethodArgumentResolutionException: Could not resolve method parameter at index 0 in void org.springframework.messaging.rsocket.RSocketBufferLeakTests$ServerController.notDecodable(org.springframework.core.io.Resource): Cannot decode to [org.springframework.core.io.Resource]GenericMessage [payload=FluxPeekFuseable, headers={dataBufferFactory=NettyDataBufferFactory (PooledByteBufAllocator(directByDefault: true)), rsocketRequester=org.springframework.messaging.rsocket.DefaultRSocketRequester@7e539fb1, rsocketResponse=MonoProcessor, lookupDestination=not-decodable, contentType=text/plain, rsocketFrameType=REQUEST_RESPONSE}], failedMessage=GenericMessage [payload=FluxPeekFuseable, headers={dataBufferFactory=NettyDataBufferFactory (PooledByteBufAllocator(directByDefault: true)), rsocketRequester=org.springframework.messaging.rsocket.DefaultRSocketRequester@7e539fb1, rsocketResponse=MonoProcessor, lookupDestination=not-decodable, contentType=text/plain, rsocketFrameType=REQUEST_RESPONSE}]
	at org.springframework.messaging.handler.annotation.reactive.PayloadMethodArgumentResolver.decodeContent(PayloadMethodArgumentResolver.java:261)
	at org.springframework.messaging.handler.annotation.reactive.PayloadMethodArgumentResolver.resolveArgument(PayloadMethodArgumentResolver.java:168)
	at org.springframework.messaging.handler.invocation.reactive.HandlerMethodArgumentResolverComposite.resolveArgument(HandlerMethodArgumentResolverComposite.java:120)
	at org.springframework.messaging.handler.invocation.reactive.InvocableHandlerMethod.getMethodArgumentValues(InvocableHandlerMethod.java:183)
	at org.springframework.messaging.handler.invocation.reactive.InvocableHandlerMethod.invoke(InvocableHandlerMethod.java:128)
	at org.springframework.messaging.handler.invocation.reactive.InvocableHelper.handleMessage(InvocableHelper.java:194)
	at org.springframework.messaging.handler.invocation.reactive.AbstractMethodMessageHandler.handleMatch(AbstractMethodMessageHandler.java:458)
	at org.springframework.messaging.handler.annotation.reactive.MessageMappingMessageHandler.handleMatch(MessageMappingMessageHandler.java:330)
	at org.springframework.messaging.handler.annotation.reactive.MessageMappingMessageHandler.handleMatch(MessageMappingMessageHandler.java:83)
	at org.springframework.messaging.handler.invocation.reactive.AbstractMethodMessageHandler.handleMessage(AbstractMethodMessageHandler.java:453)
	at org.springframework.messaging.rsocket.annotation.support.MessagingRSocket.lambda$handleAndReply$4(MessagingRSocket.java:173)
	at reactor.core.publisher.MonoDefer.subscribe(MonoDefer.java:44)
	at reactor.core.publisher.Mono.subscribe(Mono.java:4208)
	at reactor.core.publisher.FluxConcatArray$ConcatArraySubscriber.onComplete(FluxConcatArray.java:207)
	at reactor.core.publisher.FluxConcatArray.subscribe(FluxConcatArray.java:80)
	at reactor.core.publisher.InternalMonoOperator.subscribe(InternalMonoOperator.java:64)
	at io.rsocket.RSocketResponder.handleRequestResponse(RSocketResponder.java:387)
	at io.rsocket.RSocketResponder.handleFrame(RSocketResponder.java:299)
	at reactor.core.publisher.LambdaSubscriber.onNext(LambdaSubscriber.java:160)
	at reactor.core.publisher.MonoFlatMapMany$FlatMapManyInner.onNext(MonoFlatMapMany.java:242)
	at reactor.core.publisher.FluxGroupBy$UnicastGroupedFlux.drainRegular(FluxGroupBy.java:554)
	at reactor.core.publisher.FluxGroupBy$UnicastGroupedFlux.drain(FluxGroupBy.java:630)
	at reactor.core.publisher.FluxGroupBy$UnicastGroupedFlux.onNext(FluxGroupBy.java:670)
	at reactor.core.publisher.FluxGroupBy$GroupByMain.onNext(FluxGroupBy.java:205)
	at reactor.core.publisher.FluxMap$MapSubscriber.onNext(FluxMap.java:114)
	at reactor.core.publisher.FluxMap$MapSubscriber.onNext(FluxMap.java:114)
	at reactor.netty.channel.FluxReceive.drainReceiver(FluxReceive.java:220)
	at reactor.netty.channel.FluxReceive.onInboundNext(FluxReceive.java:354)
	at reactor.netty.channel.ChannelOperations.onInboundNext(ChannelOperations.java:352)
	at reactor.netty.channel.ChannelOperationsHandler.channelRead(ChannelOperationsHandler.java:96)
	at io.netty.channel.AbstractChannelHandlerContext.invokeChannelRead(AbstractChannelHandlerContext.java:379)
	at io.netty.channel.AbstractChannelHandlerContext.invokeChannelRead(AbstractChannelHandlerContext.java:365)
	at io.netty.channel.AbstractChannelHandlerContext.fireChannelRead(AbstractChannelHandlerContext.java:357)
	at io.netty.handler.codec.ByteToMessageDecoder.fireChannelRead(ByteToMessageDecoder.java:321)
	at io.netty.handler.codec.ByteToMessageDecoder.channelRead(ByteToMessageDecoder.java:295)
	at io.netty.channel.AbstractChannelHandlerContext.invokeChannelRead(AbstractChannelHandlerContext.java:379)
	at io.netty.channel.AbstractChannelHandlerContext.invokeChannelRead(AbstractChannelHandlerContext.java:365)
	at io.netty.channel.AbstractChannelHandlerContext.fireChannelRead(AbstractChannelHandlerContext.java:357)
	at io.netty.channel.DefaultChannelPipeline$HeadContext.channelRead(DefaultChannelPipeline.java:1410)
	at io.netty.channel.AbstractChannelHandlerContext.invokeChannelRead(AbstractChannelHandlerContext.java:379)
	at io.netty.channel.AbstractChannelHandlerContext.invokeChannelRead(AbstractChannelHandlerContext.java:365)
	at io.netty.channel.DefaultChannelPipeline.fireChannelRead(DefaultChannelPipeline.java:919)
	at io.netty.channel.nio.AbstractNioByteChannel$NioByteUnsafe.read(AbstractNioByteChannel.java:163)
	at io.netty.channel.nio.NioEventLoop.processSelectedKey(NioEventLoop.java:714)
	at io.netty.channel.nio.NioEventLoop.processSelectedKeysOptimized(NioEventLoop.java:650)
	at io.netty.channel.nio.NioEventLoop.processSelectedKeys(NioEventLoop.java:576)
	at io.netty.channel.nio.NioEventLoop.run(NioEventLoop.java:493)
	at io.netty.util.concurrent.SingleThreadEventExecutor$4.run(SingleThreadEventExecutor.java:989)
	at io.netty.util.internal.ThreadExecutorMap$2.run(ThreadExecutorMap.java:74)
	at io.netty.util.concurrent.FastThreadLocalRunnable.run(FastThreadLocalRunnable.java:30)
	at java.lang.Thread.run(Thread.java:748)
org.springframework.messaging.MessageDeliveryException: No handler for destination 'no-such-route'
	at org.springframework.messaging.rsocket.annotation.support.RSocketMessageHandler.handleNoMatch(RSocketMessageHandler.java:389)
	at org.springframework.messaging.handler.invocation.reactive.AbstractMethodMessageHandler.getHandlerMethod(AbstractMethodMessageHandler.java:476)
	at org.springframework.messaging.handler.invocation.reactive.AbstractMethodMessageHandler.handleMessage(AbstractMethodMessageHandler.java:444)
	at org.springframework.messaging.rsocket.annotation.support.MessagingRSocket.lambda$handleAndReply$4(MessagingRSocket.java:173)
	at reactor.core.publisher.MonoDefer.subscribe(MonoDefer.java:44)
	at reactor.core.publisher.Mono.subscribe(Mono.java:4208)
	at reactor.core.publisher.FluxConcatArray$ConcatArraySubscriber.onComplete(FluxConcatArray.java:207)
	at reactor.core.publisher.FluxConcatArray.subscribe(FluxConcatArray.java:80)
	at reactor.core.publisher.Flux.subscribe(Flux.java:8258)
	at reactor.core.publisher.FluxSwitchOnFirst$AbstractSwitchOnFirstMain.onNext(FluxSwitchOnFirst.java:154)
	at reactor.core.publisher.FluxPeekFuseable$PeekFuseableSubscriber.onNext(FluxPeekFuseable.java:203)
	at reactor.core.publisher.FluxDoFinally$DoFinallySubscriber.onNext(FluxDoFinally.java:123)
	at reactor.core.publisher.FluxPeekFuseable$PeekFuseableSubscriber.onNext(FluxPeekFuseable.java:203)
	at reactor.core.publisher.FluxPeekFuseable$PeekFuseableSubscriber.onNext(FluxPeekFuseable.java:203)
	at reactor.core.publisher.FluxPeekFuseable$PeekFuseableSubscriber.onNext(FluxPeekFuseable.java:203)
	at reactor.core.publisher.UnicastProcessor.drainRegular(UnicastProcessor.java:240)
	at reactor.core.publisher.UnicastProcessor.drain(UnicastProcessor.java:312)
	at reactor.core.publisher.UnicastProcessor.subscribe(UnicastProcessor.java:427)
	at reactor.core.publisher.Flux.subscribe(Flux.java:8258)
	at io.rsocket.internal.RateLimitableRequestPublisher.subscribe(RateLimitableRequestPublisher.java:74)
	at io.rsocket.RSocketResponder.handleStream(RSocketResponder.java:446)
	at io.rsocket.RSocketResponder.handleChannel(RSocketResponder.java:502)
	at io.rsocket.RSocketResponder.handleFrame(RSocketResponder.java:315)
	at reactor.core.publisher.LambdaSubscriber.onNext(LambdaSubscriber.java:160)
	at reactor.core.publisher.MonoFlatMapMany$FlatMapManyInner.onNext(MonoFlatMapMany.java:242)
	at reactor.core.publisher.FluxGroupBy$UnicastGroupedFlux.drainRegular(FluxGroupBy.java:554)
	at reactor.core.publisher.FluxGroupBy$UnicastGroupedFlux.drain(FluxGroupBy.java:630)
	at reactor.core.publisher.FluxGroupBy$UnicastGroupedFlux.onNext(FluxGroupBy.java:670)
	at reactor.core.publisher.FluxGroupBy$GroupByMain.onNext(FluxGroupBy.java:205)
	at reactor.core.publisher.FluxMap$MapSubscriber.onNext(FluxMap.java:114)
	at reactor.core.publisher.FluxMap$MapSubscriber.onNext(FluxMap.java:114)
	at reactor.netty.channel.FluxReceive.drainReceiver(FluxReceive.java:220)
	at reactor.netty.channel.FluxReceive.onInboundNext(FluxReceive.java:354)
	at reactor.netty.channel.ChannelOperations.onInboundNext(ChannelOperations.java:352)
	at reactor.netty.channel.ChannelOperationsHandler.channelRead(ChannelOperationsHandler.java:96)
	at io.netty.channel.AbstractChannelHandlerContext.invokeChannelRead(AbstractChannelHandlerContext.java:379)
	at io.netty.channel.AbstractChannelHandlerContext.invokeChannelRead(AbstractChannelHandlerContext.java:365)
	at io.netty.channel.AbstractChannelHandlerContext.fireChannelRead(AbstractChannelHandlerContext.java:357)
	at io.netty.handler.codec.ByteToMessageDecoder.fireChannelRead(ByteToMessageDecoder.java:321)
	at io.netty.handler.codec.ByteToMessageDecoder.channelRead(ByteToMessageDecoder.java:295)
	at io.netty.channel.AbstractChannelHandlerContext.invokeChannelRead(AbstractChannelHandlerContext.java:379)
	at io.netty.channel.AbstractChannelHandlerContext.invokeChannelRead(AbstractChannelHandlerContext.java:365)
	at io.netty.channel.AbstractChannelHandlerContext.fireChannelRead(AbstractChannelHandlerContext.java:357)
	at io.netty.channel.DefaultChannelPipeline$HeadContext.channelRead(DefaultChannelPipeline.java:1410)
	at io.netty.channel.AbstractChannelHandlerContext.invokeChannelRead(AbstractChannelHandlerContext.java:379)
	at io.netty.channel.AbstractChannelHandlerContext.invokeChannelRead(AbstractChannelHandlerContext.java:365)
	at io.netty.channel.DefaultChannelPipeline.fireChannelRead(DefaultChannelPipeline.java:919)
	at io.netty.channel.nio.AbstractNioByteChannel$NioByteUnsafe.read(AbstractNioByteChannel.java:163)
	at io.netty.channel.nio.NioEventLoop.processSelectedKey(NioEventLoop.java:714)
	at io.netty.channel.nio.NioEventLoop.processSelectedKeysOptimized(NioEventLoop.java:650)
	at io.netty.channel.nio.NioEventLoop.processSelectedKeys(NioEventLoop.java:576)
	at io.netty.channel.nio.NioEventLoop.run(NioEventLoop.java:493)
	at io.netty.util.concurrent.SingleThreadEventExecutor$4.run(SingleThreadEventExecutor.java:989)
	at io.netty.util.internal.ThreadExecutorMap$2.run(ThreadExecutorMap.java:74)
	at io.netty.util.concurrent.FastThreadLocalRunnable.run(FastThreadLocalRunnable.java:30)
	at java.lang.Thread.run(Thread.java:748)
]]></system-err>
</testsuite>
