<?xml version="1.0" encoding="UTF-8"?>
<testsuite name="org.springframework.messaging.simp.broker.SimpleBrokerMessageHandlerTests" tests="10" skipped="0" failures="0" errors="0" timestamp="2020-04-15T14:20:28" hostname="PandaroiddeiMac.local" time="0.123">
  <properties/>
  <testcase name="subscribePublish()" classname="org.springframework.messaging.simp.broker.SimpleBrokerMessageHandlerTests" time="0.048"/>
  <testcase name="readWriteIntervalCalculation()" classname="org.springframework.messaging.simp.broker.SimpleBrokerMessageHandlerTests" time="0.013"/>
  <testcase name="readInactivity()" classname="org.springframework.messaging.simp.broker.SimpleBrokerMessageHandlerTests" time="0.015"/>
  <testcase name="heartbeatValueWithAndWithoutTaskScheduler()" classname="org.springframework.messaging.simp.broker.SimpleBrokerMessageHandlerTests" time="0.002"/>
  <testcase name="startWithHeartbeatValueWithoutTaskScheduler()" classname="org.springframework.messaging.simp.broker.SimpleBrokerMessageHandlerTests" time="0.001"/>
  <testcase name="startAndStopWithHeartbeatValue()" classname="org.springframework.messaging.simp.broker.SimpleBrokerMessageHandlerTests" time="0.015"/>
  <testcase name="startWithOneZeroHeartbeatValue()" classname="org.springframework.messaging.simp.broker.SimpleBrokerMessageHandlerTests" time="0.001"/>
  <testcase name="connect()" classname="org.springframework.messaging.simp.broker.SimpleBrokerMessageHandlerTests" time="0.001"/>
  <testcase name="writeInactivity()" classname="org.springframework.messaging.simp.broker.SimpleBrokerMessageHandlerTests" time="0.014"/>
  <testcase name="subscribeDisconnectPublish()" classname="org.springframework.messaging.simp.broker.SimpleBrokerMessageHandlerTests" time="0.008"/>
  <system-out><![CDATA[]]></system-out>
  <system-err><![CDATA[]]></system-err>
</testsuite>
