<?xml version="1.0" encoding="UTF-8"?>
<testsuite name="org.springframework.expression.spel.KotlinSpelReproTests" tests="1" skipped="0" failures="0" errors="0" timestamp="2020-04-15T13:39:46" hostname="PandaroiddeiMac.local" time="1.056">
  <properties/>
  <testcase name="gh-23812 SpEL cannot invoke Kotlin synthetic classes()" classname="org.springframework.expression.spel.KotlinSpelReproTests" time="1.056"/>
  <system-out><![CDATA[]]></system-out>
  <system-err><![CDATA[]]></system-err>
</testsuite>
