<?xml version="1.0" encoding="UTF-8"?>
<testsuite name="org.springframework.util.Base64UtilsTests" tests="3" skipped="0" failures="0" errors="0" timestamp="2020-04-15T13:40:31" hostname="PandaroiddeiMac.local" time="0.006">
  <properties/>
  <testcase name="encodeToStringWithJdk8VsJaxb()" classname="org.springframework.util.Base64UtilsTests" time="0.005"/>
  <testcase name="encode()" classname="org.springframework.util.Base64UtilsTests" time="0.0"/>
  <testcase name="encodeDecodeUrlSafe()" classname="org.springframework.util.Base64UtilsTests" time="0.001"/>
  <system-out><![CDATA[]]></system-out>
  <system-err><![CDATA[]]></system-err>
</testsuite>
