<?xml version="1.0" encoding="UTF-8"?>
<testsuite name="org.springframework.core.codec.ResourceDecoderTests" tests="4" skipped="0" failures="0" errors="0" timestamp="2020-04-15T13:40:07" hostname="PandaroiddeiMac.local" time="0.027">
  <properties/>
  <testcase name="decodeToMono()" classname="org.springframework.core.codec.ResourceDecoderTests" time="0.012"/>
  <testcase name="decode()" classname="org.springframework.core.codec.ResourceDecoderTests" time="0.004"/>
  <testcase name="decodeInputStreamResource()" classname="org.springframework.core.codec.ResourceDecoderTests" time="0.01"/>
  <testcase name="canDecode()" classname="org.springframework.core.codec.ResourceDecoderTests" time="0.0"/>
  <system-out><![CDATA[]]></system-out>
  <system-err><![CDATA[]]></system-err>
</testsuite>
