<?xml version="1.0" encoding="UTF-8"?>
<testsuite name="org.springframework.util.xml.DomContentHandlerTests" tests="3" skipped="0" failures="0" errors="0" timestamp="2020-04-15T13:40:32" hostname="PandaroiddeiMac.local" time="0.101">
  <properties/>
  <testcase name="contentHandlerDocumentNoNamespacePrefixes()" classname="org.springframework.util.xml.DomContentHandlerTests" time="0.088"/>
  <testcase name="contentHandlerDocumentNamespacePrefixes()" classname="org.springframework.util.xml.DomContentHandlerTests" time="0.009"/>
  <testcase name="contentHandlerElement()" classname="org.springframework.util.xml.DomContentHandlerTests" time="0.004"/>
  <system-out><![CDATA[]]></system-out>
  <system-err><![CDATA[]]></system-err>
</testsuite>
