<?xml version="1.0" encoding="UTF-8"?>
<testsuite name="org.springframework.core.env.CompositePropertySourceTests" tests="1" skipped="0" failures="0" errors="0" timestamp="2020-04-15T13:40:28" hostname="PandaroiddeiMac.local" time="0.006">
  <properties/>
  <testcase name="addFirst()" classname="org.springframework.core.env.CompositePropertySourceTests" time="0.006"/>
  <system-out><![CDATA[]]></system-out>
  <system-err><![CDATA[]]></system-err>
</testsuite>
