<?xml version="1.0" encoding="UTF-8"?>
<testsuite name="org.springframework.util.AntPathMatcherTests" tests="24" skipped="0" failures="0" errors="0" timestamp="2020-04-15T13:40:31" hostname="PandaroiddeiMac.local" time="0.715">
  <properties/>
  <testcase name="combineWithTwoFileExtensionPatterns()" classname="org.springframework.util.AntPathMatcherTests" time="0.0"/>
  <testcase name="patternComparator()" classname="org.springframework.util.AntPathMatcherTests" time="0.003"/>
  <testcase name="creatingStringMatchersIfPatternPrefixCannotDetermineIfPathMatch()" classname="org.springframework.util.AntPathMatcherTests" time="0.0"/>
  <testcase name="isPattern()" classname="org.springframework.util.AntPathMatcherTests" time="0.001"/>
  <testcase name="extractUriTemplateVarsRegexQualifiers()" classname="org.springframework.util.AntPathMatcherTests" time="0.003"/>
  <testcase name="uniqueDeliminator()" classname="org.springframework.util.AntPathMatcherTests" time="0.002"/>
  <testcase name="extractPathWithinPattern()" classname="org.springframework.util.AntPathMatcherTests" time="0.0"/>
  <testcase name="extractUriTemplateVarsRegexCapturingGroups()" classname="org.springframework.util.AntPathMatcherTests" time="0.001"/>
  <testcase name="defaultCacheSetting()" classname="org.springframework.util.AntPathMatcherTests" time="0.146"/>
  <testcase name="extractUriTemplateVariables()" classname="org.springframework.util.AntPathMatcherTests" time="0.001"/>
  <testcase name="matchWithNullPath()" classname="org.springframework.util.AntPathMatcherTests" time="0.0"/>
  <testcase name="match()" classname="org.springframework.util.AntPathMatcherTests" time="0.002"/>
  <testcase name="caseInsensitive()" classname="org.springframework.util.AntPathMatcherTests" time="0.002"/>
  <testcase name="patternComparatorSort()" classname="org.springframework.util.AntPathMatcherTests" time="0.001"/>
  <testcase name="cachePatternsSetToTrue()" classname="org.springframework.util.AntPathMatcherTests" time="0.546"/>
  <testcase name="trimTokensOff()" classname="org.springframework.util.AntPathMatcherTests" time="0.0"/>
  <testcase name="cachePatternsSetToFalse()" classname="org.springframework.util.AntPathMatcherTests" time="0.001"/>
  <testcase name="combine()" classname="org.springframework.util.AntPathMatcherTests" time="0.0"/>
  <testcase name="matchWithTrimTokensEnabled()" classname="org.springframework.util.AntPathMatcherTests" time="0.001"/>
  <testcase name="preventCreatingStringMatchersIfPathDoesNotStartsWithPatternPrefix()" classname="org.springframework.util.AntPathMatcherTests" time="0.0"/>
  <testcase name="matchStart()" classname="org.springframework.util.AntPathMatcherTests" time="0.0"/>
  <testcase name="isPatternWithNullPath()" classname="org.springframework.util.AntPathMatcherTests" time="0.0"/>
  <testcase name="extractUriTemplateVariablesRegex()" classname="org.springframework.util.AntPathMatcherTests" time="0.0"/>
  <testcase name="extensionMappingWithDotPathSeparator()" classname="org.springframework.util.AntPathMatcherTests" time="0.001"/>
  <system-out><![CDATA[]]></system-out>
  <system-err><![CDATA[]]></system-err>
</testsuite>
