<?xml version="1.0" encoding="UTF-8"?>
<testsuite name="org.springframework.validation.beanvalidation2.ValidatorFactoryTests" tests="12" skipped="0" failures="0" errors="0" timestamp="2020-04-15T13:44:34" hostname="PandaroiddeiMac.local" time="1.094">
  <properties/>
  <testcase name="testValidationWithOptionalField()" classname="org.springframework.validation.beanvalidation2.ValidatorFactoryTests" time="0.018"/>
  <testcase name="testSpringValidationFieldType()" classname="org.springframework.validation.beanvalidation2.ValidatorFactoryTests" time="0.175"/>
  <testcase name="testSpringValidationWithErrorInListElement()" classname="org.springframework.validation.beanvalidation2.ValidatorFactoryTests" time="0.122"/>
  <testcase name="testSpringValidationWithClassLevel()" classname="org.springframework.validation.beanvalidation2.ValidatorFactoryTests" time="0.111"/>
  <testcase name="testInnerBeanValidation()" classname="org.springframework.validation.beanvalidation2.ValidatorFactoryTests" time="0.009"/>
  <testcase name="testSpringValidationWithErrorInSetElement()" classname="org.springframework.validation.beanvalidation2.ValidatorFactoryTests" time="0.074"/>
  <testcase name="testSpringValidationWithAutowiredValidator()" classname="org.springframework.validation.beanvalidation2.ValidatorFactoryTests" time="0.11"/>
  <testcase name="testSimpleValidation()" classname="org.springframework.validation.beanvalidation2.ValidatorFactoryTests" time="0.097"/>
  <testcase name="testListValidation()" classname="org.springframework.validation.beanvalidation2.ValidatorFactoryTests" time="0.033"/>
  <testcase name="testSimpleValidationWithClassLevel()" classname="org.springframework.validation.beanvalidation2.ValidatorFactoryTests" time="0.179"/>
  <testcase name="testSimpleValidationWithCustomProvider()" classname="org.springframework.validation.beanvalidation2.ValidatorFactoryTests" time="0.062"/>
  <testcase name="testSpringValidation()" classname="org.springframework.validation.beanvalidation2.ValidatorFactoryTests" time="0.101"/>
  <system-out><![CDATA[]]></system-out>
  <system-err><![CDATA[]]></system-err>
</testsuite>
