<?xml version="1.0" encoding="UTF-8"?>
<testsuite name="org.springframework.cache.jcache.interceptor.JCacheErrorHandlerTests" tests="6" skipped="0" failures="0" errors="0" timestamp="2020-04-15T13:42:54" hostname="PandaroiddeiMac.local" time="0.439">
  <properties/>
  <testcase name="clearFail()" classname="org.springframework.cache.jcache.interceptor.JCacheErrorHandlerTests" time="0.155"/>
  <testcase name="getFailPutExceptionFail()" classname="org.springframework.cache.jcache.interceptor.JCacheErrorHandlerTests" time="0.11"/>
  <testcase name="evictFail()" classname="org.springframework.cache.jcache.interceptor.JCacheErrorHandlerTests" time="0.036"/>
  <testcase name="putFail()" classname="org.springframework.cache.jcache.interceptor.JCacheErrorHandlerTests" time="0.04"/>
  <testcase name="getFail()" classname="org.springframework.cache.jcache.interceptor.JCacheErrorHandlerTests" time="0.036"/>
  <testcase name="getPutNewElementFail()" classname="org.springframework.cache.jcache.interceptor.JCacheErrorHandlerTests" time="0.062"/>
  <system-out><![CDATA[]]></system-out>
  <system-err><![CDATA[]]></system-err>
</testsuite>
