<?xml version="1.0" encoding="UTF-8"?>
<testsuite name="org.springframework.cache.jcache.config.JCacheNamespaceDrivenTests" tests="30" skipped="0" failures="0" errors="0" timestamp="2020-04-15T13:42:50" hostname="PandaroiddeiMac.local" time="0.857">
  <properties/>
  <testcase name="earlyPutWithExceptionVetoPut()" classname="org.springframework.cache.jcache.config.JCacheNamespaceDrivenTests" time="0.081"/>
  <testcase name="removeWithException()" classname="org.springframework.cache.jcache.config.JCacheNamespaceDrivenTests" time="0.016"/>
  <testcase name="cacheExceptionVetoed()" classname="org.springframework.cache.jcache.config.JCacheNamespaceDrivenTests" time="0.013"/>
  <testcase name="cacheWithCustomCacheResolver()" classname="org.springframework.cache.jcache.config.JCacheNamespaceDrivenTests" time="0.027"/>
  <testcase name="earlyRemove()" classname="org.springframework.cache.jcache.config.JCacheNamespaceDrivenTests" time="0.02"/>
  <testcase name="remove()" classname="org.springframework.cache.jcache.config.JCacheNamespaceDrivenTests" time="0.044"/>
  <testcase name="earlyPut()" classname="org.springframework.cache.jcache.config.JCacheNamespaceDrivenTests" time="0.014"/>
  <testcase name="putWithException()" classname="org.springframework.cache.jcache.config.JCacheNamespaceDrivenTests" time="0.025"/>
  <testcase name="removeWithExceptionVetoRemove()" classname="org.springframework.cache.jcache.config.JCacheNamespaceDrivenTests" time="0.043"/>
  <testcase name="cacheWithCustomKeyGenerator()" classname="org.springframework.cache.jcache.config.JCacheNamespaceDrivenTests" time="0.014"/>
  <testcase name="cacheNull()" classname="org.springframework.cache.jcache.config.JCacheNamespaceDrivenTests" time="0.037"/>
  <testcase name="cacheCheckedException()" classname="org.springframework.cache.jcache.config.JCacheNamespaceDrivenTests" time="0.026"/>
  <testcase name="earlyRemoveAll()" classname="org.springframework.cache.jcache.config.JCacheNamespaceDrivenTests" time="0.047"/>
  <testcase name="put()" classname="org.springframework.cache.jcache.config.JCacheNamespaceDrivenTests" time="0.022"/>
  <testcase name="earlyRemoveAllWithExceptionVetoRemove()" classname="org.springframework.cache.jcache.config.JCacheNamespaceDrivenTests" time="0.023"/>
  <testcase name="earlyPutWithException()" classname="org.springframework.cache.jcache.config.JCacheNamespaceDrivenTests" time="0.021"/>
  <testcase name="cache()" classname="org.springframework.cache.jcache.config.JCacheNamespaceDrivenTests" time="0.011"/>
  <testcase name="earlyRemoveAllWithException()" classname="org.springframework.cache.jcache.config.JCacheNamespaceDrivenTests" time="0.02"/>
  <testcase name="earlyRemoveWithException()" classname="org.springframework.cache.jcache.config.JCacheNamespaceDrivenTests" time="0.062"/>
  <testcase name="cacheAlwaysInvoke()" classname="org.springframework.cache.jcache.config.JCacheNamespaceDrivenTests" time="0.028"/>
  <testcase name="removeAllWithExceptionVetoRemove()" classname="org.springframework.cache.jcache.config.JCacheNamespaceDrivenTests" time="0.011"/>
  <testcase name="earlyRemoveWithExceptionVetoRemove()" classname="org.springframework.cache.jcache.config.JCacheNamespaceDrivenTests" time="0.018"/>
  <testcase name="removeAll()" classname="org.springframework.cache.jcache.config.JCacheNamespaceDrivenTests" time="0.02"/>
  <testcase name="removeAllWithException()" classname="org.springframework.cache.jcache.config.JCacheNamespaceDrivenTests" time="0.038"/>
  <testcase name="cacheWithPartialKey()" classname="org.springframework.cache.jcache.config.JCacheNamespaceDrivenTests" time="0.018"/>
  <testcase name="putWithExceptionVetoPut()" classname="org.springframework.cache.jcache.config.JCacheNamespaceDrivenTests" time="0.012"/>
  <testcase name="cacheException()" classname="org.springframework.cache.jcache.config.JCacheNamespaceDrivenTests" time="0.01"/>
  <testcase name="cacheExceptionRewriteCallStack()" classname="org.springframework.cache.jcache.config.JCacheNamespaceDrivenTests" time="0.021"/>
  <testcase name="testCacheErrorHandler()" classname="org.springframework.cache.jcache.config.JCacheNamespaceDrivenTests" time="0.047"/>
  <testcase name="cacheResolver()" classname="org.springframework.cache.jcache.config.JCacheNamespaceDrivenTests" time="0.045"/>
  <system-out><![CDATA[]]></system-out>
  <system-err><![CDATA[]]></system-err>
</testsuite>
