<?xml version="1.0" encoding="UTF-8"?>
<testsuite name="org.springframework.ui.freemarker.FreeMarkerConfigurationFactoryBeanTests" tests="4" skipped="0" failures="0" errors="0" timestamp="2020-04-15T13:42:35" hostname="PandaroiddeiMac.local" time="1.229">
  <properties/>
  <testcase name="freeMarkerConfigurationFactoryBeanWithResourceLoaderPath()" classname="org.springframework.ui.freemarker.FreeMarkerConfigurationFactoryBeanTests" time="0.517"/>
  <testcase name="freeMarkerConfigurationAsBean()" classname="org.springframework.ui.freemarker.FreeMarkerConfigurationFactoryBeanTests" time="0.398"/>
  <testcase name="freeMarkerConfigurationFactoryBeanWithConfigLocation()" classname="org.springframework.ui.freemarker.FreeMarkerConfigurationFactoryBeanTests" time="0.014"/>
  <testcase name="freeMarkerConfigurationFactoryBeanWithNonFileResourceLoaderPath()" classname="org.springframework.ui.freemarker.FreeMarkerConfigurationFactoryBeanTests" time="0.297"/>
  <system-out><![CDATA[]]></system-out>
  <system-err><![CDATA[]]></system-err>
</testsuite>
