<?xml version="1.0" encoding="UTF-8"?>
<testsuite name="org.springframework.cache.jcache.config.JCacheJavaConfigTests" tests="32" skipped="0" failures="0" errors="0" timestamp="2020-04-15T13:42:49" hostname="PandaroiddeiMac.local" time="0.85">
  <properties/>
  <testcase name="earlyPutWithExceptionVetoPut()" classname="org.springframework.cache.jcache.config.JCacheJavaConfigTests" time="0.04"/>
  <testcase name="removeWithException()" classname="org.springframework.cache.jcache.config.JCacheJavaConfigTests" time="0.025"/>
  <testcase name="cacheExceptionVetoed()" classname="org.springframework.cache.jcache.config.JCacheJavaConfigTests" time="0.043"/>
  <testcase name="cacheWithCustomCacheResolver()" classname="org.springframework.cache.jcache.config.JCacheJavaConfigTests" time="0.014"/>
  <testcase name="earlyRemove()" classname="org.springframework.cache.jcache.config.JCacheJavaConfigTests" time="0.026"/>
  <testcase name="remove()" classname="org.springframework.cache.jcache.config.JCacheJavaConfigTests" time="0.013"/>
  <testcase name="earlyPut()" classname="org.springframework.cache.jcache.config.JCacheJavaConfigTests" time="0.027"/>
  <testcase name="putWithException()" classname="org.springframework.cache.jcache.config.JCacheJavaConfigTests" time="0.021"/>
  <testcase name="removeWithExceptionVetoRemove()" classname="org.springframework.cache.jcache.config.JCacheJavaConfigTests" time="0.024"/>
  <testcase name="cacheWithCustomKeyGenerator()" classname="org.springframework.cache.jcache.config.JCacheJavaConfigTests" time="0.01"/>
  <testcase name="cacheNull()" classname="org.springframework.cache.jcache.config.JCacheJavaConfigTests" time="0.032"/>
  <testcase name="cacheCheckedException()" classname="org.springframework.cache.jcache.config.JCacheJavaConfigTests" time="0.029"/>
  <testcase name="earlyRemoveAll()" classname="org.springframework.cache.jcache.config.JCacheJavaConfigTests" time="0.01"/>
  <testcase name="put()" classname="org.springframework.cache.jcache.config.JCacheJavaConfigTests" time="0.02"/>
  <testcase name="earlyRemoveAllWithExceptionVetoRemove()" classname="org.springframework.cache.jcache.config.JCacheJavaConfigTests" time="0.018"/>
  <testcase name="earlyPutWithException()" classname="org.springframework.cache.jcache.config.JCacheJavaConfigTests" time="0.016"/>
  <testcase name="cache()" classname="org.springframework.cache.jcache.config.JCacheJavaConfigTests" time="0.02"/>
  <testcase name="earlyRemoveAllWithException()" classname="org.springframework.cache.jcache.config.JCacheJavaConfigTests" time="0.025"/>
  <testcase name="earlyRemoveWithException()" classname="org.springframework.cache.jcache.config.JCacheJavaConfigTests" time="0.029"/>
  <testcase name="cacheAlwaysInvoke()" classname="org.springframework.cache.jcache.config.JCacheJavaConfigTests" time="0.04"/>
  <testcase name="removeAllWithExceptionVetoRemove()" classname="org.springframework.cache.jcache.config.JCacheJavaConfigTests" time="0.015"/>
  <testcase name="earlyRemoveWithExceptionVetoRemove()" classname="org.springframework.cache.jcache.config.JCacheJavaConfigTests" time="0.033"/>
  <testcase name="removeAll()" classname="org.springframework.cache.jcache.config.JCacheJavaConfigTests" time="0.019"/>
  <testcase name="removeAllWithException()" classname="org.springframework.cache.jcache.config.JCacheJavaConfigTests" time="0.01"/>
  <testcase name="cacheWithPartialKey()" classname="org.springframework.cache.jcache.config.JCacheJavaConfigTests" time="0.038"/>
  <testcase name="putWithExceptionVetoPut()" classname="org.springframework.cache.jcache.config.JCacheJavaConfigTests" time="0.016"/>
  <testcase name="cacheException()" classname="org.springframework.cache.jcache.config.JCacheJavaConfigTests" time="0.02"/>
  <testcase name="cacheExceptionRewriteCallStack()" classname="org.springframework.cache.jcache.config.JCacheJavaConfigTests" time="0.018"/>
  <testcase name="bothSetOnlyResolverIsUsed()" classname="org.springframework.cache.jcache.config.JCacheJavaConfigTests" time="0.05"/>
  <testcase name="emptyConfigSupport()" classname="org.springframework.cache.jcache.config.JCacheJavaConfigTests" time="0.056"/>
  <testcase name="fullCachingConfig()" classname="org.springframework.cache.jcache.config.JCacheJavaConfigTests" time="0.038"/>
  <testcase name="exceptionCacheResolverLazilyRequired()" classname="org.springframework.cache.jcache.config.JCacheJavaConfigTests" time="0.035"/>
  <system-out><![CDATA[]]></system-out>
  <system-err><![CDATA[]]></system-err>
</testsuite>
