<?xml version="1.0" encoding="UTF-8"?>
<testsuite name="org.springframework.aop.config.AopNamespaceHandlerScopeIntegrationTests" tests="3" skipped="0" failures="0" errors="0" timestamp="2020-04-15T13:44:12" hostname="PandaroiddeiMac.local" time="5.163">
  <properties/>
  <testcase name="testSessionScoping()" classname="org.springframework.aop.config.AopNamespaceHandlerScopeIntegrationTests" time="0.034"/>
  <testcase name="testRequestScoping()" classname="org.springframework.aop.config.AopNamespaceHandlerScopeIntegrationTests" time="0.02"/>
  <testcase name="testSingletonScoping()" classname="org.springframework.aop.config.AopNamespaceHandlerScopeIntegrationTests" time="5.094"/>
  <system-out><![CDATA[21:44:11.958 [Test worker] DEBUG o.s.t.c.BootstrapUtils - Instantiating CacheAwareContextLoaderDelegate from class [org.springframework.test.context.cache.DefaultCacheAwareContextLoaderDelegate]
21:44:11.960 [Test worker] DEBUG o.s.t.c.BootstrapUtils - Instantiating BootstrapContext using constructor [public org.springframework.test.context.support.DefaultBootstrapContext(java.lang.Class,org.springframework.test.context.CacheAwareContextLoaderDelegate)]
21:44:12.018 [Test worker] DEBUG o.s.t.c.BootstrapUtils - Instantiating TestContextBootstrapper for test class [org.springframework.aop.config.AopNamespaceHandlerScopeIntegrationTests] from class [org.springframework.test.context.web.WebTestContextBootstrapper]
21:44:12.050 [Test worker] DEBUG o.s.t.c.s.AbstractDelegatingSmartContextLoader - Delegating to GenericXmlWebContextLoader to process context configuration [ContextConfigurationAttributes@49e1be69 declaringClass = 'org.springframework.aop.config.AopNamespaceHandlerScopeIntegrationTests', classes = '{}', locations = '{}', inheritLocations = true, initializers = '{}', inheritInitializers = true, name = [null], contextLoaderClass = 'org.springframework.test.context.ContextLoader'].
21:44:12.060 [Test worker] INFO  o.s.t.c.s.AbstractContextLoader - Detected default resource location "classpath:org/springframework/aop/config/AopNamespaceHandlerScopeIntegrationTests-context.xml" for test class [org.springframework.aop.config.AopNamespaceHandlerScopeIntegrationTests]
21:44:12.061 [Test worker] INFO  o.s.t.c.s.AbstractDelegatingSmartContextLoader - GenericXmlWebContextLoader detected default locations for context configuration [ContextConfigurationAttributes@49e1be69 declaringClass = 'org.springframework.aop.config.AopNamespaceHandlerScopeIntegrationTests', classes = '{}', locations = '{classpath:org/springframework/aop/config/AopNamespaceHandlerScopeIntegrationTests-context.xml}', inheritLocations = true, initializers = '{}', inheritInitializers = true, name = [null], contextLoaderClass = 'org.springframework.test.context.ContextLoader'].
21:44:12.061 [Test worker] DEBUG o.s.t.c.s.AbstractDelegatingSmartContextLoader - Delegating to AnnotationConfigWebContextLoader to process context configuration [ContextConfigurationAttributes@49e1be69 declaringClass = 'org.springframework.aop.config.AopNamespaceHandlerScopeIntegrationTests', classes = '{}', locations = '{classpath:org/springframework/aop/config/AopNamespaceHandlerScopeIntegrationTests-context.xml}', inheritLocations = true, initializers = '{}', inheritInitializers = true, name = [null], contextLoaderClass = 'org.springframework.test.context.ContextLoader'].
21:44:12.062 [Test worker] INFO  o.s.t.c.s.AnnotationConfigContextLoaderUtils - Could not detect default configuration classes for test class [org.springframework.aop.config.AopNamespaceHandlerScopeIntegrationTests]: AopNamespaceHandlerScopeIntegrationTests does not declare any static, non-private, non-final, nested classes annotated with @Configuration.
21:44:12.070 [Test worker] DEBUG o.s.t.c.s.ActiveProfilesUtils - Could not find an 'annotation declaring class' for annotation type [org.springframework.test.context.ActiveProfiles] and class [org.springframework.aop.config.AopNamespaceHandlerScopeIntegrationTests]
21:44:12.073 [Test worker] DEBUG o.s.t.c.w.WebTestContextBootstrapper - @TestExecutionListeners is not present for class [org.springframework.aop.config.AopNamespaceHandlerScopeIntegrationTests]: using defaults.
21:44:12.073 [Test worker] INFO  o.s.t.c.w.WebTestContextBootstrapper - Loaded default TestExecutionListener class names from location [META-INF/spring.factories]: [org.springframework.test.context.web.ServletTestExecutionListener, org.springframework.test.context.support.DirtiesContextBeforeModesTestExecutionListener, org.springframework.test.context.support.DependencyInjectionTestExecutionListener, org.springframework.test.context.support.DirtiesContextTestExecutionListener, org.springframework.test.context.transaction.TransactionalTestExecutionListener, org.springframework.test.context.jdbc.SqlScriptsTestExecutionListener, org.springframework.test.context.event.EventPublishingTestExecutionListener]
21:44:12.079 [Test worker] INFO  o.s.t.c.w.WebTestContextBootstrapper - Using TestExecutionListeners: [org.springframework.test.context.web.ServletTestExecutionListener@1f3d9e85, org.springframework.test.context.support.DirtiesContextBeforeModesTestExecutionListener@3794f3ef, org.springframework.test.context.support.DependencyInjectionTestExecutionListener@38f1ce13, org.springframework.test.context.support.DirtiesContextTestExecutionListener@5e70fef4, org.springframework.test.context.transaction.TransactionalTestExecutionListener@2d4a8a09, org.springframework.test.context.jdbc.SqlScriptsTestExecutionListener@3dd11fc4, org.springframework.test.context.event.EventPublishingTestExecutionListener@be6cf3b]
21:44:12.080 [Test worker] DEBUG o.s.t.c.s.AbstractDirtiesContextTestExecutionListener - Before test class: context [DefaultTestContext@31f6a7eb testClass = AopNamespaceHandlerScopeIntegrationTests, testInstance = [null], testMethod = [null], testException = [null], mergedContextConfiguration = [WebMergedContextConfiguration@44730cf9 testClass = AopNamespaceHandlerScopeIntegrationTests, locations = '{classpath:org/springframework/aop/config/AopNamespaceHandlerScopeIntegrationTests-context.xml}', classes = '{}', contextInitializerClasses = '[]', activeProfiles = '{}', propertySourceLocations = '{}', propertySourceProperties = '{}', contextCustomizers = set[[empty]], resourceBasePath = 'src/main/webapp', contextLoader = 'org.springframework.test.context.web.WebDelegatingSmartContextLoader', parent = [null]], attributes = map[[empty]]], class annotated with @DirtiesContext [false] with mode [null].
21:44:12.086 [Test worker] DEBUG o.s.t.c.s.AbstractDelegatingSmartContextLoader - Delegating to GenericXmlWebContextLoader to load context from [WebMergedContextConfiguration@44730cf9 testClass = AopNamespaceHandlerScopeIntegrationTests, locations = '{classpath:org/springframework/aop/config/AopNamespaceHandlerScopeIntegrationTests-context.xml}', classes = '{}', contextInitializerClasses = '[]', activeProfiles = '{}', propertySourceLocations = '{}', propertySourceProperties = '{}', contextCustomizers = set[[empty]], resourceBasePath = 'src/main/webapp', contextLoader = 'org.springframework.test.context.web.WebDelegatingSmartContextLoader', parent = [null]].
21:44:12.087 [Test worker] DEBUG o.s.t.c.w.AbstractGenericWebContextLoader - Loading WebApplicationContext for merged context configuration [WebMergedContextConfiguration@44730cf9 testClass = AopNamespaceHandlerScopeIntegrationTests, locations = '{classpath:org/springframework/aop/config/AopNamespaceHandlerScopeIntegrationTests-context.xml}', classes = '{}', contextInitializerClasses = '[]', activeProfiles = '{}', propertySourceLocations = '{}', propertySourceProperties = '{}', contextCustomizers = set[[empty]], resourceBasePath = 'src/main/webapp', contextLoader = 'org.springframework.test.context.web.WebDelegatingSmartContextLoader', parent = [null]].
21:44:12.088 [Test worker] DEBUG o.s.w.c.s.StandardServletEnvironment - Activating profiles []
21:44:12.108 [Test worker] DEBUG o.s.b.f.x.XmlBeanDefinitionReader - Loaded 10 bean definitions from class path resource [org/springframework/aop/config/AopNamespaceHandlerScopeIntegrationTests-context.xml]
21:44:12.108 [Test worker] DEBUG o.s.w.c.s.GenericWebApplicationContext - Refreshing org.springframework.web.context.support.GenericWebApplicationContext@22fa5f0d
21:44:12.109 [Test worker] DEBUG o.s.b.f.s.DefaultListableBeanFactory - Creating shared instance of singleton bean 'org.springframework.context.annotation.internalConfigurationAnnotationProcessor'
21:44:12.110 [Test worker] DEBUG o.s.b.f.s.DefaultListableBeanFactory - Creating shared instance of singleton bean 'org.springframework.context.event.internalEventListenerProcessor'
21:44:12.110 [Test worker] DEBUG o.s.b.f.s.DefaultListableBeanFactory - Creating shared instance of singleton bean 'org.springframework.context.event.internalEventListenerFactory'
21:44:12.111 [Test worker] DEBUG o.s.b.f.s.DefaultListableBeanFactory - Creating shared instance of singleton bean 'org.springframework.context.annotation.internalAutowiredAnnotationProcessor'
21:44:12.111 [Test worker] DEBUG o.s.b.f.s.DefaultListableBeanFactory - Creating shared instance of singleton bean 'org.springframework.context.annotation.internalCommonAnnotationProcessor'
21:44:12.111 [Test worker] DEBUG o.s.b.f.s.DefaultListableBeanFactory - Creating shared instance of singleton bean 'org.springframework.context.annotation.internalPersistenceAnnotationProcessor'
21:44:12.111 [Test worker] DEBUG o.s.b.f.s.DefaultListableBeanFactory - Creating shared instance of singleton bean 'org.springframework.aop.config.internalAutoProxyCreator'
21:44:12.113 [Test worker] DEBUG o.s.u.c.s.UiApplicationContextUtils - Unable to locate ThemeSource with name 'themeSource': using default [org.springframework.ui.context.support.ResourceBundleThemeSource@52e8bd26]
21:44:12.113 [Test worker] DEBUG o.s.b.f.s.DefaultListableBeanFactory - Creating shared instance of singleton bean 'org.springframework.aop.support.DefaultBeanFactoryPointcutAdvisor#0'
21:44:12.163 [Test worker] DEBUG o.s.b.f.s.DefaultListableBeanFactory - Creating shared instance of singleton bean 'advice'
21:44:12.165 [Test worker] DEBUG o.s.b.f.s.DefaultListableBeanFactory - Creating shared instance of singleton bean 'testBean'
21:44:12.403 [Test worker] DEBUG o.s.b.f.s.DefaultListableBeanFactory - Creating shared instance of singleton bean 'scopedTarget.singletonScoped'
21:44:12.494 [Test worker] DEBUG o.s.b.f.s.DefaultListableBeanFactory - Creating shared instance of singleton bean 'singletonScoped'
21:44:12.540 [Test worker] DEBUG o.s.b.f.s.DefaultListableBeanFactory - Creating shared instance of singleton bean 'requestScoped'
21:44:12.548 [Test worker] DEBUG o.s.b.f.s.DefaultListableBeanFactory - Creating shared instance of singleton bean 'sessionScoped'
21:44:12.553 [Test worker] DEBUG o.s.t.c.c.DefaultCacheAwareContextLoaderDelegate - Storing ApplicationContext [586833677] in cache under key [[WebMergedContextConfiguration@44730cf9 testClass = AopNamespaceHandlerScopeIntegrationTests, locations = '{classpath:org/springframework/aop/config/AopNamespaceHandlerScopeIntegrationTests-context.xml}', classes = '{}', contextInitializerClasses = '[]', activeProfiles = '{}', propertySourceLocations = '{}', propertySourceProperties = '{}', contextCustomizers = set[[empty]], resourceBasePath = 'src/main/webapp', contextLoader = 'org.springframework.test.context.web.WebDelegatingSmartContextLoader', parent = [null]]]
21:44:12.553 [Test worker] DEBUG o.s.t.c.cache - Spring test ApplicationContext cache statistics: [DefaultContextCache@5421c65f size = 1, maxSize = 32, parentContextCount = 0, hitCount = 0, missCount = 1]
21:44:12.553 [Test worker] DEBUG o.s.t.c.w.ServletTestExecutionListener - Setting up MockHttpServletRequest, MockHttpServletResponse, ServletWebRequest, and RequestContextHolder for test context [DefaultTestContext@31f6a7eb testClass = AopNamespaceHandlerScopeIntegrationTests, testInstance = org.springframework.aop.config.AopNamespaceHandlerScopeIntegrationTests@4f354228, testMethod = [null], testException = [null], mergedContextConfiguration = [WebMergedContextConfiguration@44730cf9 testClass = AopNamespaceHandlerScopeIntegrationTests, locations = '{classpath:org/springframework/aop/config/AopNamespaceHandlerScopeIntegrationTests-context.xml}', classes = '{}', contextInitializerClasses = '[]', activeProfiles = '{}', propertySourceLocations = '{}', propertySourceProperties = '{}', contextCustomizers = set[[empty]], resourceBasePath = 'src/main/webapp', contextLoader = 'org.springframework.test.context.web.WebDelegatingSmartContextLoader', parent = [null]], attributes = map[[empty]]].
21:44:12.559 [Test worker] DEBUG o.s.t.c.s.DependencyInjectionTestExecutionListener - Performing dependency injection for test context [[DefaultTestContext@31f6a7eb testClass = AopNamespaceHandlerScopeIntegrationTests, testInstance = org.springframework.aop.config.AopNamespaceHandlerScopeIntegrationTests@4f354228, testMethod = [null], testException = [null], mergedContextConfiguration = [WebMergedContextConfiguration@44730cf9 testClass = AopNamespaceHandlerScopeIntegrationTests, locations = '{classpath:org/springframework/aop/config/AopNamespaceHandlerScopeIntegrationTests-context.xml}', classes = '{}', contextInitializerClasses = '[]', activeProfiles = '{}', propertySourceLocations = '{}', propertySourceProperties = '{}', contextCustomizers = set[[empty]], resourceBasePath = 'src/main/webapp', contextLoader = 'org.springframework.test.context.web.WebDelegatingSmartContextLoader', parent = [null]], attributes = map['org.springframework.test.context.web.ServletTestExecutionListener.populatedRequestContextHolder' -> true, 'org.springframework.test.context.web.ServletTestExecutionListener.resetRequestContextHolder' -> true]]].
21:44:12.560 [Test worker] DEBUG o.s.t.c.c.DefaultCacheAwareContextLoaderDelegate - Retrieved ApplicationContext [586833677] from cache with key [[WebMergedContextConfiguration@44730cf9 testClass = AopNamespaceHandlerScopeIntegrationTests, locations = '{classpath:org/springframework/aop/config/AopNamespaceHandlerScopeIntegrationTests-context.xml}', classes = '{}', contextInitializerClasses = '[]', activeProfiles = '{}', propertySourceLocations = '{}', propertySourceProperties = '{}', contextCustomizers = set[[empty]], resourceBasePath = 'src/main/webapp', contextLoader = 'org.springframework.test.context.web.WebDelegatingSmartContextLoader', parent = [null]]]
21:44:12.560 [Test worker] DEBUG o.s.t.c.cache - Spring test ApplicationContext cache statistics: [DefaultContextCache@5421c65f size = 1, maxSize = 32, parentContextCount = 0, hitCount = 1, missCount = 1]
21:44:12.564 [Test worker] DEBUG o.s.t.c.c.DefaultCacheAwareContextLoaderDelegate - Retrieved ApplicationContext [586833677] from cache with key [[WebMergedContextConfiguration@44730cf9 testClass = AopNamespaceHandlerScopeIntegrationTests, locations = '{classpath:org/springframework/aop/config/AopNamespaceHandlerScopeIntegrationTests-context.xml}', classes = '{}', contextInitializerClasses = '[]', activeProfiles = '{}', propertySourceLocations = '{}', propertySourceProperties = '{}', contextCustomizers = set[[empty]], resourceBasePath = 'src/main/webapp', contextLoader = 'org.springframework.test.context.web.WebDelegatingSmartContextLoader', parent = [null]]]
21:44:12.564 [Test worker] DEBUG o.s.t.c.cache - Spring test ApplicationContext cache statistics: [DefaultContextCache@5421c65f size = 1, maxSize = 32, parentContextCount = 0, hitCount = 2, missCount = 1]
21:44:12.566 [Test worker] DEBUG o.s.t.c.s.AbstractDirtiesContextTestExecutionListener - Before test method: context [DefaultTestContext@31f6a7eb testClass = AopNamespaceHandlerScopeIntegrationTests, testInstance = org.springframework.aop.config.AopNamespaceHandlerScopeIntegrationTests@4f354228, testMethod = testSessionScoping@AopNamespaceHandlerScopeIntegrationTests, testException = [null], mergedContextConfiguration = [WebMergedContextConfiguration@44730cf9 testClass = AopNamespaceHandlerScopeIntegrationTests, locations = '{classpath:org/springframework/aop/config/AopNamespaceHandlerScopeIntegrationTests-context.xml}', classes = '{}', contextInitializerClasses = '[]', activeProfiles = '{}', propertySourceLocations = '{}', propertySourceProperties = '{}', contextCustomizers = set[[empty]], resourceBasePath = 'src/main/webapp', contextLoader = 'org.springframework.test.context.web.WebDelegatingSmartContextLoader', parent = [null]], attributes = map['org.springframework.test.context.web.ServletTestExecutionListener.populatedRequestContextHolder' -> true, 'org.springframework.test.context.web.ServletTestExecutionListener.resetRequestContextHolder' -> true]], class annotated with @DirtiesContext [false] with mode [null], method annotated with @DirtiesContext [false] with mode [null].
21:44:12.569 [Test worker] DEBUG o.s.t.c.c.DefaultCacheAwareContextLoaderDelegate - Retrieved ApplicationContext [586833677] from cache with key [[WebMergedContextConfiguration@44730cf9 testClass = AopNamespaceHandlerScopeIntegrationTests, locations = '{classpath:org/springframework/aop/config/AopNamespaceHandlerScopeIntegrationTests-context.xml}', classes = '{}', contextInitializerClasses = '[]', activeProfiles = '{}', propertySourceLocations = '{}', propertySourceProperties = '{}', contextCustomizers = set[[empty]], resourceBasePath = 'src/main/webapp', contextLoader = 'org.springframework.test.context.web.WebDelegatingSmartContextLoader', parent = [null]]]
21:44:12.569 [Test worker] DEBUG o.s.t.c.cache - Spring test ApplicationContext cache statistics: [DefaultContextCache@5421c65f size = 1, maxSize = 32, parentContextCount = 0, hitCount = 3, missCount = 1]
21:44:12.570 [Test worker] DEBUG o.s.t.c.c.DefaultCacheAwareContextLoaderDelegate - Retrieved ApplicationContext [586833677] from cache with key [[WebMergedContextConfiguration@44730cf9 testClass = AopNamespaceHandlerScopeIntegrationTests, locations = '{classpath:org/springframework/aop/config/AopNamespaceHandlerScopeIntegrationTests-context.xml}', classes = '{}', contextInitializerClasses = '[]', activeProfiles = '{}', propertySourceLocations = '{}', propertySourceProperties = '{}', contextCustomizers = set[[empty]], resourceBasePath = 'src/main/webapp', contextLoader = 'org.springframework.test.context.web.WebDelegatingSmartContextLoader', parent = [null]]]
21:44:12.570 [Test worker] DEBUG o.s.t.c.cache - Spring test ApplicationContext cache statistics: [DefaultContextCache@5421c65f size = 1, maxSize = 32, parentContextCount = 0, hitCount = 4, missCount = 1]
21:44:12.596 [Test worker] DEBUG o.s.t.c.c.DefaultCacheAwareContextLoaderDelegate - Retrieved ApplicationContext [586833677] from cache with key [[WebMergedContextConfiguration@44730cf9 testClass = AopNamespaceHandlerScopeIntegrationTests, locations = '{classpath:org/springframework/aop/config/AopNamespaceHandlerScopeIntegrationTests-context.xml}', classes = '{}', contextInitializerClasses = '[]', activeProfiles = '{}', propertySourceLocations = '{}', propertySourceProperties = '{}', contextCustomizers = set[[empty]], resourceBasePath = 'src/main/webapp', contextLoader = 'org.springframework.test.context.web.WebDelegatingSmartContextLoader', parent = [null]]]
21:44:12.596 [Test worker] DEBUG o.s.t.c.cache - Spring test ApplicationContext cache statistics: [DefaultContextCache@5421c65f size = 1, maxSize = 32, parentContextCount = 0, hitCount = 5, missCount = 1]
21:44:12.598 [Test worker] DEBUG o.s.t.c.c.DefaultCacheAwareContextLoaderDelegate - Retrieved ApplicationContext [586833677] from cache with key [[WebMergedContextConfiguration@44730cf9 testClass = AopNamespaceHandlerScopeIntegrationTests, locations = '{classpath:org/springframework/aop/config/AopNamespaceHandlerScopeIntegrationTests-context.xml}', classes = '{}', contextInitializerClasses = '[]', activeProfiles = '{}', propertySourceLocations = '{}', propertySourceProperties = '{}', contextCustomizers = set[[empty]], resourceBasePath = 'src/main/webapp', contextLoader = 'org.springframework.test.context.web.WebDelegatingSmartContextLoader', parent = [null]]]
21:44:12.598 [Test worker] DEBUG o.s.t.c.cache - Spring test ApplicationContext cache statistics: [DefaultContextCache@5421c65f size = 1, maxSize = 32, parentContextCount = 0, hitCount = 6, missCount = 1]
21:44:12.598 [Test worker] DEBUG o.s.t.c.s.AbstractDirtiesContextTestExecutionListener - After test method: context [DefaultTestContext@31f6a7eb testClass = AopNamespaceHandlerScopeIntegrationTests, testInstance = org.springframework.aop.config.AopNamespaceHandlerScopeIntegrationTests@4f354228, testMethod = testSessionScoping@AopNamespaceHandlerScopeIntegrationTests, testException = [null], mergedContextConfiguration = [WebMergedContextConfiguration@44730cf9 testClass = AopNamespaceHandlerScopeIntegrationTests, locations = '{classpath:org/springframework/aop/config/AopNamespaceHandlerScopeIntegrationTests-context.xml}', classes = '{}', contextInitializerClasses = '[]', activeProfiles = '{}', propertySourceLocations = '{}', propertySourceProperties = '{}', contextCustomizers = set[[empty]], resourceBasePath = 'src/main/webapp', contextLoader = 'org.springframework.test.context.web.WebDelegatingSmartContextLoader', parent = [null]], attributes = map['org.springframework.test.context.web.ServletTestExecutionListener.populatedRequestContextHolder' -> true, 'org.springframework.test.context.web.ServletTestExecutionListener.resetRequestContextHolder' -> true]], class annotated with @DirtiesContext [false] with mode [null], method annotated with @DirtiesContext [false] with mode [null].
21:44:12.599 [Test worker] DEBUG o.s.t.c.w.ServletTestExecutionListener - Resetting RequestContextHolder for test context [DefaultTestContext@31f6a7eb testClass = AopNamespaceHandlerScopeIntegrationTests, testInstance = org.springframework.aop.config.AopNamespaceHandlerScopeIntegrationTests@4f354228, testMethod = testSessionScoping@AopNamespaceHandlerScopeIntegrationTests, testException = [null], mergedContextConfiguration = [WebMergedContextConfiguration@44730cf9 testClass = AopNamespaceHandlerScopeIntegrationTests, locations = '{classpath:org/springframework/aop/config/AopNamespaceHandlerScopeIntegrationTests-context.xml}', classes = '{}', contextInitializerClasses = '[]', activeProfiles = '{}', propertySourceLocations = '{}', propertySourceProperties = '{}', contextCustomizers = set[[empty]], resourceBasePath = 'src/main/webapp', contextLoader = 'org.springframework.test.context.web.WebDelegatingSmartContextLoader', parent = [null]], attributes = map['org.springframework.test.context.web.ServletTestExecutionListener.populatedRequestContextHolder' -> true, 'org.springframework.test.context.web.ServletTestExecutionListener.resetRequestContextHolder' -> true]].
21:44:12.600 [Test worker] DEBUG o.s.t.c.c.DefaultCacheAwareContextLoaderDelegate - Retrieved ApplicationContext [586833677] from cache with key [[WebMergedContextConfiguration@44730cf9 testClass = AopNamespaceHandlerScopeIntegrationTests, locations = '{classpath:org/springframework/aop/config/AopNamespaceHandlerScopeIntegrationTests-context.xml}', classes = '{}', contextInitializerClasses = '[]', activeProfiles = '{}', propertySourceLocations = '{}', propertySourceProperties = '{}', contextCustomizers = set[[empty]], resourceBasePath = 'src/main/webapp', contextLoader = 'org.springframework.test.context.web.WebDelegatingSmartContextLoader', parent = [null]]]
21:44:12.600 [Test worker] DEBUG o.s.t.c.cache - Spring test ApplicationContext cache statistics: [DefaultContextCache@5421c65f size = 1, maxSize = 32, parentContextCount = 0, hitCount = 7, missCount = 1]
21:44:12.611 [Test worker] DEBUG o.s.t.c.w.ServletTestExecutionListener - Setting up MockHttpServletRequest, MockHttpServletResponse, ServletWebRequest, and RequestContextHolder for test context [DefaultTestContext@31f6a7eb testClass = AopNamespaceHandlerScopeIntegrationTests, testInstance = org.springframework.aop.config.AopNamespaceHandlerScopeIntegrationTests@19930cb0, testMethod = [null], testException = [null], mergedContextConfiguration = [WebMergedContextConfiguration@44730cf9 testClass = AopNamespaceHandlerScopeIntegrationTests, locations = '{classpath:org/springframework/aop/config/AopNamespaceHandlerScopeIntegrationTests-context.xml}', classes = '{}', contextInitializerClasses = '[]', activeProfiles = '{}', propertySourceLocations = '{}', propertySourceProperties = '{}', contextCustomizers = set[[empty]], resourceBasePath = 'src/main/webapp', contextLoader = 'org.springframework.test.context.web.WebDelegatingSmartContextLoader', parent = [null]], attributes = map['org.springframework.test.context.support.DependencyInjectionTestExecutionListener.reinjectDependencies' -> true]].
21:44:12.611 [Test worker] DEBUG o.s.t.c.s.DependencyInjectionTestExecutionListener - Performing dependency injection for test context [[DefaultTestContext@31f6a7eb testClass = AopNamespaceHandlerScopeIntegrationTests, testInstance = org.springframework.aop.config.AopNamespaceHandlerScopeIntegrationTests@19930cb0, testMethod = [null], testException = [null], mergedContextConfiguration = [WebMergedContextConfiguration@44730cf9 testClass = AopNamespaceHandlerScopeIntegrationTests, locations = '{classpath:org/springframework/aop/config/AopNamespaceHandlerScopeIntegrationTests-context.xml}', classes = '{}', contextInitializerClasses = '[]', activeProfiles = '{}', propertySourceLocations = '{}', propertySourceProperties = '{}', contextCustomizers = set[[empty]], resourceBasePath = 'src/main/webapp', contextLoader = 'org.springframework.test.context.web.WebDelegatingSmartContextLoader', parent = [null]], attributes = map['org.springframework.test.context.web.ServletTestExecutionListener.populatedRequestContextHolder' -> true, 'org.springframework.test.context.web.ServletTestExecutionListener.resetRequestContextHolder' -> true, 'org.springframework.test.context.support.DependencyInjectionTestExecutionListener.reinjectDependencies' -> true]]].
21:44:12.612 [Test worker] DEBUG o.s.t.c.c.DefaultCacheAwareContextLoaderDelegate - Retrieved ApplicationContext [586833677] from cache with key [[WebMergedContextConfiguration@44730cf9 testClass = AopNamespaceHandlerScopeIntegrationTests, locations = '{classpath:org/springframework/aop/config/AopNamespaceHandlerScopeIntegrationTests-context.xml}', classes = '{}', contextInitializerClasses = '[]', activeProfiles = '{}', propertySourceLocations = '{}', propertySourceProperties = '{}', contextCustomizers = set[[empty]], resourceBasePath = 'src/main/webapp', contextLoader = 'org.springframework.test.context.web.WebDelegatingSmartContextLoader', parent = [null]]]
21:44:12.612 [Test worker] DEBUG o.s.t.c.cache - Spring test ApplicationContext cache statistics: [DefaultContextCache@5421c65f size = 1, maxSize = 32, parentContextCount = 0, hitCount = 8, missCount = 1]
21:44:12.612 [Test worker] DEBUG o.s.t.c.c.DefaultCacheAwareContextLoaderDelegate - Retrieved ApplicationContext [586833677] from cache with key [[WebMergedContextConfiguration@44730cf9 testClass = AopNamespaceHandlerScopeIntegrationTests, locations = '{classpath:org/springframework/aop/config/AopNamespaceHandlerScopeIntegrationTests-context.xml}', classes = '{}', contextInitializerClasses = '[]', activeProfiles = '{}', propertySourceLocations = '{}', propertySourceProperties = '{}', contextCustomizers = set[[empty]], resourceBasePath = 'src/main/webapp', contextLoader = 'org.springframework.test.context.web.WebDelegatingSmartContextLoader', parent = [null]]]
21:44:12.612 [Test worker] DEBUG o.s.t.c.cache - Spring test ApplicationContext cache statistics: [DefaultContextCache@5421c65f size = 1, maxSize = 32, parentContextCount = 0, hitCount = 9, missCount = 1]
21:44:12.613 [Test worker] DEBUG o.s.t.c.s.AbstractDirtiesContextTestExecutionListener - Before test method: context [DefaultTestContext@31f6a7eb testClass = AopNamespaceHandlerScopeIntegrationTests, testInstance = org.springframework.aop.config.AopNamespaceHandlerScopeIntegrationTests@19930cb0, testMethod = testRequestScoping@AopNamespaceHandlerScopeIntegrationTests, testException = [null], mergedContextConfiguration = [WebMergedContextConfiguration@44730cf9 testClass = AopNamespaceHandlerScopeIntegrationTests, locations = '{classpath:org/springframework/aop/config/AopNamespaceHandlerScopeIntegrationTests-context.xml}', classes = '{}', contextInitializerClasses = '[]', activeProfiles = '{}', propertySourceLocations = '{}', propertySourceProperties = '{}', contextCustomizers = set[[empty]], resourceBasePath = 'src/main/webapp', contextLoader = 'org.springframework.test.context.web.WebDelegatingSmartContextLoader', parent = [null]], attributes = map['org.springframework.test.context.web.ServletTestExecutionListener.populatedRequestContextHolder' -> true, 'org.springframework.test.context.web.ServletTestExecutionListener.resetRequestContextHolder' -> true]], class annotated with @DirtiesContext [false] with mode [null], method annotated with @DirtiesContext [false] with mode [null].
21:44:12.613 [Test worker] DEBUG o.s.t.c.c.DefaultCacheAwareContextLoaderDelegate - Retrieved ApplicationContext [586833677] from cache with key [[WebMergedContextConfiguration@44730cf9 testClass = AopNamespaceHandlerScopeIntegrationTests, locations = '{classpath:org/springframework/aop/config/AopNamespaceHandlerScopeIntegrationTests-context.xml}', classes = '{}', contextInitializerClasses = '[]', activeProfiles = '{}', propertySourceLocations = '{}', propertySourceProperties = '{}', contextCustomizers = set[[empty]], resourceBasePath = 'src/main/webapp', contextLoader = 'org.springframework.test.context.web.WebDelegatingSmartContextLoader', parent = [null]]]
21:44:12.613 [Test worker] DEBUG o.s.t.c.cache - Spring test ApplicationContext cache statistics: [DefaultContextCache@5421c65f size = 1, maxSize = 32, parentContextCount = 0, hitCount = 10, missCount = 1]
21:44:12.614 [Test worker] DEBUG o.s.t.c.c.DefaultCacheAwareContextLoaderDelegate - Retrieved ApplicationContext [586833677] from cache with key [[WebMergedContextConfiguration@44730cf9 testClass = AopNamespaceHandlerScopeIntegrationTests, locations = '{classpath:org/springframework/aop/config/AopNamespaceHandlerScopeIntegrationTests-context.xml}', classes = '{}', contextInitializerClasses = '[]', activeProfiles = '{}', propertySourceLocations = '{}', propertySourceProperties = '{}', contextCustomizers = set[[empty]], resourceBasePath = 'src/main/webapp', contextLoader = 'org.springframework.test.context.web.WebDelegatingSmartContextLoader', parent = [null]]]
21:44:12.614 [Test worker] DEBUG o.s.t.c.cache - Spring test ApplicationContext cache statistics: [DefaultContextCache@5421c65f size = 1, maxSize = 32, parentContextCount = 0, hitCount = 11, missCount = 1]
21:44:12.632 [Test worker] DEBUG o.s.t.c.c.DefaultCacheAwareContextLoaderDelegate - Retrieved ApplicationContext [586833677] from cache with key [[WebMergedContextConfiguration@44730cf9 testClass = AopNamespaceHandlerScopeIntegrationTests, locations = '{classpath:org/springframework/aop/config/AopNamespaceHandlerScopeIntegrationTests-context.xml}', classes = '{}', contextInitializerClasses = '[]', activeProfiles = '{}', propertySourceLocations = '{}', propertySourceProperties = '{}', contextCustomizers = set[[empty]], resourceBasePath = 'src/main/webapp', contextLoader = 'org.springframework.test.context.web.WebDelegatingSmartContextLoader', parent = [null]]]
21:44:12.632 [Test worker] DEBUG o.s.t.c.cache - Spring test ApplicationContext cache statistics: [DefaultContextCache@5421c65f size = 1, maxSize = 32, parentContextCount = 0, hitCount = 12, missCount = 1]
21:44:12.632 [Test worker] DEBUG o.s.t.c.c.DefaultCacheAwareContextLoaderDelegate - Retrieved ApplicationContext [586833677] from cache with key [[WebMergedContextConfiguration@44730cf9 testClass = AopNamespaceHandlerScopeIntegrationTests, locations = '{classpath:org/springframework/aop/config/AopNamespaceHandlerScopeIntegrationTests-context.xml}', classes = '{}', contextInitializerClasses = '[]', activeProfiles = '{}', propertySourceLocations = '{}', propertySourceProperties = '{}', contextCustomizers = set[[empty]], resourceBasePath = 'src/main/webapp', contextLoader = 'org.springframework.test.context.web.WebDelegatingSmartContextLoader', parent = [null]]]
21:44:12.632 [Test worker] DEBUG o.s.t.c.cache - Spring test ApplicationContext cache statistics: [DefaultContextCache@5421c65f size = 1, maxSize = 32, parentContextCount = 0, hitCount = 13, missCount = 1]
21:44:12.632 [Test worker] DEBUG o.s.t.c.s.AbstractDirtiesContextTestExecutionListener - After test method: context [DefaultTestContext@31f6a7eb testClass = AopNamespaceHandlerScopeIntegrationTests, testInstance = org.springframework.aop.config.AopNamespaceHandlerScopeIntegrationTests@19930cb0, testMethod = testRequestScoping@AopNamespaceHandlerScopeIntegrationTests, testException = [null], mergedContextConfiguration = [WebMergedContextConfiguration@44730cf9 testClass = AopNamespaceHandlerScopeIntegrationTests, locations = '{classpath:org/springframework/aop/config/AopNamespaceHandlerScopeIntegrationTests-context.xml}', classes = '{}', contextInitializerClasses = '[]', activeProfiles = '{}', propertySourceLocations = '{}', propertySourceProperties = '{}', contextCustomizers = set[[empty]], resourceBasePath = 'src/main/webapp', contextLoader = 'org.springframework.test.context.web.WebDelegatingSmartContextLoader', parent = [null]], attributes = map['org.springframework.test.context.web.ServletTestExecutionListener.populatedRequestContextHolder' -> true, 'org.springframework.test.context.web.ServletTestExecutionListener.resetRequestContextHolder' -> true]], class annotated with @DirtiesContext [false] with mode [null], method annotated with @DirtiesContext [false] with mode [null].
21:44:12.632 [Test worker] DEBUG o.s.t.c.w.ServletTestExecutionListener - Resetting RequestContextHolder for test context [DefaultTestContext@31f6a7eb testClass = AopNamespaceHandlerScopeIntegrationTests, testInstance = org.springframework.aop.config.AopNamespaceHandlerScopeIntegrationTests@19930cb0, testMethod = testRequestScoping@AopNamespaceHandlerScopeIntegrationTests, testException = [null], mergedContextConfiguration = [WebMergedContextConfiguration@44730cf9 testClass = AopNamespaceHandlerScopeIntegrationTests, locations = '{classpath:org/springframework/aop/config/AopNamespaceHandlerScopeIntegrationTests-context.xml}', classes = '{}', contextInitializerClasses = '[]', activeProfiles = '{}', propertySourceLocations = '{}', propertySourceProperties = '{}', contextCustomizers = set[[empty]], resourceBasePath = 'src/main/webapp', contextLoader = 'org.springframework.test.context.web.WebDelegatingSmartContextLoader', parent = [null]], attributes = map['org.springframework.test.context.web.ServletTestExecutionListener.populatedRequestContextHolder' -> true, 'org.springframework.test.context.web.ServletTestExecutionListener.resetRequestContextHolder' -> true]].
21:44:12.633 [Test worker] DEBUG o.s.t.c.c.DefaultCacheAwareContextLoaderDelegate - Retrieved ApplicationContext [586833677] from cache with key [[WebMergedContextConfiguration@44730cf9 testClass = AopNamespaceHandlerScopeIntegrationTests, locations = '{classpath:org/springframework/aop/config/AopNamespaceHandlerScopeIntegrationTests-context.xml}', classes = '{}', contextInitializerClasses = '[]', activeProfiles = '{}', propertySourceLocations = '{}', propertySourceProperties = '{}', contextCustomizers = set[[empty]], resourceBasePath = 'src/main/webapp', contextLoader = 'org.springframework.test.context.web.WebDelegatingSmartContextLoader', parent = [null]]]
21:44:12.633 [Test worker] DEBUG o.s.t.c.cache - Spring test ApplicationContext cache statistics: [DefaultContextCache@5421c65f size = 1, maxSize = 32, parentContextCount = 0, hitCount = 14, missCount = 1]
21:44:12.633 [Test worker] DEBUG o.s.t.c.w.ServletTestExecutionListener - Setting up MockHttpServletRequest, MockHttpServletResponse, ServletWebRequest, and RequestContextHolder for test context [DefaultTestContext@31f6a7eb testClass = AopNamespaceHandlerScopeIntegrationTests, testInstance = org.springframework.aop.config.AopNamespaceHandlerScopeIntegrationTests@19e49c52, testMethod = [null], testException = [null], mergedContextConfiguration = [WebMergedContextConfiguration@44730cf9 testClass = AopNamespaceHandlerScopeIntegrationTests, locations = '{classpath:org/springframework/aop/config/AopNamespaceHandlerScopeIntegrationTests-context.xml}', classes = '{}', contextInitializerClasses = '[]', activeProfiles = '{}', propertySourceLocations = '{}', propertySourceProperties = '{}', contextCustomizers = set[[empty]], resourceBasePath = 'src/main/webapp', contextLoader = 'org.springframework.test.context.web.WebDelegatingSmartContextLoader', parent = [null]], attributes = map['org.springframework.test.context.support.DependencyInjectionTestExecutionListener.reinjectDependencies' -> true]].
21:44:12.633 [Test worker] DEBUG o.s.t.c.s.DependencyInjectionTestExecutionListener - Performing dependency injection for test context [[DefaultTestContext@31f6a7eb testClass = AopNamespaceHandlerScopeIntegrationTests, testInstance = org.springframework.aop.config.AopNamespaceHandlerScopeIntegrationTests@19e49c52, testMethod = [null], testException = [null], mergedContextConfiguration = [WebMergedContextConfiguration@44730cf9 testClass = AopNamespaceHandlerScopeIntegrationTests, locations = '{classpath:org/springframework/aop/config/AopNamespaceHandlerScopeIntegrationTests-context.xml}', classes = '{}', contextInitializerClasses = '[]', activeProfiles = '{}', propertySourceLocations = '{}', propertySourceProperties = '{}', contextCustomizers = set[[empty]], resourceBasePath = 'src/main/webapp', contextLoader = 'org.springframework.test.context.web.WebDelegatingSmartContextLoader', parent = [null]], attributes = map['org.springframework.test.context.web.ServletTestExecutionListener.populatedRequestContextHolder' -> true, 'org.springframework.test.context.web.ServletTestExecutionListener.resetRequestContextHolder' -> true, 'org.springframework.test.context.support.DependencyInjectionTestExecutionListener.reinjectDependencies' -> true]]].
21:44:12.633 [Test worker] DEBUG o.s.t.c.c.DefaultCacheAwareContextLoaderDelegate - Retrieved ApplicationContext [586833677] from cache with key [[WebMergedContextConfiguration@44730cf9 testClass = AopNamespaceHandlerScopeIntegrationTests, locations = '{classpath:org/springframework/aop/config/AopNamespaceHandlerScopeIntegrationTests-context.xml}', classes = '{}', contextInitializerClasses = '[]', activeProfiles = '{}', propertySourceLocations = '{}', propertySourceProperties = '{}', contextCustomizers = set[[empty]], resourceBasePath = 'src/main/webapp', contextLoader = 'org.springframework.test.context.web.WebDelegatingSmartContextLoader', parent = [null]]]
21:44:12.633 [Test worker] DEBUG o.s.t.c.cache - Spring test ApplicationContext cache statistics: [DefaultContextCache@5421c65f size = 1, maxSize = 32, parentContextCount = 0, hitCount = 15, missCount = 1]
21:44:12.634 [Test worker] DEBUG o.s.t.c.c.DefaultCacheAwareContextLoaderDelegate - Retrieved ApplicationContext [586833677] from cache with key [[WebMergedContextConfiguration@44730cf9 testClass = AopNamespaceHandlerScopeIntegrationTests, locations = '{classpath:org/springframework/aop/config/AopNamespaceHandlerScopeIntegrationTests-context.xml}', classes = '{}', contextInitializerClasses = '[]', activeProfiles = '{}', propertySourceLocations = '{}', propertySourceProperties = '{}', contextCustomizers = set[[empty]], resourceBasePath = 'src/main/webapp', contextLoader = 'org.springframework.test.context.web.WebDelegatingSmartContextLoader', parent = [null]]]
21:44:12.634 [Test worker] DEBUG o.s.t.c.cache - Spring test ApplicationContext cache statistics: [DefaultContextCache@5421c65f size = 1, maxSize = 32, parentContextCount = 0, hitCount = 16, missCount = 1]
21:44:12.634 [Test worker] DEBUG o.s.t.c.s.AbstractDirtiesContextTestExecutionListener - Before test method: context [DefaultTestContext@31f6a7eb testClass = AopNamespaceHandlerScopeIntegrationTests, testInstance = org.springframework.aop.config.AopNamespaceHandlerScopeIntegrationTests@19e49c52, testMethod = testSingletonScoping@AopNamespaceHandlerScopeIntegrationTests, testException = [null], mergedContextConfiguration = [WebMergedContextConfiguration@44730cf9 testClass = AopNamespaceHandlerScopeIntegrationTests, locations = '{classpath:org/springframework/aop/config/AopNamespaceHandlerScopeIntegrationTests-context.xml}', classes = '{}', contextInitializerClasses = '[]', activeProfiles = '{}', propertySourceLocations = '{}', propertySourceProperties = '{}', contextCustomizers = set[[empty]], resourceBasePath = 'src/main/webapp', contextLoader = 'org.springframework.test.context.web.WebDelegatingSmartContextLoader', parent = [null]], attributes = map['org.springframework.test.context.web.ServletTestExecutionListener.populatedRequestContextHolder' -> true, 'org.springframework.test.context.web.ServletTestExecutionListener.resetRequestContextHolder' -> true]], class annotated with @DirtiesContext [false] with mode [null], method annotated with @DirtiesContext [false] with mode [null].
21:44:12.634 [Test worker] DEBUG o.s.t.c.c.DefaultCacheAwareContextLoaderDelegate - Retrieved ApplicationContext [586833677] from cache with key [[WebMergedContextConfiguration@44730cf9 testClass = AopNamespaceHandlerScopeIntegrationTests, locations = '{classpath:org/springframework/aop/config/AopNamespaceHandlerScopeIntegrationTests-context.xml}', classes = '{}', contextInitializerClasses = '[]', activeProfiles = '{}', propertySourceLocations = '{}', propertySourceProperties = '{}', contextCustomizers = set[[empty]], resourceBasePath = 'src/main/webapp', contextLoader = 'org.springframework.test.context.web.WebDelegatingSmartContextLoader', parent = [null]]]
21:44:12.635 [Test worker] DEBUG o.s.t.c.cache - Spring test ApplicationContext cache statistics: [DefaultContextCache@5421c65f size = 1, maxSize = 32, parentContextCount = 0, hitCount = 17, missCount = 1]
21:44:12.635 [Test worker] DEBUG o.s.t.c.c.DefaultCacheAwareContextLoaderDelegate - Retrieved ApplicationContext [586833677] from cache with key [[WebMergedContextConfiguration@44730cf9 testClass = AopNamespaceHandlerScopeIntegrationTests, locations = '{classpath:org/springframework/aop/config/AopNamespaceHandlerScopeIntegrationTests-context.xml}', classes = '{}', contextInitializerClasses = '[]', activeProfiles = '{}', propertySourceLocations = '{}', propertySourceProperties = '{}', contextCustomizers = set[[empty]], resourceBasePath = 'src/main/webapp', contextLoader = 'org.springframework.test.context.web.WebDelegatingSmartContextLoader', parent = [null]]]
21:44:12.635 [Test worker] DEBUG o.s.t.c.cache - Spring test ApplicationContext cache statistics: [DefaultContextCache@5421c65f size = 1, maxSize = 32, parentContextCount = 0, hitCount = 18, missCount = 1]
21:44:17.726 [Test worker] DEBUG o.s.t.c.c.DefaultCacheAwareContextLoaderDelegate - Retrieved ApplicationContext [586833677] from cache with key [[WebMergedContextConfiguration@44730cf9 testClass = AopNamespaceHandlerScopeIntegrationTests, locations = '{classpath:org/springframework/aop/config/AopNamespaceHandlerScopeIntegrationTests-context.xml}', classes = '{}', contextInitializerClasses = '[]', activeProfiles = '{}', propertySourceLocations = '{}', propertySourceProperties = '{}', contextCustomizers = set[[empty]], resourceBasePath = 'src/main/webapp', contextLoader = 'org.springframework.test.context.web.WebDelegatingSmartContextLoader', parent = [null]]]
21:44:17.726 [Test worker] DEBUG o.s.t.c.cache - Spring test ApplicationContext cache statistics: [DefaultContextCache@5421c65f size = 1, maxSize = 32, parentContextCount = 0, hitCount = 19, missCount = 1]
21:44:17.727 [Test worker] DEBUG o.s.t.c.c.DefaultCacheAwareContextLoaderDelegate - Retrieved ApplicationContext [586833677] from cache with key [[WebMergedContextConfiguration@44730cf9 testClass = AopNamespaceHandlerScopeIntegrationTests, locations = '{classpath:org/springframework/aop/config/AopNamespaceHandlerScopeIntegrationTests-context.xml}', classes = '{}', contextInitializerClasses = '[]', activeProfiles = '{}', propertySourceLocations = '{}', propertySourceProperties = '{}', contextCustomizers = set[[empty]], resourceBasePath = 'src/main/webapp', contextLoader = 'org.springframework.test.context.web.WebDelegatingSmartContextLoader', parent = [null]]]
21:44:17.727 [Test worker] DEBUG o.s.t.c.cache - Spring test ApplicationContext cache statistics: [DefaultContextCache@5421c65f size = 1, maxSize = 32, parentContextCount = 0, hitCount = 20, missCount = 1]
21:44:17.727 [Test worker] DEBUG o.s.t.c.s.AbstractDirtiesContextTestExecutionListener - After test method: context [DefaultTestContext@31f6a7eb testClass = AopNamespaceHandlerScopeIntegrationTests, testInstance = org.springframework.aop.config.AopNamespaceHandlerScopeIntegrationTests@19e49c52, testMethod = testSingletonScoping@AopNamespaceHandlerScopeIntegrationTests, testException = [null], mergedContextConfiguration = [WebMergedContextConfiguration@44730cf9 testClass = AopNamespaceHandlerScopeIntegrationTests, locations = '{classpath:org/springframework/aop/config/AopNamespaceHandlerScopeIntegrationTests-context.xml}', classes = '{}', contextInitializerClasses = '[]', activeProfiles = '{}', propertySourceLocations = '{}', propertySourceProperties = '{}', contextCustomizers = set[[empty]], resourceBasePath = 'src/main/webapp', contextLoader = 'org.springframework.test.context.web.WebDelegatingSmartContextLoader', parent = [null]], attributes = map['org.springframework.test.context.web.ServletTestExecutionListener.populatedRequestContextHolder' -> true, 'org.springframework.test.context.web.ServletTestExecutionListener.resetRequestContextHolder' -> true]], class annotated with @DirtiesContext [false] with mode [null], method annotated with @DirtiesContext [false] with mode [null].
21:44:17.727 [Test worker] DEBUG o.s.t.c.w.ServletTestExecutionListener - Resetting RequestContextHolder for test context [DefaultTestContext@31f6a7eb testClass = AopNamespaceHandlerScopeIntegrationTests, testInstance = org.springframework.aop.config.AopNamespaceHandlerScopeIntegrationTests@19e49c52, testMethod = testSingletonScoping@AopNamespaceHandlerScopeIntegrationTests, testException = [null], mergedContextConfiguration = [WebMergedContextConfiguration@44730cf9 testClass = AopNamespaceHandlerScopeIntegrationTests, locations = '{classpath:org/springframework/aop/config/AopNamespaceHandlerScopeIntegrationTests-context.xml}', classes = '{}', contextInitializerClasses = '[]', activeProfiles = '{}', propertySourceLocations = '{}', propertySourceProperties = '{}', contextCustomizers = set[[empty]], resourceBasePath = 'src/main/webapp', contextLoader = 'org.springframework.test.context.web.WebDelegatingSmartContextLoader', parent = [null]], attributes = map['org.springframework.test.context.web.ServletTestExecutionListener.populatedRequestContextHolder' -> true, 'org.springframework.test.context.web.ServletTestExecutionListener.resetRequestContextHolder' -> true]].
21:44:17.728 [Test worker] DEBUG o.s.t.c.c.DefaultCacheAwareContextLoaderDelegate - Retrieved ApplicationContext [586833677] from cache with key [[WebMergedContextConfiguration@44730cf9 testClass = AopNamespaceHandlerScopeIntegrationTests, locations = '{classpath:org/springframework/aop/config/AopNamespaceHandlerScopeIntegrationTests-context.xml}', classes = '{}', contextInitializerClasses = '[]', activeProfiles = '{}', propertySourceLocations = '{}', propertySourceProperties = '{}', contextCustomizers = set[[empty]], resourceBasePath = 'src/main/webapp', contextLoader = 'org.springframework.test.context.web.WebDelegatingSmartContextLoader', parent = [null]]]
21:44:17.728 [Test worker] DEBUG o.s.t.c.cache - Spring test ApplicationContext cache statistics: [DefaultContextCache@5421c65f size = 1, maxSize = 32, parentContextCount = 0, hitCount = 21, missCount = 1]
21:44:17.728 [Test worker] DEBUG o.s.t.c.s.AbstractDirtiesContextTestExecutionListener - After test class: context [DefaultTestContext@31f6a7eb testClass = AopNamespaceHandlerScopeIntegrationTests, testInstance = [null], testMethod = [null], testException = [null], mergedContextConfiguration = [WebMergedContextConfiguration@44730cf9 testClass = AopNamespaceHandlerScopeIntegrationTests, locations = '{classpath:org/springframework/aop/config/AopNamespaceHandlerScopeIntegrationTests-context.xml}', classes = '{}', contextInitializerClasses = '[]', activeProfiles = '{}', propertySourceLocations = '{}', propertySourceProperties = '{}', contextCustomizers = set[[empty]], resourceBasePath = 'src/main/webapp', contextLoader = 'org.springframework.test.context.web.WebDelegatingSmartContextLoader', parent = [null]], attributes = map['org.springframework.test.context.support.DependencyInjectionTestExecutionListener.reinjectDependencies' -> true]], class annotated with @DirtiesContext [false] with mode [null].
]]></system-out>
  <system-err><![CDATA[]]></system-err>
</testsuite>
