<?xml version="1.0" encoding="UTF-8"?>
<testsuite name="org.springframework.expression.spel.ExpressionWithConversionTests" tests="4" skipped="0" failures="0" errors="0" timestamp="2020-04-15T13:39:44" hostname="PandaroiddeiMac.local" time="0.019">
  <properties/>
  <testcase name="testConversionsAvailable()" classname="org.springframework.expression.spel.ExpressionWithConversionTests" time="0.008"/>
  <testcase name="testConvert()" classname="org.springframework.expression.spel.ExpressionWithConversionTests" time="0.002"/>
  <testcase name="testSetParameterizedList()" classname="org.springframework.expression.spel.ExpressionWithConversionTests" time="0.002"/>
  <testcase name="testCoercionToCollectionOfPrimitive()" classname="org.springframework.expression.spel.ExpressionWithConversionTests" time="0.002"/>
  <system-out><![CDATA[]]></system-out>
  <system-err><![CDATA[]]></system-err>
</testsuite>
