<?xml version="1.0" encoding="UTF-8"?>
<testsuite name="org.springframework.jdbc.core.support.JdbcDaoSupportTests" tests="2" skipped="0" failures="0" errors="0" timestamp="2020-04-15T13:44:40" hostname="PandaroiddeiMac.local" time="0.002">
  <properties/>
  <testcase name="testJdbcDaoSupportWithDataSource()" classname="org.springframework.jdbc.core.support.JdbcDaoSupportTests" time="0.001"/>
  <testcase name="testJdbcDaoSupportWithJdbcTemplate()" classname="org.springframework.jdbc.core.support.JdbcDaoSupportTests" time="0.0"/>
  <system-out><![CDATA[]]></system-out>
  <system-err><![CDATA[]]></system-err>
</testsuite>
