<?xml version="1.0" encoding="UTF-8"?>
<testsuite name="org.springframework.jdbc.core.simple.TableMetaDataContextTests" tests="2" skipped="0" failures="0" errors="0" timestamp="2020-04-15T13:44:40" hostname="PandaroiddeiMac.local" time="0.023">
  <properties/>
  <testcase name="testTableWithSingleColumnGeneratedKey()" classname="org.springframework.jdbc.core.simple.TableMetaDataContextTests" time="0.019"/>
  <testcase name="testMatchInParametersAndSqlTypeInfoWrapping()" classname="org.springframework.jdbc.core.simple.TableMetaDataContextTests" time="0.003"/>
  <system-out><![CDATA[]]></system-out>
  <system-err><![CDATA[]]></system-err>
</testsuite>
