<?xml version="1.0" encoding="UTF-8"?>
<testsuite name="org.springframework.test.context.cache.LruContextCacheTests" tests="6" skipped="0" failures="0" errors="0" timestamp="2020-04-15T14:25:14" hostname="PandaroiddeiMac.local" time="0.04">
  <properties/>
  <testcase name="maxCacheSizeOne()" classname="org.springframework.test.context.cache.LruContextCacheTests" time="0.007"/>
  <testcase name="maxCacheSizeNegativeOne()" classname="org.springframework.test.context.cache.LruContextCacheTests" time="0.001"/>
  <testcase name="maxCacheSizeZero()" classname="org.springframework.test.context.cache.LruContextCacheTests" time="0.0"/>
  <testcase name="maxCacheSizeThree()" classname="org.springframework.test.context.cache.LruContextCacheTests" time="0.003"/>
  <testcase name="ensureLruOrderingIsUpdated()" classname="org.springframework.test.context.cache.LruContextCacheTests" time="0.003"/>
  <testcase name="ensureEvictedContextsAreClosed()" classname="org.springframework.test.context.cache.LruContextCacheTests" time="0.02"/>
  <system-out><![CDATA[22:25:14.843 [Test worker] DEBUG o.s.t.u.ReflectionTestUtils - Getting field 'contextMap' from target object [[DefaultContextCache@78590476 size = 1, maxSize = 1, parentContextCount = 0, hitCount = 0, missCount = 0]] or target class [class org.springframework.test.context.cache.DefaultContextCache]
22:25:14.845 [Test worker] DEBUG o.s.t.u.ReflectionTestUtils - Getting field 'contextMap' from target object [[DefaultContextCache@78590476 size = 1, maxSize = 1, parentContextCount = 0, hitCount = 0, missCount = 0]] or target class [class org.springframework.test.context.cache.DefaultContextCache]
22:25:14.847 [Test worker] DEBUG o.s.t.u.ReflectionTestUtils - Getting field 'contextMap' from target object [[DefaultContextCache@78590476 size = 1, maxSize = 1, parentContextCount = 0, hitCount = 0, missCount = 0]] or target class [class org.springframework.test.context.cache.DefaultContextCache]
22:25:14.848 [Test worker] DEBUG o.s.t.u.ReflectionTestUtils - Getting field 'contextMap' from target object [[DefaultContextCache@78590476 size = 1, maxSize = 1, parentContextCount = 0, hitCount = 0, missCount = 0]] or target class [class org.springframework.test.context.cache.DefaultContextCache]
22:25:14.853 [Test worker] DEBUG o.s.t.u.ReflectionTestUtils - Getting field 'contextMap' from target object [[DefaultContextCache@19015325 size = 1, maxSize = 3, parentContextCount = 0, hitCount = 0, missCount = 0]] or target class [class org.springframework.test.context.cache.DefaultContextCache]
22:25:14.854 [Test worker] DEBUG o.s.t.u.ReflectionTestUtils - Getting field 'contextMap' from target object [[DefaultContextCache@19015325 size = 1, maxSize = 3, parentContextCount = 0, hitCount = 0, missCount = 0]] or target class [class org.springframework.test.context.cache.DefaultContextCache]
22:25:14.854 [Test worker] DEBUG o.s.t.u.ReflectionTestUtils - Getting field 'contextMap' from target object [[DefaultContextCache@19015325 size = 2, maxSize = 3, parentContextCount = 0, hitCount = 0, missCount = 0]] or target class [class org.springframework.test.context.cache.DefaultContextCache]
22:25:14.855 [Test worker] DEBUG o.s.t.u.ReflectionTestUtils - Getting field 'contextMap' from target object [[DefaultContextCache@19015325 size = 3, maxSize = 3, parentContextCount = 0, hitCount = 0, missCount = 0]] or target class [class org.springframework.test.context.cache.DefaultContextCache]
22:25:14.855 [Test worker] DEBUG o.s.t.u.ReflectionTestUtils - Getting field 'contextMap' from target object [[DefaultContextCache@19015325 size = 3, maxSize = 3, parentContextCount = 0, hitCount = 0, missCount = 0]] or target class [class org.springframework.test.context.cache.DefaultContextCache]
22:25:14.858 [Test worker] DEBUG o.s.t.u.ReflectionTestUtils - Getting field 'contextMap' from target object [[DefaultContextCache@23016636 size = 3, maxSize = 3, parentContextCount = 0, hitCount = 0, missCount = 0]] or target class [class org.springframework.test.context.cache.DefaultContextCache]
22:25:14.859 [Test worker] DEBUG o.s.t.u.ReflectionTestUtils - Getting field 'contextMap' from target object [[DefaultContextCache@23016636 size = 3, maxSize = 3, parentContextCount = 0, hitCount = 1, missCount = 0]] or target class [class org.springframework.test.context.cache.DefaultContextCache]
22:25:14.859 [Test worker] DEBUG o.s.t.u.ReflectionTestUtils - Getting field 'contextMap' from target object [[DefaultContextCache@23016636 size = 3, maxSize = 3, parentContextCount = 0, hitCount = 2, missCount = 0]] or target class [class org.springframework.test.context.cache.DefaultContextCache]
22:25:14.860 [Test worker] DEBUG o.s.t.u.ReflectionTestUtils - Getting field 'contextMap' from target object [[DefaultContextCache@23016636 size = 3, maxSize = 3, parentContextCount = 0, hitCount = 3, missCount = 0]] or target class [class org.springframework.test.context.cache.DefaultContextCache]
22:25:14.861 [Test worker] DEBUG o.s.t.u.ReflectionTestUtils - Getting field 'contextMap' from target object [[DefaultContextCache@23016636 size = 3, maxSize = 3, parentContextCount = 0, hitCount = 4, missCount = 0]] or target class [class org.springframework.test.context.cache.DefaultContextCache]
22:25:14.863 [Test worker] DEBUG o.s.t.u.ReflectionTestUtils - Getting field 'contextMap' from target object [[DefaultContextCache@308a8108 size = 2, maxSize = 2, parentContextCount = 0, hitCount = 0, missCount = 0]] or target class [class org.springframework.test.context.cache.DefaultContextCache]
22:25:14.864 [Test worker] DEBUG o.s.t.u.ReflectionTestUtils - Getting field 'contextMap' from target object [[DefaultContextCache@308a8108 size = 2, maxSize = 2, parentContextCount = 0, hitCount = 0, missCount = 0]] or target class [class org.springframework.test.context.cache.DefaultContextCache]
22:25:14.881 [Test worker] DEBUG o.s.t.u.ReflectionTestUtils - Getting field 'contextMap' from target object [[DefaultContextCache@308a8108 size = 2, maxSize = 2, parentContextCount = 0, hitCount = 0, missCount = 0]] or target class [class org.springframework.test.context.cache.DefaultContextCache]
]]></system-out>
  <system-err><![CDATA[]]></system-err>
</testsuite>
