<?xml version="1.0" encoding="UTF-8"?>
<testsuite name="org.springframework.test.context.junit4.rules.TimedSpringRuleTests" tests="1" skipped="0" failures="0" errors="0" timestamp="2020-04-15T14:26:09" hostname="PandaroiddeiMac.local" time="0.726">
  <properties/>
  <testcase name="timedTests" classname="org.springframework.test.context.junit4.rules.TimedSpringRuleTests" time="0.726"/>
  <system-out><![CDATA[]]></system-out>
  <system-err><![CDATA[]]></system-err>
</testsuite>
