<?xml version="1.0" encoding="UTF-8"?>
<testsuite name="org.springframework.test.context.configuration.interfaces.SqlConfigInterfaceTests" tests="1" skipped="0" failures="0" errors="0" timestamp="2020-04-15T14:21:30" hostname="PandaroiddeiMac.local" time="0.18">
  <properties/>
  <testcase name="methodLevelScripts()" classname="org.springframework.test.context.configuration.interfaces.SqlConfigInterfaceTests" time="0.18"/>
  <system-out><![CDATA[]]></system-out>
  <system-err><![CDATA[]]></system-err>
</testsuite>
