<?xml version="1.0" encoding="UTF-8"?>
<testsuite name="org.springframework.test.context.junit4.HardCodedProfileValueSourceSpringRunnerTests" tests="5" skipped="2" failures="0" errors="0" timestamp="2020-04-15T14:26:07" hostname="PandaroiddeiMac.local" time="0.002">
  <properties/>
  <testcase name="testIfProfileValueEnabledViaMultipleValues" classname="org.springframework.test.context.junit4.HardCodedProfileValueSourceSpringRunnerTests" time="0.0"/>
  <testcase name="testIfProfileValueNotConfigured" classname="org.springframework.test.context.junit4.HardCodedProfileValueSourceSpringRunnerTests" time="0.0"/>
  <testcase name="testJUnitIgnoreAnnotation" classname="org.springframework.test.context.junit4.HardCodedProfileValueSourceSpringRunnerTests" time="0.0">
    <skipped/>
  </testcase>
  <testcase name="testIfProfileValueEnabledViaSingleValue" classname="org.springframework.test.context.junit4.HardCodedProfileValueSourceSpringRunnerTests" time="0.0"/>
  <testcase name="testIfProfileValueDisabled" classname="org.springframework.test.context.junit4.HardCodedProfileValueSourceSpringRunnerTests" time="0.0">
    <skipped/>
  </testcase>
  <system-out><![CDATA[]]></system-out>
  <system-err><![CDATA[]]></system-err>
</testsuite>
