<?xml version="1.0" encoding="UTF-8"?>
<testsuite name="org.springframework.test.web.servlet.samples.standalone.resultmatchers.XmlContentAssertionTests" tests="2" skipped="0" failures="0" errors="0" timestamp="2020-04-15T14:25:39" hostname="PandaroiddeiMac.local" time="0.128">
  <properties/>
  <testcase name="testNodeHamcrestMatcher()" classname="org.springframework.test.web.servlet.samples.standalone.resultmatchers.XmlContentAssertionTests" time="0.035"/>
  <testcase name="testXmlEqualTo()" classname="org.springframework.test.web.servlet.samples.standalone.resultmatchers.XmlContentAssertionTests" time="0.093"/>
  <system-out><![CDATA[]]></system-out>
  <system-err><![CDATA[]]></system-err>
</testsuite>
