<?xml version="1.0" encoding="UTF-8"?>
<testsuite name="org.springframework.test.context.cache.ContextCacheTests" tests="9" skipped="0" failures="0" errors="0" timestamp="2020-04-15T14:25:14" hostname="PandaroiddeiMac.local" time="0.354">
  <properties/>
  <testcase name="removeContextHierarchyCacheLevel3Then2()" classname="org.springframework.test.context.cache.ContextCacheTests" time="0.096"/>
  <testcase name="verifyCacheKeyIsBasedOnActiveProfiles()" classname="org.springframework.test.context.cache.ContextCacheTests" time="0.023"/>
  <testcase name="removeContextHierarchyCacheLevel1WithExhaustiveMode()" classname="org.springframework.test.context.cache.ContextCacheTests" time="0.087"/>
  <testcase name="removeContextHierarchyCacheLevel3Then2WithExhaustiveMode()" classname="org.springframework.test.context.cache.ContextCacheTests" time="0.021"/>
  <testcase name="removeContextHierarchyCacheLevel1()" classname="org.springframework.test.context.cache.ContextCacheTests" time="0.024"/>
  <testcase name="removeContextHierarchyCacheLevel2()" classname="org.springframework.test.context.cache.ContextCacheTests" time="0.029"/>
  <testcase name="verifyCacheKeyIsBasedOnContextLoader()" classname="org.springframework.test.context.cache.ContextCacheTests" time="0.007"/>
  <testcase name="removeContextHierarchyCacheLevel2WithExhaustiveMode()" classname="org.springframework.test.context.cache.ContextCacheTests" time="0.02"/>
  <testcase name="verifyCacheBehaviorForContextHierarchies()" classname="org.springframework.test.context.cache.ContextCacheTests" time="0.038"/>
  <system-out><![CDATA[22:25:14.420 [Test worker] DEBUG o.s.t.u.ReflectionTestUtils - Getting field 'mergedContextConfiguration' from target object [[DefaultTestContext@4b38495a testClass = ContextCacheTests.ClassHierarchyContextHierarchyLevel3aTestCase, testInstance = [null], testMethod = [null], testException = [null], mergedContextConfiguration = [MergedContextConfiguration@7a8fe3f3 testClass = ContextCacheTests.ClassHierarchyContextHierarchyLevel3aTestCase, locations = '{}', classes = '{class org.springframework.test.context.cache.ContextCacheTests$ClassHierarchyContextHierarchyLevel3aTestCase$Level3aConfig}', contextInitializerClasses = '[]', activeProfiles = '{}', propertySourceLocations = '{}', propertySourceProperties = '{}', contextCustomizers = set[[empty]], contextLoader = 'org.springframework.test.context.support.DelegatingSmartContextLoader', parent = [MergedContextConfiguration@75841c1e testClass = ContextCacheTests.ClassHierarchyContextHierarchyLevel2TestCase, locations = '{}', classes = '{class org.springframework.test.context.cache.ContextCacheTests$ClassHierarchyContextHierarchyLevel2TestCase$Level2Config}', contextInitializerClasses = '[]', activeProfiles = '{}', propertySourceLocations = '{}', propertySourceProperties = '{}', contextCustomizers = set[[empty]], contextLoader = 'org.springframework.test.context.support.DelegatingSmartContextLoader', parent = [MergedContextConfiguration@2167986a testClass = ContextCacheTests.ClassHierarchyContextHierarchyLevel1TestCase, locations = '{}', classes = '{class org.springframework.test.context.cache.ContextCacheTests$ClassHierarchyContextHierarchyLevel1TestCase$Level1Config}', contextInitializerClasses = '[]', activeProfiles = '{}', propertySourceLocations = '{}', propertySourceProperties = '{}', contextCustomizers = set[[empty]], contextLoader = 'org.springframework.test.context.support.DelegatingSmartContextLoader', parent = [null]]]], attributes = map[[empty]]]] or target class [class org.springframework.test.context.support.DefaultTestContext]
22:25:14.452 [Test worker] DEBUG o.s.t.u.ReflectionTestUtils - Getting field 'mergedContextConfiguration' from target object [[DefaultTestContext@698259c0 testClass = ContextCacheTests.ClassHierarchyContextHierarchyLevel3bTestCase, testInstance = [null], testMethod = [null], testException = [null], mergedContextConfiguration = [MergedContextConfiguration@1830d422 testClass = ContextCacheTests.ClassHierarchyContextHierarchyLevel3bTestCase, locations = '{}', classes = '{class org.springframework.test.context.cache.ContextCacheTests$ClassHierarchyContextHierarchyLevel3bTestCase$Level3bConfig}', contextInitializerClasses = '[]', activeProfiles = '{}', propertySourceLocations = '{}', propertySourceProperties = '{}', contextCustomizers = set[[empty]], contextLoader = 'org.springframework.test.context.support.DelegatingSmartContextLoader', parent = [MergedContextConfiguration@150421c3 testClass = ContextCacheTests.ClassHierarchyContextHierarchyLevel2TestCase, locations = '{}', classes = '{class org.springframework.test.context.cache.ContextCacheTests$ClassHierarchyContextHierarchyLevel2TestCase$Level2Config}', contextInitializerClasses = '[]', activeProfiles = '{}', propertySourceLocations = '{}', propertySourceProperties = '{}', contextCustomizers = set[[empty]], contextLoader = 'org.springframework.test.context.support.DelegatingSmartContextLoader', parent = [MergedContextConfiguration@196c70ad testClass = ContextCacheTests.ClassHierarchyContextHierarchyLevel1TestCase, locations = '{}', classes = '{class org.springframework.test.context.cache.ContextCacheTests$ClassHierarchyContextHierarchyLevel1TestCase$Level1Config}', contextInitializerClasses = '[]', activeProfiles = '{}', propertySourceLocations = '{}', propertySourceProperties = '{}', contextCustomizers = set[[empty]], contextLoader = 'org.springframework.test.context.support.DelegatingSmartContextLoader', parent = [null]]]], attributes = map[[empty]]]] or target class [class org.springframework.test.context.support.DefaultTestContext]
22:25:14.560 [Test worker] DEBUG o.s.t.u.ReflectionTestUtils - Getting field 'mergedContextConfiguration' from target object [[DefaultTestContext@6758bec9 testClass = ContextCacheTests.ClassHierarchyContextHierarchyLevel3aTestCase, testInstance = [null], testMethod = [null], testException = [null], mergedContextConfiguration = [MergedContextConfiguration@285e4758 testClass = ContextCacheTests.ClassHierarchyContextHierarchyLevel3aTestCase, locations = '{}', classes = '{class org.springframework.test.context.cache.ContextCacheTests$ClassHierarchyContextHierarchyLevel3aTestCase$Level3aConfig}', contextInitializerClasses = '[]', activeProfiles = '{}', propertySourceLocations = '{}', propertySourceProperties = '{}', contextCustomizers = set[[empty]], contextLoader = 'org.springframework.test.context.support.DelegatingSmartContextLoader', parent = [MergedContextConfiguration@42809f7b testClass = ContextCacheTests.ClassHierarchyContextHierarchyLevel2TestCase, locations = '{}', classes = '{class org.springframework.test.context.cache.ContextCacheTests$ClassHierarchyContextHierarchyLevel2TestCase$Level2Config}', contextInitializerClasses = '[]', activeProfiles = '{}', propertySourceLocations = '{}', propertySourceProperties = '{}', contextCustomizers = set[[empty]], contextLoader = 'org.springframework.test.context.support.DelegatingSmartContextLoader', parent = [MergedContextConfiguration@3748ae14 testClass = ContextCacheTests.ClassHierarchyContextHierarchyLevel1TestCase, locations = '{}', classes = '{class org.springframework.test.context.cache.ContextCacheTests$ClassHierarchyContextHierarchyLevel1TestCase$Level1Config}', contextInitializerClasses = '[]', activeProfiles = '{}', propertySourceLocations = '{}', propertySourceProperties = '{}', contextCustomizers = set[[empty]], contextLoader = 'org.springframework.test.context.support.DelegatingSmartContextLoader', parent = [null]]]], attributes = map[[empty]]]] or target class [class org.springframework.test.context.support.DefaultTestContext]
22:25:14.587 [Test worker] DEBUG o.s.t.u.ReflectionTestUtils - Getting field 'mergedContextConfiguration' from target object [[DefaultTestContext@18a8f88a testClass = ContextCacheTests.ClassHierarchyContextHierarchyLevel3aTestCase, testInstance = [null], testMethod = [null], testException = [null], mergedContextConfiguration = [MergedContextConfiguration@610bdd3d testClass = ContextCacheTests.ClassHierarchyContextHierarchyLevel3aTestCase, locations = '{}', classes = '{class org.springframework.test.context.cache.ContextCacheTests$ClassHierarchyContextHierarchyLevel3aTestCase$Level3aConfig}', contextInitializerClasses = '[]', activeProfiles = '{}', propertySourceLocations = '{}', propertySourceProperties = '{}', contextCustomizers = set[[empty]], contextLoader = 'org.springframework.test.context.support.DelegatingSmartContextLoader', parent = [MergedContextConfiguration@7dbfbef5 testClass = ContextCacheTests.ClassHierarchyContextHierarchyLevel2TestCase, locations = '{}', classes = '{class org.springframework.test.context.cache.ContextCacheTests$ClassHierarchyContextHierarchyLevel2TestCase$Level2Config}', contextInitializerClasses = '[]', activeProfiles = '{}', propertySourceLocations = '{}', propertySourceProperties = '{}', contextCustomizers = set[[empty]], contextLoader = 'org.springframework.test.context.support.DelegatingSmartContextLoader', parent = [MergedContextConfiguration@62556fa3 testClass = ContextCacheTests.ClassHierarchyContextHierarchyLevel1TestCase, locations = '{}', classes = '{class org.springframework.test.context.cache.ContextCacheTests$ClassHierarchyContextHierarchyLevel1TestCase$Level1Config}', contextInitializerClasses = '[]', activeProfiles = '{}', propertySourceLocations = '{}', propertySourceProperties = '{}', contextCustomizers = set[[empty]], contextLoader = 'org.springframework.test.context.support.DelegatingSmartContextLoader', parent = [null]]]], attributes = map[[empty]]]] or target class [class org.springframework.test.context.support.DefaultTestContext]
22:25:14.588 [Test worker] DEBUG o.s.t.u.ReflectionTestUtils - Getting field 'mergedContextConfiguration' from target object [[DefaultTestContext@3d66a7cb testClass = ContextCacheTests.ClassHierarchyContextHierarchyLevel3bTestCase, testInstance = [null], testMethod = [null], testException = [null], mergedContextConfiguration = [MergedContextConfiguration@23b776f testClass = ContextCacheTests.ClassHierarchyContextHierarchyLevel3bTestCase, locations = '{}', classes = '{class org.springframework.test.context.cache.ContextCacheTests$ClassHierarchyContextHierarchyLevel3bTestCase$Level3bConfig}', contextInitializerClasses = '[]', activeProfiles = '{}', propertySourceLocations = '{}', propertySourceProperties = '{}', contextCustomizers = set[[empty]], contextLoader = 'org.springframework.test.context.support.DelegatingSmartContextLoader', parent = [MergedContextConfiguration@27339cb testClass = ContextCacheTests.ClassHierarchyContextHierarchyLevel2TestCase, locations = '{}', classes = '{class org.springframework.test.context.cache.ContextCacheTests$ClassHierarchyContextHierarchyLevel2TestCase$Level2Config}', contextInitializerClasses = '[]', activeProfiles = '{}', propertySourceLocations = '{}', propertySourceProperties = '{}', contextCustomizers = set[[empty]], contextLoader = 'org.springframework.test.context.support.DelegatingSmartContextLoader', parent = [MergedContextConfiguration@4b927651 testClass = ContextCacheTests.ClassHierarchyContextHierarchyLevel1TestCase, locations = '{}', classes = '{class org.springframework.test.context.cache.ContextCacheTests$ClassHierarchyContextHierarchyLevel1TestCase$Level1Config}', contextInitializerClasses = '[]', activeProfiles = '{}', propertySourceLocations = '{}', propertySourceProperties = '{}', contextCustomizers = set[[empty]], contextLoader = 'org.springframework.test.context.support.DelegatingSmartContextLoader', parent = [null]]]], attributes = map[[empty]]]] or target class [class org.springframework.test.context.support.DefaultTestContext]
22:25:14.613 [Test worker] DEBUG o.s.t.u.ReflectionTestUtils - Getting field 'mergedContextConfiguration' from target object [[DefaultTestContext@62d2ab81 testClass = ContextCacheTests.ClassHierarchyContextHierarchyLevel3aTestCase, testInstance = [null], testMethod = [null], testException = [null], mergedContextConfiguration = [MergedContextConfiguration@37aaf8d9 testClass = ContextCacheTests.ClassHierarchyContextHierarchyLevel3aTestCase, locations = '{}', classes = '{class org.springframework.test.context.cache.ContextCacheTests$ClassHierarchyContextHierarchyLevel3aTestCase$Level3aConfig}', contextInitializerClasses = '[]', activeProfiles = '{}', propertySourceLocations = '{}', propertySourceProperties = '{}', contextCustomizers = set[[empty]], contextLoader = 'org.springframework.test.context.support.DelegatingSmartContextLoader', parent = [MergedContextConfiguration@76941046 testClass = ContextCacheTests.ClassHierarchyContextHierarchyLevel2TestCase, locations = '{}', classes = '{class org.springframework.test.context.cache.ContextCacheTests$ClassHierarchyContextHierarchyLevel2TestCase$Level2Config}', contextInitializerClasses = '[]', activeProfiles = '{}', propertySourceLocations = '{}', propertySourceProperties = '{}', contextCustomizers = set[[empty]], contextLoader = 'org.springframework.test.context.support.DelegatingSmartContextLoader', parent = [MergedContextConfiguration@7e595935 testClass = ContextCacheTests.ClassHierarchyContextHierarchyLevel1TestCase, locations = '{}', classes = '{class org.springframework.test.context.cache.ContextCacheTests$ClassHierarchyContextHierarchyLevel1TestCase$Level1Config}', contextInitializerClasses = '[]', activeProfiles = '{}', propertySourceLocations = '{}', propertySourceProperties = '{}', contextCustomizers = set[[empty]], contextLoader = 'org.springframework.test.context.support.DelegatingSmartContextLoader', parent = [null]]]], attributes = map[[empty]]]] or target class [class org.springframework.test.context.support.DefaultTestContext]
22:25:14.643 [Test worker] DEBUG o.s.t.u.ReflectionTestUtils - Getting field 'mergedContextConfiguration' from target object [[DefaultTestContext@6d9b19cc testClass = ContextCacheTests.ClassHierarchyContextHierarchyLevel3aTestCase, testInstance = [null], testMethod = [null], testException = [null], mergedContextConfiguration = [MergedContextConfiguration@59dfb95 testClass = ContextCacheTests.ClassHierarchyContextHierarchyLevel3aTestCase, locations = '{}', classes = '{class org.springframework.test.context.cache.ContextCacheTests$ClassHierarchyContextHierarchyLevel3aTestCase$Level3aConfig}', contextInitializerClasses = '[]', activeProfiles = '{}', propertySourceLocations = '{}', propertySourceProperties = '{}', contextCustomizers = set[[empty]], contextLoader = 'org.springframework.test.context.support.DelegatingSmartContextLoader', parent = [MergedContextConfiguration@65eb39de testClass = ContextCacheTests.ClassHierarchyContextHierarchyLevel2TestCase, locations = '{}', classes = '{class org.springframework.test.context.cache.ContextCacheTests$ClassHierarchyContextHierarchyLevel2TestCase$Level2Config}', contextInitializerClasses = '[]', activeProfiles = '{}', propertySourceLocations = '{}', propertySourceProperties = '{}', contextCustomizers = set[[empty]], contextLoader = 'org.springframework.test.context.support.DelegatingSmartContextLoader', parent = [MergedContextConfiguration@130bd220 testClass = ContextCacheTests.ClassHierarchyContextHierarchyLevel1TestCase, locations = '{}', classes = '{class org.springframework.test.context.cache.ContextCacheTests$ClassHierarchyContextHierarchyLevel1TestCase$Level1Config}', contextInitializerClasses = '[]', activeProfiles = '{}', propertySourceLocations = '{}', propertySourceProperties = '{}', contextCustomizers = set[[empty]], contextLoader = 'org.springframework.test.context.support.DelegatingSmartContextLoader', parent = [null]]]], attributes = map[[empty]]]] or target class [class org.springframework.test.context.support.DefaultTestContext]
22:25:14.672 [Test worker] DEBUG o.s.t.u.ReflectionTestUtils - Getting field 'mergedContextConfiguration' from target object [[DefaultTestContext@23691c8 testClass = ContextCacheTests.ClassHierarchyContextHierarchyLevel3aTestCase, testInstance = [null], testMethod = [null], testException = [null], mergedContextConfiguration = [MergedContextConfiguration@70b6a18b testClass = ContextCacheTests.ClassHierarchyContextHierarchyLevel3aTestCase, locations = '{}', classes = '{class org.springframework.test.context.cache.ContextCacheTests$ClassHierarchyContextHierarchyLevel3aTestCase$Level3aConfig}', contextInitializerClasses = '[]', activeProfiles = '{}', propertySourceLocations = '{}', propertySourceProperties = '{}', contextCustomizers = set[[empty]], contextLoader = 'org.springframework.test.context.support.DelegatingSmartContextLoader', parent = [MergedContextConfiguration@354a62e1 testClass = ContextCacheTests.ClassHierarchyContextHierarchyLevel2TestCase, locations = '{}', classes = '{class org.springframework.test.context.cache.ContextCacheTests$ClassHierarchyContextHierarchyLevel2TestCase$Level2Config}', contextInitializerClasses = '[]', activeProfiles = '{}', propertySourceLocations = '{}', propertySourceProperties = '{}', contextCustomizers = set[[empty]], contextLoader = 'org.springframework.test.context.support.DelegatingSmartContextLoader', parent = [MergedContextConfiguration@3adbde8 testClass = ContextCacheTests.ClassHierarchyContextHierarchyLevel1TestCase, locations = '{}', classes = '{class org.springframework.test.context.cache.ContextCacheTests$ClassHierarchyContextHierarchyLevel1TestCase$Level1Config}', contextInitializerClasses = '[]', activeProfiles = '{}', propertySourceLocations = '{}', propertySourceProperties = '{}', contextCustomizers = set[[empty]], contextLoader = 'org.springframework.test.context.support.DelegatingSmartContextLoader', parent = [null]]]], attributes = map[[empty]]]] or target class [class org.springframework.test.context.support.DefaultTestContext]
]]></system-out>
  <system-err><![CDATA[]]></system-err>
</testsuite>
