<?xml version="1.0" encoding="UTF-8"?>
<testsuite name="org.springframework.test.web.servlet.MockMvcReuseTests" tests="2" skipped="0" failures="0" errors="0" timestamp="2020-04-15T14:25:44" hostname="PandaroiddeiMac.local" time="0.019">
  <properties/>
  <testcase name="requestParametersAreClearedBetweenInvocations()" classname="org.springframework.test.web.servlet.MockMvcReuseTests" time="0.006"/>
  <testcase name="sessionAttributesAreClearedBetweenInvocations()" classname="org.springframework.test.web.servlet.MockMvcReuseTests" time="0.013"/>
  <system-out><![CDATA[]]></system-out>
  <system-err><![CDATA[]]></system-err>
</testsuite>
