<?xml version="1.0" encoding="UTF-8"?>
<testsuite name="org.springframework.test.web.reactive.server.samples.JsonContentTests" tests="4" skipped="0" failures="0" errors="0" timestamp="2020-04-15T14:25:47" hostname="PandaroiddeiMac.local" time="0.183">
  <properties/>
  <testcase name="jsonPathIsEqualTo()" classname="org.springframework.test.web.reactive.server.samples.JsonContentTests" time="0.02"/>
  <testcase name="jsonContent()" classname="org.springframework.test.web.reactive.server.samples.JsonContentTests" time="0.009"/>
  <testcase name="postJsonContent()" classname="org.springframework.test.web.reactive.server.samples.JsonContentTests" time="0.002"/>
  <testcase name="jsonPathMatches()" classname="org.springframework.test.web.reactive.server.samples.JsonContentTests" time="0.003"/>
  <system-out><![CDATA[]]></system-out>
  <system-err><![CDATA[]]></system-err>
</testsuite>
