<?xml version="1.0" encoding="UTF-8"?>
<testsuite name="org.springframework.test.web.servlet.samples.standalone.FrameworkExtensionTests" tests="2" skipped="0" failures="0" errors="0" timestamp="2020-04-15T14:25:32" hostname="PandaroiddeiMac.local" time="0.096">
  <properties/>
  <testcase name="fooHeader()" classname="org.springframework.test.web.servlet.samples.standalone.FrameworkExtensionTests" time="0.06"/>
  <testcase name="barHeader()" classname="org.springframework.test.web.servlet.samples.standalone.FrameworkExtensionTests" time="0.036"/>
  <system-out><![CDATA[]]></system-out>
  <system-err><![CDATA[]]></system-err>
</testsuite>
