<?xml version="1.0" encoding="UTF-8"?>
<testsuite name="org.springframework.test.context.configuration.interfaces.ContextConfigurationInterfaceTests" tests="1" skipped="0" failures="0" errors="0" timestamp="2020-04-15T14:21:26" hostname="PandaroiddeiMac.local" time="0.0">
  <properties/>
  <testcase name="profileFromTestInterface()" classname="org.springframework.test.context.configuration.interfaces.ContextConfigurationInterfaceTests" time="0.0"/>
  <system-out><![CDATA[]]></system-out>
  <system-err><![CDATA[]]></system-err>
</testsuite>
