<?xml version="1.0" encoding="UTF-8"?>
<testsuite name="org.springframework.test.web.servlet.htmlunit.MockMvcWebClientBuilderTests" tests="6" skipped="0" failures="0" errors="0" timestamp="2020-04-15T14:25:41" hostname="PandaroiddeiMac.local" time="1.373">
  <properties/>
  <testcase name="cookiesAreManaged()" classname="org.springframework.test.web.servlet.htmlunit.MockMvcWebClientBuilderTests" time="1.313"/>
  <testcase name="cookieManagerShared()" classname="org.springframework.test.web.servlet.htmlunit.MockMvcWebClientBuilderTests" time="0.05"/>
  <testcase name="webAppContextSetupNull()" classname="org.springframework.test.web.servlet.htmlunit.MockMvcWebClientBuilderTests" time="0.001"/>
  <testcase name="mockMvcSetupNull()" classname="org.springframework.test.web.servlet.htmlunit.MockMvcWebClientBuilderTests" time="0.001"/>
  <testcase name="mockMvcSetupWithCustomWebClientDelegate()" classname="org.springframework.test.web.servlet.htmlunit.MockMvcWebClientBuilderTests" time="0.001"/>
  <testcase name="mockMvcSetupWithDefaultWebClientDelegate()" classname="org.springframework.test.web.servlet.htmlunit.MockMvcWebClientBuilderTests" time="0.001"/>
  <system-out><![CDATA[]]></system-out>
  <system-err><![CDATA[]]></system-err>
</testsuite>
