<?xml version="1.0" encoding="UTF-8"?>
<testsuite name="org.springframework.test.web.reactive.server.samples.ResponseEntityTests" tests="8" skipped="0" failures="0" errors="0" timestamp="2020-04-15T14:25:45" hostname="PandaroiddeiMac.local" time="1.195">
  <properties/>
  <testcase name="entityList()" classname="org.springframework.test.web.reactive.server.samples.ResponseEntityTests" time="0.038"/>
  <testcase name="entity()" classname="org.springframework.test.web.reactive.server.samples.ResponseEntityTests" time="0.004"/>
  <testcase name="entityMap()" classname="org.springframework.test.web.reactive.server.samples.ResponseEntityTests" time="0.007"/>
  <testcase name="entityListWithConsumer()" classname="org.springframework.test.web.reactive.server.samples.ResponseEntityTests" time="0.009"/>
  <testcase name="entityWithConsumer()" classname="org.springframework.test.web.reactive.server.samples.ResponseEntityTests" time="0.007"/>
  <testcase name="entityMatcher()" classname="org.springframework.test.web.reactive.server.samples.ResponseEntityTests" time="0.008"/>
  <testcase name="entityStream()" classname="org.springframework.test.web.reactive.server.samples.ResponseEntityTests" time="0.808"/>
  <testcase name="postEntity()" classname="org.springframework.test.web.reactive.server.samples.ResponseEntityTests" time="0.004"/>
  <system-out><![CDATA[]]></system-out>
  <system-err><![CDATA[]]></system-err>
</testsuite>
