<?xml version="1.0" encoding="UTF-8"?>
<testsuite name="org.springframework.test.web.servlet.htmlunit.MockMvcConnectionBuilderSupportTests" tests="8" skipped="0" failures="0" errors="0" timestamp="2020-04-15T14:25:44" hostname="PandaroiddeiMac.local" time="0.032">
  <properties/>
  <testcase name="mockMvcExampleDotCom()" classname="org.springframework.test.web.servlet.htmlunit.MockMvcConnectionBuilderSupportTests" time="0.008"/>
  <testcase name="constructorMockMvcNull()" classname="org.springframework.test.web.servlet.htmlunit.MockMvcConnectionBuilderSupportTests" time="0.002"/>
  <testcase name="mockMvcAlwaysUseMockMvc()" classname="org.springframework.test.web.servlet.htmlunit.MockMvcConnectionBuilderSupportTests" time="0.002"/>
  <testcase name="constructorContextNull()" classname="org.springframework.test.web.servlet.htmlunit.MockMvcConnectionBuilderSupportTests" time="0.002"/>
  <testcase name="context()" classname="org.springframework.test.web.servlet.htmlunit.MockMvcConnectionBuilderSupportTests" time="0.001"/>
  <testcase name="mockMvc()" classname="org.springframework.test.web.servlet.htmlunit.MockMvcConnectionBuilderSupportTests" time="0.004"/>
  <testcase name="defaultContextPathEmpty()" classname="org.springframework.test.web.servlet.htmlunit.MockMvcConnectionBuilderSupportTests" time="0.002"/>
  <testcase name="defaultContextPathCustom()" classname="org.springframework.test.web.servlet.htmlunit.MockMvcConnectionBuilderSupportTests" time="0.006"/>
  <system-out><![CDATA[]]></system-out>
  <system-err><![CDATA[]]></system-err>
</testsuite>
