<?xml version="1.0" encoding="UTF-8"?>
<testsuite name="org.springframework.test.web.servlet.samples.standalone.resultmatchers.XpathAssertionTests" tests="7" skipped="0" failures="0" errors="0" timestamp="2020-04-15T14:25:38" hostname="PandaroiddeiMac.local" time="0.682">
  <properties/>
  <testcase name="testFeedWithLinefeedChars()" classname="org.springframework.test.web.servlet.samples.standalone.resultmatchers.XpathAssertionTests" time="0.076"/>
  <testcase name="testBoolean()" classname="org.springframework.test.web.servlet.samples.standalone.resultmatchers.XpathAssertionTests" time="0.267"/>
  <testcase name="testDoesNotExist()" classname="org.springframework.test.web.servlet.samples.standalone.resultmatchers.XpathAssertionTests" time="0.101"/>
  <testcase name="testNodeCount()" classname="org.springframework.test.web.servlet.samples.standalone.resultmatchers.XpathAssertionTests" time="0.064"/>
  <testcase name="testExists()" classname="org.springframework.test.web.servlet.samples.standalone.resultmatchers.XpathAssertionTests" time="0.042"/>
  <testcase name="testNumber()" classname="org.springframework.test.web.servlet.samples.standalone.resultmatchers.XpathAssertionTests" time="0.057"/>
  <testcase name="testString()" classname="org.springframework.test.web.servlet.samples.standalone.resultmatchers.XpathAssertionTests" time="0.071"/>
  <system-out><![CDATA[]]></system-out>
  <system-err><![CDATA[]]></system-err>
</testsuite>
