<?xml version="1.0" encoding="UTF-8"?>
<testsuite name="org.springframework.test.context.DynamicPropertySourceIntegrationTests" tests="2" skipped="0" failures="0" errors="0" timestamp="2020-04-15T14:21:31" hostname="PandaroiddeiMac.local" time="0.029">
  <properties/>
  <testcase name="serviceHasInjectedValues(Service)" classname="org.springframework.test.context.DynamicPropertySourceIntegrationTests" time="0.011"/>
  <testcase name="dynamicPropertySourceOverridesTestPropertySourceAndSystemProperty(ConfigurableEnvironment)" classname="org.springframework.test.context.DynamicPropertySourceIntegrationTests" time="0.017"/>
  <system-out><![CDATA[]]></system-out>
  <system-err><![CDATA[]]></system-err>
</testsuite>
