<?xml version="1.0" encoding="UTF-8"?>
<testsuite name="org.springframework.test.context.junit4.rules.Subclass1AppCtxRuleTests" tests="2" skipped="0" failures="0" errors="0" timestamp="2020-04-15T14:26:08" hostname="PandaroiddeiMac.local" time="0.047">
  <properties/>
  <testcase name="bar" classname="org.springframework.test.context.junit4.rules.Subclass1AppCtxRuleTests" time="0.045"/>
  <testcase name="foo" classname="org.springframework.test.context.junit4.rules.Subclass1AppCtxRuleTests" time="0.001"/>
  <system-out><![CDATA[]]></system-out>
  <system-err><![CDATA[]]></system-err>
</testsuite>
