<?xml version="1.0" encoding="UTF-8"?>
<testsuite name="org.springframework.test.web.reactive.server.samples.ExchangeMutatorTests" tests="2" skipped="0" failures="0" errors="0" timestamp="2020-04-15T14:25:47" hostname="PandaroiddeiMac.local" time="0.082">
  <properties/>
  <testcase name="useGloballyConfiguredIdentity()" classname="org.springframework.test.web.reactive.server.samples.ExchangeMutatorTests" time="0.05"/>
  <testcase name="useLocallyConfiguredIdentity()" classname="org.springframework.test.web.reactive.server.samples.ExchangeMutatorTests" time="0.032"/>
  <system-out><![CDATA[]]></system-out>
  <system-err><![CDATA[]]></system-err>
</testsuite>
