<?xml version="1.0" encoding="UTF-8"?>
<testsuite name="org.springframework.test.web.reactive.server.DefaultControllerSpecTests" tests="4" skipped="0" failures="0" errors="0" timestamp="2020-04-15T14:25:44" hostname="PandaroiddeiMac.local" time="0.415">
  <properties/>
  <testcase name="controllerAdvice()" classname="org.springframework.test.web.reactive.server.DefaultControllerSpecTests" time="0.26"/>
  <testcase name="controllerAdviceWithClassArgument()" classname="org.springframework.test.web.reactive.server.DefaultControllerSpecTests" time="0.055"/>
  <testcase name="controller()" classname="org.springframework.test.web.reactive.server.DefaultControllerSpecTests" time="0.046"/>
  <testcase name="configurerConsumers()" classname="org.springframework.test.web.reactive.server.DefaultControllerSpecTests" time="0.054"/>
  <system-out><![CDATA[]]></system-out>
  <system-err><![CDATA[]]></system-err>
</testsuite>
