<?xml version="1.0" encoding="UTF-8"?>
<testsuite name="org.springframework.test.context.transaction.ejb.RollbackForRequiresNewEjbTxDaoTests" tests="3" skipped="0" failures="0" errors="0" timestamp="2020-04-15T14:21:22" hostname="PandaroiddeiMac.local" time="0.557">
  <properties/>
  <testcase name="test1InitialState()" classname="org.springframework.test.context.transaction.ejb.RollbackForRequiresNewEjbTxDaoTests" time="0.496"/>
  <testcase name="test2IncrementCount1()" classname="org.springframework.test.context.transaction.ejb.RollbackForRequiresNewEjbTxDaoTests" time="0.022"/>
  <testcase name="test3IncrementCount2()" classname="org.springframework.test.context.transaction.ejb.RollbackForRequiresNewEjbTxDaoTests" time="0.036"/>
  <system-out><![CDATA[]]></system-out>
  <system-err><![CDATA[]]></system-err>
</testsuite>
