<?xml version="1.0" encoding="UTF-8"?>
<testsuite name="org.springframework.test.web.servlet.samples.standalone.AsyncTests" tests="10" skipped="0" failures="0" errors="0" timestamp="2020-04-15T14:25:35" hostname="PandaroiddeiMac.local" time="0.703">
  <properties/>
  <testcase name="printAsyncResult()" classname="org.springframework.test.web.servlet.samples.standalone.AsyncTests" time="0.014"/>
  <testcase name="streaming()" classname="org.springframework.test.web.servlet.samples.standalone.AsyncTests" time="0.003"/>
  <testcase name="callable()" classname="org.springframework.test.web.servlet.samples.standalone.AsyncTests" time="0.01"/>
  <testcase name="completableFutureWithImmediateValue()" classname="org.springframework.test.web.servlet.samples.standalone.AsyncTests" time="0.007"/>
  <testcase name="listenableFuture()" classname="org.springframework.test.web.servlet.samples.standalone.AsyncTests" time="0.012"/>
  <testcase name="deferredResultWithImmediateValue()" classname="org.springframework.test.web.servlet.samples.standalone.AsyncTests" time="0.004"/>
  <testcase name="deferredResult()" classname="org.springframework.test.web.servlet.samples.standalone.AsyncTests" time="0.004"/>
  <testcase name="streamingJson()" classname="org.springframework.test.web.servlet.samples.standalone.AsyncTests" time="0.005"/>
  <testcase name="streamingSlow()" classname="org.springframework.test.web.servlet.samples.standalone.AsyncTests" time="0.206"/>
  <testcase name="deferredResultWithDelayedError()" classname="org.springframework.test.web.servlet.samples.standalone.AsyncTests" time="0.115"/>
  <system-out><![CDATA[]]></system-out>
  <system-err><![CDATA[]]></system-err>
</testsuite>
