<?xml version="1.0" encoding="UTF-8"?>
<testsuite name="org.springframework.test.web.servlet.setup.DefaultMockMvcBuilderTests" tests="8" skipped="0" failures="0" errors="0" timestamp="2020-04-15T14:25:31" hostname="PandaroiddeiMac.local" time="0.044">
  <properties/>
  <testcase name="rootWacServletContainerAttributePreviouslySet()" classname="org.springframework.test.web.servlet.setup.DefaultMockMvcBuilderTests" time="0.005"/>
  <testcase name="webAppContextSetupWithNullServletContext()" classname="org.springframework.test.web.servlet.setup.DefaultMockMvcBuilderTests" time="0.0"/>
  <testcase name="rootWacServletContainerAttributeNotPreviouslySetWithContextHierarchy()" classname="org.springframework.test.web.servlet.setup.DefaultMockMvcBuilderTests" time="0.001"/>
  <testcase name="dispatcherServletCustomizer()" classname="org.springframework.test.web.servlet.setup.DefaultMockMvcBuilderTests" time="0.014"/>
  <testcase name="rootWacServletContainerAttributeNotPreviouslySet()" classname="org.springframework.test.web.servlet.setup.DefaultMockMvcBuilderTests" time="0.0"/>
  <testcase name="webAppContextSetupWithNullWac()" classname="org.springframework.test.web.servlet.setup.DefaultMockMvcBuilderTests" time="0.0"/>
  <testcase name="rootWacServletContainerAttributePreviouslySetWithContextHierarchy()" classname="org.springframework.test.web.servlet.setup.DefaultMockMvcBuilderTests" time="0.001"/>
  <testcase name="dispatcherServletCustomizerProcessedInOrder()" classname="org.springframework.test.web.servlet.setup.DefaultMockMvcBuilderTests" time="0.019"/>
  <system-out><![CDATA[]]></system-out>
  <system-err><![CDATA[]]></system-err>
</testsuite>
