<?xml version="1.0" encoding="UTF-8"?>
<testsuite name="org.springframework.test.web.servlet.result.StatusResultMatchersExtensionsTests" tests="2" skipped="0" failures="0" errors="0" timestamp="2020-04-15T14:26:02" hostname="PandaroiddeiMac.local" time="1.443">
  <properties/>
  <testcase name="StatusResultMatchers#is with int parameter is called as expected when using isEqualTo extension()" classname="org.springframework.test.web.servlet.result.StatusResultMatchersExtensionsTests" time="1.275"/>
  <testcase name="StatusResultMatchers#is with Matcher parameter is called as expected when using isEqualTo extension()" classname="org.springframework.test.web.servlet.result.StatusResultMatchersExtensionsTests" time="0.154"/>
  <system-out><![CDATA[]]></system-out>
  <system-err><![CDATA[]]></system-err>
</testsuite>
