<?xml version="1.0" encoding="UTF-8"?>
<testsuite name="org.springframework.test.context.cache.ClassLevelDirtiesContextTestNGTests" tests="1" skipped="0" failures="0" errors="0" timestamp="2020-04-15T14:21:31" hostname="PandaroiddeiMac.local" time="222.443">
  <properties/>
  <testcase name="verifyDirtiesContextBehavior()" classname="org.springframework.test.context.cache.ClassLevelDirtiesContextTestNGTests" time="222.443"/>
  <system-out><![CDATA[]]></system-out>
  <system-err><![CDATA[]]></system-err>
</testsuite>
