<?xml version="1.0" encoding="UTF-8"?>
<testsuite name="org.springframework.test.context.jdbc.MetaAnnotationSqlScriptsTests" tests="2" skipped="0" failures="0" errors="0" timestamp="2020-04-15T14:25:25" hostname="PandaroiddeiMac.local" time="0.009">
  <properties/>
  <testcase name="metaSqlAnnotation()" classname="org.springframework.test.context.jdbc.MetaAnnotationSqlScriptsTests" time="0.003"/>
  <testcase name="metaSqlGroupAnnotation()" classname="org.springframework.test.context.jdbc.MetaAnnotationSqlScriptsTests" time="0.006"/>
  <system-out><![CDATA[]]></system-out>
  <system-err><![CDATA[]]></system-err>
</testsuite>
