<?xml version="1.0" encoding="UTF-8"?>
<testsuite name="org.springframework.test.web.reactive.server.DefaultRouterFunctionSpecTests" tests="2" skipped="0" failures="0" errors="0" timestamp="2020-04-15T14:25:53" hostname="PandaroiddeiMac.local" time="0.038">
  <properties/>
  <testcase name="webFilter()" classname="org.springframework.test.web.reactive.server.DefaultRouterFunctionSpecTests" time="0.012"/>
  <testcase name="exceptionHandler()" classname="org.springframework.test.web.reactive.server.DefaultRouterFunctionSpecTests" time="0.026"/>
  <system-out><![CDATA[]]></system-out>
  <system-err><![CDATA[]]></system-err>
</testsuite>
