<?xml version="1.0" encoding="UTF-8"?>
<testsuite name="org.springframework.test.web.client.samples.matchers.XpathRequestMatchersIntegrationTests" tests="6" skipped="0" failures="0" errors="0" timestamp="2020-04-15T14:25:54" hostname="PandaroiddeiMac.local" time="0.171">
  <properties/>
  <testcase name="testBoolean()" classname="org.springframework.test.web.client.samples.matchers.XpathRequestMatchersIntegrationTests" time="0.015"/>
  <testcase name="testDoesNotExist()" classname="org.springframework.test.web.client.samples.matchers.XpathRequestMatchersIntegrationTests" time="0.028"/>
  <testcase name="testNodeCount()" classname="org.springframework.test.web.client.samples.matchers.XpathRequestMatchersIntegrationTests" time="0.024"/>
  <testcase name="testExists()" classname="org.springframework.test.web.client.samples.matchers.XpathRequestMatchersIntegrationTests" time="0.038"/>
  <testcase name="testNumber()" classname="org.springframework.test.web.client.samples.matchers.XpathRequestMatchersIntegrationTests" time="0.031"/>
  <testcase name="testString()" classname="org.springframework.test.web.client.samples.matchers.XpathRequestMatchersIntegrationTests" time="0.028"/>
  <system-out><![CDATA[]]></system-out>
  <system-err><![CDATA[]]></system-err>
</testsuite>
