<?xml version="1.0" encoding="UTF-8"?>
<testsuite name="org.springframework.test.context.junit.jupiter.transaction.TimedTransactionalSpringExtensionTests" tests="1" skipped="0" failures="0" errors="0" timestamp="2020-04-15T14:25:15" hostname="PandaroiddeiMac.local" time="0.206">
  <properties/>
  <testcase name="springTransactionsWorkWithJUnitJupiterTimeouts()" classname="org.springframework.test.context.junit.jupiter.transaction.TimedTransactionalSpringExtensionTests" time="0.206"/>
  <system-out><![CDATA[]]></system-out>
  <system-err><![CDATA[]]></system-err>
</testsuite>
