<?xml version="1.0" encoding="UTF-8"?>
<testsuite name="org.springframework.test.web.servlet.samples.standalone.resultmatchers.CookieAssertionTests" tests="10" skipped="0" failures="0" errors="0" timestamp="2020-04-15T14:25:39" hostname="PandaroiddeiMac.local" time="0.305">
  <properties/>
  <testcase name="testEqualTo()" classname="org.springframework.test.web.servlet.samples.standalone.resultmatchers.CookieAssertionTests" time="0.035"/>
  <testcase name="testPath()" classname="org.springframework.test.web.servlet.samples.standalone.resultmatchers.CookieAssertionTests" time="0.024"/>
  <testcase name="testVersion()" classname="org.springframework.test.web.servlet.samples.standalone.resultmatchers.CookieAssertionTests" time="0.041"/>
  <testcase name="testMatcher()" classname="org.springframework.test.web.servlet.samples.standalone.resultmatchers.CookieAssertionTests" time="0.024"/>
  <testcase name="testHttpOnly()" classname="org.springframework.test.web.servlet.samples.standalone.resultmatchers.CookieAssertionTests" time="0.025"/>
  <testcase name="testDomain()" classname="org.springframework.test.web.servlet.samples.standalone.resultmatchers.CookieAssertionTests" time="0.023"/>
  <testcase name="testExists()" classname="org.springframework.test.web.servlet.samples.standalone.resultmatchers.CookieAssertionTests" time="0.025"/>
  <testcase name="testMaxAge()" classname="org.springframework.test.web.servlet.samples.standalone.resultmatchers.CookieAssertionTests" time="0.03"/>
  <testcase name="testNotExists()" classname="org.springframework.test.web.servlet.samples.standalone.resultmatchers.CookieAssertionTests" time="0.045"/>
  <testcase name="testSecured()" classname="org.springframework.test.web.servlet.samples.standalone.resultmatchers.CookieAssertionTests" time="0.032"/>
  <system-out><![CDATA[]]></system-out>
  <system-err><![CDATA[]]></system-err>
</testsuite>
