<?xml version="1.0" encoding="UTF-8"?>
<testsuite name="org.springframework.test.context.transaction.ejb.RollbackForRequiredEjbTxDaoTests" tests="3" skipped="0" failures="0" errors="0" timestamp="2020-04-15T14:21:26" hostname="PandaroiddeiMac.local" time="0.021">
  <properties/>
  <testcase name="test1InitialState()" classname="org.springframework.test.context.transaction.ejb.RollbackForRequiredEjbTxDaoTests" time="0.005"/>
  <testcase name="test2IncrementCount1()" classname="org.springframework.test.context.transaction.ejb.RollbackForRequiredEjbTxDaoTests" time="0.004"/>
  <testcase name="test3IncrementCount2()" classname="org.springframework.test.context.transaction.ejb.RollbackForRequiredEjbTxDaoTests" time="0.01"/>
  <system-out><![CDATA[]]></system-out>
  <system-err><![CDATA[]]></system-err>
</testsuite>
