<?xml version="1.0" encoding="UTF-8"?>
<testsuite name="org.springframework.mock.jndi.SimpleNamingContextTests" tests="2" skipped="0" failures="0" errors="0" timestamp="2020-04-15T14:25:55" hostname="PandaroiddeiMac.local" time="0.009">
  <properties/>
  <testcase name="namingContextBuilder()" classname="org.springframework.mock.jndi.SimpleNamingContextTests" time="0.008"/>
  <testcase name="createInitialContext()" classname="org.springframework.mock.jndi.SimpleNamingContextTests" time="0.001"/>
  <system-out><![CDATA[]]></system-out>
  <system-err><![CDATA[]]></system-err>
</testsuite>
