<?xml version="1.0" encoding="UTF-8"?>
<testsuite name="org.springframework.messaging.rsocket.DefaultRSocketRequesterBuilderTests" tests="9" skipped="0" failures="0" errors="0" timestamp="2020-04-15T14:22:58" hostname="PandaroiddeiMac.local" time="0.039">
  <properties/>
  <testcase name="setupWithAsyncValues()" classname="org.springframework.messaging.rsocket.DefaultRSocketRequesterBuilderTests" time="0.016"/>
  <testcase name="defaultDataMimeTypeWithCustomDecoderRegistered()" classname="org.springframework.messaging.rsocket.DefaultRSocketRequesterBuilderTests" time="0.002"/>
  <testcase name="dataMimeTypeExplicitlySet()" classname="org.springframework.messaging.rsocket.DefaultRSocketRequesterBuilderTests" time="0.005"/>
  <testcase name="frameDecoderMatchesDataBufferFactory()" classname="org.springframework.messaging.rsocket.DefaultRSocketRequesterBuilderTests" time="0.003"/>
  <testcase name="mimeTypesCannotBeChangedAtRSocketFactoryLevel()" classname="org.springframework.messaging.rsocket.DefaultRSocketRequesterBuilderTests" time="0.002"/>
  <testcase name="defaultDataMimeType()" classname="org.springframework.messaging.rsocket.DefaultRSocketRequesterBuilderTests" time="0.001"/>
  <testcase name="setupRoute()" classname="org.springframework.messaging.rsocket.DefaultRSocketRequesterBuilderTests" time="0.002"/>
  <testcase name="rsocketFactoryConfigurer()" classname="org.springframework.messaging.rsocket.DefaultRSocketRequesterBuilderTests" time="0.003"/>
  <testcase name="rsocketFactoryConfigurerAppliesAtSubscription()" classname="org.springframework.messaging.rsocket.DefaultRSocketRequesterBuilderTests" time="0.001"/>
  <system-out><![CDATA[]]></system-out>
  <system-err><![CDATA[java.nio.channels.ClosedChannelException
java.nio.channels.ClosedChannelException
java.nio.channels.ClosedChannelException
java.nio.channels.ClosedChannelException
java.nio.channels.ClosedChannelException
java.nio.channels.ClosedChannelException
java.nio.channels.ClosedChannelException
java.nio.channels.ClosedChannelException
java.nio.channels.ClosedChannelException
]]></system-err>
</testsuite>
