<?xml version="1.0" encoding="UTF-8"?>
<testsuite name="org.springframework.context.annotation.jsr330.ClassPathBeanDefinitionScannerJsr330ScopeIntegrationTests" tests="10" skipped="0" failures="0" errors="0" timestamp="2020-04-15T13:44:10" hostname="PandaroiddeiMac.local" time="0.298">
  <properties/>
  <testcase name="testSingletonScopeWithNoProxy()" classname="org.springframework.context.annotation.jsr330.ClassPathBeanDefinitionScannerJsr330ScopeIntegrationTests" time="0.046"/>
  <testcase name="testSessionScopeWithNoProxy()" classname="org.springframework.context.annotation.jsr330.ClassPathBeanDefinitionScannerJsr330ScopeIntegrationTests" time="0.012"/>
  <testcase name="testSingletonScopeIgnoresProxyInterfaces()" classname="org.springframework.context.annotation.jsr330.ClassPathBeanDefinitionScannerJsr330ScopeIntegrationTests" time="0.046"/>
  <testcase name="testRequestScopeWithNoProxy()" classname="org.springframework.context.annotation.jsr330.ClassPathBeanDefinitionScannerJsr330ScopeIntegrationTests" time="0.022"/>
  <testcase name="testSessionScopeWithProxiedTargetClass()" classname="org.springframework.context.annotation.jsr330.ClassPathBeanDefinitionScannerJsr330ScopeIntegrationTests" time="0.036"/>
  <testcase name="testRequestScopeWithProxiedTargetClass()" classname="org.springframework.context.annotation.jsr330.ClassPathBeanDefinitionScannerJsr330ScopeIntegrationTests" time="0.012"/>
  <testcase name="testPrototype()" classname="org.springframework.context.annotation.jsr330.ClassPathBeanDefinitionScannerJsr330ScopeIntegrationTests" time="0.008"/>
  <testcase name="testRequestScopeWithProxiedInterfaces()" classname="org.springframework.context.annotation.jsr330.ClassPathBeanDefinitionScannerJsr330ScopeIntegrationTests" time="0.014"/>
  <testcase name="testSingletonScopeIgnoresProxyTargetClass()" classname="org.springframework.context.annotation.jsr330.ClassPathBeanDefinitionScannerJsr330ScopeIntegrationTests" time="0.026"/>
  <testcase name="testSessionScopeWithProxiedInterfaces()" classname="org.springframework.context.annotation.jsr330.ClassPathBeanDefinitionScannerJsr330ScopeIntegrationTests" time="0.011"/>
  <system-out><![CDATA[21:44:10.011 [Test worker] DEBUG o.s.c.a.ClassPathBeanDefinitionScanner - Identified candidate component class: file [/Users/pandaroid/Dev/GitRepos/MyGitHub/PandaroidSpring/spring-framework-5.0.x/Spring-Framework/integration-tests/build/classes/java/test/org/springframework/context/annotation/jsr330/ClassPathBeanDefinitionScannerJsr330ScopeIntegrationTests$PrototypeScopedTestBean.class]
21:44:10.013 [Test worker] DEBUG o.s.c.a.ClassPathBeanDefinitionScanner - Identified candidate component class: file [/Users/pandaroid/Dev/GitRepos/MyGitHub/PandaroidSpring/spring-framework-5.0.x/Spring-Framework/integration-tests/build/classes/java/test/org/springframework/context/annotation/jsr330/ClassPathBeanDefinitionScannerJsr330ScopeIntegrationTests$RequestScopedTestBean.class]
21:44:10.044 [Test worker] DEBUG o.s.c.a.ClassPathBeanDefinitionScanner - Identified candidate component class: file [/Users/pandaroid/Dev/GitRepos/MyGitHub/PandaroidSpring/spring-framework-5.0.x/Spring-Framework/integration-tests/build/classes/java/test/org/springframework/context/annotation/jsr330/ClassPathBeanDefinitionScannerJsr330ScopeIntegrationTests$SessionScopedTestBean.class]
21:44:10.045 [Test worker] DEBUG o.s.c.a.ClassPathBeanDefinitionScanner - Identified candidate component class: file [/Users/pandaroid/Dev/GitRepos/MyGitHub/PandaroidSpring/spring-framework-5.0.x/Spring-Framework/integration-tests/build/classes/java/test/org/springframework/context/annotation/jsr330/ClassPathBeanDefinitionScannerJsr330ScopeIntegrationTests$SingletonScopedTestBean.class]
21:44:10.048 [Test worker] DEBUG o.s.c.a.ClassPathBeanDefinitionScanner - Identified candidate component class: file [/Users/pandaroid/Dev/GitRepos/MyGitHub/PandaroidSpring/spring-framework-5.0.x/Spring-Framework/integration-tests/build/classes/java/test/org/springframework/context/annotation/jsr330/ClassPathBeanDefinitionScannerJsr330ScopeIntegrationTests$PrototypeScopedTestBean.class]
21:44:10.048 [Test worker] DEBUG o.s.c.a.ClassPathBeanDefinitionScanner - Identified candidate component class: file [/Users/pandaroid/Dev/GitRepos/MyGitHub/PandaroidSpring/spring-framework-5.0.x/Spring-Framework/integration-tests/build/classes/java/test/org/springframework/context/annotation/jsr330/ClassPathBeanDefinitionScannerJsr330ScopeIntegrationTests$RequestScopedTestBean.class]
21:44:10.049 [Test worker] DEBUG o.s.c.a.ClassPathBeanDefinitionScanner - Identified candidate component class: file [/Users/pandaroid/Dev/GitRepos/MyGitHub/PandaroidSpring/spring-framework-5.0.x/Spring-Framework/integration-tests/build/classes/java/test/org/springframework/context/annotation/jsr330/ClassPathBeanDefinitionScannerJsr330ScopeIntegrationTests$SessionScopedTestBean.class]
21:44:10.049 [Test worker] DEBUG o.s.c.a.ClassPathBeanDefinitionScanner - Identified candidate component class: file [/Users/pandaroid/Dev/GitRepos/MyGitHub/PandaroidSpring/spring-framework-5.0.x/Spring-Framework/integration-tests/build/classes/java/test/org/springframework/context/annotation/jsr330/ClassPathBeanDefinitionScannerJsr330ScopeIntegrationTests$SingletonScopedTestBean.class]
21:44:10.050 [Test worker] DEBUG o.s.w.c.s.GenericWebApplicationContext - Refreshing org.springframework.web.context.support.GenericWebApplicationContext@126af71b
21:44:10.050 [Test worker] DEBUG o.s.u.c.s.UiApplicationContextUtils - Unable to locate ThemeSource with name 'themeSource': using default [org.springframework.ui.context.support.ResourceBundleThemeSource@78509c1]
21:44:10.050 [Test worker] DEBUG o.s.b.f.s.DefaultListableBeanFactory - Creating shared instance of singleton bean 'singleton'
21:44:10.055 [Test worker] DEBUG o.s.c.a.ClassPathBeanDefinitionScanner - Identified candidate component class: file [/Users/pandaroid/Dev/GitRepos/MyGitHub/PandaroidSpring/spring-framework-5.0.x/Spring-Framework/integration-tests/build/classes/java/test/org/springframework/context/annotation/jsr330/ClassPathBeanDefinitionScannerJsr330ScopeIntegrationTests$PrototypeScopedTestBean.class]
21:44:10.058 [Test worker] DEBUG o.s.c.a.ClassPathBeanDefinitionScanner - Identified candidate component class: file [/Users/pandaroid/Dev/GitRepos/MyGitHub/PandaroidSpring/spring-framework-5.0.x/Spring-Framework/integration-tests/build/classes/java/test/org/springframework/context/annotation/jsr330/ClassPathBeanDefinitionScannerJsr330ScopeIntegrationTests$RequestScopedTestBean.class]
21:44:10.059 [Test worker] DEBUG o.s.c.a.ClassPathBeanDefinitionScanner - Identified candidate component class: file [/Users/pandaroid/Dev/GitRepos/MyGitHub/PandaroidSpring/spring-framework-5.0.x/Spring-Framework/integration-tests/build/classes/java/test/org/springframework/context/annotation/jsr330/ClassPathBeanDefinitionScannerJsr330ScopeIntegrationTests$SessionScopedTestBean.class]
21:44:10.060 [Test worker] DEBUG o.s.c.a.ClassPathBeanDefinitionScanner - Identified candidate component class: file [/Users/pandaroid/Dev/GitRepos/MyGitHub/PandaroidSpring/spring-framework-5.0.x/Spring-Framework/integration-tests/build/classes/java/test/org/springframework/context/annotation/jsr330/ClassPathBeanDefinitionScannerJsr330ScopeIntegrationTests$SingletonScopedTestBean.class]
21:44:10.062 [Test worker] DEBUG o.s.c.a.ClassPathBeanDefinitionScanner - Identified candidate component class: file [/Users/pandaroid/Dev/GitRepos/MyGitHub/PandaroidSpring/spring-framework-5.0.x/Spring-Framework/integration-tests/build/classes/java/test/org/springframework/context/annotation/jsr330/ClassPathBeanDefinitionScannerJsr330ScopeIntegrationTests$PrototypeScopedTestBean.class]
21:44:10.062 [Test worker] DEBUG o.s.c.a.ClassPathBeanDefinitionScanner - Identified candidate component class: file [/Users/pandaroid/Dev/GitRepos/MyGitHub/PandaroidSpring/spring-framework-5.0.x/Spring-Framework/integration-tests/build/classes/java/test/org/springframework/context/annotation/jsr330/ClassPathBeanDefinitionScannerJsr330ScopeIntegrationTests$RequestScopedTestBean.class]
21:44:10.062 [Test worker] DEBUG o.s.c.a.ClassPathBeanDefinitionScanner - Identified candidate component class: file [/Users/pandaroid/Dev/GitRepos/MyGitHub/PandaroidSpring/spring-framework-5.0.x/Spring-Framework/integration-tests/build/classes/java/test/org/springframework/context/annotation/jsr330/ClassPathBeanDefinitionScannerJsr330ScopeIntegrationTests$SessionScopedTestBean.class]
21:44:10.062 [Test worker] DEBUG o.s.c.a.ClassPathBeanDefinitionScanner - Identified candidate component class: file [/Users/pandaroid/Dev/GitRepos/MyGitHub/PandaroidSpring/spring-framework-5.0.x/Spring-Framework/integration-tests/build/classes/java/test/org/springframework/context/annotation/jsr330/ClassPathBeanDefinitionScannerJsr330ScopeIntegrationTests$SingletonScopedTestBean.class]
21:44:10.063 [Test worker] DEBUG o.s.w.c.s.GenericWebApplicationContext - Refreshing org.springframework.web.context.support.GenericWebApplicationContext@32ac7589
21:44:10.063 [Test worker] DEBUG o.s.u.c.s.UiApplicationContextUtils - Unable to locate ThemeSource with name 'themeSource': using default [org.springframework.ui.context.support.ResourceBundleThemeSource@4a1234f8]
21:44:10.063 [Test worker] DEBUG o.s.b.f.s.DefaultListableBeanFactory - Creating shared instance of singleton bean 'singleton'
21:44:10.069 [Test worker] DEBUG o.s.c.a.ClassPathBeanDefinitionScanner - Identified candidate component class: file [/Users/pandaroid/Dev/GitRepos/MyGitHub/PandaroidSpring/spring-framework-5.0.x/Spring-Framework/integration-tests/build/classes/java/test/org/springframework/context/annotation/jsr330/ClassPathBeanDefinitionScannerJsr330ScopeIntegrationTests$PrototypeScopedTestBean.class]
21:44:10.100 [Test worker] DEBUG o.s.c.a.ClassPathBeanDefinitionScanner - Identified candidate component class: file [/Users/pandaroid/Dev/GitRepos/MyGitHub/PandaroidSpring/spring-framework-5.0.x/Spring-Framework/integration-tests/build/classes/java/test/org/springframework/context/annotation/jsr330/ClassPathBeanDefinitionScannerJsr330ScopeIntegrationTests$RequestScopedTestBean.class]
21:44:10.101 [Test worker] DEBUG o.s.c.a.ClassPathBeanDefinitionScanner - Identified candidate component class: file [/Users/pandaroid/Dev/GitRepos/MyGitHub/PandaroidSpring/spring-framework-5.0.x/Spring-Framework/integration-tests/build/classes/java/test/org/springframework/context/annotation/jsr330/ClassPathBeanDefinitionScannerJsr330ScopeIntegrationTests$SessionScopedTestBean.class]
21:44:10.102 [Test worker] DEBUG o.s.c.a.ClassPathBeanDefinitionScanner - Identified candidate component class: file [/Users/pandaroid/Dev/GitRepos/MyGitHub/PandaroidSpring/spring-framework-5.0.x/Spring-Framework/integration-tests/build/classes/java/test/org/springframework/context/annotation/jsr330/ClassPathBeanDefinitionScannerJsr330ScopeIntegrationTests$SingletonScopedTestBean.class]
21:44:10.104 [Test worker] DEBUG o.s.c.a.ClassPathBeanDefinitionScanner - Identified candidate component class: file [/Users/pandaroid/Dev/GitRepos/MyGitHub/PandaroidSpring/spring-framework-5.0.x/Spring-Framework/integration-tests/build/classes/java/test/org/springframework/context/annotation/jsr330/ClassPathBeanDefinitionScannerJsr330ScopeIntegrationTests$PrototypeScopedTestBean.class]
21:44:10.104 [Test worker] DEBUG o.s.c.a.ClassPathBeanDefinitionScanner - Identified candidate component class: file [/Users/pandaroid/Dev/GitRepos/MyGitHub/PandaroidSpring/spring-framework-5.0.x/Spring-Framework/integration-tests/build/classes/java/test/org/springframework/context/annotation/jsr330/ClassPathBeanDefinitionScannerJsr330ScopeIntegrationTests$RequestScopedTestBean.class]
21:44:10.105 [Test worker] DEBUG o.s.c.a.ClassPathBeanDefinitionScanner - Identified candidate component class: file [/Users/pandaroid/Dev/GitRepos/MyGitHub/PandaroidSpring/spring-framework-5.0.x/Spring-Framework/integration-tests/build/classes/java/test/org/springframework/context/annotation/jsr330/ClassPathBeanDefinitionScannerJsr330ScopeIntegrationTests$SessionScopedTestBean.class]
21:44:10.105 [Test worker] DEBUG o.s.c.a.ClassPathBeanDefinitionScanner - Identified candidate component class: file [/Users/pandaroid/Dev/GitRepos/MyGitHub/PandaroidSpring/spring-framework-5.0.x/Spring-Framework/integration-tests/build/classes/java/test/org/springframework/context/annotation/jsr330/ClassPathBeanDefinitionScannerJsr330ScopeIntegrationTests$SingletonScopedTestBean.class]
21:44:10.107 [Test worker] DEBUG o.s.w.c.s.GenericWebApplicationContext - Refreshing org.springframework.web.context.support.GenericWebApplicationContext@439bda23
21:44:10.108 [Test worker] DEBUG o.s.u.c.s.UiApplicationContextUtils - Unable to locate ThemeSource with name 'themeSource': using default [org.springframework.ui.context.support.ResourceBundleThemeSource@76b19387]
21:44:10.108 [Test worker] DEBUG o.s.b.f.s.DefaultListableBeanFactory - Creating shared instance of singleton bean 'request'
21:44:10.111 [Test worker] DEBUG o.s.b.f.s.DefaultListableBeanFactory - Creating shared instance of singleton bean 'classPathBeanDefinitionScannerJsr330ScopeIntegrationTests.SessionScopedTestBean'
21:44:10.111 [Test worker] DEBUG o.s.b.f.s.DefaultListableBeanFactory - Creating shared instance of singleton bean 'singleton'
21:44:10.126 [Test worker] DEBUG o.s.c.a.ClassPathBeanDefinitionScanner - Identified candidate component class: file [/Users/pandaroid/Dev/GitRepos/MyGitHub/PandaroidSpring/spring-framework-5.0.x/Spring-Framework/integration-tests/build/classes/java/test/org/springframework/context/annotation/jsr330/ClassPathBeanDefinitionScannerJsr330ScopeIntegrationTests$PrototypeScopedTestBean.class]
21:44:10.126 [Test worker] DEBUG o.s.c.a.ClassPathBeanDefinitionScanner - Identified candidate component class: file [/Users/pandaroid/Dev/GitRepos/MyGitHub/PandaroidSpring/spring-framework-5.0.x/Spring-Framework/integration-tests/build/classes/java/test/org/springframework/context/annotation/jsr330/ClassPathBeanDefinitionScannerJsr330ScopeIntegrationTests$RequestScopedTestBean.class]
21:44:10.127 [Test worker] DEBUG o.s.c.a.ClassPathBeanDefinitionScanner - Identified candidate component class: file [/Users/pandaroid/Dev/GitRepos/MyGitHub/PandaroidSpring/spring-framework-5.0.x/Spring-Framework/integration-tests/build/classes/java/test/org/springframework/context/annotation/jsr330/ClassPathBeanDefinitionScannerJsr330ScopeIntegrationTests$SessionScopedTestBean.class]
21:44:10.127 [Test worker] DEBUG o.s.c.a.ClassPathBeanDefinitionScanner - Identified candidate component class: file [/Users/pandaroid/Dev/GitRepos/MyGitHub/PandaroidSpring/spring-framework-5.0.x/Spring-Framework/integration-tests/build/classes/java/test/org/springframework/context/annotation/jsr330/ClassPathBeanDefinitionScannerJsr330ScopeIntegrationTests$SingletonScopedTestBean.class]
21:44:10.131 [Test worker] DEBUG o.s.c.a.ClassPathBeanDefinitionScanner - Identified candidate component class: file [/Users/pandaroid/Dev/GitRepos/MyGitHub/PandaroidSpring/spring-framework-5.0.x/Spring-Framework/integration-tests/build/classes/java/test/org/springframework/context/annotation/jsr330/ClassPathBeanDefinitionScannerJsr330ScopeIntegrationTests$PrototypeScopedTestBean.class]
21:44:10.132 [Test worker] DEBUG o.s.c.a.ClassPathBeanDefinitionScanner - Identified candidate component class: file [/Users/pandaroid/Dev/GitRepos/MyGitHub/PandaroidSpring/spring-framework-5.0.x/Spring-Framework/integration-tests/build/classes/java/test/org/springframework/context/annotation/jsr330/ClassPathBeanDefinitionScannerJsr330ScopeIntegrationTests$RequestScopedTestBean.class]
21:44:10.132 [Test worker] DEBUG o.s.c.a.ClassPathBeanDefinitionScanner - Identified candidate component class: file [/Users/pandaroid/Dev/GitRepos/MyGitHub/PandaroidSpring/spring-framework-5.0.x/Spring-Framework/integration-tests/build/classes/java/test/org/springframework/context/annotation/jsr330/ClassPathBeanDefinitionScannerJsr330ScopeIntegrationTests$SessionScopedTestBean.class]
21:44:10.132 [Test worker] DEBUG o.s.c.a.ClassPathBeanDefinitionScanner - Identified candidate component class: file [/Users/pandaroid/Dev/GitRepos/MyGitHub/PandaroidSpring/spring-framework-5.0.x/Spring-Framework/integration-tests/build/classes/java/test/org/springframework/context/annotation/jsr330/ClassPathBeanDefinitionScannerJsr330ScopeIntegrationTests$SingletonScopedTestBean.class]
21:44:10.132 [Test worker] DEBUG o.s.w.c.s.GenericWebApplicationContext - Refreshing org.springframework.web.context.support.GenericWebApplicationContext@38d0759c
21:44:10.133 [Test worker] DEBUG o.s.u.c.s.UiApplicationContextUtils - Unable to locate ThemeSource with name 'themeSource': using default [org.springframework.ui.context.support.ResourceBundleThemeSource@478b2a62]
21:44:10.133 [Test worker] DEBUG o.s.b.f.s.DefaultListableBeanFactory - Creating shared instance of singleton bean 'singleton'
21:44:10.139 [Test worker] DEBUG o.s.c.a.ClassPathBeanDefinitionScanner - Identified candidate component class: file [/Users/pandaroid/Dev/GitRepos/MyGitHub/PandaroidSpring/spring-framework-5.0.x/Spring-Framework/integration-tests/build/classes/java/test/org/springframework/context/annotation/jsr330/ClassPathBeanDefinitionScannerJsr330ScopeIntegrationTests$PrototypeScopedTestBean.class]
21:44:10.139 [Test worker] DEBUG o.s.c.a.ClassPathBeanDefinitionScanner - Identified candidate component class: file [/Users/pandaroid/Dev/GitRepos/MyGitHub/PandaroidSpring/spring-framework-5.0.x/Spring-Framework/integration-tests/build/classes/java/test/org/springframework/context/annotation/jsr330/ClassPathBeanDefinitionScannerJsr330ScopeIntegrationTests$RequestScopedTestBean.class]
21:44:10.140 [Test worker] DEBUG o.s.c.a.ClassPathBeanDefinitionScanner - Identified candidate component class: file [/Users/pandaroid/Dev/GitRepos/MyGitHub/PandaroidSpring/spring-framework-5.0.x/Spring-Framework/integration-tests/build/classes/java/test/org/springframework/context/annotation/jsr330/ClassPathBeanDefinitionScannerJsr330ScopeIntegrationTests$SessionScopedTestBean.class]
21:44:10.140 [Test worker] DEBUG o.s.c.a.ClassPathBeanDefinitionScanner - Identified candidate component class: file [/Users/pandaroid/Dev/GitRepos/MyGitHub/PandaroidSpring/spring-framework-5.0.x/Spring-Framework/integration-tests/build/classes/java/test/org/springframework/context/annotation/jsr330/ClassPathBeanDefinitionScannerJsr330ScopeIntegrationTests$SingletonScopedTestBean.class]
21:44:10.150 [Test worker] DEBUG o.s.c.a.ClassPathBeanDefinitionScanner - Identified candidate component class: file [/Users/pandaroid/Dev/GitRepos/MyGitHub/PandaroidSpring/spring-framework-5.0.x/Spring-Framework/integration-tests/build/classes/java/test/org/springframework/context/annotation/jsr330/ClassPathBeanDefinitionScannerJsr330ScopeIntegrationTests$PrototypeScopedTestBean.class]
21:44:10.150 [Test worker] DEBUG o.s.c.a.ClassPathBeanDefinitionScanner - Identified candidate component class: file [/Users/pandaroid/Dev/GitRepos/MyGitHub/PandaroidSpring/spring-framework-5.0.x/Spring-Framework/integration-tests/build/classes/java/test/org/springframework/context/annotation/jsr330/ClassPathBeanDefinitionScannerJsr330ScopeIntegrationTests$RequestScopedTestBean.class]
21:44:10.152 [Test worker] DEBUG o.s.c.a.ClassPathBeanDefinitionScanner - Identified candidate component class: file [/Users/pandaroid/Dev/GitRepos/MyGitHub/PandaroidSpring/spring-framework-5.0.x/Spring-Framework/integration-tests/build/classes/java/test/org/springframework/context/annotation/jsr330/ClassPathBeanDefinitionScannerJsr330ScopeIntegrationTests$SessionScopedTestBean.class]
21:44:10.152 [Test worker] DEBUG o.s.c.a.ClassPathBeanDefinitionScanner - Identified candidate component class: file [/Users/pandaroid/Dev/GitRepos/MyGitHub/PandaroidSpring/spring-framework-5.0.x/Spring-Framework/integration-tests/build/classes/java/test/org/springframework/context/annotation/jsr330/ClassPathBeanDefinitionScannerJsr330ScopeIntegrationTests$SingletonScopedTestBean.class]
21:44:10.153 [Test worker] DEBUG o.s.w.c.s.GenericWebApplicationContext - Refreshing org.springframework.web.context.support.GenericWebApplicationContext@1a8f5584
21:44:10.153 [Test worker] DEBUG o.s.u.c.s.UiApplicationContextUtils - Unable to locate ThemeSource with name 'themeSource': using default [org.springframework.ui.context.support.ResourceBundleThemeSource@54d61d06]
21:44:10.154 [Test worker] DEBUG o.s.b.f.s.DefaultListableBeanFactory - Creating shared instance of singleton bean 'request'
21:44:10.159 [Test worker] DEBUG o.s.b.f.s.DefaultListableBeanFactory - Creating shared instance of singleton bean 'classPathBeanDefinitionScannerJsr330ScopeIntegrationTests.SessionScopedTestBean'
21:44:10.165 [Test worker] DEBUG o.s.b.f.s.DefaultListableBeanFactory - Creating shared instance of singleton bean 'singleton'
21:44:10.173 [Test worker] DEBUG o.s.c.a.ClassPathBeanDefinitionScanner - Identified candidate component class: file [/Users/pandaroid/Dev/GitRepos/MyGitHub/PandaroidSpring/spring-framework-5.0.x/Spring-Framework/integration-tests/build/classes/java/test/org/springframework/context/annotation/jsr330/ClassPathBeanDefinitionScannerJsr330ScopeIntegrationTests$PrototypeScopedTestBean.class]
21:44:10.174 [Test worker] DEBUG o.s.c.a.ClassPathBeanDefinitionScanner - Identified candidate component class: file [/Users/pandaroid/Dev/GitRepos/MyGitHub/PandaroidSpring/spring-framework-5.0.x/Spring-Framework/integration-tests/build/classes/java/test/org/springframework/context/annotation/jsr330/ClassPathBeanDefinitionScannerJsr330ScopeIntegrationTests$RequestScopedTestBean.class]
21:44:10.174 [Test worker] DEBUG o.s.c.a.ClassPathBeanDefinitionScanner - Identified candidate component class: file [/Users/pandaroid/Dev/GitRepos/MyGitHub/PandaroidSpring/spring-framework-5.0.x/Spring-Framework/integration-tests/build/classes/java/test/org/springframework/context/annotation/jsr330/ClassPathBeanDefinitionScannerJsr330ScopeIntegrationTests$SessionScopedTestBean.class]
21:44:10.175 [Test worker] DEBUG o.s.c.a.ClassPathBeanDefinitionScanner - Identified candidate component class: file [/Users/pandaroid/Dev/GitRepos/MyGitHub/PandaroidSpring/spring-framework-5.0.x/Spring-Framework/integration-tests/build/classes/java/test/org/springframework/context/annotation/jsr330/ClassPathBeanDefinitionScannerJsr330ScopeIntegrationTests$SingletonScopedTestBean.class]
21:44:10.177 [Test worker] DEBUG o.s.c.a.ClassPathBeanDefinitionScanner - Identified candidate component class: file [/Users/pandaroid/Dev/GitRepos/MyGitHub/PandaroidSpring/spring-framework-5.0.x/Spring-Framework/integration-tests/build/classes/java/test/org/springframework/context/annotation/jsr330/ClassPathBeanDefinitionScannerJsr330ScopeIntegrationTests$PrototypeScopedTestBean.class]
21:44:10.177 [Test worker] DEBUG o.s.c.a.ClassPathBeanDefinitionScanner - Identified candidate component class: file [/Users/pandaroid/Dev/GitRepos/MyGitHub/PandaroidSpring/spring-framework-5.0.x/Spring-Framework/integration-tests/build/classes/java/test/org/springframework/context/annotation/jsr330/ClassPathBeanDefinitionScannerJsr330ScopeIntegrationTests$RequestScopedTestBean.class]
21:44:10.177 [Test worker] DEBUG o.s.c.a.ClassPathBeanDefinitionScanner - Identified candidate component class: file [/Users/pandaroid/Dev/GitRepos/MyGitHub/PandaroidSpring/spring-framework-5.0.x/Spring-Framework/integration-tests/build/classes/java/test/org/springframework/context/annotation/jsr330/ClassPathBeanDefinitionScannerJsr330ScopeIntegrationTests$SessionScopedTestBean.class]
21:44:10.177 [Test worker] DEBUG o.s.c.a.ClassPathBeanDefinitionScanner - Identified candidate component class: file [/Users/pandaroid/Dev/GitRepos/MyGitHub/PandaroidSpring/spring-framework-5.0.x/Spring-Framework/integration-tests/build/classes/java/test/org/springframework/context/annotation/jsr330/ClassPathBeanDefinitionScannerJsr330ScopeIntegrationTests$SingletonScopedTestBean.class]
21:44:10.178 [Test worker] DEBUG o.s.w.c.s.GenericWebApplicationContext - Refreshing org.springframework.web.context.support.GenericWebApplicationContext@457f07fa
21:44:10.178 [Test worker] DEBUG o.s.u.c.s.UiApplicationContextUtils - Unable to locate ThemeSource with name 'themeSource': using default [org.springframework.ui.context.support.ResourceBundleThemeSource@21bd8bd4]
21:44:10.178 [Test worker] DEBUG o.s.b.f.s.DefaultListableBeanFactory - Creating shared instance of singleton bean 'request'
21:44:10.179 [Test worker] DEBUG o.s.b.f.s.DefaultListableBeanFactory - Creating shared instance of singleton bean 'classPathBeanDefinitionScannerJsr330ScopeIntegrationTests.SessionScopedTestBean'
21:44:10.179 [Test worker] DEBUG o.s.b.f.s.DefaultListableBeanFactory - Creating shared instance of singleton bean 'singleton'
21:44:10.186 [Test worker] DEBUG o.s.c.a.ClassPathBeanDefinitionScanner - Identified candidate component class: file [/Users/pandaroid/Dev/GitRepos/MyGitHub/PandaroidSpring/spring-framework-5.0.x/Spring-Framework/integration-tests/build/classes/java/test/org/springframework/context/annotation/jsr330/ClassPathBeanDefinitionScannerJsr330ScopeIntegrationTests$PrototypeScopedTestBean.class]
21:44:10.186 [Test worker] DEBUG o.s.c.a.ClassPathBeanDefinitionScanner - Identified candidate component class: file [/Users/pandaroid/Dev/GitRepos/MyGitHub/PandaroidSpring/spring-framework-5.0.x/Spring-Framework/integration-tests/build/classes/java/test/org/springframework/context/annotation/jsr330/ClassPathBeanDefinitionScannerJsr330ScopeIntegrationTests$RequestScopedTestBean.class]
21:44:10.187 [Test worker] DEBUG o.s.c.a.ClassPathBeanDefinitionScanner - Identified candidate component class: file [/Users/pandaroid/Dev/GitRepos/MyGitHub/PandaroidSpring/spring-framework-5.0.x/Spring-Framework/integration-tests/build/classes/java/test/org/springframework/context/annotation/jsr330/ClassPathBeanDefinitionScannerJsr330ScopeIntegrationTests$SessionScopedTestBean.class]
21:44:10.187 [Test worker] DEBUG o.s.c.a.ClassPathBeanDefinitionScanner - Identified candidate component class: file [/Users/pandaroid/Dev/GitRepos/MyGitHub/PandaroidSpring/spring-framework-5.0.x/Spring-Framework/integration-tests/build/classes/java/test/org/springframework/context/annotation/jsr330/ClassPathBeanDefinitionScannerJsr330ScopeIntegrationTests$SingletonScopedTestBean.class]
21:44:10.189 [Test worker] DEBUG o.s.c.a.ClassPathBeanDefinitionScanner - Identified candidate component class: file [/Users/pandaroid/Dev/GitRepos/MyGitHub/PandaroidSpring/spring-framework-5.0.x/Spring-Framework/integration-tests/build/classes/java/test/org/springframework/context/annotation/jsr330/ClassPathBeanDefinitionScannerJsr330ScopeIntegrationTests$PrototypeScopedTestBean.class]
21:44:10.189 [Test worker] DEBUG o.s.c.a.ClassPathBeanDefinitionScanner - Identified candidate component class: file [/Users/pandaroid/Dev/GitRepos/MyGitHub/PandaroidSpring/spring-framework-5.0.x/Spring-Framework/integration-tests/build/classes/java/test/org/springframework/context/annotation/jsr330/ClassPathBeanDefinitionScannerJsr330ScopeIntegrationTests$RequestScopedTestBean.class]
21:44:10.189 [Test worker] DEBUG o.s.c.a.ClassPathBeanDefinitionScanner - Identified candidate component class: file [/Users/pandaroid/Dev/GitRepos/MyGitHub/PandaroidSpring/spring-framework-5.0.x/Spring-Framework/integration-tests/build/classes/java/test/org/springframework/context/annotation/jsr330/ClassPathBeanDefinitionScannerJsr330ScopeIntegrationTests$SessionScopedTestBean.class]
21:44:10.190 [Test worker] DEBUG o.s.c.a.ClassPathBeanDefinitionScanner - Identified candidate component class: file [/Users/pandaroid/Dev/GitRepos/MyGitHub/PandaroidSpring/spring-framework-5.0.x/Spring-Framework/integration-tests/build/classes/java/test/org/springframework/context/annotation/jsr330/ClassPathBeanDefinitionScannerJsr330ScopeIntegrationTests$SingletonScopedTestBean.class]
21:44:10.190 [Test worker] DEBUG o.s.w.c.s.GenericWebApplicationContext - Refreshing org.springframework.web.context.support.GenericWebApplicationContext@1cc008ce
21:44:10.190 [Test worker] DEBUG o.s.u.c.s.UiApplicationContextUtils - Unable to locate ThemeSource with name 'themeSource': using default [org.springframework.ui.context.support.ResourceBundleThemeSource@774ba165]
21:44:10.191 [Test worker] DEBUG o.s.b.f.s.DefaultListableBeanFactory - Creating shared instance of singleton bean 'singleton'
21:44:10.248 [Test worker] DEBUG o.s.c.a.ClassPathBeanDefinitionScanner - Identified candidate component class: file [/Users/pandaroid/Dev/GitRepos/MyGitHub/PandaroidSpring/spring-framework-5.0.x/Spring-Framework/integration-tests/build/classes/java/test/org/springframework/context/annotation/jsr330/ClassPathBeanDefinitionScannerJsr330ScopeIntegrationTests$PrototypeScopedTestBean.class]
21:44:10.248 [Test worker] DEBUG o.s.c.a.ClassPathBeanDefinitionScanner - Identified candidate component class: file [/Users/pandaroid/Dev/GitRepos/MyGitHub/PandaroidSpring/spring-framework-5.0.x/Spring-Framework/integration-tests/build/classes/java/test/org/springframework/context/annotation/jsr330/ClassPathBeanDefinitionScannerJsr330ScopeIntegrationTests$RequestScopedTestBean.class]
21:44:10.250 [Test worker] DEBUG o.s.c.a.ClassPathBeanDefinitionScanner - Identified candidate component class: file [/Users/pandaroid/Dev/GitRepos/MyGitHub/PandaroidSpring/spring-framework-5.0.x/Spring-Framework/integration-tests/build/classes/java/test/org/springframework/context/annotation/jsr330/ClassPathBeanDefinitionScannerJsr330ScopeIntegrationTests$SessionScopedTestBean.class]
21:44:10.252 [Test worker] DEBUG o.s.c.a.ClassPathBeanDefinitionScanner - Identified candidate component class: file [/Users/pandaroid/Dev/GitRepos/MyGitHub/PandaroidSpring/spring-framework-5.0.x/Spring-Framework/integration-tests/build/classes/java/test/org/springframework/context/annotation/jsr330/ClassPathBeanDefinitionScannerJsr330ScopeIntegrationTests$SingletonScopedTestBean.class]
21:44:10.254 [Test worker] DEBUG o.s.c.a.ClassPathBeanDefinitionScanner - Identified candidate component class: file [/Users/pandaroid/Dev/GitRepos/MyGitHub/PandaroidSpring/spring-framework-5.0.x/Spring-Framework/integration-tests/build/classes/java/test/org/springframework/context/annotation/jsr330/ClassPathBeanDefinitionScannerJsr330ScopeIntegrationTests$PrototypeScopedTestBean.class]
21:44:10.254 [Test worker] DEBUG o.s.c.a.ClassPathBeanDefinitionScanner - Identified candidate component class: file [/Users/pandaroid/Dev/GitRepos/MyGitHub/PandaroidSpring/spring-framework-5.0.x/Spring-Framework/integration-tests/build/classes/java/test/org/springframework/context/annotation/jsr330/ClassPathBeanDefinitionScannerJsr330ScopeIntegrationTests$RequestScopedTestBean.class]
21:44:10.254 [Test worker] DEBUG o.s.c.a.ClassPathBeanDefinitionScanner - Identified candidate component class: file [/Users/pandaroid/Dev/GitRepos/MyGitHub/PandaroidSpring/spring-framework-5.0.x/Spring-Framework/integration-tests/build/classes/java/test/org/springframework/context/annotation/jsr330/ClassPathBeanDefinitionScannerJsr330ScopeIntegrationTests$SessionScopedTestBean.class]
21:44:10.254 [Test worker] DEBUG o.s.c.a.ClassPathBeanDefinitionScanner - Identified candidate component class: file [/Users/pandaroid/Dev/GitRepos/MyGitHub/PandaroidSpring/spring-framework-5.0.x/Spring-Framework/integration-tests/build/classes/java/test/org/springframework/context/annotation/jsr330/ClassPathBeanDefinitionScannerJsr330ScopeIntegrationTests$SingletonScopedTestBean.class]
21:44:10.255 [Test worker] DEBUG o.s.w.c.s.GenericWebApplicationContext - Refreshing org.springframework.web.context.support.GenericWebApplicationContext@6b51513a
21:44:10.255 [Test worker] DEBUG o.s.u.c.s.UiApplicationContextUtils - Unable to locate ThemeSource with name 'themeSource': using default [org.springframework.ui.context.support.ResourceBundleThemeSource@4da51d32]
21:44:10.256 [Test worker] DEBUG o.s.b.f.s.DefaultListableBeanFactory - Creating shared instance of singleton bean 'request'
21:44:10.256 [Test worker] DEBUG o.s.b.f.s.DefaultListableBeanFactory - Creating shared instance of singleton bean 'classPathBeanDefinitionScannerJsr330ScopeIntegrationTests.SessionScopedTestBean'
21:44:10.256 [Test worker] DEBUG o.s.b.f.s.DefaultListableBeanFactory - Creating shared instance of singleton bean 'singleton'
21:44:10.271 [Test worker] DEBUG o.s.c.a.ClassPathBeanDefinitionScanner - Identified candidate component class: file [/Users/pandaroid/Dev/GitRepos/MyGitHub/PandaroidSpring/spring-framework-5.0.x/Spring-Framework/integration-tests/build/classes/java/test/org/springframework/context/annotation/jsr330/ClassPathBeanDefinitionScannerJsr330ScopeIntegrationTests$PrototypeScopedTestBean.class]
21:44:10.272 [Test worker] DEBUG o.s.c.a.ClassPathBeanDefinitionScanner - Identified candidate component class: file [/Users/pandaroid/Dev/GitRepos/MyGitHub/PandaroidSpring/spring-framework-5.0.x/Spring-Framework/integration-tests/build/classes/java/test/org/springframework/context/annotation/jsr330/ClassPathBeanDefinitionScannerJsr330ScopeIntegrationTests$RequestScopedTestBean.class]
21:44:10.272 [Test worker] DEBUG o.s.c.a.ClassPathBeanDefinitionScanner - Identified candidate component class: file [/Users/pandaroid/Dev/GitRepos/MyGitHub/PandaroidSpring/spring-framework-5.0.x/Spring-Framework/integration-tests/build/classes/java/test/org/springframework/context/annotation/jsr330/ClassPathBeanDefinitionScannerJsr330ScopeIntegrationTests$SessionScopedTestBean.class]
21:44:10.273 [Test worker] DEBUG o.s.c.a.ClassPathBeanDefinitionScanner - Identified candidate component class: file [/Users/pandaroid/Dev/GitRepos/MyGitHub/PandaroidSpring/spring-framework-5.0.x/Spring-Framework/integration-tests/build/classes/java/test/org/springframework/context/annotation/jsr330/ClassPathBeanDefinitionScannerJsr330ScopeIntegrationTests$SingletonScopedTestBean.class]
21:44:10.287 [Test worker] DEBUG o.s.c.a.ClassPathBeanDefinitionScanner - Identified candidate component class: file [/Users/pandaroid/Dev/GitRepos/MyGitHub/PandaroidSpring/spring-framework-5.0.x/Spring-Framework/integration-tests/build/classes/java/test/org/springframework/context/annotation/jsr330/ClassPathBeanDefinitionScannerJsr330ScopeIntegrationTests$PrototypeScopedTestBean.class]
21:44:10.288 [Test worker] DEBUG o.s.c.a.ClassPathBeanDefinitionScanner - Identified candidate component class: file [/Users/pandaroid/Dev/GitRepos/MyGitHub/PandaroidSpring/spring-framework-5.0.x/Spring-Framework/integration-tests/build/classes/java/test/org/springframework/context/annotation/jsr330/ClassPathBeanDefinitionScannerJsr330ScopeIntegrationTests$RequestScopedTestBean.class]
21:44:10.288 [Test worker] DEBUG o.s.c.a.ClassPathBeanDefinitionScanner - Identified candidate component class: file [/Users/pandaroid/Dev/GitRepos/MyGitHub/PandaroidSpring/spring-framework-5.0.x/Spring-Framework/integration-tests/build/classes/java/test/org/springframework/context/annotation/jsr330/ClassPathBeanDefinitionScannerJsr330ScopeIntegrationTests$SessionScopedTestBean.class]
21:44:10.288 [Test worker] DEBUG o.s.c.a.ClassPathBeanDefinitionScanner - Identified candidate component class: file [/Users/pandaroid/Dev/GitRepos/MyGitHub/PandaroidSpring/spring-framework-5.0.x/Spring-Framework/integration-tests/build/classes/java/test/org/springframework/context/annotation/jsr330/ClassPathBeanDefinitionScannerJsr330ScopeIntegrationTests$SingletonScopedTestBean.class]
21:44:10.289 [Test worker] DEBUG o.s.w.c.s.GenericWebApplicationContext - Refreshing org.springframework.web.context.support.GenericWebApplicationContext@2c1c4d3d
21:44:10.289 [Test worker] DEBUG o.s.u.c.s.UiApplicationContextUtils - Unable to locate ThemeSource with name 'themeSource': using default [org.springframework.ui.context.support.ResourceBundleThemeSource@4eaa5939]
21:44:10.289 [Test worker] DEBUG o.s.b.f.s.DefaultListableBeanFactory - Creating shared instance of singleton bean 'request'
21:44:10.290 [Test worker] DEBUG o.s.b.f.s.DefaultListableBeanFactory - Creating shared instance of singleton bean 'classPathBeanDefinitionScannerJsr330ScopeIntegrationTests.SessionScopedTestBean'
21:44:10.292 [Test worker] DEBUG o.s.b.f.s.DefaultListableBeanFactory - Creating shared instance of singleton bean 'singleton'
21:44:10.296 [Test worker] DEBUG o.s.c.a.ClassPathBeanDefinitionScanner - Identified candidate component class: file [/Users/pandaroid/Dev/GitRepos/MyGitHub/PandaroidSpring/spring-framework-5.0.x/Spring-Framework/integration-tests/build/classes/java/test/org/springframework/context/annotation/jsr330/ClassPathBeanDefinitionScannerJsr330ScopeIntegrationTests$PrototypeScopedTestBean.class]
21:44:10.297 [Test worker] DEBUG o.s.c.a.ClassPathBeanDefinitionScanner - Identified candidate component class: file [/Users/pandaroid/Dev/GitRepos/MyGitHub/PandaroidSpring/spring-framework-5.0.x/Spring-Framework/integration-tests/build/classes/java/test/org/springframework/context/annotation/jsr330/ClassPathBeanDefinitionScannerJsr330ScopeIntegrationTests$RequestScopedTestBean.class]
21:44:10.298 [Test worker] DEBUG o.s.c.a.ClassPathBeanDefinitionScanner - Identified candidate component class: file [/Users/pandaroid/Dev/GitRepos/MyGitHub/PandaroidSpring/spring-framework-5.0.x/Spring-Framework/integration-tests/build/classes/java/test/org/springframework/context/annotation/jsr330/ClassPathBeanDefinitionScannerJsr330ScopeIntegrationTests$SessionScopedTestBean.class]
21:44:10.298 [Test worker] DEBUG o.s.c.a.ClassPathBeanDefinitionScanner - Identified candidate component class: file [/Users/pandaroid/Dev/GitRepos/MyGitHub/PandaroidSpring/spring-framework-5.0.x/Spring-Framework/integration-tests/build/classes/java/test/org/springframework/context/annotation/jsr330/ClassPathBeanDefinitionScannerJsr330ScopeIntegrationTests$SingletonScopedTestBean.class]
21:44:10.300 [Test worker] DEBUG o.s.c.a.ClassPathBeanDefinitionScanner - Identified candidate component class: file [/Users/pandaroid/Dev/GitRepos/MyGitHub/PandaroidSpring/spring-framework-5.0.x/Spring-Framework/integration-tests/build/classes/java/test/org/springframework/context/annotation/jsr330/ClassPathBeanDefinitionScannerJsr330ScopeIntegrationTests$PrototypeScopedTestBean.class]
21:44:10.300 [Test worker] DEBUG o.s.c.a.ClassPathBeanDefinitionScanner - Identified candidate component class: file [/Users/pandaroid/Dev/GitRepos/MyGitHub/PandaroidSpring/spring-framework-5.0.x/Spring-Framework/integration-tests/build/classes/java/test/org/springframework/context/annotation/jsr330/ClassPathBeanDefinitionScannerJsr330ScopeIntegrationTests$RequestScopedTestBean.class]
21:44:10.300 [Test worker] DEBUG o.s.c.a.ClassPathBeanDefinitionScanner - Identified candidate component class: file [/Users/pandaroid/Dev/GitRepos/MyGitHub/PandaroidSpring/spring-framework-5.0.x/Spring-Framework/integration-tests/build/classes/java/test/org/springframework/context/annotation/jsr330/ClassPathBeanDefinitionScannerJsr330ScopeIntegrationTests$SessionScopedTestBean.class]
21:44:10.300 [Test worker] DEBUG o.s.c.a.ClassPathBeanDefinitionScanner - Identified candidate component class: file [/Users/pandaroid/Dev/GitRepos/MyGitHub/PandaroidSpring/spring-framework-5.0.x/Spring-Framework/integration-tests/build/classes/java/test/org/springframework/context/annotation/jsr330/ClassPathBeanDefinitionScannerJsr330ScopeIntegrationTests$SingletonScopedTestBean.class]
21:44:10.300 [Test worker] DEBUG o.s.w.c.s.GenericWebApplicationContext - Refreshing org.springframework.web.context.support.GenericWebApplicationContext@118074
21:44:10.301 [Test worker] DEBUG o.s.u.c.s.UiApplicationContextUtils - Unable to locate ThemeSource with name 'themeSource': using default [org.springframework.ui.context.support.ResourceBundleThemeSource@3a9b77e0]
21:44:10.301 [Test worker] DEBUG o.s.b.f.s.DefaultListableBeanFactory - Creating shared instance of singleton bean 'request'
21:44:10.302 [Test worker] DEBUG o.s.b.f.s.DefaultListableBeanFactory - Creating shared instance of singleton bean 'classPathBeanDefinitionScannerJsr330ScopeIntegrationTests.SessionScopedTestBean'
21:44:10.302 [Test worker] DEBUG o.s.b.f.s.DefaultListableBeanFactory - Creating shared instance of singleton bean 'singleton'
]]></system-out>
  <system-err><![CDATA[]]></system-err>
</testsuite>
