<?xml version="1.0" encoding="UTF-8"?>
<testsuite name="org.springframework.jms.support.JmsAccessorTests" tests="4" skipped="0" failures="0" errors="0" timestamp="2020-04-14T12:52:07" hostname="bamboo-21" time="0.018">
  <properties/>
  <testcase name="testSessionTransactedModeReallyDoesDefaultToFalse()" classname="org.springframework.jms.support.JmsAccessorTests" time="0.004"/>
  <testcase name="testChokesIfConnectionFactoryIsNotSupplied()" classname="org.springframework.jms.support.JmsAccessorTests" time="0.003"/>
  <testcase name="testSetAcknowledgeModeNameChokesIfBadAckModeIsSupplied()" classname="org.springframework.jms.support.JmsAccessorTests" time="0.009"/>
  <testcase name="testAcknowledgeModeReallyDoesDefaultToAutoAcknowledge()" classname="org.springframework.jms.support.JmsAccessorTests" time="0.002"/>
  <system-out><![CDATA[]]></system-out>
  <system-err><![CDATA[]]></system-err>
</testsuite>
