<?xml version="1.0" encoding="UTF-8"?>
<testsuite name="org.springframework.context.annotation.Spr12636Tests" tests="2" skipped="0" failures="0" errors="0" timestamp="2020-04-15T13:43:18" hostname="PandaroiddeiMac.local" time="0.06">
  <properties/>
  <testcase name="orderOnImplementation()" classname="org.springframework.context.annotation.Spr12636Tests" time="0.01"/>
  <testcase name="orderOnImplementationWithProxy()" classname="org.springframework.context.annotation.Spr12636Tests" time="0.049"/>
  <system-out><![CDATA[]]></system-out>
  <system-err><![CDATA[]]></system-err>
</testsuite>
