<?xml version="1.0" encoding="UTF-8"?>
<testsuite name="org.springframework.ejb.config.JeeNamespaceHandlerEventTests" tests="3" skipped="0" failures="0" errors="0" timestamp="2020-04-15T13:44:09" hostname="PandaroiddeiMac.local" time="0.072">
  <properties/>
  <testcase name="testLocalSlsbComponentEventReceived()" classname="org.springframework.ejb.config.JeeNamespaceHandlerEventTests" time="0.016"/>
  <testcase name="testJndiLookupComponentEventReceived()" classname="org.springframework.ejb.config.JeeNamespaceHandlerEventTests" time="0.008"/>
  <testcase name="testRemoteSlsbComponentEventReceived()" classname="org.springframework.ejb.config.JeeNamespaceHandlerEventTests" time="0.047"/>
  <system-out><![CDATA[]]></system-out>
  <system-err><![CDATA[]]></system-err>
</testsuite>
