<?xml version="1.0" encoding="UTF-8"?>
<testsuite name="org.springframework.scripting.groovy.GroovyAspectIntegrationTests" tests="4" skipped="0" failures="0" errors="0" timestamp="2020-04-15T13:43:40" hostname="PandaroiddeiMac.local" time="0.258">
  <properties/>
  <testcase name="testJavaBean()" classname="org.springframework.scripting.groovy.GroovyAspectIntegrationTests" time="0.045"/>
  <testcase name="testGroovyBeanProxyTargetClass()" classname="org.springframework.scripting.groovy.GroovyAspectIntegrationTests" time="0.102"/>
  <testcase name="testGroovyBeanDynamic()" classname="org.springframework.scripting.groovy.GroovyAspectIntegrationTests" time="0.072"/>
  <testcase name="testGroovyBeanInterface()" classname="org.springframework.scripting.groovy.GroovyAspectIntegrationTests" time="0.039"/>
  <system-out><![CDATA[]]></system-out>
  <system-err><![CDATA[]]></system-err>
</testsuite>
