<?xml version="1.0" encoding="UTF-8"?>
<testsuite name="org.springframework.aop.aspectj.ImplicitJPArgumentMatchingTests" tests="1" skipped="0" failures="0" errors="0" timestamp="2020-04-15T13:44:03" hostname="PandaroiddeiMac.local" time="0.031">
  <properties/>
  <testcase name="testAspect()" classname="org.springframework.aop.aspectj.ImplicitJPArgumentMatchingTests" time="0.031"/>
  <system-out><![CDATA[]]></system-out>
  <system-err><![CDATA[]]></system-err>
</testsuite>
