<?xml version="1.0" encoding="UTF-8"?>
<testsuite name="org.springframework.cache.config.CustomInterceptorTests" tests="3" skipped="0" failures="0" errors="0" timestamp="2020-04-15T13:43:47" hostname="PandaroiddeiMac.local" time="0.081">
  <properties/>
  <testcase name="customInterceptorAppliesWithCheckedException()" classname="org.springframework.cache.config.CustomInterceptorTests" time="0.054"/>
  <testcase name="customInterceptorAppliesWithRuntimeException()" classname="org.springframework.cache.config.CustomInterceptorTests" time="0.008"/>
  <testcase name="onlyOneInterceptorIsAvailable()" classname="org.springframework.cache.config.CustomInterceptorTests" time="0.018"/>
  <system-out><![CDATA[]]></system-out>
  <system-err><![CDATA[]]></system-err>
</testsuite>
