<?xml version="1.0" encoding="UTF-8"?>
<testsuite name="org.springframework.beans.factory.xml.support.CustomNamespaceHandlerTests" tests="9" skipped="0" failures="0" errors="0" timestamp="2020-04-15T13:44:05" hostname="PandaroiddeiMac.local" time="0.133">
  <properties/>
  <testcase name="testDecorationViaAttribute()" classname="org.springframework.beans.factory.xml.support.CustomNamespaceHandlerTests" time="0.032"/>
  <testcase name="testCustomElementNestedWithinUtilMap()" classname="org.springframework.beans.factory.xml.support.CustomNamespaceHandlerTests" time="0.01"/>
  <testcase name="testCustomElementNestedWithinUtilSet()" classname="org.springframework.beans.factory.xml.support.CustomNamespaceHandlerTests" time="0.014"/>
  <testcase name="testSimpleDecorator()" classname="org.springframework.beans.factory.xml.support.CustomNamespaceHandlerTests" time="0.008"/>
  <testcase name="testCustomElementNestedWithinUtilList()" classname="org.springframework.beans.factory.xml.support.CustomNamespaceHandlerTests" time="0.013"/>
  <testcase name="testProxyingDecorator()" classname="org.springframework.beans.factory.xml.support.CustomNamespaceHandlerTests" time="0.01"/>
  <testcase name="testProxyingDecoratorNoInstance()" classname="org.springframework.beans.factory.xml.support.CustomNamespaceHandlerTests" time="0.016"/>
  <testcase name="testSimpleParser()" classname="org.springframework.beans.factory.xml.support.CustomNamespaceHandlerTests" time="0.014"/>
  <testcase name="testChainedDecorators()" classname="org.springframework.beans.factory.xml.support.CustomNamespaceHandlerTests" time="0.013"/>
  <system-out><![CDATA[]]></system-out>
  <system-err><![CDATA[]]></system-err>
</testsuite>
