<?xml version="1.0" encoding="UTF-8"?>
<testsuite name="org.springframework.context.support.BeanDefinitionDslTests" tests="8" skipped="0" failures="0" errors="0" timestamp="2020-04-15T13:44:13" hostname="PandaroiddeiMac.local" time="0.108">
  <properties/>
  <testcase name="Declare beans leveraging constructor injection()" classname="org.springframework.context.support.BeanDefinitionDslTests" time="0.017"/>
  <testcase name="Declare beans with the functional Kotlin DSL()" classname="org.springframework.context.support.BeanDefinitionDslTests" time="0.01"/>
  <testcase name="Declare beans using profile condition with the functional Kotlin DSL()" classname="org.springframework.context.support.BeanDefinitionDslTests" time="0.01"/>
  <testcase name="Retrieve multiple beans via a bean provider()" classname="org.springframework.context.support.BeanDefinitionDslTests" time="0.006"/>
  <testcase name="Declare beans leveraging callable reference()" classname="org.springframework.context.support.BeanDefinitionDslTests" time="0.005"/>
  <testcase name="Declare beans with accepted profiles()" classname="org.springframework.context.support.BeanDefinitionDslTests" time="0.031"/>
  <testcase name="Declare beans using environment condition with the functional Kotlin DSL()" classname="org.springframework.context.support.BeanDefinitionDslTests" time="0.012"/>
  <testcase name="Declare beans depending on environment properties()" classname="org.springframework.context.support.BeanDefinitionDslTests" time="0.004"/>
  <system-out><![CDATA[]]></system-out>
  <system-err><![CDATA[]]></system-err>
</testsuite>
