<?xml version="1.0" encoding="UTF-8"?>
<testsuite name="org.springframework.aop.aspectj.DeclarationOrderIndependenceTests" tests="5" skipped="0" failures="0" errors="0" timestamp="2020-04-15T13:44:04" hostname="PandaroiddeiMac.local" time="0.115">
  <properties/>
  <testcase name="testBeforeAdviceFiringOk()" classname="org.springframework.aop.aspectj.DeclarationOrderIndependenceTests" time="0.028"/>
  <testcase name="testTargetIsBeanNameAware()" classname="org.springframework.aop.aspectj.DeclarationOrderIndependenceTests" time="0.027"/>
  <testcase name="testTargetIsSerializable()" classname="org.springframework.aop.aspectj.DeclarationOrderIndependenceTests" time="0.015"/>
  <testcase name="testAroundAdviceFiringOk()" classname="org.springframework.aop.aspectj.DeclarationOrderIndependenceTests" time="0.02"/>
  <testcase name="testAfterReturningFiringOk()" classname="org.springframework.aop.aspectj.DeclarationOrderIndependenceTests" time="0.021"/>
  <system-out><![CDATA[]]></system-out>
  <system-err><![CDATA[]]></system-err>
</testsuite>
