<?xml version="1.0" encoding="UTF-8"?>
<testsuite name="org.springframework.aop.aspectj.generic.GenericBridgeMethodMatchingClassProxyTests" tests="4" skipped="0" failures="0" errors="0" timestamp="2020-04-15T13:44:05" hostname="PandaroiddeiMac.local" time="0.043">
  <properties/>
  <testcase name="testGenericBaseInterfaceMethodThroughInterface()" classname="org.springframework.aop.aspectj.generic.GenericBridgeMethodMatchingClassProxyTests" time="0.013"/>
  <testcase name="testGenericDerivedInterfaceMethodThroughInterface()" classname="org.springframework.aop.aspectj.generic.GenericBridgeMethodMatchingClassProxyTests" time="0.007"/>
  <testcase name="testGenericBaseInterfaceMethodThroughClass()" classname="org.springframework.aop.aspectj.generic.GenericBridgeMethodMatchingClassProxyTests" time="0.013"/>
  <testcase name="testGenericDerivedInterfaceMethodThroughClass()" classname="org.springframework.aop.aspectj.generic.GenericBridgeMethodMatchingClassProxyTests" time="0.009"/>
  <system-out><![CDATA[]]></system-out>
  <system-err><![CDATA[]]></system-err>
</testsuite>
