<?xml version="1.0" encoding="UTF-8"?>
<testsuite name="org.springframework.jmx.export.annotation.AnnotationMetadataAssemblerTests" tests="32" skipped="0" failures="0" errors="0" timestamp="2020-04-15T13:43:59" hostname="PandaroiddeiMac.local" time="0.671">
  <properties/>
  <testcase name="testDescriptionNotNull()" classname="org.springframework.jmx.export.annotation.AnnotationMetadataAssemblerTests" time="0.082"/>
  <testcase name="testGetMBeanAttributeInfo()" classname="org.springframework.jmx.export.annotation.AnnotationMetadataAssemblerTests" time="0.013"/>
  <testcase name="testSetAttribute()" classname="org.springframework.jmx.export.annotation.AnnotationMetadataAssemblerTests" time="0.008"/>
  <testcase name="testAttributeInfoHasDescriptors()" classname="org.springframework.jmx.export.annotation.AnnotationMetadataAssemblerTests" time="0.009"/>
  <testcase name="testGetMBeanInfo()" classname="org.springframework.jmx.export.annotation.AnnotationMetadataAssemblerTests" time="0.067"/>
  <testcase name="testGetMBeanOperationInfo()" classname="org.springframework.jmx.export.annotation.AnnotationMetadataAssemblerTests" time="0.055"/>
  <testcase name="testRegisterOperations()" classname="org.springframework.jmx.export.annotation.AnnotationMetadataAssemblerTests" time="0.006"/>
  <testcase name="testRegisterAttributes()" classname="org.springframework.jmx.export.annotation.AnnotationMetadataAssemblerTests" time="0.009"/>
  <testcase name="testNotificationMetadata()" classname="org.springframework.jmx.export.annotation.AnnotationMetadataAssemblerTests" time="0.009"/>
  <testcase name="testAttributeHasCorrespondingOperations()" classname="org.springframework.jmx.export.annotation.AnnotationMetadataAssemblerTests" time="0.033"/>
  <testcase name="testMBeanRegistration()" classname="org.springframework.jmx.export.annotation.AnnotationMetadataAssemblerTests" time="0.005"/>
  <testcase name="testGetAttribute()" classname="org.springframework.jmx.export.annotation.AnnotationMetadataAssemblerTests" time="0.034"/>
  <testcase name="testOperationInvocation()" classname="org.springframework.jmx.export.annotation.AnnotationMetadataAssemblerTests" time="0.007"/>
  <testcase name="testOperationParameterMetadata()" classname="org.springframework.jmx.export.annotation.AnnotationMetadataAssemblerTests" time="0.02"/>
  <testcase name="testManagedResourceDescriptor()" classname="org.springframework.jmx.export.annotation.AnnotationMetadataAssemblerTests" time="0.009"/>
  <testcase name="testMetricDescriptor()" classname="org.springframework.jmx.export.annotation.AnnotationMetadataAssemblerTests" time="0.015"/>
  <testcase name="testOperationDescriptor()" classname="org.springframework.jmx.export.annotation.AnnotationMetadataAssemblerTests" time="0.019"/>
  <testcase name="testMetricDescription()" classname="org.springframework.jmx.export.annotation.AnnotationMetadataAssemblerTests" time="0.008"/>
  <testcase name="testWithOnlyGetter()" classname="org.springframework.jmx.export.annotation.AnnotationMetadataAssemblerTests" time="0.026"/>
  <testcase name="testReadWriteAttribute()" classname="org.springframework.jmx.export.annotation.AnnotationMetadataAssemblerTests" time="0.007"/>
  <testcase name="testWithOnlySetter()" classname="org.springframework.jmx.export.annotation.AnnotationMetadataAssemblerTests" time="0.012"/>
  <testcase name="testMetricDescriptorDefaults()" classname="org.springframework.jmx.export.annotation.AnnotationMetadataAssemblerTests" time="0.028"/>
  <testcase name="testAttributeDescriptionOnGetter()" classname="org.springframework.jmx.export.annotation.AnnotationMetadataAssemblerTests" time="0.025"/>
  <testcase name="testWithCglibProxy()" classname="org.springframework.jmx.export.annotation.AnnotationMetadataAssemblerTests" time="0.029"/>
  <testcase name="testReadOnlyAttribute()" classname="org.springframework.jmx.export.annotation.AnnotationMetadataAssemblerTests" time="0.007"/>
  <testcase name="testAttributeDescriptionOnSetter()" classname="org.springframework.jmx.export.annotation.AnnotationMetadataAssemblerTests" time="0.009"/>
  <testcase name="testDescription()" classname="org.springframework.jmx.export.annotation.AnnotationMetadataAssemblerTests" time="0.049"/>
  <testcase name="testAttributeDescriptor()" classname="org.springframework.jmx.export.annotation.AnnotationMetadataAssemblerTests" time="0.008"/>
  <testcase name="testRegistrationOnInterface()" classname="org.springframework.jmx.export.annotation.AnnotationMetadataAssemblerTests" time="0.013"/>
  <testcase name="testOperationOnGetter()" classname="org.springframework.jmx.export.annotation.AnnotationMetadataAssemblerTests" time="0.006"/>
  <testcase name="testOperationFromInterface()" classname="org.springframework.jmx.export.annotation.AnnotationMetadataAssemblerTests" time="0.013"/>
  <testcase name="testAttributeFromInterface()" classname="org.springframework.jmx.export.annotation.AnnotationMetadataAssemblerTests" time="0.007"/>
  <system-out><![CDATA[]]></system-out>
  <system-err><![CDATA[]]></system-err>
</testsuite>
