<?xml version="1.0" encoding="UTF-8"?>
<testsuite name="org.springframework.context.groovy.GroovyApplicationContextTests" tests="4" skipped="0" failures="0" errors="0" timestamp="2020-04-15T13:43:30" hostname="PandaroiddeiMac.local" time="0.888">
  <properties/>
  <testcase name="testLoadingMultipleConfigFiles()" classname="org.springframework.context.groovy.GroovyApplicationContextTests" time="0.81"/>
  <testcase name="testLoadingMultipleConfigFilesWithRelativeClass()" classname="org.springframework.context.groovy.GroovyApplicationContextTests" time="0.043"/>
  <testcase name="testConfigFileParsingError()" classname="org.springframework.context.groovy.GroovyApplicationContextTests" time="0.012"/>
  <testcase name="testLoadingConfigFile()" classname="org.springframework.context.groovy.GroovyApplicationContextTests" time="0.021"/>
  <system-out><![CDATA[]]></system-out>
  <system-err><![CDATA[]]></system-err>
</testsuite>
