<?xml version="1.0" encoding="UTF-8"?>
<testsuite name="org.springframework.aop.aspectj.autoproxy.benchmark.BenchmarkTests" tests="8" skipped="0" failures="0" errors="0" timestamp="2020-04-15T13:44:03" hostname="PandaroiddeiMac.local" time="0.143">
  <properties/>
  <testcase name="testRepeatedMixWithSpringAop()" classname="org.springframework.aop.aspectj.autoproxy.benchmark.BenchmarkTests" time="0.035"/>
  <testcase name="testRepeatedAroundAdviceInvocationsWithSpringAop()" classname="org.springframework.aop.aspectj.autoproxy.benchmark.BenchmarkTests" time="0.008"/>
  <testcase name="testRepeatedBeforeAdviceInvocationsWithAspectJ()" classname="org.springframework.aop.aspectj.autoproxy.benchmark.BenchmarkTests" time="0.017"/>
  <testcase name="testRepeatedAroundAdviceInvocationsWithAspectJ()" classname="org.springframework.aop.aspectj.autoproxy.benchmark.BenchmarkTests" time="0.03"/>
  <testcase name="testRepeatedAfterReturningAdviceInvocationsWithAspectJ()" classname="org.springframework.aop.aspectj.autoproxy.benchmark.BenchmarkTests" time="0.016"/>
  <testcase name="testRepeatedBeforeAdviceInvocationsWithSpringAop()" classname="org.springframework.aop.aspectj.autoproxy.benchmark.BenchmarkTests" time="0.01"/>
  <testcase name="testRepeatedAfterReturningAdviceInvocationsWithSpringAop()" classname="org.springframework.aop.aspectj.autoproxy.benchmark.BenchmarkTests" time="0.013"/>
  <testcase name="testRepeatedMixWithAspectJ()" classname="org.springframework.aop.aspectj.autoproxy.benchmark.BenchmarkTests" time="0.01"/>
  <system-out><![CDATA[StopWatch '': running time = 1233043 ns
---------------------------------------------
ns         %     Task name
---------------------------------------------
001233043  100%  10 repeated mixed invocations with Spring AOP

StopWatch '': running time = 94268 ns
---------------------------------------------
ns         %     Task name
---------------------------------------------
000094268  100%  10 repeated around advice invocations with Spring AOP

StopWatch '': running time = 354050 ns
---------------------------------------------
ns         %     Task name
---------------------------------------------
000354050  100%  10 repeated before advice invocations with AspectJ

StopWatch '': running time = 270688 ns
---------------------------------------------
ns         %     Task name
---------------------------------------------
000270688  100%  10 repeated around advice invocations with AspectJ

StopWatch '': running time = 571634 ns
---------------------------------------------
ns         %     Task name
---------------------------------------------
000571634  100%  10 repeated after returning advice invocations with AspectJ

StopWatch '': running time = 155835 ns
---------------------------------------------
ns         %     Task name
---------------------------------------------
000155835  100%  10 repeated before advice invocations with Spring AOP

StopWatch '': running time = 153548 ns
---------------------------------------------
ns         %     Task name
---------------------------------------------
000153548  100%  10 repeated after returning advice invocations with Spring AOP

StopWatch '': running time = 1007574 ns
---------------------------------------------
ns         %     Task name
---------------------------------------------
001007574  100%  10 repeated mixed invocations with AspectJ

]]></system-out>
  <system-err><![CDATA[]]></system-err>
</testsuite>
