<?xml version="1.0" encoding="UTF-8"?>
<testsuite name="org.springframework.jmx.export.LazyInitMBeanTests" tests="1" skipped="0" failures="0" errors="0" timestamp="2020-04-15T13:43:59" hostname="PandaroiddeiMac.local" time="0.015">
  <properties/>
  <testcase name="invokeOnLazyInitBean()" classname="org.springframework.jmx.export.LazyInitMBeanTests" time="0.015"/>
  <system-out><![CDATA[]]></system-out>
  <system-err><![CDATA[]]></system-err>
</testsuite>
