<?xml version="1.0" encoding="UTF-8"?>
<testsuite name="org.springframework.context.annotation.configuration.ImportedConfigurationClassEnhancementTests" tests="5" skipped="0" failures="0" errors="0" timestamp="2020-04-15T13:43:10" hostname="PandaroiddeiMac.local" time="0.029">
  <properties/>
  <testcase name="autowiredConfigClassIsEnhancedWhenRegisteredViaConstructor()" classname="org.springframework.context.annotation.configuration.ImportedConfigurationClassEnhancementTests" time="0.01"/>
  <testcase name="autowiredConfigClassIsEnhancedWhenImported()" classname="org.springframework.context.annotation.configuration.ImportedConfigurationClassEnhancementTests" time="0.005"/>
  <testcase name="importingNonConfigurationClassCausesBeanDefinitionParsingException()" classname="org.springframework.context.annotation.configuration.ImportedConfigurationClassEnhancementTests" time="0.005"/>
  <testcase name="autowiredConfigClassBeanMethodsRespectScopingWhenImported()" classname="org.springframework.context.annotation.configuration.ImportedConfigurationClassEnhancementTests" time="0.004"/>
  <testcase name="autowiredConfigClassBeanMethodsRespectScopingWhenRegisteredViaConstructor()" classname="org.springframework.context.annotation.configuration.ImportedConfigurationClassEnhancementTests" time="0.003"/>
  <system-out><![CDATA[]]></system-out>
  <system-err><![CDATA[]]></system-err>
</testsuite>
