<?xml version="1.0" encoding="UTF-8"?>
<testsuite name="org.springframework.scheduling.config.SchedulerBeanDefinitionParserTests" tests="3" skipped="0" failures="0" errors="0" timestamp="2020-04-15T13:43:53" hostname="PandaroiddeiMac.local" time="0.061">
  <properties/>
  <testcase name="customScheduler()" classname="org.springframework.scheduling.config.SchedulerBeanDefinitionParserTests" time="0.041"/>
  <testcase name="threadNamePrefix()" classname="org.springframework.scheduling.config.SchedulerBeanDefinitionParserTests" time="0.006"/>
  <testcase name="defaultScheduler()" classname="org.springframework.scheduling.config.SchedulerBeanDefinitionParserTests" time="0.014"/>
  <system-out><![CDATA[]]></system-out>
  <system-err><![CDATA[]]></system-err>
</testsuite>
