<?xml version="1.0" encoding="UTF-8"?>
<testsuite name="org.springframework.context.annotation.ComponentScanParserWithUserDefinedStrategiesTests" tests="4" skipped="0" failures="0" errors="0" timestamp="2020-04-15T13:43:20" hostname="PandaroiddeiMac.local" time="0.081">
  <properties/>
  <testcase name="testInvalidConstructorBeanNameGenerator()" classname="org.springframework.context.annotation.ComponentScanParserWithUserDefinedStrategiesTests" time="0.014"/>
  <testcase name="testCustomScopeMetadataResolver()" classname="org.springframework.context.annotation.ComponentScanParserWithUserDefinedStrategiesTests" time="0.023"/>
  <testcase name="testCustomBeanNameGenerator()" classname="org.springframework.context.annotation.ComponentScanParserWithUserDefinedStrategiesTests" time="0.032"/>
  <testcase name="testInvalidClassNameScopeMetadataResolver()" classname="org.springframework.context.annotation.ComponentScanParserWithUserDefinedStrategiesTests" time="0.01"/>
  <system-out><![CDATA[]]></system-out>
  <system-err><![CDATA[]]></system-err>
</testsuite>
