<?xml version="1.0" encoding="UTF-8"?>
<testsuite name="org.springframework.context.annotation.configuration.ScopingTests" tests="6" skipped="0" failures="0" errors="0" timestamp="2020-04-15T13:43:11" hostname="PandaroiddeiMac.local" time="0.074">
  <properties/>
  <testcase name="testRawScopes()" classname="org.springframework.context.annotation.configuration.ScopingTests" time="0.031"/>
  <testcase name="testScopedProxyConfigurationWithClasses()" classname="org.springframework.context.annotation.configuration.ScopingTests" time="0.009"/>
  <testcase name="testScopedProxyConfiguration()" classname="org.springframework.context.annotation.configuration.ScopingTests" time="0.004"/>
  <testcase name="testScopeOnClasses()" classname="org.springframework.context.annotation.configuration.ScopingTests" time="0.008"/>
  <testcase name="testScopeOnInterfaces()" classname="org.springframework.context.annotation.configuration.ScopingTests" time="0.011"/>
  <testcase name="testSameScopeOnDifferentBeans()" classname="org.springframework.context.annotation.configuration.ScopingTests" time="0.005"/>
  <system-out><![CDATA[]]></system-out>
  <system-err><![CDATA[]]></system-err>
</testsuite>
