<?xml version="1.0" encoding="UTF-8"?>
<testsuite name="org.springframework.aop.aspectj.TargetPointcutSelectionTests" tests="2" skipped="0" failures="0" errors="0" timestamp="2020-04-15T13:44:04" hostname="PandaroiddeiMac.local" time="0.032">
  <properties/>
  <testcase name="targetSelectionForMatchedType()" classname="org.springframework.aop.aspectj.TargetPointcutSelectionTests" time="0.023"/>
  <testcase name="targetNonSelectionForMismatchedType()" classname="org.springframework.aop.aspectj.TargetPointcutSelectionTests" time="0.008"/>
  <system-out><![CDATA[]]></system-out>
  <system-err><![CDATA[]]></system-err>
</testsuite>
