<?xml version="1.0" encoding="UTF-8"?>
<testsuite name="org.springframework.jmx.support.MBeanServerConnectionFactoryBeanTests" tests="4" skipped="0" failures="0" errors="0" timestamp="2020-04-15T13:43:57" hostname="PandaroiddeiMac.local" time="0.233">
  <properties/>
  <testcase name="lazyConnectionAndNoAccess()" classname="org.springframework.jmx.support.MBeanServerConnectionFactoryBeanTests" time="0.012"/>
  <testcase name="noServiceUrl()" classname="org.springframework.jmx.support.MBeanServerConnectionFactoryBeanTests" time="0.0"/>
  <testcase name="lazyConnection()" classname="org.springframework.jmx.support.MBeanServerConnectionFactoryBeanTests" time="0.11"/>
  <testcase name="validConnection()" classname="org.springframework.jmx.support.MBeanServerConnectionFactoryBeanTests" time="0.109"/>
  <system-out><![CDATA[]]></system-out>
  <system-err><![CDATA[Apr 15, 2020 9:43:57 PM ClientIntermediary close
INFORMATION: java.io.IOException: The connection is not currently established.
java.io.IOException: The connection is not currently established.
	at com.sun.jmx.remote.generic.ClientSynchroMessageConnectionImpl.checkState(ClientSynchroMessageConnectionImpl.java:617)
	at com.sun.jmx.remote.generic.ClientSynchroMessageConnectionImpl.sendOneWay(ClientSynchroMessageConnectionImpl.java:202)
	at javax.management.remote.generic.GenericConnector.close(GenericConnector.java:300)
	at javax.management.remote.generic.GenericConnector.close(GenericConnector.java:271)
	at javax.management.remote.generic.ClientIntermediary$GenericClientCommunicatorAdmin.doStop(ClientIntermediary.java:897)
	at com.sun.jmx.remote.opt.internal.ClientCommunicatorAdmin.restart(ClientCommunicatorAdmin.java:172)
	at com.sun.jmx.remote.opt.internal.ClientCommunicatorAdmin.gotIOException(ClientCommunicatorAdmin.java:73)
	at javax.management.remote.generic.GenericConnector$RequestHandler.execute(GenericConnector.java:662)
	at com.sun.jmx.remote.generic.ClientSynchroMessageConnectionImpl$RemoteJob.run(ClientSynchroMessageConnectionImpl.java:568)
	at com.sun.jmx.remote.opt.util.ThreadService$ThreadServiceJob.run(ThreadService.java:248)
	at com.sun.jmx.remote.opt.util.JobExecutor.run(JobExecutor.java:99)

]]></system-err>
</testsuite>
