<?xml version="1.0" encoding="UTF-8"?>
<testsuite name="org.springframework.aop.aspectj.AfterReturningAdviceBindingTests" tests="12" skipped="0" failures="0" errors="0" timestamp="2020-04-15T13:44:05" hostname="PandaroiddeiMac.local" time="0.271">
  <properties/>
  <testcase name="testNoInvokeWhenReturningParameterTypeDoesNotMatch()" classname="org.springframework.aop.aspectj.AfterReturningAdviceBindingTests" time="0.03"/>
  <testcase name="testReturningBeanArray()" classname="org.springframework.aop.aspectj.AfterReturningAdviceBindingTests" time="0.028"/>
  <testcase name="testReturningPrimitive()" classname="org.springframework.aop.aspectj.AfterReturningAdviceBindingTests" time="0.023"/>
  <testcase name="testReturningBean()" classname="org.springframework.aop.aspectj.AfterReturningAdviceBindingTests" time="0.015"/>
  <testcase name="testOneObjectArg()" classname="org.springframework.aop.aspectj.AfterReturningAdviceBindingTests" time="0.022"/>
  <testcase name="testNeedsJoinPoint()" classname="org.springframework.aop.aspectj.AfterReturningAdviceBindingTests" time="0.013"/>
  <testcase name="testReturningByType()" classname="org.springframework.aop.aspectj.AfterReturningAdviceBindingTests" time="0.032"/>
  <testcase name="testReturningObject()" classname="org.springframework.aop.aspectj.AfterReturningAdviceBindingTests" time="0.016"/>
  <testcase name="testReturningString()" classname="org.springframework.aop.aspectj.AfterReturningAdviceBindingTests" time="0.014"/>
  <testcase name="testOneIntAndOneObjectArgs()" classname="org.springframework.aop.aspectj.AfterReturningAdviceBindingTests" time="0.018"/>
  <testcase name="testNeedsJoinPointStaticPart()" classname="org.springframework.aop.aspectj.AfterReturningAdviceBindingTests" time="0.025"/>
  <testcase name="testOneIntArg()" classname="org.springframework.aop.aspectj.AfterReturningAdviceBindingTests" time="0.026"/>
  <system-out><![CDATA[]]></system-out>
  <system-err><![CDATA[]]></system-err>
</testsuite>
