<?xml version="1.0" encoding="UTF-8"?>
<testsuite name="org.springframework.jndi.JndiTemplateEditorTests" tests="3" skipped="0" failures="0" errors="0" timestamp="2020-04-15T13:44:05" hostname="PandaroiddeiMac.local" time="0.004">
  <properties/>
  <testcase name="testCustomEnvironment()" classname="org.springframework.jndi.JndiTemplateEditorTests" time="0.002"/>
  <testcase name="testNullIsIllegalArgument()" classname="org.springframework.jndi.JndiTemplateEditorTests" time="0.001"/>
  <testcase name="testEmptyStringMeansNullEnvironment()" classname="org.springframework.jndi.JndiTemplateEditorTests" time="0.001"/>
  <system-out><![CDATA[]]></system-out>
  <system-err><![CDATA[]]></system-err>
</testsuite>
