<?xml version="1.0" encoding="UTF-8"?>
<testsuite name="org.springframework.context.support.EnvironmentSecurityManagerIntegrationTests" tests="2" skipped="0" failures="0" errors="0" timestamp="2020-04-15T13:43:29" hostname="PandaroiddeiMac.local" time="0.027">
  <properties/>
  <testcase name="securityManagerDisallowsAccessToSystemEnvironmentAndDisallowsAccessToIndividualKey()" classname="org.springframework.context.support.EnvironmentSecurityManagerIntegrationTests" time="0.024"/>
  <testcase name="securityManagerDisallowsAccessToSystemEnvironmentButAllowsAccessToIndividualKeys()" classname="org.springframework.context.support.EnvironmentSecurityManagerIntegrationTests" time="0.002"/>
  <system-out><![CDATA[]]></system-out>
  <system-err><![CDATA[]]></system-err>
</testsuite>
