<?xml version="1.0" encoding="UTF-8"?>
<testsuite name="org.springframework.jmx.export.annotation.EnableMBeanExportConfigurationTests" tests="8" skipped="0" failures="0" errors="0" timestamp="2020-04-15T13:43:59" hostname="PandaroiddeiMac.local" time="0.254">
  <properties/>
  <testcase name="testOnlyTargetClassIsExposed()" classname="org.springframework.jmx.export.annotation.EnableMBeanExportConfigurationTests" time="0.073"/>
  <testcase name="testComponentScan()" classname="org.springframework.jmx.export.annotation.EnableMBeanExportConfigurationTests" time="0.036"/>
  <testcase name="testPackagePrivateClassExtensionCanBeExposed()" classname="org.springframework.jmx.export.annotation.EnableMBeanExportConfigurationTests" time="0.01"/>
  <testcase name="testPackagePrivateExtensionCantBeExposed()" classname="org.springframework.jmx.export.annotation.EnableMBeanExportConfigurationTests" time="0.005"/>
  <testcase name="testLazyNaming()" classname="org.springframework.jmx.export.annotation.EnableMBeanExportConfigurationTests" time="0.06"/>
  <testcase name="testLazyAssembling()" classname="org.springframework.jmx.export.annotation.EnableMBeanExportConfigurationTests" time="0.024"/>
  <testcase name="testPlaceholderBased()" classname="org.springframework.jmx.export.annotation.EnableMBeanExportConfigurationTests" time="0.037"/>
  <testcase name="testPackagePrivateImplementationCantBeExposed()" classname="org.springframework.jmx.export.annotation.EnableMBeanExportConfigurationTests" time="0.008"/>
  <system-out><![CDATA[]]></system-out>
  <system-err><![CDATA[]]></system-err>
</testsuite>
