<?xml version="1.0" encoding="UTF-8"?>
<testsuite name="org.springframework.jmx.export.annotation.AnnotationLazyInitMBeanTests" tests="3" skipped="0" failures="0" errors="0" timestamp="2020-04-15T13:43:59" hostname="PandaroiddeiMac.local" time="0.233">
  <properties/>
  <testcase name="lazyAssembling()" classname="org.springframework.jmx.export.annotation.AnnotationLazyInitMBeanTests" time="0.152"/>
  <testcase name="lazyNaming()" classname="org.springframework.jmx.export.annotation.AnnotationLazyInitMBeanTests" time="0.05"/>
  <testcase name="componentScan()" classname="org.springframework.jmx.export.annotation.AnnotationLazyInitMBeanTests" time="0.03"/>
  <system-out><![CDATA[]]></system-out>
  <system-err><![CDATA[]]></system-err>
</testsuite>
