<?xml version="1.0" encoding="UTF-8"?>
<testsuite name="org.springframework.cache.interceptor.CacheSyncFailureTests" tests="5" skipped="0" failures="0" errors="0" timestamp="2020-04-15T13:43:53" hostname="PandaroiddeiMac.local" time="0.059">
  <properties/>
  <testcase name="syncWithTwoGetOperations()" classname="org.springframework.cache.interceptor.CacheSyncFailureTests" time="0.014"/>
  <testcase name="unlessSync()" classname="org.springframework.cache.interceptor.CacheSyncFailureTests" time="0.008"/>
  <testcase name="severalCachesWithResolvedSync()" classname="org.springframework.cache.interceptor.CacheSyncFailureTests" time="0.011"/>
  <testcase name="severalCachesSync()" classname="org.springframework.cache.interceptor.CacheSyncFailureTests" time="0.006"/>
  <testcase name="syncWithAnotherOperation()" classname="org.springframework.cache.interceptor.CacheSyncFailureTests" time="0.018"/>
  <system-out><![CDATA[]]></system-out>
  <system-err><![CDATA[]]></system-err>
</testsuite>
