<?xml version="1.0" encoding="UTF-8"?>
<testsuite name="org.springframework.context.annotation.AutoProxyLazyInitTests" tests="4" skipped="0" failures="0" errors="0" timestamp="2020-04-15T13:43:05" hostname="PandaroiddeiMac.local" time="0.191">
  <properties/>
  <testcase name="withNonStaticBeanMethodAndInterface()" classname="org.springframework.context.annotation.AutoProxyLazyInitTests" time="0.133"/>
  <testcase name="withStaticBeanMethodAndInterface()" classname="org.springframework.context.annotation.AutoProxyLazyInitTests" time="0.031"/>
  <testcase name="withStaticBeanMethod()" classname="org.springframework.context.annotation.AutoProxyLazyInitTests" time="0.013"/>
  <testcase name="withNonStaticBeanMethod()" classname="org.springframework.context.annotation.AutoProxyLazyInitTests" time="0.012"/>
  <system-out><![CDATA[]]></system-out>
  <system-err><![CDATA[]]></system-err>
</testsuite>
