<?xml version="1.0" encoding="UTF-8"?>
<testsuite name="org.springframework.scheduling.concurrent.ConcurrentTaskExecutorTests" tests="17" skipped="0" failures="0" errors="0" timestamp="2020-04-15T13:43:55" hostname="PandaroiddeiMac.local" time="0.168">
  <properties/>
  <testcase name="submitCallableWithGetAfterShutdown()" classname="org.springframework.scheduling.concurrent.ConcurrentTaskExecutorTests" time="0.013"/>
  <testcase name="submitListenableCallableWithGetAfterShutdown()" classname="org.springframework.scheduling.concurrent.ConcurrentTaskExecutorTests" time="0.001"/>
  <testcase name="submitListenableCallable()" classname="org.springframework.scheduling.concurrent.ConcurrentTaskExecutorTests" time="0.024"/>
  <testcase name="executeRunnable()" classname="org.springframework.scheduling.concurrent.ConcurrentTaskExecutorTests" time="0.014"/>
  <testcase name="submitListenableRunnable()" classname="org.springframework.scheduling.concurrent.ConcurrentTaskExecutorTests" time="0.024"/>
  <testcase name="submitFailingCallable()" classname="org.springframework.scheduling.concurrent.ConcurrentTaskExecutorTests" time="0.013"/>
  <testcase name="submitCallable()" classname="org.springframework.scheduling.concurrent.ConcurrentTaskExecutorTests" time="0.012"/>
  <testcase name="submitFailingListenableCallable()" classname="org.springframework.scheduling.concurrent.ConcurrentTaskExecutorTests" time="0.013"/>
  <testcase name="submitRunnableWithGetAfterShutdown()" classname="org.springframework.scheduling.concurrent.ConcurrentTaskExecutorTests" time="0.001"/>
  <testcase name="submitListenableRunnableWithGetAfterShutdown()" classname="org.springframework.scheduling.concurrent.ConcurrentTaskExecutorTests" time="0.012"/>
  <testcase name="submitFailingRunnable()" classname="org.springframework.scheduling.concurrent.ConcurrentTaskExecutorTests" time="0.011"/>
  <testcase name="submitRunnable()" classname="org.springframework.scheduling.concurrent.ConcurrentTaskExecutorTests" time="0.012"/>
  <testcase name="executeFailingRunnable()" classname="org.springframework.scheduling.concurrent.ConcurrentTaskExecutorTests" time="0.001"/>
  <testcase name="submitFailingListenableRunnable()" classname="org.springframework.scheduling.concurrent.ConcurrentTaskExecutorTests" time="0.011"/>
  <testcase name="passingNullExecutorToCtorResultsInDefaultTaskExecutorBeingUsed()" classname="org.springframework.scheduling.concurrent.ConcurrentTaskExecutorTests" time="0.001"/>
  <testcase name="passingNullExecutorToSetterResultsInDefaultTaskExecutorBeingUsed()" classname="org.springframework.scheduling.concurrent.ConcurrentTaskExecutorTests" time="0.001"/>
  <testcase name="zeroArgCtorResultsInDefaultTaskExecutorBeingUsed()" classname="org.springframework.scheduling.concurrent.ConcurrentTaskExecutorTests" time="0.0"/>
  <system-out><![CDATA[Running
Running
Running
]]></system-out>
  <system-err><![CDATA[]]></system-err>
</testsuite>
