<?xml version="1.0" encoding="UTF-8"?>
<testsuite name="org.springframework.context.annotation.SimpleScanTests" tests="1" skipped="0" failures="0" errors="0" timestamp="2020-04-15T13:43:06" hostname="PandaroiddeiMac.local" time="0.452">
  <properties/>
  <testcase name="testFooService()" classname="org.springframework.context.annotation.SimpleScanTests" time="0.452"/>
  <system-out><![CDATA[]]></system-out>
  <system-err><![CDATA[]]></system-err>
</testsuite>
