<?xml version="1.0" encoding="UTF-8"?>
<testsuite name="org.springframework.context.support.ConversionServiceFactoryBeanTests" tests="5" skipped="0" failures="0" errors="0" timestamp="2020-04-15T13:43:29" hostname="PandaroiddeiMac.local" time="0.022">
  <properties/>
  <testcase name="createDefaultConversionService()" classname="org.springframework.context.support.ConversionServiceFactoryBeanTests" time="0.002"/>
  <testcase name="conversionServiceInApplicationContext()" classname="org.springframework.context.support.ConversionServiceFactoryBeanTests" time="0.007"/>
  <testcase name="conversionServiceInApplicationContextWithResourceOverriding()" classname="org.springframework.context.support.ConversionServiceFactoryBeanTests" time="0.009"/>
  <testcase name="createDefaultConversionServiceWithInvalidSupplements()" classname="org.springframework.context.support.ConversionServiceFactoryBeanTests" time="0.001"/>
  <testcase name="createDefaultConversionServiceWithSupplements()" classname="org.springframework.context.support.ConversionServiceFactoryBeanTests" time="0.003"/>
  <system-out><![CDATA[]]></system-out>
  <system-err><![CDATA[]]></system-err>
</testsuite>
