<?xml version="1.0" encoding="UTF-8"?>
<testsuite name="org.springframework.jmx.export.assembler.MethodExclusionMBeanInfoAssemblerTests" tests="15" skipped="0" failures="0" errors="0" timestamp="2020-04-15T13:43:59" hostname="PandaroiddeiMac.local" time="0.126">
  <properties/>
  <testcase name="testDescriptionNotNull()" classname="org.springframework.jmx.export.assembler.MethodExclusionMBeanInfoAssemblerTests" time="0.003"/>
  <testcase name="testGetMBeanAttributeInfo()" classname="org.springframework.jmx.export.assembler.MethodExclusionMBeanInfoAssemblerTests" time="0.003"/>
  <testcase name="testSetAttribute()" classname="org.springframework.jmx.export.assembler.MethodExclusionMBeanInfoAssemblerTests" time="0.003"/>
  <testcase name="testAttributeInfoHasDescriptors()" classname="org.springframework.jmx.export.assembler.MethodExclusionMBeanInfoAssemblerTests" time="0.021"/>
  <testcase name="testGetMBeanInfo()" classname="org.springframework.jmx.export.assembler.MethodExclusionMBeanInfoAssemblerTests" time="0.004"/>
  <testcase name="testGetMBeanOperationInfo()" classname="org.springframework.jmx.export.assembler.MethodExclusionMBeanInfoAssemblerTests" time="0.004"/>
  <testcase name="testRegisterOperations()" classname="org.springframework.jmx.export.assembler.MethodExclusionMBeanInfoAssemblerTests" time="0.013"/>
  <testcase name="testRegisterAttributes()" classname="org.springframework.jmx.export.assembler.MethodExclusionMBeanInfoAssemblerTests" time="0.004"/>
  <testcase name="testNotificationMetadata()" classname="org.springframework.jmx.export.assembler.MethodExclusionMBeanInfoAssemblerTests" time="0.017"/>
  <testcase name="testAttributeHasCorrespondingOperations()" classname="org.springframework.jmx.export.assembler.MethodExclusionMBeanInfoAssemblerTests" time="0.004"/>
  <testcase name="testMBeanRegistration()" classname="org.springframework.jmx.export.assembler.MethodExclusionMBeanInfoAssemblerTests" time="0.003"/>
  <testcase name="testGetAttribute()" classname="org.springframework.jmx.export.assembler.MethodExclusionMBeanInfoAssemblerTests" time="0.028"/>
  <testcase name="testOperationInvocation()" classname="org.springframework.jmx.export.assembler.MethodExclusionMBeanInfoAssemblerTests" time="0.006"/>
  <testcase name="testIsNotIgnoredDoesntIgnoreUnspecifiedBeanMethods()" classname="org.springframework.jmx.export.assembler.MethodExclusionMBeanInfoAssemblerTests" time="0.003"/>
  <testcase name="testSupermanIsReadOnly()" classname="org.springframework.jmx.export.assembler.MethodExclusionMBeanInfoAssemblerTests" time="0.006"/>
  <system-out><![CDATA[]]></system-out>
  <system-err><![CDATA[]]></system-err>
</testsuite>
