<?xml version="1.0" encoding="UTF-8"?>
<testsuite name="org.springframework.ejb.access.LocalStatelessSessionProxyFactoryBeanTests" tests="4" skipped="0" failures="0" errors="0" timestamp="2020-04-15T13:44:08" hostname="PandaroiddeiMac.local" time="0.023">
  <properties/>
  <testcase name="testInvokesMethodOnEjb3StyleBean()" classname="org.springframework.ejb.access.LocalStatelessSessionProxyFactoryBeanTests" time="0.014"/>
  <testcase name="testNoBusinessInterfaceSpecified()" classname="org.springframework.ejb.access.LocalStatelessSessionProxyFactoryBeanTests" time="0.005"/>
  <testcase name="testCreateException()" classname="org.springframework.ejb.access.LocalStatelessSessionProxyFactoryBeanTests" time="0.002"/>
  <testcase name="testInvokesMethod()" classname="org.springframework.ejb.access.LocalStatelessSessionProxyFactoryBeanTests" time="0.001"/>
  <system-out><![CDATA[]]></system-out>
  <system-err><![CDATA[]]></system-err>
</testsuite>
