<?xml version="1.0" encoding="UTF-8"?>
<testsuite name="org.springframework.context.support.SimpleThreadScopeTests" tests="2" skipped="0" failures="0" errors="0" timestamp="2020-04-15T13:43:29" hostname="PandaroiddeiMac.local" time="0.055">
  <properties/>
  <testcase name="getMultipleInstances()" classname="org.springframework.context.support.SimpleThreadScopeTests" time="0.049"/>
  <testcase name="getFromScope()" classname="org.springframework.context.support.SimpleThreadScopeTests" time="0.0"/>
  <system-out><![CDATA[]]></system-out>
  <system-err><![CDATA[]]></system-err>
</testsuite>
