<?xml version="1.0" encoding="UTF-8"?>
<testsuite name="org.springframework.jmx.support.ConnectorServerFactoryBeanTests" tests="4" skipped="0" failures="0" errors="0" timestamp="2020-04-15T13:43:57" hostname="PandaroiddeiMac.local" time="0.021">
  <properties/>
  <testcase name="startupWithSuppliedServer()" classname="org.springframework.jmx.support.ConnectorServerFactoryBeanTests" time="0.008"/>
  <testcase name="noRegisterWithMBeanServer()" classname="org.springframework.jmx.support.ConnectorServerFactoryBeanTests" time="0.002"/>
  <testcase name="registerWithMBeanServer()" classname="org.springframework.jmx.support.ConnectorServerFactoryBeanTests" time="0.002"/>
  <testcase name="startupWithLocatedServer()" classname="org.springframework.jmx.support.ConnectorServerFactoryBeanTests" time="0.009"/>
  <system-out><![CDATA[]]></system-out>
  <system-err><![CDATA[Apr 15, 2020 9:43:57 PM ClientCommunicatorAdmin restart
WARNUNG: Failed to restart: java.net.ConnectException: Connection refused (Connection refused)
]]></system-err>
</testsuite>
