<?xml version="1.0" encoding="UTF-8"?>
<testsuite name="org.springframework.instrument.classloading.InstrumentableClassLoaderTests" tests="1" skipped="0" failures="0" errors="0" timestamp="2020-04-15T13:43:53" hostname="PandaroiddeiMac.local" time="0.0">
  <properties/>
  <testcase name="testDefaultLoadTimeWeaver()" classname="org.springframework.instrument.classloading.InstrumentableClassLoaderTests" time="0.0"/>
  <system-out><![CDATA[]]></system-out>
  <system-err><![CDATA[]]></system-err>
</testsuite>
