<?xml version="1.0" encoding="UTF-8"?>
<testsuite name="org.springframework.context.support.LiveBeansViewTests" tests="4" skipped="0" failures="0" errors="0" timestamp="2020-04-15T13:43:24" hostname="PandaroiddeiMac.local" time="0.083">
  <properties/>
  <testcase name="registerUnregisterSingleContext(TestInfo)" classname="org.springframework.context.support.LiveBeansViewTests" time="0.078"/>
  <testcase name="registerUnregisterSeveralContexts(TestInfo)" classname="org.springframework.context.support.LiveBeansViewTests" time="0.002"/>
  <testcase name="registerIgnoredIfPropertyIsNotSet(TestInfo)" classname="org.springframework.context.support.LiveBeansViewTests" time="0.001"/>
  <testcase name="registerUnregisterSeveralContextsDifferentOrder(TestInfo)" classname="org.springframework.context.support.LiveBeansViewTests" time="0.001"/>
  <system-out><![CDATA[]]></system-out>
  <system-err><![CDATA[]]></system-err>
</testsuite>
