<?xml version="1.0" encoding="UTF-8"?>
<testsuite name="org.springframework.context.annotation.configuration.ConfigurationBeanNameTests" tests="3" skipped="0" failures="0" errors="0" timestamp="2020-04-15T13:43:10" hostname="PandaroiddeiMac.local" time="0.041">
  <properties/>
  <testcase name="registerNestedConfig()" classname="org.springframework.context.annotation.configuration.ConfigurationBeanNameTests" time="0.007"/>
  <testcase name="registerOuterConfig()" classname="org.springframework.context.annotation.configuration.ConfigurationBeanNameTests" time="0.017"/>
  <testcase name="registerOuterConfig_withBeanNameGenerator()" classname="org.springframework.context.annotation.configuration.ConfigurationBeanNameTests" time="0.016"/>
  <system-out><![CDATA[]]></system-out>
  <system-err><![CDATA[]]></system-err>
</testsuite>
