<?xml version="1.0" encoding="UTF-8"?>
<testsuite name="org.springframework.context.annotation.ImportVersusDirectRegistrationTests" tests="3" skipped="0" failures="0" errors="0" timestamp="2020-04-15T13:43:17" hostname="PandaroiddeiMac.local" time="0.013">
  <properties/>
  <testcase name="thingIsNotAvailableWhenOuterConfigurationIsRegisteredDirectly()" classname="org.springframework.context.annotation.ImportVersusDirectRegistrationTests" time="0.004"/>
  <testcase name="thingIsNotAvailableWhenOuterConfigurationIsImported()" classname="org.springframework.context.annotation.ImportVersusDirectRegistrationTests" time="0.005"/>
  <testcase name="thingIsNotAvailableWhenOuterConfigurationIsRegisteredWithClassName()" classname="org.springframework.context.annotation.ImportVersusDirectRegistrationTests" time="0.003"/>
  <system-out><![CDATA[]]></system-out>
  <system-err><![CDATA[]]></system-err>
</testsuite>
