<?xml version="1.0" encoding="UTF-8"?>
<testsuite name="org.springframework.scripting.groovy.GroovyScriptFactoryTests" tests="38" skipped="0" failures="0" errors="0" timestamp="2020-04-15T13:43:34" hostname="PandaroiddeiMac.local" time="6.518">
  <properties/>
  <testcase name="testAnonymousScriptDetected()" classname="org.springframework.scripting.groovy.GroovyScriptFactoryTests" time="0.461"/>
  <testcase name="testWithTwoClassesDefinedInTheOneGroovyFile_CorrectClassFirst()" classname="org.springframework.scripting.groovy.GroovyScriptFactoryTests" time="0.035"/>
  <testcase name="testStaticScript()" classname="org.springframework.scripting.groovy.GroovyScriptFactoryTests" time="0.253"/>
  <testcase name="testRefreshableJsr223FromTag()" classname="org.springframework.scripting.groovy.GroovyScriptFactoryTests" time="0.227"/>
  <testcase name="testJsr223FromTag()" classname="org.springframework.scripting.groovy.GroovyScriptFactoryTests" time="0.26"/>
  <testcase name="testWithInlineScriptWithLeadingWhitespace()" classname="org.springframework.scripting.groovy.GroovyScriptFactoryTests" time="0.077"/>
  <testcase name="testCtorWithNullScriptSourceLocator()" classname="org.springframework.scripting.groovy.GroovyScriptFactoryTests" time="0.002"/>
  <testcase name="testStaticScriptWithInstanceUsingJsr223()" classname="org.springframework.scripting.groovy.GroovyScriptFactoryTests" time="0.152"/>
  <testcase name="testInlineScriptFromTag()" classname="org.springframework.scripting.groovy.GroovyScriptFactoryTests" time="0.308"/>
  <testcase name="testStaticScriptUsingJsr223()" classname="org.springframework.scripting.groovy.GroovyScriptFactoryTests" time="0.187"/>
  <testcase name="testRefreshableFactoryBean()" classname="org.springframework.scripting.groovy.GroovyScriptFactoryTests" time="0.282"/>
  <testcase name="testStaticPrototypeScript()" classname="org.springframework.scripting.groovy.GroovyScriptFactoryTests" time="0.242"/>
  <testcase name="testResourceScriptFromTag()" classname="org.springframework.scripting.groovy.GroovyScriptFactoryTests" time="0.288"/>
  <testcase name="testFactoryBean()" classname="org.springframework.scripting.groovy.GroovyScriptFactoryTests" time="0.227"/>
  <testcase name="testStaticScriptWithInstance()" classname="org.springframework.scripting.groovy.GroovyScriptFactoryTests" time="0.23"/>
  <testcase name="testPrototypeScriptFromTag()" classname="org.springframework.scripting.groovy.GroovyScriptFactoryTests" time="0.249"/>
  <testcase name="testStaticScriptWithInlineDefinedInstance()" classname="org.springframework.scripting.groovy.GroovyScriptFactoryTests" time="0.436"/>
  <testcase name="testStaticScriptWithInlineDefinedInstanceUsingJsr223()" classname="org.springframework.scripting.groovy.GroovyScriptFactoryTests" time="0.407"/>
  <testcase name="testGetScriptedObjectDoesChokeOnNullScriptSourceBeingPassedIn()" classname="org.springframework.scripting.groovy.GroovyScriptFactoryTests" time="0.0"/>
  <testcase name="testRefreshableFromTag()" classname="org.springframework.scripting.groovy.GroovyScriptFactoryTests" time="0.19"/>
  <testcase name="testStaticPrototypeScriptUsingJsr223()" classname="org.springframework.scripting.groovy.GroovyScriptFactoryTests" time="0.21"/>
  <testcase name="testCtorWithWhitespacedScriptSourceLocator()" classname="org.springframework.scripting.groovy.GroovyScriptFactoryTests" time="0.0"/>
  <testcase name="testInlineJsr223FromTag()" classname="org.springframework.scripting.groovy.GroovyScriptFactoryTests" time="0.234"/>
  <testcase name="testScriptedClassThatDoesNotHaveANoArgCtor()" classname="org.springframework.scripting.groovy.GroovyScriptFactoryTests" time="0.027"/>
  <testcase name="testScriptCompilationException()" classname="org.springframework.scripting.groovy.GroovyScriptFactoryTests" time="0.011"/>
  <testcase name="testCtorWithEmptyScriptSourceLocator()" classname="org.springframework.scripting.groovy.GroovyScriptFactoryTests" time="0.0"/>
  <testcase name="testWithTwoClassesDefinedInTheOneGroovyFile_WrongClassFirst()" classname="org.springframework.scripting.groovy.GroovyScriptFactoryTests" time="0.108"/>
  <testcase name="testJsr223FromTagWithInterface()" classname="org.springframework.scripting.groovy.GroovyScriptFactoryTests" time="0.216"/>
  <testcase name="testInlineJsr223FromTagWithInterface()" classname="org.springframework.scripting.groovy.GroovyScriptFactoryTests" time="0.198"/>
  <testcase name="testRefreshableFromTagProxyTargetClass()" classname="org.springframework.scripting.groovy.GroovyScriptFactoryTests" time="0.076"/>
  <testcase name="testProxyTargetClassNotAllowedIfNotGroovy()" classname="org.springframework.scripting.groovy.GroovyScriptFactoryTests" time="0.052"/>
  <testcase name="testCanPassInMoreThanOneProperty()" classname="org.springframework.scripting.groovy.GroovyScriptFactoryTests" time="0.333"/>
  <testcase name="testMetaClassWithBeans()" classname="org.springframework.scripting.groovy.GroovyScriptFactoryTests" time="0.213"/>
  <testcase name="testMetaClassWithXsd()" classname="org.springframework.scripting.groovy.GroovyScriptFactoryTests" time="0.035"/>
  <testcase name="testNonStaticScript()" classname="org.springframework.scripting.groovy.GroovyScriptFactoryTests" time="0.065"/>
  <testcase name="testNonStaticPrototypeScript()" classname="org.springframework.scripting.groovy.GroovyScriptFactoryTests" time="0.084"/>
  <testcase name="testScriptedClassThatHasNoPublicNoArgCtor()" classname="org.springframework.scripting.groovy.GroovyScriptFactoryTests" time="0.105"/>
  <testcase name="testGetScriptedObjectDoesNotChokeOnNullInterfacesBeingPassedIn()" classname="org.springframework.scripting.groovy.GroovyScriptFactoryTests" time="0.005"/>
  <system-out><![CDATA[customizing org.springframework.scripting.groovy.GroovyCalculator@43a86be4...
GroovyMessenger
21:43:35.493 [Test worker] WARN  o.s.c.s.ClassPathXmlApplicationContext - Exception encountered during context initialization - cancelling refresh attempt: org.springframework.beans.factory.BeanCreationException: Error creating bean with name 'messenger' defined in class path resource [org/springframework/scripting/groovy/lwspBadGroovyContext.xml]: BeanPostProcessor before instantiation of bean failed; nested exception is org.springframework.beans.factory.BeanCreationException: Error creating bean with name 'messenger': Could not determine scripted object type for GroovyScriptFactory: script source locator [
    inline:
			
	class Bingo {

		@Property String message;
	}
			]; nested exception is java.io.FileNotFoundException: class path resource [
    inline:
			
	class Bingo {

		@Property String message;
	}
			] cannot be opened because it does not exist
GroovyMessenger
customizing org.springframework.scripting.groovy.GroovyCalculator@66995894...
GroovyMessenger
GroovyMessenger
GroovyMessenger
customizing org.springframework.scripting.groovy.GroovyCalculator@1dbbb94c...
GroovyMessenger
GroovyMessenger
customizing org.springframework.scripting.groovy.GroovyCalculator@3fd4842c...
GroovyMessenger
GroovyMessenger
customizing org.springframework.scripting.groovy.GroovyCalculator@48ca66a0...
GroovyMessenger
21:43:39.247 [Test worker] WARN  o.s.c.s.ClassPathXmlApplicationContext - Exception encountered during context initialization - cancelling refresh attempt: org.springframework.beans.factory.BeanCreationException: Error creating bean with name 'broken' defined in class path resource [org/springframework/scripting/groovy/groovyBrokenContext.xml]: BeanPostProcessor before instantiation of bean failed; nested exception is org.springframework.beans.factory.BeanCreationException: Error creating bean with name 'broken': Could not determine scripted object type for GroovyScriptFactory: script source locator [classpath:org/springframework/scripting/groovy/Broken.groovyb]; nested exception is org.springframework.scripting.ScriptCompilationException: Could not compile class path resource [org/springframework/scripting/groovy/Broken.groovyb]; nested exception is org.codehaus.groovy.control.MultipleCompilationErrorsException: startup failed:
Broken: 9: expecting '(', found 'breakfast' @ line 9, column 5.
   for breakfast
       ^

1 error

21:43:39.356 [Test worker] WARN  o.s.c.s.ClassPathXmlApplicationContext - Exception encountered during context initialization - cancelling refresh attempt: org.springframework.beans.factory.BeanCreationException: Error creating bean with name 'messenger' defined in class path resource [org/springframework/scripting/groovy/twoClassesWrongOneFirst.xml]: BeanPostProcessor before instantiation of bean failed; nested exception is org.springframework.beans.factory.BeanCreationException: Error creating bean with name 'messenger': Could not determine scripted object type for GroovyScriptFactory: script source locator [inline:
	package org.springframework.scripting.groovy;

	import org.springframework.scripting.Messenger;
			
	class Bingo {

		@Property String message;
	}

	class GroovyMessenger implements Messenger {

		@Property String message;
	}
			]; nested exception is org.springframework.scripting.ScriptCompilationException: Could not compile static script [scriptFactory.messenger]; nested exception is org.codehaus.groovy.control.MultipleCompilationErrorsException: startup failed:
scriptFactory.messenger: 8: unable to resolve class Property ,  unable to find class for annotation
 @ line 8, column 3.
   		@Property String message;
     ^

scriptFactory.messenger: 13: unable to resolve class Property ,  unable to find class for annotation
 @ line 13, column 3.
   		@Property String message;
     ^

2 errors

]]></system-out>
  <system-err><![CDATA[]]></system-err>
</testsuite>
