<?xml version="1.0" encoding="UTF-8"?>
<testsuite name="org.springframework.jmx.export.MBeanExporterOperationsTests" tests="4" skipped="0" failures="0" errors="0" timestamp="2020-04-15T13:44:00" hostname="PandaroiddeiMac.local" time="0.012">
  <properties/>
  <testcase name="testRegisterExistingMBeanWithUserSuppliedObjectName()" classname="org.springframework.jmx.export.MBeanExporterOperationsTests" time="0.001"/>
  <testcase name="testRegisterManagedResourceWithGeneratedObjectName()" classname="org.springframework.jmx.export.MBeanExporterOperationsTests" time="0.003"/>
  <testcase name="testRegisterManagedResourceWithUserSuppliedObjectName()" classname="org.springframework.jmx.export.MBeanExporterOperationsTests" time="0.001"/>
  <testcase name="testRegisterManagedResourceWithGeneratedObjectNameWithoutUniqueness()" classname="org.springframework.jmx.export.MBeanExporterOperationsTests" time="0.007"/>
  <system-out><![CDATA[]]></system-out>
  <system-err><![CDATA[]]></system-err>
</testsuite>
