<?xml version="1.0" encoding="UTF-8"?>
<testsuite name="org.springframework.context.annotation.spr8761.Spr8761Tests" tests="1" skipped="0" failures="0" errors="0" timestamp="2020-04-15T13:43:11" hostname="PandaroiddeiMac.local" time="0.005">
  <properties/>
  <testcase name="repro()" classname="org.springframework.context.annotation.spr8761.Spr8761Tests" time="0.005"/>
  <system-out><![CDATA[]]></system-out>
  <system-err><![CDATA[]]></system-err>
</testsuite>
