<?xml version="1.0" encoding="UTF-8"?>
<testsuite name="org.springframework.context.annotation.ConfigurationWithFactoryBeanAndAutowiringTests" tests="7" skipped="0" failures="0" errors="0" timestamp="2020-04-15T13:43:17" hostname="PandaroiddeiMac.local" time="0.106">
  <properties/>
  <testcase name="withConcreteFactoryBeanImplementationAsReturnType()" classname="org.springframework.context.annotation.ConfigurationWithFactoryBeanAndAutowiringTests" time="0.038"/>
  <testcase name="withParameterizedFactoryBeanInterfaceAsReturnType()" classname="org.springframework.context.annotation.ConfigurationWithFactoryBeanAndAutowiringTests" time="0.01"/>
  <testcase name="withFactoryBeanCallingBean()" classname="org.springframework.context.annotation.ConfigurationWithFactoryBeanAndAutowiringTests" time="0.028"/>
  <testcase name="withParameterizedFactoryBeanImplementationAsReturnType()" classname="org.springframework.context.annotation.ConfigurationWithFactoryBeanAndAutowiringTests" time="0.006"/>
  <testcase name="withWildcardParameterizedFactoryBeanInterfaceAsReturnType()" classname="org.springframework.context.annotation.ConfigurationWithFactoryBeanAndAutowiringTests" time="0.01"/>
  <testcase name="withRawFactoryBeanInterfaceAsReturnType()" classname="org.springframework.context.annotation.ConfigurationWithFactoryBeanAndAutowiringTests" time="0.007"/>
  <testcase name="withNonPublicParameterizedFactoryBeanInterfaceAsReturnType()" classname="org.springframework.context.annotation.ConfigurationWithFactoryBeanAndAutowiringTests" time="0.005"/>
  <system-out><![CDATA[]]></system-out>
  <system-err><![CDATA[]]></system-err>
</testsuite>
