<?xml version="1.0" encoding="UTF-8"?>
<testsuite name="org.springframework.context.annotation.configuration.AutowiredConfigurationTests" tests="15" skipped="0" failures="0" errors="0" timestamp="2020-04-15T13:43:10" hostname="PandaroiddeiMac.local" time="0.447">
  <properties/>
  <testcase name="testAutowiredConfigurationDependencies()" classname="org.springframework.context.annotation.configuration.AutowiredConfigurationTests" time="0.022"/>
  <testcase name="testValueInjectionWithProviderFields()" classname="org.springframework.context.annotation.configuration.AutowiredConfigurationTests" time="0.121"/>
  <testcase name="testValueInjectionWithProviderConstructorArguments()" classname="org.springframework.context.annotation.configuration.AutowiredConfigurationTests" time="0.005"/>
  <testcase name="testAutowiredConfigurationMethodDependencies()" classname="org.springframework.context.annotation.configuration.AutowiredConfigurationTests" time="0.008"/>
  <testcase name="testAutowiredSingleConstructorSupported()" classname="org.springframework.context.annotation.configuration.AutowiredConfigurationTests" time="0.03"/>
  <testcase name="testValueInjectionWithAliasedMetaAnnotation()" classname="org.springframework.context.annotation.configuration.AutowiredConfigurationTests" time="0.044"/>
  <testcase name="testObjectFactoryConstructorWithTypeVariable()" classname="org.springframework.context.annotation.configuration.AutowiredConfigurationTests" time="0.03"/>
  <testcase name="testAutowiredAnnotatedConstructorSupported()" classname="org.springframework.context.annotation.configuration.AutowiredConfigurationTests" time="0.02"/>
  <testcase name="testValueInjectionWithMetaAnnotation()" classname="org.springframework.context.annotation.configuration.AutowiredConfigurationTests" time="0.012"/>
  <testcase name="testAutowiredConfigurationMethodDependenciesWithOptionalAndAvailable()" classname="org.springframework.context.annotation.configuration.AutowiredConfigurationTests" time="0.006"/>
  <testcase name="testValueInjectionWithProviderMethodArguments()" classname="org.springframework.context.annotation.configuration.AutowiredConfigurationTests" time="0.01"/>
  <testcase name="testCustomPropertiesWithGenericContext()" classname="org.springframework.context.annotation.configuration.AutowiredConfigurationTests" time="0.049"/>
  <testcase name="testAutowiredConfigurationMethodDependenciesWithOptionalAndNotAvailable()" classname="org.springframework.context.annotation.configuration.AutowiredConfigurationTests" time="0.004"/>
  <testcase name="testValueInjection()" classname="org.springframework.context.annotation.configuration.AutowiredConfigurationTests" time="0.047"/>
  <testcase name="testCustomPropertiesWithClassPathContext()" classname="org.springframework.context.annotation.configuration.AutowiredConfigurationTests" time="0.031"/>
  <system-out><![CDATA[]]></system-out>
  <system-err><![CDATA[]]></system-err>
</testsuite>
