<?xml version="1.0" encoding="UTF-8"?>
<testsuite name="org.springframework.remoting.support.RemoteInvocationUtilsTests" tests="2" skipped="0" failures="0" errors="0" timestamp="2020-04-15T13:43:03" hostname="PandaroiddeiMac.local" time="0.144">
  <properties/>
  <testcase name="fillInClientStackTraceIfPossibleWithNullThrowable()" classname="org.springframework.remoting.support.RemoteInvocationUtilsTests" time="0.018"/>
  <testcase name="fillInClientStackTraceIfPossibleSunnyDay()" classname="org.springframework.remoting.support.RemoteInvocationUtilsTests" time="0.125"/>
  <system-out><![CDATA[]]></system-out>
  <system-err><![CDATA[]]></system-err>
</testsuite>
