<?xml version="1.0" encoding="UTF-8"?>
<testsuite name="org.springframework.aop.aspectj.autoproxy.AspectJAutoProxyCreatorAndLazyInitTargetSourceTests" tests="1" skipped="0" failures="0" errors="0" timestamp="2020-04-15T13:44:04" hostname="PandaroiddeiMac.local" time="0.01">
  <properties/>
  <testcase name="testAdrian()" classname="org.springframework.aop.aspectj.autoproxy.AspectJAutoProxyCreatorAndLazyInitTargetSourceTests" time="0.01"/>
  <system-out><![CDATA[]]></system-out>
  <system-err><![CDATA[]]></system-err>
</testsuite>
