<?xml version="1.0" encoding="UTF-8"?>
<testsuite name="org.springframework.scheduling.config.ScheduledTasksBeanDefinitionParserTests" tests="6" skipped="0" failures="0" errors="0" timestamp="2020-04-15T13:43:54" hostname="PandaroiddeiMac.local" time="0.084">
  <properties/>
  <testcase name="fixedDelayTasks()" classname="org.springframework.scheduling.config.ScheduledTasksBeanDefinitionParserTests" time="0.022"/>
  <testcase name="triggerTasks()" classname="org.springframework.scheduling.config.ScheduledTasksBeanDefinitionParserTests" time="0.013"/>
  <testcase name="fixedRateTasks()" classname="org.springframework.scheduling.config.ScheduledTasksBeanDefinitionParserTests" time="0.012"/>
  <testcase name="checkTarget()" classname="org.springframework.scheduling.config.ScheduledTasksBeanDefinitionParserTests" time="0.015"/>
  <testcase name="cronTasks()" classname="org.springframework.scheduling.config.ScheduledTasksBeanDefinitionParserTests" time="0.013"/>
  <testcase name="checkScheduler()" classname="org.springframework.scheduling.config.ScheduledTasksBeanDefinitionParserTests" time="0.009"/>
  <system-out><![CDATA[]]></system-out>
  <system-err><![CDATA[]]></system-err>
</testsuite>
