<?xml version="1.0" encoding="UTF-8"?>
<testsuite name="org.springframework.transaction.reactive.TransactionalOperatorTests" tests="7" skipped="0" failures="0" errors="0" timestamp="2020-04-15T14:22:28" hostname="PandaroiddeiMac.local" time="0.304">
  <properties/>
  <testcase name="commitWithFlux()" classname="org.springframework.transaction.reactive.TransactionalOperatorTests" time="0.163"/>
  <testcase name="commitWithMono()" classname="org.springframework.transaction.reactive.TransactionalOperatorTests" time="0.012"/>
  <testcase name="cancellationPropagatedToFlux()" classname="org.springframework.transaction.reactive.TransactionalOperatorTests" time="0.096"/>
  <testcase name="cancellationPropagatedToMono()" classname="org.springframework.transaction.reactive.TransactionalOperatorTests" time="0.006"/>
  <testcase name="rollbackWithFlux()" classname="org.springframework.transaction.reactive.TransactionalOperatorTests" time="0.005"/>
  <testcase name="rollbackWithMono()" classname="org.springframework.transaction.reactive.TransactionalOperatorTests" time="0.003"/>
  <testcase name="monoSubscriptionNotCancelled()" classname="org.springframework.transaction.reactive.TransactionalOperatorTests" time="0.009"/>
  <system-out><![CDATA[]]></system-out>
  <system-err><![CDATA[]]></system-err>
</testsuite>
