<?xml version="1.0" encoding="UTF-8"?>
<testsuite name="org.springframework.context.support.ClassPathXmlApplicationContextTests" tests="1" skipped="0" failures="0" errors="0" timestamp="2020-04-16T03:29:04" hostname="PandaroiddeiMac.local" time="4647.015">
  <properties/>
  <testcase name="testSingleConfigLocation()" classname="org.springframework.context.support.ClassPathXmlApplicationContextTests" time="4647.015"/>
  <system-out><![CDATA[]]></system-out>
  <system-err><![CDATA[]]></system-err>
</testsuite>
