<?xml version="1.0" encoding="UTF-8"?>
<testsuite name="org.springframework.beans.factory.config.SimpleScopeTests" tests="1" skipped="0" failures="0" errors="0" timestamp="2020-04-15T13:41:29" hostname="PandaroiddeiMac.local" time="0.007">
  <properties/>
  <testcase name="testCanGetScopedObject()" classname="org.springframework.beans.factory.config.SimpleScopeTests" time="0.007"/>
  <system-out><![CDATA[]]></system-out>
  <system-err><![CDATA[]]></system-err>
</testsuite>
