<?xml version="1.0" encoding="UTF-8"?>
<testsuite name="org.springframework.beans.PropertyMatchesTests" tests="12" skipped="0" failures="0" errors="0" timestamp="2020-04-15T13:41:18" hostname="PandaroiddeiMac.local" time="5.771">
  <properties/>
  <testcase name="complexFieldPropertyErrorMessage()" classname="org.springframework.beans.PropertyMatchesTests" time="0.124"/>
  <testcase name="unknownFieldProperty()" classname="org.springframework.beans.PropertyMatchesTests" time="0.016"/>
  <testcase name="complexBeanPropertyErrorMessage()" classname="org.springframework.beans.PropertyMatchesTests" time="5.609"/>
  <testcase name="complexFieldPropertyTypo()" classname="org.springframework.beans.PropertyMatchesTests" time="0.002"/>
  <testcase name="simpleFieldPropertyTypo()" classname="org.springframework.beans.PropertyMatchesTests" time="0.008"/>
  <testcase name="simpleFieldPropertyErrorMessage()" classname="org.springframework.beans.PropertyMatchesTests" time="0.001"/>
  <testcase name="simpleBeanPropertyErrorMessage()" classname="org.springframework.beans.PropertyMatchesTests" time="0.0"/>
  <testcase name="unknownBeanProperty()" classname="org.springframework.beans.PropertyMatchesTests" time="0.0"/>
  <testcase name="complexBeanPropertyTypo()" classname="org.springframework.beans.PropertyMatchesTests" time="0.001"/>
  <testcase name="severalMatchesFieldProperty()" classname="org.springframework.beans.PropertyMatchesTests" time="0.0"/>
  <testcase name="simpleBeanPropertyTypo()" classname="org.springframework.beans.PropertyMatchesTests" time="0.001"/>
  <testcase name="severalMatchesBeanProperty()" classname="org.springframework.beans.PropertyMatchesTests" time="0.001"/>
  <system-out><![CDATA[]]></system-out>
  <system-err><![CDATA[]]></system-err>
</testsuite>
