<?xml version="1.0" encoding="UTF-8"?>
<testsuite name="org.springframework.beans.factory.BeanFactoryExtensionsTests" tests="4" skipped="0" failures="0" errors="0" timestamp="2020-04-15T13:41:49" hostname="PandaroiddeiMac.local" time="6.79">
  <properties/>
  <testcase name="getBean with reified type parameters and varargs()" classname="org.springframework.beans.factory.BeanFactoryExtensionsTests" time="6.409"/>
  <testcase name="getBean with reified type parameters()" classname="org.springframework.beans.factory.BeanFactoryExtensionsTests" time="0.007"/>
  <testcase name="getBean with String and reified type parameters()" classname="org.springframework.beans.factory.BeanFactoryExtensionsTests" time="0.004"/>
  <testcase name="getBeanProvider with reified type parameters()" classname="org.springframework.beans.factory.BeanFactoryExtensionsTests" time="0.359"/>
  <system-out><![CDATA[]]></system-out>
  <system-err><![CDATA[]]></system-err>
</testsuite>
