<?xml version="1.0" encoding="UTF-8"?>
<testsuite name="org.springframework.beans.factory.xml.DuplicateBeanIdTests" tests="2" skipped="0" failures="0" errors="0" timestamp="2020-04-15T13:41:30" hostname="PandaroiddeiMac.local" time="0.014">
  <properties/>
  <testcase name="duplicateBeanIdsAcrossNestingLevels()" classname="org.springframework.beans.factory.xml.DuplicateBeanIdTests" time="0.006"/>
  <testcase name="duplicateBeanIdsWithinSameNestingLevelRaisesError()" classname="org.springframework.beans.factory.xml.DuplicateBeanIdTests" time="0.008"/>
  <system-out><![CDATA[]]></system-out>
  <system-err><![CDATA[]]></system-err>
</testsuite>
