<?xml version="1.0" encoding="UTF-8"?>
<testsuite name="org.springframework.jms.support.JmsMessageHeaderAccessorTests" tests="1" skipped="0" failures="0" errors="0" timestamp="2020-04-14T12:52:07" hostname="bamboo-21" time="0.007">
  <properties/>
  <testcase name="validateJmsHeaders()" classname="org.springframework.jms.support.JmsMessageHeaderAccessorTests" time="0.007"/>
  <system-out><![CDATA[]]></system-out>
  <system-err><![CDATA[]]></system-err>
</testsuite>
