<?xml version="1.0" encoding="UTF-8"?>
<testsuite name="org.springframework.jms.config.JmsListenerEndpointTests" tests="5" skipped="0" failures="0" errors="0" timestamp="2020-04-14T12:52:04" hostname="bamboo-21" time="0.073">
  <properties/>
  <testcase name="setupMessageContainerNoListener()" classname="org.springframework.jms.config.JmsListenerEndpointTests" time="0.005"/>
  <testcase name="setupJcaMessageContainerFullConfig()" classname="org.springframework.jms.config.JmsListenerEndpointTests" time="0.0"/>
  <testcase name="setupMessageContainerUnsupportedContainer()" classname="org.springframework.jms.config.JmsListenerEndpointTests" time="0.065"/>
  <testcase name="setupJmsMessageContainerFullConfig()" classname="org.springframework.jms.config.JmsListenerEndpointTests" time="0.001"/>
  <testcase name="setupConcurrencySimpleContainer()" classname="org.springframework.jms.config.JmsListenerEndpointTests" time="0.001"/>
  <system-out><![CDATA[]]></system-out>
  <system-err><![CDATA[]]></system-err>
</testsuite>
