<?xml version="1.0" encoding="UTF-8"?>
<testsuite name="org.springframework.test.context.web.RequestAndSessionScopedBeansWacTests" tests="2" skipped="0" failures="0" errors="0" timestamp="2020-04-15T14:25:25" hostname="PandaroiddeiMac.local" time="0.018">
  <properties/>
  <testcase name="sessionScope()" classname="org.springframework.test.context.web.RequestAndSessionScopedBeansWacTests" time="0.008"/>
  <testcase name="requestScope()" classname="org.springframework.test.context.web.RequestAndSessionScopedBeansWacTests" time="0.009"/>
  <system-out><![CDATA[]]></system-out>
  <system-err><![CDATA[]]></system-err>
</testsuite>
