<?xml version="1.0" encoding="UTF-8"?>
<testsuite name="org.springframework.mock.web.MockMultipartHttpServletRequestTests" tests="3" skipped="0" failures="0" errors="0" timestamp="2020-04-15T14:25:55" hostname="PandaroiddeiMac.local" time="0.004">
  <properties/>
  <testcase name="mockMultiPartHttpServletRequestWithMixedData()" classname="org.springframework.mock.web.MockMultipartHttpServletRequestTests" time="0.001"/>
  <testcase name="mockMultipartHttpServletRequestWithByteArray()" classname="org.springframework.mock.web.MockMultipartHttpServletRequestTests" time="0.002"/>
  <testcase name="mockMultipartHttpServletRequestWithInputStream()" classname="org.springframework.mock.web.MockMultipartHttpServletRequestTests" time="0.001"/>
  <system-out><![CDATA[]]></system-out>
  <system-err><![CDATA[]]></system-err>
</testsuite>
