<?xml version="1.0" encoding="UTF-8"?>
<testsuite name="org.springframework.test.web.servlet.samples.context.WebAppResourceTests" tests="3" skipped="0" failures="0" errors="0" timestamp="2020-04-15T14:25:31" hostname="PandaroiddeiMac.local" time="0.078">
  <properties/>
  <testcase name="resourcesViaDefaultServlet()" classname="org.springframework.test.web.servlet.samples.context.WebAppResourceTests" time="0.007"/>
  <testcase name="tilesDefinitions()" classname="org.springframework.test.web.servlet.samples.context.WebAppResourceTests" time="0.033"/>
  <testcase name="resourceRequest()" classname="org.springframework.test.web.servlet.samples.context.WebAppResourceTests" time="0.038"/>
  <system-out><![CDATA[]]></system-out>
  <system-err><![CDATA[]]></system-err>
</testsuite>
