<?xml version="1.0" encoding="UTF-8"?>
<testsuite name="org.springframework.test.context.junit4.BeforeAndAfterTransactionAnnotationTests" tests="3" skipped="0" failures="0" errors="0" timestamp="2020-04-15T14:26:07" hostname="PandaroiddeiMac.local" time="0.014">
  <properties/>
  <testcase name="transactionalMethod1" classname="org.springframework.test.context.junit4.BeforeAndAfterTransactionAnnotationTests" time="0.003"/>
  <testcase name="transactionalMethod2" classname="org.springframework.test.context.junit4.BeforeAndAfterTransactionAnnotationTests" time="0.003"/>
  <testcase name="nonTransactionalMethod" classname="org.springframework.test.context.junit4.BeforeAndAfterTransactionAnnotationTests" time="0.007"/>
  <system-out><![CDATA[]]></system-out>
  <system-err><![CDATA[]]></system-err>
</testsuite>
