<?xml version="1.0" encoding="UTF-8"?>
<testsuite name="org.springframework.test.context.jdbc.NonTransactionalSqlScriptsTests" tests="2" skipped="0" failures="0" errors="0" timestamp="2020-04-15T14:25:26" hostname="PandaroiddeiMac.local" time="0.017">
  <properties/>
  <testcase name="classLevelScripts()" classname="org.springframework.test.context.jdbc.NonTransactionalSqlScriptsTests" time="0.015"/>
  <testcase name="methodLevelScripts()" classname="org.springframework.test.context.jdbc.NonTransactionalSqlScriptsTests" time="0.002"/>
  <system-out><![CDATA[]]></system-out>
  <system-err><![CDATA[]]></system-err>
</testsuite>
