<?xml version="1.0" encoding="UTF-8"?>
<testsuite name="org.springframework.test.context.jdbc.MultipleDataSourcesAndTransactionManagersSqlScriptsTests" tests="2" skipped="0" failures="0" errors="0" timestamp="2020-04-15T14:25:25" hostname="PandaroiddeiMac.local" time="0.006">
  <properties/>
  <testcase name="database1()" classname="org.springframework.test.context.jdbc.MultipleDataSourcesAndTransactionManagersSqlScriptsTests" time="0.004"/>
  <testcase name="database2()" classname="org.springframework.test.context.jdbc.MultipleDataSourcesAndTransactionManagersSqlScriptsTests" time="0.002"/>
  <system-out><![CDATA[]]></system-out>
  <system-err><![CDATA[]]></system-err>
</testsuite>
