<?xml version="1.0" encoding="UTF-8"?>
<testsuite name="org.springframework.test.context.web.ServletTestExecutionListenerTests" tests="6" skipped="0" failures="0" errors="0" timestamp="2020-04-15T14:25:25" hostname="PandaroiddeiMac.local" time="0.082">
  <properties/>
  <testcase name="legacyWebTestCaseWithPresetRequestAttributes()" classname="org.springframework.test.context.web.ServletTestExecutionListenerTests" time="0.002"/>
  <testcase name="standardApplicationContext()" classname="org.springframework.test.context.web.ServletTestExecutionListenerTests" time="0.054"/>
  <testcase name="activateListenerWithoutExistingRequestAttributes()" classname="org.springframework.test.context.web.ServletTestExecutionListenerTests" time="0.002"/>
  <testcase name="atWebAppConfigTestCaseWithoutExistingRequestAttributes()" classname="org.springframework.test.context.web.ServletTestExecutionListenerTests" time="0.003"/>
  <testcase name="legacyWebTestCaseWithoutExistingRequestAttributes()" classname="org.springframework.test.context.web.ServletTestExecutionListenerTests" time="0.001"/>
  <testcase name="atWebAppConfigTestCaseWithPresetRequestAttributes()" classname="org.springframework.test.context.web.ServletTestExecutionListenerTests" time="0.018"/>
  <system-out><![CDATA[]]></system-out>
  <system-err><![CDATA[]]></system-err>
</testsuite>
