<?xml version="1.0" encoding="UTF-8"?>
<testsuite name="org.springframework.mock.web.MockServletContextTests$MockServletContextWithFileSystemResourceLoaderTests" tests="4" skipped="0" failures="0" errors="0" timestamp="2020-04-15T14:25:55" hostname="PandaroiddeiMac.local" time="0.019">
  <properties/>
  <testcase name="getResourceWithRelativePathToWindowsCDrive()" classname="org.springframework.mock.web.MockServletContextTests$MockServletContextWithFileSystemResourceLoaderTests" time="0.002"/>
  <testcase name="getResourcePathsWithRelativePathToWindowsCDrive()" classname="org.springframework.mock.web.MockServletContextTests$MockServletContextWithFileSystemResourceLoaderTests" time="0.001"/>
  <testcase name="getRealPathWithRelativePathToWindowsCDrive()" classname="org.springframework.mock.web.MockServletContextTests$MockServletContextWithFileSystemResourceLoaderTests" time="0.003"/>
  <testcase name="getResourceAsStreamWithRelativePathToWindowsCDrive()" classname="org.springframework.mock.web.MockServletContextTests$MockServletContextWithFileSystemResourceLoaderTests" time="0.0"/>
  <system-out><![CDATA[]]></system-out>
  <system-err><![CDATA[]]></system-err>
</testsuite>
