<?xml version="1.0" encoding="UTF-8"?>
<testsuite name="org.springframework.test.util.ReflectionTestUtilsTests" tests="46" skipped="1" failures="0" errors="0" timestamp="2020-04-15T14:25:30" hostname="PandaroiddeiMac.local" time="0.085">
  <properties/>
  <testcase name="invokeStaticMethodWithNullMethodName()" classname="org.springframework.test.util.ReflectionTestUtilsTests" time="0.003"/>
  <testcase name="invokePrivateStaticMethodWithoutArguments()" classname="org.springframework.test.util.ReflectionTestUtilsTests" time="0.001"/>
  <testcase name="invokeMethodWithTooManyArguments()" classname="org.springframework.test.util.ReflectionTestUtilsTests" time="0.001"/>
  <testcase name="setFieldWithNullValueForPrimitiveLong()" classname="org.springframework.test.util.ReflectionTestUtilsTests" time="0.001"/>
  <testcase name="setFieldWithNullTargetObject()" classname="org.springframework.test.util.ReflectionTestUtilsTests" time="0.002"/>
  <testcase name="invokeMethodWithAutoboxingAndUnboxing()" classname="org.springframework.test.util.ReflectionTestUtilsTests" time="0.001"/>
  <testcase name="invokeMethodWithIncompatibleArgumentTypes()" classname="org.springframework.test.util.ReflectionTestUtilsTests" time="0.001"/>
  <testcase name="setFieldOnLegacyEntityWithSideEffectsInToString()" classname="org.springframework.test.util.ReflectionTestUtilsTests" time="0.0"/>
  <testcase name="setFieldWithNullTargetClass()" classname="org.springframework.test.util.ReflectionTestUtilsTests" time="0.001"/>
  <testcase name="setFieldWithNullValueForPrimitiveInt()" classname="org.springframework.test.util.ReflectionTestUtilsTests" time="0.0"/>
  <testcase name="invokePublicStaticMethodWithoutArguments()" classname="org.springframework.test.util.ReflectionTestUtilsTests" time="0.001"/>
  <testcase name="setFieldWithNullValuesForNonPrimitives()" classname="org.springframework.test.util.ReflectionTestUtilsTests" time="0.001"/>
  <testcase name="invokeSetterMethodAndInvokeGetterMethodWithExplicitMethodNames()" classname="org.springframework.test.util.ReflectionTestUtilsTests" time="0.002"/>
  <testcase name="setFieldAndGetFieldForStandardUseCases()" classname="org.springframework.test.util.ReflectionTestUtilsTests" time="0.002"/>
  <testcase name="invokeGetterMethodOnLegacyEntityWithSideEffectsInToString()" classname="org.springframework.test.util.ReflectionTestUtilsTests" time="0.0"/>
  <testcase name="setFieldAndGetFieldViaCglibProxy()" classname="org.springframework.test.util.ReflectionTestUtilsTests" time="0.023"/>
  <testcase name="invokeMethodWithPrimitiveVarArgsAsSingleArgument()" classname="org.springframework.test.util.ReflectionTestUtilsTests" time="0.001"/>
  <testcase name="setFieldAndGetFieldViaJdkDynamicProxy()" classname="org.springframework.test.util.ReflectionTestUtilsTests" time="0.009"/>
  <testcase name="invokeStaticMethodWithNullTargetObjectAndNullTargetClass()" classname="org.springframework.test.util.ReflectionTestUtilsTests" time="0.0"/>
  <testcase name="invokeStaticMethodWithNullTargetClass()" classname="org.springframework.test.util.ReflectionTestUtilsTests" time="0.0"/>
  <testcase name="invokeMethodWithPrimitiveVarArgs()" classname="org.springframework.test.util.ReflectionTestUtilsTests" time="0.0">
    <skipped/>
  </testcase>
  <testcase name="invokeSetterMethodWithNullValuesForNonPrimitives()" classname="org.springframework.test.util.ReflectionTestUtilsTests" time="0.0"/>
  <testcase name="setStaticFieldViaClassWithExplicitType()" classname="org.springframework.test.util.ReflectionTestUtilsTests" time="0.0"/>
  <testcase name="invokeSetterMethodOnLegacyEntityWithSideEffectsInToString()" classname="org.springframework.test.util.ReflectionTestUtilsTests" time="0.001"/>
  <testcase name="invokeSetterMethodWithNullValueForPrimitiveLong()" classname="org.springframework.test.util.ReflectionTestUtilsTests" time="0.001"/>
  <testcase name="invokePublicStaticVoidMethodWithArguments()" classname="org.springframework.test.util.ReflectionTestUtilsTests" time="0.002"/>
  <testcase name="getFieldWithNullTargetClass()" classname="org.springframework.test.util.ReflectionTestUtilsTests" time="0.0"/>
  <testcase name="invokeMethodOnLegacyEntityWithSideEffectsInToString()" classname="org.springframework.test.util.ReflectionTestUtilsTests" time="0.0"/>
  <testcase name="invokePrivateStaticVoidMethodWithArguments()" classname="org.springframework.test.util.ReflectionTestUtilsTests" time="0.001"/>
  <testcase name="invokeInitMethodBeforeAutowiring()" classname="org.springframework.test.util.ReflectionTestUtilsTests" time="0.0"/>
  <testcase name="invokeSetterMethodWithNullValueForPrimitiveBoolean()" classname="org.springframework.test.util.ReflectionTestUtilsTests" time="0.0"/>
  <testcase name="getStaticFieldViaClass()" classname="org.springframework.test.util.ReflectionTestUtilsTests" time="0.0"/>
  <testcase name="getFieldOnLegacyEntityWithSideEffectsInToString()" classname="org.springframework.test.util.ReflectionTestUtilsTests" time="0.001"/>
  <testcase name="getStaticFieldViaInstance()" classname="org.springframework.test.util.ReflectionTestUtilsTests" time="0.0"/>
  <testcase name="getFieldWithNullTargetObject()" classname="org.springframework.test.util.ReflectionTestUtilsTests" time="0.001"/>
  <testcase name="invokeStaticMethodWithEmptyMethodName()" classname="org.springframework.test.util.ReflectionTestUtilsTests" time="0.0"/>
  <testcase name="setStaticFieldViaInstance()" classname="org.springframework.test.util.ReflectionTestUtilsTests" time="0.001"/>
  <testcase name="invokeMethodWithTooFewArguments()" classname="org.springframework.test.util.ReflectionTestUtilsTests" time="0.0"/>
  <testcase name="invokeSetterMethodAndInvokeGetterMethodWithJavaBeanPropertyNames()" classname="org.springframework.test.util.ReflectionTestUtilsTests" time="0.004"/>
  <testcase name="setFieldWithNullNameAndNullType()" classname="org.springframework.test.util.ReflectionTestUtilsTests" time="0.0"/>
  <testcase name="setStaticFieldViaClass()" classname="org.springframework.test.util.ReflectionTestUtilsTests" time="0.0"/>
  <testcase name="invokeSetterMethodWithNullValueForPrimitiveInt()" classname="org.springframework.test.util.ReflectionTestUtilsTests" time="0.0"/>
  <testcase name="setFieldWithWrongType()" classname="org.springframework.test.util.ReflectionTestUtilsTests" time="0.001"/>
  <testcase name="setFieldWithNullValueForPrimitiveBoolean()" classname="org.springframework.test.util.ReflectionTestUtilsTests" time="0.001"/>
  <testcase name="setFieldWithBogusName()" classname="org.springframework.test.util.ReflectionTestUtilsTests" time="0.001"/>
  <testcase name="invokeMethodSimulatingLifecycleEvents()" classname="org.springframework.test.util.ReflectionTestUtilsTests" time="0.003"/>
  <system-out><![CDATA[22:25:30.216 [Test worker] DEBUG o.s.t.u.ReflectionTestUtils - Invoking method 'privateMethod' on target object [null] or target class [org.springframework.test.util.subpackage.StaticMethods] with arguments {}
22:25:30.218 [Test worker] DEBUG o.s.t.u.ReflectionTestUtils - Setting field 'id' of type [long] on target object [[PersonEntity@f42cef5 id = 0, name = [null], age = 0, eyeColor = [null], likesPets = false, favoriteNumber = [null]]] or target class [class org.springframework.test.util.subpackage.PersonEntity] to value [null]
22:25:30.222 [Test worker] DEBUG o.s.t.u.ReflectionTestUtils - Invoking method 'subtract' on target object [org.springframework.test.util.subpackage.Component@1664ba7d] or target class [null] with arguments {5, 2}
22:25:30.224 [Test worker] DEBUG o.s.t.u.ReflectionTestUtils - Setting field 'collaborator' of type [class java.lang.Object] on target of type [org.springframework.test.util.subpackage.LegacyEntity] whose toString() method threw [org.springframework.test.util.subpackage.LegacyEntityException: Invoking toString() on the default collaborator causes an undesirable side effect] or target class [class org.springframework.test.util.subpackage.LegacyEntity] to value [test collaborator]
22:25:30.225 [Test worker] DEBUG o.s.t.u.ReflectionTestUtils - Setting field 'age' of type [int] on target object [[PersonEntity@23a296d7 id = 0, name = [null], age = 0, eyeColor = [null], likesPets = false, favoriteNumber = [null]]] or target class [class org.springframework.test.util.subpackage.PersonEntity] to value [null]
22:25:30.226 [Test worker] DEBUG o.s.t.u.ReflectionTestUtils - Invoking method 'publicMethod' on target object [null] or target class [org.springframework.test.util.subpackage.StaticMethods] with arguments {}
22:25:30.226 [Test worker] DEBUG o.s.t.u.ReflectionTestUtils - Setting field 'name' of type [null] on target object [[PersonEntity@7dbf21f8 id = 0, name = [null], age = 0, eyeColor = [null], likesPets = false, favoriteNumber = [null]]] or target class [class org.springframework.test.util.subpackage.PersonEntity] to value [Tom]
22:25:30.227 [Test worker] DEBUG o.s.t.u.ReflectionTestUtils - Setting field 'eyeColor' of type [class java.lang.String] on target object [[PersonEntity@7dbf21f8 id = 0, name = 'Tom', age = 0, eyeColor = [null], likesPets = false, favoriteNumber = [null]]] or target class [class org.springframework.test.util.subpackage.PersonEntity] to value [blue]
22:25:30.227 [Test worker] DEBUG o.s.t.u.ReflectionTestUtils - Setting field 'favoriteNumber' of type [class java.lang.Number] on target object [[PersonEntity@7dbf21f8 id = 0, name = 'Tom', age = 0, eyeColor = 'blue', likesPets = false, favoriteNumber = [null]]] or target class [class org.springframework.test.util.subpackage.PersonEntity] to value [3.142857]
22:25:30.227 [Test worker] DEBUG o.s.t.u.ReflectionTestUtils - Setting field 'name' of type [class java.lang.String] on target object [[PersonEntity@7dbf21f8 id = 0, name = 'Tom', age = 0, eyeColor = 'blue', likesPets = false, favoriteNumber = 3.142857]] or target class [class org.springframework.test.util.subpackage.PersonEntity] to value [null]
22:25:30.227 [Test worker] DEBUG o.s.t.u.ReflectionTestUtils - Setting field 'eyeColor' of type [class java.lang.String] on target object [[PersonEntity@7dbf21f8 id = 0, name = [null], age = 0, eyeColor = 'blue', likesPets = false, favoriteNumber = 3.142857]] or target class [class org.springframework.test.util.subpackage.PersonEntity] to value [null]
22:25:30.227 [Test worker] DEBUG o.s.t.u.ReflectionTestUtils - Setting field 'favoriteNumber' of type [class java.lang.Number] on target object [[PersonEntity@7dbf21f8 id = 0, name = [null], age = 0, eyeColor = [null], likesPets = false, favoriteNumber = 3.142857]] or target class [class org.springframework.test.util.subpackage.PersonEntity] to value [null]
22:25:30.227 [Test worker] DEBUG o.s.t.u.ReflectionTestUtils - Invoking setter method 'setId' on target object [[PersonEntity@2e87842 id = 0, name = [null], age = 0, eyeColor = [null], likesPets = false, favoriteNumber = [null]]] with value [1]
22:25:30.228 [Test worker] DEBUG o.s.t.u.ReflectionTestUtils - Invoking setter method 'setName' on target object [[PersonEntity@2e87842 id = 1, name = [null], age = 0, eyeColor = [null], likesPets = false, favoriteNumber = [null]]] with value [Jerry]
22:25:30.228 [Test worker] DEBUG o.s.t.u.ReflectionTestUtils - Invoking setter method 'setAge' on target object [[PersonEntity@2e87842 id = 1, name = 'Jerry', age = 0, eyeColor = [null], likesPets = false, favoriteNumber = [null]]] with value [33]
22:25:30.228 [Test worker] DEBUG o.s.t.u.ReflectionTestUtils - Invoking setter method 'setEyeColor' on target object [[PersonEntity@2e87842 id = 1, name = 'Jerry', age = 33, eyeColor = [null], likesPets = false, favoriteNumber = [null]]] with value [green]
22:25:30.228 [Test worker] DEBUG o.s.t.u.ReflectionTestUtils - Invoking setter method 'setLikesPets' on target object [[PersonEntity@2e87842 id = 1, name = 'Jerry', age = 33, eyeColor = 'green', likesPets = false, favoriteNumber = [null]]] with value [false]
22:25:30.228 [Test worker] DEBUG o.s.t.u.ReflectionTestUtils - Invoking setter method 'setFavoriteNumber' on target object [[PersonEntity@2e87842 id = 1, name = 'Jerry', age = 33, eyeColor = 'green', likesPets = false, favoriteNumber = [null]]] with value [42]
22:25:30.229 [Test worker] DEBUG o.s.t.u.ReflectionTestUtils - Invoking getter method 'getId' on target object [[PersonEntity@2e87842 id = 1, name = 'Jerry', age = 33, eyeColor = 'green', likesPets = false, favoriteNumber = 42]]
22:25:30.229 [Test worker] DEBUG o.s.t.u.ReflectionTestUtils - Invoking getter method 'getName' on target object [[PersonEntity@2e87842 id = 1, name = 'Jerry', age = 33, eyeColor = 'green', likesPets = false, favoriteNumber = 42]]
22:25:30.229 [Test worker] DEBUG o.s.t.u.ReflectionTestUtils - Invoking getter method 'getAge' on target object [[PersonEntity@2e87842 id = 1, name = 'Jerry', age = 33, eyeColor = 'green', likesPets = false, favoriteNumber = 42]]
22:25:30.229 [Test worker] DEBUG o.s.t.u.ReflectionTestUtils - Invoking getter method 'getEyeColor' on target object [[PersonEntity@2e87842 id = 1, name = 'Jerry', age = 33, eyeColor = 'green', likesPets = false, favoriteNumber = 42]]
22:25:30.229 [Test worker] DEBUG o.s.t.u.ReflectionTestUtils - Invoking getter method 'likesPets' on target object [[PersonEntity@2e87842 id = 1, name = 'Jerry', age = 33, eyeColor = 'green', likesPets = false, favoriteNumber = 42]]
22:25:30.229 [Test worker] DEBUG o.s.t.u.ReflectionTestUtils - Invoking getter method 'getFavoriteNumber' on target object [[PersonEntity@2e87842 id = 1, name = 'Jerry', age = 33, eyeColor = 'green', likesPets = false, favoriteNumber = 42]]
22:25:30.229 [Test worker] DEBUG o.s.t.u.ReflectionTestUtils - Setting field 'id' of type [long] on target object [[PersonEntity@35cb42e6 id = 0, name = [null], age = 0, eyeColor = [null], likesPets = false, favoriteNumber = [null]]] or target class [class org.springframework.test.util.subpackage.PersonEntity] to value [99]
22:25:30.230 [Test worker] DEBUG o.s.t.u.ReflectionTestUtils - Setting field 'name' of type [null] on target object [[PersonEntity@35cb42e6 id = 99, name = [null], age = 0, eyeColor = [null], likesPets = false, favoriteNumber = [null]]] or target class [class org.springframework.test.util.subpackage.PersonEntity] to value [Tom]
22:25:30.230 [Test worker] DEBUG o.s.t.u.ReflectionTestUtils - Setting field 'age' of type [null] on target object [[PersonEntity@35cb42e6 id = 99, name = 'Tom', age = 0, eyeColor = [null], likesPets = false, favoriteNumber = [null]]] or target class [class org.springframework.test.util.subpackage.PersonEntity] to value [42]
22:25:30.230 [Test worker] DEBUG o.s.t.u.ReflectionTestUtils - Setting field 'eyeColor' of type [class java.lang.String] on target object [[PersonEntity@35cb42e6 id = 99, name = 'Tom', age = 42, eyeColor = [null], likesPets = false, favoriteNumber = [null]]] or target class [class org.springframework.test.util.subpackage.PersonEntity] to value [blue]
22:25:30.230 [Test worker] DEBUG o.s.t.u.ReflectionTestUtils - Setting field 'likesPets' of type [null] on target object [[PersonEntity@35cb42e6 id = 99, name = 'Tom', age = 42, eyeColor = 'blue', likesPets = false, favoriteNumber = [null]]] or target class [class org.springframework.test.util.subpackage.PersonEntity] to value [true]
22:25:30.230 [Test worker] DEBUG o.s.t.u.ReflectionTestUtils - Setting field 'favoriteNumber' of type [class java.lang.Number] on target object [[PersonEntity@35cb42e6 id = 99, name = 'Tom', age = 42, eyeColor = 'blue', likesPets = true, favoriteNumber = [null]]] or target class [class org.springframework.test.util.subpackage.PersonEntity] to value [3.142857]
22:25:30.230 [Test worker] DEBUG o.s.t.u.ReflectionTestUtils - Getting field 'id' from target object [[PersonEntity@35cb42e6 id = 99, name = 'Tom', age = 42, eyeColor = 'blue', likesPets = true, favoriteNumber = 3.142857]] or target class [class org.springframework.test.util.subpackage.PersonEntity]
22:25:30.231 [Test worker] DEBUG o.s.t.u.ReflectionTestUtils - Getting field 'name' from target object [[PersonEntity@35cb42e6 id = 99, name = 'Tom', age = 42, eyeColor = 'blue', likesPets = true, favoriteNumber = 3.142857]] or target class [class org.springframework.test.util.subpackage.PersonEntity]
22:25:30.231 [Test worker] DEBUG o.s.t.u.ReflectionTestUtils - Getting field 'age' from target object [[PersonEntity@35cb42e6 id = 99, name = 'Tom', age = 42, eyeColor = 'blue', likesPets = true, favoriteNumber = 3.142857]] or target class [class org.springframework.test.util.subpackage.PersonEntity]
22:25:30.231 [Test worker] DEBUG o.s.t.u.ReflectionTestUtils - Getting field 'eyeColor' from target object [[PersonEntity@35cb42e6 id = 99, name = 'Tom', age = 42, eyeColor = 'blue', likesPets = true, favoriteNumber = 3.142857]] or target class [class org.springframework.test.util.subpackage.PersonEntity]
22:25:30.231 [Test worker] DEBUG o.s.t.u.ReflectionTestUtils - Getting field 'likesPets' from target object [[PersonEntity@35cb42e6 id = 99, name = 'Tom', age = 42, eyeColor = 'blue', likesPets = true, favoriteNumber = 3.142857]] or target class [class org.springframework.test.util.subpackage.PersonEntity]
22:25:30.231 [Test worker] DEBUG o.s.t.u.ReflectionTestUtils - Getting field 'favoriteNumber' from target object [[PersonEntity@35cb42e6 id = 99, name = 'Tom', age = 42, eyeColor = 'blue', likesPets = true, favoriteNumber = 3.142857]] or target class [class org.springframework.test.util.subpackage.PersonEntity]
22:25:30.231 [Test worker] DEBUG o.s.t.u.ReflectionTestUtils - Invoking getter method 'getCollaborator' on target of type [org.springframework.test.util.subpackage.LegacyEntity] whose toString() method threw [org.springframework.test.util.subpackage.LegacyEntityException: Invoking toString() on the default collaborator causes an undesirable side effect]
22:25:30.236 [Test worker] DEBUG o.s.t.u.ReflectionTestUtils - Setting field 'id' of type [long] on target object [[PersonEntity@62300465 id = 0, name = [null], age = 0, eyeColor = [null], likesPets = false, favoriteNumber = [null]]] or target class [class org.springframework.test.util.subpackage.PersonEntity] to value [99]
22:25:30.237 [Test worker] DEBUG o.s.t.u.ReflectionTestUtils - Setting field 'name' of type [null] on target object [[PersonEntity@62300465 id = 99, name = [null], age = 0, eyeColor = [null], likesPets = false, favoriteNumber = [null]]] or target class [class org.springframework.test.util.subpackage.PersonEntity] to value [Tom]
22:25:30.237 [Test worker] DEBUG o.s.t.u.ReflectionTestUtils - Setting field 'age' of type [null] on target object [[PersonEntity@62300465 id = 99, name = 'Tom', age = 0, eyeColor = [null], likesPets = false, favoriteNumber = [null]]] or target class [class org.springframework.test.util.subpackage.PersonEntity] to value [42]
22:25:30.237 [Test worker] DEBUG o.s.t.u.ReflectionTestUtils - Setting field 'eyeColor' of type [class java.lang.String] on target object [[PersonEntity@62300465 id = 99, name = 'Tom', age = 42, eyeColor = [null], likesPets = false, favoriteNumber = [null]]] or target class [class org.springframework.test.util.subpackage.PersonEntity] to value [blue]
22:25:30.237 [Test worker] DEBUG o.s.t.u.ReflectionTestUtils - Setting field 'likesPets' of type [null] on target object [[PersonEntity@62300465 id = 99, name = 'Tom', age = 42, eyeColor = 'blue', likesPets = false, favoriteNumber = [null]]] or target class [class org.springframework.test.util.subpackage.PersonEntity] to value [true]
22:25:30.237 [Test worker] DEBUG o.s.t.u.ReflectionTestUtils - Setting field 'favoriteNumber' of type [class java.lang.Number] on target object [[PersonEntity@62300465 id = 99, name = 'Tom', age = 42, eyeColor = 'blue', likesPets = true, favoriteNumber = [null]]] or target class [class org.springframework.test.util.subpackage.PersonEntity] to value [3.142857]
22:25:30.237 [Test worker] DEBUG o.s.t.u.ReflectionTestUtils - Getting field 'id' from target object [[PersonEntity@62300465 id = 99, name = 'Tom', age = 42, eyeColor = 'blue', likesPets = true, favoriteNumber = 3.142857]] or target class [class org.springframework.test.util.subpackage.PersonEntity]
22:25:30.238 [Test worker] DEBUG o.s.t.u.ReflectionTestUtils - Getting field 'name' from target object [[PersonEntity@62300465 id = 99, name = 'Tom', age = 42, eyeColor = 'blue', likesPets = true, favoriteNumber = 3.142857]] or target class [class org.springframework.test.util.subpackage.PersonEntity]
22:25:30.238 [Test worker] DEBUG o.s.t.u.ReflectionTestUtils - Getting field 'age' from target object [[PersonEntity@62300465 id = 99, name = 'Tom', age = 42, eyeColor = 'blue', likesPets = true, favoriteNumber = 3.142857]] or target class [class org.springframework.test.util.subpackage.PersonEntity]
22:25:30.238 [Test worker] DEBUG o.s.t.u.ReflectionTestUtils - Getting field 'eyeColor' from target object [[PersonEntity@62300465 id = 99, name = 'Tom', age = 42, eyeColor = 'blue', likesPets = true, favoriteNumber = 3.142857]] or target class [class org.springframework.test.util.subpackage.PersonEntity]
22:25:30.238 [Test worker] DEBUG o.s.t.u.ReflectionTestUtils - Getting field 'likesPets' from target object [[PersonEntity@62300465 id = 99, name = 'Tom', age = 42, eyeColor = 'blue', likesPets = true, favoriteNumber = 3.142857]] or target class [class org.springframework.test.util.subpackage.PersonEntity]
22:25:30.238 [Test worker] DEBUG o.s.t.u.ReflectionTestUtils - Getting field 'favoriteNumber' from target object [[PersonEntity@62300465 id = 99, name = 'Tom', age = 42, eyeColor = 'blue', likesPets = true, favoriteNumber = 3.142857]] or target class [class org.springframework.test.util.subpackage.PersonEntity]
22:25:30.257 [Test worker] DEBUG o.s.t.u.ReflectionTestUtils - Invoking method 'add' on target object [org.springframework.test.util.subpackage.Component@7cc527e0] or target class [null] with arguments {[I@10448f00}
22:25:30.260 [Test worker] DEBUG o.s.t.u.ReflectionTestUtils - Setting field 'id' of type [long] on target object [[PersonEntity@342f7b83 id = 0, name = [null], age = 0, eyeColor = [null], likesPets = false, favoriteNumber = [null]]] or target class [class org.springframework.test.util.subpackage.PersonEntity] to value [99]
22:25:30.260 [Test worker] DEBUG o.s.t.u.ReflectionTestUtils - Setting field 'name' of type [null] on target object [[PersonEntity@342f7b83 id = 99, name = [null], age = 0, eyeColor = [null], likesPets = false, favoriteNumber = [null]]] or target class [class org.springframework.test.util.subpackage.PersonEntity] to value [Tom]
22:25:30.260 [Test worker] DEBUG o.s.t.u.ReflectionTestUtils - Setting field 'age' of type [null] on target object [[PersonEntity@342f7b83 id = 99, name = 'Tom', age = 0, eyeColor = [null], likesPets = false, favoriteNumber = [null]]] or target class [class org.springframework.test.util.subpackage.PersonEntity] to value [42]
22:25:30.260 [Test worker] DEBUG o.s.t.u.ReflectionTestUtils - Setting field 'eyeColor' of type [class java.lang.String] on target object [[PersonEntity@342f7b83 id = 99, name = 'Tom', age = 42, eyeColor = [null], likesPets = false, favoriteNumber = [null]]] or target class [class org.springframework.test.util.subpackage.PersonEntity] to value [blue]
22:25:30.261 [Test worker] DEBUG o.s.t.u.ReflectionTestUtils - Setting field 'likesPets' of type [null] on target object [[PersonEntity@342f7b83 id = 99, name = 'Tom', age = 42, eyeColor = 'blue', likesPets = false, favoriteNumber = [null]]] or target class [class org.springframework.test.util.subpackage.PersonEntity] to value [true]
22:25:30.262 [Test worker] DEBUG o.s.t.u.ReflectionTestUtils - Setting field 'favoriteNumber' of type [class java.lang.Number] on target object [[PersonEntity@342f7b83 id = 99, name = 'Tom', age = 42, eyeColor = 'blue', likesPets = true, favoriteNumber = [null]]] or target class [class org.springframework.test.util.subpackage.PersonEntity] to value [3.142857]
22:25:30.263 [Test worker] DEBUG o.s.t.u.ReflectionTestUtils - Getting field 'id' from target object [[PersonEntity@342f7b83 id = 99, name = 'Tom', age = 42, eyeColor = 'blue', likesPets = true, favoriteNumber = 3.142857]] or target class [class org.springframework.test.util.subpackage.PersonEntity]
22:25:30.264 [Test worker] DEBUG o.s.t.u.ReflectionTestUtils - Getting field 'name' from target object [[PersonEntity@342f7b83 id = 99, name = 'Tom', age = 42, eyeColor = 'blue', likesPets = true, favoriteNumber = 3.142857]] or target class [class org.springframework.test.util.subpackage.PersonEntity]
22:25:30.265 [Test worker] DEBUG o.s.t.u.ReflectionTestUtils - Getting field 'age' from target object [[PersonEntity@342f7b83 id = 99, name = 'Tom', age = 42, eyeColor = 'blue', likesPets = true, favoriteNumber = 3.142857]] or target class [class org.springframework.test.util.subpackage.PersonEntity]
22:25:30.265 [Test worker] DEBUG o.s.t.u.ReflectionTestUtils - Getting field 'eyeColor' from target object [[PersonEntity@342f7b83 id = 99, name = 'Tom', age = 42, eyeColor = 'blue', likesPets = true, favoriteNumber = 3.142857]] or target class [class org.springframework.test.util.subpackage.PersonEntity]
22:25:30.265 [Test worker] DEBUG o.s.t.u.ReflectionTestUtils - Getting field 'likesPets' from target object [[PersonEntity@342f7b83 id = 99, name = 'Tom', age = 42, eyeColor = 'blue', likesPets = true, favoriteNumber = 3.142857]] or target class [class org.springframework.test.util.subpackage.PersonEntity]
22:25:30.265 [Test worker] DEBUG o.s.t.u.ReflectionTestUtils - Getting field 'favoriteNumber' from target object [[PersonEntity@342f7b83 id = 99, name = 'Tom', age = 42, eyeColor = 'blue', likesPets = true, favoriteNumber = 3.142857]] or target class [class org.springframework.test.util.subpackage.PersonEntity]
22:25:30.268 [Test worker] DEBUG o.s.t.u.ReflectionTestUtils - Invoking setter method 'setName' on target object [[PersonEntity@3ebe73d8 id = 0, name = [null], age = 0, eyeColor = [null], likesPets = false, favoriteNumber = [null]]] with value [null]
22:25:30.268 [Test worker] DEBUG o.s.t.u.ReflectionTestUtils - Invoking setter method 'setEyeColor' on target object [[PersonEntity@3ebe73d8 id = 0, name = [null], age = 0, eyeColor = [null], likesPets = false, favoriteNumber = [null]]] with value [null]
22:25:30.269 [Test worker] DEBUG o.s.t.u.ReflectionTestUtils - Invoking setter method 'setFavoriteNumber' on target object [[PersonEntity@3ebe73d8 id = 0, name = [null], age = 0, eyeColor = [null], likesPets = false, favoriteNumber = [null]]] with value [null]
22:25:30.269 [Test worker] DEBUG o.s.t.u.ReflectionTestUtils - Setting field 'publicField' of type [class java.lang.String] on target object [null] or target class [class org.springframework.test.util.subpackage.StaticFields] to value [xxx]
22:25:30.269 [Test worker] DEBUG o.s.t.u.ReflectionTestUtils - Setting field 'privateField' of type [class java.lang.String] on target object [null] or target class [class org.springframework.test.util.subpackage.StaticFields] to value [yyy]
22:25:30.270 [Test worker] DEBUG o.s.t.u.ReflectionTestUtils - Invoking setter method 'setCollaborator' on target of type [org.springframework.test.util.subpackage.LegacyEntity] whose toString() method threw [org.springframework.test.util.subpackage.LegacyEntityException: Invoking toString() on the default collaborator causes an undesirable side effect] with value [test collaborator]
22:25:30.271 [Test worker] DEBUG o.s.t.u.ReflectionTestUtils - Invoking setter method 'setId' on target object [[PersonEntity@645b1533 id = 0, name = [null], age = 0, eyeColor = [null], likesPets = false, favoriteNumber = [null]]] with value [null]
22:25:30.272 [Test worker] DEBUG o.s.t.u.ReflectionTestUtils - Invoking method 'publicMethod' on target object [null] or target class [org.springframework.test.util.subpackage.StaticMethods] with arguments {test collaborator}
22:25:30.277 [Test worker] DEBUG o.s.t.u.ReflectionTestUtils - Invoking method 'configure' on target of type [org.springframework.test.util.subpackage.LegacyEntity] whose toString() method threw [org.springframework.test.util.subpackage.LegacyEntityException: Invoking toString() on the default collaborator causes an undesirable side effect] or target class [null] with arguments {42, enigma}
22:25:30.278 [Test worker] DEBUG o.s.t.u.ReflectionTestUtils - Invoking method 'privateMethod' on target object [null] or target class [org.springframework.test.util.subpackage.StaticMethods] with arguments {test collaborator}
22:25:30.278 [Test worker] DEBUG o.s.t.u.ReflectionTestUtils - Invoking method 'init' on target object [org.springframework.test.util.subpackage.Component@60d82f2d] or target class [null] with arguments {}
22:25:30.279 [Test worker] DEBUG o.s.t.u.ReflectionTestUtils - Invoking setter method 'setLikesPets' on target object [[PersonEntity@2ad4ff56 id = 0, name = [null], age = 0, eyeColor = [null], likesPets = false, favoriteNumber = [null]]] with value [null]
22:25:30.280 [Test worker] DEBUG o.s.t.u.ReflectionTestUtils - Getting field 'publicField' from target object [null] or target class [class org.springframework.test.util.subpackage.StaticFields]
22:25:30.280 [Test worker] DEBUG o.s.t.u.ReflectionTestUtils - Getting field 'privateField' from target object [null] or target class [class org.springframework.test.util.subpackage.StaticFields]
22:25:30.281 [Test worker] DEBUG o.s.t.u.ReflectionTestUtils - Getting field 'collaborator' from target of type [org.springframework.test.util.subpackage.LegacyEntity] whose toString() method threw [org.springframework.test.util.subpackage.LegacyEntityException: Invoking toString() on the default collaborator causes an undesirable side effect] or target class [class org.springframework.test.util.subpackage.LegacyEntity]
22:25:30.281 [Test worker] DEBUG o.s.t.u.ReflectionTestUtils - Getting field 'publicField' from target object [org.springframework.test.util.subpackage.StaticFields@65f4193a] or target class [class org.springframework.test.util.subpackage.StaticFields]
22:25:30.281 [Test worker] DEBUG o.s.t.u.ReflectionTestUtils - Getting field 'privateField' from target object [org.springframework.test.util.subpackage.StaticFields@65f4193a] or target class [class org.springframework.test.util.subpackage.StaticFields]
22:25:30.283 [Test worker] DEBUG o.s.t.u.ReflectionTestUtils - Setting field 'publicField' of type [null] on target object [org.springframework.test.util.subpackage.StaticFields@238e7638] or target class [class org.springframework.test.util.subpackage.StaticFields] to value [xxx]
22:25:30.283 [Test worker] DEBUG o.s.t.u.ReflectionTestUtils - Setting field 'privateField' of type [null] on target object [org.springframework.test.util.subpackage.StaticFields@238e7638] or target class [class org.springframework.test.util.subpackage.StaticFields] to value [yyy]
22:25:30.284 [Test worker] DEBUG o.s.t.u.ReflectionTestUtils - Invoking setter method 'setId' on target object [[PersonEntity@d47eb13 id = 0, name = [null], age = 0, eyeColor = [null], likesPets = false, favoriteNumber = [null]]] with value [99]
22:25:30.285 [Test worker] DEBUG o.s.t.u.ReflectionTestUtils - Invoking setter method 'setName' on target object [[PersonEntity@d47eb13 id = 99, name = [null], age = 0, eyeColor = [null], likesPets = false, favoriteNumber = [null]]] with value [Tom]
22:25:30.285 [Test worker] DEBUG o.s.t.u.ReflectionTestUtils - Invoking setter method 'setAge' on target object [[PersonEntity@d47eb13 id = 99, name = 'Tom', age = 0, eyeColor = [null], likesPets = false, favoriteNumber = [null]]] with value [42]
22:25:30.286 [Test worker] DEBUG o.s.t.u.ReflectionTestUtils - Invoking setter method 'setEyeColor' on target object [[PersonEntity@d47eb13 id = 99, name = 'Tom', age = 42, eyeColor = [null], likesPets = false, favoriteNumber = [null]]] with value [blue]
22:25:30.286 [Test worker] DEBUG o.s.t.u.ReflectionTestUtils - Invoking setter method 'setLikesPets' on target object [[PersonEntity@d47eb13 id = 99, name = 'Tom', age = 42, eyeColor = 'blue', likesPets = false, favoriteNumber = [null]]] with value [true]
22:25:30.286 [Test worker] DEBUG o.s.t.u.ReflectionTestUtils - Invoking setter method 'setFavoriteNumber' on target object [[PersonEntity@d47eb13 id = 99, name = 'Tom', age = 42, eyeColor = 'blue', likesPets = true, favoriteNumber = [null]]] with value [3.142857]
22:25:30.287 [Test worker] DEBUG o.s.t.u.ReflectionTestUtils - Invoking getter method 'getId' on target object [[PersonEntity@d47eb13 id = 99, name = 'Tom', age = 42, eyeColor = 'blue', likesPets = true, favoriteNumber = 3.142857]]
22:25:30.287 [Test worker] DEBUG o.s.t.u.ReflectionTestUtils - Invoking getter method 'getName' on target object [[PersonEntity@d47eb13 id = 99, name = 'Tom', age = 42, eyeColor = 'blue', likesPets = true, favoriteNumber = 3.142857]]
22:25:30.287 [Test worker] DEBUG o.s.t.u.ReflectionTestUtils - Invoking getter method 'getAge' on target object [[PersonEntity@d47eb13 id = 99, name = 'Tom', age = 42, eyeColor = 'blue', likesPets = true, favoriteNumber = 3.142857]]
22:25:30.287 [Test worker] DEBUG o.s.t.u.ReflectionTestUtils - Invoking getter method 'getEyeColor' on target object [[PersonEntity@d47eb13 id = 99, name = 'Tom', age = 42, eyeColor = 'blue', likesPets = true, favoriteNumber = 3.142857]]
22:25:30.287 [Test worker] DEBUG o.s.t.u.ReflectionTestUtils - Invoking getter method 'likesPets' on target object [[PersonEntity@d47eb13 id = 99, name = 'Tom', age = 42, eyeColor = 'blue', likesPets = true, favoriteNumber = 3.142857]]
22:25:30.288 [Test worker] DEBUG o.s.t.u.ReflectionTestUtils - Invoking getter method 'getFavoriteNumber' on target object [[PersonEntity@d47eb13 id = 99, name = 'Tom', age = 42, eyeColor = 'blue', likesPets = true, favoriteNumber = 3.142857]]
22:25:30.290 [Test worker] DEBUG o.s.t.u.ReflectionTestUtils - Setting field 'publicField' of type [null] on target object [null] or target class [class org.springframework.test.util.subpackage.StaticFields] to value [xxx]
22:25:30.291 [Test worker] DEBUG o.s.t.u.ReflectionTestUtils - Setting field 'privateField' of type [null] on target object [null] or target class [class org.springframework.test.util.subpackage.StaticFields] to value [yyy]
22:25:30.291 [Test worker] DEBUG o.s.t.u.ReflectionTestUtils - Invoking setter method 'setAge' on target object [[PersonEntity@7278cbba id = 0, name = [null], age = 0, eyeColor = [null], likesPets = false, favoriteNumber = [null]]] with value [null]
22:25:30.293 [Test worker] DEBUG o.s.t.u.ReflectionTestUtils - Setting field 'likesPets' of type [boolean] on target object [[PersonEntity@58bbb61d id = 0, name = [null], age = 0, eyeColor = [null], likesPets = false, favoriteNumber = [null]]] or target class [class org.springframework.test.util.subpackage.PersonEntity] to value [null]
22:25:30.295 [Test worker] DEBUG o.s.t.u.ReflectionTestUtils - Invoking method 'configure' on target object [org.springframework.test.util.subpackage.Component@76952a6d] or target class [null] with arguments {42, enigma}
22:25:30.295 [Test worker] DEBUG o.s.t.u.ReflectionTestUtils - Invoking method 'init' on target object [org.springframework.test.util.subpackage.Component@76952a6d] or target class [null] with arguments {}
22:25:30.297 [Test worker] DEBUG o.s.t.u.ReflectionTestUtils - Invoking method 'destroy' on target object [org.springframework.test.util.subpackage.Component@76952a6d] or target class [null] with arguments {}
]]></system-out>
  <system-err><![CDATA[]]></system-err>
</testsuite>
