<?xml version="1.0" encoding="UTF-8"?>
<testsuite name="org.springframework.mock.web.MockHttpSessionTests" tests="17" skipped="0" failures="0" errors="0" timestamp="2020-04-15T14:25:55" hostname="PandaroiddeiMac.local" time="0.021">
  <properties/>
  <testcase name="getAttributeNamesOnInvalidatedSession()" classname="org.springframework.mock.web.MockHttpSessionTests" time="0.002"/>
  <testcase name="isNewOnInvalidatedSession()" classname="org.springframework.mock.web.MockHttpSessionTests" time="0.0"/>
  <testcase name="invalidateTwice()" classname="org.springframework.mock.web.MockHttpSessionTests" time="0.0"/>
  <testcase name="getValueOnInvalidatedSession()" classname="org.springframework.mock.web.MockHttpSessionTests" time="0.0"/>
  <testcase name="getCreationTimeOnInvalidatedSession()" classname="org.springframework.mock.web.MockHttpSessionTests" time="0.004"/>
  <testcase name="getLastAccessedTimeOnInvalidatedSession()" classname="org.springframework.mock.web.MockHttpSessionTests" time="0.001"/>
  <testcase name="putValueOnInvalidatedSession()" classname="org.springframework.mock.web.MockHttpSessionTests" time="0.001"/>
  <testcase name="bindingListenerBindListenerThenUnbind()" classname="org.springframework.mock.web.MockHttpSessionTests" time="0.001"/>
  <testcase name="getAttributeOnInvalidatedSession()" classname="org.springframework.mock.web.MockHttpSessionTests" time="0.001"/>
  <testcase name="getValueNamesOnInvalidatedSession()" classname="org.springframework.mock.web.MockHttpSessionTests" time="0.003"/>
  <testcase name="removeValueOnInvalidatedSession()" classname="org.springframework.mock.web.MockHttpSessionTests" time="0.001"/>
  <testcase name="removeAttributeOnInvalidatedSession()" classname="org.springframework.mock.web.MockHttpSessionTests" time="0.0"/>
  <testcase name="bindingListenerBindSameListenerTwice()" classname="org.springframework.mock.web.MockHttpSessionTests" time="0.0"/>
  <testcase name="bindingListenerBindListenerOverwrite()" classname="org.springframework.mock.web.MockHttpSessionTests" time="0.0"/>
  <testcase name="invalidateOnce()" classname="org.springframework.mock.web.MockHttpSessionTests" time="0.0"/>
  <testcase name="setAttributeOnInvalidatedSession()" classname="org.springframework.mock.web.MockHttpSessionTests" time="0.001"/>
  <testcase name="bindingListenerBindListener()" classname="org.springframework.mock.web.MockHttpSessionTests" time="0.001"/>
  <system-out><![CDATA[]]></system-out>
  <system-err><![CDATA[]]></system-err>
</testsuite>
