<?xml version="1.0" encoding="UTF-8"?>
<testsuite name="org.springframework.test.context.junit4.rules.RepeatedSpringRuleTests" tests="6" skipped="0" failures="0" errors="0" timestamp="2020-04-15T14:26:09" hostname="PandaroiddeiMac.local" time="0.29">
  <properties/>
  <testcase name="assertRepetitions[NonAnnotatedRepeatedTestCase]" classname="org.springframework.test.context.junit4.rules.RepeatedSpringRuleTests" time="0.003"/>
  <testcase name="assertRepetitions[DefaultRepeatValueRepeatedTestCase]" classname="org.springframework.test.context.junit4.rules.RepeatedSpringRuleTests" time="0.003"/>
  <testcase name="assertRepetitions[NegativeRepeatValueRepeatedTestCase]" classname="org.springframework.test.context.junit4.rules.RepeatedSpringRuleTests" time="0.003"/>
  <testcase name="assertRepetitions[RepeatedFiveTimesRepeatedTestCase]" classname="org.springframework.test.context.junit4.rules.RepeatedSpringRuleTests" time="0.003"/>
  <testcase name="assertRepetitions[RepeatedFiveTimesViaMetaAnnotationRepeatedTestCase]" classname="org.springframework.test.context.junit4.rules.RepeatedSpringRuleTests" time="0.01"/>
  <testcase name="assertRepetitions[TimedRepeatedTestCase]" classname="org.springframework.test.context.junit4.rules.RepeatedSpringRuleTests" time="0.266"/>
  <system-out><![CDATA[]]></system-out>
  <system-err><![CDATA[]]></system-err>
</testsuite>
