<?xml version="1.0" encoding="UTF-8"?>
<testsuite name="org.springframework.test.web.servlet.samples.spr.EncodedUriTests" tests="1" skipped="0" failures="0" errors="0" timestamp="2020-04-15T14:25:40" hostname="PandaroiddeiMac.local" time="0.013">
  <properties/>
  <testcase name="test()" classname="org.springframework.test.web.servlet.samples.spr.EncodedUriTests" time="0.013"/>
  <system-out><![CDATA[]]></system-out>
  <system-err><![CDATA[]]></system-err>
</testsuite>
