<?xml version="1.0" encoding="UTF-8"?>
<testsuite name="org.springframework.test.web.servlet.samples.standalone.resultmatchers.HeaderAssertionTests" tests="15" skipped="0" failures="0" errors="0" timestamp="2020-04-15T14:25:40" hostname="PandaroiddeiMac.local" time="0.464">
  <properties/>
  <testcase name="longValueWithMissingResponseHeader()" classname="org.springframework.test.web.servlet.samples.standalone.resultmatchers.HeaderAssertionTests" time="0.035"/>
  <testcase name="exists()" classname="org.springframework.test.web.servlet.samples.standalone.resultmatchers.HeaderAssertionTests" time="0.034"/>
  <testcase name="stringWithMatcherAndMissingResponseHeader()" classname="org.springframework.test.web.servlet.samples.standalone.resultmatchers.HeaderAssertionTests" time="0.025"/>
  <testcase name="stringWithMatcherAndCorrectResponseHeaderValue()" classname="org.springframework.test.web.servlet.samples.standalone.resultmatchers.HeaderAssertionTests" time="0.031"/>
  <testcase name="multiStringHeaderValue()" classname="org.springframework.test.web.servlet.samples.standalone.resultmatchers.HeaderAssertionTests" time="0.028"/>
  <testcase name="longValueWithIncorrectResponseHeaderValue()" classname="org.springframework.test.web.servlet.samples.standalone.resultmatchers.HeaderAssertionTests" time="0.023"/>
  <testcase name="doesNotExist()" classname="org.springframework.test.web.servlet.samples.standalone.resultmatchers.HeaderAssertionTests" time="0.034"/>
  <testcase name="existsFail()" classname="org.springframework.test.web.servlet.samples.standalone.resultmatchers.HeaderAssertionTests" time="0.031"/>
  <testcase name="doesNotExistFail()" classname="org.springframework.test.web.servlet.samples.standalone.resultmatchers.HeaderAssertionTests" time="0.039"/>
  <testcase name="multiStringHeaderValueWithMatchers()" classname="org.springframework.test.web.servlet.samples.standalone.resultmatchers.HeaderAssertionTests" time="0.023"/>
  <testcase name="stringWithMissingResponseHeader()" classname="org.springframework.test.web.servlet.samples.standalone.resultmatchers.HeaderAssertionTests" time="0.023"/>
  <testcase name="dateValueWithCorrectResponseHeaderValue()" classname="org.springframework.test.web.servlet.samples.standalone.resultmatchers.HeaderAssertionTests" time="0.033"/>
  <testcase name="longValueWithCorrectResponseHeaderValue()" classname="org.springframework.test.web.servlet.samples.standalone.resultmatchers.HeaderAssertionTests" time="0.03"/>
  <testcase name="stringWithMatcherAndIncorrectResponseHeaderValue()" classname="org.springframework.test.web.servlet.samples.standalone.resultmatchers.HeaderAssertionTests" time="0.038"/>
  <testcase name="stringWithCorrectResponseHeaderValue()" classname="org.springframework.test.web.servlet.samples.standalone.resultmatchers.HeaderAssertionTests" time="0.034"/>
  <system-out><![CDATA[]]></system-out>
  <system-err><![CDATA[]]></system-err>
</testsuite>
