<?xml version="1.0" encoding="UTF-8"?>
<testsuite name="org.springframework.test.web.client.samples.MockMvcClientHttpRequestFactoryTests" tests="2" skipped="0" failures="0" errors="0" timestamp="2020-04-15T14:25:54" hostname="PandaroiddeiMac.local" time="0.052">
  <properties/>
  <testcase name="testAsyncTemplate()" classname="org.springframework.test.web.client.samples.MockMvcClientHttpRequestFactoryTests" time="0.03"/>
  <testcase name="test()" classname="org.springframework.test.web.client.samples.MockMvcClientHttpRequestFactoryTests" time="0.022"/>
  <system-out><![CDATA[]]></system-out>
  <system-err><![CDATA[]]></system-err>
</testsuite>
