<?xml version="1.0" encoding="UTF-8"?>
<testsuite name="org.springframework.test.web.servlet.samples.spr.ControllerAdviceIntegrationTests" tests="2" skipped="0" failures="0" errors="0" timestamp="2020-04-15T14:25:41" hostname="PandaroiddeiMac.local" time="0.023">
  <properties/>
  <testcase name="prototypeAndRequestScopedControllerAdviceBeansAreNotCached()" classname="org.springframework.test.web.servlet.samples.spr.ControllerAdviceIntegrationTests" time="0.02"/>
  <testcase name="controllerAdviceIsAppliedOnlyOnce()" classname="org.springframework.test.web.servlet.samples.spr.ControllerAdviceIntegrationTests" time="0.002"/>
  <system-out><![CDATA[]]></system-out>
  <system-err><![CDATA[]]></system-err>
</testsuite>
