<?xml version="1.0" encoding="UTF-8"?>
<testsuite name="org.springframework.test.context.web.MetaAnnotationConfigWacTests" tests="2" skipped="0" failures="0" errors="0" timestamp="2020-04-15T14:25:25" hostname="PandaroiddeiMac.local" time="0.006">
  <properties/>
  <testcase name="basicWacFeatures()" classname="org.springframework.test.context.web.MetaAnnotationConfigWacTests" time="0.004"/>
  <testcase name="fooEnigmaAutowired()" classname="org.springframework.test.context.web.MetaAnnotationConfigWacTests" time="0.001"/>
  <system-out><![CDATA[]]></system-out>
  <system-err><![CDATA[]]></system-err>
</testsuite>
