<?xml version="1.0" encoding="UTF-8"?>
<testsuite name="org.springframework.test.context.junit.jupiter.ComposedSpringExtensionTests" tests="2" skipped="0" failures="0" errors="0" timestamp="2020-04-15T14:25:23" hostname="PandaroiddeiMac.local" time="0.001">
  <properties/>
  <testcase name="applicationContextInjected(ApplicationContext)" classname="org.springframework.test.context.junit.jupiter.ComposedSpringExtensionTests" time="0.001"/>
  <testcase name="springBeansInjected()" classname="org.springframework.test.context.junit.jupiter.ComposedSpringExtensionTests" time="0.0"/>
  <system-out><![CDATA[]]></system-out>
  <system-err><![CDATA[]]></system-err>
</testsuite>
