<?xml version="1.0" encoding="UTF-8"?>
<testsuite name="org.springframework.test.web.servlet.htmlunit.MockMvcWebConnectionTests" tests="6" skipped="0" failures="0" errors="0" timestamp="2020-04-15T14:25:43" hostname="PandaroiddeiMac.local" time="0.586">
  <properties/>
  <testcase name="contextPathDoesNotStartWithSlash()" classname="org.springframework.test.web.servlet.htmlunit.MockMvcWebConnectionTests" time="0.001"/>
  <testcase name="forward()" classname="org.springframework.test.web.servlet.htmlunit.MockMvcWebConnectionTests" time="0.37"/>
  <testcase name="contextPathEmpty()" classname="org.springframework.test.web.servlet.htmlunit.MockMvcWebConnectionTests" time="0.031"/>
  <testcase name="contextPathEndsWithSlash()" classname="org.springframework.test.web.servlet.htmlunit.MockMvcWebConnectionTests" time="0.001"/>
  <testcase name="contextPathExplicit()" classname="org.springframework.test.web.servlet.htmlunit.MockMvcWebConnectionTests" time="0.013"/>
  <testcase name="contextPathNull()" classname="org.springframework.test.web.servlet.htmlunit.MockMvcWebConnectionTests" time="0.023"/>
  <system-out><![CDATA[]]></system-out>
  <system-err><![CDATA[]]></system-err>
</testsuite>
