<?xml version="1.0" encoding="UTF-8"?>
<testsuite name="org.springframework.test.web.servlet.htmlunit.webdriver.MockMvcHtmlUnitDriverBuilderTests" tests="7" skipped="0" failures="0" errors="0" timestamp="2020-04-15T14:25:44" hostname="PandaroiddeiMac.local" time="0.142">
  <properties/>
  <testcase name="mockMvcSetupWithDefaultDriverDelegate()" classname="org.springframework.test.web.servlet.htmlunit.webdriver.MockMvcHtmlUnitDriverBuilderTests" time="0.044"/>
  <testcase name="mockMvcSetupWithCustomDriverDelegate()" classname="org.springframework.test.web.servlet.htmlunit.webdriver.MockMvcHtmlUnitDriverBuilderTests" time="0.014"/>
  <testcase name="cookieManagerShared()" classname="org.springframework.test.web.servlet.htmlunit.webdriver.MockMvcHtmlUnitDriverBuilderTests" time="0.06"/>
  <testcase name="javaScriptDisabled()" classname="org.springframework.test.web.servlet.htmlunit.webdriver.MockMvcHtmlUnitDriverBuilderTests" time="0.01"/>
  <testcase name="webAppContextSetupNull()" classname="org.springframework.test.web.servlet.htmlunit.webdriver.MockMvcHtmlUnitDriverBuilderTests" time="0.0"/>
  <testcase name="mockMvcSetupNull()" classname="org.springframework.test.web.servlet.htmlunit.webdriver.MockMvcHtmlUnitDriverBuilderTests" time="0.001"/>
  <testcase name="javaScriptEnabledByDefault()" classname="org.springframework.test.web.servlet.htmlunit.webdriver.MockMvcHtmlUnitDriverBuilderTests" time="0.007"/>
  <system-out><![CDATA[]]></system-out>
  <system-err><![CDATA[]]></system-err>
</testsuite>
