<?xml version="1.0" encoding="UTF-8"?>
<testsuite name="org.springframework.test.context.env.InlinedPropertiesTestPropertySourceTests" tests="2" skipped="0" failures="0" errors="0" timestamp="2020-04-15T14:25:27" hostname="PandaroiddeiMac.local" time="0.005">
  <properties/>
  <testcase name="propertiesAreAvailableInEnvironment()" classname="org.springframework.test.context.env.InlinedPropertiesTestPropertySourceTests" time="0.004"/>
  <testcase name="propertyNameOrderingIsPreservedInEnvironment()" classname="org.springframework.test.context.env.InlinedPropertiesTestPropertySourceTests" time="0.001"/>
  <system-out><![CDATA[]]></system-out>
  <system-err><![CDATA[]]></system-err>
</testsuite>
