<?xml version="1.0" encoding="UTF-8"?>
<testsuite name="org.springframework.test.context.jdbc.merging.ClassLevelOverrideSqlMergeModeTests" tests="3" skipped="0" failures="0" errors="0" timestamp="2020-04-15T14:25:26" hostname="PandaroiddeiMac.local" time="0.028">
  <properties/>
  <testcase name="overridden()" classname="org.springframework.test.context.jdbc.merging.ClassLevelOverrideSqlMergeModeTests" time="0.007"/>
  <testcase name="merged()" classname="org.springframework.test.context.jdbc.merging.ClassLevelOverrideSqlMergeModeTests" time="0.002"/>
  <testcase name="classLevelScripts()" classname="org.springframework.test.context.jdbc.merging.ClassLevelOverrideSqlMergeModeTests" time="0.004"/>
  <system-out><![CDATA[]]></system-out>
  <system-err><![CDATA[]]></system-err>
</testsuite>
