<?xml version="1.0" encoding="UTF-8"?>
<testsuite name="org.springframework.test.context.junit4.rules.TimedTransactionalSpringRuleTests" tests="5" skipped="0" failures="0" errors="0" timestamp="2020-04-15T14:26:10" hostname="PandaroiddeiMac.local" time="0.018">
  <properties/>
  <testcase name="transactionalWithJUnitTimeout" classname="org.springframework.test.context.junit4.rules.TimedTransactionalSpringRuleTests" time="0.008"/>
  <testcase name="transactionalWithJUnitRuleBasedTimeout" classname="org.springframework.test.context.junit4.rules.TimedTransactionalSpringRuleTests" time="0.002"/>
  <testcase name="notTransactionalWithJUnitTimeout" classname="org.springframework.test.context.junit4.rules.TimedTransactionalSpringRuleTests" time="0.003"/>
  <testcase name="transactionalWithSpringTimeout" classname="org.springframework.test.context.junit4.rules.TimedTransactionalSpringRuleTests" time="0.003"/>
  <testcase name="notTransactionalWithSpringTimeout" classname="org.springframework.test.context.junit4.rules.TimedTransactionalSpringRuleTests" time="0.001"/>
  <system-out><![CDATA[]]></system-out>
  <system-err><![CDATA[]]></system-err>
</testsuite>
