<?xml version="1.0" encoding="UTF-8"?>
<testsuite name="org.springframework.test.context.web.ServletContextAwareBeanWacTests" tests="1" skipped="0" failures="0" errors="0" timestamp="2020-04-15T14:26:05" hostname="PandaroiddeiMac.local" time="0.061">
  <properties/>
  <testcase name="ensureServletContextAwareBeanIsProcessedProperlyWhenExecutingJUnitManually" classname="org.springframework.test.context.web.ServletContextAwareBeanWacTests" time="0.061"/>
  <system-out><![CDATA[]]></system-out>
  <system-err><![CDATA[]]></system-err>
</testsuite>
