<?xml version="1.0" encoding="UTF-8"?>
<testsuite name="org.springframework.beans.factory.config.PropertyPathFactoryBeanTests" tests="6" skipped="0" failures="0" errors="0" timestamp="2020-04-15T13:41:28" hostname="PandaroiddeiMac.local" time="0.084">
  <properties/>
  <testcase name="testPropertyPathFactoryBeanWithSingletonResult()" classname="org.springframework.beans.factory.config.PropertyPathFactoryBeanTests" time="0.053"/>
  <testcase name="testPropertyPathFactoryBeanAsInnerBean()" classname="org.springframework.beans.factory.config.PropertyPathFactoryBeanTests" time="0.004"/>
  <testcase name="testPropertyPathFactoryBeanAsInnerNull()" classname="org.springframework.beans.factory.config.PropertyPathFactoryBeanTests" time="0.009"/>
  <testcase name="testPropertyPathFactoryBeanWithNullResult()" classname="org.springframework.beans.factory.config.PropertyPathFactoryBeanTests" time="0.009"/>
  <testcase name="testPropertyPathFactoryBeanWithPrototypeResult()" classname="org.springframework.beans.factory.config.PropertyPathFactoryBeanTests" time="0.004"/>
  <testcase name="testPropertyPathFactoryBeanAsNullReference()" classname="org.springframework.beans.factory.config.PropertyPathFactoryBeanTests" time="0.005"/>
  <system-out><![CDATA[]]></system-out>
  <system-err><![CDATA[]]></system-err>
</testsuite>
