<?xml version="1.0" encoding="UTF-8"?>
<testsuite name="org.springframework.beans.factory.support.QualifierAnnotationAutowireBeanFactoryTests" tests="8" skipped="3" failures="0" errors="0" timestamp="2020-04-15T13:41:32" hostname="PandaroiddeiMac.local" time="0.001">
  <properties/>
  <testcase name="testAutowireCandidateWithMultipleCandidatesDescriptor()" classname="org.springframework.beans.factory.support.QualifierAnnotationAutowireBeanFactoryTests" time="0.0"/>
  <testcase name="testAutowireCandidateDefaultWithIrrelevantDescriptor()" classname="org.springframework.beans.factory.support.QualifierAnnotationAutowireBeanFactoryTests" time="0.0"/>
  <testcase name="testAutowireCandidateWithShortClassName()" classname="org.springframework.beans.factory.support.QualifierAnnotationAutowireBeanFactoryTests" time="0.0"/>
  <testcase name="testAutowireCandidateWithFieldDescriptor()" classname="org.springframework.beans.factory.support.QualifierAnnotationAutowireBeanFactoryTests" time="0.0">
    <skipped/>
  </testcase>
  <testcase name="testAutowireCandidateWithMethodDescriptor()" classname="org.springframework.beans.factory.support.QualifierAnnotationAutowireBeanFactoryTests" time="0.0">
    <skipped/>
  </testcase>
  <testcase name="testAutowireCandidateWithConstructorDescriptor()" classname="org.springframework.beans.factory.support.QualifierAnnotationAutowireBeanFactoryTests" time="0.0">
    <skipped/>
  </testcase>
  <testcase name="testAutowireCandidateExplicitlyFalseWithFieldDescriptor()" classname="org.springframework.beans.factory.support.QualifierAnnotationAutowireBeanFactoryTests" time="0.0"/>
  <testcase name="testAutowireCandidateExplicitlyFalseWithIrrelevantDescriptor()" classname="org.springframework.beans.factory.support.QualifierAnnotationAutowireBeanFactoryTests" time="0.0"/>
  <system-out><![CDATA[]]></system-out>
  <system-err><![CDATA[]]></system-err>
</testsuite>
