<?xml version="1.0" encoding="UTF-8"?>
<testsuite name="org.springframework.orm.jpa.EntityManagerFactoryBeanSupportTests" tests="1" skipped="0" failures="0" errors="0" timestamp="2020-04-15T14:20:21" hostname="PandaroiddeiMac.local" time="8.937">
  <properties/>
  <testcase name="testHookIsCalled()" classname="org.springframework.orm.jpa.EntityManagerFactoryBeanSupportTests" time="8.937"/>
  <system-out><![CDATA[]]></system-out>
  <system-err><![CDATA[]]></system-err>
</testsuite>
