<?xml version="1.0" encoding="UTF-8"?>
<testsuite name="org.springframework.oxm.jaxb.Jaxb2MarshallerTests" tests="22" skipped="0" failures="0" errors="0" timestamp="2020-04-15T14:20:36" hostname="PandaroiddeiMac.local" time="2.511">
  <properties/>
  <testcase name="marshalStreamResultOutputStream()" classname="org.springframework.oxm.jaxb.Jaxb2MarshallerTests" time="0.171"/>
  <testcase name="marshalStaxResultEventWriter()" classname="org.springframework.oxm.jaxb.Jaxb2MarshallerTests" time="0.037"/>
  <testcase name="marshalEmptyDOMResult()" classname="org.springframework.oxm.jaxb.Jaxb2MarshallerTests" time="0.058"/>
  <testcase name="marshalStreamResultWriter()" classname="org.springframework.oxm.jaxb.Jaxb2MarshallerTests" time="0.032"/>
  <testcase name="marshalDOMResult()" classname="org.springframework.oxm.jaxb.Jaxb2MarshallerTests" time="0.013"/>
  <testcase name="marshalJaxp14StaxResultEventWriter()" classname="org.springframework.oxm.jaxb.Jaxb2MarshallerTests" time="0.125"/>
  <testcase name="marshalStaxResultStreamWriter()" classname="org.springframework.oxm.jaxb.Jaxb2MarshallerTests" time="0.013"/>
  <testcase name="marshalJaxp14StaxResultStreamWriter()" classname="org.springframework.oxm.jaxb.Jaxb2MarshallerTests" time="0.011"/>
  <testcase name="unmarshalSaxSourceWithXmlOptions()" classname="org.springframework.oxm.jaxb.Jaxb2MarshallerTests" time="1.156"/>
  <testcase name="marshalAWrappedObjectHoldingAnXmlElementDeclElement()" classname="org.springframework.oxm.jaxb.Jaxb2MarshallerTests" time="0.174"/>
  <testcase name="marshalSAXResult()" classname="org.springframework.oxm.jaxb.Jaxb2MarshallerTests" time="0.032"/>
  <testcase name="supportsContextPath()" classname="org.springframework.oxm.jaxb.Jaxb2MarshallerTests" time="0.29"/>
  <testcase name="supportsXmlRootElement()" classname="org.springframework.oxm.jaxb.Jaxb2MarshallerTests" time="0.014"/>
  <testcase name="marshalAttachments()" classname="org.springframework.oxm.jaxb.Jaxb2MarshallerTests" time="0.043"/>
  <testcase name="lazyInit()" classname="org.springframework.oxm.jaxb.Jaxb2MarshallerTests" time="0.009"/>
  <testcase name="properties()" classname="org.springframework.oxm.jaxb.Jaxb2MarshallerTests" time="0.03"/>
  <testcase name="unmarshalStreamSourceWithXmlOptions()" classname="org.springframework.oxm.jaxb.Jaxb2MarshallerTests" time="0.033"/>
  <testcase name="supportsPackagesToScan()" classname="org.springframework.oxm.jaxb.Jaxb2MarshallerTests" time="0.107"/>
  <testcase name="marshalInvalidClass()" classname="org.springframework.oxm.jaxb.Jaxb2MarshallerTests" time="0.024"/>
  <testcase name="testInvalidContextPath()" classname="org.springframework.oxm.jaxb.Jaxb2MarshallerTests" time="0.03"/>
  <testcase name="noContextPathOrClassesToBeBound()" classname="org.springframework.oxm.jaxb.Jaxb2MarshallerTests" time="0.004"/>
  <testcase name="supportsClassesToBeBound()" classname="org.springframework.oxm.jaxb.Jaxb2MarshallerTests" time="0.087"/>
  <system-out><![CDATA[]]></system-out>
  <system-err><![CDATA[]]></system-err>
</testsuite>
