<?xml version="1.0" encoding="UTF-8"?>
<testsuite name="org.springframework.beans.factory.config.YamlMapFactoryBeanTests" tests="8" skipped="0" failures="0" errors="0" timestamp="2020-04-15T13:41:28" hostname="PandaroiddeiMac.local" time="0.132">
  <properties/>
  <testcase name="testMapWithIntegerValue()" classname="org.springframework.beans.factory.config.YamlMapFactoryBeanTests" time="0.071"/>
  <testcase name="testFirstFound()" classname="org.springframework.beans.factory.config.YamlMapFactoryBeanTests" time="0.012"/>
  <testcase name="testSetBarfOnResourceNotFound()" classname="org.springframework.beans.factory.config.YamlMapFactoryBeanTests" time="0.003"/>
  <testcase name="testMapWithPeriodsInKey()" classname="org.springframework.beans.factory.config.YamlMapFactoryBeanTests" time="0.001"/>
  <testcase name="testOverrideAndRemoveDefaults()" classname="org.springframework.beans.factory.config.YamlMapFactoryBeanTests" time="0.002"/>
  <testcase name="testGetObject()" classname="org.springframework.beans.factory.config.YamlMapFactoryBeanTests" time="0.001"/>
  <testcase name="testDuplicateKey()" classname="org.springframework.beans.factory.config.YamlMapFactoryBeanTests" time="0.002"/>
  <testcase name="testSetIgnoreResourceNotFound()" classname="org.springframework.beans.factory.config.YamlMapFactoryBeanTests" time="0.007"/>
  <system-out><![CDATA[21:41:28.922 [Test worker] WARN  o.s.b.f.c.YamlMapFactoryBean - Could not load map from non-existent: planned
21:41:28.971 [Test worker] WARN  o.s.b.f.c.YamlMapFactoryBean - Could not load map from file [/Users/pandaroid/Dev/GitRepos/MyGitHub/PandaroidSpring/spring-framework-5.0.x/Spring-Framework/spring-beans/non-exsitent-file.yml]: non-exsitent-file.yml
]]></system-out>
  <system-err><![CDATA[]]></system-err>
</testsuite>
