<?xml version="1.0" encoding="UTF-8"?>
<testsuite name="org.springframework.beans.factory.xml.XmlBeanCollectionTests" tests="34" skipped="0" failures="0" errors="0" timestamp="2020-04-15T13:41:30" hostname="PandaroiddeiMac.local" time="0.452">
  <properties/>
  <testcase name="testPopulatedConcurrentSet()" classname="org.springframework.beans.factory.xml.XmlBeanCollectionTests" time="0.013"/>
  <testcase name="testPropertyWithLiteralValueSubelement()" classname="org.springframework.beans.factory.xml.XmlBeanCollectionTests" time="0.027"/>
  <testcase name="testObjectArray()" classname="org.springframework.beans.factory.xml.XmlBeanCollectionTests" time="0.017"/>
  <testcase name="testMapWithLiteralsAndReferences()" classname="org.springframework.beans.factory.xml.XmlBeanCollectionTests" time="0.016"/>
  <testcase name="testEmptyProps()" classname="org.springframework.beans.factory.xml.XmlBeanCollectionTests" time="0.01"/>
  <testcase name="testMapFactory()" classname="org.springframework.beans.factory.xml.XmlBeanCollectionTests" time="0.023"/>
  <testcase name="testListFactory()" classname="org.springframework.beans.factory.xml.XmlBeanCollectionTests" time="0.014"/>
  <testcase name="testPrototypeMapFactory()" classname="org.springframework.beans.factory.xml.XmlBeanCollectionTests" time="0.017"/>
  <testcase name="testProps()" classname="org.springframework.beans.factory.xml.XmlBeanCollectionTests" time="0.008"/>
  <testcase name="testClassArray()" classname="org.springframework.beans.factory.xml.XmlBeanCollectionTests" time="0.014"/>
  <testcase name="testRefSubelementsBuildCollection()" classname="org.springframework.beans.factory.xml.XmlBeanCollectionTests" time="0.012"/>
  <testcase name="testChoiceBetweenSetAndMap()" classname="org.springframework.beans.factory.xml.XmlBeanCollectionTests" time="0.008"/>
  <testcase name="testBuildCollectionFromMixtureOfReferencesAndValues()" classname="org.springframework.beans.factory.xml.XmlBeanCollectionTests" time="0.011"/>
  <testcase name="testCollectionFactoryDefaults()" classname="org.springframework.beans.factory.xml.XmlBeanCollectionTests" time="0.012"/>
  <testcase name="testMapWithLiteralsReferencesAndList()" classname="org.springframework.beans.factory.xml.XmlBeanCollectionTests" time="0.011"/>
  <testcase name="testIntegerArray()" classname="org.springframework.beans.factory.xml.XmlBeanCollectionTests" time="0.008"/>
  <testcase name="testEnumSetFactory()" classname="org.springframework.beans.factory.xml.XmlBeanCollectionTests" time="0.033"/>
  <testcase name="testClassList()" classname="org.springframework.beans.factory.xml.XmlBeanCollectionTests" time="0.008"/>
  <testcase name="testPopulatedProps()" classname="org.springframework.beans.factory.xml.XmlBeanCollectionTests" time="0.008"/>
  <testcase name="testPrototypeListFactory()" classname="org.springframework.beans.factory.xml.XmlBeanCollectionTests" time="0.01"/>
  <testcase name="testRefSubelementsBuildCollectionFromSingleElement()" classname="org.springframework.beans.factory.xml.XmlBeanCollectionTests" time="0.016"/>
  <testcase name="testSetFactory()" classname="org.springframework.beans.factory.xml.XmlBeanCollectionTests" time="0.009"/>
  <testcase name="testMapWithLiteralsOnly()" classname="org.springframework.beans.factory.xml.XmlBeanCollectionTests" time="0.014"/>
  <testcase name="testRefSubelementsBuildCollectionWithPrototypes()" classname="org.springframework.beans.factory.xml.XmlBeanCollectionTests" time="0.012"/>
  <testcase name="testPropertyWithIdRefBeanAttrSubelement()" classname="org.springframework.beans.factory.xml.XmlBeanCollectionTests" time="0.008"/>
  <testcase name="testInvalidBeanNameReference()" classname="org.springframework.beans.factory.xml.XmlBeanCollectionTests" time="0.011"/>
  <testcase name="testPrototypeSetFactory()" classname="org.springframework.beans.factory.xml.XmlBeanCollectionTests" time="0.008"/>
  <testcase name="testRefSubelement()" classname="org.springframework.beans.factory.xml.XmlBeanCollectionTests" time="0.008"/>
  <testcase name="testPopulatedIdentityMap()" classname="org.springframework.beans.factory.xml.XmlBeanCollectionTests" time="0.01"/>
  <testcase name="testMapWithLiteralsAndPrototypeReferences()" classname="org.springframework.beans.factory.xml.XmlBeanCollectionTests" time="0.012"/>
  <testcase name="testEmptyMap()" classname="org.springframework.beans.factory.xml.XmlBeanCollectionTests" time="0.011"/>
  <testcase name="testEmptySet()" classname="org.springframework.beans.factory.xml.XmlBeanCollectionTests" time="0.012"/>
  <testcase name="testPropertyWithIdRefLocalAttrSubelement()" classname="org.springframework.beans.factory.xml.XmlBeanCollectionTests" time="0.015"/>
  <testcase name="testPopulatedSet()" classname="org.springframework.beans.factory.xml.XmlBeanCollectionTests" time="0.007"/>
  <system-out><![CDATA[]]></system-out>
  <system-err><![CDATA[]]></system-err>
</testsuite>
