<?xml version="1.0" encoding="UTF-8"?>
<testsuite name="org.springframework.beans.propertyeditors.CustomCollectionEditorTests" tests="6" skipped="0" failures="0" errors="0" timestamp="2020-04-15T13:41:26" hostname="PandaroiddeiMac.local" time="0.002">
  <properties/>
  <testcase name="testCtorWithNullCollectionType()" classname="org.springframework.beans.propertyeditors.CustomCollectionEditorTests" time="0.0"/>
  <testcase name="testSunnyDaySetValue()" classname="org.springframework.beans.propertyeditors.CustomCollectionEditorTests" time="0.001"/>
  <testcase name="testWhenTargetTypeIsExactlyTheCollectionInterfaceUsesFallbackCollectionType()" classname="org.springframework.beans.propertyeditors.CustomCollectionEditorTests" time="0.0"/>
  <testcase name="testWithCollectionTypeThatDoesNotExposeAPublicNoArgCtor()" classname="org.springframework.beans.propertyeditors.CustomCollectionEditorTests" time="0.0"/>
  <testcase name="testSunnyDaySetAsTextYieldsSingleValue()" classname="org.springframework.beans.propertyeditors.CustomCollectionEditorTests" time="0.0"/>
  <testcase name="testCtorWithNonCollectionType()" classname="org.springframework.beans.propertyeditors.CustomCollectionEditorTests" time="0.001"/>
  <system-out><![CDATA[]]></system-out>
  <system-err><![CDATA[]]></system-err>
</testsuite>
