<?xml version="1.0" encoding="UTF-8"?>
<testsuite name="org.springframework.beans.factory.xml.MetadataAttachmentTests" tests="3" skipped="0" failures="0" errors="0" timestamp="2020-04-15T13:41:30" hostname="PandaroiddeiMac.local" time="0.029">
  <properties/>
  <testcase name="propertyMetadata()" classname="org.springframework.beans.factory.xml.MetadataAttachmentTests" time="0.006"/>
  <testcase name="metadataIsInherited()" classname="org.springframework.beans.factory.xml.MetadataAttachmentTests" time="0.007"/>
  <testcase name="metadataAttachment()" classname="org.springframework.beans.factory.xml.MetadataAttachmentTests" time="0.016"/>
  <system-out><![CDATA[]]></system-out>
  <system-err><![CDATA[]]></system-err>
</testsuite>
