<?xml version="1.0" encoding="UTF-8"?>
<testsuite name="org.springframework.beans.propertyeditors.ReaderEditorTests" tests="4" skipped="0" failures="0" errors="0" timestamp="2020-04-15T13:41:26" hostname="PandaroiddeiMac.local" time="0.004">
  <properties/>
  <testcase name="testSunnyDay()" classname="org.springframework.beans.propertyeditors.ReaderEditorTests" time="0.002"/>
  <testcase name="testWhenResourceDoesNotExist()" classname="org.springframework.beans.propertyeditors.ReaderEditorTests" time="0.001"/>
  <testcase name="testCtorWithNullResourceEditor()" classname="org.springframework.beans.propertyeditors.ReaderEditorTests" time="0.001"/>
  <testcase name="testGetAsTextReturnsNullByDefault()" classname="org.springframework.beans.propertyeditors.ReaderEditorTests" time="0.0"/>
  <system-out><![CDATA[]]></system-out>
  <system-err><![CDATA[]]></system-err>
</testsuite>
