<?xml version="1.0" encoding="UTF-8"?>
<testsuite name="org.springframework.beans.factory.xml.DefaultLifecycleMethodsTests" tests="6" skipped="0" failures="0" errors="0" timestamp="2020-04-15T13:41:30" hostname="PandaroiddeiMac.local" time="0.026">
  <properties/>
  <testcase name="childWithLifecycleMethodsDisabled()" classname="org.springframework.beans.factory.xml.DefaultLifecycleMethodsTests" time="0.003"/>
  <testcase name="lifecycleMethodsDisabled()" classname="org.springframework.beans.factory.xml.DefaultLifecycleMethodsTests" time="0.004"/>
  <testcase name="overrideDefaultLifecycleMethods()" classname="org.springframework.beans.factory.xml.DefaultLifecycleMethodsTests" time="0.002"/>
  <testcase name="childWithDefaultLifecycleMethods()" classname="org.springframework.beans.factory.xml.DefaultLifecycleMethodsTests" time="0.004"/>
  <testcase name="ignoreDefaultLifecycleMethods()" classname="org.springframework.beans.factory.xml.DefaultLifecycleMethodsTests" time="0.005"/>
  <testcase name="lifecycleMethodsInvoked()" classname="org.springframework.beans.factory.xml.DefaultLifecycleMethodsTests" time="0.004"/>
  <system-out><![CDATA[]]></system-out>
  <system-err><![CDATA[]]></system-err>
</testsuite>
