<?xml version="1.0" encoding="UTF-8"?>
<testsuite name="org.springframework.beans.propertyeditors.ZoneIdEditorTests" tests="4" skipped="0" failures="0" errors="0" timestamp="2020-04-15T13:41:26" hostname="PandaroiddeiMac.local" time="0.022">
  <properties/>
  <testcase name="americaLosAngeles()" classname="org.springframework.beans.propertyeditors.ZoneIdEditorTests" time="0.006"/>
  <testcase name="americaChicago()" classname="org.springframework.beans.propertyeditors.ZoneIdEditorTests" time="0.002"/>
  <testcase name="getNullAsText()" classname="org.springframework.beans.propertyeditors.ZoneIdEditorTests" time="0.01"/>
  <testcase name="getValueAsText()" classname="org.springframework.beans.propertyeditors.ZoneIdEditorTests" time="0.002"/>
  <system-out><![CDATA[]]></system-out>
  <system-err><![CDATA[]]></system-err>
</testsuite>
