<?xml version="1.0" encoding="UTF-8"?>
<testsuite name="org.springframework.cache.ehcache.EhCacheCacheManagerTests" tests="5" skipped="0" failures="0" errors="0" timestamp="2020-04-15T13:42:54" hostname="PandaroiddeiMac.local" time="0.022">
  <properties/>
  <testcase name="getTransactionalOnExistingCache()" classname="org.springframework.cache.ehcache.EhCacheCacheManagerTests" time="0.004"/>
  <testcase name="getOnExistingCache()" classname="org.springframework.cache.ehcache.EhCacheCacheManagerTests" time="0.004"/>
  <testcase name="getOnNewCache()" classname="org.springframework.cache.ehcache.EhCacheCacheManagerTests" time="0.005"/>
  <testcase name="getOnUnknownCache()" classname="org.springframework.cache.ehcache.EhCacheCacheManagerTests" time="0.003"/>
  <testcase name="getTransactionalOnNewCache()" classname="org.springframework.cache.ehcache.EhCacheCacheManagerTests" time="0.005"/>
  <system-out><![CDATA[]]></system-out>
  <system-err><![CDATA[]]></system-err>
</testsuite>
