<?xml version="1.0" encoding="UTF-8"?>
<testsuite name="org.springframework.messaging.simp.annotation.support.SimpAnnotationMethodMessageHandlerKotlinTests" tests="8" skipped="0" failures="0" errors="0" timestamp="2020-04-15T14:23:05" hostname="PandaroiddeiMac.local" time="1.56">
  <properties/>
  <testcase name="nonNullableHeaderWithoutHeader()" classname="org.springframework.messaging.simp.annotation.support.SimpAnnotationMethodMessageHandlerKotlinTests" time="1.512"/>
  <testcase name="nullableHeaderNotRequiredWithHeader()" classname="org.springframework.messaging.simp.annotation.support.SimpAnnotationMethodMessageHandlerKotlinTests" time="0.008"/>
  <testcase name="nonNullableHeaderNotRequiredWithoutHeader()" classname="org.springframework.messaging.simp.annotation.support.SimpAnnotationMethodMessageHandlerKotlinTests" time="0.009"/>
  <testcase name="nonNullableHeaderNotRequiredWithHeader()" classname="org.springframework.messaging.simp.annotation.support.SimpAnnotationMethodMessageHandlerKotlinTests" time="0.007"/>
  <testcase name="nonNullableHeaderWithHeader()" classname="org.springframework.messaging.simp.annotation.support.SimpAnnotationMethodMessageHandlerKotlinTests" time="0.007"/>
  <testcase name="nullableHeaderWithoutHeader()" classname="org.springframework.messaging.simp.annotation.support.SimpAnnotationMethodMessageHandlerKotlinTests" time="0.002"/>
  <testcase name="nullableHeaderNotRequiredWithoutHeader()" classname="org.springframework.messaging.simp.annotation.support.SimpAnnotationMethodMessageHandlerKotlinTests" time="0.003"/>
  <testcase name="nullableHeaderWithHeader()" classname="org.springframework.messaging.simp.annotation.support.SimpAnnotationMethodMessageHandlerKotlinTests" time="0.002"/>
  <system-out><![CDATA[]]></system-out>
  <system-err><![CDATA[]]></system-err>
</testsuite>
