<?xml version="1.0" encoding="UTF-8"?>
<testsuite name="org.springframework.messaging.MessageHeadersTests" tests="19" skipped="0" failures="0" errors="0" timestamp="2020-04-15T14:20:27" hostname="PandaroiddeiMac.local" time="0.084">
  <properties/>
  <testcase name="testTimestampProvided()" classname="org.springframework.messaging.MessageHeadersTests" time="0.001"/>
  <testcase name="serializeWithAllSerializableHeaders()" classname="org.springframework.messaging.MessageHeadersTests" time="0.006"/>
  <testcase name="testTimestampOverwritten()" classname="org.springframework.messaging.MessageHeadersTests" time="0.052"/>
  <testcase name="serializeWithNonSerializableHeader()" classname="org.springframework.messaging.MessageHeadersTests" time="0.003"/>
  <testcase name="testIdProvided()" classname="org.springframework.messaging.MessageHeadersTests" time="0.001"/>
  <testcase name="testId()" classname="org.springframework.messaging.MessageHeadersTests" time="0.0"/>
  <testcase name="testNullHeaderValueWithTypedAccess()" classname="org.springframework.messaging.MessageHeadersTests" time="0.0"/>
  <testcase name="testTimestampNone()" classname="org.springframework.messaging.MessageHeadersTests" time="0.0"/>
  <testcase name="testIdOverwritten()" classname="org.springframework.messaging.MessageHeadersTests" time="0.001"/>
  <testcase name="subclassWithCustomIdAndNoTimestamp()" classname="org.springframework.messaging.MessageHeadersTests" time="0.003"/>
  <testcase name="testTimestampProvidedNullValue()" classname="org.springframework.messaging.MessageHeadersTests" time="0.0"/>
  <testcase name="testHeaderValueAccessWithIncorrectType()" classname="org.springframework.messaging.MessageHeadersTests" time="0.0"/>
  <testcase name="testTypedAccessOfHeaderValue()" classname="org.springframework.messaging.MessageHeadersTests" time="0.0"/>
  <testcase name="testNonTypedAccessOfHeaderValue()" classname="org.springframework.messaging.MessageHeadersTests" time="0.0"/>
  <testcase name="testTimestamp()" classname="org.springframework.messaging.MessageHeadersTests" time="0.0"/>
  <testcase name="testIdProvidedNullValue()" classname="org.springframework.messaging.MessageHeadersTests" time="0.0"/>
  <testcase name="testHeaderKeys()" classname="org.springframework.messaging.MessageHeadersTests" time="0.001"/>
  <testcase name="testNullHeaderValue()" classname="org.springframework.messaging.MessageHeadersTests" time="0.0"/>
  <testcase name="testIdNone()" classname="org.springframework.messaging.MessageHeadersTests" time="0.001"/>
  <system-out><![CDATA[]]></system-out>
  <system-err><![CDATA[]]></system-err>
</testsuite>
