<?xml version="1.0" encoding="UTF-8"?>
<testsuite name="org.springframework.messaging.core.CachingDestinationResolverTests" tests="3" skipped="0" failures="0" errors="0" timestamp="2020-04-15T14:20:25" hostname="PandaroiddeiMac.local" time="0.027">
  <properties/>
  <testcase name="nullTargetThroughConstructor()" classname="org.springframework.messaging.core.CachingDestinationResolverTests" time="0.006"/>
  <testcase name="noTargetSet()" classname="org.springframework.messaging.core.CachingDestinationResolverTests" time="0.0"/>
  <testcase name="cachedDestination()" classname="org.springframework.messaging.core.CachingDestinationResolverTests" time="0.019"/>
  <system-out><![CDATA[]]></system-out>
  <system-err><![CDATA[]]></system-err>
</testsuite>
