<?xml version="1.0" encoding="UTF-8"?>
<testsuite name="org.springframework.messaging.rsocket.annotation.support.RSocketMessageHandlerTests" tests="9" skipped="0" failures="0" errors="0" timestamp="2020-04-15T14:22:57" hostname="PandaroiddeiMac.local" time="0.032">
  <properties/>
  <testcase name="handleNoMatch()" classname="org.springframework.messaging.rsocket.annotation.support.RSocketMessageHandlerTests" time="0.006"/>
  <testcase name="rejectConnectMappingMethodsThatCanReply()" classname="org.springframework.messaging.rsocket.annotation.support.RSocketMessageHandlerTests" time="0.002"/>
  <testcase name="mappings()" classname="org.springframework.messaging.rsocket.annotation.support.RSocketMessageHandlerTests" time="0.003"/>
  <testcase name="metadataExtractorWithExplicitlySetDecoders()" classname="org.springframework.messaging.rsocket.annotation.support.RSocketMessageHandlerTests" time="0.002"/>
  <testcase name="ignoreFireAndForgetToHandlerThatCanReply()" classname="org.springframework.messaging.rsocket.annotation.support.RSocketMessageHandlerTests" time="0.001"/>
  <testcase name="getRSocketStrategiesReflectsCurrentState()" classname="org.springframework.messaging.rsocket.annotation.support.RSocketMessageHandlerTests" time="0.005"/>
  <testcase name="setRSocketStrategies()" classname="org.springframework.messaging.rsocket.annotation.support.RSocketMessageHandlerTests" time="0.003"/>
  <testcase name="rejectRequestResponseToStreamingHandler()" classname="org.springframework.messaging.rsocket.annotation.support.RSocketMessageHandlerTests" time="0.002"/>
  <testcase name="getRSocketStrategies()" classname="org.springframework.messaging.rsocket.annotation.support.RSocketMessageHandlerTests" time="0.003"/>
  <system-out><![CDATA[22:22:57.786 [Test worker] WARN  o.s.m.r.a.s.RSocketMessageHandler - No ApplicationContext for auto-detection of beans with message handling methods.
22:22:57.788 [Test worker] WARN  o.s.m.r.a.s.RSocketMessageHandler - No ApplicationContext for auto-detection of beans with message handling methods.
22:22:57.789 [Test worker] WARN  o.s.m.r.a.s.RSocketMessageHandler - No ApplicationContext for auto-detection of beans with message handling methods.
22:22:57.789 [Test worker] WARN  o.s.m.r.a.s.RSocketMessageHandler - No handler for fireAndForget to 'path'
22:22:57.790 [Test worker] WARN  o.s.m.r.a.s.RSocketMessageHandler - No ApplicationContext for auto-detection of beans with message handling methods.
22:22:57.798 [Test worker] WARN  o.s.m.r.a.s.RSocketMessageHandler - No ApplicationContext for auto-detection of beans with message handling methods.
22:22:57.800 [Test worker] WARN  o.s.m.r.a.s.RSocketMessageHandler - No handler for fireAndForget to 'mono-string'
22:22:57.803 [Test worker] WARN  o.s.m.r.a.s.RSocketMessageHandler - No ApplicationContext for auto-detection of beans with message handling methods.
]]></system-out>
  <system-err><![CDATA[]]></system-err>
</testsuite>
