<?xml version="1.0" encoding="UTF-8"?>
<testsuite name="org.springframework.messaging.converter.MarshallingMessageConverterTests" tests="4" skipped="0" failures="0" errors="0" timestamp="2020-04-15T14:20:25" hostname="PandaroiddeiMac.local" time="0.608">
  <properties/>
  <testcase name="fromMessageValidXmlWithUnknownProperty()" classname="org.springframework.messaging.converter.MarshallingMessageConverterTests" time="0.383"/>
  <testcase name="toMessage()" classname="org.springframework.messaging.converter.MarshallingMessageConverterTests" time="0.217"/>
  <testcase name="fromMessage()" classname="org.springframework.messaging.converter.MarshallingMessageConverterTests" time="0.004"/>
  <testcase name="fromMessageInvalidXml()" classname="org.springframework.messaging.converter.MarshallingMessageConverterTests" time="0.003"/>
  <system-out><![CDATA[]]></system-out>
  <system-err><![CDATA[]]></system-err>
</testsuite>
