<?xml version="1.0" encoding="UTF-8"?>
<testsuite name="org.springframework.aop.framework.PrototypeTargetTests" tests="2" skipped="0" failures="0" errors="0" timestamp="2020-04-15T13:41:05" hostname="PandaroiddeiMac.local" time="0.24">
  <properties/>
  <testcase name="testSingletonProxyWithPrototypeTarget()" classname="org.springframework.aop.framework.PrototypeTargetTests" time="0.218"/>
  <testcase name="testPrototypeProxyWithPrototypeTarget()" classname="org.springframework.aop.framework.PrototypeTargetTests" time="0.02"/>
  <system-out><![CDATA[]]></system-out>
  <system-err><![CDATA[]]></system-err>
</testsuite>
