<?xml version="1.0" encoding="UTF-8"?>
<testsuite name="org.springframework.aop.interceptor.SimpleTraceInterceptorTests" tests="2" skipped="0" failures="0" errors="0" timestamp="2020-04-15T13:41:14" hostname="PandaroiddeiMac.local" time="0.004">
  <properties/>
  <testcase name="testExceptionPathStillLogsCorrectly()" classname="org.springframework.aop.interceptor.SimpleTraceInterceptorTests" time="0.002"/>
  <testcase name="testSunnyDayPathLogsCorrectly()" classname="org.springframework.aop.interceptor.SimpleTraceInterceptorTests" time="0.001"/>
  <system-out><![CDATA[]]></system-out>
  <system-err><![CDATA[]]></system-err>
</testsuite>
