<?xml version="1.0" encoding="UTF-8"?>
<testsuite name="org.springframework.cache.aspectj.AspectJEnableCachingIsolatedTests" tests="9" skipped="1" failures="0" errors="0" timestamp="2020-04-15T14:20:26" hostname="PandaroiddeiMac.local" time="0.311">
  <properties/>
  <testcase name="multipleCacheManagerBeans_implementsCachingConfigurer()" classname="org.springframework.cache.aspectj.AspectJEnableCachingIsolatedTests" time="0.019"/>
  <testcase name="bothSetOnlyResolverIsUsed()" classname="org.springframework.cache.aspectj.AspectJEnableCachingIsolatedTests" time="0.088"/>
  <testcase name="emptyConfigSupport()" classname="org.springframework.cache.aspectj.AspectJEnableCachingIsolatedTests" time="0.002">
    <skipped/>
  </testcase>
  <testcase name="testKeyStrategy()" classname="org.springframework.cache.aspectj.AspectJEnableCachingIsolatedTests" time="0.108"/>
  <testcase name="testCacheErrorHandler()" classname="org.springframework.cache.aspectj.AspectJEnableCachingIsolatedTests" time="0.008"/>
  <testcase name="multipleCacheManagerBeans()" classname="org.springframework.cache.aspectj.AspectJEnableCachingIsolatedTests" time="0.017"/>
  <testcase name="multipleCachingConfigurers()" classname="org.springframework.cache.aspectj.AspectJEnableCachingIsolatedTests" time="0.022"/>
  <testcase name="noCacheManagerBeans()" classname="org.springframework.cache.aspectj.AspectJEnableCachingIsolatedTests" time="0.007"/>
  <testcase name="singleCacheManagerBean()" classname="org.springframework.cache.aspectj.AspectJEnableCachingIsolatedTests" time="0.038"/>
  <system-out><![CDATA[]]></system-out>
  <system-err><![CDATA[]]></system-err>
</testsuite>
