<?xml version="1.0" encoding="UTF-8"?>
<testsuite name="org.springframework.cache.aspectj.JCacheAspectJJavaConfigTests" tests="28" skipped="0" failures="0" errors="0" timestamp="2020-04-15T14:20:18" hostname="PandaroiddeiMac.local" time="5.014">
  <properties/>
  <testcase name="earlyPutWithExceptionVetoPut()" classname="org.springframework.cache.aspectj.JCacheAspectJJavaConfigTests" time="0.204"/>
  <testcase name="removeWithException()" classname="org.springframework.cache.aspectj.JCacheAspectJJavaConfigTests" time="0.011"/>
  <testcase name="cacheExceptionVetoed()" classname="org.springframework.cache.aspectj.JCacheAspectJJavaConfigTests" time="0.165"/>
  <testcase name="cacheWithCustomCacheResolver()" classname="org.springframework.cache.aspectj.JCacheAspectJJavaConfigTests" time="3.293"/>
  <testcase name="earlyRemove()" classname="org.springframework.cache.aspectj.JCacheAspectJJavaConfigTests" time="0.011"/>
  <testcase name="remove()" classname="org.springframework.cache.aspectj.JCacheAspectJJavaConfigTests" time="0.098"/>
  <testcase name="earlyPut()" classname="org.springframework.cache.aspectj.JCacheAspectJJavaConfigTests" time="0.036"/>
  <testcase name="putWithException()" classname="org.springframework.cache.aspectj.JCacheAspectJJavaConfigTests" time="0.029"/>
  <testcase name="removeWithExceptionVetoRemove()" classname="org.springframework.cache.aspectj.JCacheAspectJJavaConfigTests" time="0.083"/>
  <testcase name="cacheWithCustomKeyGenerator()" classname="org.springframework.cache.aspectj.JCacheAspectJJavaConfigTests" time="0.068"/>
  <testcase name="cacheNull()" classname="org.springframework.cache.aspectj.JCacheAspectJJavaConfigTests" time="0.008"/>
  <testcase name="cacheCheckedException()" classname="org.springframework.cache.aspectj.JCacheAspectJJavaConfigTests" time="0.041"/>
  <testcase name="earlyRemoveAll()" classname="org.springframework.cache.aspectj.JCacheAspectJJavaConfigTests" time="0.008"/>
  <testcase name="put()" classname="org.springframework.cache.aspectj.JCacheAspectJJavaConfigTests" time="0.008"/>
  <testcase name="earlyRemoveAllWithExceptionVetoRemove()" classname="org.springframework.cache.aspectj.JCacheAspectJJavaConfigTests" time="0.02"/>
  <testcase name="earlyPutWithException()" classname="org.springframework.cache.aspectj.JCacheAspectJJavaConfigTests" time="0.146"/>
  <testcase name="cache()" classname="org.springframework.cache.aspectj.JCacheAspectJJavaConfigTests" time="0.028"/>
  <testcase name="earlyRemoveAllWithException()" classname="org.springframework.cache.aspectj.JCacheAspectJJavaConfigTests" time="0.027"/>
  <testcase name="earlyRemoveWithException()" classname="org.springframework.cache.aspectj.JCacheAspectJJavaConfigTests" time="0.06"/>
  <testcase name="cacheAlwaysInvoke()" classname="org.springframework.cache.aspectj.JCacheAspectJJavaConfigTests" time="0.026"/>
  <testcase name="removeAllWithExceptionVetoRemove()" classname="org.springframework.cache.aspectj.JCacheAspectJJavaConfigTests" time="0.084"/>
  <testcase name="earlyRemoveWithExceptionVetoRemove()" classname="org.springframework.cache.aspectj.JCacheAspectJJavaConfigTests" time="0.085"/>
  <testcase name="removeAll()" classname="org.springframework.cache.aspectj.JCacheAspectJJavaConfigTests" time="0.011"/>
  <testcase name="removeAllWithException()" classname="org.springframework.cache.aspectj.JCacheAspectJJavaConfigTests" time="0.011"/>
  <testcase name="cacheWithPartialKey()" classname="org.springframework.cache.aspectj.JCacheAspectJJavaConfigTests" time="0.065"/>
  <testcase name="putWithExceptionVetoPut()" classname="org.springframework.cache.aspectj.JCacheAspectJJavaConfigTests" time="0.038"/>
  <testcase name="cacheException()" classname="org.springframework.cache.aspectj.JCacheAspectJJavaConfigTests" time="0.245"/>
  <testcase name="cacheExceptionRewriteCallStack()" classname="org.springframework.cache.aspectj.JCacheAspectJJavaConfigTests" time="0.091"/>
  <system-out><![CDATA[]]></system-out>
  <system-err><![CDATA[]]></system-err>
</testsuite>
