<?xml version="1.0" encoding="UTF-8"?>
<testsuite name="org.springframework.jdbc.support.DataFieldMaxValueIncrementerTests" tests="6" skipped="0" failures="0" errors="0" timestamp="2020-04-15T13:44:43" hostname="PandaroiddeiMac.local" time="0.024">
  <properties/>
  <testcase name="testMySQLMaxValueIncrementer()" classname="org.springframework.jdbc.support.DataFieldMaxValueIncrementerTests" time="0.005"/>
  <testcase name="testHsqlMaxValueIncrementer()" classname="org.springframework.jdbc.support.DataFieldMaxValueIncrementerTests" time="0.004"/>
  <testcase name="testOracleSequenceMaxValueIncrementer()" classname="org.springframework.jdbc.support.DataFieldMaxValueIncrementerTests" time="0.004"/>
  <testcase name="testHsqlMaxValueIncrementerWithDeleteSpecificValues()" classname="org.springframework.jdbc.support.DataFieldMaxValueIncrementerTests" time="0.002"/>
  <testcase name="testPostgresSequenceMaxValueIncrementer()" classname="org.springframework.jdbc.support.DataFieldMaxValueIncrementerTests" time="0.004"/>
  <testcase name="testHanaSequenceMaxValueIncrementer()" classname="org.springframework.jdbc.support.DataFieldMaxValueIncrementerTests" time="0.002"/>
  <system-out><![CDATA[]]></system-out>
  <system-err><![CDATA[]]></system-err>
</testsuite>
