<?xml version="1.0" encoding="UTF-8"?>
<testsuite name="org.springframework.jdbc.datasource.UserCredentialsDataSourceAdapterTests" tests="3" skipped="0" failures="0" errors="0" timestamp="2020-04-15T13:44:29" hostname="PandaroiddeiMac.local" time="0.085">
  <properties/>
  <testcase name="testStaticCredentials()" classname="org.springframework.jdbc.datasource.UserCredentialsDataSourceAdapterTests" time="0.081"/>
  <testcase name="testThreadBoundCredentials()" classname="org.springframework.jdbc.datasource.UserCredentialsDataSourceAdapterTests" time="0.002"/>
  <testcase name="testNoCredentials()" classname="org.springframework.jdbc.datasource.UserCredentialsDataSourceAdapterTests" time="0.001"/>
  <system-out><![CDATA[]]></system-out>
  <system-err><![CDATA[]]></system-err>
</testsuite>
