<?xml version="1.0" encoding="UTF-8"?>
<testsuite name="org.springframework.jdbc.config.JdbcNamespaceIntegrationTests" tests="15" skipped="2" failures="0" errors="0" timestamp="2020-04-15T13:44:41" hostname="PandaroiddeiMac.local" time="1.307">
  <properties/>
  <testcase name="createAndDestroyNestedWithH2()" classname="org.springframework.jdbc.config.JdbcNamespaceIntegrationTests" time="0.515"/>
  <testcase name="createEmbeddedDatabaseAgain()" classname="org.springframework.jdbc.config.JdbcNamespaceIntegrationTests" time="0.001">
    <skipped/>
  </testcase>
  <testcase name="createWithAnonymousDataSourceAndDefaultDatabaseName()" classname="org.springframework.jdbc.config.JdbcNamespaceIntegrationTests" time="0.048"/>
  <testcase name="initializeWithCustomSeparator()" classname="org.springframework.jdbc.config.JdbcNamespaceIntegrationTests" time="0.035"/>
  <testcase name="multipleDataSourcesHaveDifferentDatabaseNames()" classname="org.springframework.jdbc.config.JdbcNamespaceIntegrationTests" time="0.047"/>
  <testcase name="embeddedWithCustomSeparator()" classname="org.springframework.jdbc.config.JdbcNamespaceIntegrationTests" time="0.029"/>
  <testcase name="createWithEndings()" classname="org.springframework.jdbc.config.JdbcNamespaceIntegrationTests" time="0.086"/>
  <testcase name="createAndDestroy()" classname="org.springframework.jdbc.config.JdbcNamespaceIntegrationTests" time="0.131"/>
  <testcase name="createWithImplicitDatabaseName()" classname="org.springframework.jdbc.config.JdbcNamespaceIntegrationTests" time="0.024"/>
  <testcase name="createAndDestroyNestedWithHsql()" classname="org.springframework.jdbc.config.JdbcNamespaceIntegrationTests" time="0.1"/>
  <testcase name="createWithResourcePattern()" classname="org.springframework.jdbc.config.JdbcNamespaceIntegrationTests" time="0.06"/>
  <testcase name="createWithEndingsNested()" classname="org.springframework.jdbc.config.JdbcNamespaceIntegrationTests" time="0.067"/>
  <testcase name="createWithExplicitDatabaseName()" classname="org.springframework.jdbc.config.JdbcNamespaceIntegrationTests" time="0.048"/>
  <testcase name="createWithGeneratedDatabaseName()" classname="org.springframework.jdbc.config.JdbcNamespaceIntegrationTests" time="0.021"/>
  <testcase name="createEmbeddedDatabase()" classname="org.springframework.jdbc.config.JdbcNamespaceIntegrationTests" time="0.0">
    <skipped/>
  </testcase>
  <system-out><![CDATA[]]></system-out>
  <system-err><![CDATA[]]></system-err>
</testsuite>
