<?xml version="1.0" encoding="UTF-8"?>
<testsuite name="org.springframework.jdbc.core.simple.CallMetaDataContextTests" tests="1" skipped="0" failures="0" errors="0" timestamp="2020-04-15T13:44:40" hostname="PandaroiddeiMac.local" time="0.005">
  <properties/>
  <testcase name="testMatchParameterValuesAndSqlInOutParameters()" classname="org.springframework.jdbc.core.simple.CallMetaDataContextTests" time="0.005"/>
  <system-out><![CDATA[]]></system-out>
  <system-err><![CDATA[]]></system-err>
</testsuite>
