<?xml version="1.0" encoding="UTF-8"?>
<testsuite name="org.springframework.jdbc.datasource.lookup.BeanFactoryDataSourceLookupTests" tests="3" skipped="0" failures="0" errors="0" timestamp="2020-04-15T13:44:29" hostname="PandaroiddeiMac.local" time="0.243">
  <properties/>
  <testcase name="testLookupWhereBeanFactoryHasNotBeenSupplied()" classname="org.springframework.jdbc.datasource.lookup.BeanFactoryDataSourceLookupTests" time="0.001"/>
  <testcase name="testLookupSunnyDay()" classname="org.springframework.jdbc.datasource.lookup.BeanFactoryDataSourceLookupTests" time="0.238"/>
  <testcase name="testLookupWhereBeanFactoryYieldsNonDataSourceType()" classname="org.springframework.jdbc.datasource.lookup.BeanFactoryDataSourceLookupTests" time="0.002"/>
  <system-out><![CDATA[]]></system-out>
  <system-err><![CDATA[]]></system-err>
</testsuite>
