<?xml version="1.0" encoding="UTF-8"?>
<testsuite name="org.springframework.jdbc.datasource.lookup.JndiDataSourceLookupTests" tests="2" skipped="0" failures="0" errors="0" timestamp="2020-04-15T13:44:29" hostname="PandaroiddeiMac.local" time="0.006">
  <properties/>
  <testcase name="testSunnyDay()" classname="org.springframework.jdbc.datasource.lookup.JndiDataSourceLookupTests" time="0.004"/>
  <testcase name="testNoDataSourceAtJndiLocation()" classname="org.springframework.jdbc.datasource.lookup.JndiDataSourceLookupTests" time="0.002"/>
  <system-out><![CDATA[]]></system-out>
  <system-err><![CDATA[]]></system-err>
</testsuite>
