<?xml version="1.0" encoding="UTF-8"?>
<testsuite name="org.springframework.aop.interceptor.ExposeInvocationInterceptorTests" tests="1" skipped="0" failures="0" errors="0" timestamp="2020-04-15T13:41:14" hostname="PandaroiddeiMac.local" time="0.008">
  <properties/>
  <testcase name="testXmlConfig()" classname="org.springframework.aop.interceptor.ExposeInvocationInterceptorTests" time="0.008"/>
  <system-out><![CDATA[]]></system-out>
  <system-err><![CDATA[]]></system-err>
</testsuite>
