<?xml version="1.0" encoding="UTF-8"?>
<testsuite name="org.springframework.core.io.buffer.support.DataBufferTestUtilsTests" tests="12" skipped="0" failures="0" errors="0" timestamp="2020-04-15T13:40:13" hostname="PandaroiddeiMac.local" time="0.084">
  <properties/>
  <testcase name="dumpBytes(String, DataBufferFactory)[1]" classname="org.springframework.core.io.buffer.support.DataBufferTestUtilsTests" time="0.023"/>
  <testcase name="dumpBytes(String, DataBufferFactory)[2]" classname="org.springframework.core.io.buffer.support.DataBufferTestUtilsTests" time="0.009"/>
  <testcase name="dumpBytes(String, DataBufferFactory)[3]" classname="org.springframework.core.io.buffer.support.DataBufferTestUtilsTests" time="0.007"/>
  <testcase name="dumpBytes(String, DataBufferFactory)[4]" classname="org.springframework.core.io.buffer.support.DataBufferTestUtilsTests" time="0.004"/>
  <testcase name="dumpBytes(String, DataBufferFactory)[5]" classname="org.springframework.core.io.buffer.support.DataBufferTestUtilsTests" time="0.001"/>
  <testcase name="dumpBytes(String, DataBufferFactory)[6]" classname="org.springframework.core.io.buffer.support.DataBufferTestUtilsTests" time="0.002"/>
  <testcase name="dumpString(String, DataBufferFactory)[1]" classname="org.springframework.core.io.buffer.support.DataBufferTestUtilsTests" time="0.002"/>
  <testcase name="dumpString(String, DataBufferFactory)[2]" classname="org.springframework.core.io.buffer.support.DataBufferTestUtilsTests" time="0.003"/>
  <testcase name="dumpString(String, DataBufferFactory)[3]" classname="org.springframework.core.io.buffer.support.DataBufferTestUtilsTests" time="0.006"/>
  <testcase name="dumpString(String, DataBufferFactory)[4]" classname="org.springframework.core.io.buffer.support.DataBufferTestUtilsTests" time="0.001"/>
  <testcase name="dumpString(String, DataBufferFactory)[5]" classname="org.springframework.core.io.buffer.support.DataBufferTestUtilsTests" time="0.001"/>
  <testcase name="dumpString(String, DataBufferFactory)[6]" classname="org.springframework.core.io.buffer.support.DataBufferTestUtilsTests" time="0.0"/>
  <system-out><![CDATA[]]></system-out>
  <system-err><![CDATA[]]></system-err>
</testsuite>
