<?xml version="1.0" encoding="UTF-8"?>
<testsuite name="org.springframework.util.xml.XMLEventStreamWriterTests" tests="1" skipped="0" failures="0" errors="0" timestamp="2020-04-15T13:40:33" hostname="PandaroiddeiMac.local" time="0.009">
  <properties/>
  <testcase name="write()" classname="org.springframework.util.xml.XMLEventStreamWriterTests" time="0.009"/>
  <system-out><![CDATA[]]></system-out>
  <system-err><![CDATA[]]></system-err>
</testsuite>
