<?xml version="1.0" encoding="UTF-8"?>
<testsuite name="org.springframework.util.xml.StaxSourceTests" tests="4" skipped="0" failures="0" errors="0" timestamp="2020-04-15T13:40:33" hostname="PandaroiddeiMac.local" time="0.039">
  <properties/>
  <testcase name="streamReaderSourceToDOMResult()" classname="org.springframework.util.xml.StaxSourceTests" time="0.006"/>
  <testcase name="streamReaderSourceToStreamResult()" classname="org.springframework.util.xml.StaxSourceTests" time="0.015"/>
  <testcase name="eventReaderSourceToStreamResult()" classname="org.springframework.util.xml.StaxSourceTests" time="0.004"/>
  <testcase name="eventReaderSourceToDOMResult()" classname="org.springframework.util.xml.StaxSourceTests" time="0.013"/>
  <system-out><![CDATA[]]></system-out>
  <system-err><![CDATA[]]></system-err>
</testsuite>
