<?xml version="1.0" encoding="UTF-8"?>
<testsuite name="org.springframework.core.type.AnnotationMetadataTests" tests="17" skipped="0" failures="0" errors="0" timestamp="2020-04-15T13:40:29" hostname="PandaroiddeiMac.local" time="0.135">
  <properties/>
  <testcase name="composedAnnotationWithMetaAnnotationsWithIdenticalAttributeNamesUsingStandardAnnotationMetadata()" classname="org.springframework.core.type.AnnotationMetadataTests" time="0.046"/>
  <testcase name="multipleAnnotationsWithIdenticalAttributeNamesUsingStandardAnnotationMetadata()" classname="org.springframework.core.type.AnnotationMetadataTests" time="0.001"/>
  <testcase name="asmAnnotationMetadataForInterface()" classname="org.springframework.core.type.AnnotationMetadataTests" time="0.028"/>
  <testcase name="asmAnnotationMetadata()" classname="org.springframework.core.type.AnnotationMetadataTests" time="0.027"/>
  <testcase name="metaAnnotationOverridesUsingStandardAnnotationMetadata()" classname="org.springframework.core.type.AnnotationMetadataTests" time="0.006"/>
  <testcase name="inheritedAnnotationWithMetaAnnotationsWithIdenticalAttributeNamesUsingAnnotationMetadataReadingVisitor()" classname="org.springframework.core.type.AnnotationMetadataTests" time="0.001"/>
  <testcase name="metaAnnotationOverridesUsingAnnotationMetadataReadingVisitor()" classname="org.springframework.core.type.AnnotationMetadataTests" time="0.001"/>
  <testcase name="standardAnnotationMetadataForSubclass()" classname="org.springframework.core.type.AnnotationMetadataTests" time="0.006"/>
  <testcase name="inheritedAnnotationWithMetaAnnotationsWithIdenticalAttributeNamesUsingStandardAnnotationMetadata()" classname="org.springframework.core.type.AnnotationMetadataTests" time="0.001"/>
  <testcase name="standardAnnotationMetadataForAnnotation()" classname="org.springframework.core.type.AnnotationMetadataTests" time="0.002"/>
  <testcase name="standardAnnotationMetadataForInterface()" classname="org.springframework.core.type.AnnotationMetadataTests" time="0.0"/>
  <testcase name="asmAnnotationMetadataForSubclass()" classname="org.springframework.core.type.AnnotationMetadataTests" time="0.001"/>
  <testcase name="standardAnnotationMetadata()" classname="org.springframework.core.type.AnnotationMetadataTests" time="0.008"/>
  <testcase name="standardAnnotationMetadata_nestedAnnotationsAsMap_false()" classname="org.springframework.core.type.AnnotationMetadataTests" time="0.002"/>
  <testcase name="asmAnnotationMetadataForAnnotation()" classname="org.springframework.core.type.AnnotationMetadataTests" time="0.001"/>
  <testcase name="composedAnnotationWithMetaAnnotationsWithIdenticalAttributeNamesUsingAnnotationMetadataReadingVisitor()" classname="org.springframework.core.type.AnnotationMetadataTests" time="0.001"/>
  <testcase name="multipleAnnotationsWithIdenticalAttributeNamesUsingAnnotationMetadataReadingVisitor()" classname="org.springframework.core.type.AnnotationMetadataTests" time="0.001"/>
  <system-out><![CDATA[]]></system-out>
  <system-err><![CDATA[]]></system-err>
</testsuite>
