<?xml version="1.0" encoding="UTF-8"?>
<testsuite name="org.springframework.core.codec.ByteArrayEncoderTests" tests="2" skipped="0" failures="0" errors="0" timestamp="2020-04-15T13:40:07" hostname="PandaroiddeiMac.local" time="0.107">
  <properties/>
  <testcase name="encode()" classname="org.springframework.core.codec.ByteArrayEncoderTests" time="0.106"/>
  <testcase name="canEncode()" classname="org.springframework.core.codec.ByteArrayEncoderTests" time="0.001"/>
  <system-out><![CDATA[]]></system-out>
  <system-err><![CDATA[]]></system-err>
</testsuite>
