<?xml version="1.0" encoding="UTF-8"?>
<testsuite name="org.springframework.core.io.buffer.LimitedDataBufferListTests" tests="3" skipped="0" failures="0" errors="0" timestamp="2020-04-15T13:40:19" hostname="PandaroiddeiMac.local" time="0.001">
  <properties/>
  <testcase name="limitEnforced()" classname="org.springframework.core.io.buffer.LimitedDataBufferListTests" time="0.0"/>
  <testcase name="limitIgnored()" classname="org.springframework.core.io.buffer.LimitedDataBufferListTests" time="0.0"/>
  <testcase name="clearResetsCount()" classname="org.springframework.core.io.buffer.LimitedDataBufferListTests" time="0.0"/>
  <system-out><![CDATA[]]></system-out>
  <system-err><![CDATA[]]></system-err>
</testsuite>
