<?xml version="1.0" encoding="UTF-8"?>
<testsuite name="org.springframework.orm.jpa.ContainerManagedEntityManagerIntegrationTests" tests="10" skipped="0" failures="0" errors="0" timestamp="2020-04-15T14:20:47" hostname="PandaroiddeiMac.local" time="0.391">
  <properties/>
  <testcase name="testEntityManagerProxyRejectsProgrammaticTxManagement()" classname="org.springframework.orm.jpa.ContainerManagedEntityManagerIntegrationTests" time="0.246"/>
  <testcase name="testContainerEntityManagerProxyAllowsJoinTransactionInTransaction()" classname="org.springframework.orm.jpa.ContainerManagedEntityManagerIntegrationTests" time="0.024"/>
  <testcase name="testExceptionTranslationWithDialectFoundOnIntroducedEntityManagerInfo()" classname="org.springframework.orm.jpa.ContainerManagedEntityManagerIntegrationTests" time="0.001"/>
  <testcase name="testExceptionTranslationWithDialectFoundOnEntityManagerFactoryBean()" classname="org.springframework.orm.jpa.ContainerManagedEntityManagerIntegrationTests" time="0.002"/>
  <testcase name="testCommitOccurs()" classname="org.springframework.orm.jpa.ContainerManagedEntityManagerIntegrationTests" time="0.034"/>
  <testcase name="testContainerEntityManagerProxyRejectsJoinTransactionWithoutTransaction()" classname="org.springframework.orm.jpa.ContainerManagedEntityManagerIntegrationTests" time="0.001"/>
  <testcase name="testEntityManagerProxyIsProxy()" classname="org.springframework.orm.jpa.ContainerManagedEntityManagerIntegrationTests" time="0.004"/>
  <testcase name="testRollbackOccurs()" classname="org.springframework.orm.jpa.ContainerManagedEntityManagerIntegrationTests" time="0.056"/>
  <testcase name="testReuseInNewTransaction()" classname="org.springframework.orm.jpa.ContainerManagedEntityManagerIntegrationTests" time="0.015"/>
  <testcase name="testInstantiateAndSave()" classname="org.springframework.orm.jpa.ContainerManagedEntityManagerIntegrationTests" time="0.003"/>
  <system-out><![CDATA[[EL Info]: 2020-04-15 22:20:47.313--ServerSession(1549088275)--EclipseLink, version: Eclipse Persistence Services - 2.7.6.v20200131-b7c997804f
[EL Warning]: metadata: 2020-04-15 22:20:47.313--ServerSession(1549088275)--Reverting the lazy setting on the OneToOne or ManyToOne attribute [driversLicense] for the entity class [class org.springframework.orm.jpa.domain.Person] since weaving was not enabled or did not occur.
[EL Info]: connection: 2020-04-15 22:20:47.314--ServerSession(1549088275)--/file:/Users/pandaroid/Dev/GitRepos/MyGitHub/PandaroidSpring/spring-framework-5.0.x/Spring-Framework/spring-orm/build/classes/java/test/_Person login successful
[EL Fine]: sql: 2020-04-15 22:20:47.403--ServerSession(1549088275)--Connection(1754985968)--SELECT * FROM SEQUENCE WHERE SEQ_NAME = 'SEQ_GEN'
[EL Fine]: sql: 2020-04-15 22:20:47.452--ClientSession(568850997)--Connection(927330080)--SELECT COUNT(0) FROM person
[EL Fine]: sql: 2020-04-15 22:20:47.454--ClientSession(568850997)--Connection(927330080)--UPDATE SEQUENCE SET SEQ_COUNT = SEQ_COUNT + ? WHERE SEQ_NAME = ?
	bind => [50, SEQ_GEN]
[EL Fine]: sql: 2020-04-15 22:20:47.456--ClientSession(568850997)--Connection(927330080)--SELECT SEQ_COUNT FROM SEQUENCE WHERE SEQ_NAME = ?
	bind => [SEQ_GEN]
[EL Fine]: sql: 2020-04-15 22:20:47.46--ClientSession(568850997)--Connection(927330080)--INSERT INTO PERSON (ID, FIRST_NAME, LAST_NAME, DRIVERS_LICENSE_ID) VALUES (?, ?, ?, ?)
	bind => [51, Tony, Blair, null]
[EL Fine]: sql: 2020-04-15 22:20:47.462--ClientSession(568850997)--Connection(927330080)--SELECT COUNT(0) FROM person
[EL Fine]: sql: 2020-04-15 22:20:47.476--ServerSession(1549088275)--Connection(1630672092)--SELECT COUNT(0) FROM person
[EL Fine]: sql: 2020-04-15 22:20:47.488--ServerSession(1549088275)--Connection(1144627818)--SELECT ID, FIRST_NAME, LAST_NAME, DRIVERS_LICENSE_ID FROM PERSON
[EL Fine]: sql: 2020-04-15 22:20:47.491--ClientSession(1944012530)--Connection(806097415)--SELECT COUNT(0) FROM person
[EL Fine]: sql: 2020-04-15 22:20:47.493--ClientSession(1944012530)--Connection(806097415)--INSERT INTO PERSON (ID, FIRST_NAME, LAST_NAME, DRIVERS_LICENSE_ID) VALUES (?, ?, ?, ?)
	bind => [52, Tony, Blair, null]
[EL Fine]: sql: 2020-04-15 22:20:47.544--ClientSession(1944012530)--Connection(806097415)--SELECT COUNT(0) FROM person
[EL Fine]: sql: 2020-04-15 22:20:47.546--ServerSession(1549088275)--Connection(1353629658)--SELECT COUNT(0) FROM person
[EL Fine]: sql: 2020-04-15 22:20:47.548--ClientSession(599259791)--Connection(2136118670)--SELECT COUNT(0) FROM person
[EL Fine]: sql: 2020-04-15 22:20:47.552--ClientSession(599259791)--Connection(2136118670)--INSERT INTO PERSON (ID, FIRST_NAME, LAST_NAME, DRIVERS_LICENSE_ID) VALUES (?, ?, ?, ?)
	bind => [53, Tony, Blair, null]
[EL Fine]: sql: 2020-04-15 22:20:47.553--ClientSession(599259791)--Connection(2136118670)--SELECT COUNT(0) FROM person
[EL Fine]: sql: 2020-04-15 22:20:47.556--ClientSession(131685464)--Connection(294121413)--SELECT COUNT(0) FROM person
[EL Fine]: sql: 2020-04-15 22:20:47.557--ClientSession(131685464)--Connection(294121413)--INSERT INTO PERSON (ID, FIRST_NAME, LAST_NAME, DRIVERS_LICENSE_ID) VALUES (?, ?, ?, ?)
	bind => [54, Tony, Blair, null]
[EL Fine]: sql: 2020-04-15 22:20:47.558--ClientSession(131685464)--Connection(294121413)--SELECT COUNT(0) FROM person
[EL Fine]: sql: 2020-04-15 22:20:47.56--ServerSession(1549088275)--Connection(1907441369)--SELECT COUNT(0) FROM person
[EL Fine]: sql: 2020-04-15 22:20:47.563--ClientSession(1971126084)--Connection(1655327080)--SELECT COUNT(0) FROM person
[EL Fine]: sql: 2020-04-15 22:20:47.564--ClientSession(1971126084)--Connection(1655327080)--INSERT INTO PERSON (ID, FIRST_NAME, LAST_NAME, DRIVERS_LICENSE_ID) VALUES (?, ?, ?, ?)
	bind => [55, Tony, Blair, null]
[EL Fine]: sql: 2020-04-15 22:20:47.565--ClientSession(1971126084)--Connection(1655327080)--SELECT COUNT(0) FROM person
[EL Info]: connection: 2020-04-15 22:20:47.566--ServerSession(1549088275)--/file:/Users/pandaroid/Dev/GitRepos/MyGitHub/PandaroidSpring/spring-framework-5.0.x/Spring-Framework/spring-orm/build/classes/java/test/_Person logout successful
]]></system-out>
  <system-err><![CDATA[]]></system-err>
</testsuite>
