<?xml version="1.0" encoding="UTF-8"?>
<testsuite name="org.springframework.transaction.config.AnnotationDrivenTests" tests="5" skipped="0" failures="0" errors="0" timestamp="2020-04-15T14:22:26" hostname="PandaroiddeiMac.local" time="1.53">
  <properties/>
  <testcase name="withProxyTargetClass()" classname="org.springframework.transaction.config.AnnotationDrivenTests" time="0.988"/>
  <testcase name="serializableWithoutPreviousUsage()" classname="org.springframework.transaction.config.AnnotationDrivenTests" time="0.118"/>
  <testcase name="withConfigurationClass()" classname="org.springframework.transaction.config.AnnotationDrivenTests" time="0.316"/>
  <testcase name="serializableWithPreviousUsage()" classname="org.springframework.transaction.config.AnnotationDrivenTests" time="0.04"/>
  <testcase name="withAnnotatedTransactionManagers()" classname="org.springframework.transaction.config.AnnotationDrivenTests" time="0.066"/>
  <system-out><![CDATA[]]></system-out>
  <system-err><![CDATA[]]></system-err>
</testsuite>
