<?xml version="1.0" encoding="UTF-8"?>
<testsuite name="org.springframework.transaction.annotation.AnnotationTransactionInterceptorTests" tests="16" skipped="0" failures="0" errors="0" timestamp="2020-04-15T14:22:31" hostname="PandaroiddeiMac.local" time="0.186">
  <properties/>
  <testcase name="withRollbackOnRuntimeException()" classname="org.springframework.transaction.annotation.AnnotationTransactionInterceptorTests" time="0.011"/>
  <testcase name="withVavrTrySuccess()" classname="org.springframework.transaction.annotation.AnnotationTransactionInterceptorTests" time="0.098"/>
  <testcase name="classLevelOnly()" classname="org.springframework.transaction.annotation.AnnotationTransactionInterceptorTests" time="0.008"/>
  <testcase name="withSingleMethodOverride()" classname="org.springframework.transaction.annotation.AnnotationTransactionInterceptorTests" time="0.008"/>
  <testcase name="withVavrTryCheckedExceptionAndRollbackRule()" classname="org.springframework.transaction.annotation.AnnotationTransactionInterceptorTests" time="0.006"/>
  <testcase name="withSingleMethodOverrideInverted()" classname="org.springframework.transaction.annotation.AnnotationTransactionInterceptorTests" time="0.007"/>
  <testcase name="withVavrTryCheckedException()" classname="org.springframework.transaction.annotation.AnnotationTransactionInterceptorTests" time="0.001"/>
  <testcase name="withVavrTryRuntimeException()" classname="org.springframework.transaction.annotation.AnnotationTransactionInterceptorTests" time="0.001"/>
  <testcase name="withRollbackOnCheckedExceptionAndRollbackRule()" classname="org.springframework.transaction.annotation.AnnotationTransactionInterceptorTests" time="0.002"/>
  <testcase name="withInterfaceOnTargetJdkProxy()" classname="org.springframework.transaction.annotation.AnnotationTransactionInterceptorTests" time="0.003"/>
  <testcase name="crossClassInterfaceMethodLevelOnJdkProxy()" classname="org.springframework.transaction.annotation.AnnotationTransactionInterceptorTests" time="0.003"/>
  <testcase name="withMultiMethodOverride()" classname="org.springframework.transaction.annotation.AnnotationTransactionInterceptorTests" time="0.009"/>
  <testcase name="withInterface()" classname="org.springframework.transaction.annotation.AnnotationTransactionInterceptorTests" time="0.0"/>
  <testcase name="withInterfaceOnTargetCglibProxy()" classname="org.springframework.transaction.annotation.AnnotationTransactionInterceptorTests" time="0.01"/>
  <testcase name="withCommitOnCheckedException()" classname="org.springframework.transaction.annotation.AnnotationTransactionInterceptorTests" time="0.001"/>
  <testcase name="crossClassInterfaceOnJdkProxy()" classname="org.springframework.transaction.annotation.AnnotationTransactionInterceptorTests" time="0.007"/>
  <system-out><![CDATA[]]></system-out>
  <system-err><![CDATA[]]></system-err>
</testsuite>
