<?xml version="1.0" encoding="UTF-8"?>
<testsuite name="org.springframework.transaction.annotation.AnnotationTransactionNamespaceHandlerTests" tests="5" skipped="0" failures="0" errors="0" timestamp="2020-04-15T14:22:30" hostname="PandaroiddeiMac.local" time="0.174">
  <properties/>
  <testcase name="invokeTransactional()" classname="org.springframework.transaction.annotation.AnnotationTransactionNamespaceHandlerTests" time="0.009"/>
  <testcase name="nonPublicMethodsNotAdvised()" classname="org.springframework.transaction.annotation.AnnotationTransactionNamespaceHandlerTests" time="0.001"/>
  <testcase name="transactionalEventListenerRegisteredProperly()" classname="org.springframework.transaction.annotation.AnnotationTransactionNamespaceHandlerTests" time="0.001"/>
  <testcase name="mBeanExportAlsoWorks()" classname="org.springframework.transaction.annotation.AnnotationTransactionNamespaceHandlerTests" time="0.004"/>
  <testcase name="isProxy()" classname="org.springframework.transaction.annotation.AnnotationTransactionNamespaceHandlerTests" time="0.002"/>
  <system-out><![CDATA[]]></system-out>
  <system-err><![CDATA[]]></system-err>
</testsuite>
