<?xml version="1.0" encoding="UTF-8"?>
<testsuite name="org.springframework.transaction.interceptor.RuleBasedTransactionAttributeTests" tests="9" skipped="0" failures="0" errors="0" timestamp="2020-04-15T14:22:32" hostname="PandaroiddeiMac.local" time="0.003">
  <properties/>
  <testcase name="testRuleForRollbackOnChecked()" classname="org.springframework.transaction.interceptor.RuleBasedTransactionAttributeTests" time="0.0"/>
  <testcase name="testConflictingRulesToDetermineExactContract()" classname="org.springframework.transaction.interceptor.RuleBasedTransactionAttributeTests" time="0.0"/>
  <testcase name="testRuleForCommitOnSubclassOfChecked()" classname="org.springframework.transaction.interceptor.RuleBasedTransactionAttributeTests" time="0.001"/>
  <testcase name="testDefaultRule()" classname="org.springframework.transaction.interceptor.RuleBasedTransactionAttributeTests" time="0.0"/>
  <testcase name="testToStringMatchesEditor()" classname="org.springframework.transaction.interceptor.RuleBasedTransactionAttributeTests" time="0.0"/>
  <testcase name="testRuleForSelectiveRollbackOnCheckedWithClass()" classname="org.springframework.transaction.interceptor.RuleBasedTransactionAttributeTests" time="0.001"/>
  <testcase name="testRollbackNever()" classname="org.springframework.transaction.interceptor.RuleBasedTransactionAttributeTests" time="0.0"/>
  <testcase name="testRuleForSelectiveRollbackOnCheckedWithString()" classname="org.springframework.transaction.interceptor.RuleBasedTransactionAttributeTests" time="0.0"/>
  <testcase name="testRuleForCommitOnUnchecked()" classname="org.springframework.transaction.interceptor.RuleBasedTransactionAttributeTests" time="0.0"/>
  <system-out><![CDATA[]]></system-out>
  <system-err><![CDATA[]]></system-err>
</testsuite>
