<?xml version="1.0" encoding="UTF-8"?>
<testsuite name="org.springframework.transaction.interceptor.BeanFactoryTransactionTests" tests="9" skipped="0" failures="0" errors="0" timestamp="2020-04-15T14:22:32" hostname="PandaroiddeiMac.local" time="0.394">
  <properties/>
  <testcase name="testGetsAreNotTransactionalWithProxyFactory2Cglib()" classname="org.springframework.transaction.interceptor.BeanFactoryTransactionTests" time="0.158"/>
  <testcase name="testGetsAreNotTransactionalWithProxyFactory1()" classname="org.springframework.transaction.interceptor.BeanFactoryTransactionTests" time="0.022"/>
  <testcase name="testGetsAreNotTransactionalWithProxyFactory3()" classname="org.springframework.transaction.interceptor.BeanFactoryTransactionTests" time="0.031"/>
  <testcase name="testGetBeansOfTypeWithAbstract()" classname="org.springframework.transaction.interceptor.BeanFactoryTransactionTests" time="0.082"/>
  <testcase name="testGetsAreNotTransactionalWithProxyFactory2DynamicProxy()" classname="org.springframework.transaction.interceptor.BeanFactoryTransactionTests" time="0.028"/>
  <testcase name="testDynamicTargetSource()" classname="org.springframework.transaction.interceptor.BeanFactoryTransactionTests" time="0.018"/>
  <testcase name="testNoTransactionAttributeSource()" classname="org.springframework.transaction.interceptor.BeanFactoryTransactionTests" time="0.017"/>
  <testcase name="testCglibTransactionProxyImplementsNoInterfaces()" classname="org.springframework.transaction.interceptor.BeanFactoryTransactionTests" time="0.029"/>
  <testcase name="testProxyFactory2Lazy()" classname="org.springframework.transaction.interceptor.BeanFactoryTransactionTests" time="0.007"/>
  <system-out><![CDATA[]]></system-out>
  <system-err><![CDATA[]]></system-err>
</testsuite>
