<?xml version="1.0" encoding="UTF-8"?>
<testsuite name="org.springframework.jca.cci.CciLocalTransactionTests" tests="2" skipped="0" failures="0" errors="0" timestamp="2020-04-15T14:22:33" hostname="PandaroiddeiMac.local" time="0.027">
  <properties/>
  <testcase name="testLocalTransactionRollback()" classname="org.springframework.jca.cci.CciLocalTransactionTests" time="0.025"/>
  <testcase name="testLocalTransactionCommit()" classname="org.springframework.jca.cci.CciLocalTransactionTests" time="0.002"/>
  <system-out><![CDATA[]]></system-out>
  <system-err><![CDATA[]]></system-err>
</testsuite>
