<?xml version="1.0" encoding="UTF-8"?>
<testsuite name="org.springframework.transaction.TxNamespaceHandlerTests" tests="3" skipped="0" failures="0" errors="0" timestamp="2020-04-15T14:22:31" hostname="PandaroiddeiMac.local" time="0.126">
  <properties/>
  <testcase name="rollbackRules()" classname="org.springframework.transaction.TxNamespaceHandlerTests" time="0.04"/>
  <testcase name="invokeTransactional()" classname="org.springframework.transaction.TxNamespaceHandlerTests" time="0.062"/>
  <testcase name="isProxy()" classname="org.springframework.transaction.TxNamespaceHandlerTests" time="0.023"/>
  <system-out><![CDATA[]]></system-out>
  <system-err><![CDATA[]]></system-err>
</testsuite>
