<?xml version="1.0" encoding="UTF-8"?>
<testsuite name="org.springframework.transaction.support.SimpleTransactionScopeTests" tests="2" skipped="0" failures="0" errors="0" timestamp="2020-04-15T14:22:31" hostname="PandaroiddeiMac.local" time="0.053">
  <properties/>
  <testcase name="getFromScope()" classname="org.springframework.transaction.support.SimpleTransactionScopeTests" time="0.048"/>
  <testcase name="getWithTransactionManager()" classname="org.springframework.transaction.support.SimpleTransactionScopeTests" time="0.004"/>
  <system-out><![CDATA[]]></system-out>
  <system-err><![CDATA[]]></system-err>
</testsuite>
